[2022-02-05 19:21:00,497] {processor.py:163} INFO - Started process (PID=39) to work on /opt/airflow/dags/beginner_batch_processing.py
[2022-02-05 19:21:00,498] {processor.py:642} INFO - Processing file /opt/airflow/dags/beginner_batch_processing.py for tasks to queue
[2022-02-05 19:21:00,499] {logging_mixin.py:109} INFO - [2022-02-05 19:21:00,499] {dagbag.py:500} INFO - Filling up the DagBag from /opt/airflow/dags/beginner_batch_processing.py
[2022-02-05 19:21:01,308] {processor.py:654} INFO - DAG(s) dict_keys(['beginner_batch_processing']) retrieved from /opt/airflow/dags/beginner_batch_processing.py
[2022-02-05 19:21:01,336] {logging_mixin.py:109} INFO - [2022-02-05 19:21:01,336] {dag.py:2396} INFO - Sync 1 DAGs
[2022-02-05 19:21:01,360] {logging_mixin.py:109} INFO - [2022-02-05 19:21:01,359] {dag.py:2935} INFO - Setting next_dagrun for beginner_batch_processing to 2022-02-05T00:00:00+00:00
[2022-02-05 19:21:01,371] {processor.py:171} INFO - Processing /opt/airflow/dags/beginner_batch_processing.py took 0.878 seconds
[2022-02-05 19:21:31,710] {processor.py:163} INFO - Started process (PID=92) to work on /opt/airflow/dags/beginner_batch_processing.py
[2022-02-05 19:21:31,711] {processor.py:642} INFO - Processing file /opt/airflow/dags/beginner_batch_processing.py for tasks to queue
[2022-02-05 19:21:31,711] {logging_mixin.py:109} INFO - [2022-02-05 19:21:31,711] {dagbag.py:500} INFO - Filling up the DagBag from /opt/airflow/dags/beginner_batch_processing.py
[2022-02-05 19:21:31,895] {processor.py:654} INFO - DAG(s) dict_keys(['beginner_batch_processing']) retrieved from /opt/airflow/dags/beginner_batch_processing.py
[2022-02-05 19:21:31,908] {logging_mixin.py:109} INFO - [2022-02-05 19:21:31,907] {dag.py:2396} INFO - Sync 1 DAGs
[2022-02-05 19:21:31,920] {logging_mixin.py:109} INFO - [2022-02-05 19:21:31,920] {dag.py:2935} INFO - Setting next_dagrun for beginner_batch_processing to 2022-02-05T00:00:00+00:00
[2022-02-05 19:21:31,927] {processor.py:171} INFO - Processing /opt/airflow/dags/beginner_batch_processing.py took 0.220 seconds
[2022-02-05 19:22:02,073] {processor.py:163} INFO - Started process (PID=153) to work on /opt/airflow/dags/beginner_batch_processing.py
[2022-02-05 19:22:02,074] {processor.py:642} INFO - Processing file /opt/airflow/dags/beginner_batch_processing.py for tasks to queue
[2022-02-05 19:22:02,075] {logging_mixin.py:109} INFO - [2022-02-05 19:22:02,075] {dagbag.py:500} INFO - Filling up the DagBag from /opt/airflow/dags/beginner_batch_processing.py
[2022-02-05 19:22:02,596] {processor.py:654} INFO - DAG(s) dict_keys(['beginner_batch_processing']) retrieved from /opt/airflow/dags/beginner_batch_processing.py
[2022-02-05 19:22:02,626] {logging_mixin.py:109} INFO - [2022-02-05 19:22:02,625] {dag.py:2396} INFO - Sync 1 DAGs
[2022-02-05 19:22:02,661] {logging_mixin.py:109} INFO - [2022-02-05 19:22:02,660] {dag.py:2935} INFO - Setting next_dagrun for beginner_batch_processing to 2022-02-05T00:00:00+00:00
[2022-02-05 19:22:02,676] {processor.py:171} INFO - Processing /opt/airflow/dags/beginner_batch_processing.py took 0.607 seconds
[2022-02-05 19:22:32,821] {processor.py:163} INFO - Started process (PID=212) to work on /opt/airflow/dags/beginner_batch_processing.py
[2022-02-05 19:22:32,826] {processor.py:642} INFO - Processing file /opt/airflow/dags/beginner_batch_processing.py for tasks to queue
[2022-02-05 19:22:32,827] {logging_mixin.py:109} INFO - [2022-02-05 19:22:32,827] {dagbag.py:500} INFO - Filling up the DagBag from /opt/airflow/dags/beginner_batch_processing.py
[2022-02-05 19:22:33,216] {processor.py:654} INFO - DAG(s) dict_keys(['beginner_batch_processing']) retrieved from /opt/airflow/dags/beginner_batch_processing.py
[2022-02-05 19:22:33,235] {logging_mixin.py:109} INFO - [2022-02-05 19:22:33,234] {dag.py:2396} INFO - Sync 1 DAGs
[2022-02-05 19:22:33,261] {logging_mixin.py:109} INFO - [2022-02-05 19:22:33,260] {dag.py:2935} INFO - Setting next_dagrun for beginner_batch_processing to 2022-02-05T00:00:00+00:00
[2022-02-05 19:22:33,276] {processor.py:171} INFO - Processing /opt/airflow/dags/beginner_batch_processing.py took 0.460 seconds
[2022-02-05 19:23:03,416] {processor.py:163} INFO - Started process (PID=262) to work on /opt/airflow/dags/beginner_batch_processing.py
[2022-02-05 19:23:03,417] {processor.py:642} INFO - Processing file /opt/airflow/dags/beginner_batch_processing.py for tasks to queue
[2022-02-05 19:23:03,418] {logging_mixin.py:109} INFO - [2022-02-05 19:23:03,418] {dagbag.py:500} INFO - Filling up the DagBag from /opt/airflow/dags/beginner_batch_processing.py
[2022-02-05 19:23:03,664] {processor.py:654} INFO - DAG(s) dict_keys(['beginner_batch_processing']) retrieved from /opt/airflow/dags/beginner_batch_processing.py
[2022-02-05 19:23:03,680] {logging_mixin.py:109} INFO - [2022-02-05 19:23:03,680] {dag.py:2396} INFO - Sync 1 DAGs
[2022-02-05 19:23:03,697] {logging_mixin.py:109} INFO - [2022-02-05 19:23:03,697] {dag.py:2935} INFO - Setting next_dagrun for beginner_batch_processing to 2022-02-05T00:00:00+00:00
[2022-02-05 19:23:03,707] {processor.py:171} INFO - Processing /opt/airflow/dags/beginner_batch_processing.py took 0.294 seconds
[2022-02-05 19:23:34,401] {processor.py:163} INFO - Started process (PID=325) to work on /opt/airflow/dags/beginner_batch_processing.py
[2022-02-05 19:23:34,403] {processor.py:642} INFO - Processing file /opt/airflow/dags/beginner_batch_processing.py for tasks to queue
[2022-02-05 19:23:34,404] {logging_mixin.py:109} INFO - [2022-02-05 19:23:34,404] {dagbag.py:500} INFO - Filling up the DagBag from /opt/airflow/dags/beginner_batch_processing.py
[2022-02-05 19:23:34,664] {processor.py:654} INFO - DAG(s) dict_keys(['beginner_batch_processing']) retrieved from /opt/airflow/dags/beginner_batch_processing.py
[2022-02-05 19:23:34,676] {logging_mixin.py:109} INFO - [2022-02-05 19:23:34,676] {dag.py:2396} INFO - Sync 1 DAGs
[2022-02-05 19:23:34,689] {logging_mixin.py:109} INFO - [2022-02-05 19:23:34,689] {dag.py:2935} INFO - Setting next_dagrun for beginner_batch_processing to 2022-02-05T00:00:00+00:00
[2022-02-05 19:23:34,698] {processor.py:171} INFO - Processing /opt/airflow/dags/beginner_batch_processing.py took 0.304 seconds
[2022-02-05 19:24:04,789] {processor.py:163} INFO - Started process (PID=380) to work on /opt/airflow/dags/beginner_batch_processing.py
[2022-02-05 19:24:04,790] {processor.py:642} INFO - Processing file /opt/airflow/dags/beginner_batch_processing.py for tasks to queue
[2022-02-05 19:24:04,791] {logging_mixin.py:109} INFO - [2022-02-05 19:24:04,790] {dagbag.py:500} INFO - Filling up the DagBag from /opt/airflow/dags/beginner_batch_processing.py
[2022-02-05 19:24:05,074] {processor.py:654} INFO - DAG(s) dict_keys(['beginner_batch_processing']) retrieved from /opt/airflow/dags/beginner_batch_processing.py
[2022-02-05 19:24:05,087] {logging_mixin.py:109} INFO - [2022-02-05 19:24:05,087] {dag.py:2396} INFO - Sync 1 DAGs
[2022-02-05 19:24:05,103] {logging_mixin.py:109} INFO - [2022-02-05 19:24:05,103] {dag.py:2935} INFO - Setting next_dagrun for beginner_batch_processing to 2022-02-05T00:00:00+00:00
[2022-02-05 19:24:05,112] {processor.py:171} INFO - Processing /opt/airflow/dags/beginner_batch_processing.py took 0.328 seconds
[2022-02-05 19:24:35,511] {processor.py:163} INFO - Started process (PID=440) to work on /opt/airflow/dags/beginner_batch_processing.py
[2022-02-05 19:24:35,514] {processor.py:642} INFO - Processing file /opt/airflow/dags/beginner_batch_processing.py for tasks to queue
[2022-02-05 19:24:35,515] {logging_mixin.py:109} INFO - [2022-02-05 19:24:35,514] {dagbag.py:500} INFO - Filling up the DagBag from /opt/airflow/dags/beginner_batch_processing.py
[2022-02-05 19:24:35,758] {processor.py:654} INFO - DAG(s) dict_keys(['beginner_batch_processing']) retrieved from /opt/airflow/dags/beginner_batch_processing.py
[2022-02-05 19:24:35,772] {logging_mixin.py:109} INFO - [2022-02-05 19:24:35,772] {dag.py:2396} INFO - Sync 1 DAGs
[2022-02-05 19:24:35,792] {logging_mixin.py:109} INFO - [2022-02-05 19:24:35,792] {dag.py:2935} INFO - Setting next_dagrun for beginner_batch_processing to 2022-02-05T00:00:00+00:00
[2022-02-05 19:24:35,802] {processor.py:171} INFO - Processing /opt/airflow/dags/beginner_batch_processing.py took 0.295 seconds
[2022-02-05 19:25:06,188] {processor.py:163} INFO - Started process (PID=494) to work on /opt/airflow/dags/beginner_batch_processing.py
[2022-02-05 19:25:06,190] {processor.py:642} INFO - Processing file /opt/airflow/dags/beginner_batch_processing.py for tasks to queue
[2022-02-05 19:25:06,190] {logging_mixin.py:109} INFO - [2022-02-05 19:25:06,190] {dagbag.py:500} INFO - Filling up the DagBag from /opt/airflow/dags/beginner_batch_processing.py
[2022-02-05 19:25:06,357] {processor.py:654} INFO - DAG(s) dict_keys(['beginner_batch_processing']) retrieved from /opt/airflow/dags/beginner_batch_processing.py
[2022-02-05 19:25:06,366] {logging_mixin.py:109} INFO - [2022-02-05 19:25:06,366] {dag.py:2396} INFO - Sync 1 DAGs
[2022-02-05 19:25:06,378] {logging_mixin.py:109} INFO - [2022-02-05 19:25:06,378] {dag.py:2935} INFO - Setting next_dagrun for beginner_batch_processing to 2022-02-05T00:00:00+00:00
[2022-02-05 19:25:06,385] {processor.py:171} INFO - Processing /opt/airflow/dags/beginner_batch_processing.py took 0.200 seconds
[2022-02-05 19:25:36,507] {processor.py:163} INFO - Started process (PID=557) to work on /opt/airflow/dags/beginner_batch_processing.py
[2022-02-05 19:25:36,508] {processor.py:642} INFO - Processing file /opt/airflow/dags/beginner_batch_processing.py for tasks to queue
[2022-02-05 19:25:36,509] {logging_mixin.py:109} INFO - [2022-02-05 19:25:36,509] {dagbag.py:500} INFO - Filling up the DagBag from /opt/airflow/dags/beginner_batch_processing.py
[2022-02-05 19:25:36,749] {processor.py:654} INFO - DAG(s) dict_keys(['beginner_batch_processing']) retrieved from /opt/airflow/dags/beginner_batch_processing.py
[2022-02-05 19:25:36,762] {logging_mixin.py:109} INFO - [2022-02-05 19:25:36,762] {dag.py:2396} INFO - Sync 1 DAGs
[2022-02-05 19:25:36,777] {logging_mixin.py:109} INFO - [2022-02-05 19:25:36,777] {dag.py:2935} INFO - Setting next_dagrun for beginner_batch_processing to 2022-02-05T00:00:00+00:00
[2022-02-05 19:25:36,787] {processor.py:171} INFO - Processing /opt/airflow/dags/beginner_batch_processing.py took 0.285 seconds
[2022-02-05 19:26:06,843] {processor.py:163} INFO - Started process (PID=610) to work on /opt/airflow/dags/beginner_batch_processing.py
[2022-02-05 19:26:06,844] {processor.py:642} INFO - Processing file /opt/airflow/dags/beginner_batch_processing.py for tasks to queue
[2022-02-05 19:26:06,845] {logging_mixin.py:109} INFO - [2022-02-05 19:26:06,845] {dagbag.py:500} INFO - Filling up the DagBag from /opt/airflow/dags/beginner_batch_processing.py
[2022-02-05 19:26:07,047] {processor.py:654} INFO - DAG(s) dict_keys(['beginner_batch_processing']) retrieved from /opt/airflow/dags/beginner_batch_processing.py
[2022-02-05 19:26:07,056] {logging_mixin.py:109} INFO - [2022-02-05 19:26:07,056] {dag.py:2396} INFO - Sync 1 DAGs
[2022-02-05 19:26:07,070] {logging_mixin.py:109} INFO - [2022-02-05 19:26:07,070] {dag.py:2935} INFO - Setting next_dagrun for beginner_batch_processing to 2022-02-05T00:00:00+00:00
[2022-02-05 19:26:07,080] {processor.py:171} INFO - Processing /opt/airflow/dags/beginner_batch_processing.py took 0.241 seconds
[2022-02-05 19:26:37,939] {processor.py:163} INFO - Started process (PID=663) to work on /opt/airflow/dags/beginner_batch_processing.py
[2022-02-05 19:26:37,941] {processor.py:642} INFO - Processing file /opt/airflow/dags/beginner_batch_processing.py for tasks to queue
[2022-02-05 19:26:37,941] {logging_mixin.py:109} INFO - [2022-02-05 19:26:37,941] {dagbag.py:500} INFO - Filling up the DagBag from /opt/airflow/dags/beginner_batch_processing.py
[2022-02-05 19:26:38,123] {processor.py:654} INFO - DAG(s) dict_keys(['beginner_batch_processing']) retrieved from /opt/airflow/dags/beginner_batch_processing.py
[2022-02-05 19:26:38,131] {logging_mixin.py:109} INFO - [2022-02-05 19:26:38,131] {dag.py:2396} INFO - Sync 1 DAGs
[2022-02-05 19:26:38,141] {logging_mixin.py:109} INFO - [2022-02-05 19:26:38,141] {dag.py:2935} INFO - Setting next_dagrun for beginner_batch_processing to 2022-02-05T00:00:00+00:00
[2022-02-05 19:26:38,150] {processor.py:171} INFO - Processing /opt/airflow/dags/beginner_batch_processing.py took 0.214 seconds
[2022-02-05 19:27:08,397] {processor.py:163} INFO - Started process (PID=726) to work on /opt/airflow/dags/beginner_batch_processing.py
[2022-02-05 19:27:08,400] {processor.py:642} INFO - Processing file /opt/airflow/dags/beginner_batch_processing.py for tasks to queue
[2022-02-05 19:27:08,400] {logging_mixin.py:109} INFO - [2022-02-05 19:27:08,400] {dagbag.py:500} INFO - Filling up the DagBag from /opt/airflow/dags/beginner_batch_processing.py
[2022-02-05 19:27:08,615] {processor.py:654} INFO - DAG(s) dict_keys(['beginner_batch_processing']) retrieved from /opt/airflow/dags/beginner_batch_processing.py
[2022-02-05 19:27:08,626] {logging_mixin.py:109} INFO - [2022-02-05 19:27:08,626] {dag.py:2396} INFO - Sync 1 DAGs
[2022-02-05 19:27:08,643] {logging_mixin.py:109} INFO - [2022-02-05 19:27:08,643] {dag.py:2935} INFO - Setting next_dagrun for beginner_batch_processing to 2022-02-05T00:00:00+00:00
[2022-02-05 19:27:08,652] {processor.py:171} INFO - Processing /opt/airflow/dags/beginner_batch_processing.py took 0.257 seconds
[2022-02-05 19:27:38,764] {processor.py:163} INFO - Started process (PID=778) to work on /opt/airflow/dags/beginner_batch_processing.py
[2022-02-05 19:27:38,765] {processor.py:642} INFO - Processing file /opt/airflow/dags/beginner_batch_processing.py for tasks to queue
[2022-02-05 19:27:38,765] {logging_mixin.py:109} INFO - [2022-02-05 19:27:38,765] {dagbag.py:500} INFO - Filling up the DagBag from /opt/airflow/dags/beginner_batch_processing.py
[2022-02-05 19:27:38,947] {processor.py:654} INFO - DAG(s) dict_keys(['beginner_batch_processing']) retrieved from /opt/airflow/dags/beginner_batch_processing.py
[2022-02-05 19:27:38,956] {logging_mixin.py:109} INFO - [2022-02-05 19:27:38,956] {dag.py:2396} INFO - Sync 1 DAGs
[2022-02-05 19:27:38,969] {logging_mixin.py:109} INFO - [2022-02-05 19:27:38,969] {dag.py:2935} INFO - Setting next_dagrun for beginner_batch_processing to 2022-02-05T00:00:00+00:00
[2022-02-05 19:27:38,976] {processor.py:171} INFO - Processing /opt/airflow/dags/beginner_batch_processing.py took 0.215 seconds
[2022-02-05 19:28:09,147] {processor.py:163} INFO - Started process (PID=841) to work on /opt/airflow/dags/beginner_batch_processing.py
[2022-02-05 19:28:09,152] {processor.py:642} INFO - Processing file /opt/airflow/dags/beginner_batch_processing.py for tasks to queue
[2022-02-05 19:28:09,153] {logging_mixin.py:109} INFO - [2022-02-05 19:28:09,153] {dagbag.py:500} INFO - Filling up the DagBag from /opt/airflow/dags/beginner_batch_processing.py
[2022-02-05 19:28:09,351] {processor.py:654} INFO - DAG(s) dict_keys(['beginner_batch_processing']) retrieved from /opt/airflow/dags/beginner_batch_processing.py
[2022-02-05 19:28:09,362] {logging_mixin.py:109} INFO - [2022-02-05 19:28:09,362] {dag.py:2396} INFO - Sync 1 DAGs
[2022-02-05 19:28:09,375] {logging_mixin.py:109} INFO - [2022-02-05 19:28:09,375] {dag.py:2935} INFO - Setting next_dagrun for beginner_batch_processing to 2022-02-05T00:00:00+00:00
[2022-02-05 19:28:09,383] {processor.py:171} INFO - Processing /opt/airflow/dags/beginner_batch_processing.py took 0.239 seconds
[2022-02-05 19:28:14,325] {processor.py:163} INFO - Started process (PID=844) to work on /opt/airflow/dags/beginner_batch_processing.py
[2022-02-05 19:28:14,327] {processor.py:642} INFO - Processing file /opt/airflow/dags/beginner_batch_processing.py for tasks to queue
[2022-02-05 19:28:14,328] {logging_mixin.py:109} INFO - [2022-02-05 19:28:14,327] {dagbag.py:500} INFO - Filling up the DagBag from /opt/airflow/dags/beginner_batch_processing.py
[2022-02-05 19:28:14,550] {processor.py:654} INFO - DAG(s) dict_keys(['beginner_batch_processing']) retrieved from /opt/airflow/dags/beginner_batch_processing.py
[2022-02-05 19:28:14,562] {logging_mixin.py:109} INFO - [2022-02-05 19:28:14,562] {dag.py:2396} INFO - Sync 1 DAGs
[2022-02-05 19:28:14,580] {logging_mixin.py:109} INFO - [2022-02-05 19:28:14,580] {dag.py:2935} INFO - Setting next_dagrun for beginner_batch_processing to 2022-02-05T00:00:00+00:00
[2022-02-05 19:28:14,592] {processor.py:171} INFO - Processing /opt/airflow/dags/beginner_batch_processing.py took 0.270 seconds
[2022-02-05 19:28:45,099] {processor.py:163} INFO - Started process (PID=907) to work on /opt/airflow/dags/beginner_batch_processing.py
[2022-02-05 19:28:45,101] {processor.py:642} INFO - Processing file /opt/airflow/dags/beginner_batch_processing.py for tasks to queue
[2022-02-05 19:28:45,101] {logging_mixin.py:109} INFO - [2022-02-05 19:28:45,101] {dagbag.py:500} INFO - Filling up the DagBag from /opt/airflow/dags/beginner_batch_processing.py
[2022-02-05 19:28:45,340] {processor.py:654} INFO - DAG(s) dict_keys(['beginner_batch_processing']) retrieved from /opt/airflow/dags/beginner_batch_processing.py
[2022-02-05 19:28:45,355] {logging_mixin.py:109} INFO - [2022-02-05 19:28:45,355] {dag.py:2396} INFO - Sync 1 DAGs
[2022-02-05 19:28:45,372] {logging_mixin.py:109} INFO - [2022-02-05 19:28:45,372] {dag.py:2935} INFO - Setting next_dagrun for beginner_batch_processing to 2022-02-05T00:00:00+00:00
[2022-02-05 19:28:45,382] {processor.py:171} INFO - Processing /opt/airflow/dags/beginner_batch_processing.py took 0.286 seconds
[2022-02-05 19:29:15,849] {processor.py:163} INFO - Started process (PID=960) to work on /opt/airflow/dags/beginner_batch_processing.py
[2022-02-05 19:29:15,852] {processor.py:642} INFO - Processing file /opt/airflow/dags/beginner_batch_processing.py for tasks to queue
[2022-02-05 19:29:15,852] {logging_mixin.py:109} INFO - [2022-02-05 19:29:15,852] {dagbag.py:500} INFO - Filling up the DagBag from /opt/airflow/dags/beginner_batch_processing.py
[2022-02-05 19:29:16,064] {processor.py:654} INFO - DAG(s) dict_keys(['beginner_batch_processing']) retrieved from /opt/airflow/dags/beginner_batch_processing.py
[2022-02-05 19:29:16,076] {logging_mixin.py:109} INFO - [2022-02-05 19:29:16,076] {dag.py:2396} INFO - Sync 1 DAGs
[2022-02-05 19:29:16,089] {logging_mixin.py:109} INFO - [2022-02-05 19:29:16,089] {dag.py:2935} INFO - Setting next_dagrun for beginner_batch_processing to 2022-02-05T00:00:00+00:00
[2022-02-05 19:29:16,098] {processor.py:171} INFO - Processing /opt/airflow/dags/beginner_batch_processing.py took 0.252 seconds
[2022-02-05 19:29:46,617] {processor.py:163} INFO - Started process (PID=1023) to work on /opt/airflow/dags/beginner_batch_processing.py
[2022-02-05 19:29:46,620] {processor.py:642} INFO - Processing file /opt/airflow/dags/beginner_batch_processing.py for tasks to queue
[2022-02-05 19:29:46,621] {logging_mixin.py:109} INFO - [2022-02-05 19:29:46,621] {dagbag.py:500} INFO - Filling up the DagBag from /opt/airflow/dags/beginner_batch_processing.py
[2022-02-05 19:29:46,915] {processor.py:654} INFO - DAG(s) dict_keys(['beginner_batch_processing']) retrieved from /opt/airflow/dags/beginner_batch_processing.py
[2022-02-05 19:29:46,931] {logging_mixin.py:109} INFO - [2022-02-05 19:29:46,931] {dag.py:2396} INFO - Sync 1 DAGs
[2022-02-05 19:29:46,955] {logging_mixin.py:109} INFO - [2022-02-05 19:29:46,955] {dag.py:2935} INFO - Setting next_dagrun for beginner_batch_processing to 2022-02-05T00:00:00+00:00
[2022-02-05 19:29:46,967] {processor.py:171} INFO - Processing /opt/airflow/dags/beginner_batch_processing.py took 0.355 seconds
[2022-02-05 19:30:17,143] {processor.py:163} INFO - Started process (PID=1075) to work on /opt/airflow/dags/beginner_batch_processing.py
[2022-02-05 19:30:17,145] {processor.py:642} INFO - Processing file /opt/airflow/dags/beginner_batch_processing.py for tasks to queue
[2022-02-05 19:30:17,146] {logging_mixin.py:109} INFO - [2022-02-05 19:30:17,146] {dagbag.py:500} INFO - Filling up the DagBag from /opt/airflow/dags/beginner_batch_processing.py
[2022-02-05 19:30:17,404] {processor.py:654} INFO - DAG(s) dict_keys(['beginner_batch_processing']) retrieved from /opt/airflow/dags/beginner_batch_processing.py
[2022-02-05 19:30:17,417] {logging_mixin.py:109} INFO - [2022-02-05 19:30:17,417] {dag.py:2396} INFO - Sync 1 DAGs
[2022-02-05 19:30:17,434] {logging_mixin.py:109} INFO - [2022-02-05 19:30:17,434] {dag.py:2935} INFO - Setting next_dagrun for beginner_batch_processing to 2022-02-05T00:00:00+00:00
[2022-02-05 19:30:17,446] {processor.py:171} INFO - Processing /opt/airflow/dags/beginner_batch_processing.py took 0.306 seconds
[2022-02-05 19:30:48,287] {processor.py:163} INFO - Started process (PID=1138) to work on /opt/airflow/dags/beginner_batch_processing.py
[2022-02-05 19:30:48,290] {processor.py:642} INFO - Processing file /opt/airflow/dags/beginner_batch_processing.py for tasks to queue
[2022-02-05 19:30:48,291] {logging_mixin.py:109} INFO - [2022-02-05 19:30:48,291] {dagbag.py:500} INFO - Filling up the DagBag from /opt/airflow/dags/beginner_batch_processing.py
[2022-02-05 19:30:48,501] {processor.py:654} INFO - DAG(s) dict_keys(['beginner_batch_processing']) retrieved from /opt/airflow/dags/beginner_batch_processing.py
[2022-02-05 19:30:48,512] {logging_mixin.py:109} INFO - [2022-02-05 19:30:48,512] {dag.py:2396} INFO - Sync 1 DAGs
[2022-02-05 19:30:48,526] {logging_mixin.py:109} INFO - [2022-02-05 19:30:48,526] {dag.py:2935} INFO - Setting next_dagrun for beginner_batch_processing to 2022-02-05T00:00:00+00:00
[2022-02-05 19:30:48,536] {processor.py:171} INFO - Processing /opt/airflow/dags/beginner_batch_processing.py took 0.254 seconds
[2022-02-05 19:31:18,750] {processor.py:163} INFO - Started process (PID=1191) to work on /opt/airflow/dags/beginner_batch_processing.py
[2022-02-05 19:31:18,751] {processor.py:642} INFO - Processing file /opt/airflow/dags/beginner_batch_processing.py for tasks to queue
[2022-02-05 19:31:18,751] {logging_mixin.py:109} INFO - [2022-02-05 19:31:18,751] {dagbag.py:500} INFO - Filling up the DagBag from /opt/airflow/dags/beginner_batch_processing.py
[2022-02-05 19:31:18,977] {processor.py:654} INFO - DAG(s) dict_keys(['beginner_batch_processing']) retrieved from /opt/airflow/dags/beginner_batch_processing.py
[2022-02-05 19:31:18,988] {logging_mixin.py:109} INFO - [2022-02-05 19:31:18,988] {dag.py:2396} INFO - Sync 1 DAGs
[2022-02-05 19:31:19,008] {logging_mixin.py:109} INFO - [2022-02-05 19:31:19,008] {dag.py:2935} INFO - Setting next_dagrun for beginner_batch_processing to 2022-02-05T00:00:00+00:00
[2022-02-05 19:31:19,019] {processor.py:171} INFO - Processing /opt/airflow/dags/beginner_batch_processing.py took 0.272 seconds
[2022-02-05 19:31:49,200] {processor.py:163} INFO - Started process (PID=1254) to work on /opt/airflow/dags/beginner_batch_processing.py
[2022-02-05 19:31:49,204] {processor.py:642} INFO - Processing file /opt/airflow/dags/beginner_batch_processing.py for tasks to queue
[2022-02-05 19:31:49,205] {logging_mixin.py:109} INFO - [2022-02-05 19:31:49,205] {dagbag.py:500} INFO - Filling up the DagBag from /opt/airflow/dags/beginner_batch_processing.py
[2022-02-05 19:31:49,483] {processor.py:654} INFO - DAG(s) dict_keys(['beginner_batch_processing']) retrieved from /opt/airflow/dags/beginner_batch_processing.py
[2022-02-05 19:31:49,498] {logging_mixin.py:109} INFO - [2022-02-05 19:31:49,498] {dag.py:2396} INFO - Sync 1 DAGs
[2022-02-05 19:31:49,516] {logging_mixin.py:109} INFO - [2022-02-05 19:31:49,516] {dag.py:2935} INFO - Setting next_dagrun for beginner_batch_processing to 2022-02-05T00:00:00+00:00
[2022-02-05 19:31:49,528] {processor.py:171} INFO - Processing /opt/airflow/dags/beginner_batch_processing.py took 0.332 seconds
[2022-02-05 19:32:20,083] {processor.py:163} INFO - Started process (PID=1312) to work on /opt/airflow/dags/beginner_batch_processing.py
[2022-02-05 19:32:20,086] {processor.py:642} INFO - Processing file /opt/airflow/dags/beginner_batch_processing.py for tasks to queue
[2022-02-05 19:32:20,087] {logging_mixin.py:109} INFO - [2022-02-05 19:32:20,086] {dagbag.py:500} INFO - Filling up the DagBag from /opt/airflow/dags/beginner_batch_processing.py
[2022-02-05 19:32:20,278] {processor.py:654} INFO - DAG(s) dict_keys(['beginner_batch_processing']) retrieved from /opt/airflow/dags/beginner_batch_processing.py
[2022-02-05 19:32:20,286] {logging_mixin.py:109} INFO - [2022-02-05 19:32:20,286] {dag.py:2396} INFO - Sync 1 DAGs
[2022-02-05 19:32:20,297] {logging_mixin.py:109} INFO - [2022-02-05 19:32:20,297] {dag.py:2935} INFO - Setting next_dagrun for beginner_batch_processing to 2022-02-05T00:00:00+00:00
[2022-02-05 19:32:20,305] {processor.py:171} INFO - Processing /opt/airflow/dags/beginner_batch_processing.py took 0.224 seconds
[2022-02-05 19:32:50,678] {processor.py:163} INFO - Started process (PID=1364) to work on /opt/airflow/dags/beginner_batch_processing.py
[2022-02-05 19:32:50,680] {processor.py:642} INFO - Processing file /opt/airflow/dags/beginner_batch_processing.py for tasks to queue
[2022-02-05 19:32:50,680] {logging_mixin.py:109} INFO - [2022-02-05 19:32:50,680] {dagbag.py:500} INFO - Filling up the DagBag from /opt/airflow/dags/beginner_batch_processing.py
[2022-02-05 19:32:50,932] {processor.py:654} INFO - DAG(s) dict_keys(['beginner_batch_processing']) retrieved from /opt/airflow/dags/beginner_batch_processing.py
[2022-02-05 19:32:50,942] {logging_mixin.py:109} INFO - [2022-02-05 19:32:50,942] {dag.py:2396} INFO - Sync 1 DAGs
[2022-02-05 19:32:50,955] {logging_mixin.py:109} INFO - [2022-02-05 19:32:50,955] {dag.py:2935} INFO - Setting next_dagrun for beginner_batch_processing to 2022-02-05T00:00:00+00:00
[2022-02-05 19:32:50,964] {processor.py:171} INFO - Processing /opt/airflow/dags/beginner_batch_processing.py took 0.289 seconds
[2022-02-05 19:33:21,103] {processor.py:163} INFO - Started process (PID=1426) to work on /opt/airflow/dags/beginner_batch_processing.py
[2022-02-05 19:33:21,105] {processor.py:642} INFO - Processing file /opt/airflow/dags/beginner_batch_processing.py for tasks to queue
[2022-02-05 19:33:21,106] {logging_mixin.py:109} INFO - [2022-02-05 19:33:21,105] {dagbag.py:500} INFO - Filling up the DagBag from /opt/airflow/dags/beginner_batch_processing.py
[2022-02-05 19:33:21,295] {processor.py:654} INFO - DAG(s) dict_keys(['beginner_batch_processing']) retrieved from /opt/airflow/dags/beginner_batch_processing.py
[2022-02-05 19:33:21,304] {logging_mixin.py:109} INFO - [2022-02-05 19:33:21,304] {dag.py:2396} INFO - Sync 1 DAGs
[2022-02-05 19:33:21,315] {logging_mixin.py:109} INFO - [2022-02-05 19:33:21,315] {dag.py:2935} INFO - Setting next_dagrun for beginner_batch_processing to 2022-02-05T00:00:00+00:00
[2022-02-05 19:33:21,322] {processor.py:171} INFO - Processing /opt/airflow/dags/beginner_batch_processing.py took 0.223 seconds
[2022-02-05 19:33:51,401] {processor.py:163} INFO - Started process (PID=1490) to work on /opt/airflow/dags/beginner_batch_processing.py
[2022-02-05 19:33:51,401] {processor.py:642} INFO - Processing file /opt/airflow/dags/beginner_batch_processing.py for tasks to queue
[2022-02-05 19:33:51,402] {logging_mixin.py:109} INFO - [2022-02-05 19:33:51,402] {dagbag.py:500} INFO - Filling up the DagBag from /opt/airflow/dags/beginner_batch_processing.py
[2022-02-05 19:33:51,600] {processor.py:654} INFO - DAG(s) dict_keys(['beginner_batch_processing']) retrieved from /opt/airflow/dags/beginner_batch_processing.py
[2022-02-05 19:33:51,608] {logging_mixin.py:109} INFO - [2022-02-05 19:33:51,608] {dag.py:2396} INFO - Sync 1 DAGs
[2022-02-05 19:33:51,618] {logging_mixin.py:109} INFO - [2022-02-05 19:33:51,618] {dag.py:2935} INFO - Setting next_dagrun for beginner_batch_processing to 2022-02-05T00:00:00+00:00
[2022-02-05 19:33:51,626] {processor.py:171} INFO - Processing /opt/airflow/dags/beginner_batch_processing.py took 0.228 seconds
[2022-02-05 19:34:22,586] {processor.py:163} INFO - Started process (PID=1542) to work on /opt/airflow/dags/beginner_batch_processing.py
[2022-02-05 19:34:22,589] {processor.py:642} INFO - Processing file /opt/airflow/dags/beginner_batch_processing.py for tasks to queue
[2022-02-05 19:34:22,590] {logging_mixin.py:109} INFO - [2022-02-05 19:34:22,590] {dagbag.py:500} INFO - Filling up the DagBag from /opt/airflow/dags/beginner_batch_processing.py
[2022-02-05 19:34:22,760] {processor.py:654} INFO - DAG(s) dict_keys(['beginner_batch_processing']) retrieved from /opt/airflow/dags/beginner_batch_processing.py
[2022-02-05 19:34:22,770] {logging_mixin.py:109} INFO - [2022-02-05 19:34:22,770] {dag.py:2396} INFO - Sync 1 DAGs
[2022-02-05 19:34:22,781] {logging_mixin.py:109} INFO - [2022-02-05 19:34:22,781] {dag.py:2935} INFO - Setting next_dagrun for beginner_batch_processing to 2022-02-05T00:00:00+00:00
[2022-02-05 19:34:22,789] {processor.py:171} INFO - Processing /opt/airflow/dags/beginner_batch_processing.py took 0.206 seconds
[2022-02-05 19:34:53,444] {processor.py:163} INFO - Started process (PID=1603) to work on /opt/airflow/dags/beginner_batch_processing.py
[2022-02-05 19:34:53,446] {processor.py:642} INFO - Processing file /opt/airflow/dags/beginner_batch_processing.py for tasks to queue
[2022-02-05 19:34:53,446] {logging_mixin.py:109} INFO - [2022-02-05 19:34:53,446] {dagbag.py:500} INFO - Filling up the DagBag from /opt/airflow/dags/beginner_batch_processing.py
[2022-02-05 19:34:53,635] {processor.py:654} INFO - DAG(s) dict_keys(['beginner_batch_processing']) retrieved from /opt/airflow/dags/beginner_batch_processing.py
[2022-02-05 19:34:53,644] {logging_mixin.py:109} INFO - [2022-02-05 19:34:53,644] {dag.py:2396} INFO - Sync 1 DAGs
[2022-02-05 19:34:53,656] {logging_mixin.py:109} INFO - [2022-02-05 19:34:53,656] {dag.py:2935} INFO - Setting next_dagrun for beginner_batch_processing to 2022-02-05T00:00:00+00:00
[2022-02-05 19:34:53,663] {processor.py:171} INFO - Processing /opt/airflow/dags/beginner_batch_processing.py took 0.222 seconds
[2022-02-05 19:35:23,747] {processor.py:163} INFO - Started process (PID=1655) to work on /opt/airflow/dags/beginner_batch_processing.py
[2022-02-05 19:35:23,749] {processor.py:642} INFO - Processing file /opt/airflow/dags/beginner_batch_processing.py for tasks to queue
[2022-02-05 19:35:23,749] {logging_mixin.py:109} INFO - [2022-02-05 19:35:23,749] {dagbag.py:500} INFO - Filling up the DagBag from /opt/airflow/dags/beginner_batch_processing.py
[2022-02-05 19:35:23,934] {processor.py:654} INFO - DAG(s) dict_keys(['beginner_batch_processing']) retrieved from /opt/airflow/dags/beginner_batch_processing.py
[2022-02-05 19:35:23,943] {logging_mixin.py:109} INFO - [2022-02-05 19:35:23,943] {dag.py:2396} INFO - Sync 1 DAGs
[2022-02-05 19:35:23,954] {logging_mixin.py:109} INFO - [2022-02-05 19:35:23,954] {dag.py:2935} INFO - Setting next_dagrun for beginner_batch_processing to 2022-02-05T00:00:00+00:00
[2022-02-05 19:35:23,962] {processor.py:171} INFO - Processing /opt/airflow/dags/beginner_batch_processing.py took 0.218 seconds
[2022-02-05 19:35:54,802] {processor.py:163} INFO - Started process (PID=1717) to work on /opt/airflow/dags/beginner_batch_processing.py
[2022-02-05 19:35:54,808] {processor.py:642} INFO - Processing file /opt/airflow/dags/beginner_batch_processing.py for tasks to queue
[2022-02-05 19:35:54,808] {logging_mixin.py:109} INFO - [2022-02-05 19:35:54,808] {dagbag.py:500} INFO - Filling up the DagBag from /opt/airflow/dags/beginner_batch_processing.py
[2022-02-05 19:35:55,069] {processor.py:654} INFO - DAG(s) dict_keys(['beginner_batch_processing']) retrieved from /opt/airflow/dags/beginner_batch_processing.py
[2022-02-05 19:35:55,083] {logging_mixin.py:109} INFO - [2022-02-05 19:35:55,083] {dag.py:2396} INFO - Sync 1 DAGs
[2022-02-05 19:35:55,102] {logging_mixin.py:109} INFO - [2022-02-05 19:35:55,102] {dag.py:2935} INFO - Setting next_dagrun for beginner_batch_processing to 2022-02-05T00:00:00+00:00
[2022-02-05 19:35:55,113] {processor.py:171} INFO - Processing /opt/airflow/dags/beginner_batch_processing.py took 0.314 seconds
[2022-02-05 19:36:25,959] {processor.py:163} INFO - Started process (PID=1770) to work on /opt/airflow/dags/beginner_batch_processing.py
[2022-02-05 19:36:25,963] {processor.py:642} INFO - Processing file /opt/airflow/dags/beginner_batch_processing.py for tasks to queue
[2022-02-05 19:36:25,963] {logging_mixin.py:109} INFO - [2022-02-05 19:36:25,963] {dagbag.py:500} INFO - Filling up the DagBag from /opt/airflow/dags/beginner_batch_processing.py
[2022-02-05 19:36:26,138] {processor.py:654} INFO - DAG(s) dict_keys(['beginner_batch_processing']) retrieved from /opt/airflow/dags/beginner_batch_processing.py
[2022-02-05 19:36:26,148] {logging_mixin.py:109} INFO - [2022-02-05 19:36:26,148] {dag.py:2396} INFO - Sync 1 DAGs
[2022-02-05 19:36:26,160] {logging_mixin.py:109} INFO - [2022-02-05 19:36:26,160] {dag.py:2935} INFO - Setting next_dagrun for beginner_batch_processing to 2022-02-05T00:00:00+00:00
[2022-02-05 19:36:26,169] {processor.py:171} INFO - Processing /opt/airflow/dags/beginner_batch_processing.py took 0.214 seconds
[2022-02-05 19:36:57,144] {processor.py:163} INFO - Started process (PID=1830) to work on /opt/airflow/dags/beginner_batch_processing.py
[2022-02-05 19:36:57,150] {processor.py:642} INFO - Processing file /opt/airflow/dags/beginner_batch_processing.py for tasks to queue
[2022-02-05 19:36:57,150] {logging_mixin.py:109} INFO - [2022-02-05 19:36:57,150] {dagbag.py:500} INFO - Filling up the DagBag from /opt/airflow/dags/beginner_batch_processing.py
[2022-02-05 19:36:57,331] {processor.py:654} INFO - DAG(s) dict_keys(['beginner_batch_processing']) retrieved from /opt/airflow/dags/beginner_batch_processing.py
[2022-02-05 19:36:57,339] {logging_mixin.py:109} INFO - [2022-02-05 19:36:57,339] {dag.py:2396} INFO - Sync 1 DAGs
[2022-02-05 19:36:57,353] {logging_mixin.py:109} INFO - [2022-02-05 19:36:57,352] {dag.py:2935} INFO - Setting next_dagrun for beginner_batch_processing to 2022-02-05T00:00:00+00:00
[2022-02-05 19:36:57,360] {processor.py:171} INFO - Processing /opt/airflow/dags/beginner_batch_processing.py took 0.219 seconds
[2022-02-05 19:37:27,434] {processor.py:163} INFO - Started process (PID=1893) to work on /opt/airflow/dags/beginner_batch_processing.py
[2022-02-05 19:37:27,436] {processor.py:642} INFO - Processing file /opt/airflow/dags/beginner_batch_processing.py for tasks to queue
[2022-02-05 19:37:27,437] {logging_mixin.py:109} INFO - [2022-02-05 19:37:27,437] {dagbag.py:500} INFO - Filling up the DagBag from /opt/airflow/dags/beginner_batch_processing.py
[2022-02-05 19:37:27,629] {processor.py:654} INFO - DAG(s) dict_keys(['beginner_batch_processing']) retrieved from /opt/airflow/dags/beginner_batch_processing.py
[2022-02-05 19:37:27,639] {logging_mixin.py:109} INFO - [2022-02-05 19:37:27,639] {dag.py:2396} INFO - Sync 1 DAGs
[2022-02-05 19:37:27,650] {logging_mixin.py:109} INFO - [2022-02-05 19:37:27,650] {dag.py:2935} INFO - Setting next_dagrun for beginner_batch_processing to 2022-02-05T00:00:00+00:00
[2022-02-05 19:37:27,658] {processor.py:171} INFO - Processing /opt/airflow/dags/beginner_batch_processing.py took 0.227 seconds
[2022-02-05 19:37:58,035] {processor.py:163} INFO - Started process (PID=1946) to work on /opt/airflow/dags/beginner_batch_processing.py
[2022-02-05 19:37:58,039] {processor.py:642} INFO - Processing file /opt/airflow/dags/beginner_batch_processing.py for tasks to queue
[2022-02-05 19:37:58,040] {logging_mixin.py:109} INFO - [2022-02-05 19:37:58,040] {dagbag.py:500} INFO - Filling up the DagBag from /opt/airflow/dags/beginner_batch_processing.py
[2022-02-05 19:37:58,322] {processor.py:654} INFO - DAG(s) dict_keys(['beginner_batch_processing']) retrieved from /opt/airflow/dags/beginner_batch_processing.py
[2022-02-05 19:37:58,336] {logging_mixin.py:109} INFO - [2022-02-05 19:37:58,336] {dag.py:2396} INFO - Sync 1 DAGs
[2022-02-05 19:37:58,357] {logging_mixin.py:109} INFO - [2022-02-05 19:37:58,357] {dag.py:2935} INFO - Setting next_dagrun for beginner_batch_processing to 2022-02-05T00:00:00+00:00
[2022-02-05 19:37:58,369] {processor.py:171} INFO - Processing /opt/airflow/dags/beginner_batch_processing.py took 0.339 seconds
[2022-02-05 19:38:28,697] {processor.py:163} INFO - Started process (PID=2009) to work on /opt/airflow/dags/beginner_batch_processing.py
[2022-02-05 19:38:28,698] {processor.py:642} INFO - Processing file /opt/airflow/dags/beginner_batch_processing.py for tasks to queue
[2022-02-05 19:38:28,699] {logging_mixin.py:109} INFO - [2022-02-05 19:38:28,699] {dagbag.py:500} INFO - Filling up the DagBag from /opt/airflow/dags/beginner_batch_processing.py
[2022-02-05 19:38:28,920] {processor.py:654} INFO - DAG(s) dict_keys(['beginner_batch_processing']) retrieved from /opt/airflow/dags/beginner_batch_processing.py
[2022-02-05 19:38:28,932] {logging_mixin.py:109} INFO - [2022-02-05 19:38:28,932] {dag.py:2396} INFO - Sync 1 DAGs
[2022-02-05 19:38:28,946] {logging_mixin.py:109} INFO - [2022-02-05 19:38:28,946] {dag.py:2935} INFO - Setting next_dagrun for beginner_batch_processing to 2022-02-05T00:00:00+00:00
[2022-02-05 19:38:28,956] {processor.py:171} INFO - Processing /opt/airflow/dags/beginner_batch_processing.py took 0.262 seconds
[2022-02-05 19:38:59,293] {processor.py:163} INFO - Started process (PID=2063) to work on /opt/airflow/dags/beginner_batch_processing.py
[2022-02-05 19:38:59,294] {processor.py:642} INFO - Processing file /opt/airflow/dags/beginner_batch_processing.py for tasks to queue
[2022-02-05 19:38:59,295] {logging_mixin.py:109} INFO - [2022-02-05 19:38:59,295] {dagbag.py:500} INFO - Filling up the DagBag from /opt/airflow/dags/beginner_batch_processing.py
[2022-02-05 19:38:59,500] {processor.py:654} INFO - DAG(s) dict_keys(['beginner_batch_processing']) retrieved from /opt/airflow/dags/beginner_batch_processing.py
[2022-02-05 19:38:59,513] {logging_mixin.py:109} INFO - [2022-02-05 19:38:59,513] {dag.py:2396} INFO - Sync 1 DAGs
[2022-02-05 19:38:59,528] {logging_mixin.py:109} INFO - [2022-02-05 19:38:59,528] {dag.py:2935} INFO - Setting next_dagrun for beginner_batch_processing to 2022-02-05T00:00:00+00:00
[2022-02-05 19:38:59,559] {processor.py:171} INFO - Processing /opt/airflow/dags/beginner_batch_processing.py took 0.269 seconds
[2022-02-05 19:39:29,802] {processor.py:163} INFO - Started process (PID=2116) to work on /opt/airflow/dags/beginner_batch_processing.py
[2022-02-05 19:39:29,803] {processor.py:642} INFO - Processing file /opt/airflow/dags/beginner_batch_processing.py for tasks to queue
[2022-02-05 19:39:29,804] {logging_mixin.py:109} INFO - [2022-02-05 19:39:29,804] {dagbag.py:500} INFO - Filling up the DagBag from /opt/airflow/dags/beginner_batch_processing.py
[2022-02-05 19:39:30,078] {processor.py:654} INFO - DAG(s) dict_keys(['beginner_batch_processing']) retrieved from /opt/airflow/dags/beginner_batch_processing.py
[2022-02-05 19:39:30,093] {logging_mixin.py:109} INFO - [2022-02-05 19:39:30,092] {dag.py:2396} INFO - Sync 1 DAGs
[2022-02-05 19:39:30,115] {logging_mixin.py:109} INFO - [2022-02-05 19:39:30,114] {dag.py:2935} INFO - Setting next_dagrun for beginner_batch_processing to 2022-02-05T00:00:00+00:00
[2022-02-05 19:39:30,125] {processor.py:171} INFO - Processing /opt/airflow/dags/beginner_batch_processing.py took 0.326 seconds
[2022-02-05 19:39:49,517] {processor.py:163} INFO - Started process (PID=2168) to work on /opt/airflow/dags/beginner_batch_processing.py
[2022-02-05 19:39:49,522] {processor.py:642} INFO - Processing file /opt/airflow/dags/beginner_batch_processing.py for tasks to queue
[2022-02-05 19:39:49,524] {logging_mixin.py:109} INFO - [2022-02-05 19:39:49,524] {dagbag.py:500} INFO - Filling up the DagBag from /opt/airflow/dags/beginner_batch_processing.py
[2022-02-05 19:39:50,151] {processor.py:654} INFO - DAG(s) dict_keys(['beginner_batch_processing']) retrieved from /opt/airflow/dags/beginner_batch_processing.py
[2022-02-05 19:39:50,479] {logging_mixin.py:109} INFO - [2022-02-05 19:39:50,478] {dag.py:2396} INFO - Sync 1 DAGs
[2022-02-05 19:39:50,500] {logging_mixin.py:109} INFO - [2022-02-05 19:39:50,500] {dag.py:2935} INFO - Setting next_dagrun for beginner_batch_processing to 2022-02-05T00:00:00+00:00
[2022-02-05 19:39:50,520] {processor.py:171} INFO - Processing /opt/airflow/dags/beginner_batch_processing.py took 1.018 seconds
[2022-02-05 19:40:20,745] {processor.py:163} INFO - Started process (PID=2228) to work on /opt/airflow/dags/beginner_batch_processing.py
[2022-02-05 19:40:20,747] {processor.py:642} INFO - Processing file /opt/airflow/dags/beginner_batch_processing.py for tasks to queue
[2022-02-05 19:40:20,748] {logging_mixin.py:109} INFO - [2022-02-05 19:40:20,748] {dagbag.py:500} INFO - Filling up the DagBag from /opt/airflow/dags/beginner_batch_processing.py
[2022-02-05 19:40:21,076] {processor.py:654} INFO - DAG(s) dict_keys(['beginner_batch_processing']) retrieved from /opt/airflow/dags/beginner_batch_processing.py
[2022-02-05 19:40:21,092] {logging_mixin.py:109} INFO - [2022-02-05 19:40:21,092] {dag.py:2396} INFO - Sync 1 DAGs
[2022-02-05 19:40:21,115] {logging_mixin.py:109} INFO - [2022-02-05 19:40:21,115] {dag.py:2935} INFO - Setting next_dagrun for beginner_batch_processing to 2022-02-05T00:00:00+00:00
[2022-02-05 19:40:21,128] {processor.py:171} INFO - Processing /opt/airflow/dags/beginner_batch_processing.py took 0.387 seconds
[2022-02-05 19:40:51,748] {processor.py:163} INFO - Started process (PID=2291) to work on /opt/airflow/dags/beginner_batch_processing.py
[2022-02-05 19:40:51,750] {processor.py:642} INFO - Processing file /opt/airflow/dags/beginner_batch_processing.py for tasks to queue
[2022-02-05 19:40:51,751] {logging_mixin.py:109} INFO - [2022-02-05 19:40:51,751] {dagbag.py:500} INFO - Filling up the DagBag from /opt/airflow/dags/beginner_batch_processing.py
[2022-02-05 19:40:52,201] {processor.py:654} INFO - DAG(s) dict_keys(['beginner_batch_processing']) retrieved from /opt/airflow/dags/beginner_batch_processing.py
[2022-02-05 19:40:52,223] {logging_mixin.py:109} INFO - [2022-02-05 19:40:52,223] {dag.py:2396} INFO - Sync 1 DAGs
[2022-02-05 19:40:52,253] {logging_mixin.py:109} INFO - [2022-02-05 19:40:52,253] {dag.py:2935} INFO - Setting next_dagrun for beginner_batch_processing to 2022-02-05T00:00:00+00:00
[2022-02-05 19:40:52,269] {processor.py:171} INFO - Processing /opt/airflow/dags/beginner_batch_processing.py took 0.526 seconds
[2022-02-05 19:41:22,592] {processor.py:163} INFO - Started process (PID=2344) to work on /opt/airflow/dags/beginner_batch_processing.py
[2022-02-05 19:41:22,620] {processor.py:642} INFO - Processing file /opt/airflow/dags/beginner_batch_processing.py for tasks to queue
[2022-02-05 19:41:22,620] {logging_mixin.py:109} INFO - [2022-02-05 19:41:22,620] {dagbag.py:500} INFO - Filling up the DagBag from /opt/airflow/dags/beginner_batch_processing.py
[2022-02-05 19:41:22,795] {processor.py:654} INFO - DAG(s) dict_keys(['beginner_batch_processing']) retrieved from /opt/airflow/dags/beginner_batch_processing.py
[2022-02-05 19:41:22,804] {logging_mixin.py:109} INFO - [2022-02-05 19:41:22,804] {dag.py:2396} INFO - Sync 1 DAGs
[2022-02-05 19:41:22,817] {logging_mixin.py:109} INFO - [2022-02-05 19:41:22,817] {dag.py:2935} INFO - Setting next_dagrun for beginner_batch_processing to 2022-02-05T00:00:00+00:00
[2022-02-05 19:41:22,825] {processor.py:171} INFO - Processing /opt/airflow/dags/beginner_batch_processing.py took 0.236 seconds
[2022-02-05 19:41:53,267] {processor.py:163} INFO - Started process (PID=2406) to work on /opt/airflow/dags/beginner_batch_processing.py
[2022-02-05 19:41:53,272] {processor.py:642} INFO - Processing file /opt/airflow/dags/beginner_batch_processing.py for tasks to queue
[2022-02-05 19:41:53,273] {logging_mixin.py:109} INFO - [2022-02-05 19:41:53,273] {dagbag.py:500} INFO - Filling up the DagBag from /opt/airflow/dags/beginner_batch_processing.py
[2022-02-05 19:41:53,448] {processor.py:654} INFO - DAG(s) dict_keys(['beginner_batch_processing']) retrieved from /opt/airflow/dags/beginner_batch_processing.py
[2022-02-05 19:41:53,457] {logging_mixin.py:109} INFO - [2022-02-05 19:41:53,457] {dag.py:2396} INFO - Sync 1 DAGs
[2022-02-05 19:41:53,470] {logging_mixin.py:109} INFO - [2022-02-05 19:41:53,470] {dag.py:2935} INFO - Setting next_dagrun for beginner_batch_processing to 2022-02-05T00:00:00+00:00
[2022-02-05 19:41:53,482] {processor.py:171} INFO - Processing /opt/airflow/dags/beginner_batch_processing.py took 0.218 seconds
[2022-02-05 19:42:23,777] {processor.py:163} INFO - Started process (PID=2458) to work on /opt/airflow/dags/beginner_batch_processing.py
[2022-02-05 19:42:23,780] {processor.py:642} INFO - Processing file /opt/airflow/dags/beginner_batch_processing.py for tasks to queue
[2022-02-05 19:42:23,782] {logging_mixin.py:109} INFO - [2022-02-05 19:42:23,781] {dagbag.py:500} INFO - Filling up the DagBag from /opt/airflow/dags/beginner_batch_processing.py
[2022-02-05 19:42:24,237] {processor.py:654} INFO - DAG(s) dict_keys(['beginner_batch_processing']) retrieved from /opt/airflow/dags/beginner_batch_processing.py
[2022-02-05 19:42:24,259] {logging_mixin.py:109} INFO - [2022-02-05 19:42:24,259] {dag.py:2396} INFO - Sync 1 DAGs
[2022-02-05 19:42:24,296] {logging_mixin.py:109} INFO - [2022-02-05 19:42:24,296] {dag.py:2935} INFO - Setting next_dagrun for beginner_batch_processing to 2022-02-05T00:00:00+00:00
[2022-02-05 19:42:24,322] {processor.py:171} INFO - Processing /opt/airflow/dags/beginner_batch_processing.py took 0.550 seconds
[2022-02-05 19:42:54,390] {processor.py:163} INFO - Started process (PID=2521) to work on /opt/airflow/dags/beginner_batch_processing.py
[2022-02-05 19:42:54,391] {processor.py:642} INFO - Processing file /opt/airflow/dags/beginner_batch_processing.py for tasks to queue
[2022-02-05 19:42:54,392] {logging_mixin.py:109} INFO - [2022-02-05 19:42:54,392] {dagbag.py:500} INFO - Filling up the DagBag from /opt/airflow/dags/beginner_batch_processing.py
[2022-02-05 19:42:54,600] {processor.py:654} INFO - DAG(s) dict_keys(['beginner_batch_processing']) retrieved from /opt/airflow/dags/beginner_batch_processing.py
[2022-02-05 19:42:54,612] {logging_mixin.py:109} INFO - [2022-02-05 19:42:54,612] {dag.py:2396} INFO - Sync 1 DAGs
[2022-02-05 19:42:54,625] {logging_mixin.py:109} INFO - [2022-02-05 19:42:54,625] {dag.py:2935} INFO - Setting next_dagrun for beginner_batch_processing to 2022-02-05T00:00:00+00:00
[2022-02-05 19:42:54,633] {processor.py:171} INFO - Processing /opt/airflow/dags/beginner_batch_processing.py took 0.246 seconds
[2022-02-05 19:43:25,252] {processor.py:163} INFO - Started process (PID=2573) to work on /opt/airflow/dags/beginner_batch_processing.py
[2022-02-05 19:43:25,255] {processor.py:642} INFO - Processing file /opt/airflow/dags/beginner_batch_processing.py for tasks to queue
[2022-02-05 19:43:25,256] {logging_mixin.py:109} INFO - [2022-02-05 19:43:25,256] {dagbag.py:500} INFO - Filling up the DagBag from /opt/airflow/dags/beginner_batch_processing.py
[2022-02-05 19:43:25,604] {processor.py:654} INFO - DAG(s) dict_keys(['beginner_batch_processing']) retrieved from /opt/airflow/dags/beginner_batch_processing.py
[2022-02-05 19:43:25,623] {logging_mixin.py:109} INFO - [2022-02-05 19:43:25,623] {dag.py:2396} INFO - Sync 1 DAGs
[2022-02-05 19:43:25,645] {logging_mixin.py:109} INFO - [2022-02-05 19:43:25,645] {dag.py:2935} INFO - Setting next_dagrun for beginner_batch_processing to 2022-02-05T00:00:00+00:00
[2022-02-05 19:43:25,673] {processor.py:171} INFO - Processing /opt/airflow/dags/beginner_batch_processing.py took 0.426 seconds
[2022-02-05 19:43:55,813] {processor.py:163} INFO - Started process (PID=2640) to work on /opt/airflow/dags/beginner_batch_processing.py
[2022-02-05 19:43:55,814] {processor.py:642} INFO - Processing file /opt/airflow/dags/beginner_batch_processing.py for tasks to queue
[2022-02-05 19:43:55,815] {logging_mixin.py:109} INFO - [2022-02-05 19:43:55,815] {dagbag.py:500} INFO - Filling up the DagBag from /opt/airflow/dags/beginner_batch_processing.py
[2022-02-05 19:43:55,984] {processor.py:654} INFO - DAG(s) dict_keys(['beginner_batch_processing']) retrieved from /opt/airflow/dags/beginner_batch_processing.py
[2022-02-05 19:43:55,992] {logging_mixin.py:109} INFO - [2022-02-05 19:43:55,992] {dag.py:2396} INFO - Sync 1 DAGs
[2022-02-05 19:43:56,003] {logging_mixin.py:109} INFO - [2022-02-05 19:43:56,002] {dag.py:2935} INFO - Setting next_dagrun for beginner_batch_processing to 2022-02-05T00:00:00+00:00
[2022-02-05 19:43:56,012] {processor.py:171} INFO - Processing /opt/airflow/dags/beginner_batch_processing.py took 0.202 seconds
[2022-02-05 19:44:26,125] {processor.py:163} INFO - Started process (PID=2695) to work on /opt/airflow/dags/beginner_batch_processing.py
[2022-02-05 19:44:26,126] {processor.py:642} INFO - Processing file /opt/airflow/dags/beginner_batch_processing.py for tasks to queue
[2022-02-05 19:44:26,126] {logging_mixin.py:109} INFO - [2022-02-05 19:44:26,126] {dagbag.py:500} INFO - Filling up the DagBag from /opt/airflow/dags/beginner_batch_processing.py
[2022-02-05 19:44:26,304] {processor.py:654} INFO - DAG(s) dict_keys(['beginner_batch_processing']) retrieved from /opt/airflow/dags/beginner_batch_processing.py
[2022-02-05 19:44:26,313] {logging_mixin.py:109} INFO - [2022-02-05 19:44:26,312] {dag.py:2396} INFO - Sync 1 DAGs
[2022-02-05 19:44:26,323] {logging_mixin.py:109} INFO - [2022-02-05 19:44:26,323] {dag.py:2935} INFO - Setting next_dagrun for beginner_batch_processing to 2022-02-05T00:00:00+00:00
[2022-02-05 19:44:26,330] {processor.py:171} INFO - Processing /opt/airflow/dags/beginner_batch_processing.py took 0.209 seconds
[2022-02-05 19:44:57,159] {processor.py:163} INFO - Started process (PID=2757) to work on /opt/airflow/dags/beginner_batch_processing.py
[2022-02-05 19:44:57,162] {processor.py:642} INFO - Processing file /opt/airflow/dags/beginner_batch_processing.py for tasks to queue
[2022-02-05 19:44:57,162] {logging_mixin.py:109} INFO - [2022-02-05 19:44:57,162] {dagbag.py:500} INFO - Filling up the DagBag from /opt/airflow/dags/beginner_batch_processing.py
[2022-02-05 19:44:57,277] {processor.py:654} INFO - DAG(s) dict_keys(['beginner_batch_processing']) retrieved from /opt/airflow/dags/beginner_batch_processing.py
[2022-02-05 19:44:57,287] {logging_mixin.py:109} INFO - [2022-02-05 19:44:57,287] {dag.py:2396} INFO - Sync 1 DAGs
[2022-02-05 19:44:57,298] {logging_mixin.py:109} INFO - [2022-02-05 19:44:57,298] {dag.py:2935} INFO - Setting next_dagrun for beginner_batch_processing to 2022-02-05T00:00:00+00:00
[2022-02-05 19:44:57,307] {processor.py:171} INFO - Processing /opt/airflow/dags/beginner_batch_processing.py took 0.150 seconds
[2022-02-05 19:45:27,977] {processor.py:163} INFO - Started process (PID=2809) to work on /opt/airflow/dags/beginner_batch_processing.py
[2022-02-05 19:45:27,978] {processor.py:642} INFO - Processing file /opt/airflow/dags/beginner_batch_processing.py for tasks to queue
[2022-02-05 19:45:27,978] {logging_mixin.py:109} INFO - [2022-02-05 19:45:27,978] {dagbag.py:500} INFO - Filling up the DagBag from /opt/airflow/dags/beginner_batch_processing.py
[2022-02-05 19:45:28,080] {processor.py:654} INFO - DAG(s) dict_keys(['beginner_batch_processing']) retrieved from /opt/airflow/dags/beginner_batch_processing.py
[2022-02-05 19:45:28,089] {logging_mixin.py:109} INFO - [2022-02-05 19:45:28,089] {dag.py:2396} INFO - Sync 1 DAGs
[2022-02-05 19:45:28,100] {logging_mixin.py:109} INFO - [2022-02-05 19:45:28,100] {dag.py:2935} INFO - Setting next_dagrun for beginner_batch_processing to 2022-02-05T00:00:00+00:00
[2022-02-05 19:45:28,110] {processor.py:171} INFO - Processing /opt/airflow/dags/beginner_batch_processing.py took 0.136 seconds
[2022-02-05 19:45:58,823] {processor.py:163} INFO - Started process (PID=2872) to work on /opt/airflow/dags/beginner_batch_processing.py
[2022-02-05 19:45:58,826] {processor.py:642} INFO - Processing file /opt/airflow/dags/beginner_batch_processing.py for tasks to queue
[2022-02-05 19:45:58,826] {logging_mixin.py:109} INFO - [2022-02-05 19:45:58,826] {dagbag.py:500} INFO - Filling up the DagBag from /opt/airflow/dags/beginner_batch_processing.py
[2022-02-05 19:45:58,942] {processor.py:654} INFO - DAG(s) dict_keys(['beginner_batch_processing']) retrieved from /opt/airflow/dags/beginner_batch_processing.py
[2022-02-05 19:45:58,952] {logging_mixin.py:109} INFO - [2022-02-05 19:45:58,952] {dag.py:2396} INFO - Sync 1 DAGs
[2022-02-05 19:45:58,966] {logging_mixin.py:109} INFO - [2022-02-05 19:45:58,966] {dag.py:2935} INFO - Setting next_dagrun for beginner_batch_processing to 2022-02-05T00:00:00+00:00
[2022-02-05 19:45:58,974] {processor.py:171} INFO - Processing /opt/airflow/dags/beginner_batch_processing.py took 0.153 seconds
[2022-02-05 19:46:29,666] {processor.py:163} INFO - Started process (PID=2933) to work on /opt/airflow/dags/beginner_batch_processing.py
[2022-02-05 19:46:29,667] {processor.py:642} INFO - Processing file /opt/airflow/dags/beginner_batch_processing.py for tasks to queue
[2022-02-05 19:46:29,668] {logging_mixin.py:109} INFO - [2022-02-05 19:46:29,667] {dagbag.py:500} INFO - Filling up the DagBag from /opt/airflow/dags/beginner_batch_processing.py
[2022-02-05 19:46:29,777] {processor.py:654} INFO - DAG(s) dict_keys(['beginner_batch_processing']) retrieved from /opt/airflow/dags/beginner_batch_processing.py
[2022-02-05 19:46:29,786] {logging_mixin.py:109} INFO - [2022-02-05 19:46:29,786] {dag.py:2396} INFO - Sync 1 DAGs
[2022-02-05 19:46:29,797] {logging_mixin.py:109} INFO - [2022-02-05 19:46:29,797] {dag.py:2935} INFO - Setting next_dagrun for beginner_batch_processing to 2022-02-05T00:00:00+00:00
[2022-02-05 19:46:29,807] {processor.py:171} INFO - Processing /opt/airflow/dags/beginner_batch_processing.py took 0.144 seconds
[2022-02-05 19:47:00,446] {processor.py:163} INFO - Started process (PID=2985) to work on /opt/airflow/dags/beginner_batch_processing.py
[2022-02-05 19:47:00,447] {processor.py:642} INFO - Processing file /opt/airflow/dags/beginner_batch_processing.py for tasks to queue
[2022-02-05 19:47:00,448] {logging_mixin.py:109} INFO - [2022-02-05 19:47:00,448] {dagbag.py:500} INFO - Filling up the DagBag from /opt/airflow/dags/beginner_batch_processing.py
[2022-02-05 19:47:00,598] {processor.py:654} INFO - DAG(s) dict_keys(['beginner_batch_processing']) retrieved from /opt/airflow/dags/beginner_batch_processing.py
[2022-02-05 19:47:00,612] {logging_mixin.py:109} INFO - [2022-02-05 19:47:00,612] {dag.py:2396} INFO - Sync 1 DAGs
[2022-02-05 19:47:00,631] {logging_mixin.py:109} INFO - [2022-02-05 19:47:00,631] {dag.py:2935} INFO - Setting next_dagrun for beginner_batch_processing to 2022-02-05T00:00:00+00:00
[2022-02-05 19:47:00,644] {processor.py:171} INFO - Processing /opt/airflow/dags/beginner_batch_processing.py took 0.201 seconds
[2022-02-05 19:47:31,331] {processor.py:163} INFO - Started process (PID=3046) to work on /opt/airflow/dags/beginner_batch_processing.py
[2022-02-05 19:47:31,333] {processor.py:642} INFO - Processing file /opt/airflow/dags/beginner_batch_processing.py for tasks to queue
[2022-02-05 19:47:31,334] {logging_mixin.py:109} INFO - [2022-02-05 19:47:31,334] {dagbag.py:500} INFO - Filling up the DagBag from /opt/airflow/dags/beginner_batch_processing.py
[2022-02-05 19:47:31,445] {processor.py:654} INFO - DAG(s) dict_keys(['beginner_batch_processing']) retrieved from /opt/airflow/dags/beginner_batch_processing.py
[2022-02-05 19:47:31,456] {logging_mixin.py:109} INFO - [2022-02-05 19:47:31,456] {dag.py:2396} INFO - Sync 1 DAGs
[2022-02-05 19:47:31,468] {logging_mixin.py:109} INFO - [2022-02-05 19:47:31,468] {dag.py:2935} INFO - Setting next_dagrun for beginner_batch_processing to 2022-02-05T00:00:00+00:00
[2022-02-05 19:47:31,476] {processor.py:171} INFO - Processing /opt/airflow/dags/beginner_batch_processing.py took 0.148 seconds
[2022-02-05 19:48:02,235] {processor.py:163} INFO - Started process (PID=3099) to work on /opt/airflow/dags/beginner_batch_processing.py
[2022-02-05 19:48:02,236] {processor.py:642} INFO - Processing file /opt/airflow/dags/beginner_batch_processing.py for tasks to queue
[2022-02-05 19:48:02,237] {logging_mixin.py:109} INFO - [2022-02-05 19:48:02,237] {dagbag.py:500} INFO - Filling up the DagBag from /opt/airflow/dags/beginner_batch_processing.py
[2022-02-05 19:48:02,358] {processor.py:654} INFO - DAG(s) dict_keys(['beginner_batch_processing']) retrieved from /opt/airflow/dags/beginner_batch_processing.py
[2022-02-05 19:48:02,370] {logging_mixin.py:109} INFO - [2022-02-05 19:48:02,369] {dag.py:2396} INFO - Sync 1 DAGs
[2022-02-05 19:48:02,384] {logging_mixin.py:109} INFO - [2022-02-05 19:48:02,384] {dag.py:2935} INFO - Setting next_dagrun for beginner_batch_processing to 2022-02-05T00:00:00+00:00
[2022-02-05 19:48:02,392] {processor.py:171} INFO - Processing /opt/airflow/dags/beginner_batch_processing.py took 0.160 seconds
[2022-02-05 19:48:32,872] {processor.py:163} INFO - Started process (PID=3162) to work on /opt/airflow/dags/beginner_batch_processing.py
[2022-02-05 19:48:32,874] {processor.py:642} INFO - Processing file /opt/airflow/dags/beginner_batch_processing.py for tasks to queue
[2022-02-05 19:48:32,875] {logging_mixin.py:109} INFO - [2022-02-05 19:48:32,875] {dagbag.py:500} INFO - Filling up the DagBag from /opt/airflow/dags/beginner_batch_processing.py
[2022-02-05 19:48:32,980] {processor.py:654} INFO - DAG(s) dict_keys(['beginner_batch_processing']) retrieved from /opt/airflow/dags/beginner_batch_processing.py
[2022-02-05 19:48:32,989] {logging_mixin.py:109} INFO - [2022-02-05 19:48:32,989] {dag.py:2396} INFO - Sync 1 DAGs
[2022-02-05 19:48:33,000] {logging_mixin.py:109} INFO - [2022-02-05 19:48:33,000] {dag.py:2935} INFO - Setting next_dagrun for beginner_batch_processing to 2022-02-05T00:00:00+00:00
[2022-02-05 19:48:33,010] {processor.py:171} INFO - Processing /opt/airflow/dags/beginner_batch_processing.py took 0.141 seconds
[2022-02-05 19:49:03,390] {processor.py:163} INFO - Started process (PID=3216) to work on /opt/airflow/dags/beginner_batch_processing.py
[2022-02-05 19:49:03,391] {processor.py:642} INFO - Processing file /opt/airflow/dags/beginner_batch_processing.py for tasks to queue
[2022-02-05 19:49:03,392] {logging_mixin.py:109} INFO - [2022-02-05 19:49:03,392] {dagbag.py:500} INFO - Filling up the DagBag from /opt/airflow/dags/beginner_batch_processing.py
[2022-02-05 19:49:03,492] {processor.py:654} INFO - DAG(s) dict_keys(['beginner_batch_processing']) retrieved from /opt/airflow/dags/beginner_batch_processing.py
[2022-02-05 19:49:03,501] {logging_mixin.py:109} INFO - [2022-02-05 19:49:03,501] {dag.py:2396} INFO - Sync 1 DAGs
[2022-02-05 19:49:03,512] {logging_mixin.py:109} INFO - [2022-02-05 19:49:03,512] {dag.py:2935} INFO - Setting next_dagrun for beginner_batch_processing to 2022-02-05T00:00:00+00:00
[2022-02-05 19:49:03,522] {processor.py:171} INFO - Processing /opt/airflow/dags/beginner_batch_processing.py took 0.135 seconds
[2022-02-05 19:49:33,818] {processor.py:163} INFO - Started process (PID=3280) to work on /opt/airflow/dags/beginner_batch_processing.py
[2022-02-05 19:49:33,819] {processor.py:642} INFO - Processing file /opt/airflow/dags/beginner_batch_processing.py for tasks to queue
[2022-02-05 19:49:33,820] {logging_mixin.py:109} INFO - [2022-02-05 19:49:33,820] {dagbag.py:500} INFO - Filling up the DagBag from /opt/airflow/dags/beginner_batch_processing.py
[2022-02-05 19:49:33,935] {processor.py:654} INFO - DAG(s) dict_keys(['beginner_batch_processing']) retrieved from /opt/airflow/dags/beginner_batch_processing.py
[2022-02-05 19:49:33,946] {logging_mixin.py:109} INFO - [2022-02-05 19:49:33,945] {dag.py:2396} INFO - Sync 1 DAGs
[2022-02-05 19:49:33,959] {logging_mixin.py:109} INFO - [2022-02-05 19:49:33,959] {dag.py:2935} INFO - Setting next_dagrun for beginner_batch_processing to 2022-02-05T00:00:00+00:00
[2022-02-05 19:49:33,969] {processor.py:171} INFO - Processing /opt/airflow/dags/beginner_batch_processing.py took 0.154 seconds
[2022-02-05 19:50:04,189] {processor.py:163} INFO - Started process (PID=3333) to work on /opt/airflow/dags/beginner_batch_processing.py
[2022-02-05 19:50:04,190] {processor.py:642} INFO - Processing file /opt/airflow/dags/beginner_batch_processing.py for tasks to queue
[2022-02-05 19:50:04,191] {logging_mixin.py:109} INFO - [2022-02-05 19:50:04,191] {dagbag.py:500} INFO - Filling up the DagBag from /opt/airflow/dags/beginner_batch_processing.py
[2022-02-05 19:50:04,303] {processor.py:654} INFO - DAG(s) dict_keys(['beginner_batch_processing']) retrieved from /opt/airflow/dags/beginner_batch_processing.py
[2022-02-05 19:50:04,312] {logging_mixin.py:109} INFO - [2022-02-05 19:50:04,312] {dag.py:2396} INFO - Sync 1 DAGs
[2022-02-05 19:50:04,325] {logging_mixin.py:109} INFO - [2022-02-05 19:50:04,325] {dag.py:2935} INFO - Setting next_dagrun for beginner_batch_processing to 2022-02-05T00:00:00+00:00
[2022-02-05 19:50:04,334] {processor.py:171} INFO - Processing /opt/airflow/dags/beginner_batch_processing.py took 0.147 seconds
[2022-02-05 19:50:34,360] {processor.py:163} INFO - Started process (PID=3394) to work on /opt/airflow/dags/beginner_batch_processing.py
[2022-02-05 19:50:34,362] {processor.py:642} INFO - Processing file /opt/airflow/dags/beginner_batch_processing.py for tasks to queue
[2022-02-05 19:50:34,363] {logging_mixin.py:109} INFO - [2022-02-05 19:50:34,363] {dagbag.py:500} INFO - Filling up the DagBag from /opt/airflow/dags/beginner_batch_processing.py
[2022-02-05 19:50:34,509] {processor.py:654} INFO - DAG(s) dict_keys(['beginner_batch_processing']) retrieved from /opt/airflow/dags/beginner_batch_processing.py
[2022-02-05 19:50:34,523] {logging_mixin.py:109} INFO - [2022-02-05 19:50:34,523] {dag.py:2396} INFO - Sync 1 DAGs
[2022-02-05 19:50:34,540] {logging_mixin.py:109} INFO - [2022-02-05 19:50:34,539] {dag.py:2935} INFO - Setting next_dagrun for beginner_batch_processing to 2022-02-05T00:00:00+00:00
[2022-02-05 19:50:34,550] {processor.py:171} INFO - Processing /opt/airflow/dags/beginner_batch_processing.py took 0.193 seconds
