[2022-02-05 19:21:04,523] {processor.py:163} INFO - Started process (PID=64) to work on /home/airflow/.local/lib/python3.7/site-packages/airflow/example_dags/example_trigger_controller_dag.py
[2022-02-05 19:21:04,525] {processor.py:642} INFO - Processing file /home/airflow/.local/lib/python3.7/site-packages/airflow/example_dags/example_trigger_controller_dag.py for tasks to queue
[2022-02-05 19:21:04,526] {logging_mixin.py:109} INFO - [2022-02-05 19:21:04,526] {dagbag.py:500} INFO - Filling up the DagBag from /home/airflow/.local/lib/python3.7/site-packages/airflow/example_dags/example_trigger_controller_dag.py
[2022-02-05 19:21:04,622] {processor.py:654} INFO - DAG(s) dict_keys(['example_trigger_controller_dag']) retrieved from /home/airflow/.local/lib/python3.7/site-packages/airflow/example_dags/example_trigger_controller_dag.py
[2022-02-05 19:21:04,640] {logging_mixin.py:109} INFO - [2022-02-05 19:21:04,640] {dag.py:2396} INFO - Sync 1 DAGs
[2022-02-05 19:21:04,665] {logging_mixin.py:109} INFO - [2022-02-05 19:21:04,665] {dag.py:2935} INFO - Setting next_dagrun for example_trigger_controller_dag to 2021-01-01T00:00:00+00:00
[2022-02-05 19:21:04,680] {processor.py:171} INFO - Processing /home/airflow/.local/lib/python3.7/site-packages/airflow/example_dags/example_trigger_controller_dag.py took 0.164 seconds
[2022-02-05 19:21:35,658] {processor.py:163} INFO - Started process (PID=123) to work on /home/airflow/.local/lib/python3.7/site-packages/airflow/example_dags/example_trigger_controller_dag.py
[2022-02-05 19:21:35,659] {processor.py:642} INFO - Processing file /home/airflow/.local/lib/python3.7/site-packages/airflow/example_dags/example_trigger_controller_dag.py for tasks to queue
[2022-02-05 19:21:35,660] {logging_mixin.py:109} INFO - [2022-02-05 19:21:35,660] {dagbag.py:500} INFO - Filling up the DagBag from /home/airflow/.local/lib/python3.7/site-packages/airflow/example_dags/example_trigger_controller_dag.py
[2022-02-05 19:21:35,746] {processor.py:654} INFO - DAG(s) dict_keys(['example_trigger_controller_dag']) retrieved from /home/airflow/.local/lib/python3.7/site-packages/airflow/example_dags/example_trigger_controller_dag.py
[2022-02-05 19:21:35,762] {logging_mixin.py:109} INFO - [2022-02-05 19:21:35,762] {dag.py:2396} INFO - Sync 1 DAGs
[2022-02-05 19:21:35,786] {logging_mixin.py:109} INFO - [2022-02-05 19:21:35,786] {dag.py:2935} INFO - Setting next_dagrun for example_trigger_controller_dag to 2021-01-01T00:00:00+00:00
[2022-02-05 19:21:35,798] {processor.py:171} INFO - Processing /home/airflow/.local/lib/python3.7/site-packages/airflow/example_dags/example_trigger_controller_dag.py took 0.145 seconds
[2022-02-05 19:22:08,022] {processor.py:163} INFO - Started process (PID=176) to work on /home/airflow/.local/lib/python3.7/site-packages/airflow/example_dags/example_trigger_controller_dag.py
[2022-02-05 19:22:08,024] {processor.py:642} INFO - Processing file /home/airflow/.local/lib/python3.7/site-packages/airflow/example_dags/example_trigger_controller_dag.py for tasks to queue
[2022-02-05 19:22:08,025] {logging_mixin.py:109} INFO - [2022-02-05 19:22:08,025] {dagbag.py:500} INFO - Filling up the DagBag from /home/airflow/.local/lib/python3.7/site-packages/airflow/example_dags/example_trigger_controller_dag.py
[2022-02-05 19:22:08,062] {processor.py:654} INFO - DAG(s) dict_keys(['example_trigger_controller_dag']) retrieved from /home/airflow/.local/lib/python3.7/site-packages/airflow/example_dags/example_trigger_controller_dag.py
[2022-02-05 19:22:08,081] {logging_mixin.py:109} INFO - [2022-02-05 19:22:08,081] {dag.py:2396} INFO - Sync 1 DAGs
[2022-02-05 19:22:08,102] {logging_mixin.py:109} INFO - [2022-02-05 19:22:08,102] {dag.py:2935} INFO - Setting next_dagrun for example_trigger_controller_dag to 2021-01-01T00:00:00+00:00
[2022-02-05 19:22:08,114] {processor.py:171} INFO - Processing /home/airflow/.local/lib/python3.7/site-packages/airflow/example_dags/example_trigger_controller_dag.py took 0.097 seconds
[2022-02-05 19:22:39,191] {processor.py:163} INFO - Started process (PID=242) to work on /home/airflow/.local/lib/python3.7/site-packages/airflow/example_dags/example_trigger_controller_dag.py
[2022-02-05 19:22:39,194] {processor.py:642} INFO - Processing file /home/airflow/.local/lib/python3.7/site-packages/airflow/example_dags/example_trigger_controller_dag.py for tasks to queue
[2022-02-05 19:22:39,195] {logging_mixin.py:109} INFO - [2022-02-05 19:22:39,195] {dagbag.py:500} INFO - Filling up the DagBag from /home/airflow/.local/lib/python3.7/site-packages/airflow/example_dags/example_trigger_controller_dag.py
[2022-02-05 19:22:39,243] {processor.py:654} INFO - DAG(s) dict_keys(['example_trigger_controller_dag']) retrieved from /home/airflow/.local/lib/python3.7/site-packages/airflow/example_dags/example_trigger_controller_dag.py
[2022-02-05 19:22:39,262] {logging_mixin.py:109} INFO - [2022-02-05 19:22:39,262] {dag.py:2396} INFO - Sync 1 DAGs
[2022-02-05 19:22:39,300] {logging_mixin.py:109} INFO - [2022-02-05 19:22:39,300] {dag.py:2935} INFO - Setting next_dagrun for example_trigger_controller_dag to 2021-01-01T00:00:00+00:00
[2022-02-05 19:22:39,340] {processor.py:171} INFO - Processing /home/airflow/.local/lib/python3.7/site-packages/airflow/example_dags/example_trigger_controller_dag.py took 0.156 seconds
[2022-02-05 19:23:10,184] {processor.py:163} INFO - Started process (PID=295) to work on /home/airflow/.local/lib/python3.7/site-packages/airflow/example_dags/example_trigger_controller_dag.py
[2022-02-05 19:23:10,187] {processor.py:642} INFO - Processing file /home/airflow/.local/lib/python3.7/site-packages/airflow/example_dags/example_trigger_controller_dag.py for tasks to queue
[2022-02-05 19:23:10,187] {logging_mixin.py:109} INFO - [2022-02-05 19:23:10,187] {dagbag.py:500} INFO - Filling up the DagBag from /home/airflow/.local/lib/python3.7/site-packages/airflow/example_dags/example_trigger_controller_dag.py
[2022-02-05 19:23:10,218] {processor.py:654} INFO - DAG(s) dict_keys(['example_trigger_controller_dag']) retrieved from /home/airflow/.local/lib/python3.7/site-packages/airflow/example_dags/example_trigger_controller_dag.py
[2022-02-05 19:23:10,229] {logging_mixin.py:109} INFO - [2022-02-05 19:23:10,229] {dag.py:2396} INFO - Sync 1 DAGs
[2022-02-05 19:23:10,249] {logging_mixin.py:109} INFO - [2022-02-05 19:23:10,248] {dag.py:2935} INFO - Setting next_dagrun for example_trigger_controller_dag to 2021-01-01T00:00:00+00:00
[2022-02-05 19:23:10,261] {processor.py:171} INFO - Processing /home/airflow/.local/lib/python3.7/site-packages/airflow/example_dags/example_trigger_controller_dag.py took 0.081 seconds
[2022-02-05 19:23:41,066] {processor.py:163} INFO - Started process (PID=348) to work on /home/airflow/.local/lib/python3.7/site-packages/airflow/example_dags/example_trigger_controller_dag.py
[2022-02-05 19:23:41,068] {processor.py:642} INFO - Processing file /home/airflow/.local/lib/python3.7/site-packages/airflow/example_dags/example_trigger_controller_dag.py for tasks to queue
[2022-02-05 19:23:41,069] {logging_mixin.py:109} INFO - [2022-02-05 19:23:41,069] {dagbag.py:500} INFO - Filling up the DagBag from /home/airflow/.local/lib/python3.7/site-packages/airflow/example_dags/example_trigger_controller_dag.py
[2022-02-05 19:23:41,105] {processor.py:654} INFO - DAG(s) dict_keys(['example_trigger_controller_dag']) retrieved from /home/airflow/.local/lib/python3.7/site-packages/airflow/example_dags/example_trigger_controller_dag.py
[2022-02-05 19:23:41,120] {logging_mixin.py:109} INFO - [2022-02-05 19:23:41,120] {dag.py:2396} INFO - Sync 1 DAGs
[2022-02-05 19:23:41,144] {logging_mixin.py:109} INFO - [2022-02-05 19:23:41,144] {dag.py:2935} INFO - Setting next_dagrun for example_trigger_controller_dag to 2021-01-01T00:00:00+00:00
[2022-02-05 19:23:41,158] {processor.py:171} INFO - Processing /home/airflow/.local/lib/python3.7/site-packages/airflow/example_dags/example_trigger_controller_dag.py took 0.096 seconds
[2022-02-05 19:24:11,650] {processor.py:163} INFO - Started process (PID=411) to work on /home/airflow/.local/lib/python3.7/site-packages/airflow/example_dags/example_trigger_controller_dag.py
[2022-02-05 19:24:11,651] {processor.py:642} INFO - Processing file /home/airflow/.local/lib/python3.7/site-packages/airflow/example_dags/example_trigger_controller_dag.py for tasks to queue
[2022-02-05 19:24:11,651] {logging_mixin.py:109} INFO - [2022-02-05 19:24:11,651] {dagbag.py:500} INFO - Filling up the DagBag from /home/airflow/.local/lib/python3.7/site-packages/airflow/example_dags/example_trigger_controller_dag.py
[2022-02-05 19:24:11,676] {processor.py:654} INFO - DAG(s) dict_keys(['example_trigger_controller_dag']) retrieved from /home/airflow/.local/lib/python3.7/site-packages/airflow/example_dags/example_trigger_controller_dag.py
[2022-02-05 19:24:11,686] {logging_mixin.py:109} INFO - [2022-02-05 19:24:11,686] {dag.py:2396} INFO - Sync 1 DAGs
[2022-02-05 19:24:11,702] {logging_mixin.py:109} INFO - [2022-02-05 19:24:11,702] {dag.py:2935} INFO - Setting next_dagrun for example_trigger_controller_dag to 2021-01-01T00:00:00+00:00
[2022-02-05 19:24:11,715] {processor.py:171} INFO - Processing /home/airflow/.local/lib/python3.7/site-packages/airflow/example_dags/example_trigger_controller_dag.py took 0.068 seconds
[2022-02-05 19:24:42,043] {processor.py:163} INFO - Started process (PID=463) to work on /home/airflow/.local/lib/python3.7/site-packages/airflow/example_dags/example_trigger_controller_dag.py
[2022-02-05 19:24:42,045] {processor.py:642} INFO - Processing file /home/airflow/.local/lib/python3.7/site-packages/airflow/example_dags/example_trigger_controller_dag.py for tasks to queue
[2022-02-05 19:24:42,045] {logging_mixin.py:109} INFO - [2022-02-05 19:24:42,045] {dagbag.py:500} INFO - Filling up the DagBag from /home/airflow/.local/lib/python3.7/site-packages/airflow/example_dags/example_trigger_controller_dag.py
[2022-02-05 19:24:42,069] {processor.py:654} INFO - DAG(s) dict_keys(['example_trigger_controller_dag']) retrieved from /home/airflow/.local/lib/python3.7/site-packages/airflow/example_dags/example_trigger_controller_dag.py
[2022-02-05 19:24:42,081] {logging_mixin.py:109} INFO - [2022-02-05 19:24:42,081] {dag.py:2396} INFO - Sync 1 DAGs
[2022-02-05 19:24:42,101] {logging_mixin.py:109} INFO - [2022-02-05 19:24:42,101] {dag.py:2935} INFO - Setting next_dagrun for example_trigger_controller_dag to 2021-01-01T00:00:00+00:00
[2022-02-05 19:24:42,115] {processor.py:171} INFO - Processing /home/airflow/.local/lib/python3.7/site-packages/airflow/example_dags/example_trigger_controller_dag.py took 0.074 seconds
[2022-02-05 19:25:12,349] {processor.py:163} INFO - Started process (PID=524) to work on /home/airflow/.local/lib/python3.7/site-packages/airflow/example_dags/example_trigger_controller_dag.py
[2022-02-05 19:25:12,350] {processor.py:642} INFO - Processing file /home/airflow/.local/lib/python3.7/site-packages/airflow/example_dags/example_trigger_controller_dag.py for tasks to queue
[2022-02-05 19:25:12,351] {logging_mixin.py:109} INFO - [2022-02-05 19:25:12,351] {dagbag.py:500} INFO - Filling up the DagBag from /home/airflow/.local/lib/python3.7/site-packages/airflow/example_dags/example_trigger_controller_dag.py
[2022-02-05 19:25:12,375] {processor.py:654} INFO - DAG(s) dict_keys(['example_trigger_controller_dag']) retrieved from /home/airflow/.local/lib/python3.7/site-packages/airflow/example_dags/example_trigger_controller_dag.py
[2022-02-05 19:25:12,384] {logging_mixin.py:109} INFO - [2022-02-05 19:25:12,384] {dag.py:2396} INFO - Sync 1 DAGs
[2022-02-05 19:25:12,399] {logging_mixin.py:109} INFO - [2022-02-05 19:25:12,398] {dag.py:2935} INFO - Setting next_dagrun for example_trigger_controller_dag to 2021-01-01T00:00:00+00:00
[2022-02-05 19:25:12,409] {processor.py:171} INFO - Processing /home/airflow/.local/lib/python3.7/site-packages/airflow/example_dags/example_trigger_controller_dag.py took 0.064 seconds
[2022-02-05 19:25:42,720] {processor.py:163} INFO - Started process (PID=578) to work on /home/airflow/.local/lib/python3.7/site-packages/airflow/example_dags/example_trigger_controller_dag.py
[2022-02-05 19:25:42,721] {processor.py:642} INFO - Processing file /home/airflow/.local/lib/python3.7/site-packages/airflow/example_dags/example_trigger_controller_dag.py for tasks to queue
[2022-02-05 19:25:42,722] {logging_mixin.py:109} INFO - [2022-02-05 19:25:42,722] {dagbag.py:500} INFO - Filling up the DagBag from /home/airflow/.local/lib/python3.7/site-packages/airflow/example_dags/example_trigger_controller_dag.py
[2022-02-05 19:25:42,755] {processor.py:654} INFO - DAG(s) dict_keys(['example_trigger_controller_dag']) retrieved from /home/airflow/.local/lib/python3.7/site-packages/airflow/example_dags/example_trigger_controller_dag.py
[2022-02-05 19:25:42,768] {logging_mixin.py:109} INFO - [2022-02-05 19:25:42,767] {dag.py:2396} INFO - Sync 1 DAGs
[2022-02-05 19:25:42,788] {logging_mixin.py:109} INFO - [2022-02-05 19:25:42,787] {dag.py:2935} INFO - Setting next_dagrun for example_trigger_controller_dag to 2021-01-01T00:00:00+00:00
[2022-02-05 19:25:42,799] {processor.py:171} INFO - Processing /home/airflow/.local/lib/python3.7/site-packages/airflow/example_dags/example_trigger_controller_dag.py took 0.083 seconds
[2022-02-05 19:26:14,910] {processor.py:163} INFO - Started process (PID=641) to work on /home/airflow/.local/lib/python3.7/site-packages/airflow/example_dags/example_trigger_controller_dag.py
[2022-02-05 19:26:14,914] {processor.py:642} INFO - Processing file /home/airflow/.local/lib/python3.7/site-packages/airflow/example_dags/example_trigger_controller_dag.py for tasks to queue
[2022-02-05 19:26:14,915] {logging_mixin.py:109} INFO - [2022-02-05 19:26:14,915] {dagbag.py:500} INFO - Filling up the DagBag from /home/airflow/.local/lib/python3.7/site-packages/airflow/example_dags/example_trigger_controller_dag.py
[2022-02-05 19:26:14,958] {processor.py:654} INFO - DAG(s) dict_keys(['example_trigger_controller_dag']) retrieved from /home/airflow/.local/lib/python3.7/site-packages/airflow/example_dags/example_trigger_controller_dag.py
[2022-02-05 19:26:14,979] {logging_mixin.py:109} INFO - [2022-02-05 19:26:14,978] {dag.py:2396} INFO - Sync 1 DAGs
[2022-02-05 19:26:15,009] {logging_mixin.py:109} INFO - [2022-02-05 19:26:15,009] {dag.py:2935} INFO - Setting next_dagrun for example_trigger_controller_dag to 2021-01-01T00:00:00+00:00
[2022-02-05 19:26:15,023] {processor.py:171} INFO - Processing /home/airflow/.local/lib/python3.7/site-packages/airflow/example_dags/example_trigger_controller_dag.py took 0.120 seconds
[2022-02-05 19:26:45,699] {processor.py:163} INFO - Started process (PID=696) to work on /home/airflow/.local/lib/python3.7/site-packages/airflow/example_dags/example_trigger_controller_dag.py
[2022-02-05 19:26:45,700] {processor.py:642} INFO - Processing file /home/airflow/.local/lib/python3.7/site-packages/airflow/example_dags/example_trigger_controller_dag.py for tasks to queue
[2022-02-05 19:26:45,701] {logging_mixin.py:109} INFO - [2022-02-05 19:26:45,701] {dagbag.py:500} INFO - Filling up the DagBag from /home/airflow/.local/lib/python3.7/site-packages/airflow/example_dags/example_trigger_controller_dag.py
[2022-02-05 19:26:45,723] {processor.py:654} INFO - DAG(s) dict_keys(['example_trigger_controller_dag']) retrieved from /home/airflow/.local/lib/python3.7/site-packages/airflow/example_dags/example_trigger_controller_dag.py
[2022-02-05 19:26:45,733] {logging_mixin.py:109} INFO - [2022-02-05 19:26:45,732] {dag.py:2396} INFO - Sync 1 DAGs
[2022-02-05 19:26:45,746] {logging_mixin.py:109} INFO - [2022-02-05 19:26:45,746] {dag.py:2935} INFO - Setting next_dagrun for example_trigger_controller_dag to 2021-01-01T00:00:00+00:00
[2022-02-05 19:26:45,755] {processor.py:171} INFO - Processing /home/airflow/.local/lib/python3.7/site-packages/airflow/example_dags/example_trigger_controller_dag.py took 0.059 seconds
[2022-02-05 19:27:17,210] {processor.py:163} INFO - Started process (PID=758) to work on /home/airflow/.local/lib/python3.7/site-packages/airflow/example_dags/example_trigger_controller_dag.py
[2022-02-05 19:27:17,212] {processor.py:642} INFO - Processing file /home/airflow/.local/lib/python3.7/site-packages/airflow/example_dags/example_trigger_controller_dag.py for tasks to queue
[2022-02-05 19:27:17,213] {logging_mixin.py:109} INFO - [2022-02-05 19:27:17,213] {dagbag.py:500} INFO - Filling up the DagBag from /home/airflow/.local/lib/python3.7/site-packages/airflow/example_dags/example_trigger_controller_dag.py
[2022-02-05 19:27:17,268] {processor.py:654} INFO - DAG(s) dict_keys(['example_trigger_controller_dag']) retrieved from /home/airflow/.local/lib/python3.7/site-packages/airflow/example_dags/example_trigger_controller_dag.py
[2022-02-05 19:27:17,284] {logging_mixin.py:109} INFO - [2022-02-05 19:27:17,284] {dag.py:2396} INFO - Sync 1 DAGs
[2022-02-05 19:27:17,309] {logging_mixin.py:109} INFO - [2022-02-05 19:27:17,309] {dag.py:2935} INFO - Setting next_dagrun for example_trigger_controller_dag to 2021-01-01T00:00:00+00:00
[2022-02-05 19:27:17,325] {processor.py:171} INFO - Processing /home/airflow/.local/lib/python3.7/site-packages/airflow/example_dags/example_trigger_controller_dag.py took 0.123 seconds
[2022-02-05 19:27:48,333] {processor.py:163} INFO - Started process (PID=810) to work on /home/airflow/.local/lib/python3.7/site-packages/airflow/example_dags/example_trigger_controller_dag.py
[2022-02-05 19:27:48,334] {processor.py:642} INFO - Processing file /home/airflow/.local/lib/python3.7/site-packages/airflow/example_dags/example_trigger_controller_dag.py for tasks to queue
[2022-02-05 19:27:48,335] {logging_mixin.py:109} INFO - [2022-02-05 19:27:48,334] {dagbag.py:500} INFO - Filling up the DagBag from /home/airflow/.local/lib/python3.7/site-packages/airflow/example_dags/example_trigger_controller_dag.py
[2022-02-05 19:27:48,363] {processor.py:654} INFO - DAG(s) dict_keys(['example_trigger_controller_dag']) retrieved from /home/airflow/.local/lib/python3.7/site-packages/airflow/example_dags/example_trigger_controller_dag.py
[2022-02-05 19:27:48,372] {logging_mixin.py:109} INFO - [2022-02-05 19:27:48,372] {dag.py:2396} INFO - Sync 1 DAGs
[2022-02-05 19:27:48,389] {logging_mixin.py:109} INFO - [2022-02-05 19:27:48,388] {dag.py:2935} INFO - Setting next_dagrun for example_trigger_controller_dag to 2021-01-01T00:00:00+00:00
[2022-02-05 19:27:48,398] {processor.py:171} INFO - Processing /home/airflow/.local/lib/python3.7/site-packages/airflow/example_dags/example_trigger_controller_dag.py took 0.069 seconds
[2022-02-05 19:28:19,180] {processor.py:163} INFO - Started process (PID=874) to work on /home/airflow/.local/lib/python3.7/site-packages/airflow/example_dags/example_trigger_controller_dag.py
[2022-02-05 19:28:19,182] {processor.py:642} INFO - Processing file /home/airflow/.local/lib/python3.7/site-packages/airflow/example_dags/example_trigger_controller_dag.py for tasks to queue
[2022-02-05 19:28:19,183] {logging_mixin.py:109} INFO - [2022-02-05 19:28:19,183] {dagbag.py:500} INFO - Filling up the DagBag from /home/airflow/.local/lib/python3.7/site-packages/airflow/example_dags/example_trigger_controller_dag.py
[2022-02-05 19:28:19,220] {processor.py:654} INFO - DAG(s) dict_keys(['example_trigger_controller_dag']) retrieved from /home/airflow/.local/lib/python3.7/site-packages/airflow/example_dags/example_trigger_controller_dag.py
[2022-02-05 19:28:19,234] {logging_mixin.py:109} INFO - [2022-02-05 19:28:19,233] {dag.py:2396} INFO - Sync 1 DAGs
[2022-02-05 19:28:19,254] {logging_mixin.py:109} INFO - [2022-02-05 19:28:19,254] {dag.py:2935} INFO - Setting next_dagrun for example_trigger_controller_dag to 2021-01-01T00:00:00+00:00
[2022-02-05 19:28:19,266] {processor.py:171} INFO - Processing /home/airflow/.local/lib/python3.7/site-packages/airflow/example_dags/example_trigger_controller_dag.py took 0.090 seconds
[2022-02-05 19:28:49,808] {processor.py:163} INFO - Started process (PID=927) to work on /home/airflow/.local/lib/python3.7/site-packages/airflow/example_dags/example_trigger_controller_dag.py
[2022-02-05 19:28:49,809] {processor.py:642} INFO - Processing file /home/airflow/.local/lib/python3.7/site-packages/airflow/example_dags/example_trigger_controller_dag.py for tasks to queue
[2022-02-05 19:28:49,810] {logging_mixin.py:109} INFO - [2022-02-05 19:28:49,810] {dagbag.py:500} INFO - Filling up the DagBag from /home/airflow/.local/lib/python3.7/site-packages/airflow/example_dags/example_trigger_controller_dag.py
[2022-02-05 19:28:49,843] {processor.py:654} INFO - DAG(s) dict_keys(['example_trigger_controller_dag']) retrieved from /home/airflow/.local/lib/python3.7/site-packages/airflow/example_dags/example_trigger_controller_dag.py
[2022-02-05 19:28:49,855] {logging_mixin.py:109} INFO - [2022-02-05 19:28:49,855] {dag.py:2396} INFO - Sync 1 DAGs
[2022-02-05 19:28:49,875] {logging_mixin.py:109} INFO - [2022-02-05 19:28:49,874] {dag.py:2935} INFO - Setting next_dagrun for example_trigger_controller_dag to 2021-01-01T00:00:00+00:00
[2022-02-05 19:28:49,886] {processor.py:171} INFO - Processing /home/airflow/.local/lib/python3.7/site-packages/airflow/example_dags/example_trigger_controller_dag.py took 0.082 seconds
[2022-02-05 19:29:20,420] {processor.py:163} INFO - Started process (PID=990) to work on /home/airflow/.local/lib/python3.7/site-packages/airflow/example_dags/example_trigger_controller_dag.py
[2022-02-05 19:29:20,422] {processor.py:642} INFO - Processing file /home/airflow/.local/lib/python3.7/site-packages/airflow/example_dags/example_trigger_controller_dag.py for tasks to queue
[2022-02-05 19:29:20,423] {logging_mixin.py:109} INFO - [2022-02-05 19:29:20,422] {dagbag.py:500} INFO - Filling up the DagBag from /home/airflow/.local/lib/python3.7/site-packages/airflow/example_dags/example_trigger_controller_dag.py
[2022-02-05 19:29:20,449] {processor.py:654} INFO - DAG(s) dict_keys(['example_trigger_controller_dag']) retrieved from /home/airflow/.local/lib/python3.7/site-packages/airflow/example_dags/example_trigger_controller_dag.py
[2022-02-05 19:29:20,460] {logging_mixin.py:109} INFO - [2022-02-05 19:29:20,460] {dag.py:2396} INFO - Sync 1 DAGs
[2022-02-05 19:29:20,477] {logging_mixin.py:109} INFO - [2022-02-05 19:29:20,477] {dag.py:2935} INFO - Setting next_dagrun for example_trigger_controller_dag to 2021-01-01T00:00:00+00:00
[2022-02-05 19:29:20,491] {processor.py:171} INFO - Processing /home/airflow/.local/lib/python3.7/site-packages/airflow/example_dags/example_trigger_controller_dag.py took 0.075 seconds
[2022-02-05 19:29:51,718] {processor.py:163} INFO - Started process (PID=1043) to work on /home/airflow/.local/lib/python3.7/site-packages/airflow/example_dags/example_trigger_controller_dag.py
[2022-02-05 19:29:51,720] {processor.py:642} INFO - Processing file /home/airflow/.local/lib/python3.7/site-packages/airflow/example_dags/example_trigger_controller_dag.py for tasks to queue
[2022-02-05 19:29:51,721] {logging_mixin.py:109} INFO - [2022-02-05 19:29:51,721] {dagbag.py:500} INFO - Filling up the DagBag from /home/airflow/.local/lib/python3.7/site-packages/airflow/example_dags/example_trigger_controller_dag.py
[2022-02-05 19:29:51,753] {processor.py:654} INFO - DAG(s) dict_keys(['example_trigger_controller_dag']) retrieved from /home/airflow/.local/lib/python3.7/site-packages/airflow/example_dags/example_trigger_controller_dag.py
[2022-02-05 19:29:51,766] {logging_mixin.py:109} INFO - [2022-02-05 19:29:51,766] {dag.py:2396} INFO - Sync 1 DAGs
[2022-02-05 19:29:51,788] {logging_mixin.py:109} INFO - [2022-02-05 19:29:51,787] {dag.py:2935} INFO - Setting next_dagrun for example_trigger_controller_dag to 2021-01-01T00:00:00+00:00
[2022-02-05 19:29:51,808] {processor.py:171} INFO - Processing /home/airflow/.local/lib/python3.7/site-packages/airflow/example_dags/example_trigger_controller_dag.py took 0.095 seconds
[2022-02-05 19:30:22,381] {processor.py:163} INFO - Started process (PID=1105) to work on /home/airflow/.local/lib/python3.7/site-packages/airflow/example_dags/example_trigger_controller_dag.py
[2022-02-05 19:30:22,382] {processor.py:642} INFO - Processing file /home/airflow/.local/lib/python3.7/site-packages/airflow/example_dags/example_trigger_controller_dag.py for tasks to queue
[2022-02-05 19:30:22,382] {logging_mixin.py:109} INFO - [2022-02-05 19:30:22,382] {dagbag.py:500} INFO - Filling up the DagBag from /home/airflow/.local/lib/python3.7/site-packages/airflow/example_dags/example_trigger_controller_dag.py
[2022-02-05 19:30:22,408] {processor.py:654} INFO - DAG(s) dict_keys(['example_trigger_controller_dag']) retrieved from /home/airflow/.local/lib/python3.7/site-packages/airflow/example_dags/example_trigger_controller_dag.py
[2022-02-05 19:30:22,418] {logging_mixin.py:109} INFO - [2022-02-05 19:30:22,418] {dag.py:2396} INFO - Sync 1 DAGs
[2022-02-05 19:30:22,433] {logging_mixin.py:109} INFO - [2022-02-05 19:30:22,433] {dag.py:2935} INFO - Setting next_dagrun for example_trigger_controller_dag to 2021-01-01T00:00:00+00:00
[2022-02-05 19:30:22,443] {processor.py:171} INFO - Processing /home/airflow/.local/lib/python3.7/site-packages/airflow/example_dags/example_trigger_controller_dag.py took 0.066 seconds
[2022-02-05 19:30:54,532] {processor.py:163} INFO - Started process (PID=1158) to work on /home/airflow/.local/lib/python3.7/site-packages/airflow/example_dags/example_trigger_controller_dag.py
[2022-02-05 19:30:54,534] {processor.py:642} INFO - Processing file /home/airflow/.local/lib/python3.7/site-packages/airflow/example_dags/example_trigger_controller_dag.py for tasks to queue
[2022-02-05 19:30:54,536] {logging_mixin.py:109} INFO - [2022-02-05 19:30:54,535] {dagbag.py:500} INFO - Filling up the DagBag from /home/airflow/.local/lib/python3.7/site-packages/airflow/example_dags/example_trigger_controller_dag.py
[2022-02-05 19:30:54,583] {processor.py:654} INFO - DAG(s) dict_keys(['example_trigger_controller_dag']) retrieved from /home/airflow/.local/lib/python3.7/site-packages/airflow/example_dags/example_trigger_controller_dag.py
[2022-02-05 19:30:54,624] {logging_mixin.py:109} INFO - [2022-02-05 19:30:54,623] {dag.py:2396} INFO - Sync 1 DAGs
[2022-02-05 19:30:54,673] {logging_mixin.py:109} INFO - [2022-02-05 19:30:54,673] {dag.py:2935} INFO - Setting next_dagrun for example_trigger_controller_dag to 2021-01-01T00:00:00+00:00
[2022-02-05 19:30:54,700] {processor.py:171} INFO - Processing /home/airflow/.local/lib/python3.7/site-packages/airflow/example_dags/example_trigger_controller_dag.py took 0.175 seconds
[2022-02-05 19:31:25,007] {processor.py:163} INFO - Started process (PID=1221) to work on /home/airflow/.local/lib/python3.7/site-packages/airflow/example_dags/example_trigger_controller_dag.py
[2022-02-05 19:31:25,011] {processor.py:642} INFO - Processing file /home/airflow/.local/lib/python3.7/site-packages/airflow/example_dags/example_trigger_controller_dag.py for tasks to queue
[2022-02-05 19:31:25,013] {logging_mixin.py:109} INFO - [2022-02-05 19:31:25,013] {dagbag.py:500} INFO - Filling up the DagBag from /home/airflow/.local/lib/python3.7/site-packages/airflow/example_dags/example_trigger_controller_dag.py
[2022-02-05 19:31:25,061] {processor.py:654} INFO - DAG(s) dict_keys(['example_trigger_controller_dag']) retrieved from /home/airflow/.local/lib/python3.7/site-packages/airflow/example_dags/example_trigger_controller_dag.py
[2022-02-05 19:31:25,078] {logging_mixin.py:109} INFO - [2022-02-05 19:31:25,077] {dag.py:2396} INFO - Sync 1 DAGs
[2022-02-05 19:31:25,117] {logging_mixin.py:109} INFO - [2022-02-05 19:31:25,117] {dag.py:2935} INFO - Setting next_dagrun for example_trigger_controller_dag to 2021-01-01T00:00:00+00:00
[2022-02-05 19:31:25,134] {processor.py:171} INFO - Processing /home/airflow/.local/lib/python3.7/site-packages/airflow/example_dags/example_trigger_controller_dag.py took 0.131 seconds
[2022-02-05 19:31:56,141] {processor.py:163} INFO - Started process (PID=1274) to work on /home/airflow/.local/lib/python3.7/site-packages/airflow/example_dags/example_trigger_controller_dag.py
[2022-02-05 19:31:56,142] {processor.py:642} INFO - Processing file /home/airflow/.local/lib/python3.7/site-packages/airflow/example_dags/example_trigger_controller_dag.py for tasks to queue
[2022-02-05 19:31:56,143] {logging_mixin.py:109} INFO - [2022-02-05 19:31:56,143] {dagbag.py:500} INFO - Filling up the DagBag from /home/airflow/.local/lib/python3.7/site-packages/airflow/example_dags/example_trigger_controller_dag.py
[2022-02-05 19:31:56,164] {processor.py:654} INFO - DAG(s) dict_keys(['example_trigger_controller_dag']) retrieved from /home/airflow/.local/lib/python3.7/site-packages/airflow/example_dags/example_trigger_controller_dag.py
[2022-02-05 19:31:56,172] {logging_mixin.py:109} INFO - [2022-02-05 19:31:56,172] {dag.py:2396} INFO - Sync 1 DAGs
[2022-02-05 19:31:56,185] {logging_mixin.py:109} INFO - [2022-02-05 19:31:56,185] {dag.py:2935} INFO - Setting next_dagrun for example_trigger_controller_dag to 2021-01-01T00:00:00+00:00
[2022-02-05 19:31:56,194] {processor.py:171} INFO - Processing /home/airflow/.local/lib/python3.7/site-packages/airflow/example_dags/example_trigger_controller_dag.py took 0.055 seconds
[2022-02-05 19:32:26,664] {processor.py:163} INFO - Started process (PID=1332) to work on /home/airflow/.local/lib/python3.7/site-packages/airflow/example_dags/example_trigger_controller_dag.py
[2022-02-05 19:32:26,666] {processor.py:642} INFO - Processing file /home/airflow/.local/lib/python3.7/site-packages/airflow/example_dags/example_trigger_controller_dag.py for tasks to queue
[2022-02-05 19:32:26,667] {logging_mixin.py:109} INFO - [2022-02-05 19:32:26,667] {dagbag.py:500} INFO - Filling up the DagBag from /home/airflow/.local/lib/python3.7/site-packages/airflow/example_dags/example_trigger_controller_dag.py
[2022-02-05 19:32:26,699] {processor.py:654} INFO - DAG(s) dict_keys(['example_trigger_controller_dag']) retrieved from /home/airflow/.local/lib/python3.7/site-packages/airflow/example_dags/example_trigger_controller_dag.py
[2022-02-05 19:32:26,713] {logging_mixin.py:109} INFO - [2022-02-05 19:32:26,713] {dag.py:2396} INFO - Sync 1 DAGs
[2022-02-05 19:32:26,733] {logging_mixin.py:109} INFO - [2022-02-05 19:32:26,733] {dag.py:2935} INFO - Setting next_dagrun for example_trigger_controller_dag to 2021-01-01T00:00:00+00:00
[2022-02-05 19:32:26,745] {processor.py:171} INFO - Processing /home/airflow/.local/lib/python3.7/site-packages/airflow/example_dags/example_trigger_controller_dag.py took 0.086 seconds
[2022-02-05 19:32:57,260] {processor.py:163} INFO - Started process (PID=1393) to work on /home/airflow/.local/lib/python3.7/site-packages/airflow/example_dags/example_trigger_controller_dag.py
[2022-02-05 19:32:57,261] {processor.py:642} INFO - Processing file /home/airflow/.local/lib/python3.7/site-packages/airflow/example_dags/example_trigger_controller_dag.py for tasks to queue
[2022-02-05 19:32:57,262] {logging_mixin.py:109} INFO - [2022-02-05 19:32:57,262] {dagbag.py:500} INFO - Filling up the DagBag from /home/airflow/.local/lib/python3.7/site-packages/airflow/example_dags/example_trigger_controller_dag.py
[2022-02-05 19:32:57,285] {processor.py:654} INFO - DAG(s) dict_keys(['example_trigger_controller_dag']) retrieved from /home/airflow/.local/lib/python3.7/site-packages/airflow/example_dags/example_trigger_controller_dag.py
[2022-02-05 19:32:57,292] {logging_mixin.py:109} INFO - [2022-02-05 19:32:57,292] {dag.py:2396} INFO - Sync 1 DAGs
[2022-02-05 19:32:57,306] {logging_mixin.py:109} INFO - [2022-02-05 19:32:57,306] {dag.py:2935} INFO - Setting next_dagrun for example_trigger_controller_dag to 2021-01-01T00:00:00+00:00
[2022-02-05 19:32:57,314] {processor.py:171} INFO - Processing /home/airflow/.local/lib/python3.7/site-packages/airflow/example_dags/example_trigger_controller_dag.py took 0.056 seconds
[2022-02-05 19:33:27,628] {processor.py:163} INFO - Started process (PID=1458) to work on /home/airflow/.local/lib/python3.7/site-packages/airflow/example_dags/example_trigger_controller_dag.py
[2022-02-05 19:33:27,633] {processor.py:642} INFO - Processing file /home/airflow/.local/lib/python3.7/site-packages/airflow/example_dags/example_trigger_controller_dag.py for tasks to queue
[2022-02-05 19:33:27,633] {logging_mixin.py:109} INFO - [2022-02-05 19:33:27,633] {dagbag.py:500} INFO - Filling up the DagBag from /home/airflow/.local/lib/python3.7/site-packages/airflow/example_dags/example_trigger_controller_dag.py
[2022-02-05 19:33:27,660] {processor.py:654} INFO - DAG(s) dict_keys(['example_trigger_controller_dag']) retrieved from /home/airflow/.local/lib/python3.7/site-packages/airflow/example_dags/example_trigger_controller_dag.py
[2022-02-05 19:33:27,672] {logging_mixin.py:109} INFO - [2022-02-05 19:33:27,672] {dag.py:2396} INFO - Sync 1 DAGs
[2022-02-05 19:33:27,698] {logging_mixin.py:109} INFO - [2022-02-05 19:33:27,698] {dag.py:2935} INFO - Setting next_dagrun for example_trigger_controller_dag to 2021-01-01T00:00:00+00:00
[2022-02-05 19:33:27,709] {processor.py:171} INFO - Processing /home/airflow/.local/lib/python3.7/site-packages/airflow/example_dags/example_trigger_controller_dag.py took 0.084 seconds
[2022-02-05 19:33:57,776] {processor.py:163} INFO - Started process (PID=1510) to work on /home/airflow/.local/lib/python3.7/site-packages/airflow/example_dags/example_trigger_controller_dag.py
[2022-02-05 19:33:57,777] {processor.py:642} INFO - Processing file /home/airflow/.local/lib/python3.7/site-packages/airflow/example_dags/example_trigger_controller_dag.py for tasks to queue
[2022-02-05 19:33:57,777] {logging_mixin.py:109} INFO - [2022-02-05 19:33:57,777] {dagbag.py:500} INFO - Filling up the DagBag from /home/airflow/.local/lib/python3.7/site-packages/airflow/example_dags/example_trigger_controller_dag.py
[2022-02-05 19:33:57,798] {processor.py:654} INFO - DAG(s) dict_keys(['example_trigger_controller_dag']) retrieved from /home/airflow/.local/lib/python3.7/site-packages/airflow/example_dags/example_trigger_controller_dag.py
[2022-02-05 19:33:57,806] {logging_mixin.py:109} INFO - [2022-02-05 19:33:57,806] {dag.py:2396} INFO - Sync 1 DAGs
[2022-02-05 19:33:57,817] {logging_mixin.py:109} INFO - [2022-02-05 19:33:57,817] {dag.py:2935} INFO - Setting next_dagrun for example_trigger_controller_dag to 2021-01-01T00:00:00+00:00
[2022-02-05 19:33:57,826] {processor.py:171} INFO - Processing /home/airflow/.local/lib/python3.7/site-packages/airflow/example_dags/example_trigger_controller_dag.py took 0.054 seconds
[2022-02-05 19:34:28,814] {processor.py:163} INFO - Started process (PID=1571) to work on /home/airflow/.local/lib/python3.7/site-packages/airflow/example_dags/example_trigger_controller_dag.py
[2022-02-05 19:34:28,816] {processor.py:642} INFO - Processing file /home/airflow/.local/lib/python3.7/site-packages/airflow/example_dags/example_trigger_controller_dag.py for tasks to queue
[2022-02-05 19:34:28,816] {logging_mixin.py:109} INFO - [2022-02-05 19:34:28,816] {dagbag.py:500} INFO - Filling up the DagBag from /home/airflow/.local/lib/python3.7/site-packages/airflow/example_dags/example_trigger_controller_dag.py
[2022-02-05 19:34:28,838] {processor.py:654} INFO - DAG(s) dict_keys(['example_trigger_controller_dag']) retrieved from /home/airflow/.local/lib/python3.7/site-packages/airflow/example_dags/example_trigger_controller_dag.py
[2022-02-05 19:34:28,847] {logging_mixin.py:109} INFO - [2022-02-05 19:34:28,847] {dag.py:2396} INFO - Sync 1 DAGs
[2022-02-05 19:34:28,860] {logging_mixin.py:109} INFO - [2022-02-05 19:34:28,860] {dag.py:2935} INFO - Setting next_dagrun for example_trigger_controller_dag to 2021-01-01T00:00:00+00:00
[2022-02-05 19:34:28,867] {processor.py:171} INFO - Processing /home/airflow/.local/lib/python3.7/site-packages/airflow/example_dags/example_trigger_controller_dag.py took 0.056 seconds
[2022-02-05 19:34:59,824] {processor.py:163} INFO - Started process (PID=1623) to work on /home/airflow/.local/lib/python3.7/site-packages/airflow/example_dags/example_trigger_controller_dag.py
[2022-02-05 19:34:59,825] {processor.py:642} INFO - Processing file /home/airflow/.local/lib/python3.7/site-packages/airflow/example_dags/example_trigger_controller_dag.py for tasks to queue
[2022-02-05 19:34:59,825] {logging_mixin.py:109} INFO - [2022-02-05 19:34:59,825] {dagbag.py:500} INFO - Filling up the DagBag from /home/airflow/.local/lib/python3.7/site-packages/airflow/example_dags/example_trigger_controller_dag.py
[2022-02-05 19:34:59,848] {processor.py:654} INFO - DAG(s) dict_keys(['example_trigger_controller_dag']) retrieved from /home/airflow/.local/lib/python3.7/site-packages/airflow/example_dags/example_trigger_controller_dag.py
[2022-02-05 19:34:59,857] {logging_mixin.py:109} INFO - [2022-02-05 19:34:59,856] {dag.py:2396} INFO - Sync 1 DAGs
[2022-02-05 19:34:59,871] {logging_mixin.py:109} INFO - [2022-02-05 19:34:59,871] {dag.py:2935} INFO - Setting next_dagrun for example_trigger_controller_dag to 2021-01-01T00:00:00+00:00
[2022-02-05 19:34:59,879] {processor.py:171} INFO - Processing /home/airflow/.local/lib/python3.7/site-packages/airflow/example_dags/example_trigger_controller_dag.py took 0.058 seconds
[2022-02-05 19:35:29,988] {processor.py:163} INFO - Started process (PID=1684) to work on /home/airflow/.local/lib/python3.7/site-packages/airflow/example_dags/example_trigger_controller_dag.py
[2022-02-05 19:35:29,990] {processor.py:642} INFO - Processing file /home/airflow/.local/lib/python3.7/site-packages/airflow/example_dags/example_trigger_controller_dag.py for tasks to queue
[2022-02-05 19:35:29,991] {logging_mixin.py:109} INFO - [2022-02-05 19:35:29,991] {dagbag.py:500} INFO - Filling up the DagBag from /home/airflow/.local/lib/python3.7/site-packages/airflow/example_dags/example_trigger_controller_dag.py
[2022-02-05 19:35:30,042] {processor.py:654} INFO - DAG(s) dict_keys(['example_trigger_controller_dag']) retrieved from /home/airflow/.local/lib/python3.7/site-packages/airflow/example_dags/example_trigger_controller_dag.py
[2022-02-05 19:35:30,050] {logging_mixin.py:109} INFO - [2022-02-05 19:35:30,050] {dag.py:2396} INFO - Sync 1 DAGs
[2022-02-05 19:35:30,065] {logging_mixin.py:109} INFO - [2022-02-05 19:35:30,065] {dag.py:2935} INFO - Setting next_dagrun for example_trigger_controller_dag to 2021-01-01T00:00:00+00:00
[2022-02-05 19:35:30,075] {processor.py:171} INFO - Processing /home/airflow/.local/lib/python3.7/site-packages/airflow/example_dags/example_trigger_controller_dag.py took 0.089 seconds
[2022-02-05 19:36:00,914] {processor.py:163} INFO - Started process (PID=1737) to work on /home/airflow/.local/lib/python3.7/site-packages/airflow/example_dags/example_trigger_controller_dag.py
[2022-02-05 19:36:00,916] {processor.py:642} INFO - Processing file /home/airflow/.local/lib/python3.7/site-packages/airflow/example_dags/example_trigger_controller_dag.py for tasks to queue
[2022-02-05 19:36:00,917] {logging_mixin.py:109} INFO - [2022-02-05 19:36:00,916] {dagbag.py:500} INFO - Filling up the DagBag from /home/airflow/.local/lib/python3.7/site-packages/airflow/example_dags/example_trigger_controller_dag.py
[2022-02-05 19:36:00,948] {processor.py:654} INFO - DAG(s) dict_keys(['example_trigger_controller_dag']) retrieved from /home/airflow/.local/lib/python3.7/site-packages/airflow/example_dags/example_trigger_controller_dag.py
[2022-02-05 19:36:00,960] {logging_mixin.py:109} INFO - [2022-02-05 19:36:00,960] {dag.py:2396} INFO - Sync 1 DAGs
[2022-02-05 19:36:00,985] {logging_mixin.py:109} INFO - [2022-02-05 19:36:00,985] {dag.py:2935} INFO - Setting next_dagrun for example_trigger_controller_dag to 2021-01-01T00:00:00+00:00
[2022-02-05 19:36:01,001] {processor.py:171} INFO - Processing /home/airflow/.local/lib/python3.7/site-packages/airflow/example_dags/example_trigger_controller_dag.py took 0.091 seconds
[2022-02-05 19:36:31,525] {processor.py:163} INFO - Started process (PID=1799) to work on /home/airflow/.local/lib/python3.7/site-packages/airflow/example_dags/example_trigger_controller_dag.py
[2022-02-05 19:36:31,526] {processor.py:642} INFO - Processing file /home/airflow/.local/lib/python3.7/site-packages/airflow/example_dags/example_trigger_controller_dag.py for tasks to queue
[2022-02-05 19:36:31,527] {logging_mixin.py:109} INFO - [2022-02-05 19:36:31,527] {dagbag.py:500} INFO - Filling up the DagBag from /home/airflow/.local/lib/python3.7/site-packages/airflow/example_dags/example_trigger_controller_dag.py
[2022-02-05 19:36:31,549] {processor.py:654} INFO - DAG(s) dict_keys(['example_trigger_controller_dag']) retrieved from /home/airflow/.local/lib/python3.7/site-packages/airflow/example_dags/example_trigger_controller_dag.py
[2022-02-05 19:36:31,558] {logging_mixin.py:109} INFO - [2022-02-05 19:36:31,557] {dag.py:2396} INFO - Sync 1 DAGs
[2022-02-05 19:36:31,571] {logging_mixin.py:109} INFO - [2022-02-05 19:36:31,571] {dag.py:2935} INFO - Setting next_dagrun for example_trigger_controller_dag to 2021-01-01T00:00:00+00:00
[2022-02-05 19:36:31,580] {processor.py:171} INFO - Processing /home/airflow/.local/lib/python3.7/site-packages/airflow/example_dags/example_trigger_controller_dag.py took 0.058 seconds
[2022-02-05 19:37:02,621] {processor.py:163} INFO - Started process (PID=1858) to work on /home/airflow/.local/lib/python3.7/site-packages/airflow/example_dags/example_trigger_controller_dag.py
[2022-02-05 19:37:02,622] {processor.py:642} INFO - Processing file /home/airflow/.local/lib/python3.7/site-packages/airflow/example_dags/example_trigger_controller_dag.py for tasks to queue
[2022-02-05 19:37:02,623] {logging_mixin.py:109} INFO - [2022-02-05 19:37:02,623] {dagbag.py:500} INFO - Filling up the DagBag from /home/airflow/.local/lib/python3.7/site-packages/airflow/example_dags/example_trigger_controller_dag.py
[2022-02-05 19:37:02,646] {processor.py:654} INFO - DAG(s) dict_keys(['example_trigger_controller_dag']) retrieved from /home/airflow/.local/lib/python3.7/site-packages/airflow/example_dags/example_trigger_controller_dag.py
[2022-02-05 19:37:02,655] {logging_mixin.py:109} INFO - [2022-02-05 19:37:02,655] {dag.py:2396} INFO - Sync 1 DAGs
[2022-02-05 19:37:02,668] {logging_mixin.py:109} INFO - [2022-02-05 19:37:02,668] {dag.py:2935} INFO - Setting next_dagrun for example_trigger_controller_dag to 2021-01-01T00:00:00+00:00
[2022-02-05 19:37:02,676] {processor.py:171} INFO - Processing /home/airflow/.local/lib/python3.7/site-packages/airflow/example_dags/example_trigger_controller_dag.py took 0.058 seconds
[2022-02-05 19:37:32,954] {processor.py:163} INFO - Started process (PID=1913) to work on /home/airflow/.local/lib/python3.7/site-packages/airflow/example_dags/example_trigger_controller_dag.py
[2022-02-05 19:37:32,955] {processor.py:642} INFO - Processing file /home/airflow/.local/lib/python3.7/site-packages/airflow/example_dags/example_trigger_controller_dag.py for tasks to queue
[2022-02-05 19:37:32,956] {logging_mixin.py:109} INFO - [2022-02-05 19:37:32,956] {dagbag.py:500} INFO - Filling up the DagBag from /home/airflow/.local/lib/python3.7/site-packages/airflow/example_dags/example_trigger_controller_dag.py
[2022-02-05 19:37:32,986] {processor.py:654} INFO - DAG(s) dict_keys(['example_trigger_controller_dag']) retrieved from /home/airflow/.local/lib/python3.7/site-packages/airflow/example_dags/example_trigger_controller_dag.py
[2022-02-05 19:37:32,999] {logging_mixin.py:109} INFO - [2022-02-05 19:37:32,998] {dag.py:2396} INFO - Sync 1 DAGs
[2022-02-05 19:37:33,013] {logging_mixin.py:109} INFO - [2022-02-05 19:37:33,012] {dag.py:2935} INFO - Setting next_dagrun for example_trigger_controller_dag to 2021-01-01T00:00:00+00:00
[2022-02-05 19:37:33,021] {processor.py:171} INFO - Processing /home/airflow/.local/lib/python3.7/site-packages/airflow/example_dags/example_trigger_controller_dag.py took 0.071 seconds
[2022-02-05 19:38:03,780] {processor.py:163} INFO - Started process (PID=1976) to work on /home/airflow/.local/lib/python3.7/site-packages/airflow/example_dags/example_trigger_controller_dag.py
[2022-02-05 19:38:03,781] {processor.py:642} INFO - Processing file /home/airflow/.local/lib/python3.7/site-packages/airflow/example_dags/example_trigger_controller_dag.py for tasks to queue
[2022-02-05 19:38:03,782] {logging_mixin.py:109} INFO - [2022-02-05 19:38:03,782] {dagbag.py:500} INFO - Filling up the DagBag from /home/airflow/.local/lib/python3.7/site-packages/airflow/example_dags/example_trigger_controller_dag.py
[2022-02-05 19:38:03,814] {processor.py:654} INFO - DAG(s) dict_keys(['example_trigger_controller_dag']) retrieved from /home/airflow/.local/lib/python3.7/site-packages/airflow/example_dags/example_trigger_controller_dag.py
[2022-02-05 19:38:03,825] {logging_mixin.py:109} INFO - [2022-02-05 19:38:03,825] {dag.py:2396} INFO - Sync 1 DAGs
[2022-02-05 19:38:03,843] {logging_mixin.py:109} INFO - [2022-02-05 19:38:03,843] {dag.py:2935} INFO - Setting next_dagrun for example_trigger_controller_dag to 2021-01-01T00:00:00+00:00
[2022-02-05 19:38:03,854] {processor.py:171} INFO - Processing /home/airflow/.local/lib/python3.7/site-packages/airflow/example_dags/example_trigger_controller_dag.py took 0.078 seconds
[2022-02-05 19:38:34,338] {processor.py:163} INFO - Started process (PID=2029) to work on /home/airflow/.local/lib/python3.7/site-packages/airflow/example_dags/example_trigger_controller_dag.py
[2022-02-05 19:38:34,339] {processor.py:642} INFO - Processing file /home/airflow/.local/lib/python3.7/site-packages/airflow/example_dags/example_trigger_controller_dag.py for tasks to queue
[2022-02-05 19:38:34,340] {logging_mixin.py:109} INFO - [2022-02-05 19:38:34,340] {dagbag.py:500} INFO - Filling up the DagBag from /home/airflow/.local/lib/python3.7/site-packages/airflow/example_dags/example_trigger_controller_dag.py
[2022-02-05 19:38:34,362] {processor.py:654} INFO - DAG(s) dict_keys(['example_trigger_controller_dag']) retrieved from /home/airflow/.local/lib/python3.7/site-packages/airflow/example_dags/example_trigger_controller_dag.py
[2022-02-05 19:38:34,370] {logging_mixin.py:109} INFO - [2022-02-05 19:38:34,370] {dag.py:2396} INFO - Sync 1 DAGs
[2022-02-05 19:38:34,383] {logging_mixin.py:109} INFO - [2022-02-05 19:38:34,383] {dag.py:2935} INFO - Setting next_dagrun for example_trigger_controller_dag to 2021-01-01T00:00:00+00:00
[2022-02-05 19:38:34,392] {processor.py:171} INFO - Processing /home/airflow/.local/lib/python3.7/site-packages/airflow/example_dags/example_trigger_controller_dag.py took 0.056 seconds
[2022-02-05 19:39:04,883] {processor.py:163} INFO - Started process (PID=2093) to work on /home/airflow/.local/lib/python3.7/site-packages/airflow/example_dags/example_trigger_controller_dag.py
[2022-02-05 19:39:04,886] {processor.py:642} INFO - Processing file /home/airflow/.local/lib/python3.7/site-packages/airflow/example_dags/example_trigger_controller_dag.py for tasks to queue
[2022-02-05 19:39:04,886] {logging_mixin.py:109} INFO - [2022-02-05 19:39:04,886] {dagbag.py:500} INFO - Filling up the DagBag from /home/airflow/.local/lib/python3.7/site-packages/airflow/example_dags/example_trigger_controller_dag.py
[2022-02-05 19:39:04,929] {processor.py:654} INFO - DAG(s) dict_keys(['example_trigger_controller_dag']) retrieved from /home/airflow/.local/lib/python3.7/site-packages/airflow/example_dags/example_trigger_controller_dag.py
[2022-02-05 19:39:04,941] {logging_mixin.py:109} INFO - [2022-02-05 19:39:04,941] {dag.py:2396} INFO - Sync 1 DAGs
[2022-02-05 19:39:04,963] {logging_mixin.py:109} INFO - [2022-02-05 19:39:04,962] {dag.py:2935} INFO - Setting next_dagrun for example_trigger_controller_dag to 2021-01-01T00:00:00+00:00
[2022-02-05 19:39:04,993] {processor.py:171} INFO - Processing /home/airflow/.local/lib/python3.7/site-packages/airflow/example_dags/example_trigger_controller_dag.py took 0.123 seconds
[2022-02-05 19:39:35,424] {processor.py:163} INFO - Started process (PID=2149) to work on /home/airflow/.local/lib/python3.7/site-packages/airflow/example_dags/example_trigger_controller_dag.py
[2022-02-05 19:39:35,434] {processor.py:642} INFO - Processing file /home/airflow/.local/lib/python3.7/site-packages/airflow/example_dags/example_trigger_controller_dag.py for tasks to queue
[2022-02-05 19:39:35,435] {logging_mixin.py:109} INFO - [2022-02-05 19:39:35,435] {dagbag.py:500} INFO - Filling up the DagBag from /home/airflow/.local/lib/python3.7/site-packages/airflow/example_dags/example_trigger_controller_dag.py
[2022-02-05 19:39:35,470] {processor.py:654} INFO - DAG(s) dict_keys(['example_trigger_controller_dag']) retrieved from /home/airflow/.local/lib/python3.7/site-packages/airflow/example_dags/example_trigger_controller_dag.py
[2022-02-05 19:39:35,484] {logging_mixin.py:109} INFO - [2022-02-05 19:39:35,484] {dag.py:2396} INFO - Sync 1 DAGs
[2022-02-05 19:39:35,509] {logging_mixin.py:109} INFO - [2022-02-05 19:39:35,508] {dag.py:2935} INFO - Setting next_dagrun for example_trigger_controller_dag to 2021-01-01T00:00:00+00:00
[2022-02-05 19:39:35,525] {processor.py:171} INFO - Processing /home/airflow/.local/lib/python3.7/site-packages/airflow/example_dags/example_trigger_controller_dag.py took 0.106 seconds
[2022-02-05 19:40:08,482] {processor.py:163} INFO - Started process (PID=2203) to work on /home/airflow/.local/lib/python3.7/site-packages/airflow/example_dags/example_trigger_controller_dag.py
[2022-02-05 19:40:08,484] {processor.py:642} INFO - Processing file /home/airflow/.local/lib/python3.7/site-packages/airflow/example_dags/example_trigger_controller_dag.py for tasks to queue
[2022-02-05 19:40:08,485] {logging_mixin.py:109} INFO - [2022-02-05 19:40:08,485] {dagbag.py:500} INFO - Filling up the DagBag from /home/airflow/.local/lib/python3.7/site-packages/airflow/example_dags/example_trigger_controller_dag.py
[2022-02-05 19:40:08,521] {processor.py:654} INFO - DAG(s) dict_keys(['example_trigger_controller_dag']) retrieved from /home/airflow/.local/lib/python3.7/site-packages/airflow/example_dags/example_trigger_controller_dag.py
[2022-02-05 19:40:08,536] {logging_mixin.py:109} INFO - [2022-02-05 19:40:08,535] {dag.py:2396} INFO - Sync 1 DAGs
[2022-02-05 19:40:08,561] {logging_mixin.py:109} INFO - [2022-02-05 19:40:08,560] {dag.py:2935} INFO - Setting next_dagrun for example_trigger_controller_dag to 2021-01-01T00:00:00+00:00
[2022-02-05 19:40:08,574] {processor.py:171} INFO - Processing /home/airflow/.local/lib/python3.7/site-packages/airflow/example_dags/example_trigger_controller_dag.py took 0.097 seconds
[2022-02-05 19:40:39,050] {processor.py:163} INFO - Started process (PID=2270) to work on /home/airflow/.local/lib/python3.7/site-packages/airflow/example_dags/example_trigger_controller_dag.py
[2022-02-05 19:40:39,055] {processor.py:642} INFO - Processing file /home/airflow/.local/lib/python3.7/site-packages/airflow/example_dags/example_trigger_controller_dag.py for tasks to queue
[2022-02-05 19:40:39,058] {logging_mixin.py:109} INFO - [2022-02-05 19:40:39,057] {dagbag.py:500} INFO - Filling up the DagBag from /home/airflow/.local/lib/python3.7/site-packages/airflow/example_dags/example_trigger_controller_dag.py
[2022-02-05 19:40:39,153] {processor.py:654} INFO - DAG(s) dict_keys(['example_trigger_controller_dag']) retrieved from /home/airflow/.local/lib/python3.7/site-packages/airflow/example_dags/example_trigger_controller_dag.py
[2022-02-05 19:40:39,176] {logging_mixin.py:109} INFO - [2022-02-05 19:40:39,176] {dag.py:2396} INFO - Sync 1 DAGs
[2022-02-05 19:40:39,205] {logging_mixin.py:109} INFO - [2022-02-05 19:40:39,204] {dag.py:2935} INFO - Setting next_dagrun for example_trigger_controller_dag to 2021-01-01T00:00:00+00:00
[2022-02-05 19:40:39,222] {processor.py:171} INFO - Processing /home/airflow/.local/lib/python3.7/site-packages/airflow/example_dags/example_trigger_controller_dag.py took 0.180 seconds
[2022-02-05 19:41:09,265] {processor.py:163} INFO - Started process (PID=2322) to work on /home/airflow/.local/lib/python3.7/site-packages/airflow/example_dags/example_trigger_controller_dag.py
[2022-02-05 19:41:09,266] {processor.py:642} INFO - Processing file /home/airflow/.local/lib/python3.7/site-packages/airflow/example_dags/example_trigger_controller_dag.py for tasks to queue
[2022-02-05 19:41:09,267] {logging_mixin.py:109} INFO - [2022-02-05 19:41:09,267] {dagbag.py:500} INFO - Filling up the DagBag from /home/airflow/.local/lib/python3.7/site-packages/airflow/example_dags/example_trigger_controller_dag.py
[2022-02-05 19:41:09,294] {processor.py:654} INFO - DAG(s) dict_keys(['example_trigger_controller_dag']) retrieved from /home/airflow/.local/lib/python3.7/site-packages/airflow/example_dags/example_trigger_controller_dag.py
[2022-02-05 19:41:09,305] {logging_mixin.py:109} INFO - [2022-02-05 19:41:09,304] {dag.py:2396} INFO - Sync 1 DAGs
[2022-02-05 19:41:09,404] {logging_mixin.py:109} INFO - [2022-02-05 19:41:09,404] {dag.py:2935} INFO - Setting next_dagrun for example_trigger_controller_dag to 2021-01-01T00:00:00+00:00
[2022-02-05 19:41:09,413] {processor.py:171} INFO - Processing /home/airflow/.local/lib/python3.7/site-packages/airflow/example_dags/example_trigger_controller_dag.py took 0.152 seconds
[2022-02-05 19:41:40,048] {processor.py:163} INFO - Started process (PID=2385) to work on /home/airflow/.local/lib/python3.7/site-packages/airflow/example_dags/example_trigger_controller_dag.py
[2022-02-05 19:41:40,050] {processor.py:642} INFO - Processing file /home/airflow/.local/lib/python3.7/site-packages/airflow/example_dags/example_trigger_controller_dag.py for tasks to queue
[2022-02-05 19:41:40,051] {logging_mixin.py:109} INFO - [2022-02-05 19:41:40,051] {dagbag.py:500} INFO - Filling up the DagBag from /home/airflow/.local/lib/python3.7/site-packages/airflow/example_dags/example_trigger_controller_dag.py
[2022-02-05 19:41:40,087] {processor.py:654} INFO - DAG(s) dict_keys(['example_trigger_controller_dag']) retrieved from /home/airflow/.local/lib/python3.7/site-packages/airflow/example_dags/example_trigger_controller_dag.py
[2022-02-05 19:41:40,100] {logging_mixin.py:109} INFO - [2022-02-05 19:41:40,100] {dag.py:2396} INFO - Sync 1 DAGs
[2022-02-05 19:41:40,226] {logging_mixin.py:109} INFO - [2022-02-05 19:41:40,226] {dag.py:2935} INFO - Setting next_dagrun for example_trigger_controller_dag to 2021-01-01T00:00:00+00:00
[2022-02-05 19:41:40,239] {processor.py:171} INFO - Processing /home/airflow/.local/lib/python3.7/site-packages/airflow/example_dags/example_trigger_controller_dag.py took 0.196 seconds
[2022-02-05 19:42:10,345] {processor.py:163} INFO - Started process (PID=2437) to work on /home/airflow/.local/lib/python3.7/site-packages/airflow/example_dags/example_trigger_controller_dag.py
[2022-02-05 19:42:10,347] {processor.py:642} INFO - Processing file /home/airflow/.local/lib/python3.7/site-packages/airflow/example_dags/example_trigger_controller_dag.py for tasks to queue
[2022-02-05 19:42:10,347] {logging_mixin.py:109} INFO - [2022-02-05 19:42:10,347] {dagbag.py:500} INFO - Filling up the DagBag from /home/airflow/.local/lib/python3.7/site-packages/airflow/example_dags/example_trigger_controller_dag.py
[2022-02-05 19:42:10,377] {processor.py:654} INFO - DAG(s) dict_keys(['example_trigger_controller_dag']) retrieved from /home/airflow/.local/lib/python3.7/site-packages/airflow/example_dags/example_trigger_controller_dag.py
[2022-02-05 19:42:10,490] {logging_mixin.py:109} INFO - [2022-02-05 19:42:10,490] {dag.py:2396} INFO - Sync 1 DAGs
[2022-02-05 19:42:10,506] {logging_mixin.py:109} INFO - [2022-02-05 19:42:10,506] {dag.py:2935} INFO - Setting next_dagrun for example_trigger_controller_dag to 2021-01-01T00:00:00+00:00
[2022-02-05 19:42:10,518] {processor.py:171} INFO - Processing /home/airflow/.local/lib/python3.7/site-packages/airflow/example_dags/example_trigger_controller_dag.py took 0.177 seconds
[2022-02-05 19:42:41,291] {processor.py:163} INFO - Started process (PID=2500) to work on /home/airflow/.local/lib/python3.7/site-packages/airflow/example_dags/example_trigger_controller_dag.py
[2022-02-05 19:42:41,292] {processor.py:642} INFO - Processing file /home/airflow/.local/lib/python3.7/site-packages/airflow/example_dags/example_trigger_controller_dag.py for tasks to queue
[2022-02-05 19:42:41,293] {logging_mixin.py:109} INFO - [2022-02-05 19:42:41,293] {dagbag.py:500} INFO - Filling up the DagBag from /home/airflow/.local/lib/python3.7/site-packages/airflow/example_dags/example_trigger_controller_dag.py
[2022-02-05 19:42:41,329] {processor.py:654} INFO - DAG(s) dict_keys(['example_trigger_controller_dag']) retrieved from /home/airflow/.local/lib/python3.7/site-packages/airflow/example_dags/example_trigger_controller_dag.py
[2022-02-05 19:42:41,462] {logging_mixin.py:109} INFO - [2022-02-05 19:42:41,462] {dag.py:2396} INFO - Sync 1 DAGs
[2022-02-05 19:42:41,480] {logging_mixin.py:109} INFO - [2022-02-05 19:42:41,480] {dag.py:2935} INFO - Setting next_dagrun for example_trigger_controller_dag to 2021-01-01T00:00:00+00:00
[2022-02-05 19:42:41,491] {processor.py:171} INFO - Processing /home/airflow/.local/lib/python3.7/site-packages/airflow/example_dags/example_trigger_controller_dag.py took 0.205 seconds
[2022-02-05 19:43:11,994] {processor.py:163} INFO - Started process (PID=2552) to work on /home/airflow/.local/lib/python3.7/site-packages/airflow/example_dags/example_trigger_controller_dag.py
[2022-02-05 19:43:11,995] {processor.py:642} INFO - Processing file /home/airflow/.local/lib/python3.7/site-packages/airflow/example_dags/example_trigger_controller_dag.py for tasks to queue
[2022-02-05 19:43:11,996] {logging_mixin.py:109} INFO - [2022-02-05 19:43:11,996] {dagbag.py:500} INFO - Filling up the DagBag from /home/airflow/.local/lib/python3.7/site-packages/airflow/example_dags/example_trigger_controller_dag.py
[2022-02-05 19:43:12,095] {processor.py:654} INFO - DAG(s) dict_keys(['example_trigger_controller_dag']) retrieved from /home/airflow/.local/lib/python3.7/site-packages/airflow/example_dags/example_trigger_controller_dag.py
[2022-02-05 19:43:12,102] {logging_mixin.py:109} INFO - [2022-02-05 19:43:12,102] {dag.py:2396} INFO - Sync 1 DAGs
[2022-02-05 19:43:12,114] {logging_mixin.py:109} INFO - [2022-02-05 19:43:12,113] {dag.py:2935} INFO - Setting next_dagrun for example_trigger_controller_dag to 2021-01-01T00:00:00+00:00
[2022-02-05 19:43:12,122] {processor.py:171} INFO - Processing /home/airflow/.local/lib/python3.7/site-packages/airflow/example_dags/example_trigger_controller_dag.py took 0.132 seconds
[2022-02-05 19:43:42,666] {processor.py:163} INFO - Started process (PID=2616) to work on /home/airflow/.local/lib/python3.7/site-packages/airflow/example_dags/example_trigger_controller_dag.py
[2022-02-05 19:43:42,668] {processor.py:642} INFO - Processing file /home/airflow/.local/lib/python3.7/site-packages/airflow/example_dags/example_trigger_controller_dag.py for tasks to queue
[2022-02-05 19:43:42,668] {logging_mixin.py:109} INFO - [2022-02-05 19:43:42,668] {dagbag.py:500} INFO - Filling up the DagBag from /home/airflow/.local/lib/python3.7/site-packages/airflow/example_dags/example_trigger_controller_dag.py
[2022-02-05 19:43:42,787] {processor.py:654} INFO - DAG(s) dict_keys(['example_trigger_controller_dag']) retrieved from /home/airflow/.local/lib/python3.7/site-packages/airflow/example_dags/example_trigger_controller_dag.py
[2022-02-05 19:43:42,794] {logging_mixin.py:109} INFO - [2022-02-05 19:43:42,794] {dag.py:2396} INFO - Sync 1 DAGs
[2022-02-05 19:43:42,807] {logging_mixin.py:109} INFO - [2022-02-05 19:43:42,806] {dag.py:2935} INFO - Setting next_dagrun for example_trigger_controller_dag to 2021-01-01T00:00:00+00:00
[2022-02-05 19:43:42,816] {processor.py:171} INFO - Processing /home/airflow/.local/lib/python3.7/site-packages/airflow/example_dags/example_trigger_controller_dag.py took 0.154 seconds
[2022-02-05 19:44:13,128] {processor.py:163} INFO - Started process (PID=2673) to work on /home/airflow/.local/lib/python3.7/site-packages/airflow/example_dags/example_trigger_controller_dag.py
[2022-02-05 19:44:13,129] {processor.py:642} INFO - Processing file /home/airflow/.local/lib/python3.7/site-packages/airflow/example_dags/example_trigger_controller_dag.py for tasks to queue
[2022-02-05 19:44:13,130] {logging_mixin.py:109} INFO - [2022-02-05 19:44:13,130] {dagbag.py:500} INFO - Filling up the DagBag from /home/airflow/.local/lib/python3.7/site-packages/airflow/example_dags/example_trigger_controller_dag.py
[2022-02-05 19:44:13,222] {processor.py:654} INFO - DAG(s) dict_keys(['example_trigger_controller_dag']) retrieved from /home/airflow/.local/lib/python3.7/site-packages/airflow/example_dags/example_trigger_controller_dag.py
[2022-02-05 19:44:13,229] {logging_mixin.py:109} INFO - [2022-02-05 19:44:13,229] {dag.py:2396} INFO - Sync 1 DAGs
[2022-02-05 19:44:13,239] {logging_mixin.py:109} INFO - [2022-02-05 19:44:13,239] {dag.py:2935} INFO - Setting next_dagrun for example_trigger_controller_dag to 2021-01-01T00:00:00+00:00
[2022-02-05 19:44:13,249] {processor.py:171} INFO - Processing /home/airflow/.local/lib/python3.7/site-packages/airflow/example_dags/example_trigger_controller_dag.py took 0.123 seconds
[2022-02-05 19:44:43,495] {processor.py:163} INFO - Started process (PID=2735) to work on /home/airflow/.local/lib/python3.7/site-packages/airflow/example_dags/example_trigger_controller_dag.py
[2022-02-05 19:44:43,499] {processor.py:642} INFO - Processing file /home/airflow/.local/lib/python3.7/site-packages/airflow/example_dags/example_trigger_controller_dag.py for tasks to queue
[2022-02-05 19:44:43,500] {logging_mixin.py:109} INFO - [2022-02-05 19:44:43,500] {dagbag.py:500} INFO - Filling up the DagBag from /home/airflow/.local/lib/python3.7/site-packages/airflow/example_dags/example_trigger_controller_dag.py
[2022-02-05 19:44:43,523] {processor.py:654} INFO - DAG(s) dict_keys(['example_trigger_controller_dag']) retrieved from /home/airflow/.local/lib/python3.7/site-packages/airflow/example_dags/example_trigger_controller_dag.py
[2022-02-05 19:44:43,532] {logging_mixin.py:109} INFO - [2022-02-05 19:44:43,532] {dag.py:2396} INFO - Sync 1 DAGs
[2022-02-05 19:44:43,547] {logging_mixin.py:109} INFO - [2022-02-05 19:44:43,547] {dag.py:2935} INFO - Setting next_dagrun for example_trigger_controller_dag to 2021-01-01T00:00:00+00:00
[2022-02-05 19:44:43,557] {processor.py:171} INFO - Processing /home/airflow/.local/lib/python3.7/site-packages/airflow/example_dags/example_trigger_controller_dag.py took 0.066 seconds
[2022-02-05 19:45:14,348] {processor.py:163} INFO - Started process (PID=2787) to work on /home/airflow/.local/lib/python3.7/site-packages/airflow/example_dags/example_trigger_controller_dag.py
[2022-02-05 19:45:14,349] {processor.py:642} INFO - Processing file /home/airflow/.local/lib/python3.7/site-packages/airflow/example_dags/example_trigger_controller_dag.py for tasks to queue
[2022-02-05 19:45:14,349] {logging_mixin.py:109} INFO - [2022-02-05 19:45:14,349] {dagbag.py:500} INFO - Filling up the DagBag from /home/airflow/.local/lib/python3.7/site-packages/airflow/example_dags/example_trigger_controller_dag.py
[2022-02-05 19:45:14,370] {processor.py:654} INFO - DAG(s) dict_keys(['example_trigger_controller_dag']) retrieved from /home/airflow/.local/lib/python3.7/site-packages/airflow/example_dags/example_trigger_controller_dag.py
[2022-02-05 19:45:14,377] {logging_mixin.py:109} INFO - [2022-02-05 19:45:14,377] {dag.py:2396} INFO - Sync 1 DAGs
[2022-02-05 19:45:14,390] {logging_mixin.py:109} INFO - [2022-02-05 19:45:14,390] {dag.py:2935} INFO - Setting next_dagrun for example_trigger_controller_dag to 2021-01-01T00:00:00+00:00
[2022-02-05 19:45:14,399] {processor.py:171} INFO - Processing /home/airflow/.local/lib/python3.7/site-packages/airflow/example_dags/example_trigger_controller_dag.py took 0.054 seconds
[2022-02-05 19:45:45,261] {processor.py:163} INFO - Started process (PID=2850) to work on /home/airflow/.local/lib/python3.7/site-packages/airflow/example_dags/example_trigger_controller_dag.py
[2022-02-05 19:45:45,262] {processor.py:642} INFO - Processing file /home/airflow/.local/lib/python3.7/site-packages/airflow/example_dags/example_trigger_controller_dag.py for tasks to queue
[2022-02-05 19:45:45,263] {logging_mixin.py:109} INFO - [2022-02-05 19:45:45,263] {dagbag.py:500} INFO - Filling up the DagBag from /home/airflow/.local/lib/python3.7/site-packages/airflow/example_dags/example_trigger_controller_dag.py
[2022-02-05 19:45:45,285] {processor.py:654} INFO - DAG(s) dict_keys(['example_trigger_controller_dag']) retrieved from /home/airflow/.local/lib/python3.7/site-packages/airflow/example_dags/example_trigger_controller_dag.py
[2022-02-05 19:45:45,293] {logging_mixin.py:109} INFO - [2022-02-05 19:45:45,293] {dag.py:2396} INFO - Sync 1 DAGs
[2022-02-05 19:45:45,307] {logging_mixin.py:109} INFO - [2022-02-05 19:45:45,307] {dag.py:2935} INFO - Setting next_dagrun for example_trigger_controller_dag to 2021-01-01T00:00:00+00:00
[2022-02-05 19:45:45,315] {processor.py:171} INFO - Processing /home/airflow/.local/lib/python3.7/site-packages/airflow/example_dags/example_trigger_controller_dag.py took 0.057 seconds
[2022-02-05 19:46:16,097] {processor.py:163} INFO - Started process (PID=2912) to work on /home/airflow/.local/lib/python3.7/site-packages/airflow/example_dags/example_trigger_controller_dag.py
[2022-02-05 19:46:16,099] {processor.py:642} INFO - Processing file /home/airflow/.local/lib/python3.7/site-packages/airflow/example_dags/example_trigger_controller_dag.py for tasks to queue
[2022-02-05 19:46:16,099] {logging_mixin.py:109} INFO - [2022-02-05 19:46:16,099] {dagbag.py:500} INFO - Filling up the DagBag from /home/airflow/.local/lib/python3.7/site-packages/airflow/example_dags/example_trigger_controller_dag.py
[2022-02-05 19:46:16,122] {processor.py:654} INFO - DAG(s) dict_keys(['example_trigger_controller_dag']) retrieved from /home/airflow/.local/lib/python3.7/site-packages/airflow/example_dags/example_trigger_controller_dag.py
[2022-02-05 19:46:16,130] {logging_mixin.py:109} INFO - [2022-02-05 19:46:16,130] {dag.py:2396} INFO - Sync 1 DAGs
[2022-02-05 19:46:16,144] {logging_mixin.py:109} INFO - [2022-02-05 19:46:16,144] {dag.py:2935} INFO - Setting next_dagrun for example_trigger_controller_dag to 2021-01-01T00:00:00+00:00
[2022-02-05 19:46:16,153] {processor.py:171} INFO - Processing /home/airflow/.local/lib/python3.7/site-packages/airflow/example_dags/example_trigger_controller_dag.py took 0.059 seconds
[2022-02-05 19:46:46,816] {processor.py:163} INFO - Started process (PID=2964) to work on /home/airflow/.local/lib/python3.7/site-packages/airflow/example_dags/example_trigger_controller_dag.py
[2022-02-05 19:46:46,817] {processor.py:642} INFO - Processing file /home/airflow/.local/lib/python3.7/site-packages/airflow/example_dags/example_trigger_controller_dag.py for tasks to queue
[2022-02-05 19:46:46,817] {logging_mixin.py:109} INFO - [2022-02-05 19:46:46,817] {dagbag.py:500} INFO - Filling up the DagBag from /home/airflow/.local/lib/python3.7/site-packages/airflow/example_dags/example_trigger_controller_dag.py
[2022-02-05 19:46:46,843] {processor.py:654} INFO - DAG(s) dict_keys(['example_trigger_controller_dag']) retrieved from /home/airflow/.local/lib/python3.7/site-packages/airflow/example_dags/example_trigger_controller_dag.py
[2022-02-05 19:46:46,851] {logging_mixin.py:109} INFO - [2022-02-05 19:46:46,851] {dag.py:2396} INFO - Sync 1 DAGs
[2022-02-05 19:46:46,865] {logging_mixin.py:109} INFO - [2022-02-05 19:46:46,865] {dag.py:2935} INFO - Setting next_dagrun for example_trigger_controller_dag to 2021-01-01T00:00:00+00:00
[2022-02-05 19:46:46,874] {processor.py:171} INFO - Processing /home/airflow/.local/lib/python3.7/site-packages/airflow/example_dags/example_trigger_controller_dag.py took 0.060 seconds
[2022-02-05 19:47:17,633] {processor.py:163} INFO - Started process (PID=3025) to work on /home/airflow/.local/lib/python3.7/site-packages/airflow/example_dags/example_trigger_controller_dag.py
[2022-02-05 19:47:17,634] {processor.py:642} INFO - Processing file /home/airflow/.local/lib/python3.7/site-packages/airflow/example_dags/example_trigger_controller_dag.py for tasks to queue
[2022-02-05 19:47:17,635] {logging_mixin.py:109} INFO - [2022-02-05 19:47:17,635] {dagbag.py:500} INFO - Filling up the DagBag from /home/airflow/.local/lib/python3.7/site-packages/airflow/example_dags/example_trigger_controller_dag.py
[2022-02-05 19:47:17,678] {processor.py:654} INFO - DAG(s) dict_keys(['example_trigger_controller_dag']) retrieved from /home/airflow/.local/lib/python3.7/site-packages/airflow/example_dags/example_trigger_controller_dag.py
[2022-02-05 19:47:17,691] {logging_mixin.py:109} INFO - [2022-02-05 19:47:17,691] {dag.py:2396} INFO - Sync 1 DAGs
[2022-02-05 19:47:17,713] {logging_mixin.py:109} INFO - [2022-02-05 19:47:17,713] {dag.py:2935} INFO - Setting next_dagrun for example_trigger_controller_dag to 2021-01-01T00:00:00+00:00
[2022-02-05 19:47:17,726] {processor.py:171} INFO - Processing /home/airflow/.local/lib/python3.7/site-packages/airflow/example_dags/example_trigger_controller_dag.py took 0.097 seconds
[2022-02-05 19:47:48,524] {processor.py:163} INFO - Started process (PID=3077) to work on /home/airflow/.local/lib/python3.7/site-packages/airflow/example_dags/example_trigger_controller_dag.py
[2022-02-05 19:47:48,525] {processor.py:642} INFO - Processing file /home/airflow/.local/lib/python3.7/site-packages/airflow/example_dags/example_trigger_controller_dag.py for tasks to queue
[2022-02-05 19:47:48,525] {logging_mixin.py:109} INFO - [2022-02-05 19:47:48,525] {dagbag.py:500} INFO - Filling up the DagBag from /home/airflow/.local/lib/python3.7/site-packages/airflow/example_dags/example_trigger_controller_dag.py
[2022-02-05 19:47:48,549] {processor.py:654} INFO - DAG(s) dict_keys(['example_trigger_controller_dag']) retrieved from /home/airflow/.local/lib/python3.7/site-packages/airflow/example_dags/example_trigger_controller_dag.py
[2022-02-05 19:47:48,558] {logging_mixin.py:109} INFO - [2022-02-05 19:47:48,557] {dag.py:2396} INFO - Sync 1 DAGs
[2022-02-05 19:47:48,572] {logging_mixin.py:109} INFO - [2022-02-05 19:47:48,571] {dag.py:2935} INFO - Setting next_dagrun for example_trigger_controller_dag to 2021-01-01T00:00:00+00:00
[2022-02-05 19:47:48,581] {processor.py:171} INFO - Processing /home/airflow/.local/lib/python3.7/site-packages/airflow/example_dags/example_trigger_controller_dag.py took 0.061 seconds
[2022-02-05 19:48:19,117] {processor.py:163} INFO - Started process (PID=3140) to work on /home/airflow/.local/lib/python3.7/site-packages/airflow/example_dags/example_trigger_controller_dag.py
[2022-02-05 19:48:19,119] {processor.py:642} INFO - Processing file /home/airflow/.local/lib/python3.7/site-packages/airflow/example_dags/example_trigger_controller_dag.py for tasks to queue
[2022-02-05 19:48:19,122] {logging_mixin.py:109} INFO - [2022-02-05 19:48:19,121] {dagbag.py:500} INFO - Filling up the DagBag from /home/airflow/.local/lib/python3.7/site-packages/airflow/example_dags/example_trigger_controller_dag.py
[2022-02-05 19:48:19,172] {processor.py:654} INFO - DAG(s) dict_keys(['example_trigger_controller_dag']) retrieved from /home/airflow/.local/lib/python3.7/site-packages/airflow/example_dags/example_trigger_controller_dag.py
[2022-02-05 19:48:19,187] {logging_mixin.py:109} INFO - [2022-02-05 19:48:19,187] {dag.py:2396} INFO - Sync 1 DAGs
[2022-02-05 19:48:19,210] {logging_mixin.py:109} INFO - [2022-02-05 19:48:19,210] {dag.py:2935} INFO - Setting next_dagrun for example_trigger_controller_dag to 2021-01-01T00:00:00+00:00
[2022-02-05 19:48:19,224] {processor.py:171} INFO - Processing /home/airflow/.local/lib/python3.7/site-packages/airflow/example_dags/example_trigger_controller_dag.py took 0.111 seconds
[2022-02-05 19:48:50,189] {processor.py:163} INFO - Started process (PID=3193) to work on /home/airflow/.local/lib/python3.7/site-packages/airflow/example_dags/example_trigger_controller_dag.py
[2022-02-05 19:48:50,192] {processor.py:642} INFO - Processing file /home/airflow/.local/lib/python3.7/site-packages/airflow/example_dags/example_trigger_controller_dag.py for tasks to queue
[2022-02-05 19:48:50,193] {logging_mixin.py:109} INFO - [2022-02-05 19:48:50,193] {dagbag.py:500} INFO - Filling up the DagBag from /home/airflow/.local/lib/python3.7/site-packages/airflow/example_dags/example_trigger_controller_dag.py
[2022-02-05 19:48:50,292] {processor.py:654} INFO - DAG(s) dict_keys(['example_trigger_controller_dag']) retrieved from /home/airflow/.local/lib/python3.7/site-packages/airflow/example_dags/example_trigger_controller_dag.py
[2022-02-05 19:48:50,309] {logging_mixin.py:109} INFO - [2022-02-05 19:48:50,309] {dag.py:2396} INFO - Sync 1 DAGs
[2022-02-05 19:48:50,338] {logging_mixin.py:109} INFO - [2022-02-05 19:48:50,337] {dag.py:2935} INFO - Setting next_dagrun for example_trigger_controller_dag to 2021-01-01T00:00:00+00:00
[2022-02-05 19:48:50,360] {processor.py:171} INFO - Processing /home/airflow/.local/lib/python3.7/site-packages/airflow/example_dags/example_trigger_controller_dag.py took 0.179 seconds
[2022-02-05 19:49:21,196] {processor.py:163} INFO - Started process (PID=3258) to work on /home/airflow/.local/lib/python3.7/site-packages/airflow/example_dags/example_trigger_controller_dag.py
[2022-02-05 19:49:21,197] {processor.py:642} INFO - Processing file /home/airflow/.local/lib/python3.7/site-packages/airflow/example_dags/example_trigger_controller_dag.py for tasks to queue
[2022-02-05 19:49:21,197] {logging_mixin.py:109} INFO - [2022-02-05 19:49:21,197] {dagbag.py:500} INFO - Filling up the DagBag from /home/airflow/.local/lib/python3.7/site-packages/airflow/example_dags/example_trigger_controller_dag.py
[2022-02-05 19:49:21,224] {processor.py:654} INFO - DAG(s) dict_keys(['example_trigger_controller_dag']) retrieved from /home/airflow/.local/lib/python3.7/site-packages/airflow/example_dags/example_trigger_controller_dag.py
[2022-02-05 19:49:21,234] {logging_mixin.py:109} INFO - [2022-02-05 19:49:21,234] {dag.py:2396} INFO - Sync 1 DAGs
[2022-02-05 19:49:21,250] {logging_mixin.py:109} INFO - [2022-02-05 19:49:21,250] {dag.py:2935} INFO - Setting next_dagrun for example_trigger_controller_dag to 2021-01-01T00:00:00+00:00
[2022-02-05 19:49:21,260] {processor.py:171} INFO - Processing /home/airflow/.local/lib/python3.7/site-packages/airflow/example_dags/example_trigger_controller_dag.py took 0.068 seconds
[2022-02-05 19:49:51,579] {processor.py:163} INFO - Started process (PID=3311) to work on /home/airflow/.local/lib/python3.7/site-packages/airflow/example_dags/example_trigger_controller_dag.py
[2022-02-05 19:49:51,581] {processor.py:642} INFO - Processing file /home/airflow/.local/lib/python3.7/site-packages/airflow/example_dags/example_trigger_controller_dag.py for tasks to queue
[2022-02-05 19:49:51,581] {logging_mixin.py:109} INFO - [2022-02-05 19:49:51,581] {dagbag.py:500} INFO - Filling up the DagBag from /home/airflow/.local/lib/python3.7/site-packages/airflow/example_dags/example_trigger_controller_dag.py
[2022-02-05 19:49:51,604] {processor.py:654} INFO - DAG(s) dict_keys(['example_trigger_controller_dag']) retrieved from /home/airflow/.local/lib/python3.7/site-packages/airflow/example_dags/example_trigger_controller_dag.py
[2022-02-05 19:49:51,613] {logging_mixin.py:109} INFO - [2022-02-05 19:49:51,612] {dag.py:2396} INFO - Sync 1 DAGs
[2022-02-05 19:49:51,626] {logging_mixin.py:109} INFO - [2022-02-05 19:49:51,626] {dag.py:2935} INFO - Setting next_dagrun for example_trigger_controller_dag to 2021-01-01T00:00:00+00:00
[2022-02-05 19:49:51,642] {processor.py:171} INFO - Processing /home/airflow/.local/lib/python3.7/site-packages/airflow/example_dags/example_trigger_controller_dag.py took 0.066 seconds
[2022-02-05 19:50:22,464] {processor.py:163} INFO - Started process (PID=3373) to work on /home/airflow/.local/lib/python3.7/site-packages/airflow/example_dags/example_trigger_controller_dag.py
[2022-02-05 19:50:22,466] {processor.py:642} INFO - Processing file /home/airflow/.local/lib/python3.7/site-packages/airflow/example_dags/example_trigger_controller_dag.py for tasks to queue
[2022-02-05 19:50:22,467] {logging_mixin.py:109} INFO - [2022-02-05 19:50:22,467] {dagbag.py:500} INFO - Filling up the DagBag from /home/airflow/.local/lib/python3.7/site-packages/airflow/example_dags/example_trigger_controller_dag.py
[2022-02-05 19:50:22,489] {processor.py:654} INFO - DAG(s) dict_keys(['example_trigger_controller_dag']) retrieved from /home/airflow/.local/lib/python3.7/site-packages/airflow/example_dags/example_trigger_controller_dag.py
[2022-02-05 19:50:22,501] {logging_mixin.py:109} INFO - [2022-02-05 19:50:22,500] {dag.py:2396} INFO - Sync 1 DAGs
[2022-02-05 19:50:22,516] {logging_mixin.py:109} INFO - [2022-02-05 19:50:22,516] {dag.py:2935} INFO - Setting next_dagrun for example_trigger_controller_dag to 2021-01-01T00:00:00+00:00
[2022-02-05 19:50:22,526] {processor.py:171} INFO - Processing /home/airflow/.local/lib/python3.7/site-packages/airflow/example_dags/example_trigger_controller_dag.py took 0.065 seconds
