[2022-02-05 19:21:02,072] {processor.py:163} INFO - Started process (PID=46) to work on /home/airflow/.local/lib/python3.7/site-packages/airflow/example_dags/example_task_group.py
[2022-02-05 19:21:02,099] {processor.py:642} INFO - Processing file /home/airflow/.local/lib/python3.7/site-packages/airflow/example_dags/example_task_group.py for tasks to queue
[2022-02-05 19:21:02,100] {logging_mixin.py:109} INFO - [2022-02-05 19:21:02,100] {dagbag.py:500} INFO - Filling up the DagBag from /home/airflow/.local/lib/python3.7/site-packages/airflow/example_dags/example_task_group.py
[2022-02-05 19:21:02,233] {processor.py:654} INFO - DAG(s) dict_keys(['example_task_group']) retrieved from /home/airflow/.local/lib/python3.7/site-packages/airflow/example_dags/example_task_group.py
[2022-02-05 19:21:02,266] {logging_mixin.py:109} INFO - [2022-02-05 19:21:02,266] {dag.py:2396} INFO - Sync 1 DAGs
[2022-02-05 19:21:02,291] {logging_mixin.py:109} INFO - [2022-02-05 19:21:02,291] {dag.py:2935} INFO - Setting next_dagrun for example_task_group to 2022-02-04T19:21:02.291133+00:00
[2022-02-05 19:21:02,314] {processor.py:171} INFO - Processing /home/airflow/.local/lib/python3.7/site-packages/airflow/example_dags/example_task_group.py took 0.247 seconds
[2022-02-05 19:21:33,481] {processor.py:163} INFO - Started process (PID=106) to work on /home/airflow/.local/lib/python3.7/site-packages/airflow/example_dags/example_task_group.py
[2022-02-05 19:21:33,482] {processor.py:642} INFO - Processing file /home/airflow/.local/lib/python3.7/site-packages/airflow/example_dags/example_task_group.py for tasks to queue
[2022-02-05 19:21:33,483] {logging_mixin.py:109} INFO - [2022-02-05 19:21:33,483] {dagbag.py:500} INFO - Filling up the DagBag from /home/airflow/.local/lib/python3.7/site-packages/airflow/example_dags/example_task_group.py
[2022-02-05 19:21:33,527] {processor.py:654} INFO - DAG(s) dict_keys(['example_task_group']) retrieved from /home/airflow/.local/lib/python3.7/site-packages/airflow/example_dags/example_task_group.py
[2022-02-05 19:21:33,541] {logging_mixin.py:109} INFO - [2022-02-05 19:21:33,540] {dag.py:2396} INFO - Sync 1 DAGs
[2022-02-05 19:21:33,560] {logging_mixin.py:109} INFO - [2022-02-05 19:21:33,560] {dag.py:2935} INFO - Setting next_dagrun for example_task_group to 2022-02-04T19:21:33.560311+00:00
[2022-02-05 19:21:33,577] {processor.py:171} INFO - Processing /home/airflow/.local/lib/python3.7/site-packages/airflow/example_dags/example_task_group.py took 0.101 seconds
[2022-02-05 19:22:05,417] {processor.py:163} INFO - Started process (PID=159) to work on /home/airflow/.local/lib/python3.7/site-packages/airflow/example_dags/example_task_group.py
[2022-02-05 19:22:05,426] {processor.py:642} INFO - Processing file /home/airflow/.local/lib/python3.7/site-packages/airflow/example_dags/example_task_group.py for tasks to queue
[2022-02-05 19:22:05,430] {logging_mixin.py:109} INFO - [2022-02-05 19:22:05,429] {dagbag.py:500} INFO - Filling up the DagBag from /home/airflow/.local/lib/python3.7/site-packages/airflow/example_dags/example_task_group.py
[2022-02-05 19:22:05,499] {processor.py:654} INFO - DAG(s) dict_keys(['example_task_group']) retrieved from /home/airflow/.local/lib/python3.7/site-packages/airflow/example_dags/example_task_group.py
[2022-02-05 19:22:05,537] {logging_mixin.py:109} INFO - [2022-02-05 19:22:05,537] {dag.py:2396} INFO - Sync 1 DAGs
[2022-02-05 19:22:05,578] {logging_mixin.py:109} INFO - [2022-02-05 19:22:05,578] {dag.py:2935} INFO - Setting next_dagrun for example_task_group to 2022-02-04T19:22:05.577287+00:00
[2022-02-05 19:22:05,604] {processor.py:171} INFO - Processing /home/airflow/.local/lib/python3.7/site-packages/airflow/example_dags/example_task_group.py took 0.204 seconds
[2022-02-05 19:22:36,405] {processor.py:163} INFO - Started process (PID=216) to work on /home/airflow/.local/lib/python3.7/site-packages/airflow/example_dags/example_task_group.py
[2022-02-05 19:22:36,406] {processor.py:642} INFO - Processing file /home/airflow/.local/lib/python3.7/site-packages/airflow/example_dags/example_task_group.py for tasks to queue
[2022-02-05 19:22:36,407] {logging_mixin.py:109} INFO - [2022-02-05 19:22:36,407] {dagbag.py:500} INFO - Filling up the DagBag from /home/airflow/.local/lib/python3.7/site-packages/airflow/example_dags/example_task_group.py
[2022-02-05 19:22:36,444] {processor.py:654} INFO - DAG(s) dict_keys(['example_task_group']) retrieved from /home/airflow/.local/lib/python3.7/site-packages/airflow/example_dags/example_task_group.py
[2022-02-05 19:22:36,459] {logging_mixin.py:109} INFO - [2022-02-05 19:22:36,459] {dag.py:2396} INFO - Sync 1 DAGs
[2022-02-05 19:22:36,479] {logging_mixin.py:109} INFO - [2022-02-05 19:22:36,479] {dag.py:2935} INFO - Setting next_dagrun for example_task_group to 2022-02-04T19:22:36.479150+00:00
[2022-02-05 19:22:36,491] {processor.py:171} INFO - Processing /home/airflow/.local/lib/python3.7/site-packages/airflow/example_dags/example_task_group.py took 0.090 seconds
[2022-02-05 19:23:07,159] {processor.py:163} INFO - Started process (PID=278) to work on /home/airflow/.local/lib/python3.7/site-packages/airflow/example_dags/example_task_group.py
[2022-02-05 19:23:07,161] {processor.py:642} INFO - Processing file /home/airflow/.local/lib/python3.7/site-packages/airflow/example_dags/example_task_group.py for tasks to queue
[2022-02-05 19:23:07,162] {logging_mixin.py:109} INFO - [2022-02-05 19:23:07,162] {dagbag.py:500} INFO - Filling up the DagBag from /home/airflow/.local/lib/python3.7/site-packages/airflow/example_dags/example_task_group.py
[2022-02-05 19:23:07,198] {processor.py:654} INFO - DAG(s) dict_keys(['example_task_group']) retrieved from /home/airflow/.local/lib/python3.7/site-packages/airflow/example_dags/example_task_group.py
[2022-02-05 19:23:07,211] {logging_mixin.py:109} INFO - [2022-02-05 19:23:07,211] {dag.py:2396} INFO - Sync 1 DAGs
[2022-02-05 19:23:07,231] {logging_mixin.py:109} INFO - [2022-02-05 19:23:07,231] {dag.py:2935} INFO - Setting next_dagrun for example_task_group to 2022-02-04T19:23:07.231253+00:00
[2022-02-05 19:23:07,244] {processor.py:171} INFO - Processing /home/airflow/.local/lib/python3.7/site-packages/airflow/example_dags/example_task_group.py took 0.088 seconds
[2022-02-05 19:23:38,036] {processor.py:163} INFO - Started process (PID=331) to work on /home/airflow/.local/lib/python3.7/site-packages/airflow/example_dags/example_task_group.py
[2022-02-05 19:23:38,037] {processor.py:642} INFO - Processing file /home/airflow/.local/lib/python3.7/site-packages/airflow/example_dags/example_task_group.py for tasks to queue
[2022-02-05 19:23:38,038] {logging_mixin.py:109} INFO - [2022-02-05 19:23:38,038] {dagbag.py:500} INFO - Filling up the DagBag from /home/airflow/.local/lib/python3.7/site-packages/airflow/example_dags/example_task_group.py
[2022-02-05 19:23:38,083] {processor.py:654} INFO - DAG(s) dict_keys(['example_task_group']) retrieved from /home/airflow/.local/lib/python3.7/site-packages/airflow/example_dags/example_task_group.py
[2022-02-05 19:23:38,094] {logging_mixin.py:109} INFO - [2022-02-05 19:23:38,094] {dag.py:2396} INFO - Sync 1 DAGs
[2022-02-05 19:23:38,109] {logging_mixin.py:109} INFO - [2022-02-05 19:23:38,109] {dag.py:2935} INFO - Setting next_dagrun for example_task_group to 2022-02-04T19:23:38.109336+00:00
[2022-02-05 19:23:38,119] {processor.py:171} INFO - Processing /home/airflow/.local/lib/python3.7/site-packages/airflow/example_dags/example_task_group.py took 0.085 seconds
[2022-02-05 19:24:08,647] {processor.py:163} INFO - Started process (PID=394) to work on /home/airflow/.local/lib/python3.7/site-packages/airflow/example_dags/example_task_group.py
[2022-02-05 19:24:08,648] {processor.py:642} INFO - Processing file /home/airflow/.local/lib/python3.7/site-packages/airflow/example_dags/example_task_group.py for tasks to queue
[2022-02-05 19:24:08,649] {logging_mixin.py:109} INFO - [2022-02-05 19:24:08,649] {dagbag.py:500} INFO - Filling up the DagBag from /home/airflow/.local/lib/python3.7/site-packages/airflow/example_dags/example_task_group.py
[2022-02-05 19:24:08,736] {processor.py:654} INFO - DAG(s) dict_keys(['example_task_group']) retrieved from /home/airflow/.local/lib/python3.7/site-packages/airflow/example_dags/example_task_group.py
[2022-02-05 19:24:08,758] {logging_mixin.py:109} INFO - [2022-02-05 19:24:08,758] {dag.py:2396} INFO - Sync 1 DAGs
[2022-02-05 19:24:08,787] {logging_mixin.py:109} INFO - [2022-02-05 19:24:08,786] {dag.py:2935} INFO - Setting next_dagrun for example_task_group to 2022-02-04T19:24:08.786568+00:00
[2022-02-05 19:24:08,800] {processor.py:171} INFO - Processing /home/airflow/.local/lib/python3.7/site-packages/airflow/example_dags/example_task_group.py took 0.157 seconds
[2022-02-05 19:24:39,172] {processor.py:163} INFO - Started process (PID=446) to work on /home/airflow/.local/lib/python3.7/site-packages/airflow/example_dags/example_task_group.py
[2022-02-05 19:24:39,173] {processor.py:642} INFO - Processing file /home/airflow/.local/lib/python3.7/site-packages/airflow/example_dags/example_task_group.py for tasks to queue
[2022-02-05 19:24:39,174] {logging_mixin.py:109} INFO - [2022-02-05 19:24:39,174] {dagbag.py:500} INFO - Filling up the DagBag from /home/airflow/.local/lib/python3.7/site-packages/airflow/example_dags/example_task_group.py
[2022-02-05 19:24:39,201] {processor.py:654} INFO - DAG(s) dict_keys(['example_task_group']) retrieved from /home/airflow/.local/lib/python3.7/site-packages/airflow/example_dags/example_task_group.py
[2022-02-05 19:24:39,212] {logging_mixin.py:109} INFO - [2022-02-05 19:24:39,212] {dag.py:2396} INFO - Sync 1 DAGs
[2022-02-05 19:24:39,230] {logging_mixin.py:109} INFO - [2022-02-05 19:24:39,230] {dag.py:2935} INFO - Setting next_dagrun for example_task_group to 2022-02-04T19:24:39.229940+00:00
[2022-02-05 19:24:39,240] {processor.py:171} INFO - Processing /home/airflow/.local/lib/python3.7/site-packages/airflow/example_dags/example_task_group.py took 0.071 seconds
[2022-02-05 19:25:10,044] {processor.py:163} INFO - Started process (PID=506) to work on /home/airflow/.local/lib/python3.7/site-packages/airflow/example_dags/example_task_group.py
[2022-02-05 19:25:10,047] {processor.py:642} INFO - Processing file /home/airflow/.local/lib/python3.7/site-packages/airflow/example_dags/example_task_group.py for tasks to queue
[2022-02-05 19:25:10,061] {logging_mixin.py:109} INFO - [2022-02-05 19:25:10,061] {dagbag.py:500} INFO - Filling up the DagBag from /home/airflow/.local/lib/python3.7/site-packages/airflow/example_dags/example_task_group.py
[2022-02-05 19:25:10,141] {processor.py:654} INFO - DAG(s) dict_keys(['example_task_group']) retrieved from /home/airflow/.local/lib/python3.7/site-packages/airflow/example_dags/example_task_group.py
[2022-02-05 19:25:10,174] {logging_mixin.py:109} INFO - [2022-02-05 19:25:10,174] {dag.py:2396} INFO - Sync 1 DAGs
[2022-02-05 19:25:10,209] {logging_mixin.py:109} INFO - [2022-02-05 19:25:10,209] {dag.py:2935} INFO - Setting next_dagrun for example_task_group to 2022-02-04T19:25:10.208799+00:00
[2022-02-05 19:25:10,223] {processor.py:171} INFO - Processing /home/airflow/.local/lib/python3.7/site-packages/airflow/example_dags/example_task_group.py took 0.185 seconds
[2022-02-05 19:25:41,659] {processor.py:163} INFO - Started process (PID=562) to work on /home/airflow/.local/lib/python3.7/site-packages/airflow/example_dags/example_task_group.py
[2022-02-05 19:25:41,661] {processor.py:642} INFO - Processing file /home/airflow/.local/lib/python3.7/site-packages/airflow/example_dags/example_task_group.py for tasks to queue
[2022-02-05 19:25:41,662] {logging_mixin.py:109} INFO - [2022-02-05 19:25:41,662] {dagbag.py:500} INFO - Filling up the DagBag from /home/airflow/.local/lib/python3.7/site-packages/airflow/example_dags/example_task_group.py
[2022-02-05 19:25:41,708] {processor.py:654} INFO - DAG(s) dict_keys(['example_task_group']) retrieved from /home/airflow/.local/lib/python3.7/site-packages/airflow/example_dags/example_task_group.py
[2022-02-05 19:25:41,724] {logging_mixin.py:109} INFO - [2022-02-05 19:25:41,724] {dag.py:2396} INFO - Sync 1 DAGs
[2022-02-05 19:25:41,748] {logging_mixin.py:109} INFO - [2022-02-05 19:25:41,747] {dag.py:2935} INFO - Setting next_dagrun for example_task_group to 2022-02-04T19:25:41.747540+00:00
[2022-02-05 19:25:41,762] {processor.py:171} INFO - Processing /home/airflow/.local/lib/python3.7/site-packages/airflow/example_dags/example_task_group.py took 0.109 seconds
[2022-02-05 19:26:12,829] {processor.py:163} INFO - Started process (PID=622) to work on /home/airflow/.local/lib/python3.7/site-packages/airflow/example_dags/example_task_group.py
[2022-02-05 19:26:12,832] {processor.py:642} INFO - Processing file /home/airflow/.local/lib/python3.7/site-packages/airflow/example_dags/example_task_group.py for tasks to queue
[2022-02-05 19:26:12,833] {logging_mixin.py:109} INFO - [2022-02-05 19:26:12,833] {dagbag.py:500} INFO - Filling up the DagBag from /home/airflow/.local/lib/python3.7/site-packages/airflow/example_dags/example_task_group.py
[2022-02-05 19:26:12,913] {processor.py:654} INFO - DAG(s) dict_keys(['example_task_group']) retrieved from /home/airflow/.local/lib/python3.7/site-packages/airflow/example_dags/example_task_group.py
[2022-02-05 19:26:12,939] {logging_mixin.py:109} INFO - [2022-02-05 19:26:12,938] {dag.py:2396} INFO - Sync 1 DAGs
[2022-02-05 19:26:13,000] {logging_mixin.py:109} INFO - [2022-02-05 19:26:13,000] {dag.py:2935} INFO - Setting next_dagrun for example_task_group to 2022-02-04T19:26:12.999767+00:00
[2022-02-05 19:26:13,035] {processor.py:171} INFO - Processing /home/airflow/.local/lib/python3.7/site-packages/airflow/example_dags/example_task_group.py took 0.211 seconds
[2022-02-05 19:26:43,527] {processor.py:163} INFO - Started process (PID=679) to work on /home/airflow/.local/lib/python3.7/site-packages/airflow/example_dags/example_task_group.py
[2022-02-05 19:26:43,528] {processor.py:642} INFO - Processing file /home/airflow/.local/lib/python3.7/site-packages/airflow/example_dags/example_task_group.py for tasks to queue
[2022-02-05 19:26:43,529] {logging_mixin.py:109} INFO - [2022-02-05 19:26:43,528] {dagbag.py:500} INFO - Filling up the DagBag from /home/airflow/.local/lib/python3.7/site-packages/airflow/example_dags/example_task_group.py
[2022-02-05 19:26:43,561] {processor.py:654} INFO - DAG(s) dict_keys(['example_task_group']) retrieved from /home/airflow/.local/lib/python3.7/site-packages/airflow/example_dags/example_task_group.py
[2022-02-05 19:26:43,573] {logging_mixin.py:109} INFO - [2022-02-05 19:26:43,573] {dag.py:2396} INFO - Sync 1 DAGs
[2022-02-05 19:26:43,591] {logging_mixin.py:109} INFO - [2022-02-05 19:26:43,591] {dag.py:2935} INFO - Setting next_dagrun for example_task_group to 2022-02-04T19:26:43.590988+00:00
[2022-02-05 19:26:43,604] {processor.py:171} INFO - Processing /home/airflow/.local/lib/python3.7/site-packages/airflow/example_dags/example_task_group.py took 0.081 seconds
[2022-02-05 19:27:13,931] {processor.py:163} INFO - Started process (PID=731) to work on /home/airflow/.local/lib/python3.7/site-packages/airflow/example_dags/example_task_group.py
[2022-02-05 19:27:13,932] {processor.py:642} INFO - Processing file /home/airflow/.local/lib/python3.7/site-packages/airflow/example_dags/example_task_group.py for tasks to queue
[2022-02-05 19:27:13,933] {logging_mixin.py:109} INFO - [2022-02-05 19:27:13,933] {dagbag.py:500} INFO - Filling up the DagBag from /home/airflow/.local/lib/python3.7/site-packages/airflow/example_dags/example_task_group.py
[2022-02-05 19:27:13,956] {processor.py:654} INFO - DAG(s) dict_keys(['example_task_group']) retrieved from /home/airflow/.local/lib/python3.7/site-packages/airflow/example_dags/example_task_group.py
[2022-02-05 19:27:13,965] {logging_mixin.py:109} INFO - [2022-02-05 19:27:13,965] {dag.py:2396} INFO - Sync 1 DAGs
[2022-02-05 19:27:13,979] {logging_mixin.py:109} INFO - [2022-02-05 19:27:13,979] {dag.py:2935} INFO - Setting next_dagrun for example_task_group to 2022-02-04T19:27:13.979572+00:00
[2022-02-05 19:27:13,988] {processor.py:171} INFO - Processing /home/airflow/.local/lib/python3.7/site-packages/airflow/example_dags/example_task_group.py took 0.060 seconds
[2022-02-05 19:27:44,309] {processor.py:163} INFO - Started process (PID=793) to work on /home/airflow/.local/lib/python3.7/site-packages/airflow/example_dags/example_task_group.py
[2022-02-05 19:27:44,310] {processor.py:642} INFO - Processing file /home/airflow/.local/lib/python3.7/site-packages/airflow/example_dags/example_task_group.py for tasks to queue
[2022-02-05 19:27:44,310] {logging_mixin.py:109} INFO - [2022-02-05 19:27:44,310] {dagbag.py:500} INFO - Filling up the DagBag from /home/airflow/.local/lib/python3.7/site-packages/airflow/example_dags/example_task_group.py
[2022-02-05 19:27:44,336] {processor.py:654} INFO - DAG(s) dict_keys(['example_task_group']) retrieved from /home/airflow/.local/lib/python3.7/site-packages/airflow/example_dags/example_task_group.py
[2022-02-05 19:27:44,347] {logging_mixin.py:109} INFO - [2022-02-05 19:27:44,347] {dag.py:2396} INFO - Sync 1 DAGs
[2022-02-05 19:27:44,361] {logging_mixin.py:109} INFO - [2022-02-05 19:27:44,360] {dag.py:2935} INFO - Setting next_dagrun for example_task_group to 2022-02-04T19:27:44.360653+00:00
[2022-02-05 19:27:44,369] {processor.py:171} INFO - Processing /home/airflow/.local/lib/python3.7/site-packages/airflow/example_dags/example_task_group.py took 0.063 seconds
[2022-02-05 19:28:14,723] {processor.py:163} INFO - Started process (PID=847) to work on /home/airflow/.local/lib/python3.7/site-packages/airflow/example_dags/example_task_group.py
[2022-02-05 19:28:14,725] {processor.py:642} INFO - Processing file /home/airflow/.local/lib/python3.7/site-packages/airflow/example_dags/example_task_group.py for tasks to queue
[2022-02-05 19:28:14,725] {logging_mixin.py:109} INFO - [2022-02-05 19:28:14,725] {dagbag.py:500} INFO - Filling up the DagBag from /home/airflow/.local/lib/python3.7/site-packages/airflow/example_dags/example_task_group.py
[2022-02-05 19:28:14,758] {processor.py:654} INFO - DAG(s) dict_keys(['example_task_group']) retrieved from /home/airflow/.local/lib/python3.7/site-packages/airflow/example_dags/example_task_group.py
[2022-02-05 19:28:14,772] {logging_mixin.py:109} INFO - [2022-02-05 19:28:14,772] {dag.py:2396} INFO - Sync 1 DAGs
[2022-02-05 19:28:14,791] {logging_mixin.py:109} INFO - [2022-02-05 19:28:14,791] {dag.py:2935} INFO - Setting next_dagrun for example_task_group to 2022-02-04T19:28:14.791252+00:00
[2022-02-05 19:28:14,803] {processor.py:171} INFO - Processing /home/airflow/.local/lib/python3.7/site-packages/airflow/example_dags/example_task_group.py took 0.084 seconds
[2022-02-05 19:28:45,502] {processor.py:163} INFO - Started process (PID=910) to work on /home/airflow/.local/lib/python3.7/site-packages/airflow/example_dags/example_task_group.py
[2022-02-05 19:28:45,504] {processor.py:642} INFO - Processing file /home/airflow/.local/lib/python3.7/site-packages/airflow/example_dags/example_task_group.py for tasks to queue
[2022-02-05 19:28:45,504] {logging_mixin.py:109} INFO - [2022-02-05 19:28:45,504] {dagbag.py:500} INFO - Filling up the DagBag from /home/airflow/.local/lib/python3.7/site-packages/airflow/example_dags/example_task_group.py
[2022-02-05 19:28:45,538] {processor.py:654} INFO - DAG(s) dict_keys(['example_task_group']) retrieved from /home/airflow/.local/lib/python3.7/site-packages/airflow/example_dags/example_task_group.py
[2022-02-05 19:28:45,552] {logging_mixin.py:109} INFO - [2022-02-05 19:28:45,552] {dag.py:2396} INFO - Sync 1 DAGs
[2022-02-05 19:28:45,572] {logging_mixin.py:109} INFO - [2022-02-05 19:28:45,572] {dag.py:2935} INFO - Setting next_dagrun for example_task_group to 2022-02-04T19:28:45.571704+00:00
[2022-02-05 19:28:45,586] {processor.py:171} INFO - Processing /home/airflow/.local/lib/python3.7/site-packages/airflow/example_dags/example_task_group.py took 0.089 seconds
[2022-02-05 19:29:16,202] {processor.py:163} INFO - Started process (PID=963) to work on /home/airflow/.local/lib/python3.7/site-packages/airflow/example_dags/example_task_group.py
[2022-02-05 19:29:16,203] {processor.py:642} INFO - Processing file /home/airflow/.local/lib/python3.7/site-packages/airflow/example_dags/example_task_group.py for tasks to queue
[2022-02-05 19:29:16,204] {logging_mixin.py:109} INFO - [2022-02-05 19:29:16,204] {dagbag.py:500} INFO - Filling up the DagBag from /home/airflow/.local/lib/python3.7/site-packages/airflow/example_dags/example_task_group.py
[2022-02-05 19:29:16,239] {processor.py:654} INFO - DAG(s) dict_keys(['example_task_group']) retrieved from /home/airflow/.local/lib/python3.7/site-packages/airflow/example_dags/example_task_group.py
[2022-02-05 19:29:16,252] {logging_mixin.py:109} INFO - [2022-02-05 19:29:16,252] {dag.py:2396} INFO - Sync 1 DAGs
[2022-02-05 19:29:16,269] {logging_mixin.py:109} INFO - [2022-02-05 19:29:16,269] {dag.py:2935} INFO - Setting next_dagrun for example_task_group to 2022-02-04T19:29:16.269556+00:00
[2022-02-05 19:29:16,281] {processor.py:171} INFO - Processing /home/airflow/.local/lib/python3.7/site-packages/airflow/example_dags/example_task_group.py took 0.083 seconds
[2022-02-05 19:29:47,172] {processor.py:163} INFO - Started process (PID=1026) to work on /home/airflow/.local/lib/python3.7/site-packages/airflow/example_dags/example_task_group.py
[2022-02-05 19:29:47,175] {processor.py:642} INFO - Processing file /home/airflow/.local/lib/python3.7/site-packages/airflow/example_dags/example_task_group.py for tasks to queue
[2022-02-05 19:29:47,176] {logging_mixin.py:109} INFO - [2022-02-05 19:29:47,176] {dagbag.py:500} INFO - Filling up the DagBag from /home/airflow/.local/lib/python3.7/site-packages/airflow/example_dags/example_task_group.py
[2022-02-05 19:29:47,225] {processor.py:654} INFO - DAG(s) dict_keys(['example_task_group']) retrieved from /home/airflow/.local/lib/python3.7/site-packages/airflow/example_dags/example_task_group.py
[2022-02-05 19:29:47,243] {logging_mixin.py:109} INFO - [2022-02-05 19:29:47,243] {dag.py:2396} INFO - Sync 1 DAGs
[2022-02-05 19:29:47,272] {logging_mixin.py:109} INFO - [2022-02-05 19:29:47,272] {dag.py:2935} INFO - Setting next_dagrun for example_task_group to 2022-02-04T19:29:47.271627+00:00
[2022-02-05 19:29:47,286] {processor.py:171} INFO - Processing /home/airflow/.local/lib/python3.7/site-packages/airflow/example_dags/example_task_group.py took 0.119 seconds
[2022-02-05 19:30:17,472] {processor.py:163} INFO - Started process (PID=1077) to work on /home/airflow/.local/lib/python3.7/site-packages/airflow/example_dags/example_task_group.py
[2022-02-05 19:30:17,473] {processor.py:642} INFO - Processing file /home/airflow/.local/lib/python3.7/site-packages/airflow/example_dags/example_task_group.py for tasks to queue
[2022-02-05 19:30:17,474] {logging_mixin.py:109} INFO - [2022-02-05 19:30:17,474] {dagbag.py:500} INFO - Filling up the DagBag from /home/airflow/.local/lib/python3.7/site-packages/airflow/example_dags/example_task_group.py
[2022-02-05 19:30:17,512] {processor.py:654} INFO - DAG(s) dict_keys(['example_task_group']) retrieved from /home/airflow/.local/lib/python3.7/site-packages/airflow/example_dags/example_task_group.py
[2022-02-05 19:30:17,526] {logging_mixin.py:109} INFO - [2022-02-05 19:30:17,526] {dag.py:2396} INFO - Sync 1 DAGs
[2022-02-05 19:30:17,548] {logging_mixin.py:109} INFO - [2022-02-05 19:30:17,548] {dag.py:2935} INFO - Setting next_dagrun for example_task_group to 2022-02-04T19:30:17.547986+00:00
[2022-02-05 19:30:17,560] {processor.py:171} INFO - Processing /home/airflow/.local/lib/python3.7/site-packages/airflow/example_dags/example_task_group.py took 0.092 seconds
[2022-02-05 19:30:48,555] {processor.py:163} INFO - Started process (PID=1140) to work on /home/airflow/.local/lib/python3.7/site-packages/airflow/example_dags/example_task_group.py
[2022-02-05 19:30:48,557] {processor.py:642} INFO - Processing file /home/airflow/.local/lib/python3.7/site-packages/airflow/example_dags/example_task_group.py for tasks to queue
[2022-02-05 19:30:48,557] {logging_mixin.py:109} INFO - [2022-02-05 19:30:48,557] {dagbag.py:500} INFO - Filling up the DagBag from /home/airflow/.local/lib/python3.7/site-packages/airflow/example_dags/example_task_group.py
[2022-02-05 19:30:48,587] {processor.py:654} INFO - DAG(s) dict_keys(['example_task_group']) retrieved from /home/airflow/.local/lib/python3.7/site-packages/airflow/example_dags/example_task_group.py
[2022-02-05 19:30:48,600] {logging_mixin.py:109} INFO - [2022-02-05 19:30:48,600] {dag.py:2396} INFO - Sync 1 DAGs
[2022-02-05 19:30:48,618] {logging_mixin.py:109} INFO - [2022-02-05 19:30:48,618] {dag.py:2935} INFO - Setting next_dagrun for example_task_group to 2022-02-04T19:30:48.617725+00:00
[2022-02-05 19:30:48,630] {processor.py:171} INFO - Processing /home/airflow/.local/lib/python3.7/site-packages/airflow/example_dags/example_task_group.py took 0.078 seconds
[2022-02-05 19:31:19,041] {processor.py:163} INFO - Started process (PID=1193) to work on /home/airflow/.local/lib/python3.7/site-packages/airflow/example_dags/example_task_group.py
[2022-02-05 19:31:19,042] {processor.py:642} INFO - Processing file /home/airflow/.local/lib/python3.7/site-packages/airflow/example_dags/example_task_group.py for tasks to queue
[2022-02-05 19:31:19,043] {logging_mixin.py:109} INFO - [2022-02-05 19:31:19,043] {dagbag.py:500} INFO - Filling up the DagBag from /home/airflow/.local/lib/python3.7/site-packages/airflow/example_dags/example_task_group.py
[2022-02-05 19:31:19,093] {processor.py:654} INFO - DAG(s) dict_keys(['example_task_group']) retrieved from /home/airflow/.local/lib/python3.7/site-packages/airflow/example_dags/example_task_group.py
[2022-02-05 19:31:19,118] {logging_mixin.py:109} INFO - [2022-02-05 19:31:19,118] {dag.py:2396} INFO - Sync 1 DAGs
[2022-02-05 19:31:19,144] {logging_mixin.py:109} INFO - [2022-02-05 19:31:19,143] {dag.py:2935} INFO - Setting next_dagrun for example_task_group to 2022-02-04T19:31:19.143440+00:00
[2022-02-05 19:31:19,158] {processor.py:171} INFO - Processing /home/airflow/.local/lib/python3.7/site-packages/airflow/example_dags/example_task_group.py took 0.122 seconds
[2022-02-05 19:31:49,209] {processor.py:163} INFO - Started process (PID=1255) to work on /home/airflow/.local/lib/python3.7/site-packages/airflow/example_dags/example_task_group.py
[2022-02-05 19:31:49,210] {processor.py:642} INFO - Processing file /home/airflow/.local/lib/python3.7/site-packages/airflow/example_dags/example_task_group.py for tasks to queue
[2022-02-05 19:31:49,211] {logging_mixin.py:109} INFO - [2022-02-05 19:31:49,211] {dagbag.py:500} INFO - Filling up the DagBag from /home/airflow/.local/lib/python3.7/site-packages/airflow/example_dags/example_task_group.py
[2022-02-05 19:31:49,251] {processor.py:654} INFO - DAG(s) dict_keys(['example_task_group']) retrieved from /home/airflow/.local/lib/python3.7/site-packages/airflow/example_dags/example_task_group.py
[2022-02-05 19:31:49,266] {logging_mixin.py:109} INFO - [2022-02-05 19:31:49,266] {dag.py:2396} INFO - Sync 1 DAGs
[2022-02-05 19:31:49,286] {logging_mixin.py:109} INFO - [2022-02-05 19:31:49,286] {dag.py:2935} INFO - Setting next_dagrun for example_task_group to 2022-02-04T19:31:49.286445+00:00
[2022-02-05 19:31:49,299] {processor.py:171} INFO - Processing /home/airflow/.local/lib/python3.7/site-packages/airflow/example_dags/example_task_group.py took 0.094 seconds
[2022-02-05 19:32:20,319] {processor.py:163} INFO - Started process (PID=1314) to work on /home/airflow/.local/lib/python3.7/site-packages/airflow/example_dags/example_task_group.py
[2022-02-05 19:32:20,320] {processor.py:642} INFO - Processing file /home/airflow/.local/lib/python3.7/site-packages/airflow/example_dags/example_task_group.py for tasks to queue
[2022-02-05 19:32:20,321] {logging_mixin.py:109} INFO - [2022-02-05 19:32:20,321] {dagbag.py:500} INFO - Filling up the DagBag from /home/airflow/.local/lib/python3.7/site-packages/airflow/example_dags/example_task_group.py
[2022-02-05 19:32:20,344] {processor.py:654} INFO - DAG(s) dict_keys(['example_task_group']) retrieved from /home/airflow/.local/lib/python3.7/site-packages/airflow/example_dags/example_task_group.py
[2022-02-05 19:32:20,353] {logging_mixin.py:109} INFO - [2022-02-05 19:32:20,353] {dag.py:2396} INFO - Sync 1 DAGs
[2022-02-05 19:32:20,366] {logging_mixin.py:109} INFO - [2022-02-05 19:32:20,366] {dag.py:2935} INFO - Setting next_dagrun for example_task_group to 2022-02-04T19:32:20.365832+00:00
[2022-02-05 19:32:20,374] {processor.py:171} INFO - Processing /home/airflow/.local/lib/python3.7/site-packages/airflow/example_dags/example_task_group.py took 0.058 seconds
[2022-02-05 19:32:50,985] {processor.py:163} INFO - Started process (PID=1366) to work on /home/airflow/.local/lib/python3.7/site-packages/airflow/example_dags/example_task_group.py
[2022-02-05 19:32:50,986] {processor.py:642} INFO - Processing file /home/airflow/.local/lib/python3.7/site-packages/airflow/example_dags/example_task_group.py for tasks to queue
[2022-02-05 19:32:50,987] {logging_mixin.py:109} INFO - [2022-02-05 19:32:50,987] {dagbag.py:500} INFO - Filling up the DagBag from /home/airflow/.local/lib/python3.7/site-packages/airflow/example_dags/example_task_group.py
[2022-02-05 19:32:51,011] {processor.py:654} INFO - DAG(s) dict_keys(['example_task_group']) retrieved from /home/airflow/.local/lib/python3.7/site-packages/airflow/example_dags/example_task_group.py
[2022-02-05 19:32:51,021] {logging_mixin.py:109} INFO - [2022-02-05 19:32:51,020] {dag.py:2396} INFO - Sync 1 DAGs
[2022-02-05 19:32:51,047] {logging_mixin.py:109} INFO - [2022-02-05 19:32:51,047] {dag.py:2935} INFO - Setting next_dagrun for example_task_group to 2022-02-04T19:32:51.047052+00:00
[2022-02-05 19:32:51,056] {processor.py:171} INFO - Processing /home/airflow/.local/lib/python3.7/site-packages/airflow/example_dags/example_task_group.py took 0.074 seconds
[2022-02-05 19:33:21,337] {processor.py:163} INFO - Started process (PID=1428) to work on /home/airflow/.local/lib/python3.7/site-packages/airflow/example_dags/example_task_group.py
[2022-02-05 19:33:21,339] {processor.py:642} INFO - Processing file /home/airflow/.local/lib/python3.7/site-packages/airflow/example_dags/example_task_group.py for tasks to queue
[2022-02-05 19:33:21,339] {logging_mixin.py:109} INFO - [2022-02-05 19:33:21,339] {dagbag.py:500} INFO - Filling up the DagBag from /home/airflow/.local/lib/python3.7/site-packages/airflow/example_dags/example_task_group.py
[2022-02-05 19:33:21,364] {processor.py:654} INFO - DAG(s) dict_keys(['example_task_group']) retrieved from /home/airflow/.local/lib/python3.7/site-packages/airflow/example_dags/example_task_group.py
[2022-02-05 19:33:21,373] {logging_mixin.py:109} INFO - [2022-02-05 19:33:21,373] {dag.py:2396} INFO - Sync 1 DAGs
[2022-02-05 19:33:21,386] {logging_mixin.py:109} INFO - [2022-02-05 19:33:21,386] {dag.py:2935} INFO - Setting next_dagrun for example_task_group to 2022-02-04T19:33:21.386236+00:00
[2022-02-05 19:33:21,395] {processor.py:171} INFO - Processing /home/airflow/.local/lib/python3.7/site-packages/airflow/example_dags/example_task_group.py took 0.060 seconds
[2022-02-05 19:33:51,645] {processor.py:163} INFO - Started process (PID=1492) to work on /home/airflow/.local/lib/python3.7/site-packages/airflow/example_dags/example_task_group.py
[2022-02-05 19:33:51,646] {processor.py:642} INFO - Processing file /home/airflow/.local/lib/python3.7/site-packages/airflow/example_dags/example_task_group.py for tasks to queue
[2022-02-05 19:33:51,646] {logging_mixin.py:109} INFO - [2022-02-05 19:33:51,646] {dagbag.py:500} INFO - Filling up the DagBag from /home/airflow/.local/lib/python3.7/site-packages/airflow/example_dags/example_task_group.py
[2022-02-05 19:33:51,674] {processor.py:654} INFO - DAG(s) dict_keys(['example_task_group']) retrieved from /home/airflow/.local/lib/python3.7/site-packages/airflow/example_dags/example_task_group.py
[2022-02-05 19:33:51,686] {logging_mixin.py:109} INFO - [2022-02-05 19:33:51,686] {dag.py:2396} INFO - Sync 1 DAGs
[2022-02-05 19:33:51,699] {logging_mixin.py:109} INFO - [2022-02-05 19:33:51,699] {dag.py:2935} INFO - Setting next_dagrun for example_task_group to 2022-02-04T19:33:51.698746+00:00
[2022-02-05 19:33:51,707] {processor.py:171} INFO - Processing /home/airflow/.local/lib/python3.7/site-packages/airflow/example_dags/example_task_group.py took 0.065 seconds
[2022-02-05 19:34:22,872] {processor.py:163} INFO - Started process (PID=1545) to work on /home/airflow/.local/lib/python3.7/site-packages/airflow/example_dags/example_task_group.py
[2022-02-05 19:34:22,874] {processor.py:642} INFO - Processing file /home/airflow/.local/lib/python3.7/site-packages/airflow/example_dags/example_task_group.py for tasks to queue
[2022-02-05 19:34:22,874] {logging_mixin.py:109} INFO - [2022-02-05 19:34:22,874] {dagbag.py:500} INFO - Filling up the DagBag from /home/airflow/.local/lib/python3.7/site-packages/airflow/example_dags/example_task_group.py
[2022-02-05 19:34:22,898] {processor.py:654} INFO - DAG(s) dict_keys(['example_task_group']) retrieved from /home/airflow/.local/lib/python3.7/site-packages/airflow/example_dags/example_task_group.py
[2022-02-05 19:34:22,908] {logging_mixin.py:109} INFO - [2022-02-05 19:34:22,908] {dag.py:2396} INFO - Sync 1 DAGs
[2022-02-05 19:34:22,923] {logging_mixin.py:109} INFO - [2022-02-05 19:34:22,923] {dag.py:2935} INFO - Setting next_dagrun for example_task_group to 2022-02-04T19:34:22.923244+00:00
[2022-02-05 19:34:22,934] {processor.py:171} INFO - Processing /home/airflow/.local/lib/python3.7/site-packages/airflow/example_dags/example_task_group.py took 0.065 seconds
[2022-02-05 19:34:53,760] {processor.py:163} INFO - Started process (PID=1606) to work on /home/airflow/.local/lib/python3.7/site-packages/airflow/example_dags/example_task_group.py
[2022-02-05 19:34:53,762] {processor.py:642} INFO - Processing file /home/airflow/.local/lib/python3.7/site-packages/airflow/example_dags/example_task_group.py for tasks to queue
[2022-02-05 19:34:53,762] {logging_mixin.py:109} INFO - [2022-02-05 19:34:53,762] {dagbag.py:500} INFO - Filling up the DagBag from /home/airflow/.local/lib/python3.7/site-packages/airflow/example_dags/example_task_group.py
[2022-02-05 19:34:53,788] {processor.py:654} INFO - DAG(s) dict_keys(['example_task_group']) retrieved from /home/airflow/.local/lib/python3.7/site-packages/airflow/example_dags/example_task_group.py
[2022-02-05 19:34:53,797] {logging_mixin.py:109} INFO - [2022-02-05 19:34:53,797] {dag.py:2396} INFO - Sync 1 DAGs
[2022-02-05 19:34:53,810] {logging_mixin.py:109} INFO - [2022-02-05 19:34:53,810] {dag.py:2935} INFO - Setting next_dagrun for example_task_group to 2022-02-04T19:34:53.810362+00:00
[2022-02-05 19:34:53,818] {processor.py:171} INFO - Processing /home/airflow/.local/lib/python3.7/site-packages/airflow/example_dags/example_task_group.py took 0.061 seconds
[2022-02-05 19:35:24,069] {processor.py:163} INFO - Started process (PID=1658) to work on /home/airflow/.local/lib/python3.7/site-packages/airflow/example_dags/example_task_group.py
[2022-02-05 19:35:24,070] {processor.py:642} INFO - Processing file /home/airflow/.local/lib/python3.7/site-packages/airflow/example_dags/example_task_group.py for tasks to queue
[2022-02-05 19:35:24,070] {logging_mixin.py:109} INFO - [2022-02-05 19:35:24,070] {dagbag.py:500} INFO - Filling up the DagBag from /home/airflow/.local/lib/python3.7/site-packages/airflow/example_dags/example_task_group.py
[2022-02-05 19:35:24,093] {processor.py:654} INFO - DAG(s) dict_keys(['example_task_group']) retrieved from /home/airflow/.local/lib/python3.7/site-packages/airflow/example_dags/example_task_group.py
[2022-02-05 19:35:24,102] {logging_mixin.py:109} INFO - [2022-02-05 19:35:24,102] {dag.py:2396} INFO - Sync 1 DAGs
[2022-02-05 19:35:24,116] {logging_mixin.py:109} INFO - [2022-02-05 19:35:24,116] {dag.py:2935} INFO - Setting next_dagrun for example_task_group to 2022-02-04T19:35:24.116121+00:00
[2022-02-05 19:35:24,124] {processor.py:171} INFO - Processing /home/airflow/.local/lib/python3.7/site-packages/airflow/example_dags/example_task_group.py took 0.058 seconds
[2022-02-05 19:35:55,248] {processor.py:163} INFO - Started process (PID=1720) to work on /home/airflow/.local/lib/python3.7/site-packages/airflow/example_dags/example_task_group.py
[2022-02-05 19:35:55,250] {processor.py:642} INFO - Processing file /home/airflow/.local/lib/python3.7/site-packages/airflow/example_dags/example_task_group.py for tasks to queue
[2022-02-05 19:35:55,251] {logging_mixin.py:109} INFO - [2022-02-05 19:35:55,251] {dagbag.py:500} INFO - Filling up the DagBag from /home/airflow/.local/lib/python3.7/site-packages/airflow/example_dags/example_task_group.py
[2022-02-05 19:35:55,290] {processor.py:654} INFO - DAG(s) dict_keys(['example_task_group']) retrieved from /home/airflow/.local/lib/python3.7/site-packages/airflow/example_dags/example_task_group.py
[2022-02-05 19:35:55,306] {logging_mixin.py:109} INFO - [2022-02-05 19:35:55,306] {dag.py:2396} INFO - Sync 1 DAGs
[2022-02-05 19:35:55,329] {logging_mixin.py:109} INFO - [2022-02-05 19:35:55,329] {dag.py:2935} INFO - Setting next_dagrun for example_task_group to 2022-02-04T19:35:55.329137+00:00
[2022-02-05 19:35:55,346] {processor.py:171} INFO - Processing /home/airflow/.local/lib/python3.7/site-packages/airflow/example_dags/example_task_group.py took 0.102 seconds
[2022-02-05 19:36:26,271] {processor.py:163} INFO - Started process (PID=1780) to work on /home/airflow/.local/lib/python3.7/site-packages/airflow/example_dags/example_task_group.py
[2022-02-05 19:36:26,274] {processor.py:642} INFO - Processing file /home/airflow/.local/lib/python3.7/site-packages/airflow/example_dags/example_task_group.py for tasks to queue
[2022-02-05 19:36:26,274] {logging_mixin.py:109} INFO - [2022-02-05 19:36:26,274] {dagbag.py:500} INFO - Filling up the DagBag from /home/airflow/.local/lib/python3.7/site-packages/airflow/example_dags/example_task_group.py
[2022-02-05 19:36:26,310] {processor.py:654} INFO - DAG(s) dict_keys(['example_task_group']) retrieved from /home/airflow/.local/lib/python3.7/site-packages/airflow/example_dags/example_task_group.py
[2022-02-05 19:36:26,321] {logging_mixin.py:109} INFO - [2022-02-05 19:36:26,321] {dag.py:2396} INFO - Sync 1 DAGs
[2022-02-05 19:36:26,336] {logging_mixin.py:109} INFO - [2022-02-05 19:36:26,336] {dag.py:2935} INFO - Setting next_dagrun for example_task_group to 2022-02-04T19:36:26.336454+00:00
[2022-02-05 19:36:26,347] {processor.py:171} INFO - Processing /home/airflow/.local/lib/python3.7/site-packages/airflow/example_dags/example_task_group.py took 0.079 seconds
[2022-02-05 19:36:57,467] {processor.py:163} INFO - Started process (PID=1833) to work on /home/airflow/.local/lib/python3.7/site-packages/airflow/example_dags/example_task_group.py
[2022-02-05 19:36:57,469] {processor.py:642} INFO - Processing file /home/airflow/.local/lib/python3.7/site-packages/airflow/example_dags/example_task_group.py for tasks to queue
[2022-02-05 19:36:57,469] {logging_mixin.py:109} INFO - [2022-02-05 19:36:57,469] {dagbag.py:500} INFO - Filling up the DagBag from /home/airflow/.local/lib/python3.7/site-packages/airflow/example_dags/example_task_group.py
[2022-02-05 19:36:57,493] {processor.py:654} INFO - DAG(s) dict_keys(['example_task_group']) retrieved from /home/airflow/.local/lib/python3.7/site-packages/airflow/example_dags/example_task_group.py
[2022-02-05 19:36:57,502] {logging_mixin.py:109} INFO - [2022-02-05 19:36:57,502] {dag.py:2396} INFO - Sync 1 DAGs
[2022-02-05 19:36:57,516] {logging_mixin.py:109} INFO - [2022-02-05 19:36:57,516] {dag.py:2935} INFO - Setting next_dagrun for example_task_group to 2022-02-04T19:36:57.516446+00:00
[2022-02-05 19:36:57,525] {processor.py:171} INFO - Processing /home/airflow/.local/lib/python3.7/site-packages/airflow/example_dags/example_task_group.py took 0.061 seconds
[2022-02-05 19:37:27,676] {processor.py:163} INFO - Started process (PID=1895) to work on /home/airflow/.local/lib/python3.7/site-packages/airflow/example_dags/example_task_group.py
[2022-02-05 19:37:27,678] {processor.py:642} INFO - Processing file /home/airflow/.local/lib/python3.7/site-packages/airflow/example_dags/example_task_group.py for tasks to queue
[2022-02-05 19:37:27,678] {logging_mixin.py:109} INFO - [2022-02-05 19:37:27,678] {dagbag.py:500} INFO - Filling up the DagBag from /home/airflow/.local/lib/python3.7/site-packages/airflow/example_dags/example_task_group.py
[2022-02-05 19:37:27,702] {processor.py:654} INFO - DAG(s) dict_keys(['example_task_group']) retrieved from /home/airflow/.local/lib/python3.7/site-packages/airflow/example_dags/example_task_group.py
[2022-02-05 19:37:27,712] {logging_mixin.py:109} INFO - [2022-02-05 19:37:27,712] {dag.py:2396} INFO - Sync 1 DAGs
[2022-02-05 19:37:27,726] {logging_mixin.py:109} INFO - [2022-02-05 19:37:27,726] {dag.py:2935} INFO - Setting next_dagrun for example_task_group to 2022-02-04T19:37:27.725821+00:00
[2022-02-05 19:37:27,734] {processor.py:171} INFO - Processing /home/airflow/.local/lib/python3.7/site-packages/airflow/example_dags/example_task_group.py took 0.060 seconds
[2022-02-05 19:37:58,412] {processor.py:163} INFO - Started process (PID=1948) to work on /home/airflow/.local/lib/python3.7/site-packages/airflow/example_dags/example_task_group.py
[2022-02-05 19:37:58,414] {processor.py:642} INFO - Processing file /home/airflow/.local/lib/python3.7/site-packages/airflow/example_dags/example_task_group.py for tasks to queue
[2022-02-05 19:37:58,415] {logging_mixin.py:109} INFO - [2022-02-05 19:37:58,415] {dagbag.py:500} INFO - Filling up the DagBag from /home/airflow/.local/lib/python3.7/site-packages/airflow/example_dags/example_task_group.py
[2022-02-05 19:37:58,460] {processor.py:654} INFO - DAG(s) dict_keys(['example_task_group']) retrieved from /home/airflow/.local/lib/python3.7/site-packages/airflow/example_dags/example_task_group.py
[2022-02-05 19:37:58,476] {logging_mixin.py:109} INFO - [2022-02-05 19:37:58,476] {dag.py:2396} INFO - Sync 1 DAGs
[2022-02-05 19:37:58,498] {logging_mixin.py:109} INFO - [2022-02-05 19:37:58,498] {dag.py:2935} INFO - Setting next_dagrun for example_task_group to 2022-02-04T19:37:58.498179+00:00
[2022-02-05 19:37:58,511] {processor.py:171} INFO - Processing /home/airflow/.local/lib/python3.7/site-packages/airflow/example_dags/example_task_group.py took 0.104 seconds
[2022-02-05 19:38:28,974] {processor.py:163} INFO - Started process (PID=2011) to work on /home/airflow/.local/lib/python3.7/site-packages/airflow/example_dags/example_task_group.py
[2022-02-05 19:38:28,975] {processor.py:642} INFO - Processing file /home/airflow/.local/lib/python3.7/site-packages/airflow/example_dags/example_task_group.py for tasks to queue
[2022-02-05 19:38:28,975] {logging_mixin.py:109} INFO - [2022-02-05 19:38:28,975] {dagbag.py:500} INFO - Filling up the DagBag from /home/airflow/.local/lib/python3.7/site-packages/airflow/example_dags/example_task_group.py
[2022-02-05 19:38:29,005] {processor.py:654} INFO - DAG(s) dict_keys(['example_task_group']) retrieved from /home/airflow/.local/lib/python3.7/site-packages/airflow/example_dags/example_task_group.py
[2022-02-05 19:38:29,017] {logging_mixin.py:109} INFO - [2022-02-05 19:38:29,017] {dag.py:2396} INFO - Sync 1 DAGs
[2022-02-05 19:38:29,036] {logging_mixin.py:109} INFO - [2022-02-05 19:38:29,036] {dag.py:2935} INFO - Setting next_dagrun for example_task_group to 2022-02-04T19:38:29.035684+00:00
[2022-02-05 19:38:29,048] {processor.py:171} INFO - Processing /home/airflow/.local/lib/python3.7/site-packages/airflow/example_dags/example_task_group.py took 0.078 seconds
[2022-02-05 19:38:59,583] {processor.py:163} INFO - Started process (PID=2065) to work on /home/airflow/.local/lib/python3.7/site-packages/airflow/example_dags/example_task_group.py
[2022-02-05 19:38:59,585] {processor.py:642} INFO - Processing file /home/airflow/.local/lib/python3.7/site-packages/airflow/example_dags/example_task_group.py for tasks to queue
[2022-02-05 19:38:59,585] {logging_mixin.py:109} INFO - [2022-02-05 19:38:59,585] {dagbag.py:500} INFO - Filling up the DagBag from /home/airflow/.local/lib/python3.7/site-packages/airflow/example_dags/example_task_group.py
[2022-02-05 19:38:59,614] {processor.py:654} INFO - DAG(s) dict_keys(['example_task_group']) retrieved from /home/airflow/.local/lib/python3.7/site-packages/airflow/example_dags/example_task_group.py
[2022-02-05 19:38:59,624] {logging_mixin.py:109} INFO - [2022-02-05 19:38:59,624] {dag.py:2396} INFO - Sync 1 DAGs
[2022-02-05 19:38:59,639] {logging_mixin.py:109} INFO - [2022-02-05 19:38:59,638] {dag.py:2935} INFO - Setting next_dagrun for example_task_group to 2022-02-04T19:38:59.638613+00:00
[2022-02-05 19:38:59,653] {processor.py:171} INFO - Processing /home/airflow/.local/lib/python3.7/site-packages/airflow/example_dags/example_task_group.py took 0.074 seconds
[2022-02-05 19:39:30,149] {processor.py:163} INFO - Started process (PID=2118) to work on /home/airflow/.local/lib/python3.7/site-packages/airflow/example_dags/example_task_group.py
[2022-02-05 19:39:30,150] {processor.py:642} INFO - Processing file /home/airflow/.local/lib/python3.7/site-packages/airflow/example_dags/example_task_group.py for tasks to queue
[2022-02-05 19:39:30,151] {logging_mixin.py:109} INFO - [2022-02-05 19:39:30,151] {dagbag.py:500} INFO - Filling up the DagBag from /home/airflow/.local/lib/python3.7/site-packages/airflow/example_dags/example_task_group.py
[2022-02-05 19:39:30,202] {processor.py:654} INFO - DAG(s) dict_keys(['example_task_group']) retrieved from /home/airflow/.local/lib/python3.7/site-packages/airflow/example_dags/example_task_group.py
[2022-02-05 19:39:30,217] {logging_mixin.py:109} INFO - [2022-02-05 19:39:30,217] {dag.py:2396} INFO - Sync 1 DAGs
[2022-02-05 19:39:30,241] {logging_mixin.py:109} INFO - [2022-02-05 19:39:30,241] {dag.py:2935} INFO - Setting next_dagrun for example_task_group to 2022-02-04T19:39:30.241081+00:00
[2022-02-05 19:39:30,255] {processor.py:171} INFO - Processing /home/airflow/.local/lib/python3.7/site-packages/airflow/example_dags/example_task_group.py took 0.110 seconds
[2022-02-05 19:40:00,699] {processor.py:163} INFO - Started process (PID=2185) to work on /home/airflow/.local/lib/python3.7/site-packages/airflow/example_dags/example_task_group.py
[2022-02-05 19:40:00,701] {processor.py:642} INFO - Processing file /home/airflow/.local/lib/python3.7/site-packages/airflow/example_dags/example_task_group.py for tasks to queue
[2022-02-05 19:40:00,701] {logging_mixin.py:109} INFO - [2022-02-05 19:40:00,701] {dagbag.py:500} INFO - Filling up the DagBag from /home/airflow/.local/lib/python3.7/site-packages/airflow/example_dags/example_task_group.py
[2022-02-05 19:40:00,733] {processor.py:654} INFO - DAG(s) dict_keys(['example_task_group']) retrieved from /home/airflow/.local/lib/python3.7/site-packages/airflow/example_dags/example_task_group.py
[2022-02-05 19:40:00,745] {logging_mixin.py:109} INFO - [2022-02-05 19:40:00,745] {dag.py:2396} INFO - Sync 1 DAGs
[2022-02-05 19:40:00,843] {logging_mixin.py:109} INFO - [2022-02-05 19:40:00,843] {dag.py:2935} INFO - Setting next_dagrun for example_task_group to 2022-02-04T19:40:00.842990+00:00
[2022-02-05 19:40:00,854] {processor.py:171} INFO - Processing /home/airflow/.local/lib/python3.7/site-packages/airflow/example_dags/example_task_group.py took 0.159 seconds
[2022-02-05 19:40:31,193] {processor.py:163} INFO - Started process (PID=2242) to work on /home/airflow/.local/lib/python3.7/site-packages/airflow/example_dags/example_task_group.py
[2022-02-05 19:40:31,195] {processor.py:642} INFO - Processing file /home/airflow/.local/lib/python3.7/site-packages/airflow/example_dags/example_task_group.py for tasks to queue
[2022-02-05 19:40:31,195] {logging_mixin.py:109} INFO - [2022-02-05 19:40:31,195] {dagbag.py:500} INFO - Filling up the DagBag from /home/airflow/.local/lib/python3.7/site-packages/airflow/example_dags/example_task_group.py
[2022-02-05 19:40:31,227] {processor.py:654} INFO - DAG(s) dict_keys(['example_task_group']) retrieved from /home/airflow/.local/lib/python3.7/site-packages/airflow/example_dags/example_task_group.py
[2022-02-05 19:40:31,243] {logging_mixin.py:109} INFO - [2022-02-05 19:40:31,243] {dag.py:2396} INFO - Sync 1 DAGs
[2022-02-05 19:40:31,358] {logging_mixin.py:109} INFO - [2022-02-05 19:40:31,358] {dag.py:2935} INFO - Setting next_dagrun for example_task_group to 2022-02-04T19:40:31.357839+00:00
[2022-02-05 19:40:31,369] {processor.py:171} INFO - Processing /home/airflow/.local/lib/python3.7/site-packages/airflow/example_dags/example_task_group.py took 0.179 seconds
[2022-02-05 19:41:01,428] {processor.py:163} INFO - Started process (PID=2304) to work on /home/airflow/.local/lib/python3.7/site-packages/airflow/example_dags/example_task_group.py
[2022-02-05 19:41:01,431] {processor.py:642} INFO - Processing file /home/airflow/.local/lib/python3.7/site-packages/airflow/example_dags/example_task_group.py for tasks to queue
[2022-02-05 19:41:01,431] {logging_mixin.py:109} INFO - [2022-02-05 19:41:01,431] {dagbag.py:500} INFO - Filling up the DagBag from /home/airflow/.local/lib/python3.7/site-packages/airflow/example_dags/example_task_group.py
[2022-02-05 19:41:01,457] {processor.py:654} INFO - DAG(s) dict_keys(['example_task_group']) retrieved from /home/airflow/.local/lib/python3.7/site-packages/airflow/example_dags/example_task_group.py
[2022-02-05 19:41:01,469] {logging_mixin.py:109} INFO - [2022-02-05 19:41:01,468] {dag.py:2396} INFO - Sync 1 DAGs
[2022-02-05 19:41:01,553] {logging_mixin.py:109} INFO - [2022-02-05 19:41:01,553] {dag.py:2935} INFO - Setting next_dagrun for example_task_group to 2022-02-04T19:41:01.552981+00:00
[2022-02-05 19:41:01,562] {processor.py:171} INFO - Processing /home/airflow/.local/lib/python3.7/site-packages/airflow/example_dags/example_task_group.py took 0.137 seconds
[2022-02-05 19:41:31,866] {processor.py:163} INFO - Started process (PID=2357) to work on /home/airflow/.local/lib/python3.7/site-packages/airflow/example_dags/example_task_group.py
[2022-02-05 19:41:31,867] {processor.py:642} INFO - Processing file /home/airflow/.local/lib/python3.7/site-packages/airflow/example_dags/example_task_group.py for tasks to queue
[2022-02-05 19:41:31,868] {logging_mixin.py:109} INFO - [2022-02-05 19:41:31,868] {dagbag.py:500} INFO - Filling up the DagBag from /home/airflow/.local/lib/python3.7/site-packages/airflow/example_dags/example_task_group.py
[2022-02-05 19:41:31,897] {processor.py:654} INFO - DAG(s) dict_keys(['example_task_group']) retrieved from /home/airflow/.local/lib/python3.7/site-packages/airflow/example_dags/example_task_group.py
[2022-02-05 19:41:31,908] {logging_mixin.py:109} INFO - [2022-02-05 19:41:31,908] {dag.py:2396} INFO - Sync 1 DAGs
[2022-02-05 19:41:32,001] {logging_mixin.py:109} INFO - [2022-02-05 19:41:32,001] {dag.py:2935} INFO - Setting next_dagrun for example_task_group to 2022-02-04T19:41:32.001256+00:00
[2022-02-05 19:41:32,011] {processor.py:171} INFO - Processing /home/airflow/.local/lib/python3.7/site-packages/airflow/example_dags/example_task_group.py took 0.149 seconds
[2022-02-05 19:42:02,522] {processor.py:163} INFO - Started process (PID=2418) to work on /home/airflow/.local/lib/python3.7/site-packages/airflow/example_dags/example_task_group.py
[2022-02-05 19:42:02,523] {processor.py:642} INFO - Processing file /home/airflow/.local/lib/python3.7/site-packages/airflow/example_dags/example_task_group.py for tasks to queue
[2022-02-05 19:42:02,524] {logging_mixin.py:109} INFO - [2022-02-05 19:42:02,523] {dagbag.py:500} INFO - Filling up the DagBag from /home/airflow/.local/lib/python3.7/site-packages/airflow/example_dags/example_task_group.py
[2022-02-05 19:42:02,622] {processor.py:654} INFO - DAG(s) dict_keys(['example_task_group']) retrieved from /home/airflow/.local/lib/python3.7/site-packages/airflow/example_dags/example_task_group.py
[2022-02-05 19:42:02,630] {logging_mixin.py:109} INFO - [2022-02-05 19:42:02,630] {dag.py:2396} INFO - Sync 1 DAGs
[2022-02-05 19:42:02,641] {logging_mixin.py:109} INFO - [2022-02-05 19:42:02,641] {dag.py:2935} INFO - Setting next_dagrun for example_task_group to 2022-02-04T19:42:02.641138+00:00
[2022-02-05 19:42:02,650] {processor.py:171} INFO - Processing /home/airflow/.local/lib/python3.7/site-packages/airflow/example_dags/example_task_group.py took 0.131 seconds
[2022-02-05 19:42:33,400] {processor.py:163} INFO - Started process (PID=2471) to work on /home/airflow/.local/lib/python3.7/site-packages/airflow/example_dags/example_task_group.py
[2022-02-05 19:42:33,402] {processor.py:642} INFO - Processing file /home/airflow/.local/lib/python3.7/site-packages/airflow/example_dags/example_task_group.py for tasks to queue
[2022-02-05 19:42:33,403] {logging_mixin.py:109} INFO - [2022-02-05 19:42:33,403] {dagbag.py:500} INFO - Filling up the DagBag from /home/airflow/.local/lib/python3.7/site-packages/airflow/example_dags/example_task_group.py
[2022-02-05 19:42:33,499] {processor.py:654} INFO - DAG(s) dict_keys(['example_task_group']) retrieved from /home/airflow/.local/lib/python3.7/site-packages/airflow/example_dags/example_task_group.py
[2022-02-05 19:42:33,507] {logging_mixin.py:109} INFO - [2022-02-05 19:42:33,507] {dag.py:2396} INFO - Sync 1 DAGs
[2022-02-05 19:42:33,518] {logging_mixin.py:109} INFO - [2022-02-05 19:42:33,518] {dag.py:2935} INFO - Setting next_dagrun for example_task_group to 2022-02-04T19:42:33.518202+00:00
[2022-02-05 19:42:33,528] {processor.py:171} INFO - Processing /home/airflow/.local/lib/python3.7/site-packages/airflow/example_dags/example_task_group.py took 0.131 seconds
[2022-02-05 19:43:03,714] {processor.py:163} INFO - Started process (PID=2526) to work on /home/airflow/.local/lib/python3.7/site-packages/airflow/example_dags/example_task_group.py
[2022-02-05 19:43:03,715] {processor.py:642} INFO - Processing file /home/airflow/.local/lib/python3.7/site-packages/airflow/example_dags/example_task_group.py for tasks to queue
[2022-02-05 19:43:03,715] {logging_mixin.py:109} INFO - [2022-02-05 19:43:03,715] {dagbag.py:500} INFO - Filling up the DagBag from /home/airflow/.local/lib/python3.7/site-packages/airflow/example_dags/example_task_group.py
[2022-02-05 19:43:03,821] {processor.py:654} INFO - DAG(s) dict_keys(['example_task_group']) retrieved from /home/airflow/.local/lib/python3.7/site-packages/airflow/example_dags/example_task_group.py
[2022-02-05 19:43:03,830] {logging_mixin.py:109} INFO - [2022-02-05 19:43:03,830] {dag.py:2396} INFO - Sync 1 DAGs
[2022-02-05 19:43:03,841] {logging_mixin.py:109} INFO - [2022-02-05 19:43:03,841] {dag.py:2935} INFO - Setting next_dagrun for example_task_group to 2022-02-04T19:43:03.841450+00:00
[2022-02-05 19:43:03,850] {processor.py:171} INFO - Processing /home/airflow/.local/lib/python3.7/site-packages/airflow/example_dags/example_task_group.py took 0.139 seconds
[2022-02-05 19:43:33,877] {processor.py:163} INFO - Started process (PID=2587) to work on /home/airflow/.local/lib/python3.7/site-packages/airflow/example_dags/example_task_group.py
[2022-02-05 19:43:33,880] {processor.py:642} INFO - Processing file /home/airflow/.local/lib/python3.7/site-packages/airflow/example_dags/example_task_group.py for tasks to queue
[2022-02-05 19:43:33,880] {logging_mixin.py:109} INFO - [2022-02-05 19:43:33,880] {dagbag.py:500} INFO - Filling up the DagBag from /home/airflow/.local/lib/python3.7/site-packages/airflow/example_dags/example_task_group.py
[2022-02-05 19:43:33,971] {processor.py:654} INFO - DAG(s) dict_keys(['example_task_group']) retrieved from /home/airflow/.local/lib/python3.7/site-packages/airflow/example_dags/example_task_group.py
[2022-02-05 19:43:33,979] {logging_mixin.py:109} INFO - [2022-02-05 19:43:33,979] {dag.py:2396} INFO - Sync 1 DAGs
[2022-02-05 19:43:33,989] {logging_mixin.py:109} INFO - [2022-02-05 19:43:33,989] {dag.py:2935} INFO - Setting next_dagrun for example_task_group to 2022-02-04T19:43:33.989318+00:00
[2022-02-05 19:43:33,998] {processor.py:171} INFO - Processing /home/airflow/.local/lib/python3.7/site-packages/airflow/example_dags/example_task_group.py took 0.123 seconds
[2022-02-05 19:44:04,063] {processor.py:163} INFO - Started process (PID=2642) to work on /home/airflow/.local/lib/python3.7/site-packages/airflow/example_dags/example_task_group.py
[2022-02-05 19:44:04,064] {processor.py:642} INFO - Processing file /home/airflow/.local/lib/python3.7/site-packages/airflow/example_dags/example_task_group.py for tasks to queue
[2022-02-05 19:44:04,065] {logging_mixin.py:109} INFO - [2022-02-05 19:44:04,065] {dagbag.py:500} INFO - Filling up the DagBag from /home/airflow/.local/lib/python3.7/site-packages/airflow/example_dags/example_task_group.py
[2022-02-05 19:44:04,155] {processor.py:654} INFO - DAG(s) dict_keys(['example_task_group']) retrieved from /home/airflow/.local/lib/python3.7/site-packages/airflow/example_dags/example_task_group.py
[2022-02-05 19:44:04,163] {logging_mixin.py:109} INFO - [2022-02-05 19:44:04,163] {dag.py:2396} INFO - Sync 1 DAGs
[2022-02-05 19:44:04,173] {logging_mixin.py:109} INFO - [2022-02-05 19:44:04,173] {dag.py:2935} INFO - Setting next_dagrun for example_task_group to 2022-02-04T19:44:04.173265+00:00
[2022-02-05 19:44:04,182] {processor.py:171} INFO - Processing /home/airflow/.local/lib/python3.7/site-packages/airflow/example_dags/example_task_group.py took 0.121 seconds
[2022-02-05 19:44:34,432] {processor.py:163} INFO - Started process (PID=2706) to work on /home/airflow/.local/lib/python3.7/site-packages/airflow/example_dags/example_task_group.py
[2022-02-05 19:44:34,433] {processor.py:642} INFO - Processing file /home/airflow/.local/lib/python3.7/site-packages/airflow/example_dags/example_task_group.py for tasks to queue
[2022-02-05 19:44:34,433] {logging_mixin.py:109} INFO - [2022-02-05 19:44:34,433] {dagbag.py:500} INFO - Filling up the DagBag from /home/airflow/.local/lib/python3.7/site-packages/airflow/example_dags/example_task_group.py
[2022-02-05 19:44:34,457] {processor.py:654} INFO - DAG(s) dict_keys(['example_task_group']) retrieved from /home/airflow/.local/lib/python3.7/site-packages/airflow/example_dags/example_task_group.py
[2022-02-05 19:44:34,465] {logging_mixin.py:109} INFO - [2022-02-05 19:44:34,465] {dag.py:2396} INFO - Sync 1 DAGs
[2022-02-05 19:44:34,477] {logging_mixin.py:109} INFO - [2022-02-05 19:44:34,477] {dag.py:2935} INFO - Setting next_dagrun for example_task_group to 2022-02-04T19:44:34.477433+00:00
[2022-02-05 19:44:34,485] {processor.py:171} INFO - Processing /home/airflow/.local/lib/python3.7/site-packages/airflow/example_dags/example_task_group.py took 0.056 seconds
[2022-02-05 19:45:05,274] {processor.py:163} INFO - Started process (PID=2768) to work on /home/airflow/.local/lib/python3.7/site-packages/airflow/example_dags/example_task_group.py
[2022-02-05 19:45:05,276] {processor.py:642} INFO - Processing file /home/airflow/.local/lib/python3.7/site-packages/airflow/example_dags/example_task_group.py for tasks to queue
[2022-02-05 19:45:05,276] {logging_mixin.py:109} INFO - [2022-02-05 19:45:05,276] {dagbag.py:500} INFO - Filling up the DagBag from /home/airflow/.local/lib/python3.7/site-packages/airflow/example_dags/example_task_group.py
[2022-02-05 19:45:05,299] {processor.py:654} INFO - DAG(s) dict_keys(['example_task_group']) retrieved from /home/airflow/.local/lib/python3.7/site-packages/airflow/example_dags/example_task_group.py
[2022-02-05 19:45:05,308] {logging_mixin.py:109} INFO - [2022-02-05 19:45:05,308] {dag.py:2396} INFO - Sync 1 DAGs
[2022-02-05 19:45:05,320] {logging_mixin.py:109} INFO - [2022-02-05 19:45:05,320] {dag.py:2935} INFO - Setting next_dagrun for example_task_group to 2022-02-04T19:45:05.319791+00:00
[2022-02-05 19:45:05,327] {processor.py:171} INFO - Processing /home/airflow/.local/lib/python3.7/site-packages/airflow/example_dags/example_task_group.py took 0.056 seconds
[2022-02-05 19:45:36,080] {processor.py:163} INFO - Started process (PID=2821) to work on /home/airflow/.local/lib/python3.7/site-packages/airflow/example_dags/example_task_group.py
[2022-02-05 19:45:36,081] {processor.py:642} INFO - Processing file /home/airflow/.local/lib/python3.7/site-packages/airflow/example_dags/example_task_group.py for tasks to queue
[2022-02-05 19:45:36,082] {logging_mixin.py:109} INFO - [2022-02-05 19:45:36,081] {dagbag.py:500} INFO - Filling up the DagBag from /home/airflow/.local/lib/python3.7/site-packages/airflow/example_dags/example_task_group.py
[2022-02-05 19:45:36,106] {processor.py:654} INFO - DAG(s) dict_keys(['example_task_group']) retrieved from /home/airflow/.local/lib/python3.7/site-packages/airflow/example_dags/example_task_group.py
[2022-02-05 19:45:36,115] {logging_mixin.py:109} INFO - [2022-02-05 19:45:36,115] {dag.py:2396} INFO - Sync 1 DAGs
[2022-02-05 19:45:36,128] {logging_mixin.py:109} INFO - [2022-02-05 19:45:36,128] {dag.py:2935} INFO - Setting next_dagrun for example_task_group to 2022-02-04T19:45:36.128119+00:00
[2022-02-05 19:45:36,138] {processor.py:171} INFO - Processing /home/airflow/.local/lib/python3.7/site-packages/airflow/example_dags/example_task_group.py took 0.061 seconds
[2022-02-05 19:46:06,999] {processor.py:163} INFO - Started process (PID=2884) to work on /home/airflow/.local/lib/python3.7/site-packages/airflow/example_dags/example_task_group.py
[2022-02-05 19:46:07,001] {processor.py:642} INFO - Processing file /home/airflow/.local/lib/python3.7/site-packages/airflow/example_dags/example_task_group.py for tasks to queue
[2022-02-05 19:46:07,002] {logging_mixin.py:109} INFO - [2022-02-05 19:46:07,002] {dagbag.py:500} INFO - Filling up the DagBag from /home/airflow/.local/lib/python3.7/site-packages/airflow/example_dags/example_task_group.py
[2022-02-05 19:46:07,024] {processor.py:654} INFO - DAG(s) dict_keys(['example_task_group']) retrieved from /home/airflow/.local/lib/python3.7/site-packages/airflow/example_dags/example_task_group.py
[2022-02-05 19:46:07,033] {logging_mixin.py:109} INFO - [2022-02-05 19:46:07,033] {dag.py:2396} INFO - Sync 1 DAGs
[2022-02-05 19:46:07,045] {logging_mixin.py:109} INFO - [2022-02-05 19:46:07,044] {dag.py:2935} INFO - Setting next_dagrun for example_task_group to 2022-02-04T19:46:07.044735+00:00
[2022-02-05 19:46:07,052] {processor.py:171} INFO - Processing /home/airflow/.local/lib/python3.7/site-packages/airflow/example_dags/example_task_group.py took 0.056 seconds
[2022-02-05 19:46:37,776] {processor.py:163} INFO - Started process (PID=2935) to work on /home/airflow/.local/lib/python3.7/site-packages/airflow/example_dags/example_task_group.py
[2022-02-05 19:46:37,777] {processor.py:642} INFO - Processing file /home/airflow/.local/lib/python3.7/site-packages/airflow/example_dags/example_task_group.py for tasks to queue
[2022-02-05 19:46:37,777] {logging_mixin.py:109} INFO - [2022-02-05 19:46:37,777] {dagbag.py:500} INFO - Filling up the DagBag from /home/airflow/.local/lib/python3.7/site-packages/airflow/example_dags/example_task_group.py
[2022-02-05 19:46:37,802] {processor.py:654} INFO - DAG(s) dict_keys(['example_task_group']) retrieved from /home/airflow/.local/lib/python3.7/site-packages/airflow/example_dags/example_task_group.py
[2022-02-05 19:46:37,812] {logging_mixin.py:109} INFO - [2022-02-05 19:46:37,812] {dag.py:2396} INFO - Sync 1 DAGs
[2022-02-05 19:46:37,826] {logging_mixin.py:109} INFO - [2022-02-05 19:46:37,826] {dag.py:2935} INFO - Setting next_dagrun for example_task_group to 2022-02-04T19:46:37.825907+00:00
[2022-02-05 19:46:37,835] {processor.py:171} INFO - Processing /home/airflow/.local/lib/python3.7/site-packages/airflow/example_dags/example_task_group.py took 0.062 seconds
[2022-02-05 19:47:08,566] {processor.py:163} INFO - Started process (PID=2996) to work on /home/airflow/.local/lib/python3.7/site-packages/airflow/example_dags/example_task_group.py
[2022-02-05 19:47:08,568] {processor.py:642} INFO - Processing file /home/airflow/.local/lib/python3.7/site-packages/airflow/example_dags/example_task_group.py for tasks to queue
[2022-02-05 19:47:08,569] {logging_mixin.py:109} INFO - [2022-02-05 19:47:08,569] {dagbag.py:500} INFO - Filling up the DagBag from /home/airflow/.local/lib/python3.7/site-packages/airflow/example_dags/example_task_group.py
[2022-02-05 19:47:08,608] {processor.py:654} INFO - DAG(s) dict_keys(['example_task_group']) retrieved from /home/airflow/.local/lib/python3.7/site-packages/airflow/example_dags/example_task_group.py
[2022-02-05 19:47:08,621] {logging_mixin.py:109} INFO - [2022-02-05 19:47:08,621] {dag.py:2396} INFO - Sync 1 DAGs
[2022-02-05 19:47:08,642] {logging_mixin.py:109} INFO - [2022-02-05 19:47:08,642] {dag.py:2935} INFO - Setting next_dagrun for example_task_group to 2022-02-04T19:47:08.642028+00:00
[2022-02-05 19:47:08,654] {processor.py:171} INFO - Processing /home/airflow/.local/lib/python3.7/site-packages/airflow/example_dags/example_task_group.py took 0.092 seconds
[2022-02-05 19:47:39,433] {processor.py:163} INFO - Started process (PID=3048) to work on /home/airflow/.local/lib/python3.7/site-packages/airflow/example_dags/example_task_group.py
[2022-02-05 19:47:39,433] {processor.py:642} INFO - Processing file /home/airflow/.local/lib/python3.7/site-packages/airflow/example_dags/example_task_group.py for tasks to queue
[2022-02-05 19:47:39,434] {logging_mixin.py:109} INFO - [2022-02-05 19:47:39,434] {dagbag.py:500} INFO - Filling up the DagBag from /home/airflow/.local/lib/python3.7/site-packages/airflow/example_dags/example_task_group.py
[2022-02-05 19:47:39,458] {processor.py:654} INFO - DAG(s) dict_keys(['example_task_group']) retrieved from /home/airflow/.local/lib/python3.7/site-packages/airflow/example_dags/example_task_group.py
[2022-02-05 19:47:39,467] {logging_mixin.py:109} INFO - [2022-02-05 19:47:39,467] {dag.py:2396} INFO - Sync 1 DAGs
[2022-02-05 19:47:39,479] {logging_mixin.py:109} INFO - [2022-02-05 19:47:39,479] {dag.py:2935} INFO - Setting next_dagrun for example_task_group to 2022-02-04T19:47:39.479182+00:00
[2022-02-05 19:47:39,488] {processor.py:171} INFO - Processing /home/airflow/.local/lib/python3.7/site-packages/airflow/example_dags/example_task_group.py took 0.058 seconds
[2022-02-05 19:48:10,346] {processor.py:163} INFO - Started process (PID=3111) to work on /home/airflow/.local/lib/python3.7/site-packages/airflow/example_dags/example_task_group.py
[2022-02-05 19:48:10,348] {processor.py:642} INFO - Processing file /home/airflow/.local/lib/python3.7/site-packages/airflow/example_dags/example_task_group.py for tasks to queue
[2022-02-05 19:48:10,349] {logging_mixin.py:109} INFO - [2022-02-05 19:48:10,349] {dagbag.py:500} INFO - Filling up the DagBag from /home/airflow/.local/lib/python3.7/site-packages/airflow/example_dags/example_task_group.py
[2022-02-05 19:48:10,375] {processor.py:654} INFO - DAG(s) dict_keys(['example_task_group']) retrieved from /home/airflow/.local/lib/python3.7/site-packages/airflow/example_dags/example_task_group.py
[2022-02-05 19:48:10,386] {logging_mixin.py:109} INFO - [2022-02-05 19:48:10,386] {dag.py:2396} INFO - Sync 1 DAGs
[2022-02-05 19:48:10,404] {logging_mixin.py:109} INFO - [2022-02-05 19:48:10,403] {dag.py:2935} INFO - Setting next_dagrun for example_task_group to 2022-02-04T19:48:10.403674+00:00
[2022-02-05 19:48:10,430] {processor.py:171} INFO - Processing /home/airflow/.local/lib/python3.7/site-packages/airflow/example_dags/example_task_group.py took 0.087 seconds
[2022-02-05 19:48:40,976] {processor.py:163} INFO - Started process (PID=3174) to work on /home/airflow/.local/lib/python3.7/site-packages/airflow/example_dags/example_task_group.py
[2022-02-05 19:48:40,978] {processor.py:642} INFO - Processing file /home/airflow/.local/lib/python3.7/site-packages/airflow/example_dags/example_task_group.py for tasks to queue
[2022-02-05 19:48:40,979] {logging_mixin.py:109} INFO - [2022-02-05 19:48:40,979] {dagbag.py:500} INFO - Filling up the DagBag from /home/airflow/.local/lib/python3.7/site-packages/airflow/example_dags/example_task_group.py
[2022-02-05 19:48:41,002] {processor.py:654} INFO - DAG(s) dict_keys(['example_task_group']) retrieved from /home/airflow/.local/lib/python3.7/site-packages/airflow/example_dags/example_task_group.py
[2022-02-05 19:48:41,010] {logging_mixin.py:109} INFO - [2022-02-05 19:48:41,010] {dag.py:2396} INFO - Sync 1 DAGs
[2022-02-05 19:48:41,023] {logging_mixin.py:109} INFO - [2022-02-05 19:48:41,023] {dag.py:2935} INFO - Setting next_dagrun for example_task_group to 2022-02-04T19:48:41.022889+00:00
[2022-02-05 19:48:41,031] {processor.py:171} INFO - Processing /home/airflow/.local/lib/python3.7/site-packages/airflow/example_dags/example_task_group.py took 0.057 seconds
[2022-02-05 19:49:11,518] {processor.py:163} INFO - Started process (PID=3229) to work on /home/airflow/.local/lib/python3.7/site-packages/airflow/example_dags/example_task_group.py
[2022-02-05 19:49:11,521] {processor.py:642} INFO - Processing file /home/airflow/.local/lib/python3.7/site-packages/airflow/example_dags/example_task_group.py for tasks to queue
[2022-02-05 19:49:11,522] {logging_mixin.py:109} INFO - [2022-02-05 19:49:11,522] {dagbag.py:500} INFO - Filling up the DagBag from /home/airflow/.local/lib/python3.7/site-packages/airflow/example_dags/example_task_group.py
[2022-02-05 19:49:11,545] {processor.py:654} INFO - DAG(s) dict_keys(['example_task_group']) retrieved from /home/airflow/.local/lib/python3.7/site-packages/airflow/example_dags/example_task_group.py
[2022-02-05 19:49:11,554] {logging_mixin.py:109} INFO - [2022-02-05 19:49:11,554] {dag.py:2396} INFO - Sync 1 DAGs
[2022-02-05 19:49:11,566] {logging_mixin.py:109} INFO - [2022-02-05 19:49:11,566] {dag.py:2935} INFO - Setting next_dagrun for example_task_group to 2022-02-04T19:49:11.566218+00:00
[2022-02-05 19:49:11,575] {processor.py:171} INFO - Processing /home/airflow/.local/lib/python3.7/site-packages/airflow/example_dags/example_task_group.py took 0.059 seconds
[2022-02-05 19:49:41,931] {processor.py:163} INFO - Started process (PID=3282) to work on /home/airflow/.local/lib/python3.7/site-packages/airflow/example_dags/example_task_group.py
[2022-02-05 19:49:41,932] {processor.py:642} INFO - Processing file /home/airflow/.local/lib/python3.7/site-packages/airflow/example_dags/example_task_group.py for tasks to queue
[2022-02-05 19:49:41,933] {logging_mixin.py:109} INFO - [2022-02-05 19:49:41,933] {dagbag.py:500} INFO - Filling up the DagBag from /home/airflow/.local/lib/python3.7/site-packages/airflow/example_dags/example_task_group.py
[2022-02-05 19:49:41,970] {processor.py:654} INFO - DAG(s) dict_keys(['example_task_group']) retrieved from /home/airflow/.local/lib/python3.7/site-packages/airflow/example_dags/example_task_group.py
[2022-02-05 19:49:41,983] {logging_mixin.py:109} INFO - [2022-02-05 19:49:41,983] {dag.py:2396} INFO - Sync 1 DAGs
[2022-02-05 19:49:42,002] {logging_mixin.py:109} INFO - [2022-02-05 19:49:42,002] {dag.py:2935} INFO - Setting next_dagrun for example_task_group to 2022-02-04T19:49:42.002195+00:00
[2022-02-05 19:49:42,015] {processor.py:171} INFO - Processing /home/airflow/.local/lib/python3.7/site-packages/airflow/example_dags/example_task_group.py took 0.088 seconds
[2022-02-05 19:50:12,286] {processor.py:163} INFO - Started process (PID=3345) to work on /home/airflow/.local/lib/python3.7/site-packages/airflow/example_dags/example_task_group.py
[2022-02-05 19:50:12,288] {processor.py:642} INFO - Processing file /home/airflow/.local/lib/python3.7/site-packages/airflow/example_dags/example_task_group.py for tasks to queue
[2022-02-05 19:50:12,288] {logging_mixin.py:109} INFO - [2022-02-05 19:50:12,288] {dagbag.py:500} INFO - Filling up the DagBag from /home/airflow/.local/lib/python3.7/site-packages/airflow/example_dags/example_task_group.py
[2022-02-05 19:50:12,316] {processor.py:654} INFO - DAG(s) dict_keys(['example_task_group']) retrieved from /home/airflow/.local/lib/python3.7/site-packages/airflow/example_dags/example_task_group.py
[2022-02-05 19:50:12,326] {logging_mixin.py:109} INFO - [2022-02-05 19:50:12,326] {dag.py:2396} INFO - Sync 1 DAGs
[2022-02-05 19:50:12,340] {logging_mixin.py:109} INFO - [2022-02-05 19:50:12,340] {dag.py:2935} INFO - Setting next_dagrun for example_task_group to 2022-02-04T19:50:12.340546+00:00
[2022-02-05 19:50:12,350] {processor.py:171} INFO - Processing /home/airflow/.local/lib/python3.7/site-packages/airflow/example_dags/example_task_group.py took 0.067 seconds
[2022-02-05 19:50:42,479] {processor.py:163} INFO - Started process (PID=3396) to work on /home/airflow/.local/lib/python3.7/site-packages/airflow/example_dags/example_task_group.py
[2022-02-05 19:50:42,480] {processor.py:642} INFO - Processing file /home/airflow/.local/lib/python3.7/site-packages/airflow/example_dags/example_task_group.py for tasks to queue
[2022-02-05 19:50:42,480] {logging_mixin.py:109} INFO - [2022-02-05 19:50:42,480] {dagbag.py:500} INFO - Filling up the DagBag from /home/airflow/.local/lib/python3.7/site-packages/airflow/example_dags/example_task_group.py
[2022-02-05 19:50:42,504] {processor.py:654} INFO - DAG(s) dict_keys(['example_task_group']) retrieved from /home/airflow/.local/lib/python3.7/site-packages/airflow/example_dags/example_task_group.py
[2022-02-05 19:50:42,512] {logging_mixin.py:109} INFO - [2022-02-05 19:50:42,512] {dag.py:2396} INFO - Sync 1 DAGs
[2022-02-05 19:50:42,525] {logging_mixin.py:109} INFO - [2022-02-05 19:50:42,525] {dag.py:2935} INFO - Setting next_dagrun for example_task_group to 2022-02-04T19:50:42.525314+00:00
[2022-02-05 19:50:42,533] {processor.py:171} INFO - Processing /home/airflow/.local/lib/python3.7/site-packages/airflow/example_dags/example_task_group.py took 0.057 seconds
[2022-02-05 19:51:12,916] {processor.py:163} INFO - Started process (PID=3458) to work on /home/airflow/.local/lib/python3.7/site-packages/airflow/example_dags/example_task_group.py
[2022-02-05 19:51:12,919] {processor.py:642} INFO - Processing file /home/airflow/.local/lib/python3.7/site-packages/airflow/example_dags/example_task_group.py for tasks to queue
[2022-02-05 19:51:12,920] {logging_mixin.py:109} INFO - [2022-02-05 19:51:12,920] {dagbag.py:500} INFO - Filling up the DagBag from /home/airflow/.local/lib/python3.7/site-packages/airflow/example_dags/example_task_group.py
[2022-02-05 19:51:12,954] {processor.py:654} INFO - DAG(s) dict_keys(['example_task_group']) retrieved from /home/airflow/.local/lib/python3.7/site-packages/airflow/example_dags/example_task_group.py
[2022-02-05 19:51:12,965] {logging_mixin.py:109} INFO - [2022-02-05 19:51:12,965] {dag.py:2396} INFO - Sync 1 DAGs
[2022-02-05 19:51:12,977] {logging_mixin.py:109} INFO - [2022-02-05 19:51:12,977] {dag.py:2935} INFO - Setting next_dagrun for example_task_group to 2022-02-04T19:51:12.977615+00:00
[2022-02-05 19:51:12,991] {processor.py:171} INFO - Processing /home/airflow/.local/lib/python3.7/site-packages/airflow/example_dags/example_task_group.py took 0.078 seconds
[2022-02-05 19:51:43,204] {processor.py:163} INFO - Started process (PID=3510) to work on /home/airflow/.local/lib/python3.7/site-packages/airflow/example_dags/example_task_group.py
[2022-02-05 19:51:43,206] {processor.py:642} INFO - Processing file /home/airflow/.local/lib/python3.7/site-packages/airflow/example_dags/example_task_group.py for tasks to queue
[2022-02-05 19:51:43,206] {logging_mixin.py:109} INFO - [2022-02-05 19:51:43,206] {dagbag.py:500} INFO - Filling up the DagBag from /home/airflow/.local/lib/python3.7/site-packages/airflow/example_dags/example_task_group.py
[2022-02-05 19:51:43,229] {processor.py:654} INFO - DAG(s) dict_keys(['example_task_group']) retrieved from /home/airflow/.local/lib/python3.7/site-packages/airflow/example_dags/example_task_group.py
[2022-02-05 19:51:43,238] {logging_mixin.py:109} INFO - [2022-02-05 19:51:43,238] {dag.py:2396} INFO - Sync 1 DAGs
[2022-02-05 19:51:43,251] {logging_mixin.py:109} INFO - [2022-02-05 19:51:43,251] {dag.py:2935} INFO - Setting next_dagrun for example_task_group to 2022-02-04T19:51:43.251308+00:00
[2022-02-05 19:51:43,276] {processor.py:171} INFO - Processing /home/airflow/.local/lib/python3.7/site-packages/airflow/example_dags/example_task_group.py took 0.075 seconds
[2022-02-05 19:52:13,378] {processor.py:163} INFO - Started process (PID=3571) to work on /home/airflow/.local/lib/python3.7/site-packages/airflow/example_dags/example_task_group.py
[2022-02-05 19:52:13,379] {processor.py:642} INFO - Processing file /home/airflow/.local/lib/python3.7/site-packages/airflow/example_dags/example_task_group.py for tasks to queue
[2022-02-05 19:52:13,379] {logging_mixin.py:109} INFO - [2022-02-05 19:52:13,379] {dagbag.py:500} INFO - Filling up the DagBag from /home/airflow/.local/lib/python3.7/site-packages/airflow/example_dags/example_task_group.py
[2022-02-05 19:52:13,405] {processor.py:654} INFO - DAG(s) dict_keys(['example_task_group']) retrieved from /home/airflow/.local/lib/python3.7/site-packages/airflow/example_dags/example_task_group.py
[2022-02-05 19:52:13,414] {logging_mixin.py:109} INFO - [2022-02-05 19:52:13,414] {dag.py:2396} INFO - Sync 1 DAGs
[2022-02-05 19:52:13,428] {logging_mixin.py:109} INFO - [2022-02-05 19:52:13,428] {dag.py:2935} INFO - Setting next_dagrun for example_task_group to 2022-02-04T19:52:13.428275+00:00
[2022-02-05 19:52:13,436] {processor.py:171} INFO - Processing /home/airflow/.local/lib/python3.7/site-packages/airflow/example_dags/example_task_group.py took 0.062 seconds
[2022-02-05 19:52:43,858] {processor.py:163} INFO - Started process (PID=3624) to work on /home/airflow/.local/lib/python3.7/site-packages/airflow/example_dags/example_task_group.py
[2022-02-05 19:52:43,861] {processor.py:642} INFO - Processing file /home/airflow/.local/lib/python3.7/site-packages/airflow/example_dags/example_task_group.py for tasks to queue
[2022-02-05 19:52:43,862] {logging_mixin.py:109} INFO - [2022-02-05 19:52:43,862] {dagbag.py:500} INFO - Filling up the DagBag from /home/airflow/.local/lib/python3.7/site-packages/airflow/example_dags/example_task_group.py
[2022-02-05 19:52:43,896] {processor.py:654} INFO - DAG(s) dict_keys(['example_task_group']) retrieved from /home/airflow/.local/lib/python3.7/site-packages/airflow/example_dags/example_task_group.py
[2022-02-05 19:52:43,914] {logging_mixin.py:109} INFO - [2022-02-05 19:52:43,914] {dag.py:2396} INFO - Sync 1 DAGs
[2022-02-05 19:52:43,936] {logging_mixin.py:109} INFO - [2022-02-05 19:52:43,936] {dag.py:2935} INFO - Setting next_dagrun for example_task_group to 2022-02-04T19:52:43.935699+00:00
[2022-02-05 19:52:43,948] {processor.py:171} INFO - Processing /home/airflow/.local/lib/python3.7/site-packages/airflow/example_dags/example_task_group.py took 0.094 seconds
[2022-02-05 19:53:14,310] {processor.py:163} INFO - Started process (PID=3687) to work on /home/airflow/.local/lib/python3.7/site-packages/airflow/example_dags/example_task_group.py
[2022-02-05 19:53:14,311] {processor.py:642} INFO - Processing file /home/airflow/.local/lib/python3.7/site-packages/airflow/example_dags/example_task_group.py for tasks to queue
[2022-02-05 19:53:14,312] {logging_mixin.py:109} INFO - [2022-02-05 19:53:14,312] {dagbag.py:500} INFO - Filling up the DagBag from /home/airflow/.local/lib/python3.7/site-packages/airflow/example_dags/example_task_group.py
[2022-02-05 19:53:14,342] {processor.py:654} INFO - DAG(s) dict_keys(['example_task_group']) retrieved from /home/airflow/.local/lib/python3.7/site-packages/airflow/example_dags/example_task_group.py
[2022-02-05 19:53:14,355] {logging_mixin.py:109} INFO - [2022-02-05 19:53:14,355] {dag.py:2396} INFO - Sync 1 DAGs
[2022-02-05 19:53:14,372] {logging_mixin.py:109} INFO - [2022-02-05 19:53:14,372] {dag.py:2935} INFO - Setting next_dagrun for example_task_group to 2022-02-04T19:53:14.371742+00:00
[2022-02-05 19:53:14,381] {processor.py:171} INFO - Processing /home/airflow/.local/lib/python3.7/site-packages/airflow/example_dags/example_task_group.py took 0.075 seconds
[2022-02-05 19:53:44,495] {processor.py:163} INFO - Started process (PID=3739) to work on /home/airflow/.local/lib/python3.7/site-packages/airflow/example_dags/example_task_group.py
[2022-02-05 19:53:44,497] {processor.py:642} INFO - Processing file /home/airflow/.local/lib/python3.7/site-packages/airflow/example_dags/example_task_group.py for tasks to queue
[2022-02-05 19:53:44,498] {logging_mixin.py:109} INFO - [2022-02-05 19:53:44,497] {dagbag.py:500} INFO - Filling up the DagBag from /home/airflow/.local/lib/python3.7/site-packages/airflow/example_dags/example_task_group.py
[2022-02-05 19:53:44,520] {processor.py:654} INFO - DAG(s) dict_keys(['example_task_group']) retrieved from /home/airflow/.local/lib/python3.7/site-packages/airflow/example_dags/example_task_group.py
[2022-02-05 19:53:44,530] {logging_mixin.py:109} INFO - [2022-02-05 19:53:44,529] {dag.py:2396} INFO - Sync 1 DAGs
[2022-02-05 19:53:44,543] {logging_mixin.py:109} INFO - [2022-02-05 19:53:44,543] {dag.py:2935} INFO - Setting next_dagrun for example_task_group to 2022-02-04T19:53:44.542954+00:00
[2022-02-05 19:53:44,552] {processor.py:171} INFO - Processing /home/airflow/.local/lib/python3.7/site-packages/airflow/example_dags/example_task_group.py took 0.061 seconds
[2022-02-05 19:54:14,860] {processor.py:163} INFO - Started process (PID=3802) to work on /home/airflow/.local/lib/python3.7/site-packages/airflow/example_dags/example_task_group.py
[2022-02-05 19:54:14,861] {processor.py:642} INFO - Processing file /home/airflow/.local/lib/python3.7/site-packages/airflow/example_dags/example_task_group.py for tasks to queue
[2022-02-05 19:54:14,861] {logging_mixin.py:109} INFO - [2022-02-05 19:54:14,861] {dagbag.py:500} INFO - Filling up the DagBag from /home/airflow/.local/lib/python3.7/site-packages/airflow/example_dags/example_task_group.py
[2022-02-05 19:54:14,887] {processor.py:654} INFO - DAG(s) dict_keys(['example_task_group']) retrieved from /home/airflow/.local/lib/python3.7/site-packages/airflow/example_dags/example_task_group.py
[2022-02-05 19:54:14,896] {logging_mixin.py:109} INFO - [2022-02-05 19:54:14,896] {dag.py:2396} INFO - Sync 1 DAGs
[2022-02-05 19:54:14,911] {logging_mixin.py:109} INFO - [2022-02-05 19:54:14,911] {dag.py:2935} INFO - Setting next_dagrun for example_task_group to 2022-02-04T19:54:14.911142+00:00
[2022-02-05 19:54:14,920] {processor.py:171} INFO - Processing /home/airflow/.local/lib/python3.7/site-packages/airflow/example_dags/example_task_group.py took 0.063 seconds
[2022-02-05 19:54:45,790] {processor.py:163} INFO - Started process (PID=3854) to work on /home/airflow/.local/lib/python3.7/site-packages/airflow/example_dags/example_task_group.py
[2022-02-05 19:54:45,792] {processor.py:642} INFO - Processing file /home/airflow/.local/lib/python3.7/site-packages/airflow/example_dags/example_task_group.py for tasks to queue
[2022-02-05 19:54:45,792] {logging_mixin.py:109} INFO - [2022-02-05 19:54:45,792] {dagbag.py:500} INFO - Filling up the DagBag from /home/airflow/.local/lib/python3.7/site-packages/airflow/example_dags/example_task_group.py
[2022-02-05 19:54:45,816] {processor.py:654} INFO - DAG(s) dict_keys(['example_task_group']) retrieved from /home/airflow/.local/lib/python3.7/site-packages/airflow/example_dags/example_task_group.py
[2022-02-05 19:54:45,825] {logging_mixin.py:109} INFO - [2022-02-05 19:54:45,825] {dag.py:2396} INFO - Sync 1 DAGs
[2022-02-05 19:54:45,839] {logging_mixin.py:109} INFO - [2022-02-05 19:54:45,839] {dag.py:2935} INFO - Setting next_dagrun for example_task_group to 2022-02-04T19:54:45.839051+00:00
[2022-02-05 19:54:45,850] {processor.py:171} INFO - Processing /home/airflow/.local/lib/python3.7/site-packages/airflow/example_dags/example_task_group.py took 0.062 seconds
[2022-02-05 19:55:15,870] {processor.py:163} INFO - Started process (PID=3918) to work on /home/airflow/.local/lib/python3.7/site-packages/airflow/example_dags/example_task_group.py
[2022-02-05 19:55:15,872] {processor.py:642} INFO - Processing file /home/airflow/.local/lib/python3.7/site-packages/airflow/example_dags/example_task_group.py for tasks to queue
[2022-02-05 19:55:15,873] {logging_mixin.py:109} INFO - [2022-02-05 19:55:15,873] {dagbag.py:500} INFO - Filling up the DagBag from /home/airflow/.local/lib/python3.7/site-packages/airflow/example_dags/example_task_group.py
[2022-02-05 19:55:15,900] {processor.py:654} INFO - DAG(s) dict_keys(['example_task_group']) retrieved from /home/airflow/.local/lib/python3.7/site-packages/airflow/example_dags/example_task_group.py
[2022-02-05 19:55:15,911] {logging_mixin.py:109} INFO - [2022-02-05 19:55:15,911] {dag.py:2396} INFO - Sync 1 DAGs
[2022-02-05 19:55:15,926] {logging_mixin.py:109} INFO - [2022-02-05 19:55:15,926] {dag.py:2935} INFO - Setting next_dagrun for example_task_group to 2022-02-04T19:55:15.926398+00:00
[2022-02-05 19:55:15,936] {processor.py:171} INFO - Processing /home/airflow/.local/lib/python3.7/site-packages/airflow/example_dags/example_task_group.py took 0.069 seconds
[2022-02-05 19:55:45,974] {processor.py:163} INFO - Started process (PID=3971) to work on /home/airflow/.local/lib/python3.7/site-packages/airflow/example_dags/example_task_group.py
[2022-02-05 19:55:45,974] {processor.py:642} INFO - Processing file /home/airflow/.local/lib/python3.7/site-packages/airflow/example_dags/example_task_group.py for tasks to queue
[2022-02-05 19:55:45,975] {logging_mixin.py:109} INFO - [2022-02-05 19:55:45,975] {dagbag.py:500} INFO - Filling up the DagBag from /home/airflow/.local/lib/python3.7/site-packages/airflow/example_dags/example_task_group.py
[2022-02-05 19:55:45,999] {processor.py:654} INFO - DAG(s) dict_keys(['example_task_group']) retrieved from /home/airflow/.local/lib/python3.7/site-packages/airflow/example_dags/example_task_group.py
[2022-02-05 19:55:46,007] {logging_mixin.py:109} INFO - [2022-02-05 19:55:46,007] {dag.py:2396} INFO - Sync 1 DAGs
[2022-02-05 19:55:46,024] {logging_mixin.py:109} INFO - [2022-02-05 19:55:46,024] {dag.py:2935} INFO - Setting next_dagrun for example_task_group to 2022-02-04T19:55:46.024102+00:00
[2022-02-05 19:55:46,034] {processor.py:171} INFO - Processing /home/airflow/.local/lib/python3.7/site-packages/airflow/example_dags/example_task_group.py took 0.063 seconds
[2022-02-05 19:56:16,092] {processor.py:163} INFO - Started process (PID=4033) to work on /home/airflow/.local/lib/python3.7/site-packages/airflow/example_dags/example_task_group.py
[2022-02-05 19:56:16,093] {processor.py:642} INFO - Processing file /home/airflow/.local/lib/python3.7/site-packages/airflow/example_dags/example_task_group.py for tasks to queue
[2022-02-05 19:56:16,094] {logging_mixin.py:109} INFO - [2022-02-05 19:56:16,094] {dagbag.py:500} INFO - Filling up the DagBag from /home/airflow/.local/lib/python3.7/site-packages/airflow/example_dags/example_task_group.py
[2022-02-05 19:56:16,135] {processor.py:654} INFO - DAG(s) dict_keys(['example_task_group']) retrieved from /home/airflow/.local/lib/python3.7/site-packages/airflow/example_dags/example_task_group.py
[2022-02-05 19:56:16,148] {logging_mixin.py:109} INFO - [2022-02-05 19:56:16,147] {dag.py:2396} INFO - Sync 1 DAGs
[2022-02-05 19:56:16,168] {logging_mixin.py:109} INFO - [2022-02-05 19:56:16,168] {dag.py:2935} INFO - Setting next_dagrun for example_task_group to 2022-02-04T19:56:16.168062+00:00
[2022-02-05 19:56:16,182] {processor.py:171} INFO - Processing /home/airflow/.local/lib/python3.7/site-packages/airflow/example_dags/example_task_group.py took 0.094 seconds
