[2022-02-05 19:21:04,064] {processor.py:163} INFO - Started process (PID=61) to work on /home/airflow/.local/lib/python3.7/site-packages/airflow/example_dags/example_branch_datetime_operator.py
[2022-02-05 19:21:04,068] {processor.py:642} INFO - Processing file /home/airflow/.local/lib/python3.7/site-packages/airflow/example_dags/example_branch_datetime_operator.py for tasks to queue
[2022-02-05 19:21:04,069] {logging_mixin.py:109} INFO - [2022-02-05 19:21:04,069] {dagbag.py:500} INFO - Filling up the DagBag from /home/airflow/.local/lib/python3.7/site-packages/airflow/example_dags/example_branch_datetime_operator.py
[2022-02-05 19:21:04,176] {processor.py:654} INFO - DAG(s) dict_keys(['example_branch_datetime_operator_2']) retrieved from /home/airflow/.local/lib/python3.7/site-packages/airflow/example_dags/example_branch_datetime_operator.py
[2022-02-05 19:21:04,193] {logging_mixin.py:109} INFO - [2022-02-05 19:21:04,193] {dag.py:2396} INFO - Sync 1 DAGs
[2022-02-05 19:21:04,226] {logging_mixin.py:109} INFO - [2022-02-05 19:21:04,226] {dag.py:2935} INFO - Setting next_dagrun for example_branch_datetime_operator_2 to 2022-02-04 00:00:00+00:00
[2022-02-05 19:21:04,243] {processor.py:171} INFO - Processing /home/airflow/.local/lib/python3.7/site-packages/airflow/example_dags/example_branch_datetime_operator.py took 0.187 seconds
[2022-02-05 19:21:35,411] {processor.py:163} INFO - Started process (PID=121) to work on /home/airflow/.local/lib/python3.7/site-packages/airflow/example_dags/example_branch_datetime_operator.py
[2022-02-05 19:21:35,424] {processor.py:642} INFO - Processing file /home/airflow/.local/lib/python3.7/site-packages/airflow/example_dags/example_branch_datetime_operator.py for tasks to queue
[2022-02-05 19:21:35,425] {logging_mixin.py:109} INFO - [2022-02-05 19:21:35,425] {dagbag.py:500} INFO - Filling up the DagBag from /home/airflow/.local/lib/python3.7/site-packages/airflow/example_dags/example_branch_datetime_operator.py
[2022-02-05 19:21:35,468] {processor.py:654} INFO - DAG(s) dict_keys(['example_branch_datetime_operator_2']) retrieved from /home/airflow/.local/lib/python3.7/site-packages/airflow/example_dags/example_branch_datetime_operator.py
[2022-02-05 19:21:35,487] {logging_mixin.py:109} INFO - [2022-02-05 19:21:35,487] {dag.py:2396} INFO - Sync 1 DAGs
[2022-02-05 19:21:35,522] {logging_mixin.py:109} INFO - [2022-02-05 19:21:35,522] {dag.py:2935} INFO - Setting next_dagrun for example_branch_datetime_operator_2 to 2022-02-04 00:00:00+00:00
[2022-02-05 19:21:35,541] {processor.py:171} INFO - Processing /home/airflow/.local/lib/python3.7/site-packages/airflow/example_dags/example_branch_datetime_operator.py took 0.135 seconds
[2022-02-05 19:22:07,818] {processor.py:163} INFO - Started process (PID=174) to work on /home/airflow/.local/lib/python3.7/site-packages/airflow/example_dags/example_branch_datetime_operator.py
[2022-02-05 19:22:07,824] {processor.py:642} INFO - Processing file /home/airflow/.local/lib/python3.7/site-packages/airflow/example_dags/example_branch_datetime_operator.py for tasks to queue
[2022-02-05 19:22:07,825] {logging_mixin.py:109} INFO - [2022-02-05 19:22:07,825] {dagbag.py:500} INFO - Filling up the DagBag from /home/airflow/.local/lib/python3.7/site-packages/airflow/example_dags/example_branch_datetime_operator.py
[2022-02-05 19:22:07,893] {processor.py:654} INFO - DAG(s) dict_keys(['example_branch_datetime_operator_2']) retrieved from /home/airflow/.local/lib/python3.7/site-packages/airflow/example_dags/example_branch_datetime_operator.py
[2022-02-05 19:22:07,923] {logging_mixin.py:109} INFO - [2022-02-05 19:22:07,923] {dag.py:2396} INFO - Sync 1 DAGs
[2022-02-05 19:22:07,965] {logging_mixin.py:109} INFO - [2022-02-05 19:22:07,965] {dag.py:2935} INFO - Setting next_dagrun for example_branch_datetime_operator_2 to 2022-02-04 00:00:00+00:00
[2022-02-05 19:22:07,978] {processor.py:171} INFO - Processing /home/airflow/.local/lib/python3.7/site-packages/airflow/example_dags/example_branch_datetime_operator.py took 0.164 seconds
[2022-02-05 19:22:38,868] {processor.py:163} INFO - Started process (PID=240) to work on /home/airflow/.local/lib/python3.7/site-packages/airflow/example_dags/example_branch_datetime_operator.py
[2022-02-05 19:22:38,870] {processor.py:642} INFO - Processing file /home/airflow/.local/lib/python3.7/site-packages/airflow/example_dags/example_branch_datetime_operator.py for tasks to queue
[2022-02-05 19:22:38,871] {logging_mixin.py:109} INFO - [2022-02-05 19:22:38,871] {dagbag.py:500} INFO - Filling up the DagBag from /home/airflow/.local/lib/python3.7/site-packages/airflow/example_dags/example_branch_datetime_operator.py
[2022-02-05 19:22:38,942] {processor.py:654} INFO - DAG(s) dict_keys(['example_branch_datetime_operator_2']) retrieved from /home/airflow/.local/lib/python3.7/site-packages/airflow/example_dags/example_branch_datetime_operator.py
[2022-02-05 19:22:38,972] {logging_mixin.py:109} INFO - [2022-02-05 19:22:38,969] {dag.py:2396} INFO - Sync 1 DAGs
[2022-02-05 19:22:39,005] {logging_mixin.py:109} INFO - [2022-02-05 19:22:39,005] {dag.py:2935} INFO - Setting next_dagrun for example_branch_datetime_operator_2 to 2022-02-04 00:00:00+00:00
[2022-02-05 19:22:39,019] {processor.py:171} INFO - Processing /home/airflow/.local/lib/python3.7/site-packages/airflow/example_dags/example_branch_datetime_operator.py took 0.156 seconds
[2022-02-05 19:23:09,072] {processor.py:163} INFO - Started process (PID=292) to work on /home/airflow/.local/lib/python3.7/site-packages/airflow/example_dags/example_branch_datetime_operator.py
[2022-02-05 19:23:09,074] {processor.py:642} INFO - Processing file /home/airflow/.local/lib/python3.7/site-packages/airflow/example_dags/example_branch_datetime_operator.py for tasks to queue
[2022-02-05 19:23:09,074] {logging_mixin.py:109} INFO - [2022-02-05 19:23:09,074] {dagbag.py:500} INFO - Filling up the DagBag from /home/airflow/.local/lib/python3.7/site-packages/airflow/example_dags/example_branch_datetime_operator.py
[2022-02-05 19:23:09,105] {processor.py:654} INFO - DAG(s) dict_keys(['example_branch_datetime_operator_2']) retrieved from /home/airflow/.local/lib/python3.7/site-packages/airflow/example_dags/example_branch_datetime_operator.py
[2022-02-05 19:23:09,115] {logging_mixin.py:109} INFO - [2022-02-05 19:23:09,115] {dag.py:2396} INFO - Sync 1 DAGs
[2022-02-05 19:23:09,133] {logging_mixin.py:109} INFO - [2022-02-05 19:23:09,133] {dag.py:2935} INFO - Setting next_dagrun for example_branch_datetime_operator_2 to 2022-02-04 00:00:00+00:00
[2022-02-05 19:23:09,146] {processor.py:171} INFO - Processing /home/airflow/.local/lib/python3.7/site-packages/airflow/example_dags/example_branch_datetime_operator.py took 0.077 seconds
[2022-02-05 19:23:39,916] {processor.py:163} INFO - Started process (PID=345) to work on /home/airflow/.local/lib/python3.7/site-packages/airflow/example_dags/example_branch_datetime_operator.py
[2022-02-05 19:23:39,918] {processor.py:642} INFO - Processing file /home/airflow/.local/lib/python3.7/site-packages/airflow/example_dags/example_branch_datetime_operator.py for tasks to queue
[2022-02-05 19:23:39,919] {logging_mixin.py:109} INFO - [2022-02-05 19:23:39,918] {dagbag.py:500} INFO - Filling up the DagBag from /home/airflow/.local/lib/python3.7/site-packages/airflow/example_dags/example_branch_datetime_operator.py
[2022-02-05 19:23:39,961] {processor.py:654} INFO - DAG(s) dict_keys(['example_branch_datetime_operator_2']) retrieved from /home/airflow/.local/lib/python3.7/site-packages/airflow/example_dags/example_branch_datetime_operator.py
[2022-02-05 19:23:39,975] {logging_mixin.py:109} INFO - [2022-02-05 19:23:39,974] {dag.py:2396} INFO - Sync 1 DAGs
[2022-02-05 19:23:39,999] {logging_mixin.py:109} INFO - [2022-02-05 19:23:39,999] {dag.py:2935} INFO - Setting next_dagrun for example_branch_datetime_operator_2 to 2022-02-04 00:00:00+00:00
[2022-02-05 19:23:40,031] {processor.py:171} INFO - Processing /home/airflow/.local/lib/python3.7/site-packages/airflow/example_dags/example_branch_datetime_operator.py took 0.121 seconds
[2022-02-05 19:24:10,528] {processor.py:163} INFO - Started process (PID=408) to work on /home/airflow/.local/lib/python3.7/site-packages/airflow/example_dags/example_branch_datetime_operator.py
[2022-02-05 19:24:10,530] {processor.py:642} INFO - Processing file /home/airflow/.local/lib/python3.7/site-packages/airflow/example_dags/example_branch_datetime_operator.py for tasks to queue
[2022-02-05 19:24:10,531] {logging_mixin.py:109} INFO - [2022-02-05 19:24:10,531] {dagbag.py:500} INFO - Filling up the DagBag from /home/airflow/.local/lib/python3.7/site-packages/airflow/example_dags/example_branch_datetime_operator.py
[2022-02-05 19:24:10,564] {processor.py:654} INFO - DAG(s) dict_keys(['example_branch_datetime_operator_2']) retrieved from /home/airflow/.local/lib/python3.7/site-packages/airflow/example_dags/example_branch_datetime_operator.py
[2022-02-05 19:24:10,574] {logging_mixin.py:109} INFO - [2022-02-05 19:24:10,574] {dag.py:2396} INFO - Sync 1 DAGs
[2022-02-05 19:24:10,593] {logging_mixin.py:109} INFO - [2022-02-05 19:24:10,593] {dag.py:2935} INFO - Setting next_dagrun for example_branch_datetime_operator_2 to 2022-02-04 00:00:00+00:00
[2022-02-05 19:24:10,607] {processor.py:171} INFO - Processing /home/airflow/.local/lib/python3.7/site-packages/airflow/example_dags/example_branch_datetime_operator.py took 0.083 seconds
[2022-02-05 19:24:40,959] {processor.py:163} INFO - Started process (PID=460) to work on /home/airflow/.local/lib/python3.7/site-packages/airflow/example_dags/example_branch_datetime_operator.py
[2022-02-05 19:24:40,961] {processor.py:642} INFO - Processing file /home/airflow/.local/lib/python3.7/site-packages/airflow/example_dags/example_branch_datetime_operator.py for tasks to queue
[2022-02-05 19:24:40,961] {logging_mixin.py:109} INFO - [2022-02-05 19:24:40,961] {dagbag.py:500} INFO - Filling up the DagBag from /home/airflow/.local/lib/python3.7/site-packages/airflow/example_dags/example_branch_datetime_operator.py
[2022-02-05 19:24:40,987] {processor.py:654} INFO - DAG(s) dict_keys(['example_branch_datetime_operator_2']) retrieved from /home/airflow/.local/lib/python3.7/site-packages/airflow/example_dags/example_branch_datetime_operator.py
[2022-02-05 19:24:40,996] {logging_mixin.py:109} INFO - [2022-02-05 19:24:40,996] {dag.py:2396} INFO - Sync 1 DAGs
[2022-02-05 19:24:41,012] {logging_mixin.py:109} INFO - [2022-02-05 19:24:41,012] {dag.py:2935} INFO - Setting next_dagrun for example_branch_datetime_operator_2 to 2022-02-04 00:00:00+00:00
[2022-02-05 19:24:41,022] {processor.py:171} INFO - Processing /home/airflow/.local/lib/python3.7/site-packages/airflow/example_dags/example_branch_datetime_operator.py took 0.065 seconds
[2022-02-05 19:25:11,342] {processor.py:163} INFO - Started process (PID=522) to work on /home/airflow/.local/lib/python3.7/site-packages/airflow/example_dags/example_branch_datetime_operator.py
[2022-02-05 19:25:11,344] {processor.py:642} INFO - Processing file /home/airflow/.local/lib/python3.7/site-packages/airflow/example_dags/example_branch_datetime_operator.py for tasks to queue
[2022-02-05 19:25:11,344] {logging_mixin.py:109} INFO - [2022-02-05 19:25:11,344] {dagbag.py:500} INFO - Filling up the DagBag from /home/airflow/.local/lib/python3.7/site-packages/airflow/example_dags/example_branch_datetime_operator.py
[2022-02-05 19:25:11,379] {processor.py:654} INFO - DAG(s) dict_keys(['example_branch_datetime_operator_2']) retrieved from /home/airflow/.local/lib/python3.7/site-packages/airflow/example_dags/example_branch_datetime_operator.py
[2022-02-05 19:25:11,390] {logging_mixin.py:109} INFO - [2022-02-05 19:25:11,390] {dag.py:2396} INFO - Sync 1 DAGs
[2022-02-05 19:25:11,413] {logging_mixin.py:109} INFO - [2022-02-05 19:25:11,413] {dag.py:2935} INFO - Setting next_dagrun for example_branch_datetime_operator_2 to 2022-02-04 00:00:00+00:00
[2022-02-05 19:25:11,425] {processor.py:171} INFO - Processing /home/airflow/.local/lib/python3.7/site-packages/airflow/example_dags/example_branch_datetime_operator.py took 0.088 seconds
[2022-02-05 19:25:42,629] {processor.py:163} INFO - Started process (PID=576) to work on /home/airflow/.local/lib/python3.7/site-packages/airflow/example_dags/example_branch_datetime_operator.py
[2022-02-05 19:25:42,631] {processor.py:642} INFO - Processing file /home/airflow/.local/lib/python3.7/site-packages/airflow/example_dags/example_branch_datetime_operator.py for tasks to queue
[2022-02-05 19:25:42,632] {logging_mixin.py:109} INFO - [2022-02-05 19:25:42,631] {dagbag.py:500} INFO - Filling up the DagBag from /home/airflow/.local/lib/python3.7/site-packages/airflow/example_dags/example_branch_datetime_operator.py
[2022-02-05 19:25:42,660] {processor.py:654} INFO - DAG(s) dict_keys(['example_branch_datetime_operator_2']) retrieved from /home/airflow/.local/lib/python3.7/site-packages/airflow/example_dags/example_branch_datetime_operator.py
[2022-02-05 19:25:42,672] {logging_mixin.py:109} INFO - [2022-02-05 19:25:42,672] {dag.py:2396} INFO - Sync 1 DAGs
[2022-02-05 19:25:42,692] {logging_mixin.py:109} INFO - [2022-02-05 19:25:42,692] {dag.py:2935} INFO - Setting next_dagrun for example_branch_datetime_operator_2 to 2022-02-04 00:00:00+00:00
[2022-02-05 19:25:42,701] {processor.py:171} INFO - Processing /home/airflow/.local/lib/python3.7/site-packages/airflow/example_dags/example_branch_datetime_operator.py took 0.075 seconds
[2022-02-05 19:26:14,740] {processor.py:163} INFO - Started process (PID=639) to work on /home/airflow/.local/lib/python3.7/site-packages/airflow/example_dags/example_branch_datetime_operator.py
[2022-02-05 19:26:14,743] {processor.py:642} INFO - Processing file /home/airflow/.local/lib/python3.7/site-packages/airflow/example_dags/example_branch_datetime_operator.py for tasks to queue
[2022-02-05 19:26:14,744] {logging_mixin.py:109} INFO - [2022-02-05 19:26:14,744] {dagbag.py:500} INFO - Filling up the DagBag from /home/airflow/.local/lib/python3.7/site-packages/airflow/example_dags/example_branch_datetime_operator.py
[2022-02-05 19:26:14,795] {processor.py:654} INFO - DAG(s) dict_keys(['example_branch_datetime_operator_2']) retrieved from /home/airflow/.local/lib/python3.7/site-packages/airflow/example_dags/example_branch_datetime_operator.py
[2022-02-05 19:26:14,813] {logging_mixin.py:109} INFO - [2022-02-05 19:26:14,812] {dag.py:2396} INFO - Sync 1 DAGs
[2022-02-05 19:26:14,861] {logging_mixin.py:109} INFO - [2022-02-05 19:26:14,860] {dag.py:2935} INFO - Setting next_dagrun for example_branch_datetime_operator_2 to 2022-02-04 00:00:00+00:00
[2022-02-05 19:26:14,879] {processor.py:171} INFO - Processing /home/airflow/.local/lib/python3.7/site-packages/airflow/example_dags/example_branch_datetime_operator.py took 0.143 seconds
[2022-02-05 19:26:45,629] {processor.py:163} INFO - Started process (PID=694) to work on /home/airflow/.local/lib/python3.7/site-packages/airflow/example_dags/example_branch_datetime_operator.py
[2022-02-05 19:26:45,630] {processor.py:642} INFO - Processing file /home/airflow/.local/lib/python3.7/site-packages/airflow/example_dags/example_branch_datetime_operator.py for tasks to queue
[2022-02-05 19:26:45,631] {logging_mixin.py:109} INFO - [2022-02-05 19:26:45,630] {dagbag.py:500} INFO - Filling up the DagBag from /home/airflow/.local/lib/python3.7/site-packages/airflow/example_dags/example_branch_datetime_operator.py
[2022-02-05 19:26:45,655] {processor.py:654} INFO - DAG(s) dict_keys(['example_branch_datetime_operator_2']) retrieved from /home/airflow/.local/lib/python3.7/site-packages/airflow/example_dags/example_branch_datetime_operator.py
[2022-02-05 19:26:45,664] {logging_mixin.py:109} INFO - [2022-02-05 19:26:45,664] {dag.py:2396} INFO - Sync 1 DAGs
[2022-02-05 19:26:45,678] {logging_mixin.py:109} INFO - [2022-02-05 19:26:45,678] {dag.py:2935} INFO - Setting next_dagrun for example_branch_datetime_operator_2 to 2022-02-04 00:00:00+00:00
[2022-02-05 19:26:45,686] {processor.py:171} INFO - Processing /home/airflow/.local/lib/python3.7/site-packages/airflow/example_dags/example_branch_datetime_operator.py took 0.060 seconds
[2022-02-05 19:27:17,050] {processor.py:163} INFO - Started process (PID=756) to work on /home/airflow/.local/lib/python3.7/site-packages/airflow/example_dags/example_branch_datetime_operator.py
[2022-02-05 19:27:17,060] {processor.py:642} INFO - Processing file /home/airflow/.local/lib/python3.7/site-packages/airflow/example_dags/example_branch_datetime_operator.py for tasks to queue
[2022-02-05 19:27:17,061] {logging_mixin.py:109} INFO - [2022-02-05 19:27:17,061] {dagbag.py:500} INFO - Filling up the DagBag from /home/airflow/.local/lib/python3.7/site-packages/airflow/example_dags/example_branch_datetime_operator.py
[2022-02-05 19:27:17,123] {processor.py:654} INFO - DAG(s) dict_keys(['example_branch_datetime_operator_2']) retrieved from /home/airflow/.local/lib/python3.7/site-packages/airflow/example_dags/example_branch_datetime_operator.py
[2022-02-05 19:27:17,139] {logging_mixin.py:109} INFO - [2022-02-05 19:27:17,139] {dag.py:2396} INFO - Sync 1 DAGs
[2022-02-05 19:27:17,165] {logging_mixin.py:109} INFO - [2022-02-05 19:27:17,165] {dag.py:2935} INFO - Setting next_dagrun for example_branch_datetime_operator_2 to 2022-02-04 00:00:00+00:00
[2022-02-05 19:27:17,183] {processor.py:171} INFO - Processing /home/airflow/.local/lib/python3.7/site-packages/airflow/example_dags/example_branch_datetime_operator.py took 0.137 seconds
[2022-02-05 19:27:48,248] {processor.py:163} INFO - Started process (PID=808) to work on /home/airflow/.local/lib/python3.7/site-packages/airflow/example_dags/example_branch_datetime_operator.py
[2022-02-05 19:27:48,249] {processor.py:642} INFO - Processing file /home/airflow/.local/lib/python3.7/site-packages/airflow/example_dags/example_branch_datetime_operator.py for tasks to queue
[2022-02-05 19:27:48,250] {logging_mixin.py:109} INFO - [2022-02-05 19:27:48,250] {dagbag.py:500} INFO - Filling up the DagBag from /home/airflow/.local/lib/python3.7/site-packages/airflow/example_dags/example_branch_datetime_operator.py
[2022-02-05 19:27:48,279] {processor.py:654} INFO - DAG(s) dict_keys(['example_branch_datetime_operator_2']) retrieved from /home/airflow/.local/lib/python3.7/site-packages/airflow/example_dags/example_branch_datetime_operator.py
[2022-02-05 19:27:48,289] {logging_mixin.py:109} INFO - [2022-02-05 19:27:48,289] {dag.py:2396} INFO - Sync 1 DAGs
[2022-02-05 19:27:48,306] {logging_mixin.py:109} INFO - [2022-02-05 19:27:48,306] {dag.py:2935} INFO - Setting next_dagrun for example_branch_datetime_operator_2 to 2022-02-04 00:00:00+00:00
[2022-02-05 19:27:48,317] {processor.py:171} INFO - Processing /home/airflow/.local/lib/python3.7/site-packages/airflow/example_dags/example_branch_datetime_operator.py took 0.072 seconds
[2022-02-05 19:28:19,063] {processor.py:163} INFO - Started process (PID=872) to work on /home/airflow/.local/lib/python3.7/site-packages/airflow/example_dags/example_branch_datetime_operator.py
[2022-02-05 19:28:19,066] {processor.py:642} INFO - Processing file /home/airflow/.local/lib/python3.7/site-packages/airflow/example_dags/example_branch_datetime_operator.py for tasks to queue
[2022-02-05 19:28:19,067] {logging_mixin.py:109} INFO - [2022-02-05 19:28:19,067] {dagbag.py:500} INFO - Filling up the DagBag from /home/airflow/.local/lib/python3.7/site-packages/airflow/example_dags/example_branch_datetime_operator.py
[2022-02-05 19:28:19,110] {processor.py:654} INFO - DAG(s) dict_keys(['example_branch_datetime_operator_2']) retrieved from /home/airflow/.local/lib/python3.7/site-packages/airflow/example_dags/example_branch_datetime_operator.py
[2022-02-05 19:28:19,125] {logging_mixin.py:109} INFO - [2022-02-05 19:28:19,125] {dag.py:2396} INFO - Sync 1 DAGs
[2022-02-05 19:28:19,148] {logging_mixin.py:109} INFO - [2022-02-05 19:28:19,148] {dag.py:2935} INFO - Setting next_dagrun for example_branch_datetime_operator_2 to 2022-02-04 00:00:00+00:00
[2022-02-05 19:28:19,160] {processor.py:171} INFO - Processing /home/airflow/.local/lib/python3.7/site-packages/airflow/example_dags/example_branch_datetime_operator.py took 0.103 seconds
[2022-02-05 19:28:49,703] {processor.py:163} INFO - Started process (PID=925) to work on /home/airflow/.local/lib/python3.7/site-packages/airflow/example_dags/example_branch_datetime_operator.py
[2022-02-05 19:28:49,704] {processor.py:642} INFO - Processing file /home/airflow/.local/lib/python3.7/site-packages/airflow/example_dags/example_branch_datetime_operator.py for tasks to queue
[2022-02-05 19:28:49,705] {logging_mixin.py:109} INFO - [2022-02-05 19:28:49,705] {dagbag.py:500} INFO - Filling up the DagBag from /home/airflow/.local/lib/python3.7/site-packages/airflow/example_dags/example_branch_datetime_operator.py
[2022-02-05 19:28:49,740] {processor.py:654} INFO - DAG(s) dict_keys(['example_branch_datetime_operator_2']) retrieved from /home/airflow/.local/lib/python3.7/site-packages/airflow/example_dags/example_branch_datetime_operator.py
[2022-02-05 19:28:49,753] {logging_mixin.py:109} INFO - [2022-02-05 19:28:49,753] {dag.py:2396} INFO - Sync 1 DAGs
[2022-02-05 19:28:49,775] {logging_mixin.py:109} INFO - [2022-02-05 19:28:49,774] {dag.py:2935} INFO - Setting next_dagrun for example_branch_datetime_operator_2 to 2022-02-04 00:00:00+00:00
[2022-02-05 19:28:49,787] {processor.py:171} INFO - Processing /home/airflow/.local/lib/python3.7/site-packages/airflow/example_dags/example_branch_datetime_operator.py took 0.088 seconds
[2022-02-05 19:29:20,327] {processor.py:163} INFO - Started process (PID=988) to work on /home/airflow/.local/lib/python3.7/site-packages/airflow/example_dags/example_branch_datetime_operator.py
[2022-02-05 19:29:20,332] {processor.py:642} INFO - Processing file /home/airflow/.local/lib/python3.7/site-packages/airflow/example_dags/example_branch_datetime_operator.py for tasks to queue
[2022-02-05 19:29:20,333] {logging_mixin.py:109} INFO - [2022-02-05 19:29:20,333] {dagbag.py:500} INFO - Filling up the DagBag from /home/airflow/.local/lib/python3.7/site-packages/airflow/example_dags/example_branch_datetime_operator.py
[2022-02-05 19:29:20,362] {processor.py:654} INFO - DAG(s) dict_keys(['example_branch_datetime_operator_2']) retrieved from /home/airflow/.local/lib/python3.7/site-packages/airflow/example_dags/example_branch_datetime_operator.py
[2022-02-05 19:29:20,372] {logging_mixin.py:109} INFO - [2022-02-05 19:29:20,372] {dag.py:2396} INFO - Sync 1 DAGs
[2022-02-05 19:29:20,391] {logging_mixin.py:109} INFO - [2022-02-05 19:29:20,390] {dag.py:2935} INFO - Setting next_dagrun for example_branch_datetime_operator_2 to 2022-02-04 00:00:00+00:00
[2022-02-05 19:29:20,403] {processor.py:171} INFO - Processing /home/airflow/.local/lib/python3.7/site-packages/airflow/example_dags/example_branch_datetime_operator.py took 0.079 seconds
[2022-02-05 19:29:51,611] {processor.py:163} INFO - Started process (PID=1041) to work on /home/airflow/.local/lib/python3.7/site-packages/airflow/example_dags/example_branch_datetime_operator.py
[2022-02-05 19:29:51,613] {processor.py:642} INFO - Processing file /home/airflow/.local/lib/python3.7/site-packages/airflow/example_dags/example_branch_datetime_operator.py for tasks to queue
[2022-02-05 19:29:51,614] {logging_mixin.py:109} INFO - [2022-02-05 19:29:51,614] {dagbag.py:500} INFO - Filling up the DagBag from /home/airflow/.local/lib/python3.7/site-packages/airflow/example_dags/example_branch_datetime_operator.py
[2022-02-05 19:29:51,646] {processor.py:654} INFO - DAG(s) dict_keys(['example_branch_datetime_operator_2']) retrieved from /home/airflow/.local/lib/python3.7/site-packages/airflow/example_dags/example_branch_datetime_operator.py
[2022-02-05 19:29:51,658] {logging_mixin.py:109} INFO - [2022-02-05 19:29:51,658] {dag.py:2396} INFO - Sync 1 DAGs
[2022-02-05 19:29:51,680] {logging_mixin.py:109} INFO - [2022-02-05 19:29:51,679] {dag.py:2935} INFO - Setting next_dagrun for example_branch_datetime_operator_2 to 2022-02-04 00:00:00+00:00
[2022-02-05 19:29:51,692] {processor.py:171} INFO - Processing /home/airflow/.local/lib/python3.7/site-packages/airflow/example_dags/example_branch_datetime_operator.py took 0.085 seconds
[2022-02-05 19:30:22,301] {processor.py:163} INFO - Started process (PID=1103) to work on /home/airflow/.local/lib/python3.7/site-packages/airflow/example_dags/example_branch_datetime_operator.py
[2022-02-05 19:30:22,302] {processor.py:642} INFO - Processing file /home/airflow/.local/lib/python3.7/site-packages/airflow/example_dags/example_branch_datetime_operator.py for tasks to queue
[2022-02-05 19:30:22,302] {logging_mixin.py:109} INFO - [2022-02-05 19:30:22,302] {dagbag.py:500} INFO - Filling up the DagBag from /home/airflow/.local/lib/python3.7/site-packages/airflow/example_dags/example_branch_datetime_operator.py
[2022-02-05 19:30:22,330] {processor.py:654} INFO - DAG(s) dict_keys(['example_branch_datetime_operator_2']) retrieved from /home/airflow/.local/lib/python3.7/site-packages/airflow/example_dags/example_branch_datetime_operator.py
[2022-02-05 19:30:22,340] {logging_mixin.py:109} INFO - [2022-02-05 19:30:22,340] {dag.py:2396} INFO - Sync 1 DAGs
[2022-02-05 19:30:22,357] {logging_mixin.py:109} INFO - [2022-02-05 19:30:22,357] {dag.py:2935} INFO - Setting next_dagrun for example_branch_datetime_operator_2 to 2022-02-04 00:00:00+00:00
[2022-02-05 19:30:22,366] {processor.py:171} INFO - Processing /home/airflow/.local/lib/python3.7/site-packages/airflow/example_dags/example_branch_datetime_operator.py took 0.069 seconds
[2022-02-05 19:30:54,357] {processor.py:163} INFO - Started process (PID=1156) to work on /home/airflow/.local/lib/python3.7/site-packages/airflow/example_dags/example_branch_datetime_operator.py
[2022-02-05 19:30:54,360] {processor.py:642} INFO - Processing file /home/airflow/.local/lib/python3.7/site-packages/airflow/example_dags/example_branch_datetime_operator.py for tasks to queue
[2022-02-05 19:30:54,361] {logging_mixin.py:109} INFO - [2022-02-05 19:30:54,361] {dagbag.py:500} INFO - Filling up the DagBag from /home/airflow/.local/lib/python3.7/site-packages/airflow/example_dags/example_branch_datetime_operator.py
[2022-02-05 19:30:54,421] {processor.py:654} INFO - DAG(s) dict_keys(['example_branch_datetime_operator_2']) retrieved from /home/airflow/.local/lib/python3.7/site-packages/airflow/example_dags/example_branch_datetime_operator.py
[2022-02-05 19:30:54,439] {logging_mixin.py:109} INFO - [2022-02-05 19:30:54,439] {dag.py:2396} INFO - Sync 1 DAGs
[2022-02-05 19:30:54,476] {logging_mixin.py:109} INFO - [2022-02-05 19:30:54,475] {dag.py:2935} INFO - Setting next_dagrun for example_branch_datetime_operator_2 to 2022-02-04 00:00:00+00:00
[2022-02-05 19:30:54,497] {processor.py:171} INFO - Processing /home/airflow/.local/lib/python3.7/site-packages/airflow/example_dags/example_branch_datetime_operator.py took 0.147 seconds
[2022-02-05 19:31:24,890] {processor.py:163} INFO - Started process (PID=1219) to work on /home/airflow/.local/lib/python3.7/site-packages/airflow/example_dags/example_branch_datetime_operator.py
[2022-02-05 19:31:24,891] {processor.py:642} INFO - Processing file /home/airflow/.local/lib/python3.7/site-packages/airflow/example_dags/example_branch_datetime_operator.py for tasks to queue
[2022-02-05 19:31:24,892] {logging_mixin.py:109} INFO - [2022-02-05 19:31:24,892] {dagbag.py:500} INFO - Filling up the DagBag from /home/airflow/.local/lib/python3.7/site-packages/airflow/example_dags/example_branch_datetime_operator.py
[2022-02-05 19:31:24,933] {processor.py:654} INFO - DAG(s) dict_keys(['example_branch_datetime_operator_2']) retrieved from /home/airflow/.local/lib/python3.7/site-packages/airflow/example_dags/example_branch_datetime_operator.py
[2022-02-05 19:31:24,946] {logging_mixin.py:109} INFO - [2022-02-05 19:31:24,946] {dag.py:2396} INFO - Sync 1 DAGs
[2022-02-05 19:31:24,970] {logging_mixin.py:109} INFO - [2022-02-05 19:31:24,970] {dag.py:2935} INFO - Setting next_dagrun for example_branch_datetime_operator_2 to 2022-02-04 00:00:00+00:00
[2022-02-05 19:31:24,984] {processor.py:171} INFO - Processing /home/airflow/.local/lib/python3.7/site-packages/airflow/example_dags/example_branch_datetime_operator.py took 0.098 seconds
[2022-02-05 19:31:56,051] {processor.py:163} INFO - Started process (PID=1272) to work on /home/airflow/.local/lib/python3.7/site-packages/airflow/example_dags/example_branch_datetime_operator.py
[2022-02-05 19:31:56,061] {processor.py:642} INFO - Processing file /home/airflow/.local/lib/python3.7/site-packages/airflow/example_dags/example_branch_datetime_operator.py for tasks to queue
[2022-02-05 19:31:56,062] {logging_mixin.py:109} INFO - [2022-02-05 19:31:56,062] {dagbag.py:500} INFO - Filling up the DagBag from /home/airflow/.local/lib/python3.7/site-packages/airflow/example_dags/example_branch_datetime_operator.py
[2022-02-05 19:31:56,085] {processor.py:654} INFO - DAG(s) dict_keys(['example_branch_datetime_operator_2']) retrieved from /home/airflow/.local/lib/python3.7/site-packages/airflow/example_dags/example_branch_datetime_operator.py
[2022-02-05 19:31:56,093] {logging_mixin.py:109} INFO - [2022-02-05 19:31:56,093] {dag.py:2396} INFO - Sync 1 DAGs
[2022-02-05 19:31:56,108] {logging_mixin.py:109} INFO - [2022-02-05 19:31:56,108] {dag.py:2935} INFO - Setting next_dagrun for example_branch_datetime_operator_2 to 2022-02-04 00:00:00+00:00
[2022-02-05 19:31:56,129] {processor.py:171} INFO - Processing /home/airflow/.local/lib/python3.7/site-packages/airflow/example_dags/example_branch_datetime_operator.py took 0.080 seconds
[2022-02-05 19:32:26,531] {processor.py:163} INFO - Started process (PID=1330) to work on /home/airflow/.local/lib/python3.7/site-packages/airflow/example_dags/example_branch_datetime_operator.py
[2022-02-05 19:32:26,533] {processor.py:642} INFO - Processing file /home/airflow/.local/lib/python3.7/site-packages/airflow/example_dags/example_branch_datetime_operator.py for tasks to queue
[2022-02-05 19:32:26,536] {logging_mixin.py:109} INFO - [2022-02-05 19:32:26,536] {dagbag.py:500} INFO - Filling up the DagBag from /home/airflow/.local/lib/python3.7/site-packages/airflow/example_dags/example_branch_datetime_operator.py
[2022-02-05 19:32:26,582] {processor.py:654} INFO - DAG(s) dict_keys(['example_branch_datetime_operator_2']) retrieved from /home/airflow/.local/lib/python3.7/site-packages/airflow/example_dags/example_branch_datetime_operator.py
[2022-02-05 19:32:26,598] {logging_mixin.py:109} INFO - [2022-02-05 19:32:26,598] {dag.py:2396} INFO - Sync 1 DAGs
[2022-02-05 19:32:26,623] {logging_mixin.py:109} INFO - [2022-02-05 19:32:26,622] {dag.py:2935} INFO - Setting next_dagrun for example_branch_datetime_operator_2 to 2022-02-04 00:00:00+00:00
[2022-02-05 19:32:26,641] {processor.py:171} INFO - Processing /home/airflow/.local/lib/python3.7/site-packages/airflow/example_dags/example_branch_datetime_operator.py took 0.115 seconds
[2022-02-05 19:32:57,190] {processor.py:163} INFO - Started process (PID=1391) to work on /home/airflow/.local/lib/python3.7/site-packages/airflow/example_dags/example_branch_datetime_operator.py
[2022-02-05 19:32:57,191] {processor.py:642} INFO - Processing file /home/airflow/.local/lib/python3.7/site-packages/airflow/example_dags/example_branch_datetime_operator.py for tasks to queue
[2022-02-05 19:32:57,191] {logging_mixin.py:109} INFO - [2022-02-05 19:32:57,191] {dagbag.py:500} INFO - Filling up the DagBag from /home/airflow/.local/lib/python3.7/site-packages/airflow/example_dags/example_branch_datetime_operator.py
[2022-02-05 19:32:57,216] {processor.py:654} INFO - DAG(s) dict_keys(['example_branch_datetime_operator_2']) retrieved from /home/airflow/.local/lib/python3.7/site-packages/airflow/example_dags/example_branch_datetime_operator.py
[2022-02-05 19:32:57,225] {logging_mixin.py:109} INFO - [2022-02-05 19:32:57,225] {dag.py:2396} INFO - Sync 1 DAGs
[2022-02-05 19:32:57,239] {logging_mixin.py:109} INFO - [2022-02-05 19:32:57,239] {dag.py:2935} INFO - Setting next_dagrun for example_branch_datetime_operator_2 to 2022-02-04 00:00:00+00:00
[2022-02-05 19:32:57,247] {processor.py:171} INFO - Processing /home/airflow/.local/lib/python3.7/site-packages/airflow/example_dags/example_branch_datetime_operator.py took 0.060 seconds
[2022-02-05 19:33:27,477] {processor.py:163} INFO - Started process (PID=1456) to work on /home/airflow/.local/lib/python3.7/site-packages/airflow/example_dags/example_branch_datetime_operator.py
[2022-02-05 19:33:27,479] {processor.py:642} INFO - Processing file /home/airflow/.local/lib/python3.7/site-packages/airflow/example_dags/example_branch_datetime_operator.py for tasks to queue
[2022-02-05 19:33:27,479] {logging_mixin.py:109} INFO - [2022-02-05 19:33:27,479] {dagbag.py:500} INFO - Filling up the DagBag from /home/airflow/.local/lib/python3.7/site-packages/airflow/example_dags/example_branch_datetime_operator.py
[2022-02-05 19:33:27,502] {processor.py:654} INFO - DAG(s) dict_keys(['example_branch_datetime_operator_2']) retrieved from /home/airflow/.local/lib/python3.7/site-packages/airflow/example_dags/example_branch_datetime_operator.py
[2022-02-05 19:33:27,513] {logging_mixin.py:109} INFO - [2022-02-05 19:33:27,513] {dag.py:2396} INFO - Sync 1 DAGs
[2022-02-05 19:33:27,529] {logging_mixin.py:109} INFO - [2022-02-05 19:33:27,529] {dag.py:2935} INFO - Setting next_dagrun for example_branch_datetime_operator_2 to 2022-02-04 00:00:00+00:00
[2022-02-05 19:33:27,537] {processor.py:171} INFO - Processing /home/airflow/.local/lib/python3.7/site-packages/airflow/example_dags/example_branch_datetime_operator.py took 0.063 seconds
[2022-02-05 19:33:57,705] {processor.py:163} INFO - Started process (PID=1508) to work on /home/airflow/.local/lib/python3.7/site-packages/airflow/example_dags/example_branch_datetime_operator.py
[2022-02-05 19:33:57,706] {processor.py:642} INFO - Processing file /home/airflow/.local/lib/python3.7/site-packages/airflow/example_dags/example_branch_datetime_operator.py for tasks to queue
[2022-02-05 19:33:57,707] {logging_mixin.py:109} INFO - [2022-02-05 19:33:57,707] {dagbag.py:500} INFO - Filling up the DagBag from /home/airflow/.local/lib/python3.7/site-packages/airflow/example_dags/example_branch_datetime_operator.py
[2022-02-05 19:33:57,730] {processor.py:654} INFO - DAG(s) dict_keys(['example_branch_datetime_operator_2']) retrieved from /home/airflow/.local/lib/python3.7/site-packages/airflow/example_dags/example_branch_datetime_operator.py
[2022-02-05 19:33:57,738] {logging_mixin.py:109} INFO - [2022-02-05 19:33:57,738] {dag.py:2396} INFO - Sync 1 DAGs
[2022-02-05 19:33:57,752] {logging_mixin.py:109} INFO - [2022-02-05 19:33:57,752] {dag.py:2935} INFO - Setting next_dagrun for example_branch_datetime_operator_2 to 2022-02-04 00:00:00+00:00
[2022-02-05 19:33:57,761] {processor.py:171} INFO - Processing /home/airflow/.local/lib/python3.7/site-packages/airflow/example_dags/example_branch_datetime_operator.py took 0.059 seconds
[2022-02-05 19:34:28,745] {processor.py:163} INFO - Started process (PID=1569) to work on /home/airflow/.local/lib/python3.7/site-packages/airflow/example_dags/example_branch_datetime_operator.py
[2022-02-05 19:34:28,746] {processor.py:642} INFO - Processing file /home/airflow/.local/lib/python3.7/site-packages/airflow/example_dags/example_branch_datetime_operator.py for tasks to queue
[2022-02-05 19:34:28,746] {logging_mixin.py:109} INFO - [2022-02-05 19:34:28,746] {dagbag.py:500} INFO - Filling up the DagBag from /home/airflow/.local/lib/python3.7/site-packages/airflow/example_dags/example_branch_datetime_operator.py
[2022-02-05 19:34:28,770] {processor.py:654} INFO - DAG(s) dict_keys(['example_branch_datetime_operator_2']) retrieved from /home/airflow/.local/lib/python3.7/site-packages/airflow/example_dags/example_branch_datetime_operator.py
[2022-02-05 19:34:28,778] {logging_mixin.py:109} INFO - [2022-02-05 19:34:28,778] {dag.py:2396} INFO - Sync 1 DAGs
[2022-02-05 19:34:28,793] {logging_mixin.py:109} INFO - [2022-02-05 19:34:28,792] {dag.py:2935} INFO - Setting next_dagrun for example_branch_datetime_operator_2 to 2022-02-04 00:00:00+00:00
[2022-02-05 19:34:28,801] {processor.py:171} INFO - Processing /home/airflow/.local/lib/python3.7/site-packages/airflow/example_dags/example_branch_datetime_operator.py took 0.059 seconds
[2022-02-05 19:34:59,688] {processor.py:163} INFO - Started process (PID=1621) to work on /home/airflow/.local/lib/python3.7/site-packages/airflow/example_dags/example_branch_datetime_operator.py
[2022-02-05 19:34:59,689] {processor.py:642} INFO - Processing file /home/airflow/.local/lib/python3.7/site-packages/airflow/example_dags/example_branch_datetime_operator.py for tasks to queue
[2022-02-05 19:34:59,690] {logging_mixin.py:109} INFO - [2022-02-05 19:34:59,690] {dagbag.py:500} INFO - Filling up the DagBag from /home/airflow/.local/lib/python3.7/site-packages/airflow/example_dags/example_branch_datetime_operator.py
[2022-02-05 19:34:59,717] {processor.py:654} INFO - DAG(s) dict_keys(['example_branch_datetime_operator_2']) retrieved from /home/airflow/.local/lib/python3.7/site-packages/airflow/example_dags/example_branch_datetime_operator.py
[2022-02-05 19:34:59,725] {logging_mixin.py:109} INFO - [2022-02-05 19:34:59,725] {dag.py:2396} INFO - Sync 1 DAGs
[2022-02-05 19:34:59,738] {logging_mixin.py:109} INFO - [2022-02-05 19:34:59,738] {dag.py:2935} INFO - Setting next_dagrun for example_branch_datetime_operator_2 to 2022-02-04 00:00:00+00:00
[2022-02-05 19:34:59,747] {processor.py:171} INFO - Processing /home/airflow/.local/lib/python3.7/site-packages/airflow/example_dags/example_branch_datetime_operator.py took 0.061 seconds
[2022-02-05 19:35:29,853] {processor.py:163} INFO - Started process (PID=1682) to work on /home/airflow/.local/lib/python3.7/site-packages/airflow/example_dags/example_branch_datetime_operator.py
[2022-02-05 19:35:29,854] {processor.py:642} INFO - Processing file /home/airflow/.local/lib/python3.7/site-packages/airflow/example_dags/example_branch_datetime_operator.py for tasks to queue
[2022-02-05 19:35:29,854] {logging_mixin.py:109} INFO - [2022-02-05 19:35:29,854] {dagbag.py:500} INFO - Filling up the DagBag from /home/airflow/.local/lib/python3.7/site-packages/airflow/example_dags/example_branch_datetime_operator.py
[2022-02-05 19:35:29,878] {processor.py:654} INFO - DAG(s) dict_keys(['example_branch_datetime_operator_2']) retrieved from /home/airflow/.local/lib/python3.7/site-packages/airflow/example_dags/example_branch_datetime_operator.py
[2022-02-05 19:35:29,886] {logging_mixin.py:109} INFO - [2022-02-05 19:35:29,886] {dag.py:2396} INFO - Sync 1 DAGs
[2022-02-05 19:35:29,899] {logging_mixin.py:109} INFO - [2022-02-05 19:35:29,899] {dag.py:2935} INFO - Setting next_dagrun for example_branch_datetime_operator_2 to 2022-02-04 00:00:00+00:00
[2022-02-05 19:35:29,908] {processor.py:171} INFO - Processing /home/airflow/.local/lib/python3.7/site-packages/airflow/example_dags/example_branch_datetime_operator.py took 0.058 seconds
[2022-02-05 19:36:00,794] {processor.py:163} INFO - Started process (PID=1735) to work on /home/airflow/.local/lib/python3.7/site-packages/airflow/example_dags/example_branch_datetime_operator.py
[2022-02-05 19:36:00,796] {processor.py:642} INFO - Processing file /home/airflow/.local/lib/python3.7/site-packages/airflow/example_dags/example_branch_datetime_operator.py for tasks to queue
[2022-02-05 19:36:00,798] {logging_mixin.py:109} INFO - [2022-02-05 19:36:00,797] {dagbag.py:500} INFO - Filling up the DagBag from /home/airflow/.local/lib/python3.7/site-packages/airflow/example_dags/example_branch_datetime_operator.py
[2022-02-05 19:36:00,842] {processor.py:654} INFO - DAG(s) dict_keys(['example_branch_datetime_operator_2']) retrieved from /home/airflow/.local/lib/python3.7/site-packages/airflow/example_dags/example_branch_datetime_operator.py
[2022-02-05 19:36:00,854] {logging_mixin.py:109} INFO - [2022-02-05 19:36:00,854] {dag.py:2396} INFO - Sync 1 DAGs
[2022-02-05 19:36:00,876] {logging_mixin.py:109} INFO - [2022-02-05 19:36:00,876] {dag.py:2935} INFO - Setting next_dagrun for example_branch_datetime_operator_2 to 2022-02-04 00:00:00+00:00
[2022-02-05 19:36:00,887] {processor.py:171} INFO - Processing /home/airflow/.local/lib/python3.7/site-packages/airflow/example_dags/example_branch_datetime_operator.py took 0.098 seconds
[2022-02-05 19:36:31,456] {processor.py:163} INFO - Started process (PID=1797) to work on /home/airflow/.local/lib/python3.7/site-packages/airflow/example_dags/example_branch_datetime_operator.py
[2022-02-05 19:36:31,458] {processor.py:642} INFO - Processing file /home/airflow/.local/lib/python3.7/site-packages/airflow/example_dags/example_branch_datetime_operator.py for tasks to queue
[2022-02-05 19:36:31,458] {logging_mixin.py:109} INFO - [2022-02-05 19:36:31,458] {dagbag.py:500} INFO - Filling up the DagBag from /home/airflow/.local/lib/python3.7/site-packages/airflow/example_dags/example_branch_datetime_operator.py
[2022-02-05 19:36:31,482] {processor.py:654} INFO - DAG(s) dict_keys(['example_branch_datetime_operator_2']) retrieved from /home/airflow/.local/lib/python3.7/site-packages/airflow/example_dags/example_branch_datetime_operator.py
[2022-02-05 19:36:31,490] {logging_mixin.py:109} INFO - [2022-02-05 19:36:31,489] {dag.py:2396} INFO - Sync 1 DAGs
[2022-02-05 19:36:31,504] {logging_mixin.py:109} INFO - [2022-02-05 19:36:31,503] {dag.py:2935} INFO - Setting next_dagrun for example_branch_datetime_operator_2 to 2022-02-04 00:00:00+00:00
[2022-02-05 19:36:31,513] {processor.py:171} INFO - Processing /home/airflow/.local/lib/python3.7/site-packages/airflow/example_dags/example_branch_datetime_operator.py took 0.060 seconds
[2022-02-05 19:37:02,518] {processor.py:163} INFO - Started process (PID=1848) to work on /home/airflow/.local/lib/python3.7/site-packages/airflow/example_dags/example_branch_datetime_operator.py
[2022-02-05 19:37:02,519] {processor.py:642} INFO - Processing file /home/airflow/.local/lib/python3.7/site-packages/airflow/example_dags/example_branch_datetime_operator.py for tasks to queue
[2022-02-05 19:37:02,520] {logging_mixin.py:109} INFO - [2022-02-05 19:37:02,520] {dagbag.py:500} INFO - Filling up the DagBag from /home/airflow/.local/lib/python3.7/site-packages/airflow/example_dags/example_branch_datetime_operator.py
[2022-02-05 19:37:02,573] {processor.py:654} INFO - DAG(s) dict_keys(['example_branch_datetime_operator_2']) retrieved from /home/airflow/.local/lib/python3.7/site-packages/airflow/example_dags/example_branch_datetime_operator.py
[2022-02-05 19:37:02,582] {logging_mixin.py:109} INFO - [2022-02-05 19:37:02,582] {dag.py:2396} INFO - Sync 1 DAGs
[2022-02-05 19:37:02,600] {logging_mixin.py:109} INFO - [2022-02-05 19:37:02,600] {dag.py:2935} INFO - Setting next_dagrun for example_branch_datetime_operator_2 to 2022-02-04 00:00:00+00:00
[2022-02-05 19:37:02,608] {processor.py:171} INFO - Processing /home/airflow/.local/lib/python3.7/site-packages/airflow/example_dags/example_branch_datetime_operator.py took 0.094 seconds
[2022-02-05 19:37:32,796] {processor.py:163} INFO - Started process (PID=1911) to work on /home/airflow/.local/lib/python3.7/site-packages/airflow/example_dags/example_branch_datetime_operator.py
[2022-02-05 19:37:32,798] {processor.py:642} INFO - Processing file /home/airflow/.local/lib/python3.7/site-packages/airflow/example_dags/example_branch_datetime_operator.py for tasks to queue
[2022-02-05 19:37:32,798] {logging_mixin.py:109} INFO - [2022-02-05 19:37:32,798] {dagbag.py:500} INFO - Filling up the DagBag from /home/airflow/.local/lib/python3.7/site-packages/airflow/example_dags/example_branch_datetime_operator.py
[2022-02-05 19:37:32,825] {processor.py:654} INFO - DAG(s) dict_keys(['example_branch_datetime_operator_2']) retrieved from /home/airflow/.local/lib/python3.7/site-packages/airflow/example_dags/example_branch_datetime_operator.py
[2022-02-05 19:37:32,834] {logging_mixin.py:109} INFO - [2022-02-05 19:37:32,834] {dag.py:2396} INFO - Sync 1 DAGs
[2022-02-05 19:37:32,848] {logging_mixin.py:109} INFO - [2022-02-05 19:37:32,848] {dag.py:2935} INFO - Setting next_dagrun for example_branch_datetime_operator_2 to 2022-02-04 00:00:00+00:00
[2022-02-05 19:37:32,858] {processor.py:171} INFO - Processing /home/airflow/.local/lib/python3.7/site-packages/airflow/example_dags/example_branch_datetime_operator.py took 0.064 seconds
[2022-02-05 19:38:03,689] {processor.py:163} INFO - Started process (PID=1974) to work on /home/airflow/.local/lib/python3.7/site-packages/airflow/example_dags/example_branch_datetime_operator.py
[2022-02-05 19:38:03,691] {processor.py:642} INFO - Processing file /home/airflow/.local/lib/python3.7/site-packages/airflow/example_dags/example_branch_datetime_operator.py for tasks to queue
[2022-02-05 19:38:03,691] {logging_mixin.py:109} INFO - [2022-02-05 19:38:03,691] {dagbag.py:500} INFO - Filling up the DagBag from /home/airflow/.local/lib/python3.7/site-packages/airflow/example_dags/example_branch_datetime_operator.py
[2022-02-05 19:38:03,722] {processor.py:654} INFO - DAG(s) dict_keys(['example_branch_datetime_operator_2']) retrieved from /home/airflow/.local/lib/python3.7/site-packages/airflow/example_dags/example_branch_datetime_operator.py
[2022-02-05 19:38:03,732] {logging_mixin.py:109} INFO - [2022-02-05 19:38:03,732] {dag.py:2396} INFO - Sync 1 DAGs
[2022-02-05 19:38:03,753] {logging_mixin.py:109} INFO - [2022-02-05 19:38:03,753] {dag.py:2935} INFO - Setting next_dagrun for example_branch_datetime_operator_2 to 2022-02-04 00:00:00+00:00
[2022-02-05 19:38:03,764] {processor.py:171} INFO - Processing /home/airflow/.local/lib/python3.7/site-packages/airflow/example_dags/example_branch_datetime_operator.py took 0.078 seconds
[2022-02-05 19:38:34,267] {processor.py:163} INFO - Started process (PID=2027) to work on /home/airflow/.local/lib/python3.7/site-packages/airflow/example_dags/example_branch_datetime_operator.py
[2022-02-05 19:38:34,268] {processor.py:642} INFO - Processing file /home/airflow/.local/lib/python3.7/site-packages/airflow/example_dags/example_branch_datetime_operator.py for tasks to queue
[2022-02-05 19:38:34,269] {logging_mixin.py:109} INFO - [2022-02-05 19:38:34,269] {dagbag.py:500} INFO - Filling up the DagBag from /home/airflow/.local/lib/python3.7/site-packages/airflow/example_dags/example_branch_datetime_operator.py
[2022-02-05 19:38:34,294] {processor.py:654} INFO - DAG(s) dict_keys(['example_branch_datetime_operator_2']) retrieved from /home/airflow/.local/lib/python3.7/site-packages/airflow/example_dags/example_branch_datetime_operator.py
[2022-02-05 19:38:34,302] {logging_mixin.py:109} INFO - [2022-02-05 19:38:34,302] {dag.py:2396} INFO - Sync 1 DAGs
[2022-02-05 19:38:34,316] {logging_mixin.py:109} INFO - [2022-02-05 19:38:34,316] {dag.py:2935} INFO - Setting next_dagrun for example_branch_datetime_operator_2 to 2022-02-04 00:00:00+00:00
[2022-02-05 19:38:34,325] {processor.py:171} INFO - Processing /home/airflow/.local/lib/python3.7/site-packages/airflow/example_dags/example_branch_datetime_operator.py took 0.061 seconds
[2022-02-05 19:39:04,757] {processor.py:163} INFO - Started process (PID=2089) to work on /home/airflow/.local/lib/python3.7/site-packages/airflow/example_dags/example_branch_datetime_operator.py
[2022-02-05 19:39:04,758] {processor.py:642} INFO - Processing file /home/airflow/.local/lib/python3.7/site-packages/airflow/example_dags/example_branch_datetime_operator.py for tasks to queue
[2022-02-05 19:39:04,759] {logging_mixin.py:109} INFO - [2022-02-05 19:39:04,759] {dagbag.py:500} INFO - Filling up the DagBag from /home/airflow/.local/lib/python3.7/site-packages/airflow/example_dags/example_branch_datetime_operator.py
[2022-02-05 19:39:04,796] {processor.py:654} INFO - DAG(s) dict_keys(['example_branch_datetime_operator_2']) retrieved from /home/airflow/.local/lib/python3.7/site-packages/airflow/example_dags/example_branch_datetime_operator.py
[2022-02-05 19:39:04,810] {logging_mixin.py:109} INFO - [2022-02-05 19:39:04,809] {dag.py:2396} INFO - Sync 1 DAGs
[2022-02-05 19:39:04,839] {logging_mixin.py:109} INFO - [2022-02-05 19:39:04,839] {dag.py:2935} INFO - Setting next_dagrun for example_branch_datetime_operator_2 to 2022-02-04 00:00:00+00:00
[2022-02-05 19:39:04,850] {processor.py:171} INFO - Processing /home/airflow/.local/lib/python3.7/site-packages/airflow/example_dags/example_branch_datetime_operator.py took 0.097 seconds
[2022-02-05 19:39:35,199] {processor.py:163} INFO - Started process (PID=2147) to work on /home/airflow/.local/lib/python3.7/site-packages/airflow/example_dags/example_branch_datetime_operator.py
[2022-02-05 19:39:35,201] {processor.py:642} INFO - Processing file /home/airflow/.local/lib/python3.7/site-packages/airflow/example_dags/example_branch_datetime_operator.py for tasks to queue
[2022-02-05 19:39:35,202] {logging_mixin.py:109} INFO - [2022-02-05 19:39:35,201] {dagbag.py:500} INFO - Filling up the DagBag from /home/airflow/.local/lib/python3.7/site-packages/airflow/example_dags/example_branch_datetime_operator.py
[2022-02-05 19:39:35,245] {processor.py:654} INFO - DAG(s) dict_keys(['example_branch_datetime_operator_2']) retrieved from /home/airflow/.local/lib/python3.7/site-packages/airflow/example_dags/example_branch_datetime_operator.py
[2022-02-05 19:39:35,259] {logging_mixin.py:109} INFO - [2022-02-05 19:39:35,259] {dag.py:2396} INFO - Sync 1 DAGs
[2022-02-05 19:39:35,285] {logging_mixin.py:109} INFO - [2022-02-05 19:39:35,284] {dag.py:2935} INFO - Setting next_dagrun for example_branch_datetime_operator_2 to 2022-02-04 00:00:00+00:00
[2022-02-05 19:39:35,297] {processor.py:171} INFO - Processing /home/airflow/.local/lib/python3.7/site-packages/airflow/example_dags/example_branch_datetime_operator.py took 0.103 seconds
[2022-02-05 19:40:08,209] {processor.py:163} INFO - Started process (PID=2201) to work on /home/airflow/.local/lib/python3.7/site-packages/airflow/example_dags/example_branch_datetime_operator.py
[2022-02-05 19:40:08,211] {processor.py:642} INFO - Processing file /home/airflow/.local/lib/python3.7/site-packages/airflow/example_dags/example_branch_datetime_operator.py for tasks to queue
[2022-02-05 19:40:08,212] {logging_mixin.py:109} INFO - [2022-02-05 19:40:08,212] {dagbag.py:500} INFO - Filling up the DagBag from /home/airflow/.local/lib/python3.7/site-packages/airflow/example_dags/example_branch_datetime_operator.py
[2022-02-05 19:40:08,264] {processor.py:654} INFO - DAG(s) dict_keys(['example_branch_datetime_operator_2']) retrieved from /home/airflow/.local/lib/python3.7/site-packages/airflow/example_dags/example_branch_datetime_operator.py
[2022-02-05 19:40:08,285] {logging_mixin.py:109} INFO - [2022-02-05 19:40:08,285] {dag.py:2396} INFO - Sync 1 DAGs
[2022-02-05 19:40:08,314] {logging_mixin.py:109} INFO - [2022-02-05 19:40:08,314] {dag.py:2935} INFO - Setting next_dagrun for example_branch_datetime_operator_2 to 2022-02-04 00:00:00+00:00
[2022-02-05 19:40:08,458] {processor.py:171} INFO - Processing /home/airflow/.local/lib/python3.7/site-packages/airflow/example_dags/example_branch_datetime_operator.py took 0.254 seconds
[2022-02-05 19:40:38,775] {processor.py:163} INFO - Started process (PID=2268) to work on /home/airflow/.local/lib/python3.7/site-packages/airflow/example_dags/example_branch_datetime_operator.py
[2022-02-05 19:40:38,777] {processor.py:642} INFO - Processing file /home/airflow/.local/lib/python3.7/site-packages/airflow/example_dags/example_branch_datetime_operator.py for tasks to queue
[2022-02-05 19:40:38,778] {logging_mixin.py:109} INFO - [2022-02-05 19:40:38,778] {dagbag.py:500} INFO - Filling up the DagBag from /home/airflow/.local/lib/python3.7/site-packages/airflow/example_dags/example_branch_datetime_operator.py
[2022-02-05 19:40:38,823] {processor.py:654} INFO - DAG(s) dict_keys(['example_branch_datetime_operator_2']) retrieved from /home/airflow/.local/lib/python3.7/site-packages/airflow/example_dags/example_branch_datetime_operator.py
[2022-02-05 19:40:38,839] {logging_mixin.py:109} INFO - [2022-02-05 19:40:38,839] {dag.py:2396} INFO - Sync 1 DAGs
[2022-02-05 19:40:38,977] {logging_mixin.py:109} INFO - [2022-02-05 19:40:38,977] {dag.py:2935} INFO - Setting next_dagrun for example_branch_datetime_operator_2 to 2022-02-04 00:00:00+00:00
[2022-02-05 19:40:38,993] {processor.py:171} INFO - Processing /home/airflow/.local/lib/python3.7/site-packages/airflow/example_dags/example_branch_datetime_operator.py took 0.223 seconds
[2022-02-05 19:41:09,099] {processor.py:163} INFO - Started process (PID=2321) to work on /home/airflow/.local/lib/python3.7/site-packages/airflow/example_dags/example_branch_datetime_operator.py
[2022-02-05 19:41:09,101] {processor.py:642} INFO - Processing file /home/airflow/.local/lib/python3.7/site-packages/airflow/example_dags/example_branch_datetime_operator.py for tasks to queue
[2022-02-05 19:41:09,102] {logging_mixin.py:109} INFO - [2022-02-05 19:41:09,102] {dagbag.py:500} INFO - Filling up the DagBag from /home/airflow/.local/lib/python3.7/site-packages/airflow/example_dags/example_branch_datetime_operator.py
[2022-02-05 19:41:09,132] {processor.py:654} INFO - DAG(s) dict_keys(['example_branch_datetime_operator_2']) retrieved from /home/airflow/.local/lib/python3.7/site-packages/airflow/example_dags/example_branch_datetime_operator.py
[2022-02-05 19:41:09,141] {logging_mixin.py:109} INFO - [2022-02-05 19:41:09,141] {dag.py:2396} INFO - Sync 1 DAGs
[2022-02-05 19:41:09,236] {logging_mixin.py:109} INFO - [2022-02-05 19:41:09,236] {dag.py:2935} INFO - Setting next_dagrun for example_branch_datetime_operator_2 to 2022-02-04 00:00:00+00:00
[2022-02-05 19:41:09,247] {processor.py:171} INFO - Processing /home/airflow/.local/lib/python3.7/site-packages/airflow/example_dags/example_branch_datetime_operator.py took 0.151 seconds
[2022-02-05 19:41:39,809] {processor.py:163} INFO - Started process (PID=2383) to work on /home/airflow/.local/lib/python3.7/site-packages/airflow/example_dags/example_branch_datetime_operator.py
[2022-02-05 19:41:39,811] {processor.py:642} INFO - Processing file /home/airflow/.local/lib/python3.7/site-packages/airflow/example_dags/example_branch_datetime_operator.py for tasks to queue
[2022-02-05 19:41:39,812] {logging_mixin.py:109} INFO - [2022-02-05 19:41:39,812] {dagbag.py:500} INFO - Filling up the DagBag from /home/airflow/.local/lib/python3.7/site-packages/airflow/example_dags/example_branch_datetime_operator.py
[2022-02-05 19:41:39,850] {processor.py:654} INFO - DAG(s) dict_keys(['example_branch_datetime_operator_2']) retrieved from /home/airflow/.local/lib/python3.7/site-packages/airflow/example_dags/example_branch_datetime_operator.py
[2022-02-05 19:41:39,867] {logging_mixin.py:109} INFO - [2022-02-05 19:41:39,867] {dag.py:2396} INFO - Sync 1 DAGs
[2022-02-05 19:41:40,012] {logging_mixin.py:109} INFO - [2022-02-05 19:41:40,011] {dag.py:2935} INFO - Setting next_dagrun for example_branch_datetime_operator_2 to 2022-02-04 00:00:00+00:00
[2022-02-05 19:41:40,026] {processor.py:171} INFO - Processing /home/airflow/.local/lib/python3.7/site-packages/airflow/example_dags/example_branch_datetime_operator.py took 0.221 seconds
[2022-02-05 19:42:10,133] {processor.py:163} INFO - Started process (PID=2435) to work on /home/airflow/.local/lib/python3.7/site-packages/airflow/example_dags/example_branch_datetime_operator.py
[2022-02-05 19:42:10,135] {processor.py:642} INFO - Processing file /home/airflow/.local/lib/python3.7/site-packages/airflow/example_dags/example_branch_datetime_operator.py for tasks to queue
[2022-02-05 19:42:10,136] {logging_mixin.py:109} INFO - [2022-02-05 19:42:10,136] {dagbag.py:500} INFO - Filling up the DagBag from /home/airflow/.local/lib/python3.7/site-packages/airflow/example_dags/example_branch_datetime_operator.py
[2022-02-05 19:42:10,168] {processor.py:654} INFO - DAG(s) dict_keys(['example_branch_datetime_operator_2']) retrieved from /home/airflow/.local/lib/python3.7/site-packages/airflow/example_dags/example_branch_datetime_operator.py
[2022-02-05 19:42:10,290] {logging_mixin.py:109} INFO - [2022-02-05 19:42:10,289] {dag.py:2396} INFO - Sync 1 DAGs
[2022-02-05 19:42:10,311] {logging_mixin.py:109} INFO - [2022-02-05 19:42:10,310] {dag.py:2935} INFO - Setting next_dagrun for example_branch_datetime_operator_2 to 2022-02-04 00:00:00+00:00
[2022-02-05 19:42:10,322] {processor.py:171} INFO - Processing /home/airflow/.local/lib/python3.7/site-packages/airflow/example_dags/example_branch_datetime_operator.py took 0.192 seconds
[2022-02-05 19:42:41,085] {processor.py:163} INFO - Started process (PID=2498) to work on /home/airflow/.local/lib/python3.7/site-packages/airflow/example_dags/example_branch_datetime_operator.py
[2022-02-05 19:42:41,087] {processor.py:642} INFO - Processing file /home/airflow/.local/lib/python3.7/site-packages/airflow/example_dags/example_branch_datetime_operator.py for tasks to queue
[2022-02-05 19:42:41,087] {logging_mixin.py:109} INFO - [2022-02-05 19:42:41,087] {dagbag.py:500} INFO - Filling up the DagBag from /home/airflow/.local/lib/python3.7/site-packages/airflow/example_dags/example_branch_datetime_operator.py
[2022-02-05 19:42:41,216] {processor.py:654} INFO - DAG(s) dict_keys(['example_branch_datetime_operator_2']) retrieved from /home/airflow/.local/lib/python3.7/site-packages/airflow/example_dags/example_branch_datetime_operator.py
[2022-02-05 19:42:41,226] {logging_mixin.py:109} INFO - [2022-02-05 19:42:41,226] {dag.py:2396} INFO - Sync 1 DAGs
[2022-02-05 19:42:41,244] {logging_mixin.py:109} INFO - [2022-02-05 19:42:41,244] {dag.py:2935} INFO - Setting next_dagrun for example_branch_datetime_operator_2 to 2022-02-04 00:00:00+00:00
[2022-02-05 19:42:41,269] {processor.py:171} INFO - Processing /home/airflow/.local/lib/python3.7/site-packages/airflow/example_dags/example_branch_datetime_operator.py took 0.188 seconds
[2022-02-05 19:43:11,827] {processor.py:163} INFO - Started process (PID=2550) to work on /home/airflow/.local/lib/python3.7/site-packages/airflow/example_dags/example_branch_datetime_operator.py
[2022-02-05 19:43:11,828] {processor.py:642} INFO - Processing file /home/airflow/.local/lib/python3.7/site-packages/airflow/example_dags/example_branch_datetime_operator.py for tasks to queue
[2022-02-05 19:43:11,829] {logging_mixin.py:109} INFO - [2022-02-05 19:43:11,829] {dagbag.py:500} INFO - Filling up the DagBag from /home/airflow/.local/lib/python3.7/site-packages/airflow/example_dags/example_branch_datetime_operator.py
[2022-02-05 19:43:11,945] {processor.py:654} INFO - DAG(s) dict_keys(['example_branch_datetime_operator_2']) retrieved from /home/airflow/.local/lib/python3.7/site-packages/airflow/example_dags/example_branch_datetime_operator.py
[2022-02-05 19:43:11,953] {logging_mixin.py:109} INFO - [2022-02-05 19:43:11,953] {dag.py:2396} INFO - Sync 1 DAGs
[2022-02-05 19:43:11,966] {logging_mixin.py:109} INFO - [2022-02-05 19:43:11,966] {dag.py:2935} INFO - Setting next_dagrun for example_branch_datetime_operator_2 to 2022-02-04 00:00:00+00:00
[2022-02-05 19:43:11,978] {processor.py:171} INFO - Processing /home/airflow/.local/lib/python3.7/site-packages/airflow/example_dags/example_branch_datetime_operator.py took 0.154 seconds
[2022-02-05 19:43:42,513] {processor.py:163} INFO - Started process (PID=2614) to work on /home/airflow/.local/lib/python3.7/site-packages/airflow/example_dags/example_branch_datetime_operator.py
[2022-02-05 19:43:42,514] {processor.py:642} INFO - Processing file /home/airflow/.local/lib/python3.7/site-packages/airflow/example_dags/example_branch_datetime_operator.py for tasks to queue
[2022-02-05 19:43:42,515] {logging_mixin.py:109} INFO - [2022-02-05 19:43:42,515] {dagbag.py:500} INFO - Filling up the DagBag from /home/airflow/.local/lib/python3.7/site-packages/airflow/example_dags/example_branch_datetime_operator.py
[2022-02-05 19:43:42,617] {processor.py:654} INFO - DAG(s) dict_keys(['example_branch_datetime_operator_2']) retrieved from /home/airflow/.local/lib/python3.7/site-packages/airflow/example_dags/example_branch_datetime_operator.py
[2022-02-05 19:43:42,625] {logging_mixin.py:109} INFO - [2022-02-05 19:43:42,625] {dag.py:2396} INFO - Sync 1 DAGs
[2022-02-05 19:43:42,639] {logging_mixin.py:109} INFO - [2022-02-05 19:43:42,638] {dag.py:2935} INFO - Setting next_dagrun for example_branch_datetime_operator_2 to 2022-02-04 00:00:00+00:00
[2022-02-05 19:43:42,648] {processor.py:171} INFO - Processing /home/airflow/.local/lib/python3.7/site-packages/airflow/example_dags/example_branch_datetime_operator.py took 0.138 seconds
[2022-02-05 19:44:12,843] {processor.py:163} INFO - Started process (PID=2671) to work on /home/airflow/.local/lib/python3.7/site-packages/airflow/example_dags/example_branch_datetime_operator.py
[2022-02-05 19:44:12,844] {processor.py:642} INFO - Processing file /home/airflow/.local/lib/python3.7/site-packages/airflow/example_dags/example_branch_datetime_operator.py for tasks to queue
[2022-02-05 19:44:12,845] {logging_mixin.py:109} INFO - [2022-02-05 19:44:12,844] {dagbag.py:500} INFO - Filling up the DagBag from /home/airflow/.local/lib/python3.7/site-packages/airflow/example_dags/example_branch_datetime_operator.py
[2022-02-05 19:44:12,952] {processor.py:654} INFO - DAG(s) dict_keys(['example_branch_datetime_operator_2']) retrieved from /home/airflow/.local/lib/python3.7/site-packages/airflow/example_dags/example_branch_datetime_operator.py
[2022-02-05 19:44:12,958] {logging_mixin.py:109} INFO - [2022-02-05 19:44:12,958] {dag.py:2396} INFO - Sync 1 DAGs
[2022-02-05 19:44:12,970] {logging_mixin.py:109} INFO - [2022-02-05 19:44:12,970] {dag.py:2935} INFO - Setting next_dagrun for example_branch_datetime_operator_2 to 2022-02-04 00:00:00+00:00
[2022-02-05 19:44:12,980] {processor.py:171} INFO - Processing /home/airflow/.local/lib/python3.7/site-packages/airflow/example_dags/example_branch_datetime_operator.py took 0.139 seconds
[2022-02-05 19:44:43,346] {processor.py:163} INFO - Started process (PID=2733) to work on /home/airflow/.local/lib/python3.7/site-packages/airflow/example_dags/example_branch_datetime_operator.py
[2022-02-05 19:44:43,348] {processor.py:642} INFO - Processing file /home/airflow/.local/lib/python3.7/site-packages/airflow/example_dags/example_branch_datetime_operator.py for tasks to queue
[2022-02-05 19:44:43,348] {logging_mixin.py:109} INFO - [2022-02-05 19:44:43,348] {dagbag.py:500} INFO - Filling up the DagBag from /home/airflow/.local/lib/python3.7/site-packages/airflow/example_dags/example_branch_datetime_operator.py
[2022-02-05 19:44:43,373] {processor.py:654} INFO - DAG(s) dict_keys(['example_branch_datetime_operator_2']) retrieved from /home/airflow/.local/lib/python3.7/site-packages/airflow/example_dags/example_branch_datetime_operator.py
[2022-02-05 19:44:43,381] {logging_mixin.py:109} INFO - [2022-02-05 19:44:43,381] {dag.py:2396} INFO - Sync 1 DAGs
[2022-02-05 19:44:43,396] {logging_mixin.py:109} INFO - [2022-02-05 19:44:43,396] {dag.py:2935} INFO - Setting next_dagrun for example_branch_datetime_operator_2 to 2022-02-04 00:00:00+00:00
[2022-02-05 19:44:43,405] {processor.py:171} INFO - Processing /home/airflow/.local/lib/python3.7/site-packages/airflow/example_dags/example_branch_datetime_operator.py took 0.061 seconds
[2022-02-05 19:45:14,267] {processor.py:163} INFO - Started process (PID=2785) to work on /home/airflow/.local/lib/python3.7/site-packages/airflow/example_dags/example_branch_datetime_operator.py
[2022-02-05 19:45:14,269] {processor.py:642} INFO - Processing file /home/airflow/.local/lib/python3.7/site-packages/airflow/example_dags/example_branch_datetime_operator.py for tasks to queue
[2022-02-05 19:45:14,269] {logging_mixin.py:109} INFO - [2022-02-05 19:45:14,269] {dagbag.py:500} INFO - Filling up the DagBag from /home/airflow/.local/lib/python3.7/site-packages/airflow/example_dags/example_branch_datetime_operator.py
[2022-02-05 19:45:14,296] {processor.py:654} INFO - DAG(s) dict_keys(['example_branch_datetime_operator_2']) retrieved from /home/airflow/.local/lib/python3.7/site-packages/airflow/example_dags/example_branch_datetime_operator.py
[2022-02-05 19:45:14,305] {logging_mixin.py:109} INFO - [2022-02-05 19:45:14,305] {dag.py:2396} INFO - Sync 1 DAGs
[2022-02-05 19:45:14,318] {logging_mixin.py:109} INFO - [2022-02-05 19:45:14,318] {dag.py:2935} INFO - Setting next_dagrun for example_branch_datetime_operator_2 to 2022-02-04 00:00:00+00:00
[2022-02-05 19:45:14,326] {processor.py:171} INFO - Processing /home/airflow/.local/lib/python3.7/site-packages/airflow/example_dags/example_branch_datetime_operator.py took 0.061 seconds
[2022-02-05 19:45:45,116] {processor.py:163} INFO - Started process (PID=2848) to work on /home/airflow/.local/lib/python3.7/site-packages/airflow/example_dags/example_branch_datetime_operator.py
[2022-02-05 19:45:45,117] {processor.py:642} INFO - Processing file /home/airflow/.local/lib/python3.7/site-packages/airflow/example_dags/example_branch_datetime_operator.py for tasks to queue
[2022-02-05 19:45:45,117] {logging_mixin.py:109} INFO - [2022-02-05 19:45:45,117] {dagbag.py:500} INFO - Filling up the DagBag from /home/airflow/.local/lib/python3.7/site-packages/airflow/example_dags/example_branch_datetime_operator.py
[2022-02-05 19:45:45,142] {processor.py:654} INFO - DAG(s) dict_keys(['example_branch_datetime_operator_2']) retrieved from /home/airflow/.local/lib/python3.7/site-packages/airflow/example_dags/example_branch_datetime_operator.py
[2022-02-05 19:45:45,150] {logging_mixin.py:109} INFO - [2022-02-05 19:45:45,150] {dag.py:2396} INFO - Sync 1 DAGs
[2022-02-05 19:45:45,166] {logging_mixin.py:109} INFO - [2022-02-05 19:45:45,166] {dag.py:2935} INFO - Setting next_dagrun for example_branch_datetime_operator_2 to 2022-02-04 00:00:00+00:00
[2022-02-05 19:45:45,178] {processor.py:171} INFO - Processing /home/airflow/.local/lib/python3.7/site-packages/airflow/example_dags/example_branch_datetime_operator.py took 0.066 seconds
[2022-02-05 19:46:15,961] {processor.py:163} INFO - Started process (PID=2910) to work on /home/airflow/.local/lib/python3.7/site-packages/airflow/example_dags/example_branch_datetime_operator.py
[2022-02-05 19:46:15,962] {processor.py:642} INFO - Processing file /home/airflow/.local/lib/python3.7/site-packages/airflow/example_dags/example_branch_datetime_operator.py for tasks to queue
[2022-02-05 19:46:15,963] {logging_mixin.py:109} INFO - [2022-02-05 19:46:15,963] {dagbag.py:500} INFO - Filling up the DagBag from /home/airflow/.local/lib/python3.7/site-packages/airflow/example_dags/example_branch_datetime_operator.py
[2022-02-05 19:46:15,986] {processor.py:654} INFO - DAG(s) dict_keys(['example_branch_datetime_operator_2']) retrieved from /home/airflow/.local/lib/python3.7/site-packages/airflow/example_dags/example_branch_datetime_operator.py
[2022-02-05 19:46:15,994] {logging_mixin.py:109} INFO - [2022-02-05 19:46:15,994] {dag.py:2396} INFO - Sync 1 DAGs
[2022-02-05 19:46:16,008] {logging_mixin.py:109} INFO - [2022-02-05 19:46:16,008] {dag.py:2935} INFO - Setting next_dagrun for example_branch_datetime_operator_2 to 2022-02-04 00:00:00+00:00
[2022-02-05 19:46:16,017] {processor.py:171} INFO - Processing /home/airflow/.local/lib/python3.7/site-packages/airflow/example_dags/example_branch_datetime_operator.py took 0.059 seconds
[2022-02-05 19:46:46,749] {processor.py:163} INFO - Started process (PID=2962) to work on /home/airflow/.local/lib/python3.7/site-packages/airflow/example_dags/example_branch_datetime_operator.py
[2022-02-05 19:46:46,750] {processor.py:642} INFO - Processing file /home/airflow/.local/lib/python3.7/site-packages/airflow/example_dags/example_branch_datetime_operator.py for tasks to queue
[2022-02-05 19:46:46,751] {logging_mixin.py:109} INFO - [2022-02-05 19:46:46,751] {dagbag.py:500} INFO - Filling up the DagBag from /home/airflow/.local/lib/python3.7/site-packages/airflow/example_dags/example_branch_datetime_operator.py
[2022-02-05 19:46:46,774] {processor.py:654} INFO - DAG(s) dict_keys(['example_branch_datetime_operator_2']) retrieved from /home/airflow/.local/lib/python3.7/site-packages/airflow/example_dags/example_branch_datetime_operator.py
[2022-02-05 19:46:46,782] {logging_mixin.py:109} INFO - [2022-02-05 19:46:46,781] {dag.py:2396} INFO - Sync 1 DAGs
[2022-02-05 19:46:46,795] {logging_mixin.py:109} INFO - [2022-02-05 19:46:46,795] {dag.py:2935} INFO - Setting next_dagrun for example_branch_datetime_operator_2 to 2022-02-04 00:00:00+00:00
[2022-02-05 19:46:46,803] {processor.py:171} INFO - Processing /home/airflow/.local/lib/python3.7/site-packages/airflow/example_dags/example_branch_datetime_operator.py took 0.056 seconds
[2022-02-05 19:47:17,500] {processor.py:163} INFO - Started process (PID=3023) to work on /home/airflow/.local/lib/python3.7/site-packages/airflow/example_dags/example_branch_datetime_operator.py
[2022-02-05 19:47:17,502] {processor.py:642} INFO - Processing file /home/airflow/.local/lib/python3.7/site-packages/airflow/example_dags/example_branch_datetime_operator.py for tasks to queue
[2022-02-05 19:47:17,502] {logging_mixin.py:109} INFO - [2022-02-05 19:47:17,502] {dagbag.py:500} INFO - Filling up the DagBag from /home/airflow/.local/lib/python3.7/site-packages/airflow/example_dags/example_branch_datetime_operator.py
[2022-02-05 19:47:17,546] {processor.py:654} INFO - DAG(s) dict_keys(['example_branch_datetime_operator_2']) retrieved from /home/airflow/.local/lib/python3.7/site-packages/airflow/example_dags/example_branch_datetime_operator.py
[2022-02-05 19:47:17,560] {logging_mixin.py:109} INFO - [2022-02-05 19:47:17,559] {dag.py:2396} INFO - Sync 1 DAGs
[2022-02-05 19:47:17,584] {logging_mixin.py:109} INFO - [2022-02-05 19:47:17,584] {dag.py:2935} INFO - Setting next_dagrun for example_branch_datetime_operator_2 to 2022-02-04 00:00:00+00:00
[2022-02-05 19:47:17,597] {processor.py:171} INFO - Processing /home/airflow/.local/lib/python3.7/site-packages/airflow/example_dags/example_branch_datetime_operator.py took 0.101 seconds
[2022-02-05 19:47:48,347] {processor.py:163} INFO - Started process (PID=3075) to work on /home/airflow/.local/lib/python3.7/site-packages/airflow/example_dags/example_branch_datetime_operator.py
[2022-02-05 19:47:48,348] {processor.py:642} INFO - Processing file /home/airflow/.local/lib/python3.7/site-packages/airflow/example_dags/example_branch_datetime_operator.py for tasks to queue
[2022-02-05 19:47:48,349] {logging_mixin.py:109} INFO - [2022-02-05 19:47:48,349] {dagbag.py:500} INFO - Filling up the DagBag from /home/airflow/.local/lib/python3.7/site-packages/airflow/example_dags/example_branch_datetime_operator.py
[2022-02-05 19:47:48,372] {processor.py:654} INFO - DAG(s) dict_keys(['example_branch_datetime_operator_2']) retrieved from /home/airflow/.local/lib/python3.7/site-packages/airflow/example_dags/example_branch_datetime_operator.py
[2022-02-05 19:47:48,379] {logging_mixin.py:109} INFO - [2022-02-05 19:47:48,379] {dag.py:2396} INFO - Sync 1 DAGs
[2022-02-05 19:47:48,393] {logging_mixin.py:109} INFO - [2022-02-05 19:47:48,393] {dag.py:2935} INFO - Setting next_dagrun for example_branch_datetime_operator_2 to 2022-02-04 00:00:00+00:00
[2022-02-05 19:47:48,403] {processor.py:171} INFO - Processing /home/airflow/.local/lib/python3.7/site-packages/airflow/example_dags/example_branch_datetime_operator.py took 0.058 seconds
[2022-02-05 19:48:18,869] {processor.py:163} INFO - Started process (PID=3138) to work on /home/airflow/.local/lib/python3.7/site-packages/airflow/example_dags/example_branch_datetime_operator.py
[2022-02-05 19:48:18,871] {processor.py:642} INFO - Processing file /home/airflow/.local/lib/python3.7/site-packages/airflow/example_dags/example_branch_datetime_operator.py for tasks to queue
[2022-02-05 19:48:18,871] {logging_mixin.py:109} INFO - [2022-02-05 19:48:18,871] {dagbag.py:500} INFO - Filling up the DagBag from /home/airflow/.local/lib/python3.7/site-packages/airflow/example_dags/example_branch_datetime_operator.py
[2022-02-05 19:48:18,903] {processor.py:654} INFO - DAG(s) dict_keys(['example_branch_datetime_operator_2']) retrieved from /home/airflow/.local/lib/python3.7/site-packages/airflow/example_dags/example_branch_datetime_operator.py
[2022-02-05 19:48:18,915] {logging_mixin.py:109} INFO - [2022-02-05 19:48:18,915] {dag.py:2396} INFO - Sync 1 DAGs
[2022-02-05 19:48:18,937] {logging_mixin.py:109} INFO - [2022-02-05 19:48:18,937] {dag.py:2935} INFO - Setting next_dagrun for example_branch_datetime_operator_2 to 2022-02-04 00:00:00+00:00
[2022-02-05 19:48:18,950] {processor.py:171} INFO - Processing /home/airflow/.local/lib/python3.7/site-packages/airflow/example_dags/example_branch_datetime_operator.py took 0.085 seconds
[2022-02-05 19:48:49,079] {processor.py:163} INFO - Started process (PID=3191) to work on /home/airflow/.local/lib/python3.7/site-packages/airflow/example_dags/example_branch_datetime_operator.py
[2022-02-05 19:48:49,080] {processor.py:642} INFO - Processing file /home/airflow/.local/lib/python3.7/site-packages/airflow/example_dags/example_branch_datetime_operator.py for tasks to queue
[2022-02-05 19:48:49,081] {logging_mixin.py:109} INFO - [2022-02-05 19:48:49,081] {dagbag.py:500} INFO - Filling up the DagBag from /home/airflow/.local/lib/python3.7/site-packages/airflow/example_dags/example_branch_datetime_operator.py
[2022-02-05 19:48:49,107] {processor.py:654} INFO - DAG(s) dict_keys(['example_branch_datetime_operator_2']) retrieved from /home/airflow/.local/lib/python3.7/site-packages/airflow/example_dags/example_branch_datetime_operator.py
[2022-02-05 19:48:49,117] {logging_mixin.py:109} INFO - [2022-02-05 19:48:49,117] {dag.py:2396} INFO - Sync 1 DAGs
[2022-02-05 19:48:49,134] {logging_mixin.py:109} INFO - [2022-02-05 19:48:49,134] {dag.py:2935} INFO - Setting next_dagrun for example_branch_datetime_operator_2 to 2022-02-04 00:00:00+00:00
[2022-02-05 19:48:49,143] {processor.py:171} INFO - Processing /home/airflow/.local/lib/python3.7/site-packages/airflow/example_dags/example_branch_datetime_operator.py took 0.067 seconds
[2022-02-05 19:49:20,033] {processor.py:163} INFO - Started process (PID=3256) to work on /home/airflow/.local/lib/python3.7/site-packages/airflow/example_dags/example_branch_datetime_operator.py
[2022-02-05 19:49:20,035] {processor.py:642} INFO - Processing file /home/airflow/.local/lib/python3.7/site-packages/airflow/example_dags/example_branch_datetime_operator.py for tasks to queue
[2022-02-05 19:49:20,037] {logging_mixin.py:109} INFO - [2022-02-05 19:49:20,037] {dagbag.py:500} INFO - Filling up the DagBag from /home/airflow/.local/lib/python3.7/site-packages/airflow/example_dags/example_branch_datetime_operator.py
[2022-02-05 19:49:20,088] {processor.py:654} INFO - DAG(s) dict_keys(['example_branch_datetime_operator_2']) retrieved from /home/airflow/.local/lib/python3.7/site-packages/airflow/example_dags/example_branch_datetime_operator.py
[2022-02-05 19:49:20,108] {logging_mixin.py:109} INFO - [2022-02-05 19:49:20,108] {dag.py:2396} INFO - Sync 1 DAGs
[2022-02-05 19:49:20,138] {logging_mixin.py:109} INFO - [2022-02-05 19:49:20,138] {dag.py:2935} INFO - Setting next_dagrun for example_branch_datetime_operator_2 to 2022-02-04 00:00:00+00:00
[2022-02-05 19:49:20,152] {processor.py:171} INFO - Processing /home/airflow/.local/lib/python3.7/site-packages/airflow/example_dags/example_branch_datetime_operator.py took 0.126 seconds
[2022-02-05 19:49:50,504] {processor.py:163} INFO - Started process (PID=3309) to work on /home/airflow/.local/lib/python3.7/site-packages/airflow/example_dags/example_branch_datetime_operator.py
[2022-02-05 19:49:50,505] {processor.py:642} INFO - Processing file /home/airflow/.local/lib/python3.7/site-packages/airflow/example_dags/example_branch_datetime_operator.py for tasks to queue
[2022-02-05 19:49:50,505] {logging_mixin.py:109} INFO - [2022-02-05 19:49:50,505] {dagbag.py:500} INFO - Filling up the DagBag from /home/airflow/.local/lib/python3.7/site-packages/airflow/example_dags/example_branch_datetime_operator.py
[2022-02-05 19:49:50,529] {processor.py:654} INFO - DAG(s) dict_keys(['example_branch_datetime_operator_2']) retrieved from /home/airflow/.local/lib/python3.7/site-packages/airflow/example_dags/example_branch_datetime_operator.py
[2022-02-05 19:49:50,537] {logging_mixin.py:109} INFO - [2022-02-05 19:49:50,537] {dag.py:2396} INFO - Sync 1 DAGs
[2022-02-05 19:49:50,551] {logging_mixin.py:109} INFO - [2022-02-05 19:49:50,551] {dag.py:2935} INFO - Setting next_dagrun for example_branch_datetime_operator_2 to 2022-02-04 00:00:00+00:00
[2022-02-05 19:49:50,560] {processor.py:171} INFO - Processing /home/airflow/.local/lib/python3.7/site-packages/airflow/example_dags/example_branch_datetime_operator.py took 0.059 seconds
[2022-02-05 19:50:21,390] {processor.py:163} INFO - Started process (PID=3368) to work on /home/airflow/.local/lib/python3.7/site-packages/airflow/example_dags/example_branch_datetime_operator.py
[2022-02-05 19:50:21,391] {processor.py:642} INFO - Processing file /home/airflow/.local/lib/python3.7/site-packages/airflow/example_dags/example_branch_datetime_operator.py for tasks to queue
[2022-02-05 19:50:21,392] {logging_mixin.py:109} INFO - [2022-02-05 19:50:21,392] {dagbag.py:500} INFO - Filling up the DagBag from /home/airflow/.local/lib/python3.7/site-packages/airflow/example_dags/example_branch_datetime_operator.py
[2022-02-05 19:50:21,415] {processor.py:654} INFO - DAG(s) dict_keys(['example_branch_datetime_operator_2']) retrieved from /home/airflow/.local/lib/python3.7/site-packages/airflow/example_dags/example_branch_datetime_operator.py
[2022-02-05 19:50:21,423] {logging_mixin.py:109} INFO - [2022-02-05 19:50:21,423] {dag.py:2396} INFO - Sync 1 DAGs
[2022-02-05 19:50:21,437] {logging_mixin.py:109} INFO - [2022-02-05 19:50:21,437] {dag.py:2935} INFO - Setting next_dagrun for example_branch_datetime_operator_2 to 2022-02-04 00:00:00+00:00
[2022-02-05 19:50:21,446] {processor.py:171} INFO - Processing /home/airflow/.local/lib/python3.7/site-packages/airflow/example_dags/example_branch_datetime_operator.py took 0.060 seconds
[2022-02-05 19:50:52,073] {processor.py:163} INFO - Started process (PID=3423) to work on /home/airflow/.local/lib/python3.7/site-packages/airflow/example_dags/example_branch_datetime_operator.py
[2022-02-05 19:50:52,074] {processor.py:642} INFO - Processing file /home/airflow/.local/lib/python3.7/site-packages/airflow/example_dags/example_branch_datetime_operator.py for tasks to queue
[2022-02-05 19:50:52,075] {logging_mixin.py:109} INFO - [2022-02-05 19:50:52,075] {dagbag.py:500} INFO - Filling up the DagBag from /home/airflow/.local/lib/python3.7/site-packages/airflow/example_dags/example_branch_datetime_operator.py
[2022-02-05 19:50:52,107] {processor.py:654} INFO - DAG(s) dict_keys(['example_branch_datetime_operator_2']) retrieved from /home/airflow/.local/lib/python3.7/site-packages/airflow/example_dags/example_branch_datetime_operator.py
[2022-02-05 19:50:52,118] {logging_mixin.py:109} INFO - [2022-02-05 19:50:52,118] {dag.py:2396} INFO - Sync 1 DAGs
[2022-02-05 19:50:52,137] {logging_mixin.py:109} INFO - [2022-02-05 19:50:52,137] {dag.py:2935} INFO - Setting next_dagrun for example_branch_datetime_operator_2 to 2022-02-04 00:00:00+00:00
[2022-02-05 19:50:52,151] {processor.py:171} INFO - Processing /home/airflow/.local/lib/python3.7/site-packages/airflow/example_dags/example_branch_datetime_operator.py took 0.082 seconds
