[2022-02-05 19:21:04,007] {processor.py:163} INFO - Started process (PID=60) to work on /home/airflow/.local/lib/python3.7/site-packages/airflow/example_dags/example_bash_operator.py
[2022-02-05 19:21:04,009] {processor.py:642} INFO - Processing file /home/airflow/.local/lib/python3.7/site-packages/airflow/example_dags/example_bash_operator.py for tasks to queue
[2022-02-05 19:21:04,010] {logging_mixin.py:109} INFO - [2022-02-05 19:21:04,010] {dagbag.py:500} INFO - Filling up the DagBag from /home/airflow/.local/lib/python3.7/site-packages/airflow/example_dags/example_bash_operator.py
[2022-02-05 19:21:04,085] {processor.py:654} INFO - DAG(s) dict_keys(['example_bash_operator']) retrieved from /home/airflow/.local/lib/python3.7/site-packages/airflow/example_dags/example_bash_operator.py
[2022-02-05 19:21:04,103] {logging_mixin.py:109} INFO - [2022-02-05 19:21:04,103] {dag.py:2396} INFO - Sync 1 DAGs
[2022-02-05 19:21:04,142] {logging_mixin.py:109} INFO - [2022-02-05 19:21:04,142] {dag.py:2935} INFO - Setting next_dagrun for example_bash_operator to 2022-02-04 00:00:00+00:00
[2022-02-05 19:21:04,165] {processor.py:171} INFO - Processing /home/airflow/.local/lib/python3.7/site-packages/airflow/example_dags/example_bash_operator.py took 0.166 seconds
[2022-02-05 19:21:35,159] {processor.py:163} INFO - Started process (PID=120) to work on /home/airflow/.local/lib/python3.7/site-packages/airflow/example_dags/example_bash_operator.py
[2022-02-05 19:21:35,160] {processor.py:642} INFO - Processing file /home/airflow/.local/lib/python3.7/site-packages/airflow/example_dags/example_bash_operator.py for tasks to queue
[2022-02-05 19:21:35,161] {logging_mixin.py:109} INFO - [2022-02-05 19:21:35,161] {dagbag.py:500} INFO - Filling up the DagBag from /home/airflow/.local/lib/python3.7/site-packages/airflow/example_dags/example_bash_operator.py
[2022-02-05 19:21:35,249] {processor.py:654} INFO - DAG(s) dict_keys(['example_bash_operator']) retrieved from /home/airflow/.local/lib/python3.7/site-packages/airflow/example_dags/example_bash_operator.py
[2022-02-05 19:21:35,293] {logging_mixin.py:109} INFO - [2022-02-05 19:21:35,293] {dag.py:2396} INFO - Sync 1 DAGs
[2022-02-05 19:21:35,335] {logging_mixin.py:109} INFO - [2022-02-05 19:21:35,335] {dag.py:2935} INFO - Setting next_dagrun for example_bash_operator to 2022-02-04 00:00:00+00:00
[2022-02-05 19:21:35,372] {processor.py:171} INFO - Processing /home/airflow/.local/lib/python3.7/site-packages/airflow/example_dags/example_bash_operator.py took 0.219 seconds
[2022-02-05 19:22:07,673] {processor.py:163} INFO - Started process (PID=173) to work on /home/airflow/.local/lib/python3.7/site-packages/airflow/example_dags/example_bash_operator.py
[2022-02-05 19:22:07,676] {processor.py:642} INFO - Processing file /home/airflow/.local/lib/python3.7/site-packages/airflow/example_dags/example_bash_operator.py for tasks to queue
[2022-02-05 19:22:07,677] {logging_mixin.py:109} INFO - [2022-02-05 19:22:07,677] {dagbag.py:500} INFO - Filling up the DagBag from /home/airflow/.local/lib/python3.7/site-packages/airflow/example_dags/example_bash_operator.py
[2022-02-05 19:22:07,720] {processor.py:654} INFO - DAG(s) dict_keys(['example_bash_operator']) retrieved from /home/airflow/.local/lib/python3.7/site-packages/airflow/example_dags/example_bash_operator.py
[2022-02-05 19:22:07,739] {logging_mixin.py:109} INFO - [2022-02-05 19:22:07,739] {dag.py:2396} INFO - Sync 1 DAGs
[2022-02-05 19:22:07,784] {logging_mixin.py:109} INFO - [2022-02-05 19:22:07,784] {dag.py:2935} INFO - Setting next_dagrun for example_bash_operator to 2022-02-04 00:00:00+00:00
[2022-02-05 19:22:07,797] {processor.py:171} INFO - Processing /home/airflow/.local/lib/python3.7/site-packages/airflow/example_dags/example_bash_operator.py took 0.128 seconds
[2022-02-05 19:22:38,698] {processor.py:163} INFO - Started process (PID=239) to work on /home/airflow/.local/lib/python3.7/site-packages/airflow/example_dags/example_bash_operator.py
[2022-02-05 19:22:38,701] {processor.py:642} INFO - Processing file /home/airflow/.local/lib/python3.7/site-packages/airflow/example_dags/example_bash_operator.py for tasks to queue
[2022-02-05 19:22:38,702] {logging_mixin.py:109} INFO - [2022-02-05 19:22:38,702] {dagbag.py:500} INFO - Filling up the DagBag from /home/airflow/.local/lib/python3.7/site-packages/airflow/example_dags/example_bash_operator.py
[2022-02-05 19:22:38,766] {processor.py:654} INFO - DAG(s) dict_keys(['example_bash_operator']) retrieved from /home/airflow/.local/lib/python3.7/site-packages/airflow/example_dags/example_bash_operator.py
[2022-02-05 19:22:38,780] {logging_mixin.py:109} INFO - [2022-02-05 19:22:38,780] {dag.py:2396} INFO - Sync 1 DAGs
[2022-02-05 19:22:38,803] {logging_mixin.py:109} INFO - [2022-02-05 19:22:38,803] {dag.py:2935} INFO - Setting next_dagrun for example_bash_operator to 2022-02-04 00:00:00+00:00
[2022-02-05 19:22:38,822] {processor.py:171} INFO - Processing /home/airflow/.local/lib/python3.7/site-packages/airflow/example_dags/example_bash_operator.py took 0.129 seconds
[2022-02-05 19:23:08,981] {processor.py:163} INFO - Started process (PID=291) to work on /home/airflow/.local/lib/python3.7/site-packages/airflow/example_dags/example_bash_operator.py
[2022-02-05 19:23:08,982] {processor.py:642} INFO - Processing file /home/airflow/.local/lib/python3.7/site-packages/airflow/example_dags/example_bash_operator.py for tasks to queue
[2022-02-05 19:23:08,983] {logging_mixin.py:109} INFO - [2022-02-05 19:23:08,983] {dagbag.py:500} INFO - Filling up the DagBag from /home/airflow/.local/lib/python3.7/site-packages/airflow/example_dags/example_bash_operator.py
[2022-02-05 19:23:09,016] {processor.py:654} INFO - DAG(s) dict_keys(['example_bash_operator']) retrieved from /home/airflow/.local/lib/python3.7/site-packages/airflow/example_dags/example_bash_operator.py
[2022-02-05 19:23:09,028] {logging_mixin.py:109} INFO - [2022-02-05 19:23:09,028] {dag.py:2396} INFO - Sync 1 DAGs
[2022-02-05 19:23:09,046] {logging_mixin.py:109} INFO - [2022-02-05 19:23:09,046] {dag.py:2935} INFO - Setting next_dagrun for example_bash_operator to 2022-02-04 00:00:00+00:00
[2022-02-05 19:23:09,057] {processor.py:171} INFO - Processing /home/airflow/.local/lib/python3.7/site-packages/airflow/example_dags/example_bash_operator.py took 0.079 seconds
[2022-02-05 19:23:39,812] {processor.py:163} INFO - Started process (PID=344) to work on /home/airflow/.local/lib/python3.7/site-packages/airflow/example_dags/example_bash_operator.py
[2022-02-05 19:23:39,817] {processor.py:642} INFO - Processing file /home/airflow/.local/lib/python3.7/site-packages/airflow/example_dags/example_bash_operator.py for tasks to queue
[2022-02-05 19:23:39,818] {logging_mixin.py:109} INFO - [2022-02-05 19:23:39,817] {dagbag.py:500} INFO - Filling up the DagBag from /home/airflow/.local/lib/python3.7/site-packages/airflow/example_dags/example_bash_operator.py
[2022-02-05 19:23:39,862] {processor.py:654} INFO - DAG(s) dict_keys(['example_bash_operator']) retrieved from /home/airflow/.local/lib/python3.7/site-packages/airflow/example_dags/example_bash_operator.py
[2022-02-05 19:23:39,877] {logging_mixin.py:109} INFO - [2022-02-05 19:23:39,877] {dag.py:2396} INFO - Sync 1 DAGs
[2022-02-05 19:23:39,901] {logging_mixin.py:109} INFO - [2022-02-05 19:23:39,901] {dag.py:2935} INFO - Setting next_dagrun for example_bash_operator to 2022-02-04 00:00:00+00:00
[2022-02-05 19:23:39,915] {processor.py:171} INFO - Processing /home/airflow/.local/lib/python3.7/site-packages/airflow/example_dags/example_bash_operator.py took 0.108 seconds
[2022-02-05 19:24:10,458] {processor.py:163} INFO - Started process (PID=407) to work on /home/airflow/.local/lib/python3.7/site-packages/airflow/example_dags/example_bash_operator.py
[2022-02-05 19:24:10,459] {processor.py:642} INFO - Processing file /home/airflow/.local/lib/python3.7/site-packages/airflow/example_dags/example_bash_operator.py for tasks to queue
[2022-02-05 19:24:10,460] {logging_mixin.py:109} INFO - [2022-02-05 19:24:10,460] {dagbag.py:500} INFO - Filling up the DagBag from /home/airflow/.local/lib/python3.7/site-packages/airflow/example_dags/example_bash_operator.py
[2022-02-05 19:24:10,492] {processor.py:654} INFO - DAG(s) dict_keys(['example_bash_operator']) retrieved from /home/airflow/.local/lib/python3.7/site-packages/airflow/example_dags/example_bash_operator.py
[2022-02-05 19:24:10,507] {logging_mixin.py:109} INFO - [2022-02-05 19:24:10,507] {dag.py:2396} INFO - Sync 1 DAGs
[2022-02-05 19:24:10,531] {logging_mixin.py:109} INFO - [2022-02-05 19:24:10,530] {dag.py:2935} INFO - Setting next_dagrun for example_bash_operator to 2022-02-04 00:00:00+00:00
[2022-02-05 19:24:10,543] {processor.py:171} INFO - Processing /home/airflow/.local/lib/python3.7/site-packages/airflow/example_dags/example_bash_operator.py took 0.088 seconds
[2022-02-05 19:24:40,878] {processor.py:163} INFO - Started process (PID=459) to work on /home/airflow/.local/lib/python3.7/site-packages/airflow/example_dags/example_bash_operator.py
[2022-02-05 19:24:40,880] {processor.py:642} INFO - Processing file /home/airflow/.local/lib/python3.7/site-packages/airflow/example_dags/example_bash_operator.py for tasks to queue
[2022-02-05 19:24:40,881] {logging_mixin.py:109} INFO - [2022-02-05 19:24:40,881] {dagbag.py:500} INFO - Filling up the DagBag from /home/airflow/.local/lib/python3.7/site-packages/airflow/example_dags/example_bash_operator.py
[2022-02-05 19:24:40,911] {processor.py:654} INFO - DAG(s) dict_keys(['example_bash_operator']) retrieved from /home/airflow/.local/lib/python3.7/site-packages/airflow/example_dags/example_bash_operator.py
[2022-02-05 19:24:40,920] {logging_mixin.py:109} INFO - [2022-02-05 19:24:40,920] {dag.py:2396} INFO - Sync 1 DAGs
[2022-02-05 19:24:40,936] {logging_mixin.py:109} INFO - [2022-02-05 19:24:40,936] {dag.py:2935} INFO - Setting next_dagrun for example_bash_operator to 2022-02-04 00:00:00+00:00
[2022-02-05 19:24:40,946] {processor.py:171} INFO - Processing /home/airflow/.local/lib/python3.7/site-packages/airflow/example_dags/example_bash_operator.py took 0.071 seconds
[2022-02-05 19:25:11,231] {processor.py:163} INFO - Started process (PID=521) to work on /home/airflow/.local/lib/python3.7/site-packages/airflow/example_dags/example_bash_operator.py
[2022-02-05 19:25:11,233] {processor.py:642} INFO - Processing file /home/airflow/.local/lib/python3.7/site-packages/airflow/example_dags/example_bash_operator.py for tasks to queue
[2022-02-05 19:25:11,234] {logging_mixin.py:109} INFO - [2022-02-05 19:25:11,234] {dagbag.py:500} INFO - Filling up the DagBag from /home/airflow/.local/lib/python3.7/site-packages/airflow/example_dags/example_bash_operator.py
[2022-02-05 19:25:11,274] {processor.py:654} INFO - DAG(s) dict_keys(['example_bash_operator']) retrieved from /home/airflow/.local/lib/python3.7/site-packages/airflow/example_dags/example_bash_operator.py
[2022-02-05 19:25:11,289] {logging_mixin.py:109} INFO - [2022-02-05 19:25:11,288] {dag.py:2396} INFO - Sync 1 DAGs
[2022-02-05 19:25:11,311] {logging_mixin.py:109} INFO - [2022-02-05 19:25:11,310] {dag.py:2935} INFO - Setting next_dagrun for example_bash_operator to 2022-02-04 00:00:00+00:00
[2022-02-05 19:25:11,323] {processor.py:171} INFO - Processing /home/airflow/.local/lib/python3.7/site-packages/airflow/example_dags/example_bash_operator.py took 0.097 seconds
[2022-02-05 19:25:42,538] {processor.py:163} INFO - Started process (PID=575) to work on /home/airflow/.local/lib/python3.7/site-packages/airflow/example_dags/example_bash_operator.py
[2022-02-05 19:25:42,540] {processor.py:642} INFO - Processing file /home/airflow/.local/lib/python3.7/site-packages/airflow/example_dags/example_bash_operator.py for tasks to queue
[2022-02-05 19:25:42,541] {logging_mixin.py:109} INFO - [2022-02-05 19:25:42,540] {dagbag.py:500} INFO - Filling up the DagBag from /home/airflow/.local/lib/python3.7/site-packages/airflow/example_dags/example_bash_operator.py
[2022-02-05 19:25:42,573] {processor.py:654} INFO - DAG(s) dict_keys(['example_bash_operator']) retrieved from /home/airflow/.local/lib/python3.7/site-packages/airflow/example_dags/example_bash_operator.py
[2022-02-05 19:25:42,584] {logging_mixin.py:109} INFO - [2022-02-05 19:25:42,584] {dag.py:2396} INFO - Sync 1 DAGs
[2022-02-05 19:25:42,602] {logging_mixin.py:109} INFO - [2022-02-05 19:25:42,602] {dag.py:2935} INFO - Setting next_dagrun for example_bash_operator to 2022-02-04 00:00:00+00:00
[2022-02-05 19:25:42,613] {processor.py:171} INFO - Processing /home/airflow/.local/lib/python3.7/site-packages/airflow/example_dags/example_bash_operator.py took 0.078 seconds
[2022-02-05 19:26:14,693] {processor.py:163} INFO - Started process (PID=638) to work on /home/airflow/.local/lib/python3.7/site-packages/airflow/example_dags/example_bash_operator.py
[2022-02-05 19:26:14,696] {processor.py:642} INFO - Processing file /home/airflow/.local/lib/python3.7/site-packages/airflow/example_dags/example_bash_operator.py for tasks to queue
[2022-02-05 19:26:14,697] {logging_mixin.py:109} INFO - [2022-02-05 19:26:14,697] {dagbag.py:500} INFO - Filling up the DagBag from /home/airflow/.local/lib/python3.7/site-packages/airflow/example_dags/example_bash_operator.py
[2022-02-05 19:26:14,751] {processor.py:654} INFO - DAG(s) dict_keys(['example_bash_operator']) retrieved from /home/airflow/.local/lib/python3.7/site-packages/airflow/example_dags/example_bash_operator.py
[2022-02-05 19:26:14,767] {logging_mixin.py:109} INFO - [2022-02-05 19:26:14,766] {dag.py:2396} INFO - Sync 1 DAGs
[2022-02-05 19:26:14,793] {logging_mixin.py:109} INFO - [2022-02-05 19:26:14,792] {dag.py:2935} INFO - Setting next_dagrun for example_bash_operator to 2022-02-04 00:00:00+00:00
[2022-02-05 19:26:14,807] {processor.py:171} INFO - Processing /home/airflow/.local/lib/python3.7/site-packages/airflow/example_dags/example_bash_operator.py took 0.120 seconds
[2022-02-05 19:26:45,559] {processor.py:163} INFO - Started process (PID=693) to work on /home/airflow/.local/lib/python3.7/site-packages/airflow/example_dags/example_bash_operator.py
[2022-02-05 19:26:45,560] {processor.py:642} INFO - Processing file /home/airflow/.local/lib/python3.7/site-packages/airflow/example_dags/example_bash_operator.py for tasks to queue
[2022-02-05 19:26:45,560] {logging_mixin.py:109} INFO - [2022-02-05 19:26:45,560] {dagbag.py:500} INFO - Filling up the DagBag from /home/airflow/.local/lib/python3.7/site-packages/airflow/example_dags/example_bash_operator.py
[2022-02-05 19:26:45,586] {processor.py:654} INFO - DAG(s) dict_keys(['example_bash_operator']) retrieved from /home/airflow/.local/lib/python3.7/site-packages/airflow/example_dags/example_bash_operator.py
[2022-02-05 19:26:45,595] {logging_mixin.py:109} INFO - [2022-02-05 19:26:45,595] {dag.py:2396} INFO - Sync 1 DAGs
[2022-02-05 19:26:45,608] {logging_mixin.py:109} INFO - [2022-02-05 19:26:45,608] {dag.py:2935} INFO - Setting next_dagrun for example_bash_operator to 2022-02-04 00:00:00+00:00
[2022-02-05 19:26:45,617] {processor.py:171} INFO - Processing /home/airflow/.local/lib/python3.7/site-packages/airflow/example_dags/example_bash_operator.py took 0.061 seconds
[2022-02-05 19:27:16,881] {processor.py:163} INFO - Started process (PID=755) to work on /home/airflow/.local/lib/python3.7/site-packages/airflow/example_dags/example_bash_operator.py
[2022-02-05 19:27:16,884] {processor.py:642} INFO - Processing file /home/airflow/.local/lib/python3.7/site-packages/airflow/example_dags/example_bash_operator.py for tasks to queue
[2022-02-05 19:27:16,885] {logging_mixin.py:109} INFO - [2022-02-05 19:27:16,884] {dagbag.py:500} INFO - Filling up the DagBag from /home/airflow/.local/lib/python3.7/site-packages/airflow/example_dags/example_bash_operator.py
[2022-02-05 19:27:16,951] {processor.py:654} INFO - DAG(s) dict_keys(['example_bash_operator']) retrieved from /home/airflow/.local/lib/python3.7/site-packages/airflow/example_dags/example_bash_operator.py
[2022-02-05 19:27:16,969] {logging_mixin.py:109} INFO - [2022-02-05 19:27:16,969] {dag.py:2396} INFO - Sync 1 DAGs
[2022-02-05 19:27:17,000] {logging_mixin.py:109} INFO - [2022-02-05 19:27:16,999] {dag.py:2935} INFO - Setting next_dagrun for example_bash_operator to 2022-02-04 00:00:00+00:00
[2022-02-05 19:27:17,013] {processor.py:171} INFO - Processing /home/airflow/.local/lib/python3.7/site-packages/airflow/example_dags/example_bash_operator.py took 0.138 seconds
[2022-02-05 19:27:48,164] {processor.py:163} INFO - Started process (PID=807) to work on /home/airflow/.local/lib/python3.7/site-packages/airflow/example_dags/example_bash_operator.py
[2022-02-05 19:27:48,166] {processor.py:642} INFO - Processing file /home/airflow/.local/lib/python3.7/site-packages/airflow/example_dags/example_bash_operator.py for tasks to queue
[2022-02-05 19:27:48,166] {logging_mixin.py:109} INFO - [2022-02-05 19:27:48,166] {dagbag.py:500} INFO - Filling up the DagBag from /home/airflow/.local/lib/python3.7/site-packages/airflow/example_dags/example_bash_operator.py
[2022-02-05 19:27:48,198] {processor.py:654} INFO - DAG(s) dict_keys(['example_bash_operator']) retrieved from /home/airflow/.local/lib/python3.7/site-packages/airflow/example_dags/example_bash_operator.py
[2022-02-05 19:27:48,208] {logging_mixin.py:109} INFO - [2022-02-05 19:27:48,208] {dag.py:2396} INFO - Sync 1 DAGs
[2022-02-05 19:27:48,223] {logging_mixin.py:109} INFO - [2022-02-05 19:27:48,223] {dag.py:2935} INFO - Setting next_dagrun for example_bash_operator to 2022-02-04 00:00:00+00:00
[2022-02-05 19:27:48,234] {processor.py:171} INFO - Processing /home/airflow/.local/lib/python3.7/site-packages/airflow/example_dags/example_bash_operator.py took 0.073 seconds
[2022-02-05 19:28:18,958] {processor.py:163} INFO - Started process (PID=871) to work on /home/airflow/.local/lib/python3.7/site-packages/airflow/example_dags/example_bash_operator.py
[2022-02-05 19:28:18,960] {processor.py:642} INFO - Processing file /home/airflow/.local/lib/python3.7/site-packages/airflow/example_dags/example_bash_operator.py for tasks to queue
[2022-02-05 19:28:18,961] {logging_mixin.py:109} INFO - [2022-02-05 19:28:18,961] {dagbag.py:500} INFO - Filling up the DagBag from /home/airflow/.local/lib/python3.7/site-packages/airflow/example_dags/example_bash_operator.py
[2022-02-05 19:28:19,006] {processor.py:654} INFO - DAG(s) dict_keys(['example_bash_operator']) retrieved from /home/airflow/.local/lib/python3.7/site-packages/airflow/example_dags/example_bash_operator.py
[2022-02-05 19:28:19,024] {logging_mixin.py:109} INFO - [2022-02-05 19:28:19,024] {dag.py:2396} INFO - Sync 1 DAGs
[2022-02-05 19:28:19,048] {logging_mixin.py:109} INFO - [2022-02-05 19:28:19,048] {dag.py:2935} INFO - Setting next_dagrun for example_bash_operator to 2022-02-04 00:00:00+00:00
[2022-02-05 19:28:19,062] {processor.py:171} INFO - Processing /home/airflow/.local/lib/python3.7/site-packages/airflow/example_dags/example_bash_operator.py took 0.109 seconds
[2022-02-05 19:28:49,642] {processor.py:163} INFO - Started process (PID=924) to work on /home/airflow/.local/lib/python3.7/site-packages/airflow/example_dags/example_bash_operator.py
[2022-02-05 19:28:49,644] {processor.py:642} INFO - Processing file /home/airflow/.local/lib/python3.7/site-packages/airflow/example_dags/example_bash_operator.py for tasks to queue
[2022-02-05 19:28:49,644] {logging_mixin.py:109} INFO - [2022-02-05 19:28:49,644] {dagbag.py:500} INFO - Filling up the DagBag from /home/airflow/.local/lib/python3.7/site-packages/airflow/example_dags/example_bash_operator.py
[2022-02-05 19:28:49,679] {processor.py:654} INFO - DAG(s) dict_keys(['example_bash_operator']) retrieved from /home/airflow/.local/lib/python3.7/site-packages/airflow/example_dags/example_bash_operator.py
[2022-02-05 19:28:49,692] {logging_mixin.py:109} INFO - [2022-02-05 19:28:49,691] {dag.py:2396} INFO - Sync 1 DAGs
[2022-02-05 19:28:49,712] {logging_mixin.py:109} INFO - [2022-02-05 19:28:49,712] {dag.py:2935} INFO - Setting next_dagrun for example_bash_operator to 2022-02-04 00:00:00+00:00
[2022-02-05 19:28:49,722] {processor.py:171} INFO - Processing /home/airflow/.local/lib/python3.7/site-packages/airflow/example_dags/example_bash_operator.py took 0.084 seconds
[2022-02-05 19:29:20,320] {processor.py:163} INFO - Started process (PID=987) to work on /home/airflow/.local/lib/python3.7/site-packages/airflow/example_dags/example_bash_operator.py
[2022-02-05 19:29:20,321] {processor.py:642} INFO - Processing file /home/airflow/.local/lib/python3.7/site-packages/airflow/example_dags/example_bash_operator.py for tasks to queue
[2022-02-05 19:29:20,322] {logging_mixin.py:109} INFO - [2022-02-05 19:29:20,322] {dagbag.py:500} INFO - Filling up the DagBag from /home/airflow/.local/lib/python3.7/site-packages/airflow/example_dags/example_bash_operator.py
[2022-02-05 19:29:20,355] {processor.py:654} INFO - DAG(s) dict_keys(['example_bash_operator']) retrieved from /home/airflow/.local/lib/python3.7/site-packages/airflow/example_dags/example_bash_operator.py
[2022-02-05 19:29:20,366] {logging_mixin.py:109} INFO - [2022-02-05 19:29:20,366] {dag.py:2396} INFO - Sync 1 DAGs
[2022-02-05 19:29:20,383] {logging_mixin.py:109} INFO - [2022-02-05 19:29:20,383] {dag.py:2935} INFO - Setting next_dagrun for example_bash_operator to 2022-02-04 00:00:00+00:00
[2022-02-05 19:29:20,394] {processor.py:171} INFO - Processing /home/airflow/.local/lib/python3.7/site-packages/airflow/example_dags/example_bash_operator.py took 0.078 seconds
[2022-02-05 19:29:51,601] {processor.py:163} INFO - Started process (PID=1040) to work on /home/airflow/.local/lib/python3.7/site-packages/airflow/example_dags/example_bash_operator.py
[2022-02-05 19:29:51,603] {processor.py:642} INFO - Processing file /home/airflow/.local/lib/python3.7/site-packages/airflow/example_dags/example_bash_operator.py for tasks to queue
[2022-02-05 19:29:51,603] {logging_mixin.py:109} INFO - [2022-02-05 19:29:51,603] {dagbag.py:500} INFO - Filling up the DagBag from /home/airflow/.local/lib/python3.7/site-packages/airflow/example_dags/example_bash_operator.py
[2022-02-05 19:29:51,640] {processor.py:654} INFO - DAG(s) dict_keys(['example_bash_operator']) retrieved from /home/airflow/.local/lib/python3.7/site-packages/airflow/example_dags/example_bash_operator.py
[2022-02-05 19:29:51,653] {logging_mixin.py:109} INFO - [2022-02-05 19:29:51,652] {dag.py:2396} INFO - Sync 1 DAGs
[2022-02-05 19:29:51,674] {logging_mixin.py:109} INFO - [2022-02-05 19:29:51,674] {dag.py:2935} INFO - Setting next_dagrun for example_bash_operator to 2022-02-04 00:00:00+00:00
[2022-02-05 19:29:51,687] {processor.py:171} INFO - Processing /home/airflow/.local/lib/python3.7/site-packages/airflow/example_dags/example_bash_operator.py took 0.090 seconds
[2022-02-05 19:30:22,217] {processor.py:163} INFO - Started process (PID=1102) to work on /home/airflow/.local/lib/python3.7/site-packages/airflow/example_dags/example_bash_operator.py
[2022-02-05 19:30:22,218] {processor.py:642} INFO - Processing file /home/airflow/.local/lib/python3.7/site-packages/airflow/example_dags/example_bash_operator.py for tasks to queue
[2022-02-05 19:30:22,219] {logging_mixin.py:109} INFO - [2022-02-05 19:30:22,219] {dagbag.py:500} INFO - Filling up the DagBag from /home/airflow/.local/lib/python3.7/site-packages/airflow/example_dags/example_bash_operator.py
[2022-02-05 19:30:22,249] {processor.py:654} INFO - DAG(s) dict_keys(['example_bash_operator']) retrieved from /home/airflow/.local/lib/python3.7/site-packages/airflow/example_dags/example_bash_operator.py
[2022-02-05 19:30:22,259] {logging_mixin.py:109} INFO - [2022-02-05 19:30:22,259] {dag.py:2396} INFO - Sync 1 DAGs
[2022-02-05 19:30:22,275] {logging_mixin.py:109} INFO - [2022-02-05 19:30:22,275] {dag.py:2935} INFO - Setting next_dagrun for example_bash_operator to 2022-02-04 00:00:00+00:00
[2022-02-05 19:30:22,285] {processor.py:171} INFO - Processing /home/airflow/.local/lib/python3.7/site-packages/airflow/example_dags/example_bash_operator.py took 0.071 seconds
[2022-02-05 19:30:54,059] {processor.py:163} INFO - Started process (PID=1155) to work on /home/airflow/.local/lib/python3.7/site-packages/airflow/example_dags/example_bash_operator.py
[2022-02-05 19:30:54,074] {processor.py:642} INFO - Processing file /home/airflow/.local/lib/python3.7/site-packages/airflow/example_dags/example_bash_operator.py for tasks to queue
[2022-02-05 19:30:54,078] {logging_mixin.py:109} INFO - [2022-02-05 19:30:54,077] {dagbag.py:500} INFO - Filling up the DagBag from /home/airflow/.local/lib/python3.7/site-packages/airflow/example_dags/example_bash_operator.py
[2022-02-05 19:30:54,221] {processor.py:654} INFO - DAG(s) dict_keys(['example_bash_operator']) retrieved from /home/airflow/.local/lib/python3.7/site-packages/airflow/example_dags/example_bash_operator.py
[2022-02-05 19:30:54,249] {logging_mixin.py:109} INFO - [2022-02-05 19:30:54,248] {dag.py:2396} INFO - Sync 1 DAGs
[2022-02-05 19:30:54,305] {logging_mixin.py:109} INFO - [2022-02-05 19:30:54,304] {dag.py:2935} INFO - Setting next_dagrun for example_bash_operator to 2022-02-04 00:00:00+00:00
[2022-02-05 19:30:54,328] {processor.py:171} INFO - Processing /home/airflow/.local/lib/python3.7/site-packages/airflow/example_dags/example_bash_operator.py took 0.280 seconds
[2022-02-05 19:31:24,775] {processor.py:163} INFO - Started process (PID=1218) to work on /home/airflow/.local/lib/python3.7/site-packages/airflow/example_dags/example_bash_operator.py
[2022-02-05 19:31:24,776] {processor.py:642} INFO - Processing file /home/airflow/.local/lib/python3.7/site-packages/airflow/example_dags/example_bash_operator.py for tasks to queue
[2022-02-05 19:31:24,777] {logging_mixin.py:109} INFO - [2022-02-05 19:31:24,777] {dagbag.py:500} INFO - Filling up the DagBag from /home/airflow/.local/lib/python3.7/site-packages/airflow/example_dags/example_bash_operator.py
[2022-02-05 19:31:24,818] {processor.py:654} INFO - DAG(s) dict_keys(['example_bash_operator']) retrieved from /home/airflow/.local/lib/python3.7/site-packages/airflow/example_dags/example_bash_operator.py
[2022-02-05 19:31:24,832] {logging_mixin.py:109} INFO - [2022-02-05 19:31:24,832] {dag.py:2396} INFO - Sync 1 DAGs
[2022-02-05 19:31:24,854] {logging_mixin.py:109} INFO - [2022-02-05 19:31:24,854] {dag.py:2935} INFO - Setting next_dagrun for example_bash_operator to 2022-02-04 00:00:00+00:00
[2022-02-05 19:31:24,868] {processor.py:171} INFO - Processing /home/airflow/.local/lib/python3.7/site-packages/airflow/example_dags/example_bash_operator.py took 0.098 seconds
[2022-02-05 19:31:55,978] {processor.py:163} INFO - Started process (PID=1271) to work on /home/airflow/.local/lib/python3.7/site-packages/airflow/example_dags/example_bash_operator.py
[2022-02-05 19:31:55,980] {processor.py:642} INFO - Processing file /home/airflow/.local/lib/python3.7/site-packages/airflow/example_dags/example_bash_operator.py for tasks to queue
[2022-02-05 19:31:55,980] {logging_mixin.py:109} INFO - [2022-02-05 19:31:55,980] {dagbag.py:500} INFO - Filling up the DagBag from /home/airflow/.local/lib/python3.7/site-packages/airflow/example_dags/example_bash_operator.py
[2022-02-05 19:31:56,006] {processor.py:654} INFO - DAG(s) dict_keys(['example_bash_operator']) retrieved from /home/airflow/.local/lib/python3.7/site-packages/airflow/example_dags/example_bash_operator.py
[2022-02-05 19:31:56,015] {logging_mixin.py:109} INFO - [2022-02-05 19:31:56,015] {dag.py:2396} INFO - Sync 1 DAGs
[2022-02-05 19:31:56,029] {logging_mixin.py:109} INFO - [2022-02-05 19:31:56,029] {dag.py:2935} INFO - Setting next_dagrun for example_bash_operator to 2022-02-04 00:00:00+00:00
[2022-02-05 19:31:56,039] {processor.py:171} INFO - Processing /home/airflow/.local/lib/python3.7/site-packages/airflow/example_dags/example_bash_operator.py took 0.065 seconds
[2022-02-05 19:32:26,531] {processor.py:163} INFO - Started process (PID=1329) to work on /home/airflow/.local/lib/python3.7/site-packages/airflow/example_dags/example_bash_operator.py
[2022-02-05 19:32:26,534] {processor.py:642} INFO - Processing file /home/airflow/.local/lib/python3.7/site-packages/airflow/example_dags/example_bash_operator.py for tasks to queue
[2022-02-05 19:32:26,535] {logging_mixin.py:109} INFO - [2022-02-05 19:32:26,535] {dagbag.py:500} INFO - Filling up the DagBag from /home/airflow/.local/lib/python3.7/site-packages/airflow/example_dags/example_bash_operator.py
[2022-02-05 19:32:26,578] {processor.py:654} INFO - DAG(s) dict_keys(['example_bash_operator']) retrieved from /home/airflow/.local/lib/python3.7/site-packages/airflow/example_dags/example_bash_operator.py
[2022-02-05 19:32:26,595] {logging_mixin.py:109} INFO - [2022-02-05 19:32:26,595] {dag.py:2396} INFO - Sync 1 DAGs
[2022-02-05 19:32:26,618] {logging_mixin.py:109} INFO - [2022-02-05 19:32:26,618] {dag.py:2935} INFO - Setting next_dagrun for example_bash_operator to 2022-02-04 00:00:00+00:00
[2022-02-05 19:32:26,636] {processor.py:171} INFO - Processing /home/airflow/.local/lib/python3.7/site-packages/airflow/example_dags/example_bash_operator.py took 0.108 seconds
[2022-02-05 19:32:57,115] {processor.py:163} INFO - Started process (PID=1390) to work on /home/airflow/.local/lib/python3.7/site-packages/airflow/example_dags/example_bash_operator.py
[2022-02-05 19:32:57,117] {processor.py:642} INFO - Processing file /home/airflow/.local/lib/python3.7/site-packages/airflow/example_dags/example_bash_operator.py for tasks to queue
[2022-02-05 19:32:57,117] {logging_mixin.py:109} INFO - [2022-02-05 19:32:57,117] {dagbag.py:500} INFO - Filling up the DagBag from /home/airflow/.local/lib/python3.7/site-packages/airflow/example_dags/example_bash_operator.py
[2022-02-05 19:32:57,143] {processor.py:654} INFO - DAG(s) dict_keys(['example_bash_operator']) retrieved from /home/airflow/.local/lib/python3.7/site-packages/airflow/example_dags/example_bash_operator.py
[2022-02-05 19:32:57,153] {logging_mixin.py:109} INFO - [2022-02-05 19:32:57,153] {dag.py:2396} INFO - Sync 1 DAGs
[2022-02-05 19:32:57,167] {logging_mixin.py:109} INFO - [2022-02-05 19:32:57,167] {dag.py:2935} INFO - Setting next_dagrun for example_bash_operator to 2022-02-04 00:00:00+00:00
[2022-02-05 19:32:57,177] {processor.py:171} INFO - Processing /home/airflow/.local/lib/python3.7/site-packages/airflow/example_dags/example_bash_operator.py took 0.065 seconds
[2022-02-05 19:33:27,407] {processor.py:163} INFO - Started process (PID=1455) to work on /home/airflow/.local/lib/python3.7/site-packages/airflow/example_dags/example_bash_operator.py
[2022-02-05 19:33:27,409] {processor.py:642} INFO - Processing file /home/airflow/.local/lib/python3.7/site-packages/airflow/example_dags/example_bash_operator.py for tasks to queue
[2022-02-05 19:33:27,410] {logging_mixin.py:109} INFO - [2022-02-05 19:33:27,409] {dagbag.py:500} INFO - Filling up the DagBag from /home/airflow/.local/lib/python3.7/site-packages/airflow/example_dags/example_bash_operator.py
[2022-02-05 19:33:27,435] {processor.py:654} INFO - DAG(s) dict_keys(['example_bash_operator']) retrieved from /home/airflow/.local/lib/python3.7/site-packages/airflow/example_dags/example_bash_operator.py
[2022-02-05 19:33:27,443] {logging_mixin.py:109} INFO - [2022-02-05 19:33:27,443] {dag.py:2396} INFO - Sync 1 DAGs
[2022-02-05 19:33:27,456] {logging_mixin.py:109} INFO - [2022-02-05 19:33:27,456] {dag.py:2935} INFO - Setting next_dagrun for example_bash_operator to 2022-02-04 00:00:00+00:00
[2022-02-05 19:33:27,464] {processor.py:171} INFO - Processing /home/airflow/.local/lib/python3.7/site-packages/airflow/example_dags/example_bash_operator.py took 0.059 seconds
[2022-02-05 19:33:57,694] {processor.py:163} INFO - Started process (PID=1507) to work on /home/airflow/.local/lib/python3.7/site-packages/airflow/example_dags/example_bash_operator.py
[2022-02-05 19:33:57,695] {processor.py:642} INFO - Processing file /home/airflow/.local/lib/python3.7/site-packages/airflow/example_dags/example_bash_operator.py for tasks to queue
[2022-02-05 19:33:57,696] {logging_mixin.py:109} INFO - [2022-02-05 19:33:57,696] {dagbag.py:500} INFO - Filling up the DagBag from /home/airflow/.local/lib/python3.7/site-packages/airflow/example_dags/example_bash_operator.py
[2022-02-05 19:33:57,722] {processor.py:654} INFO - DAG(s) dict_keys(['example_bash_operator']) retrieved from /home/airflow/.local/lib/python3.7/site-packages/airflow/example_dags/example_bash_operator.py
[2022-02-05 19:33:57,731] {logging_mixin.py:109} INFO - [2022-02-05 19:33:57,731] {dag.py:2396} INFO - Sync 1 DAGs
[2022-02-05 19:33:57,744] {logging_mixin.py:109} INFO - [2022-02-05 19:33:57,744] {dag.py:2935} INFO - Setting next_dagrun for example_bash_operator to 2022-02-04 00:00:00+00:00
[2022-02-05 19:33:57,753] {processor.py:171} INFO - Processing /home/airflow/.local/lib/python3.7/site-packages/airflow/example_dags/example_bash_operator.py took 0.061 seconds
[2022-02-05 19:34:28,715] {processor.py:163} INFO - Started process (PID=1568) to work on /home/airflow/.local/lib/python3.7/site-packages/airflow/example_dags/example_bash_operator.py
[2022-02-05 19:34:28,716] {processor.py:642} INFO - Processing file /home/airflow/.local/lib/python3.7/site-packages/airflow/example_dags/example_bash_operator.py for tasks to queue
[2022-02-05 19:34:28,716] {logging_mixin.py:109} INFO - [2022-02-05 19:34:28,716] {dagbag.py:500} INFO - Filling up the DagBag from /home/airflow/.local/lib/python3.7/site-packages/airflow/example_dags/example_bash_operator.py
[2022-02-05 19:34:28,742] {processor.py:654} INFO - DAG(s) dict_keys(['example_bash_operator']) retrieved from /home/airflow/.local/lib/python3.7/site-packages/airflow/example_dags/example_bash_operator.py
[2022-02-05 19:34:28,751] {logging_mixin.py:109} INFO - [2022-02-05 19:34:28,751] {dag.py:2396} INFO - Sync 1 DAGs
[2022-02-05 19:34:28,766] {logging_mixin.py:109} INFO - [2022-02-05 19:34:28,766] {dag.py:2935} INFO - Setting next_dagrun for example_bash_operator to 2022-02-04 00:00:00+00:00
[2022-02-05 19:34:28,774] {processor.py:171} INFO - Processing /home/airflow/.local/lib/python3.7/site-packages/airflow/example_dags/example_bash_operator.py took 0.062 seconds
[2022-02-05 19:34:59,682] {processor.py:163} INFO - Started process (PID=1620) to work on /home/airflow/.local/lib/python3.7/site-packages/airflow/example_dags/example_bash_operator.py
[2022-02-05 19:34:59,683] {processor.py:642} INFO - Processing file /home/airflow/.local/lib/python3.7/site-packages/airflow/example_dags/example_bash_operator.py for tasks to queue
[2022-02-05 19:34:59,683] {logging_mixin.py:109} INFO - [2022-02-05 19:34:59,683] {dagbag.py:500} INFO - Filling up the DagBag from /home/airflow/.local/lib/python3.7/site-packages/airflow/example_dags/example_bash_operator.py
[2022-02-05 19:34:59,713] {processor.py:654} INFO - DAG(s) dict_keys(['example_bash_operator']) retrieved from /home/airflow/.local/lib/python3.7/site-packages/airflow/example_dags/example_bash_operator.py
[2022-02-05 19:34:59,722] {logging_mixin.py:109} INFO - [2022-02-05 19:34:59,722] {dag.py:2396} INFO - Sync 1 DAGs
[2022-02-05 19:34:59,735] {logging_mixin.py:109} INFO - [2022-02-05 19:34:59,735] {dag.py:2935} INFO - Setting next_dagrun for example_bash_operator to 2022-02-04 00:00:00+00:00
[2022-02-05 19:34:59,744] {processor.py:171} INFO - Processing /home/airflow/.local/lib/python3.7/site-packages/airflow/example_dags/example_bash_operator.py took 0.064 seconds
[2022-02-05 19:35:29,849] {processor.py:163} INFO - Started process (PID=1681) to work on /home/airflow/.local/lib/python3.7/site-packages/airflow/example_dags/example_bash_operator.py
[2022-02-05 19:35:29,854] {processor.py:642} INFO - Processing file /home/airflow/.local/lib/python3.7/site-packages/airflow/example_dags/example_bash_operator.py for tasks to queue
[2022-02-05 19:35:29,854] {logging_mixin.py:109} INFO - [2022-02-05 19:35:29,854] {dagbag.py:500} INFO - Filling up the DagBag from /home/airflow/.local/lib/python3.7/site-packages/airflow/example_dags/example_bash_operator.py
[2022-02-05 19:35:29,879] {processor.py:654} INFO - DAG(s) dict_keys(['example_bash_operator']) retrieved from /home/airflow/.local/lib/python3.7/site-packages/airflow/example_dags/example_bash_operator.py
[2022-02-05 19:35:29,889] {logging_mixin.py:109} INFO - [2022-02-05 19:35:29,889] {dag.py:2396} INFO - Sync 1 DAGs
[2022-02-05 19:35:29,902] {logging_mixin.py:109} INFO - [2022-02-05 19:35:29,902] {dag.py:2935} INFO - Setting next_dagrun for example_bash_operator to 2022-02-04 00:00:00+00:00
[2022-02-05 19:35:29,911] {processor.py:171} INFO - Processing /home/airflow/.local/lib/python3.7/site-packages/airflow/example_dags/example_bash_operator.py took 0.065 seconds
[2022-02-05 19:36:00,793] {processor.py:163} INFO - Started process (PID=1734) to work on /home/airflow/.local/lib/python3.7/site-packages/airflow/example_dags/example_bash_operator.py
[2022-02-05 19:36:00,796] {processor.py:642} INFO - Processing file /home/airflow/.local/lib/python3.7/site-packages/airflow/example_dags/example_bash_operator.py for tasks to queue
[2022-02-05 19:36:00,797] {logging_mixin.py:109} INFO - [2022-02-05 19:36:00,797] {dagbag.py:500} INFO - Filling up the DagBag from /home/airflow/.local/lib/python3.7/site-packages/airflow/example_dags/example_bash_operator.py
[2022-02-05 19:36:00,846] {processor.py:654} INFO - DAG(s) dict_keys(['example_bash_operator']) retrieved from /home/airflow/.local/lib/python3.7/site-packages/airflow/example_dags/example_bash_operator.py
[2022-02-05 19:36:00,861] {logging_mixin.py:109} INFO - [2022-02-05 19:36:00,861] {dag.py:2396} INFO - Sync 1 DAGs
[2022-02-05 19:36:00,882] {logging_mixin.py:109} INFO - [2022-02-05 19:36:00,882] {dag.py:2935} INFO - Setting next_dagrun for example_bash_operator to 2022-02-04 00:00:00+00:00
[2022-02-05 19:36:00,894] {processor.py:171} INFO - Processing /home/airflow/.local/lib/python3.7/site-packages/airflow/example_dags/example_bash_operator.py took 0.107 seconds
[2022-02-05 19:36:31,387] {processor.py:163} INFO - Started process (PID=1796) to work on /home/airflow/.local/lib/python3.7/site-packages/airflow/example_dags/example_bash_operator.py
[2022-02-05 19:36:31,388] {processor.py:642} INFO - Processing file /home/airflow/.local/lib/python3.7/site-packages/airflow/example_dags/example_bash_operator.py for tasks to queue
[2022-02-05 19:36:31,389] {logging_mixin.py:109} INFO - [2022-02-05 19:36:31,388] {dagbag.py:500} INFO - Filling up the DagBag from /home/airflow/.local/lib/python3.7/site-packages/airflow/example_dags/example_bash_operator.py
[2022-02-05 19:36:31,415] {processor.py:654} INFO - DAG(s) dict_keys(['example_bash_operator']) retrieved from /home/airflow/.local/lib/python3.7/site-packages/airflow/example_dags/example_bash_operator.py
[2022-02-05 19:36:31,423] {logging_mixin.py:109} INFO - [2022-02-05 19:36:31,423] {dag.py:2396} INFO - Sync 1 DAGs
[2022-02-05 19:36:31,435] {logging_mixin.py:109} INFO - [2022-02-05 19:36:31,435] {dag.py:2935} INFO - Setting next_dagrun for example_bash_operator to 2022-02-04 00:00:00+00:00
[2022-02-05 19:36:31,445] {processor.py:171} INFO - Processing /home/airflow/.local/lib/python3.7/site-packages/airflow/example_dags/example_bash_operator.py took 0.061 seconds
[2022-02-05 19:37:02,437] {processor.py:163} INFO - Started process (PID=1847) to work on /home/airflow/.local/lib/python3.7/site-packages/airflow/example_dags/example_bash_operator.py
[2022-02-05 19:37:02,438] {processor.py:642} INFO - Processing file /home/airflow/.local/lib/python3.7/site-packages/airflow/example_dags/example_bash_operator.py for tasks to queue
[2022-02-05 19:37:02,438] {logging_mixin.py:109} INFO - [2022-02-05 19:37:02,438] {dagbag.py:500} INFO - Filling up the DagBag from /home/airflow/.local/lib/python3.7/site-packages/airflow/example_dags/example_bash_operator.py
[2022-02-05 19:37:02,466] {processor.py:654} INFO - DAG(s) dict_keys(['example_bash_operator']) retrieved from /home/airflow/.local/lib/python3.7/site-packages/airflow/example_dags/example_bash_operator.py
[2022-02-05 19:37:02,475] {logging_mixin.py:109} INFO - [2022-02-05 19:37:02,475] {dag.py:2396} INFO - Sync 1 DAGs
[2022-02-05 19:37:02,488] {logging_mixin.py:109} INFO - [2022-02-05 19:37:02,488] {dag.py:2935} INFO - Setting next_dagrun for example_bash_operator to 2022-02-04 00:00:00+00:00
[2022-02-05 19:37:02,497] {processor.py:171} INFO - Processing /home/airflow/.local/lib/python3.7/site-packages/airflow/example_dags/example_bash_operator.py took 0.064 seconds
[2022-02-05 19:37:32,792] {processor.py:163} INFO - Started process (PID=1910) to work on /home/airflow/.local/lib/python3.7/site-packages/airflow/example_dags/example_bash_operator.py
[2022-02-05 19:37:32,793] {processor.py:642} INFO - Processing file /home/airflow/.local/lib/python3.7/site-packages/airflow/example_dags/example_bash_operator.py for tasks to queue
[2022-02-05 19:37:32,793] {logging_mixin.py:109} INFO - [2022-02-05 19:37:32,793] {dagbag.py:500} INFO - Filling up the DagBag from /home/airflow/.local/lib/python3.7/site-packages/airflow/example_dags/example_bash_operator.py
[2022-02-05 19:37:32,823] {processor.py:654} INFO - DAG(s) dict_keys(['example_bash_operator']) retrieved from /home/airflow/.local/lib/python3.7/site-packages/airflow/example_dags/example_bash_operator.py
[2022-02-05 19:37:32,833] {logging_mixin.py:109} INFO - [2022-02-05 19:37:32,833] {dag.py:2396} INFO - Sync 1 DAGs
[2022-02-05 19:37:32,846] {logging_mixin.py:109} INFO - [2022-02-05 19:37:32,846] {dag.py:2935} INFO - Setting next_dagrun for example_bash_operator to 2022-02-04 00:00:00+00:00
[2022-02-05 19:37:32,855] {processor.py:171} INFO - Processing /home/airflow/.local/lib/python3.7/site-packages/airflow/example_dags/example_bash_operator.py took 0.066 seconds
[2022-02-05 19:38:03,662] {processor.py:163} INFO - Started process (PID=1973) to work on /home/airflow/.local/lib/python3.7/site-packages/airflow/example_dags/example_bash_operator.py
[2022-02-05 19:38:03,663] {processor.py:642} INFO - Processing file /home/airflow/.local/lib/python3.7/site-packages/airflow/example_dags/example_bash_operator.py for tasks to queue
[2022-02-05 19:38:03,664] {logging_mixin.py:109} INFO - [2022-02-05 19:38:03,664] {dagbag.py:500} INFO - Filling up the DagBag from /home/airflow/.local/lib/python3.7/site-packages/airflow/example_dags/example_bash_operator.py
[2022-02-05 19:38:03,697] {processor.py:654} INFO - DAG(s) dict_keys(['example_bash_operator']) retrieved from /home/airflow/.local/lib/python3.7/site-packages/airflow/example_dags/example_bash_operator.py
[2022-02-05 19:38:03,709] {logging_mixin.py:109} INFO - [2022-02-05 19:38:03,709] {dag.py:2396} INFO - Sync 1 DAGs
[2022-02-05 19:38:03,727] {logging_mixin.py:109} INFO - [2022-02-05 19:38:03,726] {dag.py:2935} INFO - Setting next_dagrun for example_bash_operator to 2022-02-04 00:00:00+00:00
[2022-02-05 19:38:03,738] {processor.py:171} INFO - Processing /home/airflow/.local/lib/python3.7/site-packages/airflow/example_dags/example_bash_operator.py took 0.079 seconds
[2022-02-05 19:38:34,176] {processor.py:163} INFO - Started process (PID=2026) to work on /home/airflow/.local/lib/python3.7/site-packages/airflow/example_dags/example_bash_operator.py
[2022-02-05 19:38:34,195] {processor.py:642} INFO - Processing file /home/airflow/.local/lib/python3.7/site-packages/airflow/example_dags/example_bash_operator.py for tasks to queue
[2022-02-05 19:38:34,196] {logging_mixin.py:109} INFO - [2022-02-05 19:38:34,196] {dagbag.py:500} INFO - Filling up the DagBag from /home/airflow/.local/lib/python3.7/site-packages/airflow/example_dags/example_bash_operator.py
[2022-02-05 19:38:34,222] {processor.py:654} INFO - DAG(s) dict_keys(['example_bash_operator']) retrieved from /home/airflow/.local/lib/python3.7/site-packages/airflow/example_dags/example_bash_operator.py
[2022-02-05 19:38:34,230] {logging_mixin.py:109} INFO - [2022-02-05 19:38:34,230] {dag.py:2396} INFO - Sync 1 DAGs
[2022-02-05 19:38:34,244] {logging_mixin.py:109} INFO - [2022-02-05 19:38:34,243] {dag.py:2935} INFO - Setting next_dagrun for example_bash_operator to 2022-02-04 00:00:00+00:00
[2022-02-05 19:38:34,252] {processor.py:171} INFO - Processing /home/airflow/.local/lib/python3.7/site-packages/airflow/example_dags/example_bash_operator.py took 0.079 seconds
[2022-02-05 19:39:04,619] {processor.py:163} INFO - Started process (PID=2087) to work on /home/airflow/.local/lib/python3.7/site-packages/airflow/example_dags/example_bash_operator.py
[2022-02-05 19:39:04,621] {processor.py:642} INFO - Processing file /home/airflow/.local/lib/python3.7/site-packages/airflow/example_dags/example_bash_operator.py for tasks to queue
[2022-02-05 19:39:04,622] {logging_mixin.py:109} INFO - [2022-02-05 19:39:04,621] {dagbag.py:500} INFO - Filling up the DagBag from /home/airflow/.local/lib/python3.7/site-packages/airflow/example_dags/example_bash_operator.py
[2022-02-05 19:39:04,682] {processor.py:654} INFO - DAG(s) dict_keys(['example_bash_operator']) retrieved from /home/airflow/.local/lib/python3.7/site-packages/airflow/example_dags/example_bash_operator.py
[2022-02-05 19:39:04,696] {logging_mixin.py:109} INFO - [2022-02-05 19:39:04,696] {dag.py:2396} INFO - Sync 1 DAGs
[2022-02-05 19:39:04,720] {logging_mixin.py:109} INFO - [2022-02-05 19:39:04,719] {dag.py:2935} INFO - Setting next_dagrun for example_bash_operator to 2022-02-04 00:00:00+00:00
[2022-02-05 19:39:04,735] {processor.py:171} INFO - Processing /home/airflow/.local/lib/python3.7/site-packages/airflow/example_dags/example_bash_operator.py took 0.120 seconds
[2022-02-05 19:39:35,185] {processor.py:163} INFO - Started process (PID=2146) to work on /home/airflow/.local/lib/python3.7/site-packages/airflow/example_dags/example_bash_operator.py
[2022-02-05 19:39:35,192] {processor.py:642} INFO - Processing file /home/airflow/.local/lib/python3.7/site-packages/airflow/example_dags/example_bash_operator.py for tasks to queue
[2022-02-05 19:39:35,193] {logging_mixin.py:109} INFO - [2022-02-05 19:39:35,193] {dagbag.py:500} INFO - Filling up the DagBag from /home/airflow/.local/lib/python3.7/site-packages/airflow/example_dags/example_bash_operator.py
[2022-02-05 19:39:35,240] {processor.py:654} INFO - DAG(s) dict_keys(['example_bash_operator']) retrieved from /home/airflow/.local/lib/python3.7/site-packages/airflow/example_dags/example_bash_operator.py
[2022-02-05 19:39:35,255] {logging_mixin.py:109} INFO - [2022-02-05 19:39:35,254] {dag.py:2396} INFO - Sync 1 DAGs
[2022-02-05 19:39:35,280] {logging_mixin.py:109} INFO - [2022-02-05 19:39:35,280] {dag.py:2935} INFO - Setting next_dagrun for example_bash_operator to 2022-02-04 00:00:00+00:00
[2022-02-05 19:39:35,401] {processor.py:171} INFO - Processing /home/airflow/.local/lib/python3.7/site-packages/airflow/example_dags/example_bash_operator.py took 0.220 seconds
[2022-02-05 19:40:08,073] {processor.py:163} INFO - Started process (PID=2200) to work on /home/airflow/.local/lib/python3.7/site-packages/airflow/example_dags/example_bash_operator.py
[2022-02-05 19:40:08,075] {processor.py:642} INFO - Processing file /home/airflow/.local/lib/python3.7/site-packages/airflow/example_dags/example_bash_operator.py for tasks to queue
[2022-02-05 19:40:08,076] {logging_mixin.py:109} INFO - [2022-02-05 19:40:08,076] {dagbag.py:500} INFO - Filling up the DagBag from /home/airflow/.local/lib/python3.7/site-packages/airflow/example_dags/example_bash_operator.py
[2022-02-05 19:40:08,127] {processor.py:654} INFO - DAG(s) dict_keys(['example_bash_operator']) retrieved from /home/airflow/.local/lib/python3.7/site-packages/airflow/example_dags/example_bash_operator.py
[2022-02-05 19:40:08,145] {logging_mixin.py:109} INFO - [2022-02-05 19:40:08,145] {dag.py:2396} INFO - Sync 1 DAGs
[2022-02-05 19:40:08,321] {logging_mixin.py:109} INFO - [2022-02-05 19:40:08,321] {dag.py:2935} INFO - Setting next_dagrun for example_bash_operator to 2022-02-04 00:00:00+00:00
[2022-02-05 19:40:08,345] {processor.py:171} INFO - Processing /home/airflow/.local/lib/python3.7/site-packages/airflow/example_dags/example_bash_operator.py took 0.277 seconds
[2022-02-05 19:40:38,678] {processor.py:163} INFO - Started process (PID=2267) to work on /home/airflow/.local/lib/python3.7/site-packages/airflow/example_dags/example_bash_operator.py
[2022-02-05 19:40:38,680] {processor.py:642} INFO - Processing file /home/airflow/.local/lib/python3.7/site-packages/airflow/example_dags/example_bash_operator.py for tasks to queue
[2022-02-05 19:40:38,681] {logging_mixin.py:109} INFO - [2022-02-05 19:40:38,681] {dagbag.py:500} INFO - Filling up the DagBag from /home/airflow/.local/lib/python3.7/site-packages/airflow/example_dags/example_bash_operator.py
[2022-02-05 19:40:38,729] {processor.py:654} INFO - DAG(s) dict_keys(['example_bash_operator']) retrieved from /home/airflow/.local/lib/python3.7/site-packages/airflow/example_dags/example_bash_operator.py
[2022-02-05 19:40:38,750] {logging_mixin.py:109} INFO - [2022-02-05 19:40:38,750] {dag.py:2396} INFO - Sync 1 DAGs
[2022-02-05 19:40:38,894] {logging_mixin.py:109} INFO - [2022-02-05 19:40:38,894] {dag.py:2935} INFO - Setting next_dagrun for example_bash_operator to 2022-02-04 00:00:00+00:00
[2022-02-05 19:40:38,908] {processor.py:171} INFO - Processing /home/airflow/.local/lib/python3.7/site-packages/airflow/example_dags/example_bash_operator.py took 0.235 seconds
[2022-02-05 19:41:08,933] {processor.py:163} INFO - Started process (PID=2320) to work on /home/airflow/.local/lib/python3.7/site-packages/airflow/example_dags/example_bash_operator.py
[2022-02-05 19:41:08,934] {processor.py:642} INFO - Processing file /home/airflow/.local/lib/python3.7/site-packages/airflow/example_dags/example_bash_operator.py for tasks to queue
[2022-02-05 19:41:08,935] {logging_mixin.py:109} INFO - [2022-02-05 19:41:08,935] {dagbag.py:500} INFO - Filling up the DagBag from /home/airflow/.local/lib/python3.7/site-packages/airflow/example_dags/example_bash_operator.py
[2022-02-05 19:41:08,964] {processor.py:654} INFO - DAG(s) dict_keys(['example_bash_operator']) retrieved from /home/airflow/.local/lib/python3.7/site-packages/airflow/example_dags/example_bash_operator.py
[2022-02-05 19:41:08,976] {logging_mixin.py:109} INFO - [2022-02-05 19:41:08,976] {dag.py:2396} INFO - Sync 1 DAGs
[2022-02-05 19:41:09,069] {logging_mixin.py:109} INFO - [2022-02-05 19:41:09,069] {dag.py:2935} INFO - Setting next_dagrun for example_bash_operator to 2022-02-04 00:00:00+00:00
[2022-02-05 19:41:09,079] {processor.py:171} INFO - Processing /home/airflow/.local/lib/python3.7/site-packages/airflow/example_dags/example_bash_operator.py took 0.149 seconds
[2022-02-05 19:41:39,579] {processor.py:163} INFO - Started process (PID=2382) to work on /home/airflow/.local/lib/python3.7/site-packages/airflow/example_dags/example_bash_operator.py
[2022-02-05 19:41:39,581] {processor.py:642} INFO - Processing file /home/airflow/.local/lib/python3.7/site-packages/airflow/example_dags/example_bash_operator.py for tasks to queue
[2022-02-05 19:41:39,582] {logging_mixin.py:109} INFO - [2022-02-05 19:41:39,582] {dagbag.py:500} INFO - Filling up the DagBag from /home/airflow/.local/lib/python3.7/site-packages/airflow/example_dags/example_bash_operator.py
[2022-02-05 19:41:39,624] {processor.py:654} INFO - DAG(s) dict_keys(['example_bash_operator']) retrieved from /home/airflow/.local/lib/python3.7/site-packages/airflow/example_dags/example_bash_operator.py
[2022-02-05 19:41:39,751] {logging_mixin.py:109} INFO - [2022-02-05 19:41:39,751] {dag.py:2396} INFO - Sync 1 DAGs
[2022-02-05 19:41:39,772] {logging_mixin.py:109} INFO - [2022-02-05 19:41:39,772] {dag.py:2935} INFO - Setting next_dagrun for example_bash_operator to 2022-02-04 00:00:00+00:00
[2022-02-05 19:41:39,785] {processor.py:171} INFO - Processing /home/airflow/.local/lib/python3.7/site-packages/airflow/example_dags/example_bash_operator.py took 0.211 seconds
[2022-02-05 19:42:09,898] {processor.py:163} INFO - Started process (PID=2434) to work on /home/airflow/.local/lib/python3.7/site-packages/airflow/example_dags/example_bash_operator.py
[2022-02-05 19:42:09,899] {processor.py:642} INFO - Processing file /home/airflow/.local/lib/python3.7/site-packages/airflow/example_dags/example_bash_operator.py for tasks to queue
[2022-02-05 19:42:09,900] {logging_mixin.py:109} INFO - [2022-02-05 19:42:09,900] {dagbag.py:500} INFO - Filling up the DagBag from /home/airflow/.local/lib/python3.7/site-packages/airflow/example_dags/example_bash_operator.py
[2022-02-05 19:42:10,065] {processor.py:654} INFO - DAG(s) dict_keys(['example_bash_operator']) retrieved from /home/airflow/.local/lib/python3.7/site-packages/airflow/example_dags/example_bash_operator.py
[2022-02-05 19:42:10,078] {logging_mixin.py:109} INFO - [2022-02-05 19:42:10,078] {dag.py:2396} INFO - Sync 1 DAGs
[2022-02-05 19:42:10,096] {logging_mixin.py:109} INFO - [2022-02-05 19:42:10,096] {dag.py:2935} INFO - Setting next_dagrun for example_bash_operator to 2022-02-04 00:00:00+00:00
[2022-02-05 19:42:10,110] {processor.py:171} INFO - Processing /home/airflow/.local/lib/python3.7/site-packages/airflow/example_dags/example_bash_operator.py took 0.216 seconds
[2022-02-05 19:42:40,917] {processor.py:163} INFO - Started process (PID=2497) to work on /home/airflow/.local/lib/python3.7/site-packages/airflow/example_dags/example_bash_operator.py
[2022-02-05 19:42:40,918] {processor.py:642} INFO - Processing file /home/airflow/.local/lib/python3.7/site-packages/airflow/example_dags/example_bash_operator.py for tasks to queue
[2022-02-05 19:42:40,919] {logging_mixin.py:109} INFO - [2022-02-05 19:42:40,919] {dagbag.py:500} INFO - Filling up the DagBag from /home/airflow/.local/lib/python3.7/site-packages/airflow/example_dags/example_bash_operator.py
[2022-02-05 19:42:41,061] {processor.py:654} INFO - DAG(s) dict_keys(['example_bash_operator']) retrieved from /home/airflow/.local/lib/python3.7/site-packages/airflow/example_dags/example_bash_operator.py
[2022-02-05 19:42:41,075] {logging_mixin.py:109} INFO - [2022-02-05 19:42:41,075] {dag.py:2396} INFO - Sync 1 DAGs
[2022-02-05 19:42:41,093] {logging_mixin.py:109} INFO - [2022-02-05 19:42:41,093] {dag.py:2935} INFO - Setting next_dagrun for example_bash_operator to 2022-02-04 00:00:00+00:00
[2022-02-05 19:42:41,103] {processor.py:171} INFO - Processing /home/airflow/.local/lib/python3.7/site-packages/airflow/example_dags/example_bash_operator.py took 0.191 seconds
[2022-02-05 19:43:11,664] {processor.py:163} INFO - Started process (PID=2549) to work on /home/airflow/.local/lib/python3.7/site-packages/airflow/example_dags/example_bash_operator.py
[2022-02-05 19:43:11,669] {processor.py:642} INFO - Processing file /home/airflow/.local/lib/python3.7/site-packages/airflow/example_dags/example_bash_operator.py for tasks to queue
[2022-02-05 19:43:11,670] {logging_mixin.py:109} INFO - [2022-02-05 19:43:11,670] {dagbag.py:500} INFO - Filling up the DagBag from /home/airflow/.local/lib/python3.7/site-packages/airflow/example_dags/example_bash_operator.py
[2022-02-05 19:43:11,778] {processor.py:654} INFO - DAG(s) dict_keys(['example_bash_operator']) retrieved from /home/airflow/.local/lib/python3.7/site-packages/airflow/example_dags/example_bash_operator.py
[2022-02-05 19:43:11,787] {logging_mixin.py:109} INFO - [2022-02-05 19:43:11,787] {dag.py:2396} INFO - Sync 1 DAGs
[2022-02-05 19:43:11,801] {logging_mixin.py:109} INFO - [2022-02-05 19:43:11,801] {dag.py:2935} INFO - Setting next_dagrun for example_bash_operator to 2022-02-04 00:00:00+00:00
[2022-02-05 19:43:11,811] {processor.py:171} INFO - Processing /home/airflow/.local/lib/python3.7/site-packages/airflow/example_dags/example_bash_operator.py took 0.150 seconds
[2022-02-05 19:43:42,394] {processor.py:163} INFO - Started process (PID=2613) to work on /home/airflow/.local/lib/python3.7/site-packages/airflow/example_dags/example_bash_operator.py
[2022-02-05 19:43:42,395] {processor.py:642} INFO - Processing file /home/airflow/.local/lib/python3.7/site-packages/airflow/example_dags/example_bash_operator.py for tasks to queue
[2022-02-05 19:43:42,396] {logging_mixin.py:109} INFO - [2022-02-05 19:43:42,395] {dagbag.py:500} INFO - Filling up the DagBag from /home/airflow/.local/lib/python3.7/site-packages/airflow/example_dags/example_bash_operator.py
[2022-02-05 19:43:42,497] {processor.py:654} INFO - DAG(s) dict_keys(['example_bash_operator']) retrieved from /home/airflow/.local/lib/python3.7/site-packages/airflow/example_dags/example_bash_operator.py
[2022-02-05 19:43:42,506] {logging_mixin.py:109} INFO - [2022-02-05 19:43:42,506] {dag.py:2396} INFO - Sync 1 DAGs
[2022-02-05 19:43:42,519] {logging_mixin.py:109} INFO - [2022-02-05 19:43:42,519] {dag.py:2935} INFO - Setting next_dagrun for example_bash_operator to 2022-02-04 00:00:00+00:00
[2022-02-05 19:43:42,528] {processor.py:171} INFO - Processing /home/airflow/.local/lib/python3.7/site-packages/airflow/example_dags/example_bash_operator.py took 0.137 seconds
[2022-02-05 19:44:12,840] {processor.py:163} INFO - Started process (PID=2670) to work on /home/airflow/.local/lib/python3.7/site-packages/airflow/example_dags/example_bash_operator.py
[2022-02-05 19:44:12,841] {processor.py:642} INFO - Processing file /home/airflow/.local/lib/python3.7/site-packages/airflow/example_dags/example_bash_operator.py for tasks to queue
[2022-02-05 19:44:12,842] {logging_mixin.py:109} INFO - [2022-02-05 19:44:12,842] {dagbag.py:500} INFO - Filling up the DagBag from /home/airflow/.local/lib/python3.7/site-packages/airflow/example_dags/example_bash_operator.py
[2022-02-05 19:44:12,952] {processor.py:654} INFO - DAG(s) dict_keys(['example_bash_operator']) retrieved from /home/airflow/.local/lib/python3.7/site-packages/airflow/example_dags/example_bash_operator.py
[2022-02-05 19:44:12,959] {logging_mixin.py:109} INFO - [2022-02-05 19:44:12,959] {dag.py:2396} INFO - Sync 1 DAGs
[2022-02-05 19:44:12,970] {logging_mixin.py:109} INFO - [2022-02-05 19:44:12,970] {dag.py:2935} INFO - Setting next_dagrun for example_bash_operator to 2022-02-04 00:00:00+00:00
[2022-02-05 19:44:12,981] {processor.py:171} INFO - Processing /home/airflow/.local/lib/python3.7/site-packages/airflow/example_dags/example_bash_operator.py took 0.143 seconds
[2022-02-05 19:44:43,344] {processor.py:163} INFO - Started process (PID=2732) to work on /home/airflow/.local/lib/python3.7/site-packages/airflow/example_dags/example_bash_operator.py
[2022-02-05 19:44:43,345] {processor.py:642} INFO - Processing file /home/airflow/.local/lib/python3.7/site-packages/airflow/example_dags/example_bash_operator.py for tasks to queue
[2022-02-05 19:44:43,346] {logging_mixin.py:109} INFO - [2022-02-05 19:44:43,346] {dagbag.py:500} INFO - Filling up the DagBag from /home/airflow/.local/lib/python3.7/site-packages/airflow/example_dags/example_bash_operator.py
[2022-02-05 19:44:43,373] {processor.py:654} INFO - DAG(s) dict_keys(['example_bash_operator']) retrieved from /home/airflow/.local/lib/python3.7/site-packages/airflow/example_dags/example_bash_operator.py
[2022-02-05 19:44:43,383] {logging_mixin.py:109} INFO - [2022-02-05 19:44:43,383] {dag.py:2396} INFO - Sync 1 DAGs
[2022-02-05 19:44:43,398] {logging_mixin.py:109} INFO - [2022-02-05 19:44:43,398] {dag.py:2935} INFO - Setting next_dagrun for example_bash_operator to 2022-02-04 00:00:00+00:00
[2022-02-05 19:44:43,406] {processor.py:171} INFO - Processing /home/airflow/.local/lib/python3.7/site-packages/airflow/example_dags/example_bash_operator.py took 0.065 seconds
[2022-02-05 19:45:14,265] {processor.py:163} INFO - Started process (PID=2784) to work on /home/airflow/.local/lib/python3.7/site-packages/airflow/example_dags/example_bash_operator.py
[2022-02-05 19:45:14,266] {processor.py:642} INFO - Processing file /home/airflow/.local/lib/python3.7/site-packages/airflow/example_dags/example_bash_operator.py for tasks to queue
[2022-02-05 19:45:14,266] {logging_mixin.py:109} INFO - [2022-02-05 19:45:14,266] {dagbag.py:500} INFO - Filling up the DagBag from /home/airflow/.local/lib/python3.7/site-packages/airflow/example_dags/example_bash_operator.py
[2022-02-05 19:45:14,303] {processor.py:654} INFO - DAG(s) dict_keys(['example_bash_operator']) retrieved from /home/airflow/.local/lib/python3.7/site-packages/airflow/example_dags/example_bash_operator.py
[2022-02-05 19:45:14,311] {logging_mixin.py:109} INFO - [2022-02-05 19:45:14,311] {dag.py:2396} INFO - Sync 1 DAGs
[2022-02-05 19:45:14,324] {logging_mixin.py:109} INFO - [2022-02-05 19:45:14,324] {dag.py:2935} INFO - Setting next_dagrun for example_bash_operator to 2022-02-04 00:00:00+00:00
[2022-02-05 19:45:14,335] {processor.py:171} INFO - Processing /home/airflow/.local/lib/python3.7/site-packages/airflow/example_dags/example_bash_operator.py took 0.073 seconds
[2022-02-05 19:45:45,113] {processor.py:163} INFO - Started process (PID=2847) to work on /home/airflow/.local/lib/python3.7/site-packages/airflow/example_dags/example_bash_operator.py
[2022-02-05 19:45:45,114] {processor.py:642} INFO - Processing file /home/airflow/.local/lib/python3.7/site-packages/airflow/example_dags/example_bash_operator.py for tasks to queue
[2022-02-05 19:45:45,114] {logging_mixin.py:109} INFO - [2022-02-05 19:45:45,114] {dagbag.py:500} INFO - Filling up the DagBag from /home/airflow/.local/lib/python3.7/site-packages/airflow/example_dags/example_bash_operator.py
[2022-02-05 19:45:45,142] {processor.py:654} INFO - DAG(s) dict_keys(['example_bash_operator']) retrieved from /home/airflow/.local/lib/python3.7/site-packages/airflow/example_dags/example_bash_operator.py
[2022-02-05 19:45:45,151] {logging_mixin.py:109} INFO - [2022-02-05 19:45:45,151] {dag.py:2396} INFO - Sync 1 DAGs
[2022-02-05 19:45:45,166] {logging_mixin.py:109} INFO - [2022-02-05 19:45:45,165] {dag.py:2935} INFO - Setting next_dagrun for example_bash_operator to 2022-02-04 00:00:00+00:00
[2022-02-05 19:45:45,175] {processor.py:171} INFO - Processing /home/airflow/.local/lib/python3.7/site-packages/airflow/example_dags/example_bash_operator.py took 0.066 seconds
[2022-02-05 19:46:15,958] {processor.py:163} INFO - Started process (PID=2909) to work on /home/airflow/.local/lib/python3.7/site-packages/airflow/example_dags/example_bash_operator.py
[2022-02-05 19:46:15,960] {processor.py:642} INFO - Processing file /home/airflow/.local/lib/python3.7/site-packages/airflow/example_dags/example_bash_operator.py for tasks to queue
[2022-02-05 19:46:15,960] {logging_mixin.py:109} INFO - [2022-02-05 19:46:15,960] {dagbag.py:500} INFO - Filling up the DagBag from /home/airflow/.local/lib/python3.7/site-packages/airflow/example_dags/example_bash_operator.py
[2022-02-05 19:46:15,985] {processor.py:654} INFO - DAG(s) dict_keys(['example_bash_operator']) retrieved from /home/airflow/.local/lib/python3.7/site-packages/airflow/example_dags/example_bash_operator.py
[2022-02-05 19:46:15,994] {logging_mixin.py:109} INFO - [2022-02-05 19:46:15,994] {dag.py:2396} INFO - Sync 1 DAGs
[2022-02-05 19:46:16,007] {logging_mixin.py:109} INFO - [2022-02-05 19:46:16,007] {dag.py:2935} INFO - Setting next_dagrun for example_bash_operator to 2022-02-04 00:00:00+00:00
[2022-02-05 19:46:16,016] {processor.py:171} INFO - Processing /home/airflow/.local/lib/python3.7/site-packages/airflow/example_dags/example_bash_operator.py took 0.060 seconds
[2022-02-05 19:46:46,689] {processor.py:163} INFO - Started process (PID=2961) to work on /home/airflow/.local/lib/python3.7/site-packages/airflow/example_dags/example_bash_operator.py
[2022-02-05 19:46:46,689] {processor.py:642} INFO - Processing file /home/airflow/.local/lib/python3.7/site-packages/airflow/example_dags/example_bash_operator.py for tasks to queue
[2022-02-05 19:46:46,690] {logging_mixin.py:109} INFO - [2022-02-05 19:46:46,690] {dagbag.py:500} INFO - Filling up the DagBag from /home/airflow/.local/lib/python3.7/site-packages/airflow/example_dags/example_bash_operator.py
[2022-02-05 19:46:46,715] {processor.py:654} INFO - DAG(s) dict_keys(['example_bash_operator']) retrieved from /home/airflow/.local/lib/python3.7/site-packages/airflow/example_dags/example_bash_operator.py
[2022-02-05 19:46:46,724] {logging_mixin.py:109} INFO - [2022-02-05 19:46:46,724] {dag.py:2396} INFO - Sync 1 DAGs
[2022-02-05 19:46:46,737] {logging_mixin.py:109} INFO - [2022-02-05 19:46:46,737] {dag.py:2935} INFO - Setting next_dagrun for example_bash_operator to 2022-02-04 00:00:00+00:00
[2022-02-05 19:46:46,745] {processor.py:171} INFO - Processing /home/airflow/.local/lib/python3.7/site-packages/airflow/example_dags/example_bash_operator.py took 0.059 seconds
[2022-02-05 19:47:17,420] {processor.py:163} INFO - Started process (PID=3022) to work on /home/airflow/.local/lib/python3.7/site-packages/airflow/example_dags/example_bash_operator.py
[2022-02-05 19:47:17,422] {processor.py:642} INFO - Processing file /home/airflow/.local/lib/python3.7/site-packages/airflow/example_dags/example_bash_operator.py for tasks to queue
[2022-02-05 19:47:17,423] {logging_mixin.py:109} INFO - [2022-02-05 19:47:17,423] {dagbag.py:500} INFO - Filling up the DagBag from /home/airflow/.local/lib/python3.7/site-packages/airflow/example_dags/example_bash_operator.py
[2022-02-05 19:47:17,457] {processor.py:654} INFO - DAG(s) dict_keys(['example_bash_operator']) retrieved from /home/airflow/.local/lib/python3.7/site-packages/airflow/example_dags/example_bash_operator.py
[2022-02-05 19:47:17,471] {logging_mixin.py:109} INFO - [2022-02-05 19:47:17,471] {dag.py:2396} INFO - Sync 1 DAGs
[2022-02-05 19:47:17,489] {logging_mixin.py:109} INFO - [2022-02-05 19:47:17,489] {dag.py:2935} INFO - Setting next_dagrun for example_bash_operator to 2022-02-04 00:00:00+00:00
[2022-02-05 19:47:17,501] {processor.py:171} INFO - Processing /home/airflow/.local/lib/python3.7/site-packages/airflow/example_dags/example_bash_operator.py took 0.092 seconds
[2022-02-05 19:47:48,345] {processor.py:163} INFO - Started process (PID=3074) to work on /home/airflow/.local/lib/python3.7/site-packages/airflow/example_dags/example_bash_operator.py
[2022-02-05 19:47:48,345] {processor.py:642} INFO - Processing file /home/airflow/.local/lib/python3.7/site-packages/airflow/example_dags/example_bash_operator.py for tasks to queue
[2022-02-05 19:47:48,346] {logging_mixin.py:109} INFO - [2022-02-05 19:47:48,346] {dagbag.py:500} INFO - Filling up the DagBag from /home/airflow/.local/lib/python3.7/site-packages/airflow/example_dags/example_bash_operator.py
[2022-02-05 19:47:48,372] {processor.py:654} INFO - DAG(s) dict_keys(['example_bash_operator']) retrieved from /home/airflow/.local/lib/python3.7/site-packages/airflow/example_dags/example_bash_operator.py
[2022-02-05 19:47:48,380] {logging_mixin.py:109} INFO - [2022-02-05 19:47:48,380] {dag.py:2396} INFO - Sync 1 DAGs
[2022-02-05 19:47:48,393] {logging_mixin.py:109} INFO - [2022-02-05 19:47:48,393] {dag.py:2935} INFO - Setting next_dagrun for example_bash_operator to 2022-02-04 00:00:00+00:00
[2022-02-05 19:47:48,404] {processor.py:171} INFO - Processing /home/airflow/.local/lib/python3.7/site-packages/airflow/example_dags/example_bash_operator.py took 0.062 seconds
[2022-02-05 19:48:18,865] {processor.py:163} INFO - Started process (PID=3137) to work on /home/airflow/.local/lib/python3.7/site-packages/airflow/example_dags/example_bash_operator.py
[2022-02-05 19:48:18,866] {processor.py:642} INFO - Processing file /home/airflow/.local/lib/python3.7/site-packages/airflow/example_dags/example_bash_operator.py for tasks to queue
[2022-02-05 19:48:18,867] {logging_mixin.py:109} INFO - [2022-02-05 19:48:18,867] {dagbag.py:500} INFO - Filling up the DagBag from /home/airflow/.local/lib/python3.7/site-packages/airflow/example_dags/example_bash_operator.py
[2022-02-05 19:48:18,903] {processor.py:654} INFO - DAG(s) dict_keys(['example_bash_operator']) retrieved from /home/airflow/.local/lib/python3.7/site-packages/airflow/example_dags/example_bash_operator.py
[2022-02-05 19:48:18,916] {logging_mixin.py:109} INFO - [2022-02-05 19:48:18,916] {dag.py:2396} INFO - Sync 1 DAGs
[2022-02-05 19:48:18,937] {logging_mixin.py:109} INFO - [2022-02-05 19:48:18,937] {dag.py:2935} INFO - Setting next_dagrun for example_bash_operator to 2022-02-04 00:00:00+00:00
[2022-02-05 19:48:18,952] {processor.py:171} INFO - Processing /home/airflow/.local/lib/python3.7/site-packages/airflow/example_dags/example_bash_operator.py took 0.091 seconds
[2022-02-05 19:48:49,076] {processor.py:163} INFO - Started process (PID=3190) to work on /home/airflow/.local/lib/python3.7/site-packages/airflow/example_dags/example_bash_operator.py
[2022-02-05 19:48:49,078] {processor.py:642} INFO - Processing file /home/airflow/.local/lib/python3.7/site-packages/airflow/example_dags/example_bash_operator.py for tasks to queue
[2022-02-05 19:48:49,078] {logging_mixin.py:109} INFO - [2022-02-05 19:48:49,078] {dagbag.py:500} INFO - Filling up the DagBag from /home/airflow/.local/lib/python3.7/site-packages/airflow/example_dags/example_bash_operator.py
[2022-02-05 19:48:49,107] {processor.py:654} INFO - DAG(s) dict_keys(['example_bash_operator']) retrieved from /home/airflow/.local/lib/python3.7/site-packages/airflow/example_dags/example_bash_operator.py
[2022-02-05 19:48:49,118] {logging_mixin.py:109} INFO - [2022-02-05 19:48:49,117] {dag.py:2396} INFO - Sync 1 DAGs
[2022-02-05 19:48:49,134] {logging_mixin.py:109} INFO - [2022-02-05 19:48:49,134] {dag.py:2935} INFO - Setting next_dagrun for example_bash_operator to 2022-02-04 00:00:00+00:00
[2022-02-05 19:48:49,144] {processor.py:171} INFO - Processing /home/airflow/.local/lib/python3.7/site-packages/airflow/example_dags/example_bash_operator.py took 0.071 seconds
[2022-02-05 19:49:19,923] {processor.py:163} INFO - Started process (PID=3255) to work on /home/airflow/.local/lib/python3.7/site-packages/airflow/example_dags/example_bash_operator.py
[2022-02-05 19:49:19,930] {processor.py:642} INFO - Processing file /home/airflow/.local/lib/python3.7/site-packages/airflow/example_dags/example_bash_operator.py for tasks to queue
[2022-02-05 19:49:19,934] {logging_mixin.py:109} INFO - [2022-02-05 19:49:19,934] {dagbag.py:500} INFO - Filling up the DagBag from /home/airflow/.local/lib/python3.7/site-packages/airflow/example_dags/example_bash_operator.py
[2022-02-05 19:49:19,990] {processor.py:654} INFO - DAG(s) dict_keys(['example_bash_operator']) retrieved from /home/airflow/.local/lib/python3.7/site-packages/airflow/example_dags/example_bash_operator.py
[2022-02-05 19:49:20,007] {logging_mixin.py:109} INFO - [2022-02-05 19:49:20,007] {dag.py:2396} INFO - Sync 1 DAGs
[2022-02-05 19:49:20,036] {logging_mixin.py:109} INFO - [2022-02-05 19:49:20,036] {dag.py:2935} INFO - Setting next_dagrun for example_bash_operator to 2022-02-04 00:00:00+00:00
[2022-02-05 19:49:20,050] {processor.py:171} INFO - Processing /home/airflow/.local/lib/python3.7/site-packages/airflow/example_dags/example_bash_operator.py took 0.132 seconds
[2022-02-05 19:49:50,501] {processor.py:163} INFO - Started process (PID=3308) to work on /home/airflow/.local/lib/python3.7/site-packages/airflow/example_dags/example_bash_operator.py
[2022-02-05 19:49:50,502] {processor.py:642} INFO - Processing file /home/airflow/.local/lib/python3.7/site-packages/airflow/example_dags/example_bash_operator.py for tasks to queue
[2022-02-05 19:49:50,503] {logging_mixin.py:109} INFO - [2022-02-05 19:49:50,503] {dagbag.py:500} INFO - Filling up the DagBag from /home/airflow/.local/lib/python3.7/site-packages/airflow/example_dags/example_bash_operator.py
[2022-02-05 19:49:50,529] {processor.py:654} INFO - DAG(s) dict_keys(['example_bash_operator']) retrieved from /home/airflow/.local/lib/python3.7/site-packages/airflow/example_dags/example_bash_operator.py
[2022-02-05 19:49:50,538] {logging_mixin.py:109} INFO - [2022-02-05 19:49:50,538] {dag.py:2396} INFO - Sync 1 DAGs
[2022-02-05 19:49:50,551] {logging_mixin.py:109} INFO - [2022-02-05 19:49:50,551] {dag.py:2935} INFO - Setting next_dagrun for example_bash_operator to 2022-02-04 00:00:00+00:00
[2022-02-05 19:49:50,563] {processor.py:171} INFO - Processing /home/airflow/.local/lib/python3.7/site-packages/airflow/example_dags/example_bash_operator.py took 0.064 seconds
[2022-02-05 19:50:21,385] {processor.py:163} INFO - Started process (PID=3367) to work on /home/airflow/.local/lib/python3.7/site-packages/airflow/example_dags/example_bash_operator.py
[2022-02-05 19:50:21,386] {processor.py:642} INFO - Processing file /home/airflow/.local/lib/python3.7/site-packages/airflow/example_dags/example_bash_operator.py for tasks to queue
[2022-02-05 19:50:21,387] {logging_mixin.py:109} INFO - [2022-02-05 19:50:21,387] {dagbag.py:500} INFO - Filling up the DagBag from /home/airflow/.local/lib/python3.7/site-packages/airflow/example_dags/example_bash_operator.py
[2022-02-05 19:50:21,415] {processor.py:654} INFO - DAG(s) dict_keys(['example_bash_operator']) retrieved from /home/airflow/.local/lib/python3.7/site-packages/airflow/example_dags/example_bash_operator.py
[2022-02-05 19:50:21,424] {logging_mixin.py:109} INFO - [2022-02-05 19:50:21,424] {dag.py:2396} INFO - Sync 1 DAGs
[2022-02-05 19:50:21,437] {logging_mixin.py:109} INFO - [2022-02-05 19:50:21,437] {dag.py:2935} INFO - Setting next_dagrun for example_bash_operator to 2022-02-04 00:00:00+00:00
[2022-02-05 19:50:21,446] {processor.py:171} INFO - Processing /home/airflow/.local/lib/python3.7/site-packages/airflow/example_dags/example_bash_operator.py took 0.064 seconds
[2022-02-05 19:50:52,069] {processor.py:163} INFO - Started process (PID=3422) to work on /home/airflow/.local/lib/python3.7/site-packages/airflow/example_dags/example_bash_operator.py
[2022-02-05 19:50:52,071] {processor.py:642} INFO - Processing file /home/airflow/.local/lib/python3.7/site-packages/airflow/example_dags/example_bash_operator.py for tasks to queue
[2022-02-05 19:50:52,072] {logging_mixin.py:109} INFO - [2022-02-05 19:50:52,072] {dagbag.py:500} INFO - Filling up the DagBag from /home/airflow/.local/lib/python3.7/site-packages/airflow/example_dags/example_bash_operator.py
[2022-02-05 19:50:52,107] {processor.py:654} INFO - DAG(s) dict_keys(['example_bash_operator']) retrieved from /home/airflow/.local/lib/python3.7/site-packages/airflow/example_dags/example_bash_operator.py
[2022-02-05 19:50:52,119] {logging_mixin.py:109} INFO - [2022-02-05 19:50:52,119] {dag.py:2396} INFO - Sync 1 DAGs
[2022-02-05 19:50:52,137] {logging_mixin.py:109} INFO - [2022-02-05 19:50:52,137] {dag.py:2935} INFO - Setting next_dagrun for example_bash_operator to 2022-02-04 00:00:00+00:00
[2022-02-05 19:50:52,150] {processor.py:171} INFO - Processing /home/airflow/.local/lib/python3.7/site-packages/airflow/example_dags/example_bash_operator.py took 0.084 seconds
