[2022-02-05 19:21:02,836] {processor.py:163} INFO - Started process (PID=52) to work on /home/airflow/.local/lib/python3.7/site-packages/airflow/example_dags/example_branch_day_of_week_operator.py
[2022-02-05 19:21:02,839] {processor.py:642} INFO - Processing file /home/airflow/.local/lib/python3.7/site-packages/airflow/example_dags/example_branch_day_of_week_operator.py for tasks to queue
[2022-02-05 19:21:02,839] {logging_mixin.py:109} INFO - [2022-02-05 19:21:02,839] {dagbag.py:500} INFO - Filling up the DagBag from /home/airflow/.local/lib/python3.7/site-packages/airflow/example_dags/example_branch_day_of_week_operator.py
[2022-02-05 19:21:02,919] {processor.py:654} INFO - DAG(s) dict_keys(['example_weekday_branch_operator']) retrieved from /home/airflow/.local/lib/python3.7/site-packages/airflow/example_dags/example_branch_day_of_week_operator.py
[2022-02-05 19:21:02,938] {logging_mixin.py:109} INFO - [2022-02-05 19:21:02,938] {dag.py:2396} INFO - Sync 1 DAGs
[2022-02-05 19:21:02,970] {logging_mixin.py:109} INFO - [2022-02-05 19:21:02,969] {dag.py:2935} INFO - Setting next_dagrun for example_weekday_branch_operator to 2022-02-04 00:00:00+00:00
[2022-02-05 19:21:02,988] {processor.py:171} INFO - Processing /home/airflow/.local/lib/python3.7/site-packages/airflow/example_dags/example_branch_day_of_week_operator.py took 0.178 seconds
[2022-02-05 19:21:33,876] {processor.py:163} INFO - Started process (PID=112) to work on /home/airflow/.local/lib/python3.7/site-packages/airflow/example_dags/example_branch_day_of_week_operator.py
[2022-02-05 19:21:33,880] {processor.py:642} INFO - Processing file /home/airflow/.local/lib/python3.7/site-packages/airflow/example_dags/example_branch_day_of_week_operator.py for tasks to queue
[2022-02-05 19:21:33,882] {logging_mixin.py:109} INFO - [2022-02-05 19:21:33,882] {dagbag.py:500} INFO - Filling up the DagBag from /home/airflow/.local/lib/python3.7/site-packages/airflow/example_dags/example_branch_day_of_week_operator.py
[2022-02-05 19:21:33,940] {processor.py:654} INFO - DAG(s) dict_keys(['example_weekday_branch_operator']) retrieved from /home/airflow/.local/lib/python3.7/site-packages/airflow/example_dags/example_branch_day_of_week_operator.py
[2022-02-05 19:21:33,963] {logging_mixin.py:109} INFO - [2022-02-05 19:21:33,962] {dag.py:2396} INFO - Sync 1 DAGs
[2022-02-05 19:21:33,995] {logging_mixin.py:109} INFO - [2022-02-05 19:21:33,994] {dag.py:2935} INFO - Setting next_dagrun for example_weekday_branch_operator to 2022-02-04 00:00:00+00:00
[2022-02-05 19:21:34,046] {processor.py:171} INFO - Processing /home/airflow/.local/lib/python3.7/site-packages/airflow/example_dags/example_branch_day_of_week_operator.py took 0.177 seconds
[2022-02-05 19:22:06,701] {processor.py:163} INFO - Started process (PID=165) to work on /home/airflow/.local/lib/python3.7/site-packages/airflow/example_dags/example_branch_day_of_week_operator.py
[2022-02-05 19:22:06,714] {processor.py:642} INFO - Processing file /home/airflow/.local/lib/python3.7/site-packages/airflow/example_dags/example_branch_day_of_week_operator.py for tasks to queue
[2022-02-05 19:22:06,715] {logging_mixin.py:109} INFO - [2022-02-05 19:22:06,715] {dagbag.py:500} INFO - Filling up the DagBag from /home/airflow/.local/lib/python3.7/site-packages/airflow/example_dags/example_branch_day_of_week_operator.py
[2022-02-05 19:22:06,771] {processor.py:654} INFO - DAG(s) dict_keys(['example_weekday_branch_operator']) retrieved from /home/airflow/.local/lib/python3.7/site-packages/airflow/example_dags/example_branch_day_of_week_operator.py
[2022-02-05 19:22:06,787] {logging_mixin.py:109} INFO - [2022-02-05 19:22:06,787] {dag.py:2396} INFO - Sync 1 DAGs
[2022-02-05 19:22:06,822] {logging_mixin.py:109} INFO - [2022-02-05 19:22:06,822] {dag.py:2935} INFO - Setting next_dagrun for example_weekday_branch_operator to 2022-02-04 00:00:00+00:00
[2022-02-05 19:22:06,839] {processor.py:171} INFO - Processing /home/airflow/.local/lib/python3.7/site-packages/airflow/example_dags/example_branch_day_of_week_operator.py took 0.145 seconds
[2022-02-05 19:22:37,738] {processor.py:163} INFO - Started process (PID=222) to work on /home/airflow/.local/lib/python3.7/site-packages/airflow/example_dags/example_branch_day_of_week_operator.py
[2022-02-05 19:22:37,740] {processor.py:642} INFO - Processing file /home/airflow/.local/lib/python3.7/site-packages/airflow/example_dags/example_branch_day_of_week_operator.py for tasks to queue
[2022-02-05 19:22:37,741] {logging_mixin.py:109} INFO - [2022-02-05 19:22:37,740] {dagbag.py:500} INFO - Filling up the DagBag from /home/airflow/.local/lib/python3.7/site-packages/airflow/example_dags/example_branch_day_of_week_operator.py
[2022-02-05 19:22:37,779] {processor.py:654} INFO - DAG(s) dict_keys(['example_weekday_branch_operator']) retrieved from /home/airflow/.local/lib/python3.7/site-packages/airflow/example_dags/example_branch_day_of_week_operator.py
[2022-02-05 19:22:37,793] {logging_mixin.py:109} INFO - [2022-02-05 19:22:37,793] {dag.py:2396} INFO - Sync 1 DAGs
[2022-02-05 19:22:37,820] {logging_mixin.py:109} INFO - [2022-02-05 19:22:37,820] {dag.py:2935} INFO - Setting next_dagrun for example_weekday_branch_operator to 2022-02-04 00:00:00+00:00
[2022-02-05 19:22:37,836] {processor.py:171} INFO - Processing /home/airflow/.local/lib/python3.7/site-packages/airflow/example_dags/example_branch_day_of_week_operator.py took 0.103 seconds
[2022-02-05 19:23:08,475] {processor.py:163} INFO - Started process (PID=284) to work on /home/airflow/.local/lib/python3.7/site-packages/airflow/example_dags/example_branch_day_of_week_operator.py
[2022-02-05 19:23:08,477] {processor.py:642} INFO - Processing file /home/airflow/.local/lib/python3.7/site-packages/airflow/example_dags/example_branch_day_of_week_operator.py for tasks to queue
[2022-02-05 19:23:08,478] {logging_mixin.py:109} INFO - [2022-02-05 19:23:08,478] {dagbag.py:500} INFO - Filling up the DagBag from /home/airflow/.local/lib/python3.7/site-packages/airflow/example_dags/example_branch_day_of_week_operator.py
[2022-02-05 19:23:08,504] {processor.py:654} INFO - DAG(s) dict_keys(['example_weekday_branch_operator']) retrieved from /home/airflow/.local/lib/python3.7/site-packages/airflow/example_dags/example_branch_day_of_week_operator.py
[2022-02-05 19:23:08,514] {logging_mixin.py:109} INFO - [2022-02-05 19:23:08,514] {dag.py:2396} INFO - Sync 1 DAGs
[2022-02-05 19:23:08,530] {logging_mixin.py:109} INFO - [2022-02-05 19:23:08,530] {dag.py:2935} INFO - Setting next_dagrun for example_weekday_branch_operator to 2022-02-04 00:00:00+00:00
[2022-02-05 19:23:08,540] {processor.py:171} INFO - Processing /home/airflow/.local/lib/python3.7/site-packages/airflow/example_dags/example_branch_day_of_week_operator.py took 0.068 seconds
[2022-02-05 19:23:39,230] {processor.py:163} INFO - Started process (PID=337) to work on /home/airflow/.local/lib/python3.7/site-packages/airflow/example_dags/example_branch_day_of_week_operator.py
[2022-02-05 19:23:39,231] {processor.py:642} INFO - Processing file /home/airflow/.local/lib/python3.7/site-packages/airflow/example_dags/example_branch_day_of_week_operator.py for tasks to queue
[2022-02-05 19:23:39,232] {logging_mixin.py:109} INFO - [2022-02-05 19:23:39,232] {dagbag.py:500} INFO - Filling up the DagBag from /home/airflow/.local/lib/python3.7/site-packages/airflow/example_dags/example_branch_day_of_week_operator.py
[2022-02-05 19:23:39,268] {processor.py:654} INFO - DAG(s) dict_keys(['example_weekday_branch_operator']) retrieved from /home/airflow/.local/lib/python3.7/site-packages/airflow/example_dags/example_branch_day_of_week_operator.py
[2022-02-05 19:23:39,282] {logging_mixin.py:109} INFO - [2022-02-05 19:23:39,281] {dag.py:2396} INFO - Sync 1 DAGs
[2022-02-05 19:23:39,306] {logging_mixin.py:109} INFO - [2022-02-05 19:23:39,306] {dag.py:2935} INFO - Setting next_dagrun for example_weekday_branch_operator to 2022-02-04 00:00:00+00:00
[2022-02-05 19:23:39,321] {processor.py:171} INFO - Processing /home/airflow/.local/lib/python3.7/site-packages/airflow/example_dags/example_branch_day_of_week_operator.py took 0.096 seconds
[2022-02-05 19:24:10,001] {processor.py:163} INFO - Started process (PID=400) to work on /home/airflow/.local/lib/python3.7/site-packages/airflow/example_dags/example_branch_day_of_week_operator.py
[2022-02-05 19:24:10,002] {processor.py:642} INFO - Processing file /home/airflow/.local/lib/python3.7/site-packages/airflow/example_dags/example_branch_day_of_week_operator.py for tasks to queue
[2022-02-05 19:24:10,002] {logging_mixin.py:109} INFO - [2022-02-05 19:24:10,002] {dagbag.py:500} INFO - Filling up the DagBag from /home/airflow/.local/lib/python3.7/site-packages/airflow/example_dags/example_branch_day_of_week_operator.py
[2022-02-05 19:24:10,028] {processor.py:654} INFO - DAG(s) dict_keys(['example_weekday_branch_operator']) retrieved from /home/airflow/.local/lib/python3.7/site-packages/airflow/example_dags/example_branch_day_of_week_operator.py
[2022-02-05 19:24:10,038] {logging_mixin.py:109} INFO - [2022-02-05 19:24:10,038] {dag.py:2396} INFO - Sync 1 DAGs
[2022-02-05 19:24:10,055] {logging_mixin.py:109} INFO - [2022-02-05 19:24:10,055] {dag.py:2935} INFO - Setting next_dagrun for example_weekday_branch_operator to 2022-02-04 00:00:00+00:00
[2022-02-05 19:24:10,066] {processor.py:171} INFO - Processing /home/airflow/.local/lib/python3.7/site-packages/airflow/example_dags/example_branch_day_of_week_operator.py took 0.068 seconds
[2022-02-05 19:24:40,363] {processor.py:163} INFO - Started process (PID=452) to work on /home/airflow/.local/lib/python3.7/site-packages/airflow/example_dags/example_branch_day_of_week_operator.py
[2022-02-05 19:24:40,365] {processor.py:642} INFO - Processing file /home/airflow/.local/lib/python3.7/site-packages/airflow/example_dags/example_branch_day_of_week_operator.py for tasks to queue
[2022-02-05 19:24:40,365] {logging_mixin.py:109} INFO - [2022-02-05 19:24:40,365] {dagbag.py:500} INFO - Filling up the DagBag from /home/airflow/.local/lib/python3.7/site-packages/airflow/example_dags/example_branch_day_of_week_operator.py
[2022-02-05 19:24:40,388] {processor.py:654} INFO - DAG(s) dict_keys(['example_weekday_branch_operator']) retrieved from /home/airflow/.local/lib/python3.7/site-packages/airflow/example_dags/example_branch_day_of_week_operator.py
[2022-02-05 19:24:40,396] {logging_mixin.py:109} INFO - [2022-02-05 19:24:40,396] {dag.py:2396} INFO - Sync 1 DAGs
[2022-02-05 19:24:40,411] {logging_mixin.py:109} INFO - [2022-02-05 19:24:40,411] {dag.py:2935} INFO - Setting next_dagrun for example_weekday_branch_operator to 2022-02-04 00:00:00+00:00
[2022-02-05 19:24:40,419] {processor.py:171} INFO - Processing /home/airflow/.local/lib/python3.7/site-packages/airflow/example_dags/example_branch_day_of_week_operator.py took 0.059 seconds
[2022-02-05 19:25:10,450] {processor.py:163} INFO - Started process (PID=513) to work on /home/airflow/.local/lib/python3.7/site-packages/airflow/example_dags/example_branch_day_of_week_operator.py
[2022-02-05 19:25:10,452] {processor.py:642} INFO - Processing file /home/airflow/.local/lib/python3.7/site-packages/airflow/example_dags/example_branch_day_of_week_operator.py for tasks to queue
[2022-02-05 19:25:10,453] {logging_mixin.py:109} INFO - [2022-02-05 19:25:10,453] {dagbag.py:500} INFO - Filling up the DagBag from /home/airflow/.local/lib/python3.7/site-packages/airflow/example_dags/example_branch_day_of_week_operator.py
[2022-02-05 19:25:10,494] {processor.py:654} INFO - DAG(s) dict_keys(['example_weekday_branch_operator']) retrieved from /home/airflow/.local/lib/python3.7/site-packages/airflow/example_dags/example_branch_day_of_week_operator.py
[2022-02-05 19:25:10,508] {logging_mixin.py:109} INFO - [2022-02-05 19:25:10,508] {dag.py:2396} INFO - Sync 1 DAGs
[2022-02-05 19:25:10,544] {logging_mixin.py:109} INFO - [2022-02-05 19:25:10,544] {dag.py:2935} INFO - Setting next_dagrun for example_weekday_branch_operator to 2022-02-04 00:00:00+00:00
[2022-02-05 19:25:10,562] {processor.py:171} INFO - Processing /home/airflow/.local/lib/python3.7/site-packages/airflow/example_dags/example_branch_day_of_week_operator.py took 0.117 seconds
[2022-02-05 19:25:41,996] {processor.py:163} INFO - Started process (PID=567) to work on /home/airflow/.local/lib/python3.7/site-packages/airflow/example_dags/example_branch_day_of_week_operator.py
[2022-02-05 19:25:41,997] {processor.py:642} INFO - Processing file /home/airflow/.local/lib/python3.7/site-packages/airflow/example_dags/example_branch_day_of_week_operator.py for tasks to queue
[2022-02-05 19:25:41,998] {logging_mixin.py:109} INFO - [2022-02-05 19:25:41,998] {dagbag.py:500} INFO - Filling up the DagBag from /home/airflow/.local/lib/python3.7/site-packages/airflow/example_dags/example_branch_day_of_week_operator.py
[2022-02-05 19:25:42,032] {processor.py:654} INFO - DAG(s) dict_keys(['example_weekday_branch_operator']) retrieved from /home/airflow/.local/lib/python3.7/site-packages/airflow/example_dags/example_branch_day_of_week_operator.py
[2022-02-05 19:25:42,045] {logging_mixin.py:109} INFO - [2022-02-05 19:25:42,044] {dag.py:2396} INFO - Sync 1 DAGs
[2022-02-05 19:25:42,066] {logging_mixin.py:109} INFO - [2022-02-05 19:25:42,066] {dag.py:2935} INFO - Setting next_dagrun for example_weekday_branch_operator to 2022-02-04 00:00:00+00:00
[2022-02-05 19:25:42,078] {processor.py:171} INFO - Processing /home/airflow/.local/lib/python3.7/site-packages/airflow/example_dags/example_branch_day_of_week_operator.py took 0.086 seconds
[2022-02-05 19:26:13,349] {processor.py:163} INFO - Started process (PID=629) to work on /home/airflow/.local/lib/python3.7/site-packages/airflow/example_dags/example_branch_day_of_week_operator.py
[2022-02-05 19:26:13,351] {processor.py:642} INFO - Processing file /home/airflow/.local/lib/python3.7/site-packages/airflow/example_dags/example_branch_day_of_week_operator.py for tasks to queue
[2022-02-05 19:26:13,352] {logging_mixin.py:109} INFO - [2022-02-05 19:26:13,352] {dagbag.py:500} INFO - Filling up the DagBag from /home/airflow/.local/lib/python3.7/site-packages/airflow/example_dags/example_branch_day_of_week_operator.py
[2022-02-05 19:26:13,395] {processor.py:654} INFO - DAG(s) dict_keys(['example_weekday_branch_operator']) retrieved from /home/airflow/.local/lib/python3.7/site-packages/airflow/example_dags/example_branch_day_of_week_operator.py
[2022-02-05 19:26:13,411] {logging_mixin.py:109} INFO - [2022-02-05 19:26:13,411] {dag.py:2396} INFO - Sync 1 DAGs
[2022-02-05 19:26:13,446] {logging_mixin.py:109} INFO - [2022-02-05 19:26:13,446] {dag.py:2935} INFO - Setting next_dagrun for example_weekday_branch_operator to 2022-02-04 00:00:00+00:00
[2022-02-05 19:26:13,473] {processor.py:171} INFO - Processing /home/airflow/.local/lib/python3.7/site-packages/airflow/example_dags/example_branch_day_of_week_operator.py took 0.130 seconds
[2022-02-05 19:26:43,923] {processor.py:163} INFO - Started process (PID=684) to work on /home/airflow/.local/lib/python3.7/site-packages/airflow/example_dags/example_branch_day_of_week_operator.py
[2022-02-05 19:26:43,924] {processor.py:642} INFO - Processing file /home/airflow/.local/lib/python3.7/site-packages/airflow/example_dags/example_branch_day_of_week_operator.py for tasks to queue
[2022-02-05 19:26:43,925] {logging_mixin.py:109} INFO - [2022-02-05 19:26:43,924] {dagbag.py:500} INFO - Filling up the DagBag from /home/airflow/.local/lib/python3.7/site-packages/airflow/example_dags/example_branch_day_of_week_operator.py
[2022-02-05 19:26:43,956] {processor.py:654} INFO - DAG(s) dict_keys(['example_weekday_branch_operator']) retrieved from /home/airflow/.local/lib/python3.7/site-packages/airflow/example_dags/example_branch_day_of_week_operator.py
[2022-02-05 19:26:43,967] {logging_mixin.py:109} INFO - [2022-02-05 19:26:43,967] {dag.py:2396} INFO - Sync 1 DAGs
[2022-02-05 19:26:43,986] {logging_mixin.py:109} INFO - [2022-02-05 19:26:43,986] {dag.py:2935} INFO - Setting next_dagrun for example_weekday_branch_operator to 2022-02-04 00:00:00+00:00
[2022-02-05 19:26:43,999] {processor.py:171} INFO - Processing /home/airflow/.local/lib/python3.7/site-packages/airflow/example_dags/example_branch_day_of_week_operator.py took 0.079 seconds
[2022-02-05 19:27:14,151] {processor.py:163} INFO - Started process (PID=736) to work on /home/airflow/.local/lib/python3.7/site-packages/airflow/example_dags/example_branch_day_of_week_operator.py
[2022-02-05 19:27:14,152] {processor.py:642} INFO - Processing file /home/airflow/.local/lib/python3.7/site-packages/airflow/example_dags/example_branch_day_of_week_operator.py for tasks to queue
[2022-02-05 19:27:14,153] {logging_mixin.py:109} INFO - [2022-02-05 19:27:14,153] {dagbag.py:500} INFO - Filling up the DagBag from /home/airflow/.local/lib/python3.7/site-packages/airflow/example_dags/example_branch_day_of_week_operator.py
[2022-02-05 19:27:14,177] {processor.py:654} INFO - DAG(s) dict_keys(['example_weekday_branch_operator']) retrieved from /home/airflow/.local/lib/python3.7/site-packages/airflow/example_dags/example_branch_day_of_week_operator.py
[2022-02-05 19:27:14,185] {logging_mixin.py:109} INFO - [2022-02-05 19:27:14,185] {dag.py:2396} INFO - Sync 1 DAGs
[2022-02-05 19:27:14,200] {logging_mixin.py:109} INFO - [2022-02-05 19:27:14,199] {dag.py:2935} INFO - Setting next_dagrun for example_weekday_branch_operator to 2022-02-04 00:00:00+00:00
[2022-02-05 19:27:14,208] {processor.py:171} INFO - Processing /home/airflow/.local/lib/python3.7/site-packages/airflow/example_dags/example_branch_day_of_week_operator.py took 0.060 seconds
[2022-02-05 19:27:44,521] {processor.py:163} INFO - Started process (PID=798) to work on /home/airflow/.local/lib/python3.7/site-packages/airflow/example_dags/example_branch_day_of_week_operator.py
[2022-02-05 19:27:44,522] {processor.py:642} INFO - Processing file /home/airflow/.local/lib/python3.7/site-packages/airflow/example_dags/example_branch_day_of_week_operator.py for tasks to queue
[2022-02-05 19:27:44,522] {logging_mixin.py:109} INFO - [2022-02-05 19:27:44,522] {dagbag.py:500} INFO - Filling up the DagBag from /home/airflow/.local/lib/python3.7/site-packages/airflow/example_dags/example_branch_day_of_week_operator.py
[2022-02-05 19:27:44,546] {processor.py:654} INFO - DAG(s) dict_keys(['example_weekday_branch_operator']) retrieved from /home/airflow/.local/lib/python3.7/site-packages/airflow/example_dags/example_branch_day_of_week_operator.py
[2022-02-05 19:27:44,554] {logging_mixin.py:109} INFO - [2022-02-05 19:27:44,554] {dag.py:2396} INFO - Sync 1 DAGs
[2022-02-05 19:27:44,568] {logging_mixin.py:109} INFO - [2022-02-05 19:27:44,568] {dag.py:2935} INFO - Setting next_dagrun for example_weekday_branch_operator to 2022-02-04 00:00:00+00:00
[2022-02-05 19:27:44,576] {processor.py:171} INFO - Processing /home/airflow/.local/lib/python3.7/site-packages/airflow/example_dags/example_branch_day_of_week_operator.py took 0.059 seconds
[2022-02-05 19:28:15,220] {processor.py:163} INFO - Started process (PID=852) to work on /home/airflow/.local/lib/python3.7/site-packages/airflow/example_dags/example_branch_day_of_week_operator.py
[2022-02-05 19:28:15,224] {processor.py:642} INFO - Processing file /home/airflow/.local/lib/python3.7/site-packages/airflow/example_dags/example_branch_day_of_week_operator.py for tasks to queue
[2022-02-05 19:28:15,224] {logging_mixin.py:109} INFO - [2022-02-05 19:28:15,224] {dagbag.py:500} INFO - Filling up the DagBag from /home/airflow/.local/lib/python3.7/site-packages/airflow/example_dags/example_branch_day_of_week_operator.py
[2022-02-05 19:28:15,260] {processor.py:654} INFO - DAG(s) dict_keys(['example_weekday_branch_operator']) retrieved from /home/airflow/.local/lib/python3.7/site-packages/airflow/example_dags/example_branch_day_of_week_operator.py
[2022-02-05 19:28:15,271] {logging_mixin.py:109} INFO - [2022-02-05 19:28:15,271] {dag.py:2396} INFO - Sync 1 DAGs
[2022-02-05 19:28:15,292] {logging_mixin.py:109} INFO - [2022-02-05 19:28:15,292] {dag.py:2935} INFO - Setting next_dagrun for example_weekday_branch_operator to 2022-02-04 00:00:00+00:00
[2022-02-05 19:28:15,307] {processor.py:171} INFO - Processing /home/airflow/.local/lib/python3.7/site-packages/airflow/example_dags/example_branch_day_of_week_operator.py took 0.092 seconds
[2022-02-05 19:28:45,887] {processor.py:163} INFO - Started process (PID=915) to work on /home/airflow/.local/lib/python3.7/site-packages/airflow/example_dags/example_branch_day_of_week_operator.py
[2022-02-05 19:28:45,888] {processor.py:642} INFO - Processing file /home/airflow/.local/lib/python3.7/site-packages/airflow/example_dags/example_branch_day_of_week_operator.py for tasks to queue
[2022-02-05 19:28:45,889] {logging_mixin.py:109} INFO - [2022-02-05 19:28:45,889] {dagbag.py:500} INFO - Filling up the DagBag from /home/airflow/.local/lib/python3.7/site-packages/airflow/example_dags/example_branch_day_of_week_operator.py
[2022-02-05 19:28:45,925] {processor.py:654} INFO - DAG(s) dict_keys(['example_weekday_branch_operator']) retrieved from /home/airflow/.local/lib/python3.7/site-packages/airflow/example_dags/example_branch_day_of_week_operator.py
[2022-02-05 19:28:45,939] {logging_mixin.py:109} INFO - [2022-02-05 19:28:45,939] {dag.py:2396} INFO - Sync 1 DAGs
[2022-02-05 19:28:45,961] {logging_mixin.py:109} INFO - [2022-02-05 19:28:45,961] {dag.py:2935} INFO - Setting next_dagrun for example_weekday_branch_operator to 2022-02-04 00:00:00+00:00
[2022-02-05 19:28:45,981] {processor.py:171} INFO - Processing /home/airflow/.local/lib/python3.7/site-packages/airflow/example_dags/example_branch_day_of_week_operator.py took 0.100 seconds
[2022-02-05 19:29:16,596] {processor.py:163} INFO - Started process (PID=968) to work on /home/airflow/.local/lib/python3.7/site-packages/airflow/example_dags/example_branch_day_of_week_operator.py
[2022-02-05 19:29:16,597] {processor.py:642} INFO - Processing file /home/airflow/.local/lib/python3.7/site-packages/airflow/example_dags/example_branch_day_of_week_operator.py for tasks to queue
[2022-02-05 19:29:16,598] {logging_mixin.py:109} INFO - [2022-02-05 19:29:16,598] {dagbag.py:500} INFO - Filling up the DagBag from /home/airflow/.local/lib/python3.7/site-packages/airflow/example_dags/example_branch_day_of_week_operator.py
[2022-02-05 19:29:16,630] {processor.py:654} INFO - DAG(s) dict_keys(['example_weekday_branch_operator']) retrieved from /home/airflow/.local/lib/python3.7/site-packages/airflow/example_dags/example_branch_day_of_week_operator.py
[2022-02-05 19:29:16,642] {logging_mixin.py:109} INFO - [2022-02-05 19:29:16,642] {dag.py:2396} INFO - Sync 1 DAGs
[2022-02-05 19:29:16,664] {logging_mixin.py:109} INFO - [2022-02-05 19:29:16,664] {dag.py:2935} INFO - Setting next_dagrun for example_weekday_branch_operator to 2022-02-04 00:00:00+00:00
[2022-02-05 19:29:16,676] {processor.py:171} INFO - Processing /home/airflow/.local/lib/python3.7/site-packages/airflow/example_dags/example_branch_day_of_week_operator.py took 0.085 seconds
[2022-02-05 19:29:47,720] {processor.py:163} INFO - Started process (PID=1031) to work on /home/airflow/.local/lib/python3.7/site-packages/airflow/example_dags/example_branch_day_of_week_operator.py
[2022-02-05 19:29:47,722] {processor.py:642} INFO - Processing file /home/airflow/.local/lib/python3.7/site-packages/airflow/example_dags/example_branch_day_of_week_operator.py for tasks to queue
[2022-02-05 19:29:47,723] {logging_mixin.py:109} INFO - [2022-02-05 19:29:47,723] {dagbag.py:500} INFO - Filling up the DagBag from /home/airflow/.local/lib/python3.7/site-packages/airflow/example_dags/example_branch_day_of_week_operator.py
[2022-02-05 19:29:47,778] {processor.py:654} INFO - DAG(s) dict_keys(['example_weekday_branch_operator']) retrieved from /home/airflow/.local/lib/python3.7/site-packages/airflow/example_dags/example_branch_day_of_week_operator.py
[2022-02-05 19:29:47,798] {logging_mixin.py:109} INFO - [2022-02-05 19:29:47,797] {dag.py:2396} INFO - Sync 1 DAGs
[2022-02-05 19:29:47,826] {logging_mixin.py:109} INFO - [2022-02-05 19:29:47,826] {dag.py:2935} INFO - Setting next_dagrun for example_weekday_branch_operator to 2022-02-04 00:00:00+00:00
[2022-02-05 19:29:47,844] {processor.py:171} INFO - Processing /home/airflow/.local/lib/python3.7/site-packages/airflow/example_dags/example_branch_day_of_week_operator.py took 0.130 seconds
[2022-02-05 19:30:18,377] {processor.py:163} INFO - Started process (PID=1083) to work on /home/airflow/.local/lib/python3.7/site-packages/airflow/example_dags/example_branch_day_of_week_operator.py
[2022-02-05 19:30:18,380] {processor.py:642} INFO - Processing file /home/airflow/.local/lib/python3.7/site-packages/airflow/example_dags/example_branch_day_of_week_operator.py for tasks to queue
[2022-02-05 19:30:18,381] {logging_mixin.py:109} INFO - [2022-02-05 19:30:18,381] {dagbag.py:500} INFO - Filling up the DagBag from /home/airflow/.local/lib/python3.7/site-packages/airflow/example_dags/example_branch_day_of_week_operator.py
[2022-02-05 19:30:18,431] {processor.py:654} INFO - DAG(s) dict_keys(['example_weekday_branch_operator']) retrieved from /home/airflow/.local/lib/python3.7/site-packages/airflow/example_dags/example_branch_day_of_week_operator.py
[2022-02-05 19:30:18,449] {logging_mixin.py:109} INFO - [2022-02-05 19:30:18,449] {dag.py:2396} INFO - Sync 1 DAGs
[2022-02-05 19:30:18,479] {logging_mixin.py:109} INFO - [2022-02-05 19:30:18,479] {dag.py:2935} INFO - Setting next_dagrun for example_weekday_branch_operator to 2022-02-04 00:00:00+00:00
[2022-02-05 19:30:18,495] {processor.py:171} INFO - Processing /home/airflow/.local/lib/python3.7/site-packages/airflow/example_dags/example_branch_day_of_week_operator.py took 0.127 seconds
[2022-02-05 19:30:49,358] {processor.py:163} INFO - Started process (PID=1146) to work on /home/airflow/.local/lib/python3.7/site-packages/airflow/example_dags/example_branch_day_of_week_operator.py
[2022-02-05 19:30:49,360] {processor.py:642} INFO - Processing file /home/airflow/.local/lib/python3.7/site-packages/airflow/example_dags/example_branch_day_of_week_operator.py for tasks to queue
[2022-02-05 19:30:49,361] {logging_mixin.py:109} INFO - [2022-02-05 19:30:49,360] {dagbag.py:500} INFO - Filling up the DagBag from /home/airflow/.local/lib/python3.7/site-packages/airflow/example_dags/example_branch_day_of_week_operator.py
[2022-02-05 19:30:49,397] {processor.py:654} INFO - DAG(s) dict_keys(['example_weekday_branch_operator']) retrieved from /home/airflow/.local/lib/python3.7/site-packages/airflow/example_dags/example_branch_day_of_week_operator.py
[2022-02-05 19:30:49,410] {logging_mixin.py:109} INFO - [2022-02-05 19:30:49,410] {dag.py:2396} INFO - Sync 1 DAGs
[2022-02-05 19:30:49,437] {logging_mixin.py:109} INFO - [2022-02-05 19:30:49,437] {dag.py:2935} INFO - Setting next_dagrun for example_weekday_branch_operator to 2022-02-04 00:00:00+00:00
[2022-02-05 19:30:49,450] {processor.py:171} INFO - Processing /home/airflow/.local/lib/python3.7/site-packages/airflow/example_dags/example_branch_day_of_week_operator.py took 0.097 seconds
[2022-02-05 19:31:19,637] {processor.py:163} INFO - Started process (PID=1199) to work on /home/airflow/.local/lib/python3.7/site-packages/airflow/example_dags/example_branch_day_of_week_operator.py
[2022-02-05 19:31:19,639] {processor.py:642} INFO - Processing file /home/airflow/.local/lib/python3.7/site-packages/airflow/example_dags/example_branch_day_of_week_operator.py for tasks to queue
[2022-02-05 19:31:19,640] {logging_mixin.py:109} INFO - [2022-02-05 19:31:19,640] {dagbag.py:500} INFO - Filling up the DagBag from /home/airflow/.local/lib/python3.7/site-packages/airflow/example_dags/example_branch_day_of_week_operator.py
[2022-02-05 19:31:19,689] {processor.py:654} INFO - DAG(s) dict_keys(['example_weekday_branch_operator']) retrieved from /home/airflow/.local/lib/python3.7/site-packages/airflow/example_dags/example_branch_day_of_week_operator.py
[2022-02-05 19:31:19,702] {logging_mixin.py:109} INFO - [2022-02-05 19:31:19,702] {dag.py:2396} INFO - Sync 1 DAGs
[2022-02-05 19:31:19,734] {logging_mixin.py:109} INFO - [2022-02-05 19:31:19,734] {dag.py:2935} INFO - Setting next_dagrun for example_weekday_branch_operator to 2022-02-04 00:00:00+00:00
[2022-02-05 19:31:19,764] {processor.py:171} INFO - Processing /home/airflow/.local/lib/python3.7/site-packages/airflow/example_dags/example_branch_day_of_week_operator.py took 0.132 seconds
[2022-02-05 19:31:49,986] {processor.py:163} INFO - Started process (PID=1262) to work on /home/airflow/.local/lib/python3.7/site-packages/airflow/example_dags/example_branch_day_of_week_operator.py
[2022-02-05 19:31:49,988] {processor.py:642} INFO - Processing file /home/airflow/.local/lib/python3.7/site-packages/airflow/example_dags/example_branch_day_of_week_operator.py for tasks to queue
[2022-02-05 19:31:49,989] {logging_mixin.py:109} INFO - [2022-02-05 19:31:49,989] {dagbag.py:500} INFO - Filling up the DagBag from /home/airflow/.local/lib/python3.7/site-packages/airflow/example_dags/example_branch_day_of_week_operator.py
[2022-02-05 19:31:50,037] {processor.py:654} INFO - DAG(s) dict_keys(['example_weekday_branch_operator']) retrieved from /home/airflow/.local/lib/python3.7/site-packages/airflow/example_dags/example_branch_day_of_week_operator.py
[2022-02-05 19:31:50,054] {logging_mixin.py:109} INFO - [2022-02-05 19:31:50,054] {dag.py:2396} INFO - Sync 1 DAGs
[2022-02-05 19:31:50,086] {logging_mixin.py:109} INFO - [2022-02-05 19:31:50,086] {dag.py:2935} INFO - Setting next_dagrun for example_weekday_branch_operator to 2022-02-04 00:00:00+00:00
[2022-02-05 19:31:50,102] {processor.py:171} INFO - Processing /home/airflow/.local/lib/python3.7/site-packages/airflow/example_dags/example_branch_day_of_week_operator.py took 0.124 seconds
[2022-02-05 19:32:20,610] {processor.py:163} INFO - Started process (PID=1320) to work on /home/airflow/.local/lib/python3.7/site-packages/airflow/example_dags/example_branch_day_of_week_operator.py
[2022-02-05 19:32:20,611] {processor.py:642} INFO - Processing file /home/airflow/.local/lib/python3.7/site-packages/airflow/example_dags/example_branch_day_of_week_operator.py for tasks to queue
[2022-02-05 19:32:20,612] {logging_mixin.py:109} INFO - [2022-02-05 19:32:20,612] {dagbag.py:500} INFO - Filling up the DagBag from /home/airflow/.local/lib/python3.7/site-packages/airflow/example_dags/example_branch_day_of_week_operator.py
[2022-02-05 19:32:20,636] {processor.py:654} INFO - DAG(s) dict_keys(['example_weekday_branch_operator']) retrieved from /home/airflow/.local/lib/python3.7/site-packages/airflow/example_dags/example_branch_day_of_week_operator.py
[2022-02-05 19:32:20,645] {logging_mixin.py:109} INFO - [2022-02-05 19:32:20,645] {dag.py:2396} INFO - Sync 1 DAGs
[2022-02-05 19:32:20,661] {logging_mixin.py:109} INFO - [2022-02-05 19:32:20,661] {dag.py:2935} INFO - Setting next_dagrun for example_weekday_branch_operator to 2022-02-04 00:00:00+00:00
[2022-02-05 19:32:20,670] {processor.py:171} INFO - Processing /home/airflow/.local/lib/python3.7/site-packages/airflow/example_dags/example_branch_day_of_week_operator.py took 0.063 seconds
[2022-02-05 19:32:51,313] {processor.py:163} INFO - Started process (PID=1372) to work on /home/airflow/.local/lib/python3.7/site-packages/airflow/example_dags/example_branch_day_of_week_operator.py
[2022-02-05 19:32:51,314] {processor.py:642} INFO - Processing file /home/airflow/.local/lib/python3.7/site-packages/airflow/example_dags/example_branch_day_of_week_operator.py for tasks to queue
[2022-02-05 19:32:51,315] {logging_mixin.py:109} INFO - [2022-02-05 19:32:51,315] {dagbag.py:500} INFO - Filling up the DagBag from /home/airflow/.local/lib/python3.7/site-packages/airflow/example_dags/example_branch_day_of_week_operator.py
[2022-02-05 19:32:51,339] {processor.py:654} INFO - DAG(s) dict_keys(['example_weekday_branch_operator']) retrieved from /home/airflow/.local/lib/python3.7/site-packages/airflow/example_dags/example_branch_day_of_week_operator.py
[2022-02-05 19:32:51,347] {logging_mixin.py:109} INFO - [2022-02-05 19:32:51,347] {dag.py:2396} INFO - Sync 1 DAGs
[2022-02-05 19:32:51,363] {logging_mixin.py:109} INFO - [2022-02-05 19:32:51,363] {dag.py:2935} INFO - Setting next_dagrun for example_weekday_branch_operator to 2022-02-04 00:00:00+00:00
[2022-02-05 19:32:51,382] {processor.py:171} INFO - Processing /home/airflow/.local/lib/python3.7/site-packages/airflow/example_dags/example_branch_day_of_week_operator.py took 0.072 seconds
[2022-02-05 19:33:21,612] {processor.py:163} INFO - Started process (PID=1433) to work on /home/airflow/.local/lib/python3.7/site-packages/airflow/example_dags/example_branch_day_of_week_operator.py
[2022-02-05 19:33:21,614] {processor.py:642} INFO - Processing file /home/airflow/.local/lib/python3.7/site-packages/airflow/example_dags/example_branch_day_of_week_operator.py for tasks to queue
[2022-02-05 19:33:21,614] {logging_mixin.py:109} INFO - [2022-02-05 19:33:21,614] {dagbag.py:500} INFO - Filling up the DagBag from /home/airflow/.local/lib/python3.7/site-packages/airflow/example_dags/example_branch_day_of_week_operator.py
[2022-02-05 19:33:21,636] {processor.py:654} INFO - DAG(s) dict_keys(['example_weekday_branch_operator']) retrieved from /home/airflow/.local/lib/python3.7/site-packages/airflow/example_dags/example_branch_day_of_week_operator.py
[2022-02-05 19:33:21,644] {logging_mixin.py:109} INFO - [2022-02-05 19:33:21,644] {dag.py:2396} INFO - Sync 1 DAGs
[2022-02-05 19:33:21,656] {logging_mixin.py:109} INFO - [2022-02-05 19:33:21,656] {dag.py:2935} INFO - Setting next_dagrun for example_weekday_branch_operator to 2022-02-04 00:00:00+00:00
[2022-02-05 19:33:21,665] {processor.py:171} INFO - Processing /home/airflow/.local/lib/python3.7/site-packages/airflow/example_dags/example_branch_day_of_week_operator.py took 0.055 seconds
[2022-02-05 19:33:51,943] {processor.py:163} INFO - Started process (PID=1497) to work on /home/airflow/.local/lib/python3.7/site-packages/airflow/example_dags/example_branch_day_of_week_operator.py
[2022-02-05 19:33:51,944] {processor.py:642} INFO - Processing file /home/airflow/.local/lib/python3.7/site-packages/airflow/example_dags/example_branch_day_of_week_operator.py for tasks to queue
[2022-02-05 19:33:51,944] {logging_mixin.py:109} INFO - [2022-02-05 19:33:51,944] {dagbag.py:500} INFO - Filling up the DagBag from /home/airflow/.local/lib/python3.7/site-packages/airflow/example_dags/example_branch_day_of_week_operator.py
[2022-02-05 19:33:51,976] {processor.py:654} INFO - DAG(s) dict_keys(['example_weekday_branch_operator']) retrieved from /home/airflow/.local/lib/python3.7/site-packages/airflow/example_dags/example_branch_day_of_week_operator.py
[2022-02-05 19:33:51,985] {logging_mixin.py:109} INFO - [2022-02-05 19:33:51,985] {dag.py:2396} INFO - Sync 1 DAGs
[2022-02-05 19:33:52,004] {logging_mixin.py:109} INFO - [2022-02-05 19:33:52,004] {dag.py:2935} INFO - Setting next_dagrun for example_weekday_branch_operator to 2022-02-04 00:00:00+00:00
[2022-02-05 19:33:52,013] {processor.py:171} INFO - Processing /home/airflow/.local/lib/python3.7/site-packages/airflow/example_dags/example_branch_day_of_week_operator.py took 0.073 seconds
[2022-02-05 19:34:23,164] {processor.py:163} INFO - Started process (PID=1550) to work on /home/airflow/.local/lib/python3.7/site-packages/airflow/example_dags/example_branch_day_of_week_operator.py
[2022-02-05 19:34:23,165] {processor.py:642} INFO - Processing file /home/airflow/.local/lib/python3.7/site-packages/airflow/example_dags/example_branch_day_of_week_operator.py for tasks to queue
[2022-02-05 19:34:23,165] {logging_mixin.py:109} INFO - [2022-02-05 19:34:23,165] {dagbag.py:500} INFO - Filling up the DagBag from /home/airflow/.local/lib/python3.7/site-packages/airflow/example_dags/example_branch_day_of_week_operator.py
[2022-02-05 19:34:23,187] {processor.py:654} INFO - DAG(s) dict_keys(['example_weekday_branch_operator']) retrieved from /home/airflow/.local/lib/python3.7/site-packages/airflow/example_dags/example_branch_day_of_week_operator.py
[2022-02-05 19:34:23,195] {logging_mixin.py:109} INFO - [2022-02-05 19:34:23,195] {dag.py:2396} INFO - Sync 1 DAGs
[2022-02-05 19:34:23,208] {logging_mixin.py:109} INFO - [2022-02-05 19:34:23,208] {dag.py:2935} INFO - Setting next_dagrun for example_weekday_branch_operator to 2022-02-04 00:00:00+00:00
[2022-02-05 19:34:23,216] {processor.py:171} INFO - Processing /home/airflow/.local/lib/python3.7/site-packages/airflow/example_dags/example_branch_day_of_week_operator.py took 0.056 seconds
[2022-02-05 19:34:54,023] {processor.py:163} INFO - Started process (PID=1611) to work on /home/airflow/.local/lib/python3.7/site-packages/airflow/example_dags/example_branch_day_of_week_operator.py
[2022-02-05 19:34:54,033] {processor.py:642} INFO - Processing file /home/airflow/.local/lib/python3.7/site-packages/airflow/example_dags/example_branch_day_of_week_operator.py for tasks to queue
[2022-02-05 19:34:54,034] {logging_mixin.py:109} INFO - [2022-02-05 19:34:54,034] {dagbag.py:500} INFO - Filling up the DagBag from /home/airflow/.local/lib/python3.7/site-packages/airflow/example_dags/example_branch_day_of_week_operator.py
[2022-02-05 19:34:54,058] {processor.py:654} INFO - DAG(s) dict_keys(['example_weekday_branch_operator']) retrieved from /home/airflow/.local/lib/python3.7/site-packages/airflow/example_dags/example_branch_day_of_week_operator.py
[2022-02-05 19:34:54,067] {logging_mixin.py:109} INFO - [2022-02-05 19:34:54,067] {dag.py:2396} INFO - Sync 1 DAGs
[2022-02-05 19:34:54,082] {logging_mixin.py:109} INFO - [2022-02-05 19:34:54,082] {dag.py:2935} INFO - Setting next_dagrun for example_weekday_branch_operator to 2022-02-04 00:00:00+00:00
[2022-02-05 19:34:54,092] {processor.py:171} INFO - Processing /home/airflow/.local/lib/python3.7/site-packages/airflow/example_dags/example_branch_day_of_week_operator.py took 0.072 seconds
[2022-02-05 19:35:24,342] {processor.py:163} INFO - Started process (PID=1663) to work on /home/airflow/.local/lib/python3.7/site-packages/airflow/example_dags/example_branch_day_of_week_operator.py
[2022-02-05 19:35:24,343] {processor.py:642} INFO - Processing file /home/airflow/.local/lib/python3.7/site-packages/airflow/example_dags/example_branch_day_of_week_operator.py for tasks to queue
[2022-02-05 19:35:24,344] {logging_mixin.py:109} INFO - [2022-02-05 19:35:24,344] {dagbag.py:500} INFO - Filling up the DagBag from /home/airflow/.local/lib/python3.7/site-packages/airflow/example_dags/example_branch_day_of_week_operator.py
[2022-02-05 19:35:24,367] {processor.py:654} INFO - DAG(s) dict_keys(['example_weekday_branch_operator']) retrieved from /home/airflow/.local/lib/python3.7/site-packages/airflow/example_dags/example_branch_day_of_week_operator.py
[2022-02-05 19:35:24,374] {logging_mixin.py:109} INFO - [2022-02-05 19:35:24,374] {dag.py:2396} INFO - Sync 1 DAGs
[2022-02-05 19:35:24,388] {logging_mixin.py:109} INFO - [2022-02-05 19:35:24,388] {dag.py:2935} INFO - Setting next_dagrun for example_weekday_branch_operator to 2022-02-04 00:00:00+00:00
[2022-02-05 19:35:24,395] {processor.py:171} INFO - Processing /home/airflow/.local/lib/python3.7/site-packages/airflow/example_dags/example_branch_day_of_week_operator.py took 0.056 seconds
[2022-02-05 19:35:55,779] {processor.py:163} INFO - Started process (PID=1725) to work on /home/airflow/.local/lib/python3.7/site-packages/airflow/example_dags/example_branch_day_of_week_operator.py
[2022-02-05 19:35:55,781] {processor.py:642} INFO - Processing file /home/airflow/.local/lib/python3.7/site-packages/airflow/example_dags/example_branch_day_of_week_operator.py for tasks to queue
[2022-02-05 19:35:55,782] {logging_mixin.py:109} INFO - [2022-02-05 19:35:55,782] {dagbag.py:500} INFO - Filling up the DagBag from /home/airflow/.local/lib/python3.7/site-packages/airflow/example_dags/example_branch_day_of_week_operator.py
[2022-02-05 19:35:55,827] {processor.py:654} INFO - DAG(s) dict_keys(['example_weekday_branch_operator']) retrieved from /home/airflow/.local/lib/python3.7/site-packages/airflow/example_dags/example_branch_day_of_week_operator.py
[2022-02-05 19:35:55,847] {logging_mixin.py:109} INFO - [2022-02-05 19:35:55,847] {dag.py:2396} INFO - Sync 1 DAGs
[2022-02-05 19:35:55,880] {logging_mixin.py:109} INFO - [2022-02-05 19:35:55,879] {dag.py:2935} INFO - Setting next_dagrun for example_weekday_branch_operator to 2022-02-04 00:00:00+00:00
[2022-02-05 19:35:55,898] {processor.py:171} INFO - Processing /home/airflow/.local/lib/python3.7/site-packages/airflow/example_dags/example_branch_day_of_week_operator.py took 0.124 seconds
[2022-02-05 19:36:26,635] {processor.py:163} INFO - Started process (PID=1787) to work on /home/airflow/.local/lib/python3.7/site-packages/airflow/example_dags/example_branch_day_of_week_operator.py
[2022-02-05 19:36:26,637] {processor.py:642} INFO - Processing file /home/airflow/.local/lib/python3.7/site-packages/airflow/example_dags/example_branch_day_of_week_operator.py for tasks to queue
[2022-02-05 19:36:26,638] {logging_mixin.py:109} INFO - [2022-02-05 19:36:26,638] {dagbag.py:500} INFO - Filling up the DagBag from /home/airflow/.local/lib/python3.7/site-packages/airflow/example_dags/example_branch_day_of_week_operator.py
[2022-02-05 19:36:26,681] {processor.py:654} INFO - DAG(s) dict_keys(['example_weekday_branch_operator']) retrieved from /home/airflow/.local/lib/python3.7/site-packages/airflow/example_dags/example_branch_day_of_week_operator.py
[2022-02-05 19:36:26,696] {logging_mixin.py:109} INFO - [2022-02-05 19:36:26,696] {dag.py:2396} INFO - Sync 1 DAGs
[2022-02-05 19:36:26,726] {logging_mixin.py:109} INFO - [2022-02-05 19:36:26,726] {dag.py:2935} INFO - Setting next_dagrun for example_weekday_branch_operator to 2022-02-04 00:00:00+00:00
[2022-02-05 19:36:26,741] {processor.py:171} INFO - Processing /home/airflow/.local/lib/python3.7/site-packages/airflow/example_dags/example_branch_day_of_week_operator.py took 0.111 seconds
[2022-02-05 19:36:57,750] {processor.py:163} INFO - Started process (PID=1838) to work on /home/airflow/.local/lib/python3.7/site-packages/airflow/example_dags/example_branch_day_of_week_operator.py
[2022-02-05 19:36:57,751] {processor.py:642} INFO - Processing file /home/airflow/.local/lib/python3.7/site-packages/airflow/example_dags/example_branch_day_of_week_operator.py for tasks to queue
[2022-02-05 19:36:57,752] {logging_mixin.py:109} INFO - [2022-02-05 19:36:57,752] {dagbag.py:500} INFO - Filling up the DagBag from /home/airflow/.local/lib/python3.7/site-packages/airflow/example_dags/example_branch_day_of_week_operator.py
[2022-02-05 19:36:57,775] {processor.py:654} INFO - DAG(s) dict_keys(['example_weekday_branch_operator']) retrieved from /home/airflow/.local/lib/python3.7/site-packages/airflow/example_dags/example_branch_day_of_week_operator.py
[2022-02-05 19:36:57,784] {logging_mixin.py:109} INFO - [2022-02-05 19:36:57,784] {dag.py:2396} INFO - Sync 1 DAGs
[2022-02-05 19:36:57,798] {logging_mixin.py:109} INFO - [2022-02-05 19:36:57,798] {dag.py:2935} INFO - Setting next_dagrun for example_weekday_branch_operator to 2022-02-04 00:00:00+00:00
[2022-02-05 19:36:57,806] {processor.py:171} INFO - Processing /home/airflow/.local/lib/python3.7/site-packages/airflow/example_dags/example_branch_day_of_week_operator.py took 0.058 seconds
[2022-02-05 19:37:28,152] {processor.py:163} INFO - Started process (PID=1901) to work on /home/airflow/.local/lib/python3.7/site-packages/airflow/example_dags/example_branch_day_of_week_operator.py
[2022-02-05 19:37:28,153] {processor.py:642} INFO - Processing file /home/airflow/.local/lib/python3.7/site-packages/airflow/example_dags/example_branch_day_of_week_operator.py for tasks to queue
[2022-02-05 19:37:28,154] {logging_mixin.py:109} INFO - [2022-02-05 19:37:28,153] {dagbag.py:500} INFO - Filling up the DagBag from /home/airflow/.local/lib/python3.7/site-packages/airflow/example_dags/example_branch_day_of_week_operator.py
[2022-02-05 19:37:28,176] {processor.py:654} INFO - DAG(s) dict_keys(['example_weekday_branch_operator']) retrieved from /home/airflow/.local/lib/python3.7/site-packages/airflow/example_dags/example_branch_day_of_week_operator.py
[2022-02-05 19:37:28,184] {logging_mixin.py:109} INFO - [2022-02-05 19:37:28,184] {dag.py:2396} INFO - Sync 1 DAGs
[2022-02-05 19:37:28,198] {logging_mixin.py:109} INFO - [2022-02-05 19:37:28,198] {dag.py:2935} INFO - Setting next_dagrun for example_weekday_branch_operator to 2022-02-04 00:00:00+00:00
[2022-02-05 19:37:28,231] {processor.py:171} INFO - Processing /home/airflow/.local/lib/python3.7/site-packages/airflow/example_dags/example_branch_day_of_week_operator.py took 0.082 seconds
[2022-02-05 19:37:58,988] {processor.py:163} INFO - Started process (PID=1954) to work on /home/airflow/.local/lib/python3.7/site-packages/airflow/example_dags/example_branch_day_of_week_operator.py
[2022-02-05 19:37:58,990] {processor.py:642} INFO - Processing file /home/airflow/.local/lib/python3.7/site-packages/airflow/example_dags/example_branch_day_of_week_operator.py for tasks to queue
[2022-02-05 19:37:58,991] {logging_mixin.py:109} INFO - [2022-02-05 19:37:58,991] {dagbag.py:500} INFO - Filling up the DagBag from /home/airflow/.local/lib/python3.7/site-packages/airflow/example_dags/example_branch_day_of_week_operator.py
[2022-02-05 19:37:59,029] {processor.py:654} INFO - DAG(s) dict_keys(['example_weekday_branch_operator']) retrieved from /home/airflow/.local/lib/python3.7/site-packages/airflow/example_dags/example_branch_day_of_week_operator.py
[2022-02-05 19:37:59,043] {logging_mixin.py:109} INFO - [2022-02-05 19:37:59,042] {dag.py:2396} INFO - Sync 1 DAGs
[2022-02-05 19:37:59,066] {logging_mixin.py:109} INFO - [2022-02-05 19:37:59,066] {dag.py:2935} INFO - Setting next_dagrun for example_weekday_branch_operator to 2022-02-04 00:00:00+00:00
[2022-02-05 19:37:59,079] {processor.py:171} INFO - Processing /home/airflow/.local/lib/python3.7/site-packages/airflow/example_dags/example_branch_day_of_week_operator.py took 0.096 seconds
[2022-02-05 19:38:29,524] {processor.py:163} INFO - Started process (PID=2017) to work on /home/airflow/.local/lib/python3.7/site-packages/airflow/example_dags/example_branch_day_of_week_operator.py
[2022-02-05 19:38:29,526] {processor.py:642} INFO - Processing file /home/airflow/.local/lib/python3.7/site-packages/airflow/example_dags/example_branch_day_of_week_operator.py for tasks to queue
[2022-02-05 19:38:29,526] {logging_mixin.py:109} INFO - [2022-02-05 19:38:29,526] {dagbag.py:500} INFO - Filling up the DagBag from /home/airflow/.local/lib/python3.7/site-packages/airflow/example_dags/example_branch_day_of_week_operator.py
[2022-02-05 19:38:29,558] {processor.py:654} INFO - DAG(s) dict_keys(['example_weekday_branch_operator']) retrieved from /home/airflow/.local/lib/python3.7/site-packages/airflow/example_dags/example_branch_day_of_week_operator.py
[2022-02-05 19:38:29,570] {logging_mixin.py:109} INFO - [2022-02-05 19:38:29,570] {dag.py:2396} INFO - Sync 1 DAGs
[2022-02-05 19:38:29,591] {logging_mixin.py:109} INFO - [2022-02-05 19:38:29,591] {dag.py:2935} INFO - Setting next_dagrun for example_weekday_branch_operator to 2022-02-04 00:00:00+00:00
[2022-02-05 19:38:29,602] {processor.py:171} INFO - Processing /home/airflow/.local/lib/python3.7/site-packages/airflow/example_dags/example_branch_day_of_week_operator.py took 0.081 seconds
[2022-02-05 19:38:59,979] {processor.py:163} INFO - Started process (PID=2071) to work on /home/airflow/.local/lib/python3.7/site-packages/airflow/example_dags/example_branch_day_of_week_operator.py
[2022-02-05 19:38:59,981] {processor.py:642} INFO - Processing file /home/airflow/.local/lib/python3.7/site-packages/airflow/example_dags/example_branch_day_of_week_operator.py for tasks to queue
[2022-02-05 19:38:59,982] {logging_mixin.py:109} INFO - [2022-02-05 19:38:59,982] {dagbag.py:500} INFO - Filling up the DagBag from /home/airflow/.local/lib/python3.7/site-packages/airflow/example_dags/example_branch_day_of_week_operator.py
[2022-02-05 19:39:00,015] {processor.py:654} INFO - DAG(s) dict_keys(['example_weekday_branch_operator']) retrieved from /home/airflow/.local/lib/python3.7/site-packages/airflow/example_dags/example_branch_day_of_week_operator.py
[2022-02-05 19:39:00,026] {logging_mixin.py:109} INFO - [2022-02-05 19:39:00,026] {dag.py:2396} INFO - Sync 1 DAGs
[2022-02-05 19:39:00,047] {logging_mixin.py:109} INFO - [2022-02-05 19:39:00,047] {dag.py:2935} INFO - Setting next_dagrun for example_weekday_branch_operator to 2022-02-04 00:00:00+00:00
[2022-02-05 19:39:00,056] {processor.py:171} INFO - Processing /home/airflow/.local/lib/python3.7/site-packages/airflow/example_dags/example_branch_day_of_week_operator.py took 0.080 seconds
[2022-02-05 19:39:30,988] {processor.py:163} INFO - Started process (PID=2137) to work on /home/airflow/.local/lib/python3.7/site-packages/airflow/example_dags/example_branch_day_of_week_operator.py
[2022-02-05 19:39:30,989] {processor.py:642} INFO - Processing file /home/airflow/.local/lib/python3.7/site-packages/airflow/example_dags/example_branch_day_of_week_operator.py for tasks to queue
[2022-02-05 19:39:30,990] {logging_mixin.py:109} INFO - [2022-02-05 19:39:30,990] {dagbag.py:500} INFO - Filling up the DagBag from /home/airflow/.local/lib/python3.7/site-packages/airflow/example_dags/example_branch_day_of_week_operator.py
[2022-02-05 19:39:31,023] {processor.py:654} INFO - DAG(s) dict_keys(['example_weekday_branch_operator']) retrieved from /home/airflow/.local/lib/python3.7/site-packages/airflow/example_dags/example_branch_day_of_week_operator.py
[2022-02-05 19:39:31,034] {logging_mixin.py:109} INFO - [2022-02-05 19:39:31,034] {dag.py:2396} INFO - Sync 1 DAGs
[2022-02-05 19:39:31,056] {logging_mixin.py:109} INFO - [2022-02-05 19:39:31,056] {dag.py:2935} INFO - Setting next_dagrun for example_weekday_branch_operator to 2022-02-04 00:00:00+00:00
[2022-02-05 19:39:31,069] {processor.py:171} INFO - Processing /home/airflow/.local/lib/python3.7/site-packages/airflow/example_dags/example_branch_day_of_week_operator.py took 0.085 seconds
[2022-02-05 19:40:01,550] {processor.py:163} INFO - Started process (PID=2191) to work on /home/airflow/.local/lib/python3.7/site-packages/airflow/example_dags/example_branch_day_of_week_operator.py
[2022-02-05 19:40:01,552] {processor.py:642} INFO - Processing file /home/airflow/.local/lib/python3.7/site-packages/airflow/example_dags/example_branch_day_of_week_operator.py for tasks to queue
[2022-02-05 19:40:01,553] {logging_mixin.py:109} INFO - [2022-02-05 19:40:01,553] {dagbag.py:500} INFO - Filling up the DagBag from /home/airflow/.local/lib/python3.7/site-packages/airflow/example_dags/example_branch_day_of_week_operator.py
[2022-02-05 19:40:01,587] {processor.py:654} INFO - DAG(s) dict_keys(['example_weekday_branch_operator']) retrieved from /home/airflow/.local/lib/python3.7/site-packages/airflow/example_dags/example_branch_day_of_week_operator.py
[2022-02-05 19:40:01,599] {logging_mixin.py:109} INFO - [2022-02-05 19:40:01,599] {dag.py:2396} INFO - Sync 1 DAGs
[2022-02-05 19:40:01,621] {logging_mixin.py:109} INFO - [2022-02-05 19:40:01,621] {dag.py:2935} INFO - Setting next_dagrun for example_weekday_branch_operator to 2022-02-04 00:00:00+00:00
[2022-02-05 19:40:01,726] {processor.py:171} INFO - Processing /home/airflow/.local/lib/python3.7/site-packages/airflow/example_dags/example_branch_day_of_week_operator.py took 0.180 seconds
[2022-02-05 19:40:32,463] {processor.py:163} INFO - Started process (PID=2248) to work on /home/airflow/.local/lib/python3.7/site-packages/airflow/example_dags/example_branch_day_of_week_operator.py
[2022-02-05 19:40:32,465] {processor.py:642} INFO - Processing file /home/airflow/.local/lib/python3.7/site-packages/airflow/example_dags/example_branch_day_of_week_operator.py for tasks to queue
[2022-02-05 19:40:32,466] {logging_mixin.py:109} INFO - [2022-02-05 19:40:32,466] {dagbag.py:500} INFO - Filling up the DagBag from /home/airflow/.local/lib/python3.7/site-packages/airflow/example_dags/example_branch_day_of_week_operator.py
[2022-02-05 19:40:32,507] {processor.py:654} INFO - DAG(s) dict_keys(['example_weekday_branch_operator']) retrieved from /home/airflow/.local/lib/python3.7/site-packages/airflow/example_dags/example_branch_day_of_week_operator.py
[2022-02-05 19:40:32,518] {logging_mixin.py:109} INFO - [2022-02-05 19:40:32,518] {dag.py:2396} INFO - Sync 1 DAGs
[2022-02-05 19:40:32,632] {logging_mixin.py:109} INFO - [2022-02-05 19:40:32,632] {dag.py:2935} INFO - Setting next_dagrun for example_weekday_branch_operator to 2022-02-04 00:00:00+00:00
[2022-02-05 19:40:32,647] {processor.py:171} INFO - Processing /home/airflow/.local/lib/python3.7/site-packages/airflow/example_dags/example_branch_day_of_week_operator.py took 0.189 seconds
[2022-02-05 19:41:03,114] {processor.py:163} INFO - Started process (PID=2311) to work on /home/airflow/.local/lib/python3.7/site-packages/airflow/example_dags/example_branch_day_of_week_operator.py
[2022-02-05 19:41:03,115] {processor.py:642} INFO - Processing file /home/airflow/.local/lib/python3.7/site-packages/airflow/example_dags/example_branch_day_of_week_operator.py for tasks to queue
[2022-02-05 19:41:03,116] {logging_mixin.py:109} INFO - [2022-02-05 19:41:03,116] {dagbag.py:500} INFO - Filling up the DagBag from /home/airflow/.local/lib/python3.7/site-packages/airflow/example_dags/example_branch_day_of_week_operator.py
[2022-02-05 19:41:03,144] {processor.py:654} INFO - DAG(s) dict_keys(['example_weekday_branch_operator']) retrieved from /home/airflow/.local/lib/python3.7/site-packages/airflow/example_dags/example_branch_day_of_week_operator.py
[2022-02-05 19:41:03,152] {logging_mixin.py:109} INFO - [2022-02-05 19:41:03,152] {dag.py:2396} INFO - Sync 1 DAGs
[2022-02-05 19:41:03,243] {logging_mixin.py:109} INFO - [2022-02-05 19:41:03,243] {dag.py:2935} INFO - Setting next_dagrun for example_weekday_branch_operator to 2022-02-04 00:00:00+00:00
[2022-02-05 19:41:03,255] {processor.py:171} INFO - Processing /home/airflow/.local/lib/python3.7/site-packages/airflow/example_dags/example_branch_day_of_week_operator.py took 0.143 seconds
[2022-02-05 19:41:34,082] {processor.py:163} INFO - Started process (PID=2364) to work on /home/airflow/.local/lib/python3.7/site-packages/airflow/example_dags/example_branch_day_of_week_operator.py
[2022-02-05 19:41:34,085] {processor.py:642} INFO - Processing file /home/airflow/.local/lib/python3.7/site-packages/airflow/example_dags/example_branch_day_of_week_operator.py for tasks to queue
[2022-02-05 19:41:34,086] {logging_mixin.py:109} INFO - [2022-02-05 19:41:34,086] {dagbag.py:500} INFO - Filling up the DagBag from /home/airflow/.local/lib/python3.7/site-packages/airflow/example_dags/example_branch_day_of_week_operator.py
[2022-02-05 19:41:34,132] {processor.py:654} INFO - DAG(s) dict_keys(['example_weekday_branch_operator']) retrieved from /home/airflow/.local/lib/python3.7/site-packages/airflow/example_dags/example_branch_day_of_week_operator.py
[2022-02-05 19:41:34,147] {logging_mixin.py:109} INFO - [2022-02-05 19:41:34,147] {dag.py:2396} INFO - Sync 1 DAGs
[2022-02-05 19:41:34,301] {logging_mixin.py:109} INFO - [2022-02-05 19:41:34,301] {dag.py:2935} INFO - Setting next_dagrun for example_weekday_branch_operator to 2022-02-04 00:00:00+00:00
[2022-02-05 19:41:34,330] {processor.py:171} INFO - Processing /home/airflow/.local/lib/python3.7/site-packages/airflow/example_dags/example_branch_day_of_week_operator.py took 0.253 seconds
[2022-02-05 19:42:04,794] {processor.py:163} INFO - Started process (PID=2425) to work on /home/airflow/.local/lib/python3.7/site-packages/airflow/example_dags/example_branch_day_of_week_operator.py
[2022-02-05 19:42:04,796] {processor.py:642} INFO - Processing file /home/airflow/.local/lib/python3.7/site-packages/airflow/example_dags/example_branch_day_of_week_operator.py for tasks to queue
[2022-02-05 19:42:04,797] {logging_mixin.py:109} INFO - [2022-02-05 19:42:04,797] {dagbag.py:500} INFO - Filling up the DagBag from /home/airflow/.local/lib/python3.7/site-packages/airflow/example_dags/example_branch_day_of_week_operator.py
[2022-02-05 19:42:04,834] {processor.py:654} INFO - DAG(s) dict_keys(['example_weekday_branch_operator']) retrieved from /home/airflow/.local/lib/python3.7/site-packages/airflow/example_dags/example_branch_day_of_week_operator.py
[2022-02-05 19:42:04,943] {logging_mixin.py:109} INFO - [2022-02-05 19:42:04,942] {dag.py:2396} INFO - Sync 1 DAGs
[2022-02-05 19:42:04,961] {logging_mixin.py:109} INFO - [2022-02-05 19:42:04,960] {dag.py:2935} INFO - Setting next_dagrun for example_weekday_branch_operator to 2022-02-04 00:00:00+00:00
[2022-02-05 19:42:04,972] {processor.py:171} INFO - Processing /home/airflow/.local/lib/python3.7/site-packages/airflow/example_dags/example_branch_day_of_week_operator.py took 0.183 seconds
[2022-02-05 19:42:35,280] {processor.py:163} INFO - Started process (PID=2478) to work on /home/airflow/.local/lib/python3.7/site-packages/airflow/example_dags/example_branch_day_of_week_operator.py
[2022-02-05 19:42:35,281] {processor.py:642} INFO - Processing file /home/airflow/.local/lib/python3.7/site-packages/airflow/example_dags/example_branch_day_of_week_operator.py for tasks to queue
[2022-02-05 19:42:35,282] {logging_mixin.py:109} INFO - [2022-02-05 19:42:35,282] {dagbag.py:500} INFO - Filling up the DagBag from /home/airflow/.local/lib/python3.7/site-packages/airflow/example_dags/example_branch_day_of_week_operator.py
[2022-02-05 19:42:35,431] {processor.py:654} INFO - DAG(s) dict_keys(['example_weekday_branch_operator']) retrieved from /home/airflow/.local/lib/python3.7/site-packages/airflow/example_dags/example_branch_day_of_week_operator.py
[2022-02-05 19:42:35,441] {logging_mixin.py:109} INFO - [2022-02-05 19:42:35,441] {dag.py:2396} INFO - Sync 1 DAGs
[2022-02-05 19:42:35,461] {logging_mixin.py:109} INFO - [2022-02-05 19:42:35,461] {dag.py:2935} INFO - Setting next_dagrun for example_weekday_branch_operator to 2022-02-04 00:00:00+00:00
[2022-02-05 19:42:35,473] {processor.py:171} INFO - Processing /home/airflow/.local/lib/python3.7/site-packages/airflow/example_dags/example_branch_day_of_week_operator.py took 0.198 seconds
[2022-02-05 19:43:05,777] {processor.py:163} INFO - Started process (PID=2540) to work on /home/airflow/.local/lib/python3.7/site-packages/airflow/example_dags/example_branch_day_of_week_operator.py
[2022-02-05 19:43:05,779] {processor.py:642} INFO - Processing file /home/airflow/.local/lib/python3.7/site-packages/airflow/example_dags/example_branch_day_of_week_operator.py for tasks to queue
[2022-02-05 19:43:05,780] {logging_mixin.py:109} INFO - [2022-02-05 19:43:05,779] {dagbag.py:500} INFO - Filling up the DagBag from /home/airflow/.local/lib/python3.7/site-packages/airflow/example_dags/example_branch_day_of_week_operator.py
[2022-02-05 19:43:05,927] {processor.py:654} INFO - DAG(s) dict_keys(['example_weekday_branch_operator']) retrieved from /home/airflow/.local/lib/python3.7/site-packages/airflow/example_dags/example_branch_day_of_week_operator.py
[2022-02-05 19:43:05,938] {logging_mixin.py:109} INFO - [2022-02-05 19:43:05,938] {dag.py:2396} INFO - Sync 1 DAGs
[2022-02-05 19:43:05,960] {logging_mixin.py:109} INFO - [2022-02-05 19:43:05,960] {dag.py:2935} INFO - Setting next_dagrun for example_weekday_branch_operator to 2022-02-04 00:00:00+00:00
[2022-02-05 19:43:05,973] {processor.py:171} INFO - Processing /home/airflow/.local/lib/python3.7/site-packages/airflow/example_dags/example_branch_day_of_week_operator.py took 0.200 seconds
[2022-02-05 19:43:36,618] {processor.py:163} INFO - Started process (PID=2594) to work on /home/airflow/.local/lib/python3.7/site-packages/airflow/example_dags/example_branch_day_of_week_operator.py
[2022-02-05 19:43:36,619] {processor.py:642} INFO - Processing file /home/airflow/.local/lib/python3.7/site-packages/airflow/example_dags/example_branch_day_of_week_operator.py for tasks to queue
[2022-02-05 19:43:36,620] {logging_mixin.py:109} INFO - [2022-02-05 19:43:36,620] {dagbag.py:500} INFO - Filling up the DagBag from /home/airflow/.local/lib/python3.7/site-packages/airflow/example_dags/example_branch_day_of_week_operator.py
[2022-02-05 19:43:36,715] {processor.py:654} INFO - DAG(s) dict_keys(['example_weekday_branch_operator']) retrieved from /home/airflow/.local/lib/python3.7/site-packages/airflow/example_dags/example_branch_day_of_week_operator.py
[2022-02-05 19:43:36,721] {logging_mixin.py:109} INFO - [2022-02-05 19:43:36,721] {dag.py:2396} INFO - Sync 1 DAGs
[2022-02-05 19:43:36,733] {logging_mixin.py:109} INFO - [2022-02-05 19:43:36,733] {dag.py:2935} INFO - Setting next_dagrun for example_weekday_branch_operator to 2022-02-04 00:00:00+00:00
[2022-02-05 19:43:36,743] {processor.py:171} INFO - Processing /home/airflow/.local/lib/python3.7/site-packages/airflow/example_dags/example_branch_day_of_week_operator.py took 0.128 seconds
[2022-02-05 19:44:06,815] {processor.py:163} INFO - Started process (PID=2661) to work on /home/airflow/.local/lib/python3.7/site-packages/airflow/example_dags/example_branch_day_of_week_operator.py
[2022-02-05 19:44:06,816] {processor.py:642} INFO - Processing file /home/airflow/.local/lib/python3.7/site-packages/airflow/example_dags/example_branch_day_of_week_operator.py for tasks to queue
[2022-02-05 19:44:06,816] {logging_mixin.py:109} INFO - [2022-02-05 19:44:06,816] {dagbag.py:500} INFO - Filling up the DagBag from /home/airflow/.local/lib/python3.7/site-packages/airflow/example_dags/example_branch_day_of_week_operator.py
[2022-02-05 19:44:06,913] {processor.py:654} INFO - DAG(s) dict_keys(['example_weekday_branch_operator']) retrieved from /home/airflow/.local/lib/python3.7/site-packages/airflow/example_dags/example_branch_day_of_week_operator.py
[2022-02-05 19:44:06,920] {logging_mixin.py:109} INFO - [2022-02-05 19:44:06,920] {dag.py:2396} INFO - Sync 1 DAGs
[2022-02-05 19:44:06,933] {logging_mixin.py:109} INFO - [2022-02-05 19:44:06,933] {dag.py:2935} INFO - Setting next_dagrun for example_weekday_branch_operator to 2022-02-04 00:00:00+00:00
[2022-02-05 19:44:06,943] {processor.py:171} INFO - Processing /home/airflow/.local/lib/python3.7/site-packages/airflow/example_dags/example_branch_day_of_week_operator.py took 0.132 seconds
[2022-02-05 19:44:37,817] {processor.py:163} INFO - Started process (PID=2713) to work on /home/airflow/.local/lib/python3.7/site-packages/airflow/example_dags/example_branch_day_of_week_operator.py
[2022-02-05 19:44:37,818] {processor.py:642} INFO - Processing file /home/airflow/.local/lib/python3.7/site-packages/airflow/example_dags/example_branch_day_of_week_operator.py for tasks to queue
[2022-02-05 19:44:37,818] {logging_mixin.py:109} INFO - [2022-02-05 19:44:37,818] {dagbag.py:500} INFO - Filling up the DagBag from /home/airflow/.local/lib/python3.7/site-packages/airflow/example_dags/example_branch_day_of_week_operator.py
[2022-02-05 19:44:37,844] {processor.py:654} INFO - DAG(s) dict_keys(['example_weekday_branch_operator']) retrieved from /home/airflow/.local/lib/python3.7/site-packages/airflow/example_dags/example_branch_day_of_week_operator.py
[2022-02-05 19:44:37,852] {logging_mixin.py:109} INFO - [2022-02-05 19:44:37,851] {dag.py:2396} INFO - Sync 1 DAGs
[2022-02-05 19:44:37,866] {logging_mixin.py:109} INFO - [2022-02-05 19:44:37,866] {dag.py:2935} INFO - Setting next_dagrun for example_weekday_branch_operator to 2022-02-04 00:00:00+00:00
[2022-02-05 19:44:37,875] {processor.py:171} INFO - Processing /home/airflow/.local/lib/python3.7/site-packages/airflow/example_dags/example_branch_day_of_week_operator.py took 0.060 seconds
[2022-02-05 19:45:08,717] {processor.py:163} INFO - Started process (PID=2775) to work on /home/airflow/.local/lib/python3.7/site-packages/airflow/example_dags/example_branch_day_of_week_operator.py
[2022-02-05 19:45:08,718] {processor.py:642} INFO - Processing file /home/airflow/.local/lib/python3.7/site-packages/airflow/example_dags/example_branch_day_of_week_operator.py for tasks to queue
[2022-02-05 19:45:08,718] {logging_mixin.py:109} INFO - [2022-02-05 19:45:08,718] {dagbag.py:500} INFO - Filling up the DagBag from /home/airflow/.local/lib/python3.7/site-packages/airflow/example_dags/example_branch_day_of_week_operator.py
[2022-02-05 19:45:08,741] {processor.py:654} INFO - DAG(s) dict_keys(['example_weekday_branch_operator']) retrieved from /home/airflow/.local/lib/python3.7/site-packages/airflow/example_dags/example_branch_day_of_week_operator.py
[2022-02-05 19:45:08,749] {logging_mixin.py:109} INFO - [2022-02-05 19:45:08,749] {dag.py:2396} INFO - Sync 1 DAGs
[2022-02-05 19:45:08,762] {logging_mixin.py:109} INFO - [2022-02-05 19:45:08,762] {dag.py:2935} INFO - Setting next_dagrun for example_weekday_branch_operator to 2022-02-04 00:00:00+00:00
[2022-02-05 19:45:08,770] {processor.py:171} INFO - Processing /home/airflow/.local/lib/python3.7/site-packages/airflow/example_dags/example_branch_day_of_week_operator.py took 0.056 seconds
[2022-02-05 19:45:39,597] {processor.py:163} INFO - Started process (PID=2828) to work on /home/airflow/.local/lib/python3.7/site-packages/airflow/example_dags/example_branch_day_of_week_operator.py
[2022-02-05 19:45:39,598] {processor.py:642} INFO - Processing file /home/airflow/.local/lib/python3.7/site-packages/airflow/example_dags/example_branch_day_of_week_operator.py for tasks to queue
[2022-02-05 19:45:39,599] {logging_mixin.py:109} INFO - [2022-02-05 19:45:39,599] {dagbag.py:500} INFO - Filling up the DagBag from /home/airflow/.local/lib/python3.7/site-packages/airflow/example_dags/example_branch_day_of_week_operator.py
[2022-02-05 19:45:39,622] {processor.py:654} INFO - DAG(s) dict_keys(['example_weekday_branch_operator']) retrieved from /home/airflow/.local/lib/python3.7/site-packages/airflow/example_dags/example_branch_day_of_week_operator.py
[2022-02-05 19:45:39,631] {logging_mixin.py:109} INFO - [2022-02-05 19:45:39,631] {dag.py:2396} INFO - Sync 1 DAGs
[2022-02-05 19:45:39,645] {logging_mixin.py:109} INFO - [2022-02-05 19:45:39,645] {dag.py:2935} INFO - Setting next_dagrun for example_weekday_branch_operator to 2022-02-04 00:00:00+00:00
[2022-02-05 19:45:39,654] {processor.py:171} INFO - Processing /home/airflow/.local/lib/python3.7/site-packages/airflow/example_dags/example_branch_day_of_week_operator.py took 0.060 seconds
[2022-02-05 19:46:10,437] {processor.py:163} INFO - Started process (PID=2891) to work on /home/airflow/.local/lib/python3.7/site-packages/airflow/example_dags/example_branch_day_of_week_operator.py
[2022-02-05 19:46:10,438] {processor.py:642} INFO - Processing file /home/airflow/.local/lib/python3.7/site-packages/airflow/example_dags/example_branch_day_of_week_operator.py for tasks to queue
[2022-02-05 19:46:10,439] {logging_mixin.py:109} INFO - [2022-02-05 19:46:10,439] {dagbag.py:500} INFO - Filling up the DagBag from /home/airflow/.local/lib/python3.7/site-packages/airflow/example_dags/example_branch_day_of_week_operator.py
[2022-02-05 19:46:10,463] {processor.py:654} INFO - DAG(s) dict_keys(['example_weekday_branch_operator']) retrieved from /home/airflow/.local/lib/python3.7/site-packages/airflow/example_dags/example_branch_day_of_week_operator.py
[2022-02-05 19:46:10,471] {logging_mixin.py:109} INFO - [2022-02-05 19:46:10,471] {dag.py:2396} INFO - Sync 1 DAGs
[2022-02-05 19:46:10,485] {logging_mixin.py:109} INFO - [2022-02-05 19:46:10,484] {dag.py:2935} INFO - Setting next_dagrun for example_weekday_branch_operator to 2022-02-04 00:00:00+00:00
[2022-02-05 19:46:10,495] {processor.py:171} INFO - Processing /home/airflow/.local/lib/python3.7/site-packages/airflow/example_dags/example_branch_day_of_week_operator.py took 0.060 seconds
[2022-02-05 19:46:41,224] {processor.py:163} INFO - Started process (PID=2952) to work on /home/airflow/.local/lib/python3.7/site-packages/airflow/example_dags/example_branch_day_of_week_operator.py
[2022-02-05 19:46:41,225] {processor.py:642} INFO - Processing file /home/airflow/.local/lib/python3.7/site-packages/airflow/example_dags/example_branch_day_of_week_operator.py for tasks to queue
[2022-02-05 19:46:41,226] {logging_mixin.py:109} INFO - [2022-02-05 19:46:41,226] {dagbag.py:500} INFO - Filling up the DagBag from /home/airflow/.local/lib/python3.7/site-packages/airflow/example_dags/example_branch_day_of_week_operator.py
[2022-02-05 19:46:41,249] {processor.py:654} INFO - DAG(s) dict_keys(['example_weekday_branch_operator']) retrieved from /home/airflow/.local/lib/python3.7/site-packages/airflow/example_dags/example_branch_day_of_week_operator.py
[2022-02-05 19:46:41,256] {logging_mixin.py:109} INFO - [2022-02-05 19:46:41,256] {dag.py:2396} INFO - Sync 1 DAGs
[2022-02-05 19:46:41,269] {logging_mixin.py:109} INFO - [2022-02-05 19:46:41,269] {dag.py:2935} INFO - Setting next_dagrun for example_weekday_branch_operator to 2022-02-04 00:00:00+00:00
[2022-02-05 19:46:41,277] {processor.py:171} INFO - Processing /home/airflow/.local/lib/python3.7/site-packages/airflow/example_dags/example_branch_day_of_week_operator.py took 0.056 seconds
[2022-02-05 19:47:12,060] {processor.py:163} INFO - Started process (PID=3003) to work on /home/airflow/.local/lib/python3.7/site-packages/airflow/example_dags/example_branch_day_of_week_operator.py
[2022-02-05 19:47:12,061] {processor.py:642} INFO - Processing file /home/airflow/.local/lib/python3.7/site-packages/airflow/example_dags/example_branch_day_of_week_operator.py for tasks to queue
[2022-02-05 19:47:12,061] {logging_mixin.py:109} INFO - [2022-02-05 19:47:12,061] {dagbag.py:500} INFO - Filling up the DagBag from /home/airflow/.local/lib/python3.7/site-packages/airflow/example_dags/example_branch_day_of_week_operator.py
[2022-02-05 19:47:12,090] {processor.py:654} INFO - DAG(s) dict_keys(['example_weekday_branch_operator']) retrieved from /home/airflow/.local/lib/python3.7/site-packages/airflow/example_dags/example_branch_day_of_week_operator.py
[2022-02-05 19:47:12,100] {logging_mixin.py:109} INFO - [2022-02-05 19:47:12,099] {dag.py:2396} INFO - Sync 1 DAGs
[2022-02-05 19:47:12,117] {logging_mixin.py:109} INFO - [2022-02-05 19:47:12,117] {dag.py:2935} INFO - Setting next_dagrun for example_weekday_branch_operator to 2022-02-04 00:00:00+00:00
[2022-02-05 19:47:12,135] {processor.py:171} INFO - Processing /home/airflow/.local/lib/python3.7/site-packages/airflow/example_dags/example_branch_day_of_week_operator.py took 0.079 seconds
[2022-02-05 19:47:42,809] {processor.py:163} INFO - Started process (PID=3065) to work on /home/airflow/.local/lib/python3.7/site-packages/airflow/example_dags/example_branch_day_of_week_operator.py
[2022-02-05 19:47:42,811] {processor.py:642} INFO - Processing file /home/airflow/.local/lib/python3.7/site-packages/airflow/example_dags/example_branch_day_of_week_operator.py for tasks to queue
[2022-02-05 19:47:42,812] {logging_mixin.py:109} INFO - [2022-02-05 19:47:42,812] {dagbag.py:500} INFO - Filling up the DagBag from /home/airflow/.local/lib/python3.7/site-packages/airflow/example_dags/example_branch_day_of_week_operator.py
[2022-02-05 19:47:42,838] {processor.py:654} INFO - DAG(s) dict_keys(['example_weekday_branch_operator']) retrieved from /home/airflow/.local/lib/python3.7/site-packages/airflow/example_dags/example_branch_day_of_week_operator.py
[2022-02-05 19:47:42,846] {logging_mixin.py:109} INFO - [2022-02-05 19:47:42,846] {dag.py:2396} INFO - Sync 1 DAGs
[2022-02-05 19:47:42,859] {logging_mixin.py:109} INFO - [2022-02-05 19:47:42,859] {dag.py:2935} INFO - Setting next_dagrun for example_weekday_branch_operator to 2022-02-04 00:00:00+00:00
[2022-02-05 19:47:42,868] {processor.py:171} INFO - Processing /home/airflow/.local/lib/python3.7/site-packages/airflow/example_dags/example_branch_day_of_week_operator.py took 0.061 seconds
[2022-02-05 19:48:14,095] {processor.py:163} INFO - Started process (PID=3118) to work on /home/airflow/.local/lib/python3.7/site-packages/airflow/example_dags/example_branch_day_of_week_operator.py
[2022-02-05 19:48:14,097] {processor.py:642} INFO - Processing file /home/airflow/.local/lib/python3.7/site-packages/airflow/example_dags/example_branch_day_of_week_operator.py for tasks to queue
[2022-02-05 19:48:14,098] {logging_mixin.py:109} INFO - [2022-02-05 19:48:14,097] {dagbag.py:500} INFO - Filling up the DagBag from /home/airflow/.local/lib/python3.7/site-packages/airflow/example_dags/example_branch_day_of_week_operator.py
[2022-02-05 19:48:14,141] {processor.py:654} INFO - DAG(s) dict_keys(['example_weekday_branch_operator']) retrieved from /home/airflow/.local/lib/python3.7/site-packages/airflow/example_dags/example_branch_day_of_week_operator.py
[2022-02-05 19:48:14,157] {logging_mixin.py:109} INFO - [2022-02-05 19:48:14,156] {dag.py:2396} INFO - Sync 1 DAGs
[2022-02-05 19:48:14,182] {logging_mixin.py:109} INFO - [2022-02-05 19:48:14,182] {dag.py:2935} INFO - Setting next_dagrun for example_weekday_branch_operator to 2022-02-04 00:00:00+00:00
[2022-02-05 19:48:14,200] {processor.py:171} INFO - Processing /home/airflow/.local/lib/python3.7/site-packages/airflow/example_dags/example_branch_day_of_week_operator.py took 0.110 seconds
[2022-02-05 19:48:44,425] {processor.py:163} INFO - Started process (PID=3181) to work on /home/airflow/.local/lib/python3.7/site-packages/airflow/example_dags/example_branch_day_of_week_operator.py
[2022-02-05 19:48:44,426] {processor.py:642} INFO - Processing file /home/airflow/.local/lib/python3.7/site-packages/airflow/example_dags/example_branch_day_of_week_operator.py for tasks to queue
[2022-02-05 19:48:44,427] {logging_mixin.py:109} INFO - [2022-02-05 19:48:44,427] {dagbag.py:500} INFO - Filling up the DagBag from /home/airflow/.local/lib/python3.7/site-packages/airflow/example_dags/example_branch_day_of_week_operator.py
[2022-02-05 19:48:44,451] {processor.py:654} INFO - DAG(s) dict_keys(['example_weekday_branch_operator']) retrieved from /home/airflow/.local/lib/python3.7/site-packages/airflow/example_dags/example_branch_day_of_week_operator.py
[2022-02-05 19:48:44,459] {logging_mixin.py:109} INFO - [2022-02-05 19:48:44,459] {dag.py:2396} INFO - Sync 1 DAGs
[2022-02-05 19:48:44,479] {logging_mixin.py:109} INFO - [2022-02-05 19:48:44,479] {dag.py:2935} INFO - Setting next_dagrun for example_weekday_branch_operator to 2022-02-04 00:00:00+00:00
[2022-02-05 19:48:44,504] {processor.py:171} INFO - Processing /home/airflow/.local/lib/python3.7/site-packages/airflow/example_dags/example_branch_day_of_week_operator.py took 0.081 seconds
[2022-02-05 19:49:15,071] {processor.py:163} INFO - Started process (PID=3236) to work on /home/airflow/.local/lib/python3.7/site-packages/airflow/example_dags/example_branch_day_of_week_operator.py
[2022-02-05 19:49:15,071] {processor.py:642} INFO - Processing file /home/airflow/.local/lib/python3.7/site-packages/airflow/example_dags/example_branch_day_of_week_operator.py for tasks to queue
[2022-02-05 19:49:15,072] {logging_mixin.py:109} INFO - [2022-02-05 19:49:15,072] {dagbag.py:500} INFO - Filling up the DagBag from /home/airflow/.local/lib/python3.7/site-packages/airflow/example_dags/example_branch_day_of_week_operator.py
[2022-02-05 19:49:15,109] {processor.py:654} INFO - DAG(s) dict_keys(['example_weekday_branch_operator']) retrieved from /home/airflow/.local/lib/python3.7/site-packages/airflow/example_dags/example_branch_day_of_week_operator.py
[2022-02-05 19:49:15,123] {logging_mixin.py:109} INFO - [2022-02-05 19:49:15,123] {dag.py:2396} INFO - Sync 1 DAGs
[2022-02-05 19:49:15,150] {logging_mixin.py:109} INFO - [2022-02-05 19:49:15,150] {dag.py:2935} INFO - Setting next_dagrun for example_weekday_branch_operator to 2022-02-04 00:00:00+00:00
[2022-02-05 19:49:15,164] {processor.py:171} INFO - Processing /home/airflow/.local/lib/python3.7/site-packages/airflow/example_dags/example_branch_day_of_week_operator.py took 0.097 seconds
[2022-02-05 19:49:45,849] {processor.py:163} INFO - Started process (PID=3299) to work on /home/airflow/.local/lib/python3.7/site-packages/airflow/example_dags/example_branch_day_of_week_operator.py
[2022-02-05 19:49:45,854] {processor.py:642} INFO - Processing file /home/airflow/.local/lib/python3.7/site-packages/airflow/example_dags/example_branch_day_of_week_operator.py for tasks to queue
[2022-02-05 19:49:45,855] {logging_mixin.py:109} INFO - [2022-02-05 19:49:45,855] {dagbag.py:500} INFO - Filling up the DagBag from /home/airflow/.local/lib/python3.7/site-packages/airflow/example_dags/example_branch_day_of_week_operator.py
[2022-02-05 19:49:45,895] {processor.py:654} INFO - DAG(s) dict_keys(['example_weekday_branch_operator']) retrieved from /home/airflow/.local/lib/python3.7/site-packages/airflow/example_dags/example_branch_day_of_week_operator.py
[2022-02-05 19:49:45,919] {logging_mixin.py:109} INFO - [2022-02-05 19:49:45,918] {dag.py:2396} INFO - Sync 1 DAGs
[2022-02-05 19:49:45,951] {logging_mixin.py:109} INFO - [2022-02-05 19:49:45,951] {dag.py:2935} INFO - Setting next_dagrun for example_weekday_branch_operator to 2022-02-04 00:00:00+00:00
[2022-02-05 19:49:45,966] {processor.py:171} INFO - Processing /home/airflow/.local/lib/python3.7/site-packages/airflow/example_dags/example_branch_day_of_week_operator.py took 0.122 seconds
[2022-02-05 19:50:16,818] {processor.py:163} INFO - Started process (PID=3352) to work on /home/airflow/.local/lib/python3.7/site-packages/airflow/example_dags/example_branch_day_of_week_operator.py
[2022-02-05 19:50:16,820] {processor.py:642} INFO - Processing file /home/airflow/.local/lib/python3.7/site-packages/airflow/example_dags/example_branch_day_of_week_operator.py for tasks to queue
[2022-02-05 19:50:16,820] {logging_mixin.py:109} INFO - [2022-02-05 19:50:16,820] {dagbag.py:500} INFO - Filling up the DagBag from /home/airflow/.local/lib/python3.7/site-packages/airflow/example_dags/example_branch_day_of_week_operator.py
[2022-02-05 19:50:16,844] {processor.py:654} INFO - DAG(s) dict_keys(['example_weekday_branch_operator']) retrieved from /home/airflow/.local/lib/python3.7/site-packages/airflow/example_dags/example_branch_day_of_week_operator.py
[2022-02-05 19:50:16,852] {logging_mixin.py:109} INFO - [2022-02-05 19:50:16,852] {dag.py:2396} INFO - Sync 1 DAGs
[2022-02-05 19:50:16,866] {logging_mixin.py:109} INFO - [2022-02-05 19:50:16,866] {dag.py:2935} INFO - Setting next_dagrun for example_weekday_branch_operator to 2022-02-04 00:00:00+00:00
[2022-02-05 19:50:16,876] {processor.py:171} INFO - Processing /home/airflow/.local/lib/python3.7/site-packages/airflow/example_dags/example_branch_day_of_week_operator.py took 0.060 seconds
[2022-02-05 19:50:48,277] {processor.py:163} INFO - Started process (PID=3413) to work on /home/airflow/.local/lib/python3.7/site-packages/airflow/example_dags/example_branch_day_of_week_operator.py
[2022-02-05 19:50:48,281] {processor.py:642} INFO - Processing file /home/airflow/.local/lib/python3.7/site-packages/airflow/example_dags/example_branch_day_of_week_operator.py for tasks to queue
[2022-02-05 19:50:48,282] {logging_mixin.py:109} INFO - [2022-02-05 19:50:48,282] {dagbag.py:500} INFO - Filling up the DagBag from /home/airflow/.local/lib/python3.7/site-packages/airflow/example_dags/example_branch_day_of_week_operator.py
[2022-02-05 19:50:48,332] {processor.py:654} INFO - DAG(s) dict_keys(['example_weekday_branch_operator']) retrieved from /home/airflow/.local/lib/python3.7/site-packages/airflow/example_dags/example_branch_day_of_week_operator.py
[2022-02-05 19:50:48,353] {logging_mixin.py:109} INFO - [2022-02-05 19:50:48,352] {dag.py:2396} INFO - Sync 1 DAGs
[2022-02-05 19:50:48,391] {logging_mixin.py:109} INFO - [2022-02-05 19:50:48,391] {dag.py:2935} INFO - Setting next_dagrun for example_weekday_branch_operator to 2022-02-04 00:00:00+00:00
[2022-02-05 19:50:48,412] {processor.py:171} INFO - Processing /home/airflow/.local/lib/python3.7/site-packages/airflow/example_dags/example_branch_day_of_week_operator.py took 0.140 seconds
[2022-02-05 19:51:18,589] {processor.py:163} INFO - Started process (PID=3465) to work on /home/airflow/.local/lib/python3.7/site-packages/airflow/example_dags/example_branch_day_of_week_operator.py
[2022-02-05 19:51:18,591] {processor.py:642} INFO - Processing file /home/airflow/.local/lib/python3.7/site-packages/airflow/example_dags/example_branch_day_of_week_operator.py for tasks to queue
[2022-02-05 19:51:18,592] {logging_mixin.py:109} INFO - [2022-02-05 19:51:18,591] {dagbag.py:500} INFO - Filling up the DagBag from /home/airflow/.local/lib/python3.7/site-packages/airflow/example_dags/example_branch_day_of_week_operator.py
[2022-02-05 19:51:18,639] {processor.py:654} INFO - DAG(s) dict_keys(['example_weekday_branch_operator']) retrieved from /home/airflow/.local/lib/python3.7/site-packages/airflow/example_dags/example_branch_day_of_week_operator.py
[2022-02-05 19:51:18,657] {logging_mixin.py:109} INFO - [2022-02-05 19:51:18,657] {dag.py:2396} INFO - Sync 1 DAGs
[2022-02-05 19:51:18,689] {logging_mixin.py:109} INFO - [2022-02-05 19:51:18,689] {dag.py:2935} INFO - Setting next_dagrun for example_weekday_branch_operator to 2022-02-04 00:00:00+00:00
[2022-02-05 19:51:18,718] {processor.py:171} INFO - Processing /home/airflow/.local/lib/python3.7/site-packages/airflow/example_dags/example_branch_day_of_week_operator.py took 0.133 seconds
[2022-02-05 19:51:48,799] {processor.py:163} INFO - Started process (PID=3526) to work on /home/airflow/.local/lib/python3.7/site-packages/airflow/example_dags/example_branch_day_of_week_operator.py
[2022-02-05 19:51:48,800] {processor.py:642} INFO - Processing file /home/airflow/.local/lib/python3.7/site-packages/airflow/example_dags/example_branch_day_of_week_operator.py for tasks to queue
[2022-02-05 19:51:48,801] {logging_mixin.py:109} INFO - [2022-02-05 19:51:48,800] {dagbag.py:500} INFO - Filling up the DagBag from /home/airflow/.local/lib/python3.7/site-packages/airflow/example_dags/example_branch_day_of_week_operator.py
[2022-02-05 19:51:48,824] {processor.py:654} INFO - DAG(s) dict_keys(['example_weekday_branch_operator']) retrieved from /home/airflow/.local/lib/python3.7/site-packages/airflow/example_dags/example_branch_day_of_week_operator.py
[2022-02-05 19:51:48,832] {logging_mixin.py:109} INFO - [2022-02-05 19:51:48,832] {dag.py:2396} INFO - Sync 1 DAGs
[2022-02-05 19:51:48,847] {logging_mixin.py:109} INFO - [2022-02-05 19:51:48,847] {dag.py:2935} INFO - Setting next_dagrun for example_weekday_branch_operator to 2022-02-04 00:00:00+00:00
[2022-02-05 19:51:48,855] {processor.py:171} INFO - Processing /home/airflow/.local/lib/python3.7/site-packages/airflow/example_dags/example_branch_day_of_week_operator.py took 0.059 seconds
[2022-02-05 19:52:20,134] {processor.py:163} INFO - Started process (PID=3578) to work on /home/airflow/.local/lib/python3.7/site-packages/airflow/example_dags/example_branch_day_of_week_operator.py
[2022-02-05 19:52:20,136] {processor.py:642} INFO - Processing file /home/airflow/.local/lib/python3.7/site-packages/airflow/example_dags/example_branch_day_of_week_operator.py for tasks to queue
[2022-02-05 19:52:20,137] {logging_mixin.py:109} INFO - [2022-02-05 19:52:20,137] {dagbag.py:500} INFO - Filling up the DagBag from /home/airflow/.local/lib/python3.7/site-packages/airflow/example_dags/example_branch_day_of_week_operator.py
[2022-02-05 19:52:20,177] {processor.py:654} INFO - DAG(s) dict_keys(['example_weekday_branch_operator']) retrieved from /home/airflow/.local/lib/python3.7/site-packages/airflow/example_dags/example_branch_day_of_week_operator.py
[2022-02-05 19:52:20,195] {logging_mixin.py:109} INFO - [2022-02-05 19:52:20,195] {dag.py:2396} INFO - Sync 1 DAGs
[2022-02-05 19:52:20,224] {logging_mixin.py:109} INFO - [2022-02-05 19:52:20,224] {dag.py:2935} INFO - Setting next_dagrun for example_weekday_branch_operator to 2022-02-04 00:00:00+00:00
[2022-02-05 19:52:20,237] {processor.py:171} INFO - Processing /home/airflow/.local/lib/python3.7/site-packages/airflow/example_dags/example_branch_day_of_week_operator.py took 0.107 seconds
[2022-02-05 19:52:50,706] {processor.py:163} INFO - Started process (PID=3641) to work on /home/airflow/.local/lib/python3.7/site-packages/airflow/example_dags/example_branch_day_of_week_operator.py
[2022-02-05 19:52:50,710] {processor.py:642} INFO - Processing file /home/airflow/.local/lib/python3.7/site-packages/airflow/example_dags/example_branch_day_of_week_operator.py for tasks to queue
[2022-02-05 19:52:50,712] {logging_mixin.py:109} INFO - [2022-02-05 19:52:50,712] {dagbag.py:500} INFO - Filling up the DagBag from /home/airflow/.local/lib/python3.7/site-packages/airflow/example_dags/example_branch_day_of_week_operator.py
[2022-02-05 19:52:50,766] {processor.py:654} INFO - DAG(s) dict_keys(['example_weekday_branch_operator']) retrieved from /home/airflow/.local/lib/python3.7/site-packages/airflow/example_dags/example_branch_day_of_week_operator.py
[2022-02-05 19:52:50,784] {logging_mixin.py:109} INFO - [2022-02-05 19:52:50,784] {dag.py:2396} INFO - Sync 1 DAGs
[2022-02-05 19:52:50,814] {logging_mixin.py:109} INFO - [2022-02-05 19:52:50,814] {dag.py:2935} INFO - Setting next_dagrun for example_weekday_branch_operator to 2022-02-04 00:00:00+00:00
[2022-02-05 19:52:50,831] {processor.py:171} INFO - Processing /home/airflow/.local/lib/python3.7/site-packages/airflow/example_dags/example_branch_day_of_week_operator.py took 0.131 seconds
[2022-02-05 19:53:21,855] {processor.py:163} INFO - Started process (PID=3694) to work on /home/airflow/.local/lib/python3.7/site-packages/airflow/example_dags/example_branch_day_of_week_operator.py
[2022-02-05 19:53:21,857] {processor.py:642} INFO - Processing file /home/airflow/.local/lib/python3.7/site-packages/airflow/example_dags/example_branch_day_of_week_operator.py for tasks to queue
[2022-02-05 19:53:21,858] {logging_mixin.py:109} INFO - [2022-02-05 19:53:21,857] {dagbag.py:500} INFO - Filling up the DagBag from /home/airflow/.local/lib/python3.7/site-packages/airflow/example_dags/example_branch_day_of_week_operator.py
[2022-02-05 19:53:21,892] {processor.py:654} INFO - DAG(s) dict_keys(['example_weekday_branch_operator']) retrieved from /home/airflow/.local/lib/python3.7/site-packages/airflow/example_dags/example_branch_day_of_week_operator.py
[2022-02-05 19:53:21,907] {logging_mixin.py:109} INFO - [2022-02-05 19:53:21,907] {dag.py:2396} INFO - Sync 1 DAGs
[2022-02-05 19:53:21,936] {logging_mixin.py:109} INFO - [2022-02-05 19:53:21,935] {dag.py:2935} INFO - Setting next_dagrun for example_weekday_branch_operator to 2022-02-04 00:00:00+00:00
[2022-02-05 19:53:21,949] {processor.py:171} INFO - Processing /home/airflow/.local/lib/python3.7/site-packages/airflow/example_dags/example_branch_day_of_week_operator.py took 0.098 seconds
[2022-02-05 19:53:52,295] {processor.py:163} INFO - Started process (PID=3756) to work on /home/airflow/.local/lib/python3.7/site-packages/airflow/example_dags/example_branch_day_of_week_operator.py
[2022-02-05 19:53:52,297] {processor.py:642} INFO - Processing file /home/airflow/.local/lib/python3.7/site-packages/airflow/example_dags/example_branch_day_of_week_operator.py for tasks to queue
[2022-02-05 19:53:52,297] {logging_mixin.py:109} INFO - [2022-02-05 19:53:52,297] {dagbag.py:500} INFO - Filling up the DagBag from /home/airflow/.local/lib/python3.7/site-packages/airflow/example_dags/example_branch_day_of_week_operator.py
[2022-02-05 19:53:52,336] {processor.py:654} INFO - DAG(s) dict_keys(['example_weekday_branch_operator']) retrieved from /home/airflow/.local/lib/python3.7/site-packages/airflow/example_dags/example_branch_day_of_week_operator.py
[2022-02-05 19:53:52,349] {logging_mixin.py:109} INFO - [2022-02-05 19:53:52,349] {dag.py:2396} INFO - Sync 1 DAGs
[2022-02-05 19:53:52,373] {logging_mixin.py:109} INFO - [2022-02-05 19:53:52,373] {dag.py:2935} INFO - Setting next_dagrun for example_weekday_branch_operator to 2022-02-04 00:00:00+00:00
[2022-02-05 19:53:52,387] {processor.py:171} INFO - Processing /home/airflow/.local/lib/python3.7/site-packages/airflow/example_dags/example_branch_day_of_week_operator.py took 0.096 seconds
[2022-02-05 19:54:23,394] {processor.py:163} INFO - Started process (PID=3809) to work on /home/airflow/.local/lib/python3.7/site-packages/airflow/example_dags/example_branch_day_of_week_operator.py
[2022-02-05 19:54:23,395] {processor.py:642} INFO - Processing file /home/airflow/.local/lib/python3.7/site-packages/airflow/example_dags/example_branch_day_of_week_operator.py for tasks to queue
[2022-02-05 19:54:23,395] {logging_mixin.py:109} INFO - [2022-02-05 19:54:23,395] {dagbag.py:500} INFO - Filling up the DagBag from /home/airflow/.local/lib/python3.7/site-packages/airflow/example_dags/example_branch_day_of_week_operator.py
[2022-02-05 19:54:23,417] {processor.py:654} INFO - DAG(s) dict_keys(['example_weekday_branch_operator']) retrieved from /home/airflow/.local/lib/python3.7/site-packages/airflow/example_dags/example_branch_day_of_week_operator.py
[2022-02-05 19:54:23,425] {logging_mixin.py:109} INFO - [2022-02-05 19:54:23,425] {dag.py:2396} INFO - Sync 1 DAGs
[2022-02-05 19:54:23,439] {logging_mixin.py:109} INFO - [2022-02-05 19:54:23,439] {dag.py:2935} INFO - Setting next_dagrun for example_weekday_branch_operator to 2022-02-04 00:00:00+00:00
[2022-02-05 19:54:23,447] {processor.py:171} INFO - Processing /home/airflow/.local/lib/python3.7/site-packages/airflow/example_dags/example_branch_day_of_week_operator.py took 0.056 seconds
[2022-02-05 19:54:54,230] {processor.py:163} INFO - Started process (PID=3871) to work on /home/airflow/.local/lib/python3.7/site-packages/airflow/example_dags/example_branch_day_of_week_operator.py
[2022-02-05 19:54:54,232] {processor.py:642} INFO - Processing file /home/airflow/.local/lib/python3.7/site-packages/airflow/example_dags/example_branch_day_of_week_operator.py for tasks to queue
[2022-02-05 19:54:54,233] {logging_mixin.py:109} INFO - [2022-02-05 19:54:54,233] {dagbag.py:500} INFO - Filling up the DagBag from /home/airflow/.local/lib/python3.7/site-packages/airflow/example_dags/example_branch_day_of_week_operator.py
[2022-02-05 19:54:54,265] {processor.py:654} INFO - DAG(s) dict_keys(['example_weekday_branch_operator']) retrieved from /home/airflow/.local/lib/python3.7/site-packages/airflow/example_dags/example_branch_day_of_week_operator.py
[2022-02-05 19:54:54,279] {logging_mixin.py:109} INFO - [2022-02-05 19:54:54,279] {dag.py:2396} INFO - Sync 1 DAGs
[2022-02-05 19:54:54,310] {logging_mixin.py:109} INFO - [2022-02-05 19:54:54,310] {dag.py:2935} INFO - Setting next_dagrun for example_weekday_branch_operator to 2022-02-04 00:00:00+00:00
[2022-02-05 19:54:54,332] {processor.py:171} INFO - Processing /home/airflow/.local/lib/python3.7/site-packages/airflow/example_dags/example_branch_day_of_week_operator.py took 0.105 seconds
[2022-02-05 19:55:25,291] {processor.py:163} INFO - Started process (PID=3925) to work on /home/airflow/.local/lib/python3.7/site-packages/airflow/example_dags/example_branch_day_of_week_operator.py
[2022-02-05 19:55:25,292] {processor.py:642} INFO - Processing file /home/airflow/.local/lib/python3.7/site-packages/airflow/example_dags/example_branch_day_of_week_operator.py for tasks to queue
[2022-02-05 19:55:25,292] {logging_mixin.py:109} INFO - [2022-02-05 19:55:25,292] {dagbag.py:500} INFO - Filling up the DagBag from /home/airflow/.local/lib/python3.7/site-packages/airflow/example_dags/example_branch_day_of_week_operator.py
[2022-02-05 19:55:25,318] {processor.py:654} INFO - DAG(s) dict_keys(['example_weekday_branch_operator']) retrieved from /home/airflow/.local/lib/python3.7/site-packages/airflow/example_dags/example_branch_day_of_week_operator.py
[2022-02-05 19:55:25,326] {logging_mixin.py:109} INFO - [2022-02-05 19:55:25,326] {dag.py:2396} INFO - Sync 1 DAGs
[2022-02-05 19:55:25,339] {logging_mixin.py:109} INFO - [2022-02-05 19:55:25,339] {dag.py:2935} INFO - Setting next_dagrun for example_weekday_branch_operator to 2022-02-04 00:00:00+00:00
[2022-02-05 19:55:25,348] {processor.py:171} INFO - Processing /home/airflow/.local/lib/python3.7/site-packages/airflow/example_dags/example_branch_day_of_week_operator.py took 0.059 seconds
[2022-02-05 19:55:55,386] {processor.py:163} INFO - Started process (PID=3987) to work on /home/airflow/.local/lib/python3.7/site-packages/airflow/example_dags/example_branch_day_of_week_operator.py
[2022-02-05 19:55:55,387] {processor.py:642} INFO - Processing file /home/airflow/.local/lib/python3.7/site-packages/airflow/example_dags/example_branch_day_of_week_operator.py for tasks to queue
[2022-02-05 19:55:55,387] {logging_mixin.py:109} INFO - [2022-02-05 19:55:55,387] {dagbag.py:500} INFO - Filling up the DagBag from /home/airflow/.local/lib/python3.7/site-packages/airflow/example_dags/example_branch_day_of_week_operator.py
[2022-02-05 19:55:55,410] {processor.py:654} INFO - DAG(s) dict_keys(['example_weekday_branch_operator']) retrieved from /home/airflow/.local/lib/python3.7/site-packages/airflow/example_dags/example_branch_day_of_week_operator.py
[2022-02-05 19:55:55,419] {logging_mixin.py:109} INFO - [2022-02-05 19:55:55,419] {dag.py:2396} INFO - Sync 1 DAGs
[2022-02-05 19:55:55,433] {logging_mixin.py:109} INFO - [2022-02-05 19:55:55,433] {dag.py:2935} INFO - Setting next_dagrun for example_weekday_branch_operator to 2022-02-04 00:00:00+00:00
[2022-02-05 19:55:55,441] {processor.py:171} INFO - Processing /home/airflow/.local/lib/python3.7/site-packages/airflow/example_dags/example_branch_day_of_week_operator.py took 0.058 seconds
[2022-02-05 19:56:25,600] {processor.py:163} INFO - Started process (PID=4039) to work on /home/airflow/.local/lib/python3.7/site-packages/airflow/example_dags/example_branch_day_of_week_operator.py
[2022-02-05 19:56:25,602] {processor.py:642} INFO - Processing file /home/airflow/.local/lib/python3.7/site-packages/airflow/example_dags/example_branch_day_of_week_operator.py for tasks to queue
[2022-02-05 19:56:25,602] {logging_mixin.py:109} INFO - [2022-02-05 19:56:25,602] {dagbag.py:500} INFO - Filling up the DagBag from /home/airflow/.local/lib/python3.7/site-packages/airflow/example_dags/example_branch_day_of_week_operator.py
[2022-02-05 19:56:25,626] {processor.py:654} INFO - DAG(s) dict_keys(['example_weekday_branch_operator']) retrieved from /home/airflow/.local/lib/python3.7/site-packages/airflow/example_dags/example_branch_day_of_week_operator.py
[2022-02-05 19:56:25,633] {logging_mixin.py:109} INFO - [2022-02-05 19:56:25,633] {dag.py:2396} INFO - Sync 1 DAGs
[2022-02-05 19:56:25,646] {logging_mixin.py:109} INFO - [2022-02-05 19:56:25,646] {dag.py:2935} INFO - Setting next_dagrun for example_weekday_branch_operator to 2022-02-04 00:00:00+00:00
[2022-02-05 19:56:25,655] {processor.py:171} INFO - Processing /home/airflow/.local/lib/python3.7/site-packages/airflow/example_dags/example_branch_day_of_week_operator.py took 0.057 seconds
