[2022-02-05 19:21:04,274] {processor.py:163} INFO - Started process (PID=63) to work on /home/airflow/.local/lib/python3.7/site-packages/airflow/example_dags/example_branch_python_dop_operator_3.py
[2022-02-05 19:21:04,276] {processor.py:642} INFO - Processing file /home/airflow/.local/lib/python3.7/site-packages/airflow/example_dags/example_branch_python_dop_operator_3.py for tasks to queue
[2022-02-05 19:21:04,278] {logging_mixin.py:109} INFO - [2022-02-05 19:21:04,277] {dagbag.py:500} INFO - Filling up the DagBag from /home/airflow/.local/lib/python3.7/site-packages/airflow/example_dags/example_branch_python_dop_operator_3.py
[2022-02-05 19:21:04,377] {processor.py:654} INFO - DAG(s) dict_keys(['example_branch_dop_operator_v3']) retrieved from /home/airflow/.local/lib/python3.7/site-packages/airflow/example_dags/example_branch_python_dop_operator_3.py
[2022-02-05 19:21:04,424] {logging_mixin.py:109} INFO - [2022-02-05 19:21:04,423] {dag.py:2396} INFO - Sync 1 DAGs
[2022-02-05 19:21:04,467] {logging_mixin.py:109} INFO - [2022-02-05 19:21:04,467] {dag.py:2935} INFO - Setting next_dagrun for example_branch_dop_operator_v3 to 2022-02-05T19:20:00+00:00
[2022-02-05 19:21:04,484] {processor.py:171} INFO - Processing /home/airflow/.local/lib/python3.7/site-packages/airflow/example_dags/example_branch_python_dop_operator_3.py took 0.216 seconds
[2022-02-05 19:21:35,586] {processor.py:163} INFO - Started process (PID=122) to work on /home/airflow/.local/lib/python3.7/site-packages/airflow/example_dags/example_branch_python_dop_operator_3.py
[2022-02-05 19:21:35,588] {processor.py:642} INFO - Processing file /home/airflow/.local/lib/python3.7/site-packages/airflow/example_dags/example_branch_python_dop_operator_3.py for tasks to queue
[2022-02-05 19:21:35,589] {logging_mixin.py:109} INFO - [2022-02-05 19:21:35,589] {dagbag.py:500} INFO - Filling up the DagBag from /home/airflow/.local/lib/python3.7/site-packages/airflow/example_dags/example_branch_python_dop_operator_3.py
[2022-02-05 19:21:35,645] {processor.py:654} INFO - DAG(s) dict_keys(['example_branch_dop_operator_v3']) retrieved from /home/airflow/.local/lib/python3.7/site-packages/airflow/example_dags/example_branch_python_dop_operator_3.py
[2022-02-05 19:21:35,663] {logging_mixin.py:109} INFO - [2022-02-05 19:21:35,663] {dag.py:2396} INFO - Sync 1 DAGs
[2022-02-05 19:21:35,700] {logging_mixin.py:109} INFO - [2022-02-05 19:21:35,700] {dag.py:2935} INFO - Setting next_dagrun for example_branch_dop_operator_v3 to 2022-02-05T19:20:00+00:00
[2022-02-05 19:21:35,725] {processor.py:171} INFO - Processing /home/airflow/.local/lib/python3.7/site-packages/airflow/example_dags/example_branch_python_dop_operator_3.py took 0.145 seconds
[2022-02-05 19:22:07,823] {processor.py:163} INFO - Started process (PID=175) to work on /home/airflow/.local/lib/python3.7/site-packages/airflow/example_dags/example_branch_python_dop_operator_3.py
[2022-02-05 19:22:07,837] {processor.py:642} INFO - Processing file /home/airflow/.local/lib/python3.7/site-packages/airflow/example_dags/example_branch_python_dop_operator_3.py for tasks to queue
[2022-02-05 19:22:07,839] {logging_mixin.py:109} INFO - [2022-02-05 19:22:07,839] {dagbag.py:500} INFO - Filling up the DagBag from /home/airflow/.local/lib/python3.7/site-packages/airflow/example_dags/example_branch_python_dop_operator_3.py
[2022-02-05 19:22:07,884] {processor.py:654} INFO - DAG(s) dict_keys(['example_branch_dop_operator_v3']) retrieved from /home/airflow/.local/lib/python3.7/site-packages/airflow/example_dags/example_branch_python_dop_operator_3.py
[2022-02-05 19:22:07,902] {logging_mixin.py:109} INFO - [2022-02-05 19:22:07,901] {dag.py:2396} INFO - Sync 1 DAGs
[2022-02-05 19:22:07,931] {logging_mixin.py:109} INFO - [2022-02-05 19:22:07,931] {dag.py:2935} INFO - Setting next_dagrun for example_branch_dop_operator_v3 to 2022-02-05T19:21:00+00:00
[2022-02-05 19:22:07,950] {processor.py:171} INFO - Processing /home/airflow/.local/lib/python3.7/site-packages/airflow/example_dags/example_branch_python_dop_operator_3.py took 0.132 seconds
[2022-02-05 19:22:39,043] {processor.py:163} INFO - Started process (PID=241) to work on /home/airflow/.local/lib/python3.7/site-packages/airflow/example_dags/example_branch_python_dop_operator_3.py
[2022-02-05 19:22:39,045] {processor.py:642} INFO - Processing file /home/airflow/.local/lib/python3.7/site-packages/airflow/example_dags/example_branch_python_dop_operator_3.py for tasks to queue
[2022-02-05 19:22:39,046] {logging_mixin.py:109} INFO - [2022-02-05 19:22:39,046] {dagbag.py:500} INFO - Filling up the DagBag from /home/airflow/.local/lib/python3.7/site-packages/airflow/example_dags/example_branch_python_dop_operator_3.py
[2022-02-05 19:22:39,094] {processor.py:654} INFO - DAG(s) dict_keys(['example_branch_dop_operator_v3']) retrieved from /home/airflow/.local/lib/python3.7/site-packages/airflow/example_dags/example_branch_python_dop_operator_3.py
[2022-02-05 19:22:39,111] {logging_mixin.py:109} INFO - [2022-02-05 19:22:39,111] {dag.py:2396} INFO - Sync 1 DAGs
[2022-02-05 19:22:39,146] {logging_mixin.py:109} INFO - [2022-02-05 19:22:39,146] {dag.py:2935} INFO - Setting next_dagrun for example_branch_dop_operator_v3 to 2022-02-05T19:21:00+00:00
[2022-02-05 19:22:39,167] {processor.py:171} INFO - Processing /home/airflow/.local/lib/python3.7/site-packages/airflow/example_dags/example_branch_python_dop_operator_3.py took 0.130 seconds
[2022-02-05 19:23:10,082] {processor.py:163} INFO - Started process (PID=294) to work on /home/airflow/.local/lib/python3.7/site-packages/airflow/example_dags/example_branch_python_dop_operator_3.py
[2022-02-05 19:23:10,084] {processor.py:642} INFO - Processing file /home/airflow/.local/lib/python3.7/site-packages/airflow/example_dags/example_branch_python_dop_operator_3.py for tasks to queue
[2022-02-05 19:23:10,084] {logging_mixin.py:109} INFO - [2022-02-05 19:23:10,084] {dagbag.py:500} INFO - Filling up the DagBag from /home/airflow/.local/lib/python3.7/site-packages/airflow/example_dags/example_branch_python_dop_operator_3.py
[2022-02-05 19:23:10,116] {processor.py:654} INFO - DAG(s) dict_keys(['example_branch_dop_operator_v3']) retrieved from /home/airflow/.local/lib/python3.7/site-packages/airflow/example_dags/example_branch_python_dop_operator_3.py
[2022-02-05 19:23:10,128] {logging_mixin.py:109} INFO - [2022-02-05 19:23:10,128] {dag.py:2396} INFO - Sync 1 DAGs
[2022-02-05 19:23:10,153] {logging_mixin.py:109} INFO - [2022-02-05 19:23:10,153] {dag.py:2935} INFO - Setting next_dagrun for example_branch_dop_operator_v3 to 2022-02-05T19:22:00+00:00
[2022-02-05 19:23:10,166] {processor.py:171} INFO - Processing /home/airflow/.local/lib/python3.7/site-packages/airflow/example_dags/example_branch_python_dop_operator_3.py took 0.088 seconds
[2022-02-05 19:23:40,943] {processor.py:163} INFO - Started process (PID=347) to work on /home/airflow/.local/lib/python3.7/site-packages/airflow/example_dags/example_branch_python_dop_operator_3.py
[2022-02-05 19:23:40,945] {processor.py:642} INFO - Processing file /home/airflow/.local/lib/python3.7/site-packages/airflow/example_dags/example_branch_python_dop_operator_3.py for tasks to queue
[2022-02-05 19:23:40,946] {logging_mixin.py:109} INFO - [2022-02-05 19:23:40,946] {dagbag.py:500} INFO - Filling up the DagBag from /home/airflow/.local/lib/python3.7/site-packages/airflow/example_dags/example_branch_python_dop_operator_3.py
[2022-02-05 19:23:40,978] {processor.py:654} INFO - DAG(s) dict_keys(['example_branch_dop_operator_v3']) retrieved from /home/airflow/.local/lib/python3.7/site-packages/airflow/example_dags/example_branch_python_dop_operator_3.py
[2022-02-05 19:23:40,994] {logging_mixin.py:109} INFO - [2022-02-05 19:23:40,993] {dag.py:2396} INFO - Sync 1 DAGs
[2022-02-05 19:23:41,023] {logging_mixin.py:109} INFO - [2022-02-05 19:23:41,023] {dag.py:2935} INFO - Setting next_dagrun for example_branch_dop_operator_v3 to 2022-02-05T19:22:00+00:00
[2022-02-05 19:23:41,041] {processor.py:171} INFO - Processing /home/airflow/.local/lib/python3.7/site-packages/airflow/example_dags/example_branch_python_dop_operator_3.py took 0.102 seconds
[2022-02-05 19:24:11,565] {processor.py:163} INFO - Started process (PID=410) to work on /home/airflow/.local/lib/python3.7/site-packages/airflow/example_dags/example_branch_python_dop_operator_3.py
[2022-02-05 19:24:11,566] {processor.py:642} INFO - Processing file /home/airflow/.local/lib/python3.7/site-packages/airflow/example_dags/example_branch_python_dop_operator_3.py for tasks to queue
[2022-02-05 19:24:11,566] {logging_mixin.py:109} INFO - [2022-02-05 19:24:11,566] {dagbag.py:500} INFO - Filling up the DagBag from /home/airflow/.local/lib/python3.7/site-packages/airflow/example_dags/example_branch_python_dop_operator_3.py
[2022-02-05 19:24:11,592] {processor.py:654} INFO - DAG(s) dict_keys(['example_branch_dop_operator_v3']) retrieved from /home/airflow/.local/lib/python3.7/site-packages/airflow/example_dags/example_branch_python_dop_operator_3.py
[2022-02-05 19:24:11,602] {logging_mixin.py:109} INFO - [2022-02-05 19:24:11,602] {dag.py:2396} INFO - Sync 1 DAGs
[2022-02-05 19:24:11,622] {logging_mixin.py:109} INFO - [2022-02-05 19:24:11,622] {dag.py:2935} INFO - Setting next_dagrun for example_branch_dop_operator_v3 to 2022-02-05T19:23:00+00:00
[2022-02-05 19:24:11,635] {processor.py:171} INFO - Processing /home/airflow/.local/lib/python3.7/site-packages/airflow/example_dags/example_branch_python_dop_operator_3.py took 0.074 seconds
[2022-02-05 19:24:41,968] {processor.py:163} INFO - Started process (PID=462) to work on /home/airflow/.local/lib/python3.7/site-packages/airflow/example_dags/example_branch_python_dop_operator_3.py
[2022-02-05 19:24:41,969] {processor.py:642} INFO - Processing file /home/airflow/.local/lib/python3.7/site-packages/airflow/example_dags/example_branch_python_dop_operator_3.py for tasks to queue
[2022-02-05 19:24:41,970] {logging_mixin.py:109} INFO - [2022-02-05 19:24:41,970] {dagbag.py:500} INFO - Filling up the DagBag from /home/airflow/.local/lib/python3.7/site-packages/airflow/example_dags/example_branch_python_dop_operator_3.py
[2022-02-05 19:24:41,994] {processor.py:654} INFO - DAG(s) dict_keys(['example_branch_dop_operator_v3']) retrieved from /home/airflow/.local/lib/python3.7/site-packages/airflow/example_dags/example_branch_python_dop_operator_3.py
[2022-02-05 19:24:42,003] {logging_mixin.py:109} INFO - [2022-02-05 19:24:42,003] {dag.py:2396} INFO - Sync 1 DAGs
[2022-02-05 19:24:42,021] {logging_mixin.py:109} INFO - [2022-02-05 19:24:42,021] {dag.py:2935} INFO - Setting next_dagrun for example_branch_dop_operator_v3 to 2022-02-05T19:23:00+00:00
[2022-02-05 19:24:42,030] {processor.py:171} INFO - Processing /home/airflow/.local/lib/python3.7/site-packages/airflow/example_dags/example_branch_python_dop_operator_3.py took 0.065 seconds
[2022-02-05 19:25:12,345] {processor.py:163} INFO - Started process (PID=523) to work on /home/airflow/.local/lib/python3.7/site-packages/airflow/example_dags/example_branch_python_dop_operator_3.py
[2022-02-05 19:25:12,350] {processor.py:642} INFO - Processing file /home/airflow/.local/lib/python3.7/site-packages/airflow/example_dags/example_branch_python_dop_operator_3.py for tasks to queue
[2022-02-05 19:25:12,351] {logging_mixin.py:109} INFO - [2022-02-05 19:25:12,351] {dagbag.py:500} INFO - Filling up the DagBag from /home/airflow/.local/lib/python3.7/site-packages/airflow/example_dags/example_branch_python_dop_operator_3.py
[2022-02-05 19:25:12,377] {processor.py:654} INFO - DAG(s) dict_keys(['example_branch_dop_operator_v3']) retrieved from /home/airflow/.local/lib/python3.7/site-packages/airflow/example_dags/example_branch_python_dop_operator_3.py
[2022-02-05 19:25:12,386] {logging_mixin.py:109} INFO - [2022-02-05 19:25:12,386] {dag.py:2396} INFO - Sync 1 DAGs
[2022-02-05 19:25:12,407] {logging_mixin.py:109} INFO - [2022-02-05 19:25:12,407] {dag.py:2935} INFO - Setting next_dagrun for example_branch_dop_operator_v3 to 2022-02-05T19:24:00+00:00
[2022-02-05 19:25:12,417] {processor.py:171} INFO - Processing /home/airflow/.local/lib/python3.7/site-packages/airflow/example_dags/example_branch_python_dop_operator_3.py took 0.075 seconds
[2022-02-05 19:25:42,717] {processor.py:163} INFO - Started process (PID=577) to work on /home/airflow/.local/lib/python3.7/site-packages/airflow/example_dags/example_branch_python_dop_operator_3.py
[2022-02-05 19:25:42,718] {processor.py:642} INFO - Processing file /home/airflow/.local/lib/python3.7/site-packages/airflow/example_dags/example_branch_python_dop_operator_3.py for tasks to queue
[2022-02-05 19:25:42,719] {logging_mixin.py:109} INFO - [2022-02-05 19:25:42,719] {dagbag.py:500} INFO - Filling up the DagBag from /home/airflow/.local/lib/python3.7/site-packages/airflow/example_dags/example_branch_python_dop_operator_3.py
[2022-02-05 19:25:42,755] {processor.py:654} INFO - DAG(s) dict_keys(['example_branch_dop_operator_v3']) retrieved from /home/airflow/.local/lib/python3.7/site-packages/airflow/example_dags/example_branch_python_dop_operator_3.py
[2022-02-05 19:25:42,768] {logging_mixin.py:109} INFO - [2022-02-05 19:25:42,767] {dag.py:2396} INFO - Sync 1 DAGs
[2022-02-05 19:25:42,793] {logging_mixin.py:109} INFO - [2022-02-05 19:25:42,793] {dag.py:2935} INFO - Setting next_dagrun for example_branch_dop_operator_v3 to 2022-02-05T19:24:00+00:00
[2022-02-05 19:25:42,803] {processor.py:171} INFO - Processing /home/airflow/.local/lib/python3.7/site-packages/airflow/example_dags/example_branch_python_dop_operator_3.py took 0.090 seconds
[2022-02-05 19:26:14,835] {processor.py:163} INFO - Started process (PID=640) to work on /home/airflow/.local/lib/python3.7/site-packages/airflow/example_dags/example_branch_python_dop_operator_3.py
[2022-02-05 19:26:14,838] {processor.py:642} INFO - Processing file /home/airflow/.local/lib/python3.7/site-packages/airflow/example_dags/example_branch_python_dop_operator_3.py for tasks to queue
[2022-02-05 19:26:14,840] {logging_mixin.py:109} INFO - [2022-02-05 19:26:14,839] {dagbag.py:500} INFO - Filling up the DagBag from /home/airflow/.local/lib/python3.7/site-packages/airflow/example_dags/example_branch_python_dop_operator_3.py
[2022-02-05 19:26:14,904] {processor.py:654} INFO - DAG(s) dict_keys(['example_branch_dop_operator_v3']) retrieved from /home/airflow/.local/lib/python3.7/site-packages/airflow/example_dags/example_branch_python_dop_operator_3.py
[2022-02-05 19:26:14,924] {logging_mixin.py:109} INFO - [2022-02-05 19:26:14,923] {dag.py:2396} INFO - Sync 1 DAGs
[2022-02-05 19:26:14,965] {logging_mixin.py:109} INFO - [2022-02-05 19:26:14,965] {dag.py:2935} INFO - Setting next_dagrun for example_branch_dop_operator_v3 to 2022-02-05T19:25:00+00:00
[2022-02-05 19:26:14,982] {processor.py:171} INFO - Processing /home/airflow/.local/lib/python3.7/site-packages/airflow/example_dags/example_branch_python_dop_operator_3.py took 0.153 seconds
[2022-02-05 19:26:45,632] {processor.py:163} INFO - Started process (PID=695) to work on /home/airflow/.local/lib/python3.7/site-packages/airflow/example_dags/example_branch_python_dop_operator_3.py
[2022-02-05 19:26:45,633] {processor.py:642} INFO - Processing file /home/airflow/.local/lib/python3.7/site-packages/airflow/example_dags/example_branch_python_dop_operator_3.py for tasks to queue
[2022-02-05 19:26:45,634] {logging_mixin.py:109} INFO - [2022-02-05 19:26:45,633] {dagbag.py:500} INFO - Filling up the DagBag from /home/airflow/.local/lib/python3.7/site-packages/airflow/example_dags/example_branch_python_dop_operator_3.py
[2022-02-05 19:26:45,659] {processor.py:654} INFO - DAG(s) dict_keys(['example_branch_dop_operator_v3']) retrieved from /home/airflow/.local/lib/python3.7/site-packages/airflow/example_dags/example_branch_python_dop_operator_3.py
[2022-02-05 19:26:45,667] {logging_mixin.py:109} INFO - [2022-02-05 19:26:45,667] {dag.py:2396} INFO - Sync 1 DAGs
[2022-02-05 19:26:45,683] {logging_mixin.py:109} INFO - [2022-02-05 19:26:45,683] {dag.py:2935} INFO - Setting next_dagrun for example_branch_dop_operator_v3 to 2022-02-05T19:25:00+00:00
[2022-02-05 19:26:45,692] {processor.py:171} INFO - Processing /home/airflow/.local/lib/python3.7/site-packages/airflow/example_dags/example_branch_python_dop_operator_3.py took 0.063 seconds
[2022-02-05 19:27:17,096] {processor.py:163} INFO - Started process (PID=757) to work on /home/airflow/.local/lib/python3.7/site-packages/airflow/example_dags/example_branch_python_dop_operator_3.py
[2022-02-05 19:27:17,098] {processor.py:642} INFO - Processing file /home/airflow/.local/lib/python3.7/site-packages/airflow/example_dags/example_branch_python_dop_operator_3.py for tasks to queue
[2022-02-05 19:27:17,100] {logging_mixin.py:109} INFO - [2022-02-05 19:27:17,099] {dagbag.py:500} INFO - Filling up the DagBag from /home/airflow/.local/lib/python3.7/site-packages/airflow/example_dags/example_branch_python_dop_operator_3.py
[2022-02-05 19:27:17,159] {processor.py:654} INFO - DAG(s) dict_keys(['example_branch_dop_operator_v3']) retrieved from /home/airflow/.local/lib/python3.7/site-packages/airflow/example_dags/example_branch_python_dop_operator_3.py
[2022-02-05 19:27:17,175] {logging_mixin.py:109} INFO - [2022-02-05 19:27:17,174] {dag.py:2396} INFO - Sync 1 DAGs
[2022-02-05 19:27:17,203] {logging_mixin.py:109} INFO - [2022-02-05 19:27:17,203] {dag.py:2935} INFO - Setting next_dagrun for example_branch_dop_operator_v3 to 2022-02-05T19:26:00+00:00
[2022-02-05 19:27:17,224] {processor.py:171} INFO - Processing /home/airflow/.local/lib/python3.7/site-packages/airflow/example_dags/example_branch_python_dop_operator_3.py took 0.144 seconds
[2022-02-05 19:27:48,252] {processor.py:163} INFO - Started process (PID=809) to work on /home/airflow/.local/lib/python3.7/site-packages/airflow/example_dags/example_branch_python_dop_operator_3.py
[2022-02-05 19:27:48,253] {processor.py:642} INFO - Processing file /home/airflow/.local/lib/python3.7/site-packages/airflow/example_dags/example_branch_python_dop_operator_3.py for tasks to queue
[2022-02-05 19:27:48,254] {logging_mixin.py:109} INFO - [2022-02-05 19:27:48,254] {dagbag.py:500} INFO - Filling up the DagBag from /home/airflow/.local/lib/python3.7/site-packages/airflow/example_dags/example_branch_python_dop_operator_3.py
[2022-02-05 19:27:48,282] {processor.py:654} INFO - DAG(s) dict_keys(['example_branch_dop_operator_v3']) retrieved from /home/airflow/.local/lib/python3.7/site-packages/airflow/example_dags/example_branch_python_dop_operator_3.py
[2022-02-05 19:27:48,292] {logging_mixin.py:109} INFO - [2022-02-05 19:27:48,291] {dag.py:2396} INFO - Sync 1 DAGs
[2022-02-05 19:27:48,313] {logging_mixin.py:109} INFO - [2022-02-05 19:27:48,312] {dag.py:2935} INFO - Setting next_dagrun for example_branch_dop_operator_v3 to 2022-02-05T19:26:00+00:00
[2022-02-05 19:27:48,322] {processor.py:171} INFO - Processing /home/airflow/.local/lib/python3.7/site-packages/airflow/example_dags/example_branch_python_dop_operator_3.py took 0.073 seconds
[2022-02-05 19:28:19,083] {processor.py:163} INFO - Started process (PID=873) to work on /home/airflow/.local/lib/python3.7/site-packages/airflow/example_dags/example_branch_python_dop_operator_3.py
[2022-02-05 19:28:19,091] {processor.py:642} INFO - Processing file /home/airflow/.local/lib/python3.7/site-packages/airflow/example_dags/example_branch_python_dop_operator_3.py for tasks to queue
[2022-02-05 19:28:19,092] {logging_mixin.py:109} INFO - [2022-02-05 19:28:19,092] {dagbag.py:500} INFO - Filling up the DagBag from /home/airflow/.local/lib/python3.7/site-packages/airflow/example_dags/example_branch_python_dop_operator_3.py
[2022-02-05 19:28:19,133] {processor.py:654} INFO - DAG(s) dict_keys(['example_branch_dop_operator_v3']) retrieved from /home/airflow/.local/lib/python3.7/site-packages/airflow/example_dags/example_branch_python_dop_operator_3.py
[2022-02-05 19:28:19,147] {logging_mixin.py:109} INFO - [2022-02-05 19:28:19,147] {dag.py:2396} INFO - Sync 1 DAGs
[2022-02-05 19:28:19,174] {logging_mixin.py:109} INFO - [2022-02-05 19:28:19,174] {dag.py:2935} INFO - Setting next_dagrun for example_branch_dop_operator_v3 to 2022-02-05T19:27:00+00:00
[2022-02-05 19:28:19,187] {processor.py:171} INFO - Processing /home/airflow/.local/lib/python3.7/site-packages/airflow/example_dags/example_branch_python_dop_operator_3.py took 0.109 seconds
[2022-02-05 19:28:49,742] {processor.py:163} INFO - Started process (PID=926) to work on /home/airflow/.local/lib/python3.7/site-packages/airflow/example_dags/example_branch_python_dop_operator_3.py
[2022-02-05 19:28:49,743] {processor.py:642} INFO - Processing file /home/airflow/.local/lib/python3.7/site-packages/airflow/example_dags/example_branch_python_dop_operator_3.py for tasks to queue
[2022-02-05 19:28:49,744] {logging_mixin.py:109} INFO - [2022-02-05 19:28:49,744] {dagbag.py:500} INFO - Filling up the DagBag from /home/airflow/.local/lib/python3.7/site-packages/airflow/example_dags/example_branch_python_dop_operator_3.py
[2022-02-05 19:28:49,777] {processor.py:654} INFO - DAG(s) dict_keys(['example_branch_dop_operator_v3']) retrieved from /home/airflow/.local/lib/python3.7/site-packages/airflow/example_dags/example_branch_python_dop_operator_3.py
[2022-02-05 19:28:49,789] {logging_mixin.py:109} INFO - [2022-02-05 19:28:49,789] {dag.py:2396} INFO - Sync 1 DAGs
[2022-02-05 19:28:49,814] {logging_mixin.py:109} INFO - [2022-02-05 19:28:49,814] {dag.py:2935} INFO - Setting next_dagrun for example_branch_dop_operator_v3 to 2022-02-05T19:27:00+00:00
[2022-02-05 19:28:49,827] {processor.py:171} INFO - Processing /home/airflow/.local/lib/python3.7/site-packages/airflow/example_dags/example_branch_python_dop_operator_3.py took 0.089 seconds
[2022-02-05 19:29:20,415] {processor.py:163} INFO - Started process (PID=989) to work on /home/airflow/.local/lib/python3.7/site-packages/airflow/example_dags/example_branch_python_dop_operator_3.py
[2022-02-05 19:29:20,416] {processor.py:642} INFO - Processing file /home/airflow/.local/lib/python3.7/site-packages/airflow/example_dags/example_branch_python_dop_operator_3.py for tasks to queue
[2022-02-05 19:29:20,417] {logging_mixin.py:109} INFO - [2022-02-05 19:29:20,417] {dagbag.py:500} INFO - Filling up the DagBag from /home/airflow/.local/lib/python3.7/site-packages/airflow/example_dags/example_branch_python_dop_operator_3.py
[2022-02-05 19:29:20,448] {processor.py:654} INFO - DAG(s) dict_keys(['example_branch_dop_operator_v3']) retrieved from /home/airflow/.local/lib/python3.7/site-packages/airflow/example_dags/example_branch_python_dop_operator_3.py
[2022-02-05 19:29:20,459] {logging_mixin.py:109} INFO - [2022-02-05 19:29:20,459] {dag.py:2396} INFO - Sync 1 DAGs
[2022-02-05 19:29:20,482] {logging_mixin.py:109} INFO - [2022-02-05 19:29:20,482] {dag.py:2935} INFO - Setting next_dagrun for example_branch_dop_operator_v3 to 2022-02-05T19:28:00+00:00
[2022-02-05 19:29:20,495] {processor.py:171} INFO - Processing /home/airflow/.local/lib/python3.7/site-packages/airflow/example_dags/example_branch_python_dop_operator_3.py took 0.084 seconds
[2022-02-05 19:29:51,707] {processor.py:163} INFO - Started process (PID=1042) to work on /home/airflow/.local/lib/python3.7/site-packages/airflow/example_dags/example_branch_python_dop_operator_3.py
[2022-02-05 19:29:51,708] {processor.py:642} INFO - Processing file /home/airflow/.local/lib/python3.7/site-packages/airflow/example_dags/example_branch_python_dop_operator_3.py for tasks to queue
[2022-02-05 19:29:51,709] {logging_mixin.py:109} INFO - [2022-02-05 19:29:51,709] {dagbag.py:500} INFO - Filling up the DagBag from /home/airflow/.local/lib/python3.7/site-packages/airflow/example_dags/example_branch_python_dop_operator_3.py
[2022-02-05 19:29:51,747] {processor.py:654} INFO - DAG(s) dict_keys(['example_branch_dop_operator_v3']) retrieved from /home/airflow/.local/lib/python3.7/site-packages/airflow/example_dags/example_branch_python_dop_operator_3.py
[2022-02-05 19:29:51,760] {logging_mixin.py:109} INFO - [2022-02-05 19:29:51,760] {dag.py:2396} INFO - Sync 1 DAGs
[2022-02-05 19:29:51,787] {logging_mixin.py:109} INFO - [2022-02-05 19:29:51,787] {dag.py:2935} INFO - Setting next_dagrun for example_branch_dop_operator_v3 to 2022-02-05T19:28:00+00:00
[2022-02-05 19:29:51,804] {processor.py:171} INFO - Processing /home/airflow/.local/lib/python3.7/site-packages/airflow/example_dags/example_branch_python_dop_operator_3.py took 0.101 seconds
[2022-02-05 19:30:22,304] {processor.py:163} INFO - Started process (PID=1104) to work on /home/airflow/.local/lib/python3.7/site-packages/airflow/example_dags/example_branch_python_dop_operator_3.py
[2022-02-05 19:30:22,305] {processor.py:642} INFO - Processing file /home/airflow/.local/lib/python3.7/site-packages/airflow/example_dags/example_branch_python_dop_operator_3.py for tasks to queue
[2022-02-05 19:30:22,306] {logging_mixin.py:109} INFO - [2022-02-05 19:30:22,306] {dagbag.py:500} INFO - Filling up the DagBag from /home/airflow/.local/lib/python3.7/site-packages/airflow/example_dags/example_branch_python_dop_operator_3.py
[2022-02-05 19:30:22,333] {processor.py:654} INFO - DAG(s) dict_keys(['example_branch_dop_operator_v3']) retrieved from /home/airflow/.local/lib/python3.7/site-packages/airflow/example_dags/example_branch_python_dop_operator_3.py
[2022-02-05 19:30:22,343] {logging_mixin.py:109} INFO - [2022-02-05 19:30:22,342] {dag.py:2396} INFO - Sync 1 DAGs
[2022-02-05 19:30:22,362] {logging_mixin.py:109} INFO - [2022-02-05 19:30:22,362] {dag.py:2935} INFO - Setting next_dagrun for example_branch_dop_operator_v3 to 2022-02-05T19:29:00+00:00
[2022-02-05 19:30:22,372] {processor.py:171} INFO - Processing /home/airflow/.local/lib/python3.7/site-packages/airflow/example_dags/example_branch_python_dop_operator_3.py took 0.072 seconds
[2022-02-05 19:30:54,367] {processor.py:163} INFO - Started process (PID=1157) to work on /home/airflow/.local/lib/python3.7/site-packages/airflow/example_dags/example_branch_python_dop_operator_3.py
[2022-02-05 19:30:54,382] {processor.py:642} INFO - Processing file /home/airflow/.local/lib/python3.7/site-packages/airflow/example_dags/example_branch_python_dop_operator_3.py for tasks to queue
[2022-02-05 19:30:54,384] {logging_mixin.py:109} INFO - [2022-02-05 19:30:54,383] {dagbag.py:500} INFO - Filling up the DagBag from /home/airflow/.local/lib/python3.7/site-packages/airflow/example_dags/example_branch_python_dop_operator_3.py
[2022-02-05 19:30:54,442] {processor.py:654} INFO - DAG(s) dict_keys(['example_branch_dop_operator_v3']) retrieved from /home/airflow/.local/lib/python3.7/site-packages/airflow/example_dags/example_branch_python_dop_operator_3.py
[2022-02-05 19:30:54,461] {logging_mixin.py:109} INFO - [2022-02-05 19:30:54,461] {dag.py:2396} INFO - Sync 1 DAGs
[2022-02-05 19:30:54,502] {logging_mixin.py:109} INFO - [2022-02-05 19:30:54,502] {dag.py:2935} INFO - Setting next_dagrun for example_branch_dop_operator_v3 to 2022-02-05T19:29:00+00:00
[2022-02-05 19:30:54,519] {processor.py:171} INFO - Processing /home/airflow/.local/lib/python3.7/site-packages/airflow/example_dags/example_branch_python_dop_operator_3.py took 0.159 seconds
[2022-02-05 19:31:24,894] {processor.py:163} INFO - Started process (PID=1220) to work on /home/airflow/.local/lib/python3.7/site-packages/airflow/example_dags/example_branch_python_dop_operator_3.py
[2022-02-05 19:31:24,896] {processor.py:642} INFO - Processing file /home/airflow/.local/lib/python3.7/site-packages/airflow/example_dags/example_branch_python_dop_operator_3.py for tasks to queue
[2022-02-05 19:31:24,897] {logging_mixin.py:109} INFO - [2022-02-05 19:31:24,897] {dagbag.py:500} INFO - Filling up the DagBag from /home/airflow/.local/lib/python3.7/site-packages/airflow/example_dags/example_branch_python_dop_operator_3.py
[2022-02-05 19:31:25,000] {processor.py:654} INFO - DAG(s) dict_keys(['example_branch_dop_operator_v3']) retrieved from /home/airflow/.local/lib/python3.7/site-packages/airflow/example_dags/example_branch_python_dop_operator_3.py
[2022-02-05 19:31:25,014] {logging_mixin.py:109} INFO - [2022-02-05 19:31:25,014] {dag.py:2396} INFO - Sync 1 DAGs
[2022-02-05 19:31:25,050] {logging_mixin.py:109} INFO - [2022-02-05 19:31:25,050] {dag.py:2935} INFO - Setting next_dagrun for example_branch_dop_operator_v3 to 2022-02-05T19:30:00+00:00
[2022-02-05 19:31:25,065] {processor.py:171} INFO - Processing /home/airflow/.local/lib/python3.7/site-packages/airflow/example_dags/example_branch_python_dop_operator_3.py took 0.176 seconds
[2022-02-05 19:31:56,055] {processor.py:163} INFO - Started process (PID=1273) to work on /home/airflow/.local/lib/python3.7/site-packages/airflow/example_dags/example_branch_python_dop_operator_3.py
[2022-02-05 19:31:56,061] {processor.py:642} INFO - Processing file /home/airflow/.local/lib/python3.7/site-packages/airflow/example_dags/example_branch_python_dop_operator_3.py for tasks to queue
[2022-02-05 19:31:56,062] {logging_mixin.py:109} INFO - [2022-02-05 19:31:56,062] {dagbag.py:500} INFO - Filling up the DagBag from /home/airflow/.local/lib/python3.7/site-packages/airflow/example_dags/example_branch_python_dop_operator_3.py
[2022-02-05 19:31:56,085] {processor.py:654} INFO - DAG(s) dict_keys(['example_branch_dop_operator_v3']) retrieved from /home/airflow/.local/lib/python3.7/site-packages/airflow/example_dags/example_branch_python_dop_operator_3.py
[2022-02-05 19:31:56,093] {logging_mixin.py:109} INFO - [2022-02-05 19:31:56,093] {dag.py:2396} INFO - Sync 1 DAGs
[2022-02-05 19:31:56,110] {logging_mixin.py:109} INFO - [2022-02-05 19:31:56,110] {dag.py:2935} INFO - Setting next_dagrun for example_branch_dop_operator_v3 to 2022-02-05T19:30:00+00:00
[2022-02-05 19:31:56,131] {processor.py:171} INFO - Processing /home/airflow/.local/lib/python3.7/site-packages/airflow/example_dags/example_branch_python_dop_operator_3.py took 0.079 seconds
[2022-02-05 19:32:26,655] {processor.py:163} INFO - Started process (PID=1331) to work on /home/airflow/.local/lib/python3.7/site-packages/airflow/example_dags/example_branch_python_dop_operator_3.py
[2022-02-05 19:32:26,664] {processor.py:642} INFO - Processing file /home/airflow/.local/lib/python3.7/site-packages/airflow/example_dags/example_branch_python_dop_operator_3.py for tasks to queue
[2022-02-05 19:32:26,665] {logging_mixin.py:109} INFO - [2022-02-05 19:32:26,664] {dagbag.py:500} INFO - Filling up the DagBag from /home/airflow/.local/lib/python3.7/site-packages/airflow/example_dags/example_branch_python_dop_operator_3.py
[2022-02-05 19:32:26,701] {processor.py:654} INFO - DAG(s) dict_keys(['example_branch_dop_operator_v3']) retrieved from /home/airflow/.local/lib/python3.7/site-packages/airflow/example_dags/example_branch_python_dop_operator_3.py
[2022-02-05 19:32:26,713] {logging_mixin.py:109} INFO - [2022-02-05 19:32:26,713] {dag.py:2396} INFO - Sync 1 DAGs
[2022-02-05 19:32:26,743] {logging_mixin.py:109} INFO - [2022-02-05 19:32:26,743] {dag.py:2935} INFO - Setting next_dagrun for example_branch_dop_operator_v3 to 2022-02-05T19:31:00+00:00
[2022-02-05 19:32:26,759] {processor.py:171} INFO - Processing /home/airflow/.local/lib/python3.7/site-packages/airflow/example_dags/example_branch_python_dop_operator_3.py took 0.108 seconds
[2022-02-05 19:32:57,194] {processor.py:163} INFO - Started process (PID=1392) to work on /home/airflow/.local/lib/python3.7/site-packages/airflow/example_dags/example_branch_python_dop_operator_3.py
[2022-02-05 19:32:57,195] {processor.py:642} INFO - Processing file /home/airflow/.local/lib/python3.7/site-packages/airflow/example_dags/example_branch_python_dop_operator_3.py for tasks to queue
[2022-02-05 19:32:57,195] {logging_mixin.py:109} INFO - [2022-02-05 19:32:57,195] {dagbag.py:500} INFO - Filling up the DagBag from /home/airflow/.local/lib/python3.7/site-packages/airflow/example_dags/example_branch_python_dop_operator_3.py
[2022-02-05 19:32:57,220] {processor.py:654} INFO - DAG(s) dict_keys(['example_branch_dop_operator_v3']) retrieved from /home/airflow/.local/lib/python3.7/site-packages/airflow/example_dags/example_branch_python_dop_operator_3.py
[2022-02-05 19:32:57,228] {logging_mixin.py:109} INFO - [2022-02-05 19:32:57,227] {dag.py:2396} INFO - Sync 1 DAGs
[2022-02-05 19:32:57,244] {logging_mixin.py:109} INFO - [2022-02-05 19:32:57,244] {dag.py:2935} INFO - Setting next_dagrun for example_branch_dop_operator_v3 to 2022-02-05T19:31:00+00:00
[2022-02-05 19:32:57,252] {processor.py:171} INFO - Processing /home/airflow/.local/lib/python3.7/site-packages/airflow/example_dags/example_branch_python_dop_operator_3.py took 0.061 seconds
[2022-02-05 19:33:27,550] {processor.py:163} INFO - Started process (PID=1457) to work on /home/airflow/.local/lib/python3.7/site-packages/airflow/example_dags/example_branch_python_dop_operator_3.py
[2022-02-05 19:33:27,551] {processor.py:642} INFO - Processing file /home/airflow/.local/lib/python3.7/site-packages/airflow/example_dags/example_branch_python_dop_operator_3.py for tasks to queue
[2022-02-05 19:33:27,552] {logging_mixin.py:109} INFO - [2022-02-05 19:33:27,552] {dagbag.py:500} INFO - Filling up the DagBag from /home/airflow/.local/lib/python3.7/site-packages/airflow/example_dags/example_branch_python_dop_operator_3.py
[2022-02-05 19:33:27,576] {processor.py:654} INFO - DAG(s) dict_keys(['example_branch_dop_operator_v3']) retrieved from /home/airflow/.local/lib/python3.7/site-packages/airflow/example_dags/example_branch_python_dop_operator_3.py
[2022-02-05 19:33:27,585] {logging_mixin.py:109} INFO - [2022-02-05 19:33:27,585] {dag.py:2396} INFO - Sync 1 DAGs
[2022-02-05 19:33:27,603] {logging_mixin.py:109} INFO - [2022-02-05 19:33:27,603] {dag.py:2935} INFO - Setting next_dagrun for example_branch_dop_operator_v3 to 2022-02-05T19:32:00+00:00
[2022-02-05 19:33:27,611] {processor.py:171} INFO - Processing /home/airflow/.local/lib/python3.7/site-packages/airflow/example_dags/example_branch_python_dop_operator_3.py took 0.064 seconds
[2022-02-05 19:33:57,765] {processor.py:163} INFO - Started process (PID=1509) to work on /home/airflow/.local/lib/python3.7/site-packages/airflow/example_dags/example_branch_python_dop_operator_3.py
[2022-02-05 19:33:57,766] {processor.py:642} INFO - Processing file /home/airflow/.local/lib/python3.7/site-packages/airflow/example_dags/example_branch_python_dop_operator_3.py for tasks to queue
[2022-02-05 19:33:57,767] {logging_mixin.py:109} INFO - [2022-02-05 19:33:57,767] {dagbag.py:500} INFO - Filling up the DagBag from /home/airflow/.local/lib/python3.7/site-packages/airflow/example_dags/example_branch_python_dop_operator_3.py
[2022-02-05 19:33:57,792] {processor.py:654} INFO - DAG(s) dict_keys(['example_branch_dop_operator_v3']) retrieved from /home/airflow/.local/lib/python3.7/site-packages/airflow/example_dags/example_branch_python_dop_operator_3.py
[2022-02-05 19:33:57,800] {logging_mixin.py:109} INFO - [2022-02-05 19:33:57,799] {dag.py:2396} INFO - Sync 1 DAGs
[2022-02-05 19:33:57,816] {logging_mixin.py:109} INFO - [2022-02-05 19:33:57,816] {dag.py:2935} INFO - Setting next_dagrun for example_branch_dop_operator_v3 to 2022-02-05T19:32:00+00:00
[2022-02-05 19:33:57,825] {processor.py:171} INFO - Processing /home/airflow/.local/lib/python3.7/site-packages/airflow/example_dags/example_branch_python_dop_operator_3.py took 0.062 seconds
[2022-02-05 19:34:28,786] {processor.py:163} INFO - Started process (PID=1570) to work on /home/airflow/.local/lib/python3.7/site-packages/airflow/example_dags/example_branch_python_dop_operator_3.py
[2022-02-05 19:34:28,787] {processor.py:642} INFO - Processing file /home/airflow/.local/lib/python3.7/site-packages/airflow/example_dags/example_branch_python_dop_operator_3.py for tasks to queue
[2022-02-05 19:34:28,788] {logging_mixin.py:109} INFO - [2022-02-05 19:34:28,788] {dagbag.py:500} INFO - Filling up the DagBag from /home/airflow/.local/lib/python3.7/site-packages/airflow/example_dags/example_branch_python_dop_operator_3.py
[2022-02-05 19:34:28,812] {processor.py:654} INFO - DAG(s) dict_keys(['example_branch_dop_operator_v3']) retrieved from /home/airflow/.local/lib/python3.7/site-packages/airflow/example_dags/example_branch_python_dop_operator_3.py
[2022-02-05 19:34:28,820] {logging_mixin.py:109} INFO - [2022-02-05 19:34:28,820] {dag.py:2396} INFO - Sync 1 DAGs
[2022-02-05 19:34:28,842] {logging_mixin.py:109} INFO - [2022-02-05 19:34:28,842] {dag.py:2935} INFO - Setting next_dagrun for example_branch_dop_operator_v3 to 2022-02-05T19:33:00+00:00
[2022-02-05 19:34:28,853] {processor.py:171} INFO - Processing /home/airflow/.local/lib/python3.7/site-packages/airflow/example_dags/example_branch_python_dop_operator_3.py took 0.070 seconds
[2022-02-05 19:34:59,756] {processor.py:163} INFO - Started process (PID=1622) to work on /home/airflow/.local/lib/python3.7/site-packages/airflow/example_dags/example_branch_python_dop_operator_3.py
[2022-02-05 19:34:59,757] {processor.py:642} INFO - Processing file /home/airflow/.local/lib/python3.7/site-packages/airflow/example_dags/example_branch_python_dop_operator_3.py for tasks to queue
[2022-02-05 19:34:59,758] {logging_mixin.py:109} INFO - [2022-02-05 19:34:59,757] {dagbag.py:500} INFO - Filling up the DagBag from /home/airflow/.local/lib/python3.7/site-packages/airflow/example_dags/example_branch_python_dop_operator_3.py
[2022-02-05 19:34:59,780] {processor.py:654} INFO - DAG(s) dict_keys(['example_branch_dop_operator_v3']) retrieved from /home/airflow/.local/lib/python3.7/site-packages/airflow/example_dags/example_branch_python_dop_operator_3.py
[2022-02-05 19:34:59,787] {logging_mixin.py:109} INFO - [2022-02-05 19:34:59,787] {dag.py:2396} INFO - Sync 1 DAGs
[2022-02-05 19:34:59,803] {logging_mixin.py:109} INFO - [2022-02-05 19:34:59,803] {dag.py:2935} INFO - Setting next_dagrun for example_branch_dop_operator_v3 to 2022-02-05T19:33:00+00:00
[2022-02-05 19:34:59,811] {processor.py:171} INFO - Processing /home/airflow/.local/lib/python3.7/site-packages/airflow/example_dags/example_branch_python_dop_operator_3.py took 0.057 seconds
[2022-02-05 19:35:29,920] {processor.py:163} INFO - Started process (PID=1683) to work on /home/airflow/.local/lib/python3.7/site-packages/airflow/example_dags/example_branch_python_dop_operator_3.py
[2022-02-05 19:35:29,921] {processor.py:642} INFO - Processing file /home/airflow/.local/lib/python3.7/site-packages/airflow/example_dags/example_branch_python_dop_operator_3.py for tasks to queue
[2022-02-05 19:35:29,921] {logging_mixin.py:109} INFO - [2022-02-05 19:35:29,921] {dagbag.py:500} INFO - Filling up the DagBag from /home/airflow/.local/lib/python3.7/site-packages/airflow/example_dags/example_branch_python_dop_operator_3.py
[2022-02-05 19:35:29,944] {processor.py:654} INFO - DAG(s) dict_keys(['example_branch_dop_operator_v3']) retrieved from /home/airflow/.local/lib/python3.7/site-packages/airflow/example_dags/example_branch_python_dop_operator_3.py
[2022-02-05 19:35:29,952] {logging_mixin.py:109} INFO - [2022-02-05 19:35:29,952] {dag.py:2396} INFO - Sync 1 DAGs
[2022-02-05 19:35:29,968] {logging_mixin.py:109} INFO - [2022-02-05 19:35:29,968] {dag.py:2935} INFO - Setting next_dagrun for example_branch_dop_operator_v3 to 2022-02-05T19:34:00+00:00
[2022-02-05 19:35:29,976] {processor.py:171} INFO - Processing /home/airflow/.local/lib/python3.7/site-packages/airflow/example_dags/example_branch_python_dop_operator_3.py took 0.059 seconds
[2022-02-05 19:36:00,906] {processor.py:163} INFO - Started process (PID=1736) to work on /home/airflow/.local/lib/python3.7/site-packages/airflow/example_dags/example_branch_python_dop_operator_3.py
[2022-02-05 19:36:00,908] {processor.py:642} INFO - Processing file /home/airflow/.local/lib/python3.7/site-packages/airflow/example_dags/example_branch_python_dop_operator_3.py for tasks to queue
[2022-02-05 19:36:00,909] {logging_mixin.py:109} INFO - [2022-02-05 19:36:00,909] {dagbag.py:500} INFO - Filling up the DagBag from /home/airflow/.local/lib/python3.7/site-packages/airflow/example_dags/example_branch_python_dop_operator_3.py
[2022-02-05 19:36:00,945] {processor.py:654} INFO - DAG(s) dict_keys(['example_branch_dop_operator_v3']) retrieved from /home/airflow/.local/lib/python3.7/site-packages/airflow/example_dags/example_branch_python_dop_operator_3.py
[2022-02-05 19:36:00,957] {logging_mixin.py:109} INFO - [2022-02-05 19:36:00,957] {dag.py:2396} INFO - Sync 1 DAGs
[2022-02-05 19:36:00,989] {logging_mixin.py:109} INFO - [2022-02-05 19:36:00,989] {dag.py:2935} INFO - Setting next_dagrun for example_branch_dop_operator_v3 to 2022-02-05T19:35:00+00:00
[2022-02-05 19:36:01,005] {processor.py:171} INFO - Processing /home/airflow/.local/lib/python3.7/site-packages/airflow/example_dags/example_branch_python_dop_operator_3.py took 0.104 seconds
[2022-02-05 19:36:31,459] {processor.py:163} INFO - Started process (PID=1798) to work on /home/airflow/.local/lib/python3.7/site-packages/airflow/example_dags/example_branch_python_dop_operator_3.py
[2022-02-05 19:36:31,460] {processor.py:642} INFO - Processing file /home/airflow/.local/lib/python3.7/site-packages/airflow/example_dags/example_branch_python_dop_operator_3.py for tasks to queue
[2022-02-05 19:36:31,461] {logging_mixin.py:109} INFO - [2022-02-05 19:36:31,461] {dagbag.py:500} INFO - Filling up the DagBag from /home/airflow/.local/lib/python3.7/site-packages/airflow/example_dags/example_branch_python_dop_operator_3.py
[2022-02-05 19:36:31,484] {processor.py:654} INFO - DAG(s) dict_keys(['example_branch_dop_operator_v3']) retrieved from /home/airflow/.local/lib/python3.7/site-packages/airflow/example_dags/example_branch_python_dop_operator_3.py
[2022-02-05 19:36:31,492] {logging_mixin.py:109} INFO - [2022-02-05 19:36:31,492] {dag.py:2396} INFO - Sync 1 DAGs
[2022-02-05 19:36:31,508] {logging_mixin.py:109} INFO - [2022-02-05 19:36:31,508] {dag.py:2935} INFO - Setting next_dagrun for example_branch_dop_operator_v3 to 2022-02-05T19:35:00+00:00
[2022-02-05 19:36:31,516] {processor.py:171} INFO - Processing /home/airflow/.local/lib/python3.7/site-packages/airflow/example_dags/example_branch_python_dop_operator_3.py took 0.060 seconds
[2022-02-05 19:37:02,518] {processor.py:163} INFO - Started process (PID=1849) to work on /home/airflow/.local/lib/python3.7/site-packages/airflow/example_dags/example_branch_python_dop_operator_3.py
[2022-02-05 19:37:02,519] {processor.py:642} INFO - Processing file /home/airflow/.local/lib/python3.7/site-packages/airflow/example_dags/example_branch_python_dop_operator_3.py for tasks to queue
[2022-02-05 19:37:02,520] {logging_mixin.py:109} INFO - [2022-02-05 19:37:02,519] {dagbag.py:500} INFO - Filling up the DagBag from /home/airflow/.local/lib/python3.7/site-packages/airflow/example_dags/example_branch_python_dop_operator_3.py
[2022-02-05 19:37:02,574] {processor.py:654} INFO - DAG(s) dict_keys(['example_branch_dop_operator_v3']) retrieved from /home/airflow/.local/lib/python3.7/site-packages/airflow/example_dags/example_branch_python_dop_operator_3.py
[2022-02-05 19:37:02,583] {logging_mixin.py:109} INFO - [2022-02-05 19:37:02,583] {dag.py:2396} INFO - Sync 1 DAGs
[2022-02-05 19:37:02,600] {logging_mixin.py:109} INFO - [2022-02-05 19:37:02,600] {dag.py:2935} INFO - Setting next_dagrun for example_branch_dop_operator_v3 to 2022-02-05T19:36:00+00:00
[2022-02-05 19:37:02,609] {processor.py:171} INFO - Processing /home/airflow/.local/lib/python3.7/site-packages/airflow/example_dags/example_branch_python_dop_operator_3.py took 0.096 seconds
[2022-02-05 19:37:32,878] {processor.py:163} INFO - Started process (PID=1912) to work on /home/airflow/.local/lib/python3.7/site-packages/airflow/example_dags/example_branch_python_dop_operator_3.py
[2022-02-05 19:37:32,879] {processor.py:642} INFO - Processing file /home/airflow/.local/lib/python3.7/site-packages/airflow/example_dags/example_branch_python_dop_operator_3.py for tasks to queue
[2022-02-05 19:37:32,880] {logging_mixin.py:109} INFO - [2022-02-05 19:37:32,880] {dagbag.py:500} INFO - Filling up the DagBag from /home/airflow/.local/lib/python3.7/site-packages/airflow/example_dags/example_branch_python_dop_operator_3.py
[2022-02-05 19:37:32,906] {processor.py:654} INFO - DAG(s) dict_keys(['example_branch_dop_operator_v3']) retrieved from /home/airflow/.local/lib/python3.7/site-packages/airflow/example_dags/example_branch_python_dop_operator_3.py
[2022-02-05 19:37:32,915] {logging_mixin.py:109} INFO - [2022-02-05 19:37:32,915] {dag.py:2396} INFO - Sync 1 DAGs
[2022-02-05 19:37:32,932] {logging_mixin.py:109} INFO - [2022-02-05 19:37:32,932] {dag.py:2935} INFO - Setting next_dagrun for example_branch_dop_operator_v3 to 2022-02-05T19:36:00+00:00
[2022-02-05 19:37:32,940] {processor.py:171} INFO - Processing /home/airflow/.local/lib/python3.7/site-packages/airflow/example_dags/example_branch_python_dop_operator_3.py took 0.066 seconds
[2022-02-05 19:38:03,754] {processor.py:163} INFO - Started process (PID=1975) to work on /home/airflow/.local/lib/python3.7/site-packages/airflow/example_dags/example_branch_python_dop_operator_3.py
[2022-02-05 19:38:03,755] {processor.py:642} INFO - Processing file /home/airflow/.local/lib/python3.7/site-packages/airflow/example_dags/example_branch_python_dop_operator_3.py for tasks to queue
[2022-02-05 19:38:03,756] {logging_mixin.py:109} INFO - [2022-02-05 19:38:03,756] {dagbag.py:500} INFO - Filling up the DagBag from /home/airflow/.local/lib/python3.7/site-packages/airflow/example_dags/example_branch_python_dop_operator_3.py
[2022-02-05 19:38:03,790] {processor.py:654} INFO - DAG(s) dict_keys(['example_branch_dop_operator_v3']) retrieved from /home/airflow/.local/lib/python3.7/site-packages/airflow/example_dags/example_branch_python_dop_operator_3.py
[2022-02-05 19:38:03,801] {logging_mixin.py:109} INFO - [2022-02-05 19:38:03,801] {dag.py:2396} INFO - Sync 1 DAGs
[2022-02-05 19:38:03,824] {logging_mixin.py:109} INFO - [2022-02-05 19:38:03,824] {dag.py:2935} INFO - Setting next_dagrun for example_branch_dop_operator_v3 to 2022-02-05T19:37:00+00:00
[2022-02-05 19:38:03,835] {processor.py:171} INFO - Processing /home/airflow/.local/lib/python3.7/site-packages/airflow/example_dags/example_branch_python_dop_operator_3.py took 0.085 seconds
[2022-02-05 19:38:34,271] {processor.py:163} INFO - Started process (PID=2028) to work on /home/airflow/.local/lib/python3.7/site-packages/airflow/example_dags/example_branch_python_dop_operator_3.py
[2022-02-05 19:38:34,273] {processor.py:642} INFO - Processing file /home/airflow/.local/lib/python3.7/site-packages/airflow/example_dags/example_branch_python_dop_operator_3.py for tasks to queue
[2022-02-05 19:38:34,273] {logging_mixin.py:109} INFO - [2022-02-05 19:38:34,273] {dagbag.py:500} INFO - Filling up the DagBag from /home/airflow/.local/lib/python3.7/site-packages/airflow/example_dags/example_branch_python_dop_operator_3.py
[2022-02-05 19:38:34,297] {processor.py:654} INFO - DAG(s) dict_keys(['example_branch_dop_operator_v3']) retrieved from /home/airflow/.local/lib/python3.7/site-packages/airflow/example_dags/example_branch_python_dop_operator_3.py
[2022-02-05 19:38:34,305] {logging_mixin.py:109} INFO - [2022-02-05 19:38:34,305] {dag.py:2396} INFO - Sync 1 DAGs
[2022-02-05 19:38:34,322] {logging_mixin.py:109} INFO - [2022-02-05 19:38:34,322] {dag.py:2935} INFO - Setting next_dagrun for example_branch_dop_operator_v3 to 2022-02-05T19:37:00+00:00
[2022-02-05 19:38:34,331] {processor.py:171} INFO - Processing /home/airflow/.local/lib/python3.7/site-packages/airflow/example_dags/example_branch_python_dop_operator_3.py took 0.063 seconds
[2022-02-05 19:39:04,760] {processor.py:163} INFO - Started process (PID=2090) to work on /home/airflow/.local/lib/python3.7/site-packages/airflow/example_dags/example_branch_python_dop_operator_3.py
[2022-02-05 19:39:04,761] {processor.py:642} INFO - Processing file /home/airflow/.local/lib/python3.7/site-packages/airflow/example_dags/example_branch_python_dop_operator_3.py for tasks to queue
[2022-02-05 19:39:04,762] {logging_mixin.py:109} INFO - [2022-02-05 19:39:04,762] {dagbag.py:500} INFO - Filling up the DagBag from /home/airflow/.local/lib/python3.7/site-packages/airflow/example_dags/example_branch_python_dop_operator_3.py
[2022-02-05 19:39:04,795] {processor.py:654} INFO - DAG(s) dict_keys(['example_branch_dop_operator_v3']) retrieved from /home/airflow/.local/lib/python3.7/site-packages/airflow/example_dags/example_branch_python_dop_operator_3.py
[2022-02-05 19:39:04,807] {logging_mixin.py:109} INFO - [2022-02-05 19:39:04,807] {dag.py:2396} INFO - Sync 1 DAGs
[2022-02-05 19:39:04,843] {logging_mixin.py:109} INFO - [2022-02-05 19:39:04,842] {dag.py:2935} INFO - Setting next_dagrun for example_branch_dop_operator_v3 to 2022-02-05T19:38:00+00:00
[2022-02-05 19:39:04,857] {processor.py:171} INFO - Processing /home/airflow/.local/lib/python3.7/site-packages/airflow/example_dags/example_branch_python_dop_operator_3.py took 0.101 seconds
[2022-02-05 19:39:35,318] {processor.py:163} INFO - Started process (PID=2148) to work on /home/airflow/.local/lib/python3.7/site-packages/airflow/example_dags/example_branch_python_dop_operator_3.py
[2022-02-05 19:39:35,320] {processor.py:642} INFO - Processing file /home/airflow/.local/lib/python3.7/site-packages/airflow/example_dags/example_branch_python_dop_operator_3.py for tasks to queue
[2022-02-05 19:39:35,321] {logging_mixin.py:109} INFO - [2022-02-05 19:39:35,321] {dagbag.py:500} INFO - Filling up the DagBag from /home/airflow/.local/lib/python3.7/site-packages/airflow/example_dags/example_branch_python_dop_operator_3.py
[2022-02-05 19:39:35,363] {processor.py:654} INFO - DAG(s) dict_keys(['example_branch_dop_operator_v3']) retrieved from /home/airflow/.local/lib/python3.7/site-packages/airflow/example_dags/example_branch_python_dop_operator_3.py
[2022-02-05 19:39:35,376] {logging_mixin.py:109} INFO - [2022-02-05 19:39:35,376] {dag.py:2396} INFO - Sync 1 DAGs
[2022-02-05 19:39:35,407] {logging_mixin.py:109} INFO - [2022-02-05 19:39:35,407] {dag.py:2935} INFO - Setting next_dagrun for example_branch_dop_operator_v3 to 2022-02-05T19:38:00+00:00
[2022-02-05 19:39:35,419] {processor.py:171} INFO - Processing /home/airflow/.local/lib/python3.7/site-packages/airflow/example_dags/example_branch_python_dop_operator_3.py took 0.106 seconds
[2022-02-05 19:40:08,379] {processor.py:163} INFO - Started process (PID=2202) to work on /home/airflow/.local/lib/python3.7/site-packages/airflow/example_dags/example_branch_python_dop_operator_3.py
[2022-02-05 19:40:08,382] {processor.py:642} INFO - Processing file /home/airflow/.local/lib/python3.7/site-packages/airflow/example_dags/example_branch_python_dop_operator_3.py for tasks to queue
[2022-02-05 19:40:08,383] {logging_mixin.py:109} INFO - [2022-02-05 19:40:08,383] {dagbag.py:500} INFO - Filling up the DagBag from /home/airflow/.local/lib/python3.7/site-packages/airflow/example_dags/example_branch_python_dop_operator_3.py
[2022-02-05 19:40:08,432] {processor.py:654} INFO - DAG(s) dict_keys(['example_branch_dop_operator_v3']) retrieved from /home/airflow/.local/lib/python3.7/site-packages/airflow/example_dags/example_branch_python_dop_operator_3.py
[2022-02-05 19:40:08,448] {logging_mixin.py:109} INFO - [2022-02-05 19:40:08,448] {dag.py:2396} INFO - Sync 1 DAGs
[2022-02-05 19:40:08,480] {logging_mixin.py:109} INFO - [2022-02-05 19:40:08,480] {dag.py:2935} INFO - Setting next_dagrun for example_branch_dop_operator_v3 to 2022-02-05T19:39:00+00:00
[2022-02-05 19:40:08,601] {processor.py:171} INFO - Processing /home/airflow/.local/lib/python3.7/site-packages/airflow/example_dags/example_branch_python_dop_operator_3.py took 0.229 seconds
[2022-02-05 19:40:38,934] {processor.py:163} INFO - Started process (PID=2269) to work on /home/airflow/.local/lib/python3.7/site-packages/airflow/example_dags/example_branch_python_dop_operator_3.py
[2022-02-05 19:40:38,936] {processor.py:642} INFO - Processing file /home/airflow/.local/lib/python3.7/site-packages/airflow/example_dags/example_branch_python_dop_operator_3.py for tasks to queue
[2022-02-05 19:40:38,937] {logging_mixin.py:109} INFO - [2022-02-05 19:40:38,937] {dagbag.py:500} INFO - Filling up the DagBag from /home/airflow/.local/lib/python3.7/site-packages/airflow/example_dags/example_branch_python_dop_operator_3.py
[2022-02-05 19:40:38,978] {processor.py:654} INFO - DAG(s) dict_keys(['example_branch_dop_operator_v3']) retrieved from /home/airflow/.local/lib/python3.7/site-packages/airflow/example_dags/example_branch_python_dop_operator_3.py
[2022-02-05 19:40:38,994] {logging_mixin.py:109} INFO - [2022-02-05 19:40:38,993] {dag.py:2396} INFO - Sync 1 DAGs
[2022-02-05 19:40:39,242] {logging_mixin.py:109} INFO - [2022-02-05 19:40:39,242] {dag.py:2935} INFO - Setting next_dagrun for example_branch_dop_operator_v3 to 2022-02-05T19:39:00+00:00
[2022-02-05 19:40:39,259] {processor.py:171} INFO - Processing /home/airflow/.local/lib/python3.7/site-packages/airflow/example_dags/example_branch_python_dop_operator_3.py took 0.330 seconds
[2022-02-05 19:41:09,431] {processor.py:163} INFO - Started process (PID=2323) to work on /home/airflow/.local/lib/python3.7/site-packages/airflow/example_dags/example_branch_python_dop_operator_3.py
[2022-02-05 19:41:09,433] {processor.py:642} INFO - Processing file /home/airflow/.local/lib/python3.7/site-packages/airflow/example_dags/example_branch_python_dop_operator_3.py for tasks to queue
[2022-02-05 19:41:09,433] {logging_mixin.py:109} INFO - [2022-02-05 19:41:09,433] {dagbag.py:500} INFO - Filling up the DagBag from /home/airflow/.local/lib/python3.7/site-packages/airflow/example_dags/example_branch_python_dop_operator_3.py
[2022-02-05 19:41:09,464] {processor.py:654} INFO - DAG(s) dict_keys(['example_branch_dop_operator_v3']) retrieved from /home/airflow/.local/lib/python3.7/site-packages/airflow/example_dags/example_branch_python_dop_operator_3.py
[2022-02-05 19:41:09,475] {logging_mixin.py:109} INFO - [2022-02-05 19:41:09,474] {dag.py:2396} INFO - Sync 1 DAGs
[2022-02-05 19:41:09,585] {logging_mixin.py:109} INFO - [2022-02-05 19:41:09,585] {dag.py:2935} INFO - Setting next_dagrun for example_branch_dop_operator_v3 to 2022-02-05T19:40:00+00:00
[2022-02-05 19:41:09,595] {processor.py:171} INFO - Processing /home/airflow/.local/lib/python3.7/site-packages/airflow/example_dags/example_branch_python_dop_operator_3.py took 0.167 seconds
[2022-02-05 19:41:39,850] {processor.py:163} INFO - Started process (PID=2384) to work on /home/airflow/.local/lib/python3.7/site-packages/airflow/example_dags/example_branch_python_dop_operator_3.py
[2022-02-05 19:41:39,852] {processor.py:642} INFO - Processing file /home/airflow/.local/lib/python3.7/site-packages/airflow/example_dags/example_branch_python_dop_operator_3.py for tasks to queue
[2022-02-05 19:41:39,853] {logging_mixin.py:109} INFO - [2022-02-05 19:41:39,853] {dagbag.py:500} INFO - Filling up the DagBag from /home/airflow/.local/lib/python3.7/site-packages/airflow/example_dags/example_branch_python_dop_operator_3.py
[2022-02-05 19:41:39,894] {processor.py:654} INFO - DAG(s) dict_keys(['example_branch_dop_operator_v3']) retrieved from /home/airflow/.local/lib/python3.7/site-packages/airflow/example_dags/example_branch_python_dop_operator_3.py
[2022-02-05 19:41:39,908] {logging_mixin.py:109} INFO - [2022-02-05 19:41:39,908] {dag.py:2396} INFO - Sync 1 DAGs
[2022-02-05 19:41:40,052] {logging_mixin.py:109} INFO - [2022-02-05 19:41:40,051] {dag.py:2935} INFO - Setting next_dagrun for example_branch_dop_operator_v3 to 2022-02-05T19:40:00+00:00
[2022-02-05 19:41:40,064] {processor.py:171} INFO - Processing /home/airflow/.local/lib/python3.7/site-packages/airflow/example_dags/example_branch_python_dop_operator_3.py took 0.219 seconds
[2022-02-05 19:42:10,329] {processor.py:163} INFO - Started process (PID=2436) to work on /home/airflow/.local/lib/python3.7/site-packages/airflow/example_dags/example_branch_python_dop_operator_3.py
[2022-02-05 19:42:10,331] {processor.py:642} INFO - Processing file /home/airflow/.local/lib/python3.7/site-packages/airflow/example_dags/example_branch_python_dop_operator_3.py for tasks to queue
[2022-02-05 19:42:10,332] {logging_mixin.py:109} INFO - [2022-02-05 19:42:10,332] {dagbag.py:500} INFO - Filling up the DagBag from /home/airflow/.local/lib/python3.7/site-packages/airflow/example_dags/example_branch_python_dop_operator_3.py
[2022-02-05 19:42:10,368] {processor.py:654} INFO - DAG(s) dict_keys(['example_branch_dop_operator_v3']) retrieved from /home/airflow/.local/lib/python3.7/site-packages/airflow/example_dags/example_branch_python_dop_operator_3.py
[2022-02-05 19:42:10,476] {logging_mixin.py:109} INFO - [2022-02-05 19:42:10,476] {dag.py:2396} INFO - Sync 1 DAGs
[2022-02-05 19:42:10,497] {logging_mixin.py:109} INFO - [2022-02-05 19:42:10,497] {dag.py:2935} INFO - Setting next_dagrun for example_branch_dop_operator_v3 to 2022-02-05T19:41:00+00:00
[2022-02-05 19:42:10,512] {processor.py:171} INFO - Processing /home/airflow/.local/lib/python3.7/site-packages/airflow/example_dags/example_branch_python_dop_operator_3.py took 0.189 seconds
[2022-02-05 19:42:41,124] {processor.py:163} INFO - Started process (PID=2499) to work on /home/airflow/.local/lib/python3.7/site-packages/airflow/example_dags/example_branch_python_dop_operator_3.py
[2022-02-05 19:42:41,125] {processor.py:642} INFO - Processing file /home/airflow/.local/lib/python3.7/site-packages/airflow/example_dags/example_branch_python_dop_operator_3.py for tasks to queue
[2022-02-05 19:42:41,126] {logging_mixin.py:109} INFO - [2022-02-05 19:42:41,126] {dagbag.py:500} INFO - Filling up the DagBag from /home/airflow/.local/lib/python3.7/site-packages/airflow/example_dags/example_branch_python_dop_operator_3.py
[2022-02-05 19:42:41,253] {processor.py:654} INFO - DAG(s) dict_keys(['example_branch_dop_operator_v3']) retrieved from /home/airflow/.local/lib/python3.7/site-packages/airflow/example_dags/example_branch_python_dop_operator_3.py
[2022-02-05 19:42:41,264] {logging_mixin.py:109} INFO - [2022-02-05 19:42:41,264] {dag.py:2396} INFO - Sync 1 DAGs
[2022-02-05 19:42:41,288] {logging_mixin.py:109} INFO - [2022-02-05 19:42:41,288] {dag.py:2935} INFO - Setting next_dagrun for example_branch_dop_operator_v3 to 2022-02-05T19:41:00+00:00
[2022-02-05 19:42:41,301] {processor.py:171} INFO - Processing /home/airflow/.local/lib/python3.7/site-packages/airflow/example_dags/example_branch_python_dop_operator_3.py took 0.181 seconds
[2022-02-05 19:43:11,830] {processor.py:163} INFO - Started process (PID=2551) to work on /home/airflow/.local/lib/python3.7/site-packages/airflow/example_dags/example_branch_python_dop_operator_3.py
[2022-02-05 19:43:11,832] {processor.py:642} INFO - Processing file /home/airflow/.local/lib/python3.7/site-packages/airflow/example_dags/example_branch_python_dop_operator_3.py for tasks to queue
[2022-02-05 19:43:11,832] {logging_mixin.py:109} INFO - [2022-02-05 19:43:11,832] {dagbag.py:500} INFO - Filling up the DagBag from /home/airflow/.local/lib/python3.7/site-packages/airflow/example_dags/example_branch_python_dop_operator_3.py
[2022-02-05 19:43:11,945] {processor.py:654} INFO - DAG(s) dict_keys(['example_branch_dop_operator_v3']) retrieved from /home/airflow/.local/lib/python3.7/site-packages/airflow/example_dags/example_branch_python_dop_operator_3.py
[2022-02-05 19:43:11,953] {logging_mixin.py:109} INFO - [2022-02-05 19:43:11,953] {dag.py:2396} INFO - Sync 1 DAGs
[2022-02-05 19:43:11,969] {logging_mixin.py:109} INFO - [2022-02-05 19:43:11,969] {dag.py:2935} INFO - Setting next_dagrun for example_branch_dop_operator_v3 to 2022-02-05T19:42:00+00:00
[2022-02-05 19:43:11,979] {processor.py:171} INFO - Processing /home/airflow/.local/lib/python3.7/site-packages/airflow/example_dags/example_branch_python_dop_operator_3.py took 0.152 seconds
[2022-02-05 19:43:42,543] {processor.py:163} INFO - Started process (PID=2615) to work on /home/airflow/.local/lib/python3.7/site-packages/airflow/example_dags/example_branch_python_dop_operator_3.py
[2022-02-05 19:43:42,544] {processor.py:642} INFO - Processing file /home/airflow/.local/lib/python3.7/site-packages/airflow/example_dags/example_branch_python_dop_operator_3.py for tasks to queue
[2022-02-05 19:43:42,545] {logging_mixin.py:109} INFO - [2022-02-05 19:43:42,545] {dagbag.py:500} INFO - Filling up the DagBag from /home/airflow/.local/lib/python3.7/site-packages/airflow/example_dags/example_branch_python_dop_operator_3.py
[2022-02-05 19:43:42,645] {processor.py:654} INFO - DAG(s) dict_keys(['example_branch_dop_operator_v3']) retrieved from /home/airflow/.local/lib/python3.7/site-packages/airflow/example_dags/example_branch_python_dop_operator_3.py
[2022-02-05 19:43:42,653] {logging_mixin.py:109} INFO - [2022-02-05 19:43:42,653] {dag.py:2396} INFO - Sync 1 DAGs
[2022-02-05 19:43:42,669] {logging_mixin.py:109} INFO - [2022-02-05 19:43:42,669] {dag.py:2935} INFO - Setting next_dagrun for example_branch_dop_operator_v3 to 2022-02-05T19:42:00+00:00
[2022-02-05 19:43:42,678] {processor.py:171} INFO - Processing /home/airflow/.local/lib/python3.7/site-packages/airflow/example_dags/example_branch_python_dop_operator_3.py took 0.138 seconds
[2022-02-05 19:44:12,993] {processor.py:163} INFO - Started process (PID=2672) to work on /home/airflow/.local/lib/python3.7/site-packages/airflow/example_dags/example_branch_python_dop_operator_3.py
[2022-02-05 19:44:12,994] {processor.py:642} INFO - Processing file /home/airflow/.local/lib/python3.7/site-packages/airflow/example_dags/example_branch_python_dop_operator_3.py for tasks to queue
[2022-02-05 19:44:12,995] {logging_mixin.py:109} INFO - [2022-02-05 19:44:12,995] {dagbag.py:500} INFO - Filling up the DagBag from /home/airflow/.local/lib/python3.7/site-packages/airflow/example_dags/example_branch_python_dop_operator_3.py
[2022-02-05 19:44:13,085] {processor.py:654} INFO - DAG(s) dict_keys(['example_branch_dop_operator_v3']) retrieved from /home/airflow/.local/lib/python3.7/site-packages/airflow/example_dags/example_branch_python_dop_operator_3.py
[2022-02-05 19:44:13,092] {logging_mixin.py:109} INFO - [2022-02-05 19:44:13,092] {dag.py:2396} INFO - Sync 1 DAGs
[2022-02-05 19:44:13,105] {logging_mixin.py:109} INFO - [2022-02-05 19:44:13,105] {dag.py:2935} INFO - Setting next_dagrun for example_branch_dop_operator_v3 to 2022-02-05T19:43:00+00:00
[2022-02-05 19:44:13,115] {processor.py:171} INFO - Processing /home/airflow/.local/lib/python3.7/site-packages/airflow/example_dags/example_branch_python_dop_operator_3.py took 0.124 seconds
[2022-02-05 19:44:43,418] {processor.py:163} INFO - Started process (PID=2734) to work on /home/airflow/.local/lib/python3.7/site-packages/airflow/example_dags/example_branch_python_dop_operator_3.py
[2022-02-05 19:44:43,419] {processor.py:642} INFO - Processing file /home/airflow/.local/lib/python3.7/site-packages/airflow/example_dags/example_branch_python_dop_operator_3.py for tasks to queue
[2022-02-05 19:44:43,420] {logging_mixin.py:109} INFO - [2022-02-05 19:44:43,420] {dagbag.py:500} INFO - Filling up the DagBag from /home/airflow/.local/lib/python3.7/site-packages/airflow/example_dags/example_branch_python_dop_operator_3.py
[2022-02-05 19:44:43,446] {processor.py:654} INFO - DAG(s) dict_keys(['example_branch_dop_operator_v3']) retrieved from /home/airflow/.local/lib/python3.7/site-packages/airflow/example_dags/example_branch_python_dop_operator_3.py
[2022-02-05 19:44:43,455] {logging_mixin.py:109} INFO - [2022-02-05 19:44:43,455] {dag.py:2396} INFO - Sync 1 DAGs
[2022-02-05 19:44:43,472] {logging_mixin.py:109} INFO - [2022-02-05 19:44:43,472] {dag.py:2935} INFO - Setting next_dagrun for example_branch_dop_operator_v3 to 2022-02-05T19:43:00+00:00
[2022-02-05 19:44:43,481] {processor.py:171} INFO - Processing /home/airflow/.local/lib/python3.7/site-packages/airflow/example_dags/example_branch_python_dop_operator_3.py took 0.066 seconds
[2022-02-05 19:45:14,339] {processor.py:163} INFO - Started process (PID=2786) to work on /home/airflow/.local/lib/python3.7/site-packages/airflow/example_dags/example_branch_python_dop_operator_3.py
[2022-02-05 19:45:14,340] {processor.py:642} INFO - Processing file /home/airflow/.local/lib/python3.7/site-packages/airflow/example_dags/example_branch_python_dop_operator_3.py for tasks to queue
[2022-02-05 19:45:14,341] {logging_mixin.py:109} INFO - [2022-02-05 19:45:14,341] {dagbag.py:500} INFO - Filling up the DagBag from /home/airflow/.local/lib/python3.7/site-packages/airflow/example_dags/example_branch_python_dop_operator_3.py
[2022-02-05 19:45:14,364] {processor.py:654} INFO - DAG(s) dict_keys(['example_branch_dop_operator_v3']) retrieved from /home/airflow/.local/lib/python3.7/site-packages/airflow/example_dags/example_branch_python_dop_operator_3.py
[2022-02-05 19:45:14,372] {logging_mixin.py:109} INFO - [2022-02-05 19:45:14,371] {dag.py:2396} INFO - Sync 1 DAGs
[2022-02-05 19:45:14,387] {logging_mixin.py:109} INFO - [2022-02-05 19:45:14,387] {dag.py:2935} INFO - Setting next_dagrun for example_branch_dop_operator_v3 to 2022-02-05T19:44:00+00:00
[2022-02-05 19:45:14,396] {processor.py:171} INFO - Processing /home/airflow/.local/lib/python3.7/site-packages/airflow/example_dags/example_branch_python_dop_operator_3.py took 0.060 seconds
[2022-02-05 19:45:45,188] {processor.py:163} INFO - Started process (PID=2849) to work on /home/airflow/.local/lib/python3.7/site-packages/airflow/example_dags/example_branch_python_dop_operator_3.py
[2022-02-05 19:45:45,189] {processor.py:642} INFO - Processing file /home/airflow/.local/lib/python3.7/site-packages/airflow/example_dags/example_branch_python_dop_operator_3.py for tasks to queue
[2022-02-05 19:45:45,190] {logging_mixin.py:109} INFO - [2022-02-05 19:45:45,190] {dagbag.py:500} INFO - Filling up the DagBag from /home/airflow/.local/lib/python3.7/site-packages/airflow/example_dags/example_branch_python_dop_operator_3.py
[2022-02-05 19:45:45,214] {processor.py:654} INFO - DAG(s) dict_keys(['example_branch_dop_operator_v3']) retrieved from /home/airflow/.local/lib/python3.7/site-packages/airflow/example_dags/example_branch_python_dop_operator_3.py
[2022-02-05 19:45:45,223] {logging_mixin.py:109} INFO - [2022-02-05 19:45:45,222] {dag.py:2396} INFO - Sync 1 DAGs
[2022-02-05 19:45:45,239] {logging_mixin.py:109} INFO - [2022-02-05 19:45:45,239] {dag.py:2935} INFO - Setting next_dagrun for example_branch_dop_operator_v3 to 2022-02-05T19:44:00+00:00
[2022-02-05 19:45:45,249] {processor.py:171} INFO - Processing /home/airflow/.local/lib/python3.7/site-packages/airflow/example_dags/example_branch_python_dop_operator_3.py took 0.063 seconds
[2022-02-05 19:46:16,028] {processor.py:163} INFO - Started process (PID=2911) to work on /home/airflow/.local/lib/python3.7/site-packages/airflow/example_dags/example_branch_python_dop_operator_3.py
[2022-02-05 19:46:16,029] {processor.py:642} INFO - Processing file /home/airflow/.local/lib/python3.7/site-packages/airflow/example_dags/example_branch_python_dop_operator_3.py for tasks to queue
[2022-02-05 19:46:16,030] {logging_mixin.py:109} INFO - [2022-02-05 19:46:16,030] {dagbag.py:500} INFO - Filling up the DagBag from /home/airflow/.local/lib/python3.7/site-packages/airflow/example_dags/example_branch_python_dop_operator_3.py
[2022-02-05 19:46:16,053] {processor.py:654} INFO - DAG(s) dict_keys(['example_branch_dop_operator_v3']) retrieved from /home/airflow/.local/lib/python3.7/site-packages/airflow/example_dags/example_branch_python_dop_operator_3.py
[2022-02-05 19:46:16,061] {logging_mixin.py:109} INFO - [2022-02-05 19:46:16,061] {dag.py:2396} INFO - Sync 1 DAGs
[2022-02-05 19:46:16,077] {logging_mixin.py:109} INFO - [2022-02-05 19:46:16,076] {dag.py:2935} INFO - Setting next_dagrun for example_branch_dop_operator_v3 to 2022-02-05T19:45:00+00:00
[2022-02-05 19:46:16,085] {processor.py:171} INFO - Processing /home/airflow/.local/lib/python3.7/site-packages/airflow/example_dags/example_branch_python_dop_operator_3.py took 0.059 seconds
[2022-02-05 19:46:46,758] {processor.py:163} INFO - Started process (PID=2963) to work on /home/airflow/.local/lib/python3.7/site-packages/airflow/example_dags/example_branch_python_dop_operator_3.py
[2022-02-05 19:46:46,759] {processor.py:642} INFO - Processing file /home/airflow/.local/lib/python3.7/site-packages/airflow/example_dags/example_branch_python_dop_operator_3.py for tasks to queue
[2022-02-05 19:46:46,759] {logging_mixin.py:109} INFO - [2022-02-05 19:46:46,759] {dagbag.py:500} INFO - Filling up the DagBag from /home/airflow/.local/lib/python3.7/site-packages/airflow/example_dags/example_branch_python_dop_operator_3.py
[2022-02-05 19:46:46,782] {processor.py:654} INFO - DAG(s) dict_keys(['example_branch_dop_operator_v3']) retrieved from /home/airflow/.local/lib/python3.7/site-packages/airflow/example_dags/example_branch_python_dop_operator_3.py
[2022-02-05 19:46:46,790] {logging_mixin.py:109} INFO - [2022-02-05 19:46:46,789] {dag.py:2396} INFO - Sync 1 DAGs
[2022-02-05 19:46:46,805] {logging_mixin.py:109} INFO - [2022-02-05 19:46:46,805] {dag.py:2935} INFO - Setting next_dagrun for example_branch_dop_operator_v3 to 2022-02-05T19:45:00+00:00
[2022-02-05 19:46:46,830] {processor.py:171} INFO - Processing /home/airflow/.local/lib/python3.7/site-packages/airflow/example_dags/example_branch_python_dop_operator_3.py took 0.075 seconds
[2022-02-05 19:47:17,519] {processor.py:163} INFO - Started process (PID=3024) to work on /home/airflow/.local/lib/python3.7/site-packages/airflow/example_dags/example_branch_python_dop_operator_3.py
[2022-02-05 19:47:17,520] {processor.py:642} INFO - Processing file /home/airflow/.local/lib/python3.7/site-packages/airflow/example_dags/example_branch_python_dop_operator_3.py for tasks to queue
[2022-02-05 19:47:17,521] {logging_mixin.py:109} INFO - [2022-02-05 19:47:17,521] {dagbag.py:500} INFO - Filling up the DagBag from /home/airflow/.local/lib/python3.7/site-packages/airflow/example_dags/example_branch_python_dop_operator_3.py
[2022-02-05 19:47:17,563] {processor.py:654} INFO - DAG(s) dict_keys(['example_branch_dop_operator_v3']) retrieved from /home/airflow/.local/lib/python3.7/site-packages/airflow/example_dags/example_branch_python_dop_operator_3.py
[2022-02-05 19:47:17,578] {logging_mixin.py:109} INFO - [2022-02-05 19:47:17,578] {dag.py:2396} INFO - Sync 1 DAGs
[2022-02-05 19:47:17,605] {logging_mixin.py:109} INFO - [2022-02-05 19:47:17,605] {dag.py:2935} INFO - Setting next_dagrun for example_branch_dop_operator_v3 to 2022-02-05T19:46:00+00:00
[2022-02-05 19:47:17,619] {processor.py:171} INFO - Processing /home/airflow/.local/lib/python3.7/site-packages/airflow/example_dags/example_branch_python_dop_operator_3.py took 0.104 seconds
[2022-02-05 19:47:48,414] {processor.py:163} INFO - Started process (PID=3076) to work on /home/airflow/.local/lib/python3.7/site-packages/airflow/example_dags/example_branch_python_dop_operator_3.py
[2022-02-05 19:47:48,415] {processor.py:642} INFO - Processing file /home/airflow/.local/lib/python3.7/site-packages/airflow/example_dags/example_branch_python_dop_operator_3.py for tasks to queue
[2022-02-05 19:47:48,416] {logging_mixin.py:109} INFO - [2022-02-05 19:47:48,416] {dagbag.py:500} INFO - Filling up the DagBag from /home/airflow/.local/lib/python3.7/site-packages/airflow/example_dags/example_branch_python_dop_operator_3.py
[2022-02-05 19:47:48,440] {processor.py:654} INFO - DAG(s) dict_keys(['example_branch_dop_operator_v3']) retrieved from /home/airflow/.local/lib/python3.7/site-packages/airflow/example_dags/example_branch_python_dop_operator_3.py
[2022-02-05 19:47:48,450] {logging_mixin.py:109} INFO - [2022-02-05 19:47:48,450] {dag.py:2396} INFO - Sync 1 DAGs
[2022-02-05 19:47:48,467] {logging_mixin.py:109} INFO - [2022-02-05 19:47:48,467] {dag.py:2935} INFO - Setting next_dagrun for example_branch_dop_operator_v3 to 2022-02-05T19:46:00+00:00
[2022-02-05 19:47:48,476] {processor.py:171} INFO - Processing /home/airflow/.local/lib/python3.7/site-packages/airflow/example_dags/example_branch_python_dop_operator_3.py took 0.065 seconds
[2022-02-05 19:48:18,968] {processor.py:163} INFO - Started process (PID=3139) to work on /home/airflow/.local/lib/python3.7/site-packages/airflow/example_dags/example_branch_python_dop_operator_3.py
[2022-02-05 19:48:18,970] {processor.py:642} INFO - Processing file /home/airflow/.local/lib/python3.7/site-packages/airflow/example_dags/example_branch_python_dop_operator_3.py for tasks to queue
[2022-02-05 19:48:18,971] {logging_mixin.py:109} INFO - [2022-02-05 19:48:18,971] {dagbag.py:500} INFO - Filling up the DagBag from /home/airflow/.local/lib/python3.7/site-packages/airflow/example_dags/example_branch_python_dop_operator_3.py
[2022-02-05 19:48:19,007] {processor.py:654} INFO - DAG(s) dict_keys(['example_branch_dop_operator_v3']) retrieved from /home/airflow/.local/lib/python3.7/site-packages/airflow/example_dags/example_branch_python_dop_operator_3.py
[2022-02-05 19:48:19,022] {logging_mixin.py:109} INFO - [2022-02-05 19:48:19,022] {dag.py:2396} INFO - Sync 1 DAGs
[2022-02-05 19:48:19,071] {logging_mixin.py:109} INFO - [2022-02-05 19:48:19,071] {dag.py:2935} INFO - Setting next_dagrun for example_branch_dop_operator_v3 to 2022-02-05T19:47:00+00:00
[2022-02-05 19:48:19,086] {processor.py:171} INFO - Processing /home/airflow/.local/lib/python3.7/site-packages/airflow/example_dags/example_branch_python_dop_operator_3.py took 0.121 seconds
[2022-02-05 19:48:49,158] {processor.py:163} INFO - Started process (PID=3192) to work on /home/airflow/.local/lib/python3.7/site-packages/airflow/example_dags/example_branch_python_dop_operator_3.py
[2022-02-05 19:48:49,159] {processor.py:642} INFO - Processing file /home/airflow/.local/lib/python3.7/site-packages/airflow/example_dags/example_branch_python_dop_operator_3.py for tasks to queue
[2022-02-05 19:48:49,160] {logging_mixin.py:109} INFO - [2022-02-05 19:48:49,160] {dagbag.py:500} INFO - Filling up the DagBag from /home/airflow/.local/lib/python3.7/site-packages/airflow/example_dags/example_branch_python_dop_operator_3.py
[2022-02-05 19:48:49,187] {processor.py:654} INFO - DAG(s) dict_keys(['example_branch_dop_operator_v3']) retrieved from /home/airflow/.local/lib/python3.7/site-packages/airflow/example_dags/example_branch_python_dop_operator_3.py
[2022-02-05 19:48:49,195] {logging_mixin.py:109} INFO - [2022-02-05 19:48:49,195] {dag.py:2396} INFO - Sync 1 DAGs
[2022-02-05 19:48:49,213] {logging_mixin.py:109} INFO - [2022-02-05 19:48:49,213] {dag.py:2935} INFO - Setting next_dagrun for example_branch_dop_operator_v3 to 2022-02-05T19:47:00+00:00
[2022-02-05 19:48:49,222] {processor.py:171} INFO - Processing /home/airflow/.local/lib/python3.7/site-packages/airflow/example_dags/example_branch_python_dop_operator_3.py took 0.067 seconds
[2022-02-05 19:49:20,079] {processor.py:163} INFO - Started process (PID=3257) to work on /home/airflow/.local/lib/python3.7/site-packages/airflow/example_dags/example_branch_python_dop_operator_3.py
[2022-02-05 19:49:20,080] {processor.py:642} INFO - Processing file /home/airflow/.local/lib/python3.7/site-packages/airflow/example_dags/example_branch_python_dop_operator_3.py for tasks to queue
[2022-02-05 19:49:20,081] {logging_mixin.py:109} INFO - [2022-02-05 19:49:20,081] {dagbag.py:500} INFO - Filling up the DagBag from /home/airflow/.local/lib/python3.7/site-packages/airflow/example_dags/example_branch_python_dop_operator_3.py
[2022-02-05 19:49:20,124] {processor.py:654} INFO - DAG(s) dict_keys(['example_branch_dop_operator_v3']) retrieved from /home/airflow/.local/lib/python3.7/site-packages/airflow/example_dags/example_branch_python_dop_operator_3.py
[2022-02-05 19:49:20,138] {logging_mixin.py:109} INFO - [2022-02-05 19:49:20,138] {dag.py:2396} INFO - Sync 1 DAGs
[2022-02-05 19:49:20,169] {logging_mixin.py:109} INFO - [2022-02-05 19:49:20,169] {dag.py:2935} INFO - Setting next_dagrun for example_branch_dop_operator_v3 to 2022-02-05T19:48:00+00:00
[2022-02-05 19:49:20,185] {processor.py:171} INFO - Processing /home/airflow/.local/lib/python3.7/site-packages/airflow/example_dags/example_branch_python_dop_operator_3.py took 0.115 seconds
[2022-02-05 19:49:50,573] {processor.py:163} INFO - Started process (PID=3310) to work on /home/airflow/.local/lib/python3.7/site-packages/airflow/example_dags/example_branch_python_dop_operator_3.py
[2022-02-05 19:49:50,574] {processor.py:642} INFO - Processing file /home/airflow/.local/lib/python3.7/site-packages/airflow/example_dags/example_branch_python_dop_operator_3.py for tasks to queue
[2022-02-05 19:49:50,575] {logging_mixin.py:109} INFO - [2022-02-05 19:49:50,575] {dagbag.py:500} INFO - Filling up the DagBag from /home/airflow/.local/lib/python3.7/site-packages/airflow/example_dags/example_branch_python_dop_operator_3.py
[2022-02-05 19:49:50,599] {processor.py:654} INFO - DAG(s) dict_keys(['example_branch_dop_operator_v3']) retrieved from /home/airflow/.local/lib/python3.7/site-packages/airflow/example_dags/example_branch_python_dop_operator_3.py
[2022-02-05 19:49:50,607] {logging_mixin.py:109} INFO - [2022-02-05 19:49:50,607] {dag.py:2396} INFO - Sync 1 DAGs
[2022-02-05 19:49:50,623] {logging_mixin.py:109} INFO - [2022-02-05 19:49:50,623] {dag.py:2935} INFO - Setting next_dagrun for example_branch_dop_operator_v3 to 2022-02-05T19:48:00+00:00
[2022-02-05 19:49:50,631] {processor.py:171} INFO - Processing /home/airflow/.local/lib/python3.7/site-packages/airflow/example_dags/example_branch_python_dop_operator_3.py took 0.061 seconds
[2022-02-05 19:50:21,458] {processor.py:163} INFO - Started process (PID=3370) to work on /home/airflow/.local/lib/python3.7/site-packages/airflow/example_dags/example_branch_python_dop_operator_3.py
[2022-02-05 19:50:21,459] {processor.py:642} INFO - Processing file /home/airflow/.local/lib/python3.7/site-packages/airflow/example_dags/example_branch_python_dop_operator_3.py for tasks to queue
[2022-02-05 19:50:21,460] {logging_mixin.py:109} INFO - [2022-02-05 19:50:21,460] {dagbag.py:500} INFO - Filling up the DagBag from /home/airflow/.local/lib/python3.7/site-packages/airflow/example_dags/example_branch_python_dop_operator_3.py
[2022-02-05 19:50:21,485] {processor.py:654} INFO - DAG(s) dict_keys(['example_branch_dop_operator_v3']) retrieved from /home/airflow/.local/lib/python3.7/site-packages/airflow/example_dags/example_branch_python_dop_operator_3.py
[2022-02-05 19:50:21,493] {logging_mixin.py:109} INFO - [2022-02-05 19:50:21,493] {dag.py:2396} INFO - Sync 1 DAGs
[2022-02-05 19:50:21,510] {logging_mixin.py:109} INFO - [2022-02-05 19:50:21,510] {dag.py:2935} INFO - Setting next_dagrun for example_branch_dop_operator_v3 to 2022-02-05T19:49:00+00:00
[2022-02-05 19:50:21,519] {processor.py:171} INFO - Processing /home/airflow/.local/lib/python3.7/site-packages/airflow/example_dags/example_branch_python_dop_operator_3.py took 0.063 seconds
[2022-02-05 19:50:52,165] {processor.py:163} INFO - Started process (PID=3424) to work on /home/airflow/.local/lib/python3.7/site-packages/airflow/example_dags/example_branch_python_dop_operator_3.py
[2022-02-05 19:50:52,167] {processor.py:642} INFO - Processing file /home/airflow/.local/lib/python3.7/site-packages/airflow/example_dags/example_branch_python_dop_operator_3.py for tasks to queue
[2022-02-05 19:50:52,168] {logging_mixin.py:109} INFO - [2022-02-05 19:50:52,168] {dagbag.py:500} INFO - Filling up the DagBag from /home/airflow/.local/lib/python3.7/site-packages/airflow/example_dags/example_branch_python_dop_operator_3.py
[2022-02-05 19:50:52,203] {processor.py:654} INFO - DAG(s) dict_keys(['example_branch_dop_operator_v3']) retrieved from /home/airflow/.local/lib/python3.7/site-packages/airflow/example_dags/example_branch_python_dop_operator_3.py
[2022-02-05 19:50:52,214] {logging_mixin.py:109} INFO - [2022-02-05 19:50:52,214] {dag.py:2396} INFO - Sync 1 DAGs
[2022-02-05 19:50:52,237] {logging_mixin.py:109} INFO - [2022-02-05 19:50:52,237] {dag.py:2935} INFO - Setting next_dagrun for example_branch_dop_operator_v3 to 2022-02-05T19:49:00+00:00
[2022-02-05 19:50:52,248] {processor.py:171} INFO - Processing /home/airflow/.local/lib/python3.7/site-packages/airflow/example_dags/example_branch_python_dop_operator_3.py took 0.087 seconds
