[2022-02-05 19:21:01,437] {processor.py:163} INFO - Started process (PID=43) to work on /home/airflow/.local/lib/python3.7/site-packages/airflow/example_dags/example_kubernetes_executor.py
[2022-02-05 19:21:01,438] {processor.py:642} INFO - Processing file /home/airflow/.local/lib/python3.7/site-packages/airflow/example_dags/example_kubernetes_executor.py for tasks to queue
[2022-02-05 19:21:01,439] {logging_mixin.py:109} INFO - [2022-02-05 19:21:01,439] {dagbag.py:500} INFO - Filling up the DagBag from /home/airflow/.local/lib/python3.7/site-packages/airflow/example_dags/example_kubernetes_executor.py
[2022-02-05 19:21:01,486] {processor.py:654} INFO - DAG(s) dict_keys(['example_kubernetes_executor']) retrieved from /home/airflow/.local/lib/python3.7/site-packages/airflow/example_dags/example_kubernetes_executor.py
[2022-02-05 19:21:01,502] {logging_mixin.py:109} INFO - [2022-02-05 19:21:01,502] {dag.py:2396} INFO - Sync 1 DAGs
[2022-02-05 19:21:01,524] {logging_mixin.py:109} INFO - [2022-02-05 19:21:01,524] {dag.py:2935} INFO - Setting next_dagrun for example_kubernetes_executor to None
[2022-02-05 19:21:01,553] {processor.py:171} INFO - Processing /home/airflow/.local/lib/python3.7/site-packages/airflow/example_dags/example_kubernetes_executor.py took 0.120 seconds
[2022-02-05 19:21:31,779] {processor.py:163} INFO - Started process (PID=94) to work on /home/airflow/.local/lib/python3.7/site-packages/airflow/example_dags/example_kubernetes_executor.py
[2022-02-05 19:21:31,780] {processor.py:642} INFO - Processing file /home/airflow/.local/lib/python3.7/site-packages/airflow/example_dags/example_kubernetes_executor.py for tasks to queue
[2022-02-05 19:21:31,781] {logging_mixin.py:109} INFO - [2022-02-05 19:21:31,781] {dagbag.py:500} INFO - Filling up the DagBag from /home/airflow/.local/lib/python3.7/site-packages/airflow/example_dags/example_kubernetes_executor.py
[2022-02-05 19:21:31,813] {processor.py:654} INFO - DAG(s) dict_keys(['example_kubernetes_executor']) retrieved from /home/airflow/.local/lib/python3.7/site-packages/airflow/example_dags/example_kubernetes_executor.py
[2022-02-05 19:21:31,825] {logging_mixin.py:109} INFO - [2022-02-05 19:21:31,825] {dag.py:2396} INFO - Sync 1 DAGs
[2022-02-05 19:21:31,839] {logging_mixin.py:109} INFO - [2022-02-05 19:21:31,839] {dag.py:2935} INFO - Setting next_dagrun for example_kubernetes_executor to None
[2022-02-05 19:21:31,846] {processor.py:171} INFO - Processing /home/airflow/.local/lib/python3.7/site-packages/airflow/example_dags/example_kubernetes_executor.py took 0.070 seconds
[2022-02-05 19:22:02,377] {processor.py:163} INFO - Started process (PID=155) to work on /home/airflow/.local/lib/python3.7/site-packages/airflow/example_dags/example_kubernetes_executor.py
[2022-02-05 19:22:02,388] {processor.py:642} INFO - Processing file /home/airflow/.local/lib/python3.7/site-packages/airflow/example_dags/example_kubernetes_executor.py for tasks to queue
[2022-02-05 19:22:02,390] {logging_mixin.py:109} INFO - [2022-02-05 19:22:02,389] {dagbag.py:500} INFO - Filling up the DagBag from /home/airflow/.local/lib/python3.7/site-packages/airflow/example_dags/example_kubernetes_executor.py
[2022-02-05 19:22:02,504] {processor.py:654} INFO - DAG(s) dict_keys(['example_kubernetes_executor']) retrieved from /home/airflow/.local/lib/python3.7/site-packages/airflow/example_dags/example_kubernetes_executor.py
[2022-02-05 19:22:02,545] {logging_mixin.py:109} INFO - [2022-02-05 19:22:02,545] {dag.py:2396} INFO - Sync 1 DAGs
[2022-02-05 19:22:02,596] {logging_mixin.py:109} INFO - [2022-02-05 19:22:02,596] {dag.py:2935} INFO - Setting next_dagrun for example_kubernetes_executor to None
[2022-02-05 19:22:02,638] {processor.py:171} INFO - Processing /home/airflow/.local/lib/python3.7/site-packages/airflow/example_dags/example_kubernetes_executor.py took 0.269 seconds
[2022-02-05 19:22:32,673] {processor.py:163} INFO - Started process (PID=211) to work on /home/airflow/.local/lib/python3.7/site-packages/airflow/example_dags/example_kubernetes_executor.py
[2022-02-05 19:22:32,675] {processor.py:642} INFO - Processing file /home/airflow/.local/lib/python3.7/site-packages/airflow/example_dags/example_kubernetes_executor.py for tasks to queue
[2022-02-05 19:22:32,676] {logging_mixin.py:109} INFO - [2022-02-05 19:22:32,676] {dagbag.py:500} INFO - Filling up the DagBag from /home/airflow/.local/lib/python3.7/site-packages/airflow/example_dags/example_kubernetes_executor.py
[2022-02-05 19:22:32,724] {processor.py:654} INFO - DAG(s) dict_keys(['example_kubernetes_executor']) retrieved from /home/airflow/.local/lib/python3.7/site-packages/airflow/example_dags/example_kubernetes_executor.py
[2022-02-05 19:22:32,748] {logging_mixin.py:109} INFO - [2022-02-05 19:22:32,747] {dag.py:2396} INFO - Sync 1 DAGs
[2022-02-05 19:22:32,774] {logging_mixin.py:109} INFO - [2022-02-05 19:22:32,774] {dag.py:2935} INFO - Setting next_dagrun for example_kubernetes_executor to None
[2022-02-05 19:22:32,794] {processor.py:171} INFO - Processing /home/airflow/.local/lib/python3.7/site-packages/airflow/example_dags/example_kubernetes_executor.py took 0.126 seconds
[2022-02-05 19:23:03,504] {processor.py:163} INFO - Started process (PID=264) to work on /home/airflow/.local/lib/python3.7/site-packages/airflow/example_dags/example_kubernetes_executor.py
[2022-02-05 19:23:03,505] {processor.py:642} INFO - Processing file /home/airflow/.local/lib/python3.7/site-packages/airflow/example_dags/example_kubernetes_executor.py for tasks to queue
[2022-02-05 19:23:03,506] {logging_mixin.py:109} INFO - [2022-02-05 19:23:03,506] {dagbag.py:500} INFO - Filling up the DagBag from /home/airflow/.local/lib/python3.7/site-packages/airflow/example_dags/example_kubernetes_executor.py
[2022-02-05 19:23:03,550] {processor.py:654} INFO - DAG(s) dict_keys(['example_kubernetes_executor']) retrieved from /home/airflow/.local/lib/python3.7/site-packages/airflow/example_dags/example_kubernetes_executor.py
[2022-02-05 19:23:03,564] {logging_mixin.py:109} INFO - [2022-02-05 19:23:03,564] {dag.py:2396} INFO - Sync 1 DAGs
[2022-02-05 19:23:03,582] {logging_mixin.py:109} INFO - [2022-02-05 19:23:03,582] {dag.py:2935} INFO - Setting next_dagrun for example_kubernetes_executor to None
[2022-02-05 19:23:03,595] {processor.py:171} INFO - Processing /home/airflow/.local/lib/python3.7/site-packages/airflow/example_dags/example_kubernetes_executor.py took 0.094 seconds
[2022-02-05 19:23:34,549] {processor.py:163} INFO - Started process (PID=327) to work on /home/airflow/.local/lib/python3.7/site-packages/airflow/example_dags/example_kubernetes_executor.py
[2022-02-05 19:23:34,551] {processor.py:642} INFO - Processing file /home/airflow/.local/lib/python3.7/site-packages/airflow/example_dags/example_kubernetes_executor.py for tasks to queue
[2022-02-05 19:23:34,552] {logging_mixin.py:109} INFO - [2022-02-05 19:23:34,551] {dagbag.py:500} INFO - Filling up the DagBag from /home/airflow/.local/lib/python3.7/site-packages/airflow/example_dags/example_kubernetes_executor.py
[2022-02-05 19:23:34,585] {processor.py:654} INFO - DAG(s) dict_keys(['example_kubernetes_executor']) retrieved from /home/airflow/.local/lib/python3.7/site-packages/airflow/example_dags/example_kubernetes_executor.py
[2022-02-05 19:23:34,598] {logging_mixin.py:109} INFO - [2022-02-05 19:23:34,598] {dag.py:2396} INFO - Sync 1 DAGs
[2022-02-05 19:23:34,613] {logging_mixin.py:109} INFO - [2022-02-05 19:23:34,613] {dag.py:2935} INFO - Setting next_dagrun for example_kubernetes_executor to None
[2022-02-05 19:23:34,624] {processor.py:171} INFO - Processing /home/airflow/.local/lib/python3.7/site-packages/airflow/example_dags/example_kubernetes_executor.py took 0.079 seconds
[2022-02-05 19:24:04,676] {processor.py:163} INFO - Started process (PID=379) to work on /home/airflow/.local/lib/python3.7/site-packages/airflow/example_dags/example_kubernetes_executor.py
[2022-02-05 19:24:04,677] {processor.py:642} INFO - Processing file /home/airflow/.local/lib/python3.7/site-packages/airflow/example_dags/example_kubernetes_executor.py for tasks to queue
[2022-02-05 19:24:04,678] {logging_mixin.py:109} INFO - [2022-02-05 19:24:04,678] {dagbag.py:500} INFO - Filling up the DagBag from /home/airflow/.local/lib/python3.7/site-packages/airflow/example_dags/example_kubernetes_executor.py
[2022-02-05 19:24:04,720] {processor.py:654} INFO - DAG(s) dict_keys(['example_kubernetes_executor']) retrieved from /home/airflow/.local/lib/python3.7/site-packages/airflow/example_dags/example_kubernetes_executor.py
[2022-02-05 19:24:04,737] {logging_mixin.py:109} INFO - [2022-02-05 19:24:04,736] {dag.py:2396} INFO - Sync 1 DAGs
[2022-02-05 19:24:04,759] {logging_mixin.py:109} INFO - [2022-02-05 19:24:04,759] {dag.py:2935} INFO - Setting next_dagrun for example_kubernetes_executor to None
[2022-02-05 19:24:04,771] {processor.py:171} INFO - Processing /home/airflow/.local/lib/python3.7/site-packages/airflow/example_dags/example_kubernetes_executor.py took 0.100 seconds
[2022-02-05 19:24:35,614] {processor.py:163} INFO - Started process (PID=442) to work on /home/airflow/.local/lib/python3.7/site-packages/airflow/example_dags/example_kubernetes_executor.py
[2022-02-05 19:24:35,615] {processor.py:642} INFO - Processing file /home/airflow/.local/lib/python3.7/site-packages/airflow/example_dags/example_kubernetes_executor.py for tasks to queue
[2022-02-05 19:24:35,616] {logging_mixin.py:109} INFO - [2022-02-05 19:24:35,616] {dagbag.py:500} INFO - Filling up the DagBag from /home/airflow/.local/lib/python3.7/site-packages/airflow/example_dags/example_kubernetes_executor.py
[2022-02-05 19:24:35,657] {processor.py:654} INFO - DAG(s) dict_keys(['example_kubernetes_executor']) retrieved from /home/airflow/.local/lib/python3.7/site-packages/airflow/example_dags/example_kubernetes_executor.py
[2022-02-05 19:24:35,674] {logging_mixin.py:109} INFO - [2022-02-05 19:24:35,674] {dag.py:2396} INFO - Sync 1 DAGs
[2022-02-05 19:24:35,694] {logging_mixin.py:109} INFO - [2022-02-05 19:24:35,693] {dag.py:2935} INFO - Setting next_dagrun for example_kubernetes_executor to None
[2022-02-05 19:24:35,705] {processor.py:171} INFO - Processing /home/airflow/.local/lib/python3.7/site-packages/airflow/example_dags/example_kubernetes_executor.py took 0.095 seconds
[2022-02-05 19:25:06,447] {processor.py:163} INFO - Started process (PID=496) to work on /home/airflow/.local/lib/python3.7/site-packages/airflow/example_dags/example_kubernetes_executor.py
[2022-02-05 19:25:06,449] {processor.py:642} INFO - Processing file /home/airflow/.local/lib/python3.7/site-packages/airflow/example_dags/example_kubernetes_executor.py for tasks to queue
[2022-02-05 19:25:06,449] {logging_mixin.py:109} INFO - [2022-02-05 19:25:06,449] {dagbag.py:500} INFO - Filling up the DagBag from /home/airflow/.local/lib/python3.7/site-packages/airflow/example_dags/example_kubernetes_executor.py
[2022-02-05 19:25:06,478] {processor.py:654} INFO - DAG(s) dict_keys(['example_kubernetes_executor']) retrieved from /home/airflow/.local/lib/python3.7/site-packages/airflow/example_dags/example_kubernetes_executor.py
[2022-02-05 19:25:06,490] {logging_mixin.py:109} INFO - [2022-02-05 19:25:06,490] {dag.py:2396} INFO - Sync 1 DAGs
[2022-02-05 19:25:06,502] {logging_mixin.py:109} INFO - [2022-02-05 19:25:06,502] {dag.py:2935} INFO - Setting next_dagrun for example_kubernetes_executor to None
[2022-02-05 19:25:06,511] {processor.py:171} INFO - Processing /home/airflow/.local/lib/python3.7/site-packages/airflow/example_dags/example_kubernetes_executor.py took 0.066 seconds
[2022-02-05 19:25:36,807] {processor.py:163} INFO - Started process (PID=558) to work on /home/airflow/.local/lib/python3.7/site-packages/airflow/example_dags/example_kubernetes_executor.py
[2022-02-05 19:25:36,813] {processor.py:642} INFO - Processing file /home/airflow/.local/lib/python3.7/site-packages/airflow/example_dags/example_kubernetes_executor.py for tasks to queue
[2022-02-05 19:25:36,813] {logging_mixin.py:109} INFO - [2022-02-05 19:25:36,813] {dagbag.py:500} INFO - Filling up the DagBag from /home/airflow/.local/lib/python3.7/site-packages/airflow/example_dags/example_kubernetes_executor.py
[2022-02-05 19:25:36,849] {processor.py:654} INFO - DAG(s) dict_keys(['example_kubernetes_executor']) retrieved from /home/airflow/.local/lib/python3.7/site-packages/airflow/example_dags/example_kubernetes_executor.py
[2022-02-05 19:25:36,864] {logging_mixin.py:109} INFO - [2022-02-05 19:25:36,864] {dag.py:2396} INFO - Sync 1 DAGs
[2022-02-05 19:25:36,881] {logging_mixin.py:109} INFO - [2022-02-05 19:25:36,881] {dag.py:2935} INFO - Setting next_dagrun for example_kubernetes_executor to None
[2022-02-05 19:25:36,892] {processor.py:171} INFO - Processing /home/airflow/.local/lib/python3.7/site-packages/airflow/example_dags/example_kubernetes_executor.py took 0.088 seconds
[2022-02-05 19:26:07,099] {processor.py:163} INFO - Started process (PID=611) to work on /home/airflow/.local/lib/python3.7/site-packages/airflow/example_dags/example_kubernetes_executor.py
[2022-02-05 19:26:07,104] {processor.py:642} INFO - Processing file /home/airflow/.local/lib/python3.7/site-packages/airflow/example_dags/example_kubernetes_executor.py for tasks to queue
[2022-02-05 19:26:07,105] {logging_mixin.py:109} INFO - [2022-02-05 19:26:07,105] {dagbag.py:500} INFO - Filling up the DagBag from /home/airflow/.local/lib/python3.7/site-packages/airflow/example_dags/example_kubernetes_executor.py
[2022-02-05 19:26:07,141] {processor.py:654} INFO - DAG(s) dict_keys(['example_kubernetes_executor']) retrieved from /home/airflow/.local/lib/python3.7/site-packages/airflow/example_dags/example_kubernetes_executor.py
[2022-02-05 19:26:07,156] {logging_mixin.py:109} INFO - [2022-02-05 19:26:07,156] {dag.py:2396} INFO - Sync 1 DAGs
[2022-02-05 19:26:07,172] {logging_mixin.py:109} INFO - [2022-02-05 19:26:07,172] {dag.py:2935} INFO - Setting next_dagrun for example_kubernetes_executor to None
[2022-02-05 19:26:07,185] {processor.py:171} INFO - Processing /home/airflow/.local/lib/python3.7/site-packages/airflow/example_dags/example_kubernetes_executor.py took 0.089 seconds
[2022-02-05 19:26:37,939] {processor.py:163} INFO - Started process (PID=664) to work on /home/airflow/.local/lib/python3.7/site-packages/airflow/example_dags/example_kubernetes_executor.py
[2022-02-05 19:26:37,941] {processor.py:642} INFO - Processing file /home/airflow/.local/lib/python3.7/site-packages/airflow/example_dags/example_kubernetes_executor.py for tasks to queue
[2022-02-05 19:26:37,941] {logging_mixin.py:109} INFO - [2022-02-05 19:26:37,941] {dagbag.py:500} INFO - Filling up the DagBag from /home/airflow/.local/lib/python3.7/site-packages/airflow/example_dags/example_kubernetes_executor.py
[2022-02-05 19:26:37,975] {processor.py:654} INFO - DAG(s) dict_keys(['example_kubernetes_executor']) retrieved from /home/airflow/.local/lib/python3.7/site-packages/airflow/example_dags/example_kubernetes_executor.py
[2022-02-05 19:26:37,986] {logging_mixin.py:109} INFO - [2022-02-05 19:26:37,986] {dag.py:2396} INFO - Sync 1 DAGs
[2022-02-05 19:26:38,000] {logging_mixin.py:109} INFO - [2022-02-05 19:26:37,999] {dag.py:2935} INFO - Setting next_dagrun for example_kubernetes_executor to None
[2022-02-05 19:26:38,010] {processor.py:171} INFO - Processing /home/airflow/.local/lib/python3.7/site-packages/airflow/example_dags/example_kubernetes_executor.py took 0.074 seconds
[2022-02-05 19:27:08,400] {processor.py:163} INFO - Started process (PID=727) to work on /home/airflow/.local/lib/python3.7/site-packages/airflow/example_dags/example_kubernetes_executor.py
[2022-02-05 19:27:08,401] {processor.py:642} INFO - Processing file /home/airflow/.local/lib/python3.7/site-packages/airflow/example_dags/example_kubernetes_executor.py for tasks to queue
[2022-02-05 19:27:08,402] {logging_mixin.py:109} INFO - [2022-02-05 19:27:08,402] {dagbag.py:500} INFO - Filling up the DagBag from /home/airflow/.local/lib/python3.7/site-packages/airflow/example_dags/example_kubernetes_executor.py
[2022-02-05 19:27:08,433] {processor.py:654} INFO - DAG(s) dict_keys(['example_kubernetes_executor']) retrieved from /home/airflow/.local/lib/python3.7/site-packages/airflow/example_dags/example_kubernetes_executor.py
[2022-02-05 19:27:08,446] {logging_mixin.py:109} INFO - [2022-02-05 19:27:08,446] {dag.py:2396} INFO - Sync 1 DAGs
[2022-02-05 19:27:08,461] {logging_mixin.py:109} INFO - [2022-02-05 19:27:08,461] {dag.py:2935} INFO - Setting next_dagrun for example_kubernetes_executor to None
[2022-02-05 19:27:08,475] {processor.py:171} INFO - Processing /home/airflow/.local/lib/python3.7/site-packages/airflow/example_dags/example_kubernetes_executor.py took 0.078 seconds
[2022-02-05 19:27:38,767] {processor.py:163} INFO - Started process (PID=779) to work on /home/airflow/.local/lib/python3.7/site-packages/airflow/example_dags/example_kubernetes_executor.py
[2022-02-05 19:27:38,767] {processor.py:642} INFO - Processing file /home/airflow/.local/lib/python3.7/site-packages/airflow/example_dags/example_kubernetes_executor.py for tasks to queue
[2022-02-05 19:27:38,768] {logging_mixin.py:109} INFO - [2022-02-05 19:27:38,768] {dagbag.py:500} INFO - Filling up the DagBag from /home/airflow/.local/lib/python3.7/site-packages/airflow/example_dags/example_kubernetes_executor.py
[2022-02-05 19:27:38,800] {processor.py:654} INFO - DAG(s) dict_keys(['example_kubernetes_executor']) retrieved from /home/airflow/.local/lib/python3.7/site-packages/airflow/example_dags/example_kubernetes_executor.py
[2022-02-05 19:27:38,814] {logging_mixin.py:109} INFO - [2022-02-05 19:27:38,813] {dag.py:2396} INFO - Sync 1 DAGs
[2022-02-05 19:27:38,827] {logging_mixin.py:109} INFO - [2022-02-05 19:27:38,827] {dag.py:2935} INFO - Setting next_dagrun for example_kubernetes_executor to None
[2022-02-05 19:27:38,846] {processor.py:171} INFO - Processing /home/airflow/.local/lib/python3.7/site-packages/airflow/example_dags/example_kubernetes_executor.py took 0.081 seconds
[2022-02-05 19:28:09,150] {processor.py:163} INFO - Started process (PID=842) to work on /home/airflow/.local/lib/python3.7/site-packages/airflow/example_dags/example_kubernetes_executor.py
[2022-02-05 19:28:09,152] {processor.py:642} INFO - Processing file /home/airflow/.local/lib/python3.7/site-packages/airflow/example_dags/example_kubernetes_executor.py for tasks to queue
[2022-02-05 19:28:09,153] {logging_mixin.py:109} INFO - [2022-02-05 19:28:09,153] {dagbag.py:500} INFO - Filling up the DagBag from /home/airflow/.local/lib/python3.7/site-packages/airflow/example_dags/example_kubernetes_executor.py
[2022-02-05 19:28:09,181] {processor.py:654} INFO - DAG(s) dict_keys(['example_kubernetes_executor']) retrieved from /home/airflow/.local/lib/python3.7/site-packages/airflow/example_dags/example_kubernetes_executor.py
[2022-02-05 19:28:09,195] {logging_mixin.py:109} INFO - [2022-02-05 19:28:09,195] {dag.py:2396} INFO - Sync 1 DAGs
[2022-02-05 19:28:09,209] {logging_mixin.py:109} INFO - [2022-02-05 19:28:09,209] {dag.py:2935} INFO - Setting next_dagrun for example_kubernetes_executor to None
[2022-02-05 19:28:09,220] {processor.py:171} INFO - Processing /home/airflow/.local/lib/python3.7/site-packages/airflow/example_dags/example_kubernetes_executor.py took 0.072 seconds
[2022-02-05 19:28:40,010] {processor.py:163} INFO - Started process (PID=895) to work on /home/airflow/.local/lib/python3.7/site-packages/airflow/example_dags/example_kubernetes_executor.py
[2022-02-05 19:28:40,013] {processor.py:642} INFO - Processing file /home/airflow/.local/lib/python3.7/site-packages/airflow/example_dags/example_kubernetes_executor.py for tasks to queue
[2022-02-05 19:28:40,013] {logging_mixin.py:109} INFO - [2022-02-05 19:28:40,013] {dagbag.py:500} INFO - Filling up the DagBag from /home/airflow/.local/lib/python3.7/site-packages/airflow/example_dags/example_kubernetes_executor.py
[2022-02-05 19:28:40,039] {processor.py:654} INFO - DAG(s) dict_keys(['example_kubernetes_executor']) retrieved from /home/airflow/.local/lib/python3.7/site-packages/airflow/example_dags/example_kubernetes_executor.py
[2022-02-05 19:28:40,049] {logging_mixin.py:109} INFO - [2022-02-05 19:28:40,049] {dag.py:2396} INFO - Sync 1 DAGs
[2022-02-05 19:28:40,064] {logging_mixin.py:109} INFO - [2022-02-05 19:28:40,064] {dag.py:2935} INFO - Setting next_dagrun for example_kubernetes_executor to None
[2022-02-05 19:28:40,074] {processor.py:171} INFO - Processing /home/airflow/.local/lib/python3.7/site-packages/airflow/example_dags/example_kubernetes_executor.py took 0.067 seconds
[2022-02-05 19:29:10,754] {processor.py:163} INFO - Started process (PID=958) to work on /home/airflow/.local/lib/python3.7/site-packages/airflow/example_dags/example_kubernetes_executor.py
[2022-02-05 19:29:10,755] {processor.py:642} INFO - Processing file /home/airflow/.local/lib/python3.7/site-packages/airflow/example_dags/example_kubernetes_executor.py for tasks to queue
[2022-02-05 19:29:10,756] {logging_mixin.py:109} INFO - [2022-02-05 19:29:10,756] {dagbag.py:500} INFO - Filling up the DagBag from /home/airflow/.local/lib/python3.7/site-packages/airflow/example_dags/example_kubernetes_executor.py
[2022-02-05 19:29:10,789] {processor.py:654} INFO - DAG(s) dict_keys(['example_kubernetes_executor']) retrieved from /home/airflow/.local/lib/python3.7/site-packages/airflow/example_dags/example_kubernetes_executor.py
[2022-02-05 19:29:10,801] {logging_mixin.py:109} INFO - [2022-02-05 19:29:10,801] {dag.py:2396} INFO - Sync 1 DAGs
[2022-02-05 19:29:10,816] {logging_mixin.py:109} INFO - [2022-02-05 19:29:10,816] {dag.py:2935} INFO - Setting next_dagrun for example_kubernetes_executor to None
[2022-02-05 19:29:10,827] {processor.py:171} INFO - Processing /home/airflow/.local/lib/python3.7/site-packages/airflow/example_dags/example_kubernetes_executor.py took 0.076 seconds
[2022-02-05 19:29:41,483] {processor.py:163} INFO - Started process (PID=1011) to work on /home/airflow/.local/lib/python3.7/site-packages/airflow/example_dags/example_kubernetes_executor.py
[2022-02-05 19:29:41,487] {processor.py:642} INFO - Processing file /home/airflow/.local/lib/python3.7/site-packages/airflow/example_dags/example_kubernetes_executor.py for tasks to queue
[2022-02-05 19:29:41,488] {logging_mixin.py:109} INFO - [2022-02-05 19:29:41,488] {dagbag.py:500} INFO - Filling up the DagBag from /home/airflow/.local/lib/python3.7/site-packages/airflow/example_dags/example_kubernetes_executor.py
[2022-02-05 19:29:41,533] {processor.py:654} INFO - DAG(s) dict_keys(['example_kubernetes_executor']) retrieved from /home/airflow/.local/lib/python3.7/site-packages/airflow/example_dags/example_kubernetes_executor.py
[2022-02-05 19:29:41,554] {logging_mixin.py:109} INFO - [2022-02-05 19:29:41,554] {dag.py:2396} INFO - Sync 1 DAGs
[2022-02-05 19:29:41,574] {logging_mixin.py:109} INFO - [2022-02-05 19:29:41,574] {dag.py:2935} INFO - Setting next_dagrun for example_kubernetes_executor to None
[2022-02-05 19:29:41,587] {processor.py:171} INFO - Processing /home/airflow/.local/lib/python3.7/site-packages/airflow/example_dags/example_kubernetes_executor.py took 0.108 seconds
[2022-02-05 19:30:12,044] {processor.py:163} INFO - Started process (PID=1073) to work on /home/airflow/.local/lib/python3.7/site-packages/airflow/example_dags/example_kubernetes_executor.py
[2022-02-05 19:30:12,045] {processor.py:642} INFO - Processing file /home/airflow/.local/lib/python3.7/site-packages/airflow/example_dags/example_kubernetes_executor.py for tasks to queue
[2022-02-05 19:30:12,046] {logging_mixin.py:109} INFO - [2022-02-05 19:30:12,046] {dagbag.py:500} INFO - Filling up the DagBag from /home/airflow/.local/lib/python3.7/site-packages/airflow/example_dags/example_kubernetes_executor.py
[2022-02-05 19:30:12,077] {processor.py:654} INFO - DAG(s) dict_keys(['example_kubernetes_executor']) retrieved from /home/airflow/.local/lib/python3.7/site-packages/airflow/example_dags/example_kubernetes_executor.py
[2022-02-05 19:30:12,091] {logging_mixin.py:109} INFO - [2022-02-05 19:30:12,091] {dag.py:2396} INFO - Sync 1 DAGs
[2022-02-05 19:30:12,107] {logging_mixin.py:109} INFO - [2022-02-05 19:30:12,107] {dag.py:2935} INFO - Setting next_dagrun for example_kubernetes_executor to None
[2022-02-05 19:30:12,116] {processor.py:171} INFO - Processing /home/airflow/.local/lib/python3.7/site-packages/airflow/example_dags/example_kubernetes_executor.py took 0.075 seconds
[2022-02-05 19:30:42,178] {processor.py:163} INFO - Started process (PID=1126) to work on /home/airflow/.local/lib/python3.7/site-packages/airflow/example_dags/example_kubernetes_executor.py
[2022-02-05 19:30:42,181] {processor.py:642} INFO - Processing file /home/airflow/.local/lib/python3.7/site-packages/airflow/example_dags/example_kubernetes_executor.py for tasks to queue
[2022-02-05 19:30:42,182] {logging_mixin.py:109} INFO - [2022-02-05 19:30:42,182] {dagbag.py:500} INFO - Filling up the DagBag from /home/airflow/.local/lib/python3.7/site-packages/airflow/example_dags/example_kubernetes_executor.py
[2022-02-05 19:30:42,212] {processor.py:654} INFO - DAG(s) dict_keys(['example_kubernetes_executor']) retrieved from /home/airflow/.local/lib/python3.7/site-packages/airflow/example_dags/example_kubernetes_executor.py
[2022-02-05 19:30:42,227] {logging_mixin.py:109} INFO - [2022-02-05 19:30:42,226] {dag.py:2396} INFO - Sync 1 DAGs
[2022-02-05 19:30:42,242] {logging_mixin.py:109} INFO - [2022-02-05 19:30:42,242] {dag.py:2935} INFO - Setting next_dagrun for example_kubernetes_executor to None
[2022-02-05 19:30:42,253] {processor.py:171} INFO - Processing /home/airflow/.local/lib/python3.7/site-packages/airflow/example_dags/example_kubernetes_executor.py took 0.078 seconds
[2022-02-05 19:31:12,721] {processor.py:163} INFO - Started process (PID=1189) to work on /home/airflow/.local/lib/python3.7/site-packages/airflow/example_dags/example_kubernetes_executor.py
[2022-02-05 19:31:12,721] {processor.py:642} INFO - Processing file /home/airflow/.local/lib/python3.7/site-packages/airflow/example_dags/example_kubernetes_executor.py for tasks to queue
[2022-02-05 19:31:12,722] {logging_mixin.py:109} INFO - [2022-02-05 19:31:12,722] {dagbag.py:500} INFO - Filling up the DagBag from /home/airflow/.local/lib/python3.7/site-packages/airflow/example_dags/example_kubernetes_executor.py
[2022-02-05 19:31:12,749] {processor.py:654} INFO - DAG(s) dict_keys(['example_kubernetes_executor']) retrieved from /home/airflow/.local/lib/python3.7/site-packages/airflow/example_dags/example_kubernetes_executor.py
[2022-02-05 19:31:12,760] {logging_mixin.py:109} INFO - [2022-02-05 19:31:12,760] {dag.py:2396} INFO - Sync 1 DAGs
[2022-02-05 19:31:12,773] {logging_mixin.py:109} INFO - [2022-02-05 19:31:12,773] {dag.py:2935} INFO - Setting next_dagrun for example_kubernetes_executor to None
[2022-02-05 19:31:12,782] {processor.py:171} INFO - Processing /home/airflow/.local/lib/python3.7/site-packages/airflow/example_dags/example_kubernetes_executor.py took 0.064 seconds
[2022-02-05 19:31:43,088] {processor.py:163} INFO - Started process (PID=1242) to work on /home/airflow/.local/lib/python3.7/site-packages/airflow/example_dags/example_kubernetes_executor.py
[2022-02-05 19:31:43,090] {processor.py:642} INFO - Processing file /home/airflow/.local/lib/python3.7/site-packages/airflow/example_dags/example_kubernetes_executor.py for tasks to queue
[2022-02-05 19:31:43,090] {logging_mixin.py:109} INFO - [2022-02-05 19:31:43,090] {dagbag.py:500} INFO - Filling up the DagBag from /home/airflow/.local/lib/python3.7/site-packages/airflow/example_dags/example_kubernetes_executor.py
[2022-02-05 19:31:43,118] {processor.py:654} INFO - DAG(s) dict_keys(['example_kubernetes_executor']) retrieved from /home/airflow/.local/lib/python3.7/site-packages/airflow/example_dags/example_kubernetes_executor.py
[2022-02-05 19:31:43,129] {logging_mixin.py:109} INFO - [2022-02-05 19:31:43,129] {dag.py:2396} INFO - Sync 1 DAGs
[2022-02-05 19:31:43,142] {logging_mixin.py:109} INFO - [2022-02-05 19:31:43,142] {dag.py:2935} INFO - Setting next_dagrun for example_kubernetes_executor to None
[2022-02-05 19:31:43,150] {processor.py:171} INFO - Processing /home/airflow/.local/lib/python3.7/site-packages/airflow/example_dags/example_kubernetes_executor.py took 0.065 seconds
[2022-02-05 19:32:13,952] {processor.py:163} INFO - Started process (PID=1300) to work on /home/airflow/.local/lib/python3.7/site-packages/airflow/example_dags/example_kubernetes_executor.py
[2022-02-05 19:32:13,956] {processor.py:642} INFO - Processing file /home/airflow/.local/lib/python3.7/site-packages/airflow/example_dags/example_kubernetes_executor.py for tasks to queue
[2022-02-05 19:32:13,957] {logging_mixin.py:109} INFO - [2022-02-05 19:32:13,956] {dagbag.py:500} INFO - Filling up the DagBag from /home/airflow/.local/lib/python3.7/site-packages/airflow/example_dags/example_kubernetes_executor.py
[2022-02-05 19:32:13,998] {processor.py:654} INFO - DAG(s) dict_keys(['example_kubernetes_executor']) retrieved from /home/airflow/.local/lib/python3.7/site-packages/airflow/example_dags/example_kubernetes_executor.py
[2022-02-05 19:32:14,013] {logging_mixin.py:109} INFO - [2022-02-05 19:32:14,013] {dag.py:2396} INFO - Sync 1 DAGs
[2022-02-05 19:32:14,036] {logging_mixin.py:109} INFO - [2022-02-05 19:32:14,036] {dag.py:2935} INFO - Setting next_dagrun for example_kubernetes_executor to None
[2022-02-05 19:32:14,053] {processor.py:171} INFO - Processing /home/airflow/.local/lib/python3.7/site-packages/airflow/example_dags/example_kubernetes_executor.py took 0.104 seconds
[2022-02-05 19:32:44,645] {processor.py:163} INFO - Started process (PID=1362) to work on /home/airflow/.local/lib/python3.7/site-packages/airflow/example_dags/example_kubernetes_executor.py
[2022-02-05 19:32:44,647] {processor.py:642} INFO - Processing file /home/airflow/.local/lib/python3.7/site-packages/airflow/example_dags/example_kubernetes_executor.py for tasks to queue
[2022-02-05 19:32:44,647] {logging_mixin.py:109} INFO - [2022-02-05 19:32:44,647] {dagbag.py:500} INFO - Filling up the DagBag from /home/airflow/.local/lib/python3.7/site-packages/airflow/example_dags/example_kubernetes_executor.py
[2022-02-05 19:32:44,674] {processor.py:654} INFO - DAG(s) dict_keys(['example_kubernetes_executor']) retrieved from /home/airflow/.local/lib/python3.7/site-packages/airflow/example_dags/example_kubernetes_executor.py
[2022-02-05 19:32:44,684] {logging_mixin.py:109} INFO - [2022-02-05 19:32:44,684] {dag.py:2396} INFO - Sync 1 DAGs
[2022-02-05 19:32:44,695] {logging_mixin.py:109} INFO - [2022-02-05 19:32:44,695] {dag.py:2935} INFO - Setting next_dagrun for example_kubernetes_executor to None
[2022-02-05 19:32:44,703] {processor.py:171} INFO - Processing /home/airflow/.local/lib/python3.7/site-packages/airflow/example_dags/example_kubernetes_executor.py took 0.060 seconds
[2022-02-05 19:33:14,996] {processor.py:163} INFO - Started process (PID=1414) to work on /home/airflow/.local/lib/python3.7/site-packages/airflow/example_dags/example_kubernetes_executor.py
[2022-02-05 19:33:14,998] {processor.py:642} INFO - Processing file /home/airflow/.local/lib/python3.7/site-packages/airflow/example_dags/example_kubernetes_executor.py for tasks to queue
[2022-02-05 19:33:14,998] {logging_mixin.py:109} INFO - [2022-02-05 19:33:14,998] {dagbag.py:500} INFO - Filling up the DagBag from /home/airflow/.local/lib/python3.7/site-packages/airflow/example_dags/example_kubernetes_executor.py
[2022-02-05 19:33:15,025] {processor.py:654} INFO - DAG(s) dict_keys(['example_kubernetes_executor']) retrieved from /home/airflow/.local/lib/python3.7/site-packages/airflow/example_dags/example_kubernetes_executor.py
[2022-02-05 19:33:15,037] {logging_mixin.py:109} INFO - [2022-02-05 19:33:15,036] {dag.py:2396} INFO - Sync 1 DAGs
[2022-02-05 19:33:15,049] {logging_mixin.py:109} INFO - [2022-02-05 19:33:15,049] {dag.py:2935} INFO - Setting next_dagrun for example_kubernetes_executor to None
[2022-02-05 19:33:15,065] {processor.py:171} INFO - Processing /home/airflow/.local/lib/python3.7/site-packages/airflow/example_dags/example_kubernetes_executor.py took 0.072 seconds
[2022-02-05 19:33:45,299] {processor.py:163} INFO - Started process (PID=1478) to work on /home/airflow/.local/lib/python3.7/site-packages/airflow/example_dags/example_kubernetes_executor.py
[2022-02-05 19:33:45,300] {processor.py:642} INFO - Processing file /home/airflow/.local/lib/python3.7/site-packages/airflow/example_dags/example_kubernetes_executor.py for tasks to queue
[2022-02-05 19:33:45,301] {logging_mixin.py:109} INFO - [2022-02-05 19:33:45,301] {dagbag.py:500} INFO - Filling up the DagBag from /home/airflow/.local/lib/python3.7/site-packages/airflow/example_dags/example_kubernetes_executor.py
[2022-02-05 19:33:45,328] {processor.py:654} INFO - DAG(s) dict_keys(['example_kubernetes_executor']) retrieved from /home/airflow/.local/lib/python3.7/site-packages/airflow/example_dags/example_kubernetes_executor.py
[2022-02-05 19:33:45,339] {logging_mixin.py:109} INFO - [2022-02-05 19:33:45,339] {dag.py:2396} INFO - Sync 1 DAGs
[2022-02-05 19:33:45,352] {logging_mixin.py:109} INFO - [2022-02-05 19:33:45,352] {dag.py:2935} INFO - Setting next_dagrun for example_kubernetes_executor to None
[2022-02-05 19:33:45,360] {processor.py:171} INFO - Processing /home/airflow/.local/lib/python3.7/site-packages/airflow/example_dags/example_kubernetes_executor.py took 0.064 seconds
[2022-02-05 19:34:15,477] {processor.py:163} INFO - Started process (PID=1540) to work on /home/airflow/.local/lib/python3.7/site-packages/airflow/example_dags/example_kubernetes_executor.py
[2022-02-05 19:34:15,478] {processor.py:642} INFO - Processing file /home/airflow/.local/lib/python3.7/site-packages/airflow/example_dags/example_kubernetes_executor.py for tasks to queue
[2022-02-05 19:34:15,479] {logging_mixin.py:109} INFO - [2022-02-05 19:34:15,479] {dagbag.py:500} INFO - Filling up the DagBag from /home/airflow/.local/lib/python3.7/site-packages/airflow/example_dags/example_kubernetes_executor.py
[2022-02-05 19:34:15,510] {processor.py:654} INFO - DAG(s) dict_keys(['example_kubernetes_executor']) retrieved from /home/airflow/.local/lib/python3.7/site-packages/airflow/example_dags/example_kubernetes_executor.py
[2022-02-05 19:34:15,522] {logging_mixin.py:109} INFO - [2022-02-05 19:34:15,522] {dag.py:2396} INFO - Sync 1 DAGs
[2022-02-05 19:34:15,536] {logging_mixin.py:109} INFO - [2022-02-05 19:34:15,536] {dag.py:2935} INFO - Setting next_dagrun for example_kubernetes_executor to None
[2022-02-05 19:34:15,544] {processor.py:171} INFO - Processing /home/airflow/.local/lib/python3.7/site-packages/airflow/example_dags/example_kubernetes_executor.py took 0.070 seconds
[2022-02-05 19:34:46,352] {processor.py:163} INFO - Started process (PID=1591) to work on /home/airflow/.local/lib/python3.7/site-packages/airflow/example_dags/example_kubernetes_executor.py
[2022-02-05 19:34:46,353] {processor.py:642} INFO - Processing file /home/airflow/.local/lib/python3.7/site-packages/airflow/example_dags/example_kubernetes_executor.py for tasks to queue
[2022-02-05 19:34:46,354] {logging_mixin.py:109} INFO - [2022-02-05 19:34:46,354] {dagbag.py:500} INFO - Filling up the DagBag from /home/airflow/.local/lib/python3.7/site-packages/airflow/example_dags/example_kubernetes_executor.py
[2022-02-05 19:34:46,380] {processor.py:654} INFO - DAG(s) dict_keys(['example_kubernetes_executor']) retrieved from /home/airflow/.local/lib/python3.7/site-packages/airflow/example_dags/example_kubernetes_executor.py
[2022-02-05 19:34:46,390] {logging_mixin.py:109} INFO - [2022-02-05 19:34:46,390] {dag.py:2396} INFO - Sync 1 DAGs
[2022-02-05 19:34:46,401] {logging_mixin.py:109} INFO - [2022-02-05 19:34:46,401] {dag.py:2935} INFO - Setting next_dagrun for example_kubernetes_executor to None
[2022-02-05 19:34:46,409] {processor.py:171} INFO - Processing /home/airflow/.local/lib/python3.7/site-packages/airflow/example_dags/example_kubernetes_executor.py took 0.060 seconds
[2022-02-05 19:35:16,634] {processor.py:163} INFO - Started process (PID=1653) to work on /home/airflow/.local/lib/python3.7/site-packages/airflow/example_dags/example_kubernetes_executor.py
[2022-02-05 19:35:16,641] {processor.py:642} INFO - Processing file /home/airflow/.local/lib/python3.7/site-packages/airflow/example_dags/example_kubernetes_executor.py for tasks to queue
[2022-02-05 19:35:16,642] {logging_mixin.py:109} INFO - [2022-02-05 19:35:16,642] {dagbag.py:500} INFO - Filling up the DagBag from /home/airflow/.local/lib/python3.7/site-packages/airflow/example_dags/example_kubernetes_executor.py
[2022-02-05 19:35:16,668] {processor.py:654} INFO - DAG(s) dict_keys(['example_kubernetes_executor']) retrieved from /home/airflow/.local/lib/python3.7/site-packages/airflow/example_dags/example_kubernetes_executor.py
[2022-02-05 19:35:16,680] {logging_mixin.py:109} INFO - [2022-02-05 19:35:16,680] {dag.py:2396} INFO - Sync 1 DAGs
[2022-02-05 19:35:16,694] {logging_mixin.py:109} INFO - [2022-02-05 19:35:16,694] {dag.py:2935} INFO - Setting next_dagrun for example_kubernetes_executor to None
[2022-02-05 19:35:16,703] {processor.py:171} INFO - Processing /home/airflow/.local/lib/python3.7/site-packages/airflow/example_dags/example_kubernetes_executor.py took 0.072 seconds
[2022-02-05 19:35:46,765] {processor.py:163} INFO - Started process (PID=1705) to work on /home/airflow/.local/lib/python3.7/site-packages/airflow/example_dags/example_kubernetes_executor.py
[2022-02-05 19:35:46,768] {processor.py:642} INFO - Processing file /home/airflow/.local/lib/python3.7/site-packages/airflow/example_dags/example_kubernetes_executor.py for tasks to queue
[2022-02-05 19:35:46,769] {logging_mixin.py:109} INFO - [2022-02-05 19:35:46,768] {dagbag.py:500} INFO - Filling up the DagBag from /home/airflow/.local/lib/python3.7/site-packages/airflow/example_dags/example_kubernetes_executor.py
[2022-02-05 19:35:46,840] {processor.py:654} INFO - DAG(s) dict_keys(['example_kubernetes_executor']) retrieved from /home/airflow/.local/lib/python3.7/site-packages/airflow/example_dags/example_kubernetes_executor.py
[2022-02-05 19:35:46,852] {logging_mixin.py:109} INFO - [2022-02-05 19:35:46,851] {dag.py:2396} INFO - Sync 1 DAGs
[2022-02-05 19:35:46,864] {logging_mixin.py:109} INFO - [2022-02-05 19:35:46,864] {dag.py:2935} INFO - Setting next_dagrun for example_kubernetes_executor to None
[2022-02-05 19:35:46,877] {processor.py:171} INFO - Processing /home/airflow/.local/lib/python3.7/site-packages/airflow/example_dags/example_kubernetes_executor.py took 0.115 seconds
[2022-02-05 19:36:16,916] {processor.py:163} INFO - Started process (PID=1768) to work on /home/airflow/.local/lib/python3.7/site-packages/airflow/example_dags/example_kubernetes_executor.py
[2022-02-05 19:36:16,919] {processor.py:642} INFO - Processing file /home/airflow/.local/lib/python3.7/site-packages/airflow/example_dags/example_kubernetes_executor.py for tasks to queue
[2022-02-05 19:36:16,919] {logging_mixin.py:109} INFO - [2022-02-05 19:36:16,919] {dagbag.py:500} INFO - Filling up the DagBag from /home/airflow/.local/lib/python3.7/site-packages/airflow/example_dags/example_kubernetes_executor.py
[2022-02-05 19:36:16,946] {processor.py:654} INFO - DAG(s) dict_keys(['example_kubernetes_executor']) retrieved from /home/airflow/.local/lib/python3.7/site-packages/airflow/example_dags/example_kubernetes_executor.py
[2022-02-05 19:36:16,957] {logging_mixin.py:109} INFO - [2022-02-05 19:36:16,957] {dag.py:2396} INFO - Sync 1 DAGs
[2022-02-05 19:36:16,969] {logging_mixin.py:109} INFO - [2022-02-05 19:36:16,969] {dag.py:2935} INFO - Setting next_dagrun for example_kubernetes_executor to None
[2022-02-05 19:36:16,977] {processor.py:171} INFO - Processing /home/airflow/.local/lib/python3.7/site-packages/airflow/example_dags/example_kubernetes_executor.py took 0.063 seconds
[2022-02-05 19:36:47,029] {processor.py:163} INFO - Started process (PID=1819) to work on /home/airflow/.local/lib/python3.7/site-packages/airflow/example_dags/example_kubernetes_executor.py
[2022-02-05 19:36:47,034] {processor.py:642} INFO - Processing file /home/airflow/.local/lib/python3.7/site-packages/airflow/example_dags/example_kubernetes_executor.py for tasks to queue
[2022-02-05 19:36:47,034] {logging_mixin.py:109} INFO - [2022-02-05 19:36:47,034] {dagbag.py:500} INFO - Filling up the DagBag from /home/airflow/.local/lib/python3.7/site-packages/airflow/example_dags/example_kubernetes_executor.py
[2022-02-05 19:36:47,063] {processor.py:654} INFO - DAG(s) dict_keys(['example_kubernetes_executor']) retrieved from /home/airflow/.local/lib/python3.7/site-packages/airflow/example_dags/example_kubernetes_executor.py
[2022-02-05 19:36:47,075] {logging_mixin.py:109} INFO - [2022-02-05 19:36:47,075] {dag.py:2396} INFO - Sync 1 DAGs
[2022-02-05 19:36:47,087] {logging_mixin.py:109} INFO - [2022-02-05 19:36:47,087] {dag.py:2935} INFO - Setting next_dagrun for example_kubernetes_executor to None
[2022-02-05 19:36:47,096] {processor.py:171} INFO - Processing /home/airflow/.local/lib/python3.7/site-packages/airflow/example_dags/example_kubernetes_executor.py took 0.071 seconds
[2022-02-05 19:37:17,322] {processor.py:163} INFO - Started process (PID=1881) to work on /home/airflow/.local/lib/python3.7/site-packages/airflow/example_dags/example_kubernetes_executor.py
[2022-02-05 19:37:17,326] {processor.py:642} INFO - Processing file /home/airflow/.local/lib/python3.7/site-packages/airflow/example_dags/example_kubernetes_executor.py for tasks to queue
[2022-02-05 19:37:17,326] {logging_mixin.py:109} INFO - [2022-02-05 19:37:17,326] {dagbag.py:500} INFO - Filling up the DagBag from /home/airflow/.local/lib/python3.7/site-packages/airflow/example_dags/example_kubernetes_executor.py
[2022-02-05 19:37:17,355] {processor.py:654} INFO - DAG(s) dict_keys(['example_kubernetes_executor']) retrieved from /home/airflow/.local/lib/python3.7/site-packages/airflow/example_dags/example_kubernetes_executor.py
[2022-02-05 19:37:17,366] {logging_mixin.py:109} INFO - [2022-02-05 19:37:17,366] {dag.py:2396} INFO - Sync 1 DAGs
[2022-02-05 19:37:17,378] {logging_mixin.py:109} INFO - [2022-02-05 19:37:17,378] {dag.py:2935} INFO - Setting next_dagrun for example_kubernetes_executor to None
[2022-02-05 19:37:17,387] {processor.py:171} INFO - Processing /home/airflow/.local/lib/python3.7/site-packages/airflow/example_dags/example_kubernetes_executor.py took 0.068 seconds
[2022-02-05 19:37:47,841] {processor.py:163} INFO - Started process (PID=1934) to work on /home/airflow/.local/lib/python3.7/site-packages/airflow/example_dags/example_kubernetes_executor.py
[2022-02-05 19:37:47,844] {processor.py:642} INFO - Processing file /home/airflow/.local/lib/python3.7/site-packages/airflow/example_dags/example_kubernetes_executor.py for tasks to queue
[2022-02-05 19:37:47,845] {logging_mixin.py:109} INFO - [2022-02-05 19:37:47,845] {dagbag.py:500} INFO - Filling up the DagBag from /home/airflow/.local/lib/python3.7/site-packages/airflow/example_dags/example_kubernetes_executor.py
[2022-02-05 19:37:47,939] {processor.py:654} INFO - DAG(s) dict_keys(['example_kubernetes_executor']) retrieved from /home/airflow/.local/lib/python3.7/site-packages/airflow/example_dags/example_kubernetes_executor.py
[2022-02-05 19:37:47,969] {logging_mixin.py:109} INFO - [2022-02-05 19:37:47,968] {dag.py:2396} INFO - Sync 1 DAGs
[2022-02-05 19:37:47,987] {logging_mixin.py:109} INFO - [2022-02-05 19:37:47,987] {dag.py:2935} INFO - Setting next_dagrun for example_kubernetes_executor to None
[2022-02-05 19:37:47,999] {processor.py:171} INFO - Processing /home/airflow/.local/lib/python3.7/site-packages/airflow/example_dags/example_kubernetes_executor.py took 0.163 seconds
[2022-02-05 19:38:18,500] {processor.py:163} INFO - Started process (PID=1997) to work on /home/airflow/.local/lib/python3.7/site-packages/airflow/example_dags/example_kubernetes_executor.py
[2022-02-05 19:38:18,501] {processor.py:642} INFO - Processing file /home/airflow/.local/lib/python3.7/site-packages/airflow/example_dags/example_kubernetes_executor.py for tasks to queue
[2022-02-05 19:38:18,502] {logging_mixin.py:109} INFO - [2022-02-05 19:38:18,502] {dagbag.py:500} INFO - Filling up the DagBag from /home/airflow/.local/lib/python3.7/site-packages/airflow/example_dags/example_kubernetes_executor.py
[2022-02-05 19:38:18,595] {processor.py:654} INFO - DAG(s) dict_keys(['example_kubernetes_executor']) retrieved from /home/airflow/.local/lib/python3.7/site-packages/airflow/example_dags/example_kubernetes_executor.py
[2022-02-05 19:38:18,611] {logging_mixin.py:109} INFO - [2022-02-05 19:38:18,611] {dag.py:2396} INFO - Sync 1 DAGs
[2022-02-05 19:38:18,713] {logging_mixin.py:109} INFO - [2022-02-05 19:38:18,712] {dag.py:2935} INFO - Setting next_dagrun for example_kubernetes_executor to None
[2022-02-05 19:38:18,721] {processor.py:171} INFO - Processing /home/airflow/.local/lib/python3.7/site-packages/airflow/example_dags/example_kubernetes_executor.py took 0.224 seconds
[2022-02-05 19:38:49,109] {processor.py:163} INFO - Started process (PID=2051) to work on /home/airflow/.local/lib/python3.7/site-packages/airflow/example_dags/example_kubernetes_executor.py
[2022-02-05 19:38:49,110] {processor.py:642} INFO - Processing file /home/airflow/.local/lib/python3.7/site-packages/airflow/example_dags/example_kubernetes_executor.py for tasks to queue
[2022-02-05 19:38:49,111] {logging_mixin.py:109} INFO - [2022-02-05 19:38:49,111] {dagbag.py:500} INFO - Filling up the DagBag from /home/airflow/.local/lib/python3.7/site-packages/airflow/example_dags/example_kubernetes_executor.py
[2022-02-05 19:38:49,177] {processor.py:654} INFO - DAG(s) dict_keys(['example_kubernetes_executor']) retrieved from /home/airflow/.local/lib/python3.7/site-packages/airflow/example_dags/example_kubernetes_executor.py
[2022-02-05 19:38:49,204] {logging_mixin.py:109} INFO - [2022-02-05 19:38:49,204] {dag.py:2396} INFO - Sync 1 DAGs
[2022-02-05 19:38:49,365] {logging_mixin.py:109} INFO - [2022-02-05 19:38:49,365] {dag.py:2935} INFO - Setting next_dagrun for example_kubernetes_executor to None
[2022-02-05 19:38:49,379] {processor.py:171} INFO - Processing /home/airflow/.local/lib/python3.7/site-packages/airflow/example_dags/example_kubernetes_executor.py took 0.273 seconds
[2022-02-05 19:39:19,639] {processor.py:163} INFO - Started process (PID=2114) to work on /home/airflow/.local/lib/python3.7/site-packages/airflow/example_dags/example_kubernetes_executor.py
[2022-02-05 19:39:19,641] {processor.py:642} INFO - Processing file /home/airflow/.local/lib/python3.7/site-packages/airflow/example_dags/example_kubernetes_executor.py for tasks to queue
[2022-02-05 19:39:19,642] {logging_mixin.py:109} INFO - [2022-02-05 19:39:19,642] {dagbag.py:500} INFO - Filling up the DagBag from /home/airflow/.local/lib/python3.7/site-packages/airflow/example_dags/example_kubernetes_executor.py
[2022-02-05 19:39:19,698] {processor.py:654} INFO - DAG(s) dict_keys(['example_kubernetes_executor']) retrieved from /home/airflow/.local/lib/python3.7/site-packages/airflow/example_dags/example_kubernetes_executor.py
[2022-02-05 19:39:19,719] {logging_mixin.py:109} INFO - [2022-02-05 19:39:19,718] {dag.py:2396} INFO - Sync 1 DAGs
[2022-02-05 19:39:19,857] {logging_mixin.py:109} INFO - [2022-02-05 19:39:19,857] {dag.py:2935} INFO - Setting next_dagrun for example_kubernetes_executor to None
[2022-02-05 19:39:19,870] {processor.py:171} INFO - Processing /home/airflow/.local/lib/python3.7/site-packages/airflow/example_dags/example_kubernetes_executor.py took 0.236 seconds
[2022-02-05 19:39:50,398] {processor.py:163} INFO - Started process (PID=2171) to work on /home/airflow/.local/lib/python3.7/site-packages/airflow/example_dags/example_kubernetes_executor.py
[2022-02-05 19:39:50,400] {processor.py:642} INFO - Processing file /home/airflow/.local/lib/python3.7/site-packages/airflow/example_dags/example_kubernetes_executor.py for tasks to queue
[2022-02-05 19:39:50,401] {logging_mixin.py:109} INFO - [2022-02-05 19:39:50,401] {dagbag.py:500} INFO - Filling up the DagBag from /home/airflow/.local/lib/python3.7/site-packages/airflow/example_dags/example_kubernetes_executor.py
[2022-02-05 19:39:50,459] {processor.py:654} INFO - DAG(s) dict_keys(['example_kubernetes_executor']) retrieved from /home/airflow/.local/lib/python3.7/site-packages/airflow/example_dags/example_kubernetes_executor.py
[2022-02-05 19:39:50,481] {logging_mixin.py:109} INFO - [2022-02-05 19:39:50,481] {dag.py:2396} INFO - Sync 1 DAGs
[2022-02-05 19:39:50,621] {logging_mixin.py:109} INFO - [2022-02-05 19:39:50,621] {dag.py:2935} INFO - Setting next_dagrun for example_kubernetes_executor to None
[2022-02-05 19:39:50,638] {processor.py:171} INFO - Processing /home/airflow/.local/lib/python3.7/site-packages/airflow/example_dags/example_kubernetes_executor.py took 0.246 seconds
[2022-02-05 19:40:20,752] {processor.py:163} INFO - Started process (PID=2229) to work on /home/airflow/.local/lib/python3.7/site-packages/airflow/example_dags/example_kubernetes_executor.py
[2022-02-05 19:40:20,754] {processor.py:642} INFO - Processing file /home/airflow/.local/lib/python3.7/site-packages/airflow/example_dags/example_kubernetes_executor.py for tasks to queue
[2022-02-05 19:40:20,755] {logging_mixin.py:109} INFO - [2022-02-05 19:40:20,755] {dagbag.py:500} INFO - Filling up the DagBag from /home/airflow/.local/lib/python3.7/site-packages/airflow/example_dags/example_kubernetes_executor.py
[2022-02-05 19:40:20,817] {processor.py:654} INFO - DAG(s) dict_keys(['example_kubernetes_executor']) retrieved from /home/airflow/.local/lib/python3.7/site-packages/airflow/example_dags/example_kubernetes_executor.py
[2022-02-05 19:40:20,837] {logging_mixin.py:109} INFO - [2022-02-05 19:40:20,837] {dag.py:2396} INFO - Sync 1 DAGs
[2022-02-05 19:40:20,984] {logging_mixin.py:109} INFO - [2022-02-05 19:40:20,983] {dag.py:2935} INFO - Setting next_dagrun for example_kubernetes_executor to None
[2022-02-05 19:40:20,998] {processor.py:171} INFO - Processing /home/airflow/.local/lib/python3.7/site-packages/airflow/example_dags/example_kubernetes_executor.py took 0.252 seconds
[2022-02-05 19:40:51,753] {processor.py:163} INFO - Started process (PID=2292) to work on /home/airflow/.local/lib/python3.7/site-packages/airflow/example_dags/example_kubernetes_executor.py
[2022-02-05 19:40:51,755] {processor.py:642} INFO - Processing file /home/airflow/.local/lib/python3.7/site-packages/airflow/example_dags/example_kubernetes_executor.py for tasks to queue
[2022-02-05 19:40:51,756] {logging_mixin.py:109} INFO - [2022-02-05 19:40:51,756] {dagbag.py:500} INFO - Filling up the DagBag from /home/airflow/.local/lib/python3.7/site-packages/airflow/example_dags/example_kubernetes_executor.py
[2022-02-05 19:40:51,796] {processor.py:654} INFO - DAG(s) dict_keys(['example_kubernetes_executor']) retrieved from /home/airflow/.local/lib/python3.7/site-packages/airflow/example_dags/example_kubernetes_executor.py
[2022-02-05 19:40:52,005] {logging_mixin.py:109} INFO - [2022-02-05 19:40:52,005] {dag.py:2396} INFO - Sync 1 DAGs
[2022-02-05 19:40:52,059] {logging_mixin.py:109} INFO - [2022-02-05 19:40:52,059] {dag.py:2935} INFO - Setting next_dagrun for example_kubernetes_executor to None
[2022-02-05 19:40:52,095] {processor.py:171} INFO - Processing /home/airflow/.local/lib/python3.7/site-packages/airflow/example_dags/example_kubernetes_executor.py took 0.345 seconds
[2022-02-05 19:41:22,595] {processor.py:163} INFO - Started process (PID=2345) to work on /home/airflow/.local/lib/python3.7/site-packages/airflow/example_dags/example_kubernetes_executor.py
[2022-02-05 19:41:22,620] {processor.py:642} INFO - Processing file /home/airflow/.local/lib/python3.7/site-packages/airflow/example_dags/example_kubernetes_executor.py for tasks to queue
[2022-02-05 19:41:22,620] {logging_mixin.py:109} INFO - [2022-02-05 19:41:22,620] {dagbag.py:500} INFO - Filling up the DagBag from /home/airflow/.local/lib/python3.7/site-packages/airflow/example_dags/example_kubernetes_executor.py
[2022-02-05 19:41:22,722] {processor.py:654} INFO - DAG(s) dict_keys(['example_kubernetes_executor']) retrieved from /home/airflow/.local/lib/python3.7/site-packages/airflow/example_dags/example_kubernetes_executor.py
[2022-02-05 19:41:22,730] {logging_mixin.py:109} INFO - [2022-02-05 19:41:22,730] {dag.py:2396} INFO - Sync 1 DAGs
[2022-02-05 19:41:22,742] {logging_mixin.py:109} INFO - [2022-02-05 19:41:22,742] {dag.py:2935} INFO - Setting next_dagrun for example_kubernetes_executor to None
[2022-02-05 19:41:22,751] {processor.py:171} INFO - Processing /home/airflow/.local/lib/python3.7/site-packages/airflow/example_dags/example_kubernetes_executor.py took 0.159 seconds
[2022-02-05 19:41:53,269] {processor.py:163} INFO - Started process (PID=2407) to work on /home/airflow/.local/lib/python3.7/site-packages/airflow/example_dags/example_kubernetes_executor.py
[2022-02-05 19:41:53,272] {processor.py:642} INFO - Processing file /home/airflow/.local/lib/python3.7/site-packages/airflow/example_dags/example_kubernetes_executor.py for tasks to queue
[2022-02-05 19:41:53,273] {logging_mixin.py:109} INFO - [2022-02-05 19:41:53,273] {dagbag.py:500} INFO - Filling up the DagBag from /home/airflow/.local/lib/python3.7/site-packages/airflow/example_dags/example_kubernetes_executor.py
[2022-02-05 19:41:53,376] {processor.py:654} INFO - DAG(s) dict_keys(['example_kubernetes_executor']) retrieved from /home/airflow/.local/lib/python3.7/site-packages/airflow/example_dags/example_kubernetes_executor.py
[2022-02-05 19:41:53,386] {logging_mixin.py:109} INFO - [2022-02-05 19:41:53,386] {dag.py:2396} INFO - Sync 1 DAGs
[2022-02-05 19:41:53,396] {logging_mixin.py:109} INFO - [2022-02-05 19:41:53,396] {dag.py:2935} INFO - Setting next_dagrun for example_kubernetes_executor to None
[2022-02-05 19:41:53,406] {processor.py:171} INFO - Processing /home/airflow/.local/lib/python3.7/site-packages/airflow/example_dags/example_kubernetes_executor.py took 0.139 seconds
[2022-02-05 19:42:23,786] {processor.py:163} INFO - Started process (PID=2459) to work on /home/airflow/.local/lib/python3.7/site-packages/airflow/example_dags/example_kubernetes_executor.py
[2022-02-05 19:42:23,789] {processor.py:642} INFO - Processing file /home/airflow/.local/lib/python3.7/site-packages/airflow/example_dags/example_kubernetes_executor.py for tasks to queue
[2022-02-05 19:42:23,790] {logging_mixin.py:109} INFO - [2022-02-05 19:42:23,790] {dagbag.py:500} INFO - Filling up the DagBag from /home/airflow/.local/lib/python3.7/site-packages/airflow/example_dags/example_kubernetes_executor.py
[2022-02-05 19:42:23,992] {processor.py:654} INFO - DAG(s) dict_keys(['example_kubernetes_executor']) retrieved from /home/airflow/.local/lib/python3.7/site-packages/airflow/example_dags/example_kubernetes_executor.py
[2022-02-05 19:42:24,009] {logging_mixin.py:109} INFO - [2022-02-05 19:42:24,009] {dag.py:2396} INFO - Sync 1 DAGs
[2022-02-05 19:42:24,032] {logging_mixin.py:109} INFO - [2022-02-05 19:42:24,032] {dag.py:2935} INFO - Setting next_dagrun for example_kubernetes_executor to None
[2022-02-05 19:42:24,051] {processor.py:171} INFO - Processing /home/airflow/.local/lib/python3.7/site-packages/airflow/example_dags/example_kubernetes_executor.py took 0.271 seconds
[2022-02-05 19:42:54,393] {processor.py:163} INFO - Started process (PID=2522) to work on /home/airflow/.local/lib/python3.7/site-packages/airflow/example_dags/example_kubernetes_executor.py
[2022-02-05 19:42:54,394] {processor.py:642} INFO - Processing file /home/airflow/.local/lib/python3.7/site-packages/airflow/example_dags/example_kubernetes_executor.py for tasks to queue
[2022-02-05 19:42:54,394] {logging_mixin.py:109} INFO - [2022-02-05 19:42:54,394] {dagbag.py:500} INFO - Filling up the DagBag from /home/airflow/.local/lib/python3.7/site-packages/airflow/example_dags/example_kubernetes_executor.py
[2022-02-05 19:42:54,514] {processor.py:654} INFO - DAG(s) dict_keys(['example_kubernetes_executor']) retrieved from /home/airflow/.local/lib/python3.7/site-packages/airflow/example_dags/example_kubernetes_executor.py
[2022-02-05 19:42:54,526] {logging_mixin.py:109} INFO - [2022-02-05 19:42:54,526] {dag.py:2396} INFO - Sync 1 DAGs
[2022-02-05 19:42:54,542] {logging_mixin.py:109} INFO - [2022-02-05 19:42:54,542] {dag.py:2935} INFO - Setting next_dagrun for example_kubernetes_executor to None
[2022-02-05 19:42:54,573] {processor.py:171} INFO - Processing /home/airflow/.local/lib/python3.7/site-packages/airflow/example_dags/example_kubernetes_executor.py took 0.183 seconds
[2022-02-05 19:43:25,257] {processor.py:163} INFO - Started process (PID=2574) to work on /home/airflow/.local/lib/python3.7/site-packages/airflow/example_dags/example_kubernetes_executor.py
[2022-02-05 19:43:25,259] {processor.py:642} INFO - Processing file /home/airflow/.local/lib/python3.7/site-packages/airflow/example_dags/example_kubernetes_executor.py for tasks to queue
[2022-02-05 19:43:25,261] {logging_mixin.py:109} INFO - [2022-02-05 19:43:25,261] {dagbag.py:500} INFO - Filling up the DagBag from /home/airflow/.local/lib/python3.7/site-packages/airflow/example_dags/example_kubernetes_executor.py
[2022-02-05 19:43:25,441] {processor.py:654} INFO - DAG(s) dict_keys(['example_kubernetes_executor']) retrieved from /home/airflow/.local/lib/python3.7/site-packages/airflow/example_dags/example_kubernetes_executor.py
[2022-02-05 19:43:25,458] {logging_mixin.py:109} INFO - [2022-02-05 19:43:25,457] {dag.py:2396} INFO - Sync 1 DAGs
[2022-02-05 19:43:25,483] {logging_mixin.py:109} INFO - [2022-02-05 19:43:25,482] {dag.py:2935} INFO - Setting next_dagrun for example_kubernetes_executor to None
[2022-02-05 19:43:25,500] {processor.py:171} INFO - Processing /home/airflow/.local/lib/python3.7/site-packages/airflow/example_dags/example_kubernetes_executor.py took 0.248 seconds
[2022-02-05 19:43:55,665] {processor.py:163} INFO - Started process (PID=2639) to work on /home/airflow/.local/lib/python3.7/site-packages/airflow/example_dags/example_kubernetes_executor.py
[2022-02-05 19:43:55,667] {processor.py:642} INFO - Processing file /home/airflow/.local/lib/python3.7/site-packages/airflow/example_dags/example_kubernetes_executor.py for tasks to queue
[2022-02-05 19:43:55,668] {logging_mixin.py:109} INFO - [2022-02-05 19:43:55,668] {dagbag.py:500} INFO - Filling up the DagBag from /home/airflow/.local/lib/python3.7/site-packages/airflow/example_dags/example_kubernetes_executor.py
[2022-02-05 19:43:55,769] {processor.py:654} INFO - DAG(s) dict_keys(['example_kubernetes_executor']) retrieved from /home/airflow/.local/lib/python3.7/site-packages/airflow/example_dags/example_kubernetes_executor.py
[2022-02-05 19:43:55,778] {logging_mixin.py:109} INFO - [2022-02-05 19:43:55,777] {dag.py:2396} INFO - Sync 1 DAGs
[2022-02-05 19:43:55,789] {logging_mixin.py:109} INFO - [2022-02-05 19:43:55,788] {dag.py:2935} INFO - Setting next_dagrun for example_kubernetes_executor to None
[2022-02-05 19:43:55,798] {processor.py:171} INFO - Processing /home/airflow/.local/lib/python3.7/site-packages/airflow/example_dags/example_kubernetes_executor.py took 0.136 seconds
[2022-02-05 19:44:25,972] {processor.py:163} INFO - Started process (PID=2694) to work on /home/airflow/.local/lib/python3.7/site-packages/airflow/example_dags/example_kubernetes_executor.py
[2022-02-05 19:44:25,973] {processor.py:642} INFO - Processing file /home/airflow/.local/lib/python3.7/site-packages/airflow/example_dags/example_kubernetes_executor.py for tasks to queue
[2022-02-05 19:44:25,973] {logging_mixin.py:109} INFO - [2022-02-05 19:44:25,973] {dagbag.py:500} INFO - Filling up the DagBag from /home/airflow/.local/lib/python3.7/site-packages/airflow/example_dags/example_kubernetes_executor.py
[2022-02-05 19:44:26,084] {processor.py:654} INFO - DAG(s) dict_keys(['example_kubernetes_executor']) retrieved from /home/airflow/.local/lib/python3.7/site-packages/airflow/example_dags/example_kubernetes_executor.py
[2022-02-05 19:44:26,092] {logging_mixin.py:109} INFO - [2022-02-05 19:44:26,092] {dag.py:2396} INFO - Sync 1 DAGs
[2022-02-05 19:44:26,103] {logging_mixin.py:109} INFO - [2022-02-05 19:44:26,103] {dag.py:2935} INFO - Setting next_dagrun for example_kubernetes_executor to None
[2022-02-05 19:44:26,111] {processor.py:171} INFO - Processing /home/airflow/.local/lib/python3.7/site-packages/airflow/example_dags/example_kubernetes_executor.py took 0.141 seconds
[2022-02-05 19:44:56,152] {processor.py:163} INFO - Started process (PID=2756) to work on /home/airflow/.local/lib/python3.7/site-packages/airflow/example_dags/example_kubernetes_executor.py
[2022-02-05 19:44:56,154] {processor.py:642} INFO - Processing file /home/airflow/.local/lib/python3.7/site-packages/airflow/example_dags/example_kubernetes_executor.py for tasks to queue
[2022-02-05 19:44:56,155] {logging_mixin.py:109} INFO - [2022-02-05 19:44:56,155] {dagbag.py:500} INFO - Filling up the DagBag from /home/airflow/.local/lib/python3.7/site-packages/airflow/example_dags/example_kubernetes_executor.py
[2022-02-05 19:44:56,185] {processor.py:654} INFO - DAG(s) dict_keys(['example_kubernetes_executor']) retrieved from /home/airflow/.local/lib/python3.7/site-packages/airflow/example_dags/example_kubernetes_executor.py
[2022-02-05 19:44:56,198] {logging_mixin.py:109} INFO - [2022-02-05 19:44:56,198] {dag.py:2396} INFO - Sync 1 DAGs
[2022-02-05 19:44:56,213] {logging_mixin.py:109} INFO - [2022-02-05 19:44:56,213] {dag.py:2935} INFO - Setting next_dagrun for example_kubernetes_executor to None
[2022-02-05 19:44:56,222] {processor.py:171} INFO - Processing /home/airflow/.local/lib/python3.7/site-packages/airflow/example_dags/example_kubernetes_executor.py took 0.073 seconds
[2022-02-05 19:45:26,966] {processor.py:163} INFO - Started process (PID=2808) to work on /home/airflow/.local/lib/python3.7/site-packages/airflow/example_dags/example_kubernetes_executor.py
[2022-02-05 19:45:26,966] {processor.py:642} INFO - Processing file /home/airflow/.local/lib/python3.7/site-packages/airflow/example_dags/example_kubernetes_executor.py for tasks to queue
[2022-02-05 19:45:26,967] {logging_mixin.py:109} INFO - [2022-02-05 19:45:26,967] {dagbag.py:500} INFO - Filling up the DagBag from /home/airflow/.local/lib/python3.7/site-packages/airflow/example_dags/example_kubernetes_executor.py
[2022-02-05 19:45:26,993] {processor.py:654} INFO - DAG(s) dict_keys(['example_kubernetes_executor']) retrieved from /home/airflow/.local/lib/python3.7/site-packages/airflow/example_dags/example_kubernetes_executor.py
[2022-02-05 19:45:27,003] {logging_mixin.py:109} INFO - [2022-02-05 19:45:27,003] {dag.py:2396} INFO - Sync 1 DAGs
[2022-02-05 19:45:27,014] {logging_mixin.py:109} INFO - [2022-02-05 19:45:27,014] {dag.py:2935} INFO - Setting next_dagrun for example_kubernetes_executor to None
[2022-02-05 19:45:27,023] {processor.py:171} INFO - Processing /home/airflow/.local/lib/python3.7/site-packages/airflow/example_dags/example_kubernetes_executor.py took 0.060 seconds
[2022-02-05 19:45:57,815] {processor.py:163} INFO - Started process (PID=2871) to work on /home/airflow/.local/lib/python3.7/site-packages/airflow/example_dags/example_kubernetes_executor.py
[2022-02-05 19:45:57,817] {processor.py:642} INFO - Processing file /home/airflow/.local/lib/python3.7/site-packages/airflow/example_dags/example_kubernetes_executor.py for tasks to queue
[2022-02-05 19:45:57,817] {logging_mixin.py:109} INFO - [2022-02-05 19:45:57,817] {dagbag.py:500} INFO - Filling up the DagBag from /home/airflow/.local/lib/python3.7/site-packages/airflow/example_dags/example_kubernetes_executor.py
[2022-02-05 19:45:57,844] {processor.py:654} INFO - DAG(s) dict_keys(['example_kubernetes_executor']) retrieved from /home/airflow/.local/lib/python3.7/site-packages/airflow/example_dags/example_kubernetes_executor.py
[2022-02-05 19:45:57,853] {logging_mixin.py:109} INFO - [2022-02-05 19:45:57,853] {dag.py:2396} INFO - Sync 1 DAGs
[2022-02-05 19:45:57,865] {logging_mixin.py:109} INFO - [2022-02-05 19:45:57,865] {dag.py:2935} INFO - Setting next_dagrun for example_kubernetes_executor to None
[2022-02-05 19:45:57,874] {processor.py:171} INFO - Processing /home/airflow/.local/lib/python3.7/site-packages/airflow/example_dags/example_kubernetes_executor.py took 0.061 seconds
[2022-02-05 19:46:28,652] {processor.py:163} INFO - Started process (PID=2932) to work on /home/airflow/.local/lib/python3.7/site-packages/airflow/example_dags/example_kubernetes_executor.py
[2022-02-05 19:46:28,653] {processor.py:642} INFO - Processing file /home/airflow/.local/lib/python3.7/site-packages/airflow/example_dags/example_kubernetes_executor.py for tasks to queue
[2022-02-05 19:46:28,653] {logging_mixin.py:109} INFO - [2022-02-05 19:46:28,653] {dagbag.py:500} INFO - Filling up the DagBag from /home/airflow/.local/lib/python3.7/site-packages/airflow/example_dags/example_kubernetes_executor.py
[2022-02-05 19:46:28,679] {processor.py:654} INFO - DAG(s) dict_keys(['example_kubernetes_executor']) retrieved from /home/airflow/.local/lib/python3.7/site-packages/airflow/example_dags/example_kubernetes_executor.py
[2022-02-05 19:46:28,689] {logging_mixin.py:109} INFO - [2022-02-05 19:46:28,689] {dag.py:2396} INFO - Sync 1 DAGs
[2022-02-05 19:46:28,702] {logging_mixin.py:109} INFO - [2022-02-05 19:46:28,701] {dag.py:2935} INFO - Setting next_dagrun for example_kubernetes_executor to None
[2022-02-05 19:46:28,715] {processor.py:171} INFO - Processing /home/airflow/.local/lib/python3.7/site-packages/airflow/example_dags/example_kubernetes_executor.py took 0.066 seconds
[2022-02-05 19:46:59,437] {processor.py:163} INFO - Started process (PID=2984) to work on /home/airflow/.local/lib/python3.7/site-packages/airflow/example_dags/example_kubernetes_executor.py
[2022-02-05 19:46:59,438] {processor.py:642} INFO - Processing file /home/airflow/.local/lib/python3.7/site-packages/airflow/example_dags/example_kubernetes_executor.py for tasks to queue
[2022-02-05 19:46:59,439] {logging_mixin.py:109} INFO - [2022-02-05 19:46:59,439] {dagbag.py:500} INFO - Filling up the DagBag from /home/airflow/.local/lib/python3.7/site-packages/airflow/example_dags/example_kubernetes_executor.py
[2022-02-05 19:46:59,472] {processor.py:654} INFO - DAG(s) dict_keys(['example_kubernetes_executor']) retrieved from /home/airflow/.local/lib/python3.7/site-packages/airflow/example_dags/example_kubernetes_executor.py
[2022-02-05 19:46:59,485] {logging_mixin.py:109} INFO - [2022-02-05 19:46:59,485] {dag.py:2396} INFO - Sync 1 DAGs
[2022-02-05 19:46:59,500] {logging_mixin.py:109} INFO - [2022-02-05 19:46:59,500] {dag.py:2935} INFO - Setting next_dagrun for example_kubernetes_executor to None
[2022-02-05 19:46:59,513] {processor.py:171} INFO - Processing /home/airflow/.local/lib/python3.7/site-packages/airflow/example_dags/example_kubernetes_executor.py took 0.079 seconds
[2022-02-05 19:47:30,297] {processor.py:163} INFO - Started process (PID=3045) to work on /home/airflow/.local/lib/python3.7/site-packages/airflow/example_dags/example_kubernetes_executor.py
[2022-02-05 19:47:30,299] {processor.py:642} INFO - Processing file /home/airflow/.local/lib/python3.7/site-packages/airflow/example_dags/example_kubernetes_executor.py for tasks to queue
[2022-02-05 19:47:30,299] {logging_mixin.py:109} INFO - [2022-02-05 19:47:30,299] {dagbag.py:500} INFO - Filling up the DagBag from /home/airflow/.local/lib/python3.7/site-packages/airflow/example_dags/example_kubernetes_executor.py
[2022-02-05 19:47:30,327] {processor.py:654} INFO - DAG(s) dict_keys(['example_kubernetes_executor']) retrieved from /home/airflow/.local/lib/python3.7/site-packages/airflow/example_dags/example_kubernetes_executor.py
[2022-02-05 19:47:30,337] {logging_mixin.py:109} INFO - [2022-02-05 19:47:30,337] {dag.py:2396} INFO - Sync 1 DAGs
[2022-02-05 19:47:30,349] {logging_mixin.py:109} INFO - [2022-02-05 19:47:30,349] {dag.py:2935} INFO - Setting next_dagrun for example_kubernetes_executor to None
[2022-02-05 19:47:30,374] {processor.py:171} INFO - Processing /home/airflow/.local/lib/python3.7/site-packages/airflow/example_dags/example_kubernetes_executor.py took 0.080 seconds
[2022-02-05 19:48:01,227] {processor.py:163} INFO - Started process (PID=3098) to work on /home/airflow/.local/lib/python3.7/site-packages/airflow/example_dags/example_kubernetes_executor.py
[2022-02-05 19:48:01,228] {processor.py:642} INFO - Processing file /home/airflow/.local/lib/python3.7/site-packages/airflow/example_dags/example_kubernetes_executor.py for tasks to queue
[2022-02-05 19:48:01,228] {logging_mixin.py:109} INFO - [2022-02-05 19:48:01,228] {dagbag.py:500} INFO - Filling up the DagBag from /home/airflow/.local/lib/python3.7/site-packages/airflow/example_dags/example_kubernetes_executor.py
[2022-02-05 19:48:01,255] {processor.py:654} INFO - DAG(s) dict_keys(['example_kubernetes_executor']) retrieved from /home/airflow/.local/lib/python3.7/site-packages/airflow/example_dags/example_kubernetes_executor.py
[2022-02-05 19:48:01,265] {logging_mixin.py:109} INFO - [2022-02-05 19:48:01,265] {dag.py:2396} INFO - Sync 1 DAGs
[2022-02-05 19:48:01,278] {logging_mixin.py:109} INFO - [2022-02-05 19:48:01,278] {dag.py:2935} INFO - Setting next_dagrun for example_kubernetes_executor to None
[2022-02-05 19:48:01,289] {processor.py:171} INFO - Processing /home/airflow/.local/lib/python3.7/site-packages/airflow/example_dags/example_kubernetes_executor.py took 0.065 seconds
[2022-02-05 19:48:31,861] {processor.py:163} INFO - Started process (PID=3161) to work on /home/airflow/.local/lib/python3.7/site-packages/airflow/example_dags/example_kubernetes_executor.py
[2022-02-05 19:48:31,862] {processor.py:642} INFO - Processing file /home/airflow/.local/lib/python3.7/site-packages/airflow/example_dags/example_kubernetes_executor.py for tasks to queue
[2022-02-05 19:48:31,862] {logging_mixin.py:109} INFO - [2022-02-05 19:48:31,862] {dagbag.py:500} INFO - Filling up the DagBag from /home/airflow/.local/lib/python3.7/site-packages/airflow/example_dags/example_kubernetes_executor.py
[2022-02-05 19:48:31,889] {processor.py:654} INFO - DAG(s) dict_keys(['example_kubernetes_executor']) retrieved from /home/airflow/.local/lib/python3.7/site-packages/airflow/example_dags/example_kubernetes_executor.py
[2022-02-05 19:48:31,899] {logging_mixin.py:109} INFO - [2022-02-05 19:48:31,899] {dag.py:2396} INFO - Sync 1 DAGs
[2022-02-05 19:48:31,911] {logging_mixin.py:109} INFO - [2022-02-05 19:48:31,910] {dag.py:2935} INFO - Setting next_dagrun for example_kubernetes_executor to None
[2022-02-05 19:48:31,919] {processor.py:171} INFO - Processing /home/airflow/.local/lib/python3.7/site-packages/airflow/example_dags/example_kubernetes_executor.py took 0.061 seconds
[2022-02-05 19:49:02,378] {processor.py:163} INFO - Started process (PID=3215) to work on /home/airflow/.local/lib/python3.7/site-packages/airflow/example_dags/example_kubernetes_executor.py
[2022-02-05 19:49:02,378] {processor.py:642} INFO - Processing file /home/airflow/.local/lib/python3.7/site-packages/airflow/example_dags/example_kubernetes_executor.py for tasks to queue
[2022-02-05 19:49:02,379] {logging_mixin.py:109} INFO - [2022-02-05 19:49:02,379] {dagbag.py:500} INFO - Filling up the DagBag from /home/airflow/.local/lib/python3.7/site-packages/airflow/example_dags/example_kubernetes_executor.py
[2022-02-05 19:49:02,405] {processor.py:654} INFO - DAG(s) dict_keys(['example_kubernetes_executor']) retrieved from /home/airflow/.local/lib/python3.7/site-packages/airflow/example_dags/example_kubernetes_executor.py
[2022-02-05 19:49:02,415] {logging_mixin.py:109} INFO - [2022-02-05 19:49:02,415] {dag.py:2396} INFO - Sync 1 DAGs
[2022-02-05 19:49:02,427] {logging_mixin.py:109} INFO - [2022-02-05 19:49:02,427] {dag.py:2935} INFO - Setting next_dagrun for example_kubernetes_executor to None
[2022-02-05 19:49:02,436] {processor.py:171} INFO - Processing /home/airflow/.local/lib/python3.7/site-packages/airflow/example_dags/example_kubernetes_executor.py took 0.061 seconds
[2022-02-05 19:49:32,730] {processor.py:163} INFO - Started process (PID=3279) to work on /home/airflow/.local/lib/python3.7/site-packages/airflow/example_dags/example_kubernetes_executor.py
[2022-02-05 19:49:32,732] {processor.py:642} INFO - Processing file /home/airflow/.local/lib/python3.7/site-packages/airflow/example_dags/example_kubernetes_executor.py for tasks to queue
[2022-02-05 19:49:32,733] {logging_mixin.py:109} INFO - [2022-02-05 19:49:32,732] {dagbag.py:500} INFO - Filling up the DagBag from /home/airflow/.local/lib/python3.7/site-packages/airflow/example_dags/example_kubernetes_executor.py
[2022-02-05 19:49:32,771] {processor.py:654} INFO - DAG(s) dict_keys(['example_kubernetes_executor']) retrieved from /home/airflow/.local/lib/python3.7/site-packages/airflow/example_dags/example_kubernetes_executor.py
[2022-02-05 19:49:32,787] {logging_mixin.py:109} INFO - [2022-02-05 19:49:32,787] {dag.py:2396} INFO - Sync 1 DAGs
[2022-02-05 19:49:32,805] {logging_mixin.py:109} INFO - [2022-02-05 19:49:32,805] {dag.py:2935} INFO - Setting next_dagrun for example_kubernetes_executor to None
[2022-02-05 19:49:32,816] {processor.py:171} INFO - Processing /home/airflow/.local/lib/python3.7/site-packages/airflow/example_dags/example_kubernetes_executor.py took 0.094 seconds
[2022-02-05 19:50:03,163] {processor.py:163} INFO - Started process (PID=3332) to work on /home/airflow/.local/lib/python3.7/site-packages/airflow/example_dags/example_kubernetes_executor.py
[2022-02-05 19:50:03,164] {processor.py:642} INFO - Processing file /home/airflow/.local/lib/python3.7/site-packages/airflow/example_dags/example_kubernetes_executor.py for tasks to queue
[2022-02-05 19:50:03,164] {logging_mixin.py:109} INFO - [2022-02-05 19:50:03,164] {dagbag.py:500} INFO - Filling up the DagBag from /home/airflow/.local/lib/python3.7/site-packages/airflow/example_dags/example_kubernetes_executor.py
[2022-02-05 19:50:03,191] {processor.py:654} INFO - DAG(s) dict_keys(['example_kubernetes_executor']) retrieved from /home/airflow/.local/lib/python3.7/site-packages/airflow/example_dags/example_kubernetes_executor.py
[2022-02-05 19:50:03,202] {logging_mixin.py:109} INFO - [2022-02-05 19:50:03,202] {dag.py:2396} INFO - Sync 1 DAGs
[2022-02-05 19:50:03,217] {logging_mixin.py:109} INFO - [2022-02-05 19:50:03,217] {dag.py:2935} INFO - Setting next_dagrun for example_kubernetes_executor to None
[2022-02-05 19:50:03,228] {processor.py:171} INFO - Processing /home/airflow/.local/lib/python3.7/site-packages/airflow/example_dags/example_kubernetes_executor.py took 0.068 seconds
[2022-02-05 19:50:33,344] {processor.py:163} INFO - Started process (PID=3391) to work on /home/airflow/.local/lib/python3.7/site-packages/airflow/example_dags/example_kubernetes_executor.py
[2022-02-05 19:50:33,347] {processor.py:642} INFO - Processing file /home/airflow/.local/lib/python3.7/site-packages/airflow/example_dags/example_kubernetes_executor.py for tasks to queue
[2022-02-05 19:50:33,348] {logging_mixin.py:109} INFO - [2022-02-05 19:50:33,347] {dagbag.py:500} INFO - Filling up the DagBag from /home/airflow/.local/lib/python3.7/site-packages/airflow/example_dags/example_kubernetes_executor.py
[2022-02-05 19:50:33,397] {processor.py:654} INFO - DAG(s) dict_keys(['example_kubernetes_executor']) retrieved from /home/airflow/.local/lib/python3.7/site-packages/airflow/example_dags/example_kubernetes_executor.py
[2022-02-05 19:50:33,416] {logging_mixin.py:109} INFO - [2022-02-05 19:50:33,416] {dag.py:2396} INFO - Sync 1 DAGs
[2022-02-05 19:50:33,440] {logging_mixin.py:109} INFO - [2022-02-05 19:50:33,440] {dag.py:2935} INFO - Setting next_dagrun for example_kubernetes_executor to None
[2022-02-05 19:50:33,455] {processor.py:171} INFO - Processing /home/airflow/.local/lib/python3.7/site-packages/airflow/example_dags/example_kubernetes_executor.py took 0.116 seconds
