[2022-02-05 19:21:02,358] {processor.py:163} INFO - Started process (PID=47) to work on /home/airflow/.local/lib/python3.7/site-packages/airflow/example_dags/example_complex.py
[2022-02-05 19:21:02,360] {processor.py:642} INFO - Processing file /home/airflow/.local/lib/python3.7/site-packages/airflow/example_dags/example_complex.py for tasks to queue
[2022-02-05 19:21:02,361] {logging_mixin.py:109} INFO - [2022-02-05 19:21:02,361] {dagbag.py:500} INFO - Filling up the DagBag from /home/airflow/.local/lib/python3.7/site-packages/airflow/example_dags/example_complex.py
[2022-02-05 19:21:02,427] {processor.py:654} INFO - DAG(s) dict_keys(['example_complex']) retrieved from /home/airflow/.local/lib/python3.7/site-packages/airflow/example_dags/example_complex.py
[2022-02-05 19:21:02,448] {logging_mixin.py:109} INFO - [2022-02-05 19:21:02,448] {dag.py:2396} INFO - Sync 1 DAGs
[2022-02-05 19:21:02,481] {logging_mixin.py:109} INFO - [2022-02-05 19:21:02,481] {dag.py:2935} INFO - Setting next_dagrun for example_complex to None
[2022-02-05 19:21:02,504] {processor.py:171} INFO - Processing /home/airflow/.local/lib/python3.7/site-packages/airflow/example_dags/example_complex.py took 0.172 seconds
[2022-02-05 19:21:33,486] {processor.py:163} INFO - Started process (PID=107) to work on /home/airflow/.local/lib/python3.7/site-packages/airflow/example_dags/example_complex.py
[2022-02-05 19:21:33,488] {processor.py:642} INFO - Processing file /home/airflow/.local/lib/python3.7/site-packages/airflow/example_dags/example_complex.py for tasks to queue
[2022-02-05 19:21:33,489] {logging_mixin.py:109} INFO - [2022-02-05 19:21:33,489] {dagbag.py:500} INFO - Filling up the DagBag from /home/airflow/.local/lib/python3.7/site-packages/airflow/example_dags/example_complex.py
[2022-02-05 19:21:33,531] {processor.py:654} INFO - DAG(s) dict_keys(['example_complex']) retrieved from /home/airflow/.local/lib/python3.7/site-packages/airflow/example_dags/example_complex.py
[2022-02-05 19:21:33,550] {logging_mixin.py:109} INFO - [2022-02-05 19:21:33,550] {dag.py:2396} INFO - Sync 1 DAGs
[2022-02-05 19:21:33,578] {logging_mixin.py:109} INFO - [2022-02-05 19:21:33,578] {dag.py:2935} INFO - Setting next_dagrun for example_complex to None
[2022-02-05 19:21:33,594] {processor.py:171} INFO - Processing /home/airflow/.local/lib/python3.7/site-packages/airflow/example_dags/example_complex.py took 0.112 seconds
[2022-02-05 19:22:05,643] {processor.py:163} INFO - Started process (PID=160) to work on /home/airflow/.local/lib/python3.7/site-packages/airflow/example_dags/example_complex.py
[2022-02-05 19:22:05,646] {processor.py:642} INFO - Processing file /home/airflow/.local/lib/python3.7/site-packages/airflow/example_dags/example_complex.py for tasks to queue
[2022-02-05 19:22:05,647] {logging_mixin.py:109} INFO - [2022-02-05 19:22:05,647] {dagbag.py:500} INFO - Filling up the DagBag from /home/airflow/.local/lib/python3.7/site-packages/airflow/example_dags/example_complex.py
[2022-02-05 19:22:05,754] {processor.py:654} INFO - DAG(s) dict_keys(['example_complex']) retrieved from /home/airflow/.local/lib/python3.7/site-packages/airflow/example_dags/example_complex.py
[2022-02-05 19:22:05,799] {logging_mixin.py:109} INFO - [2022-02-05 19:22:05,799] {dag.py:2396} INFO - Sync 1 DAGs
[2022-02-05 19:22:05,846] {logging_mixin.py:109} INFO - [2022-02-05 19:22:05,846] {dag.py:2935} INFO - Setting next_dagrun for example_complex to None
[2022-02-05 19:22:05,864] {processor.py:171} INFO - Processing /home/airflow/.local/lib/python3.7/site-packages/airflow/example_dags/example_complex.py took 0.229 seconds
[2022-02-05 19:22:36,508] {processor.py:163} INFO - Started process (PID=217) to work on /home/airflow/.local/lib/python3.7/site-packages/airflow/example_dags/example_complex.py
[2022-02-05 19:22:36,509] {processor.py:642} INFO - Processing file /home/airflow/.local/lib/python3.7/site-packages/airflow/example_dags/example_complex.py for tasks to queue
[2022-02-05 19:22:36,510] {logging_mixin.py:109} INFO - [2022-02-05 19:22:36,510] {dagbag.py:500} INFO - Filling up the DagBag from /home/airflow/.local/lib/python3.7/site-packages/airflow/example_dags/example_complex.py
[2022-02-05 19:22:36,556] {processor.py:654} INFO - DAG(s) dict_keys(['example_complex']) retrieved from /home/airflow/.local/lib/python3.7/site-packages/airflow/example_dags/example_complex.py
[2022-02-05 19:22:36,575] {logging_mixin.py:109} INFO - [2022-02-05 19:22:36,574] {dag.py:2396} INFO - Sync 1 DAGs
[2022-02-05 19:22:36,599] {logging_mixin.py:109} INFO - [2022-02-05 19:22:36,599] {dag.py:2935} INFO - Setting next_dagrun for example_complex to None
[2022-02-05 19:22:36,609] {processor.py:171} INFO - Processing /home/airflow/.local/lib/python3.7/site-packages/airflow/example_dags/example_complex.py took 0.105 seconds
[2022-02-05 19:23:07,262] {processor.py:163} INFO - Started process (PID=279) to work on /home/airflow/.local/lib/python3.7/site-packages/airflow/example_dags/example_complex.py
[2022-02-05 19:23:07,264] {processor.py:642} INFO - Processing file /home/airflow/.local/lib/python3.7/site-packages/airflow/example_dags/example_complex.py for tasks to queue
[2022-02-05 19:23:07,265] {logging_mixin.py:109} INFO - [2022-02-05 19:23:07,265] {dagbag.py:500} INFO - Filling up the DagBag from /home/airflow/.local/lib/python3.7/site-packages/airflow/example_dags/example_complex.py
[2022-02-05 19:23:07,307] {processor.py:654} INFO - DAG(s) dict_keys(['example_complex']) retrieved from /home/airflow/.local/lib/python3.7/site-packages/airflow/example_dags/example_complex.py
[2022-02-05 19:23:07,327] {logging_mixin.py:109} INFO - [2022-02-05 19:23:07,327] {dag.py:2396} INFO - Sync 1 DAGs
[2022-02-05 19:23:07,350] {logging_mixin.py:109} INFO - [2022-02-05 19:23:07,350] {dag.py:2935} INFO - Setting next_dagrun for example_complex to None
[2022-02-05 19:23:07,361] {processor.py:171} INFO - Processing /home/airflow/.local/lib/python3.7/site-packages/airflow/example_dags/example_complex.py took 0.103 seconds
[2022-02-05 19:23:38,080] {processor.py:163} INFO - Started process (PID=332) to work on /home/airflow/.local/lib/python3.7/site-packages/airflow/example_dags/example_complex.py
[2022-02-05 19:23:38,082] {processor.py:642} INFO - Processing file /home/airflow/.local/lib/python3.7/site-packages/airflow/example_dags/example_complex.py for tasks to queue
[2022-02-05 19:23:38,082] {logging_mixin.py:109} INFO - [2022-02-05 19:23:38,082] {dagbag.py:500} INFO - Filling up the DagBag from /home/airflow/.local/lib/python3.7/site-packages/airflow/example_dags/example_complex.py
[2022-02-05 19:23:38,115] {processor.py:654} INFO - DAG(s) dict_keys(['example_complex']) retrieved from /home/airflow/.local/lib/python3.7/site-packages/airflow/example_dags/example_complex.py
[2022-02-05 19:23:38,129] {logging_mixin.py:109} INFO - [2022-02-05 19:23:38,129] {dag.py:2396} INFO - Sync 1 DAGs
[2022-02-05 19:23:38,145] {logging_mixin.py:109} INFO - [2022-02-05 19:23:38,145] {dag.py:2935} INFO - Setting next_dagrun for example_complex to None
[2022-02-05 19:23:38,154] {processor.py:171} INFO - Processing /home/airflow/.local/lib/python3.7/site-packages/airflow/example_dags/example_complex.py took 0.077 seconds
[2022-02-05 19:24:08,736] {processor.py:163} INFO - Started process (PID=395) to work on /home/airflow/.local/lib/python3.7/site-packages/airflow/example_dags/example_complex.py
[2022-02-05 19:24:08,737] {processor.py:642} INFO - Processing file /home/airflow/.local/lib/python3.7/site-packages/airflow/example_dags/example_complex.py for tasks to queue
[2022-02-05 19:24:08,738] {logging_mixin.py:109} INFO - [2022-02-05 19:24:08,738] {dagbag.py:500} INFO - Filling up the DagBag from /home/airflow/.local/lib/python3.7/site-packages/airflow/example_dags/example_complex.py
[2022-02-05 19:24:08,796] {processor.py:654} INFO - DAG(s) dict_keys(['example_complex']) retrieved from /home/airflow/.local/lib/python3.7/site-packages/airflow/example_dags/example_complex.py
[2022-02-05 19:24:08,825] {logging_mixin.py:109} INFO - [2022-02-05 19:24:08,825] {dag.py:2396} INFO - Sync 1 DAGs
[2022-02-05 19:24:08,853] {logging_mixin.py:109} INFO - [2022-02-05 19:24:08,853] {dag.py:2935} INFO - Setting next_dagrun for example_complex to None
[2022-02-05 19:24:08,866] {processor.py:171} INFO - Processing /home/airflow/.local/lib/python3.7/site-packages/airflow/example_dags/example_complex.py took 0.136 seconds
[2022-02-05 19:24:39,179] {processor.py:163} INFO - Started process (PID=447) to work on /home/airflow/.local/lib/python3.7/site-packages/airflow/example_dags/example_complex.py
[2022-02-05 19:24:39,181] {processor.py:642} INFO - Processing file /home/airflow/.local/lib/python3.7/site-packages/airflow/example_dags/example_complex.py for tasks to queue
[2022-02-05 19:24:39,181] {logging_mixin.py:109} INFO - [2022-02-05 19:24:39,181] {dagbag.py:500} INFO - Filling up the DagBag from /home/airflow/.local/lib/python3.7/site-packages/airflow/example_dags/example_complex.py
[2022-02-05 19:24:39,214] {processor.py:654} INFO - DAG(s) dict_keys(['example_complex']) retrieved from /home/airflow/.local/lib/python3.7/site-packages/airflow/example_dags/example_complex.py
[2022-02-05 19:24:39,230] {logging_mixin.py:109} INFO - [2022-02-05 19:24:39,230] {dag.py:2396} INFO - Sync 1 DAGs
[2022-02-05 19:24:39,245] {logging_mixin.py:109} INFO - [2022-02-05 19:24:39,245] {dag.py:2935} INFO - Setting next_dagrun for example_complex to None
[2022-02-05 19:24:39,255] {processor.py:171} INFO - Processing /home/airflow/.local/lib/python3.7/site-packages/airflow/example_dags/example_complex.py took 0.079 seconds
[2022-02-05 19:25:10,137] {processor.py:163} INFO - Started process (PID=509) to work on /home/airflow/.local/lib/python3.7/site-packages/airflow/example_dags/example_complex.py
[2022-02-05 19:25:10,142] {processor.py:642} INFO - Processing file /home/airflow/.local/lib/python3.7/site-packages/airflow/example_dags/example_complex.py for tasks to queue
[2022-02-05 19:25:10,143] {logging_mixin.py:109} INFO - [2022-02-05 19:25:10,143] {dagbag.py:500} INFO - Filling up the DagBag from /home/airflow/.local/lib/python3.7/site-packages/airflow/example_dags/example_complex.py
[2022-02-05 19:25:10,214] {processor.py:654} INFO - DAG(s) dict_keys(['example_complex']) retrieved from /home/airflow/.local/lib/python3.7/site-packages/airflow/example_dags/example_complex.py
[2022-02-05 19:25:10,238] {logging_mixin.py:109} INFO - [2022-02-05 19:25:10,238] {dag.py:2396} INFO - Sync 1 DAGs
[2022-02-05 19:25:10,264] {logging_mixin.py:109} INFO - [2022-02-05 19:25:10,264] {dag.py:2935} INFO - Setting next_dagrun for example_complex to None
[2022-02-05 19:25:10,279] {processor.py:171} INFO - Processing /home/airflow/.local/lib/python3.7/site-packages/airflow/example_dags/example_complex.py took 0.146 seconds
[2022-02-05 19:25:41,782] {processor.py:163} INFO - Started process (PID=563) to work on /home/airflow/.local/lib/python3.7/site-packages/airflow/example_dags/example_complex.py
[2022-02-05 19:25:41,785] {processor.py:642} INFO - Processing file /home/airflow/.local/lib/python3.7/site-packages/airflow/example_dags/example_complex.py for tasks to queue
[2022-02-05 19:25:41,786] {logging_mixin.py:109} INFO - [2022-02-05 19:25:41,786] {dagbag.py:500} INFO - Filling up the DagBag from /home/airflow/.local/lib/python3.7/site-packages/airflow/example_dags/example_complex.py
[2022-02-05 19:25:41,834] {processor.py:654} INFO - DAG(s) dict_keys(['example_complex']) retrieved from /home/airflow/.local/lib/python3.7/site-packages/airflow/example_dags/example_complex.py
[2022-02-05 19:25:41,854] {logging_mixin.py:109} INFO - [2022-02-05 19:25:41,854] {dag.py:2396} INFO - Sync 1 DAGs
[2022-02-05 19:25:41,874] {logging_mixin.py:109} INFO - [2022-02-05 19:25:41,874] {dag.py:2935} INFO - Setting next_dagrun for example_complex to None
[2022-02-05 19:25:41,888] {processor.py:171} INFO - Processing /home/airflow/.local/lib/python3.7/site-packages/airflow/example_dags/example_complex.py took 0.110 seconds
[2022-02-05 19:26:12,863] {processor.py:163} INFO - Started process (PID=623) to work on /home/airflow/.local/lib/python3.7/site-packages/airflow/example_dags/example_complex.py
[2022-02-05 19:26:12,872] {processor.py:642} INFO - Processing file /home/airflow/.local/lib/python3.7/site-packages/airflow/example_dags/example_complex.py for tasks to queue
[2022-02-05 19:26:12,875] {logging_mixin.py:109} INFO - [2022-02-05 19:26:12,874] {dagbag.py:500} INFO - Filling up the DagBag from /home/airflow/.local/lib/python3.7/site-packages/airflow/example_dags/example_complex.py
[2022-02-05 19:26:12,961] {processor.py:654} INFO - DAG(s) dict_keys(['example_complex']) retrieved from /home/airflow/.local/lib/python3.7/site-packages/airflow/example_dags/example_complex.py
[2022-02-05 19:26:12,988] {logging_mixin.py:109} INFO - [2022-02-05 19:26:12,988] {dag.py:2396} INFO - Sync 1 DAGs
[2022-02-05 19:26:13,026] {logging_mixin.py:109} INFO - [2022-02-05 19:26:13,026] {dag.py:2935} INFO - Setting next_dagrun for example_complex to None
[2022-02-05 19:26:13,051] {processor.py:171} INFO - Processing /home/airflow/.local/lib/python3.7/site-packages/airflow/example_dags/example_complex.py took 0.193 seconds
[2022-02-05 19:26:43,619] {processor.py:163} INFO - Started process (PID=680) to work on /home/airflow/.local/lib/python3.7/site-packages/airflow/example_dags/example_complex.py
[2022-02-05 19:26:43,620] {processor.py:642} INFO - Processing file /home/airflow/.local/lib/python3.7/site-packages/airflow/example_dags/example_complex.py for tasks to queue
[2022-02-05 19:26:43,621] {logging_mixin.py:109} INFO - [2022-02-05 19:26:43,621] {dagbag.py:500} INFO - Filling up the DagBag from /home/airflow/.local/lib/python3.7/site-packages/airflow/example_dags/example_complex.py
[2022-02-05 19:26:43,658] {processor.py:654} INFO - DAG(s) dict_keys(['example_complex']) retrieved from /home/airflow/.local/lib/python3.7/site-packages/airflow/example_dags/example_complex.py
[2022-02-05 19:26:43,675] {logging_mixin.py:109} INFO - [2022-02-05 19:26:43,675] {dag.py:2396} INFO - Sync 1 DAGs
[2022-02-05 19:26:43,691] {logging_mixin.py:109} INFO - [2022-02-05 19:26:43,691] {dag.py:2935} INFO - Setting next_dagrun for example_complex to None
[2022-02-05 19:26:43,701] {processor.py:171} INFO - Processing /home/airflow/.local/lib/python3.7/site-packages/airflow/example_dags/example_complex.py took 0.085 seconds
[2022-02-05 19:27:14,002] {processor.py:163} INFO - Started process (PID=732) to work on /home/airflow/.local/lib/python3.7/site-packages/airflow/example_dags/example_complex.py
[2022-02-05 19:27:14,003] {processor.py:642} INFO - Processing file /home/airflow/.local/lib/python3.7/site-packages/airflow/example_dags/example_complex.py for tasks to queue
[2022-02-05 19:27:14,003] {logging_mixin.py:109} INFO - [2022-02-05 19:27:14,003] {dagbag.py:500} INFO - Filling up the DagBag from /home/airflow/.local/lib/python3.7/site-packages/airflow/example_dags/example_complex.py
[2022-02-05 19:27:14,034] {processor.py:654} INFO - DAG(s) dict_keys(['example_complex']) retrieved from /home/airflow/.local/lib/python3.7/site-packages/airflow/example_dags/example_complex.py
[2022-02-05 19:27:14,047] {logging_mixin.py:109} INFO - [2022-02-05 19:27:14,046] {dag.py:2396} INFO - Sync 1 DAGs
[2022-02-05 19:27:14,060] {logging_mixin.py:109} INFO - [2022-02-05 19:27:14,059] {dag.py:2935} INFO - Setting next_dagrun for example_complex to None
[2022-02-05 19:27:14,068] {processor.py:171} INFO - Processing /home/airflow/.local/lib/python3.7/site-packages/airflow/example_dags/example_complex.py took 0.069 seconds
[2022-02-05 19:27:44,382] {processor.py:163} INFO - Started process (PID=794) to work on /home/airflow/.local/lib/python3.7/site-packages/airflow/example_dags/example_complex.py
[2022-02-05 19:27:44,383] {processor.py:642} INFO - Processing file /home/airflow/.local/lib/python3.7/site-packages/airflow/example_dags/example_complex.py for tasks to queue
[2022-02-05 19:27:44,383] {logging_mixin.py:109} INFO - [2022-02-05 19:27:44,383] {dagbag.py:500} INFO - Filling up the DagBag from /home/airflow/.local/lib/python3.7/site-packages/airflow/example_dags/example_complex.py
[2022-02-05 19:27:44,421] {processor.py:654} INFO - DAG(s) dict_keys(['example_complex']) retrieved from /home/airflow/.local/lib/python3.7/site-packages/airflow/example_dags/example_complex.py
[2022-02-05 19:27:44,435] {logging_mixin.py:109} INFO - [2022-02-05 19:27:44,435] {dag.py:2396} INFO - Sync 1 DAGs
[2022-02-05 19:27:44,449] {logging_mixin.py:109} INFO - [2022-02-05 19:27:44,449] {dag.py:2935} INFO - Setting next_dagrun for example_complex to None
[2022-02-05 19:27:44,458] {processor.py:171} INFO - Processing /home/airflow/.local/lib/python3.7/site-packages/airflow/example_dags/example_complex.py took 0.079 seconds
[2022-02-05 19:28:14,821] {processor.py:163} INFO - Started process (PID=848) to work on /home/airflow/.local/lib/python3.7/site-packages/airflow/example_dags/example_complex.py
[2022-02-05 19:28:14,823] {processor.py:642} INFO - Processing file /home/airflow/.local/lib/python3.7/site-packages/airflow/example_dags/example_complex.py for tasks to queue
[2022-02-05 19:28:14,824] {logging_mixin.py:109} INFO - [2022-02-05 19:28:14,824] {dagbag.py:500} INFO - Filling up the DagBag from /home/airflow/.local/lib/python3.7/site-packages/airflow/example_dags/example_complex.py
[2022-02-05 19:28:14,864] {processor.py:654} INFO - DAG(s) dict_keys(['example_complex']) retrieved from /home/airflow/.local/lib/python3.7/site-packages/airflow/example_dags/example_complex.py
[2022-02-05 19:28:14,883] {logging_mixin.py:109} INFO - [2022-02-05 19:28:14,882] {dag.py:2396} INFO - Sync 1 DAGs
[2022-02-05 19:28:14,901] {logging_mixin.py:109} INFO - [2022-02-05 19:28:14,901] {dag.py:2935} INFO - Setting next_dagrun for example_complex to None
[2022-02-05 19:28:14,915] {processor.py:171} INFO - Processing /home/airflow/.local/lib/python3.7/site-packages/airflow/example_dags/example_complex.py took 0.099 seconds
[2022-02-05 19:28:45,603] {processor.py:163} INFO - Started process (PID=911) to work on /home/airflow/.local/lib/python3.7/site-packages/airflow/example_dags/example_complex.py
[2022-02-05 19:28:45,605] {processor.py:642} INFO - Processing file /home/airflow/.local/lib/python3.7/site-packages/airflow/example_dags/example_complex.py for tasks to queue
[2022-02-05 19:28:45,605] {logging_mixin.py:109} INFO - [2022-02-05 19:28:45,605] {dagbag.py:500} INFO - Filling up the DagBag from /home/airflow/.local/lib/python3.7/site-packages/airflow/example_dags/example_complex.py
[2022-02-05 19:28:45,643] {processor.py:654} INFO - DAG(s) dict_keys(['example_complex']) retrieved from /home/airflow/.local/lib/python3.7/site-packages/airflow/example_dags/example_complex.py
[2022-02-05 19:28:45,660] {logging_mixin.py:109} INFO - [2022-02-05 19:28:45,660] {dag.py:2396} INFO - Sync 1 DAGs
[2022-02-05 19:28:45,677] {logging_mixin.py:109} INFO - [2022-02-05 19:28:45,677] {dag.py:2935} INFO - Setting next_dagrun for example_complex to None
[2022-02-05 19:28:45,688] {processor.py:171} INFO - Processing /home/airflow/.local/lib/python3.7/site-packages/airflow/example_dags/example_complex.py took 0.089 seconds
[2022-02-05 19:29:16,298] {processor.py:163} INFO - Started process (PID=964) to work on /home/airflow/.local/lib/python3.7/site-packages/airflow/example_dags/example_complex.py
[2022-02-05 19:29:16,300] {processor.py:642} INFO - Processing file /home/airflow/.local/lib/python3.7/site-packages/airflow/example_dags/example_complex.py for tasks to queue
[2022-02-05 19:29:16,300] {logging_mixin.py:109} INFO - [2022-02-05 19:29:16,300] {dagbag.py:500} INFO - Filling up the DagBag from /home/airflow/.local/lib/python3.7/site-packages/airflow/example_dags/example_complex.py
[2022-02-05 19:29:16,336] {processor.py:654} INFO - DAG(s) dict_keys(['example_complex']) retrieved from /home/airflow/.local/lib/python3.7/site-packages/airflow/example_dags/example_complex.py
[2022-02-05 19:29:16,352] {logging_mixin.py:109} INFO - [2022-02-05 19:29:16,352] {dag.py:2396} INFO - Sync 1 DAGs
[2022-02-05 19:29:16,369] {logging_mixin.py:109} INFO - [2022-02-05 19:29:16,369] {dag.py:2935} INFO - Setting next_dagrun for example_complex to None
[2022-02-05 19:29:16,379] {processor.py:171} INFO - Processing /home/airflow/.local/lib/python3.7/site-packages/airflow/example_dags/example_complex.py took 0.085 seconds
[2022-02-05 19:29:47,306] {processor.py:163} INFO - Started process (PID=1027) to work on /home/airflow/.local/lib/python3.7/site-packages/airflow/example_dags/example_complex.py
[2022-02-05 19:29:47,308] {processor.py:642} INFO - Processing file /home/airflow/.local/lib/python3.7/site-packages/airflow/example_dags/example_complex.py for tasks to queue
[2022-02-05 19:29:47,309] {logging_mixin.py:109} INFO - [2022-02-05 19:29:47,309] {dagbag.py:500} INFO - Filling up the DagBag from /home/airflow/.local/lib/python3.7/site-packages/airflow/example_dags/example_complex.py
[2022-02-05 19:29:47,367] {processor.py:654} INFO - DAG(s) dict_keys(['example_complex']) retrieved from /home/airflow/.local/lib/python3.7/site-packages/airflow/example_dags/example_complex.py
[2022-02-05 19:29:47,395] {logging_mixin.py:109} INFO - [2022-02-05 19:29:47,395] {dag.py:2396} INFO - Sync 1 DAGs
[2022-02-05 19:29:47,422] {logging_mixin.py:109} INFO - [2022-02-05 19:29:47,422] {dag.py:2935} INFO - Setting next_dagrun for example_complex to None
[2022-02-05 19:29:47,438] {processor.py:171} INFO - Processing /home/airflow/.local/lib/python3.7/site-packages/airflow/example_dags/example_complex.py took 0.136 seconds
[2022-02-05 19:30:17,579] {processor.py:163} INFO - Started process (PID=1078) to work on /home/airflow/.local/lib/python3.7/site-packages/airflow/example_dags/example_complex.py
[2022-02-05 19:30:17,581] {processor.py:642} INFO - Processing file /home/airflow/.local/lib/python3.7/site-packages/airflow/example_dags/example_complex.py for tasks to queue
[2022-02-05 19:30:17,582] {logging_mixin.py:109} INFO - [2022-02-05 19:30:17,582] {dagbag.py:500} INFO - Filling up the DagBag from /home/airflow/.local/lib/python3.7/site-packages/airflow/example_dags/example_complex.py
[2022-02-05 19:30:17,640] {processor.py:654} INFO - DAG(s) dict_keys(['example_complex']) retrieved from /home/airflow/.local/lib/python3.7/site-packages/airflow/example_dags/example_complex.py
[2022-02-05 19:30:17,667] {logging_mixin.py:109} INFO - [2022-02-05 19:30:17,667] {dag.py:2396} INFO - Sync 1 DAGs
[2022-02-05 19:30:17,692] {logging_mixin.py:109} INFO - [2022-02-05 19:30:17,692] {dag.py:2935} INFO - Setting next_dagrun for example_complex to None
[2022-02-05 19:30:17,707] {processor.py:171} INFO - Processing /home/airflow/.local/lib/python3.7/site-packages/airflow/example_dags/example_complex.py took 0.133 seconds
[2022-02-05 19:30:48,647] {processor.py:163} INFO - Started process (PID=1141) to work on /home/airflow/.local/lib/python3.7/site-packages/airflow/example_dags/example_complex.py
[2022-02-05 19:30:48,648] {processor.py:642} INFO - Processing file /home/airflow/.local/lib/python3.7/site-packages/airflow/example_dags/example_complex.py for tasks to queue
[2022-02-05 19:30:48,649] {logging_mixin.py:109} INFO - [2022-02-05 19:30:48,649] {dagbag.py:500} INFO - Filling up the DagBag from /home/airflow/.local/lib/python3.7/site-packages/airflow/example_dags/example_complex.py
[2022-02-05 19:30:48,688] {processor.py:654} INFO - DAG(s) dict_keys(['example_complex']) retrieved from /home/airflow/.local/lib/python3.7/site-packages/airflow/example_dags/example_complex.py
[2022-02-05 19:30:48,706] {logging_mixin.py:109} INFO - [2022-02-05 19:30:48,706] {dag.py:2396} INFO - Sync 1 DAGs
[2022-02-05 19:30:48,724] {logging_mixin.py:109} INFO - [2022-02-05 19:30:48,724] {dag.py:2935} INFO - Setting next_dagrun for example_complex to None
[2022-02-05 19:30:48,739] {processor.py:171} INFO - Processing /home/airflow/.local/lib/python3.7/site-packages/airflow/example_dags/example_complex.py took 0.095 seconds
[2022-02-05 19:31:19,219] {processor.py:163} INFO - Started process (PID=1195) to work on /home/airflow/.local/lib/python3.7/site-packages/airflow/example_dags/example_complex.py
[2022-02-05 19:31:19,220] {processor.py:642} INFO - Processing file /home/airflow/.local/lib/python3.7/site-packages/airflow/example_dags/example_complex.py for tasks to queue
[2022-02-05 19:31:19,222] {logging_mixin.py:109} INFO - [2022-02-05 19:31:19,222] {dagbag.py:500} INFO - Filling up the DagBag from /home/airflow/.local/lib/python3.7/site-packages/airflow/example_dags/example_complex.py
[2022-02-05 19:31:19,290] {processor.py:654} INFO - DAG(s) dict_keys(['example_complex']) retrieved from /home/airflow/.local/lib/python3.7/site-packages/airflow/example_dags/example_complex.py
[2022-02-05 19:31:19,314] {logging_mixin.py:109} INFO - [2022-02-05 19:31:19,313] {dag.py:2396} INFO - Sync 1 DAGs
[2022-02-05 19:31:19,341] {logging_mixin.py:109} INFO - [2022-02-05 19:31:19,340] {dag.py:2935} INFO - Setting next_dagrun for example_complex to None
[2022-02-05 19:31:19,355] {processor.py:171} INFO - Processing /home/airflow/.local/lib/python3.7/site-packages/airflow/example_dags/example_complex.py took 0.141 seconds
[2022-02-05 19:31:49,656] {processor.py:163} INFO - Started process (PID=1258) to work on /home/airflow/.local/lib/python3.7/site-packages/airflow/example_dags/example_complex.py
[2022-02-05 19:31:49,658] {processor.py:642} INFO - Processing file /home/airflow/.local/lib/python3.7/site-packages/airflow/example_dags/example_complex.py for tasks to queue
[2022-02-05 19:31:49,659] {logging_mixin.py:109} INFO - [2022-02-05 19:31:49,659] {dagbag.py:500} INFO - Filling up the DagBag from /home/airflow/.local/lib/python3.7/site-packages/airflow/example_dags/example_complex.py
[2022-02-05 19:31:49,705] {processor.py:654} INFO - DAG(s) dict_keys(['example_complex']) retrieved from /home/airflow/.local/lib/python3.7/site-packages/airflow/example_dags/example_complex.py
[2022-02-05 19:31:49,726] {logging_mixin.py:109} INFO - [2022-02-05 19:31:49,725] {dag.py:2396} INFO - Sync 1 DAGs
[2022-02-05 19:31:49,745] {logging_mixin.py:109} INFO - [2022-02-05 19:31:49,745] {dag.py:2935} INFO - Setting next_dagrun for example_complex to None
[2022-02-05 19:31:49,757] {processor.py:171} INFO - Processing /home/airflow/.local/lib/python3.7/site-packages/airflow/example_dags/example_complex.py took 0.106 seconds
[2022-02-05 19:32:20,388] {processor.py:163} INFO - Started process (PID=1315) to work on /home/airflow/.local/lib/python3.7/site-packages/airflow/example_dags/example_complex.py
[2022-02-05 19:32:20,390] {processor.py:642} INFO - Processing file /home/airflow/.local/lib/python3.7/site-packages/airflow/example_dags/example_complex.py for tasks to queue
[2022-02-05 19:32:20,390] {logging_mixin.py:109} INFO - [2022-02-05 19:32:20,390] {dagbag.py:500} INFO - Filling up the DagBag from /home/airflow/.local/lib/python3.7/site-packages/airflow/example_dags/example_complex.py
[2022-02-05 19:32:20,421] {processor.py:654} INFO - DAG(s) dict_keys(['example_complex']) retrieved from /home/airflow/.local/lib/python3.7/site-packages/airflow/example_dags/example_complex.py
[2022-02-05 19:32:20,437] {logging_mixin.py:109} INFO - [2022-02-05 19:32:20,436] {dag.py:2396} INFO - Sync 1 DAGs
[2022-02-05 19:32:20,451] {logging_mixin.py:109} INFO - [2022-02-05 19:32:20,451] {dag.py:2935} INFO - Setting next_dagrun for example_complex to None
[2022-02-05 19:32:20,460] {processor.py:171} INFO - Processing /home/airflow/.local/lib/python3.7/site-packages/airflow/example_dags/example_complex.py took 0.075 seconds
[2022-02-05 19:32:51,047] {processor.py:163} INFO - Started process (PID=1367) to work on /home/airflow/.local/lib/python3.7/site-packages/airflow/example_dags/example_complex.py
[2022-02-05 19:32:51,048] {processor.py:642} INFO - Processing file /home/airflow/.local/lib/python3.7/site-packages/airflow/example_dags/example_complex.py for tasks to queue
[2022-02-05 19:32:51,049] {logging_mixin.py:109} INFO - [2022-02-05 19:32:51,049] {dagbag.py:500} INFO - Filling up the DagBag from /home/airflow/.local/lib/python3.7/site-packages/airflow/example_dags/example_complex.py
[2022-02-05 19:32:51,092] {processor.py:654} INFO - DAG(s) dict_keys(['example_complex']) retrieved from /home/airflow/.local/lib/python3.7/site-packages/airflow/example_dags/example_complex.py
[2022-02-05 19:32:51,111] {logging_mixin.py:109} INFO - [2022-02-05 19:32:51,111] {dag.py:2396} INFO - Sync 1 DAGs
[2022-02-05 19:32:51,129] {logging_mixin.py:109} INFO - [2022-02-05 19:32:51,129] {dag.py:2935} INFO - Setting next_dagrun for example_complex to None
[2022-02-05 19:32:51,142] {processor.py:171} INFO - Processing /home/airflow/.local/lib/python3.7/site-packages/airflow/example_dags/example_complex.py took 0.100 seconds
[2022-02-05 19:33:21,405] {processor.py:163} INFO - Started process (PID=1429) to work on /home/airflow/.local/lib/python3.7/site-packages/airflow/example_dags/example_complex.py
[2022-02-05 19:33:21,407] {processor.py:642} INFO - Processing file /home/airflow/.local/lib/python3.7/site-packages/airflow/example_dags/example_complex.py for tasks to queue
[2022-02-05 19:33:21,407] {logging_mixin.py:109} INFO - [2022-02-05 19:33:21,407] {dagbag.py:500} INFO - Filling up the DagBag from /home/airflow/.local/lib/python3.7/site-packages/airflow/example_dags/example_complex.py
[2022-02-05 19:33:21,435] {processor.py:654} INFO - DAG(s) dict_keys(['example_complex']) retrieved from /home/airflow/.local/lib/python3.7/site-packages/airflow/example_dags/example_complex.py
[2022-02-05 19:33:21,448] {logging_mixin.py:109} INFO - [2022-02-05 19:33:21,448] {dag.py:2396} INFO - Sync 1 DAGs
[2022-02-05 19:33:21,461] {logging_mixin.py:109} INFO - [2022-02-05 19:33:21,461] {dag.py:2935} INFO - Setting next_dagrun for example_complex to None
[2022-02-05 19:33:21,471] {processor.py:171} INFO - Processing /home/airflow/.local/lib/python3.7/site-packages/airflow/example_dags/example_complex.py took 0.068 seconds
[2022-02-05 19:33:51,725] {processor.py:163} INFO - Started process (PID=1493) to work on /home/airflow/.local/lib/python3.7/site-packages/airflow/example_dags/example_complex.py
[2022-02-05 19:33:51,726] {processor.py:642} INFO - Processing file /home/airflow/.local/lib/python3.7/site-packages/airflow/example_dags/example_complex.py for tasks to queue
[2022-02-05 19:33:51,726] {logging_mixin.py:109} INFO - [2022-02-05 19:33:51,726] {dagbag.py:500} INFO - Filling up the DagBag from /home/airflow/.local/lib/python3.7/site-packages/airflow/example_dags/example_complex.py
[2022-02-05 19:33:51,753] {processor.py:654} INFO - DAG(s) dict_keys(['example_complex']) retrieved from /home/airflow/.local/lib/python3.7/site-packages/airflow/example_dags/example_complex.py
[2022-02-05 19:33:51,766] {logging_mixin.py:109} INFO - [2022-02-05 19:33:51,766] {dag.py:2396} INFO - Sync 1 DAGs
[2022-02-05 19:33:51,779] {logging_mixin.py:109} INFO - [2022-02-05 19:33:51,779] {dag.py:2935} INFO - Setting next_dagrun for example_complex to None
[2022-02-05 19:33:51,790] {processor.py:171} INFO - Processing /home/airflow/.local/lib/python3.7/site-packages/airflow/example_dags/example_complex.py took 0.068 seconds
[2022-02-05 19:34:22,949] {processor.py:163} INFO - Started process (PID=1546) to work on /home/airflow/.local/lib/python3.7/site-packages/airflow/example_dags/example_complex.py
[2022-02-05 19:34:22,950] {processor.py:642} INFO - Processing file /home/airflow/.local/lib/python3.7/site-packages/airflow/example_dags/example_complex.py for tasks to queue
[2022-02-05 19:34:22,951] {logging_mixin.py:109} INFO - [2022-02-05 19:34:22,951] {dagbag.py:500} INFO - Filling up the DagBag from /home/airflow/.local/lib/python3.7/site-packages/airflow/example_dags/example_complex.py
[2022-02-05 19:34:22,980] {processor.py:654} INFO - DAG(s) dict_keys(['example_complex']) retrieved from /home/airflow/.local/lib/python3.7/site-packages/airflow/example_dags/example_complex.py
[2022-02-05 19:34:22,993] {logging_mixin.py:109} INFO - [2022-02-05 19:34:22,992] {dag.py:2396} INFO - Sync 1 DAGs
[2022-02-05 19:34:23,005] {logging_mixin.py:109} INFO - [2022-02-05 19:34:23,005] {dag.py:2935} INFO - Setting next_dagrun for example_complex to None
[2022-02-05 19:34:23,013] {processor.py:171} INFO - Processing /home/airflow/.local/lib/python3.7/site-packages/airflow/example_dags/example_complex.py took 0.067 seconds
[2022-02-05 19:34:53,830] {processor.py:163} INFO - Started process (PID=1607) to work on /home/airflow/.local/lib/python3.7/site-packages/airflow/example_dags/example_complex.py
[2022-02-05 19:34:53,831] {processor.py:642} INFO - Processing file /home/airflow/.local/lib/python3.7/site-packages/airflow/example_dags/example_complex.py for tasks to queue
[2022-02-05 19:34:53,832] {logging_mixin.py:109} INFO - [2022-02-05 19:34:53,832] {dagbag.py:500} INFO - Filling up the DagBag from /home/airflow/.local/lib/python3.7/site-packages/airflow/example_dags/example_complex.py
[2022-02-05 19:34:53,858] {processor.py:654} INFO - DAG(s) dict_keys(['example_complex']) retrieved from /home/airflow/.local/lib/python3.7/site-packages/airflow/example_dags/example_complex.py
[2022-02-05 19:34:53,871] {logging_mixin.py:109} INFO - [2022-02-05 19:34:53,870] {dag.py:2396} INFO - Sync 1 DAGs
[2022-02-05 19:34:53,883] {logging_mixin.py:109} INFO - [2022-02-05 19:34:53,883] {dag.py:2935} INFO - Setting next_dagrun for example_complex to None
[2022-02-05 19:34:53,891] {processor.py:171} INFO - Processing /home/airflow/.local/lib/python3.7/site-packages/airflow/example_dags/example_complex.py took 0.063 seconds
[2022-02-05 19:35:24,137] {processor.py:163} INFO - Started process (PID=1659) to work on /home/airflow/.local/lib/python3.7/site-packages/airflow/example_dags/example_complex.py
[2022-02-05 19:35:24,138] {processor.py:642} INFO - Processing file /home/airflow/.local/lib/python3.7/site-packages/airflow/example_dags/example_complex.py for tasks to queue
[2022-02-05 19:35:24,138] {logging_mixin.py:109} INFO - [2022-02-05 19:35:24,138] {dagbag.py:500} INFO - Filling up the DagBag from /home/airflow/.local/lib/python3.7/site-packages/airflow/example_dags/example_complex.py
[2022-02-05 19:35:24,165] {processor.py:654} INFO - DAG(s) dict_keys(['example_complex']) retrieved from /home/airflow/.local/lib/python3.7/site-packages/airflow/example_dags/example_complex.py
[2022-02-05 19:35:24,177] {logging_mixin.py:109} INFO - [2022-02-05 19:35:24,177] {dag.py:2396} INFO - Sync 1 DAGs
[2022-02-05 19:35:24,190] {logging_mixin.py:109} INFO - [2022-02-05 19:35:24,190] {dag.py:2935} INFO - Setting next_dagrun for example_complex to None
[2022-02-05 19:35:24,199] {processor.py:171} INFO - Processing /home/airflow/.local/lib/python3.7/site-packages/airflow/example_dags/example_complex.py took 0.065 seconds
[2022-02-05 19:35:55,372] {processor.py:163} INFO - Started process (PID=1721) to work on /home/airflow/.local/lib/python3.7/site-packages/airflow/example_dags/example_complex.py
[2022-02-05 19:35:55,375] {processor.py:642} INFO - Processing file /home/airflow/.local/lib/python3.7/site-packages/airflow/example_dags/example_complex.py for tasks to queue
[2022-02-05 19:35:55,376] {logging_mixin.py:109} INFO - [2022-02-05 19:35:55,376] {dagbag.py:500} INFO - Filling up the DagBag from /home/airflow/.local/lib/python3.7/site-packages/airflow/example_dags/example_complex.py
[2022-02-05 19:35:55,429] {processor.py:654} INFO - DAG(s) dict_keys(['example_complex']) retrieved from /home/airflow/.local/lib/python3.7/site-packages/airflow/example_dags/example_complex.py
[2022-02-05 19:35:55,453] {logging_mixin.py:109} INFO - [2022-02-05 19:35:55,453] {dag.py:2396} INFO - Sync 1 DAGs
[2022-02-05 19:35:55,477] {logging_mixin.py:109} INFO - [2022-02-05 19:35:55,477] {dag.py:2935} INFO - Setting next_dagrun for example_complex to None
[2022-02-05 19:35:55,493] {processor.py:171} INFO - Processing /home/airflow/.local/lib/python3.7/site-packages/airflow/example_dags/example_complex.py took 0.128 seconds
[2022-02-05 19:36:26,361] {processor.py:163} INFO - Started process (PID=1781) to work on /home/airflow/.local/lib/python3.7/site-packages/airflow/example_dags/example_complex.py
[2022-02-05 19:36:26,362] {processor.py:642} INFO - Processing file /home/airflow/.local/lib/python3.7/site-packages/airflow/example_dags/example_complex.py for tasks to queue
[2022-02-05 19:36:26,363] {logging_mixin.py:109} INFO - [2022-02-05 19:36:26,363] {dagbag.py:500} INFO - Filling up the DagBag from /home/airflow/.local/lib/python3.7/site-packages/airflow/example_dags/example_complex.py
[2022-02-05 19:36:26,396] {processor.py:654} INFO - DAG(s) dict_keys(['example_complex']) retrieved from /home/airflow/.local/lib/python3.7/site-packages/airflow/example_dags/example_complex.py
[2022-02-05 19:36:26,411] {logging_mixin.py:109} INFO - [2022-02-05 19:36:26,411] {dag.py:2396} INFO - Sync 1 DAGs
[2022-02-05 19:36:26,427] {logging_mixin.py:109} INFO - [2022-02-05 19:36:26,427] {dag.py:2935} INFO - Setting next_dagrun for example_complex to None
[2022-02-05 19:36:26,438] {processor.py:171} INFO - Processing /home/airflow/.local/lib/python3.7/site-packages/airflow/example_dags/example_complex.py took 0.081 seconds
[2022-02-05 19:36:57,537] {processor.py:163} INFO - Started process (PID=1834) to work on /home/airflow/.local/lib/python3.7/site-packages/airflow/example_dags/example_complex.py
[2022-02-05 19:36:57,539] {processor.py:642} INFO - Processing file /home/airflow/.local/lib/python3.7/site-packages/airflow/example_dags/example_complex.py for tasks to queue
[2022-02-05 19:36:57,539] {logging_mixin.py:109} INFO - [2022-02-05 19:36:57,539] {dagbag.py:500} INFO - Filling up the DagBag from /home/airflow/.local/lib/python3.7/site-packages/airflow/example_dags/example_complex.py
[2022-02-05 19:36:57,568] {processor.py:654} INFO - DAG(s) dict_keys(['example_complex']) retrieved from /home/airflow/.local/lib/python3.7/site-packages/airflow/example_dags/example_complex.py
[2022-02-05 19:36:57,580] {logging_mixin.py:109} INFO - [2022-02-05 19:36:57,580] {dag.py:2396} INFO - Sync 1 DAGs
[2022-02-05 19:36:57,596] {logging_mixin.py:109} INFO - [2022-02-05 19:36:57,596] {dag.py:2935} INFO - Setting next_dagrun for example_complex to None
[2022-02-05 19:36:57,605] {processor.py:171} INFO - Processing /home/airflow/.local/lib/python3.7/site-packages/airflow/example_dags/example_complex.py took 0.070 seconds
[2022-02-05 19:37:27,747] {processor.py:163} INFO - Started process (PID=1896) to work on /home/airflow/.local/lib/python3.7/site-packages/airflow/example_dags/example_complex.py
[2022-02-05 19:37:27,748] {processor.py:642} INFO - Processing file /home/airflow/.local/lib/python3.7/site-packages/airflow/example_dags/example_complex.py for tasks to queue
[2022-02-05 19:37:27,749] {logging_mixin.py:109} INFO - [2022-02-05 19:37:27,749] {dagbag.py:500} INFO - Filling up the DagBag from /home/airflow/.local/lib/python3.7/site-packages/airflow/example_dags/example_complex.py
[2022-02-05 19:37:27,780] {processor.py:654} INFO - DAG(s) dict_keys(['example_complex']) retrieved from /home/airflow/.local/lib/python3.7/site-packages/airflow/example_dags/example_complex.py
[2022-02-05 19:37:27,794] {logging_mixin.py:109} INFO - [2022-02-05 19:37:27,793] {dag.py:2396} INFO - Sync 1 DAGs
[2022-02-05 19:37:27,809] {logging_mixin.py:109} INFO - [2022-02-05 19:37:27,809] {dag.py:2935} INFO - Setting next_dagrun for example_complex to None
[2022-02-05 19:37:27,821] {processor.py:171} INFO - Processing /home/airflow/.local/lib/python3.7/site-packages/airflow/example_dags/example_complex.py took 0.076 seconds
[2022-02-05 19:37:58,525] {processor.py:163} INFO - Started process (PID=1949) to work on /home/airflow/.local/lib/python3.7/site-packages/airflow/example_dags/example_complex.py
[2022-02-05 19:37:58,528] {processor.py:642} INFO - Processing file /home/airflow/.local/lib/python3.7/site-packages/airflow/example_dags/example_complex.py for tasks to queue
[2022-02-05 19:37:58,529] {logging_mixin.py:109} INFO - [2022-02-05 19:37:58,528] {dagbag.py:500} INFO - Filling up the DagBag from /home/airflow/.local/lib/python3.7/site-packages/airflow/example_dags/example_complex.py
[2022-02-05 19:37:58,575] {processor.py:654} INFO - DAG(s) dict_keys(['example_complex']) retrieved from /home/airflow/.local/lib/python3.7/site-packages/airflow/example_dags/example_complex.py
[2022-02-05 19:37:58,596] {logging_mixin.py:109} INFO - [2022-02-05 19:37:58,596] {dag.py:2396} INFO - Sync 1 DAGs
[2022-02-05 19:37:58,616] {logging_mixin.py:109} INFO - [2022-02-05 19:37:58,616] {dag.py:2935} INFO - Setting next_dagrun for example_complex to None
[2022-02-05 19:37:58,627] {processor.py:171} INFO - Processing /home/airflow/.local/lib/python3.7/site-packages/airflow/example_dags/example_complex.py took 0.106 seconds
[2022-02-05 19:38:29,065] {processor.py:163} INFO - Started process (PID=2012) to work on /home/airflow/.local/lib/python3.7/site-packages/airflow/example_dags/example_complex.py
[2022-02-05 19:38:29,066] {processor.py:642} INFO - Processing file /home/airflow/.local/lib/python3.7/site-packages/airflow/example_dags/example_complex.py for tasks to queue
[2022-02-05 19:38:29,067] {logging_mixin.py:109} INFO - [2022-02-05 19:38:29,067] {dagbag.py:500} INFO - Filling up the DagBag from /home/airflow/.local/lib/python3.7/site-packages/airflow/example_dags/example_complex.py
[2022-02-05 19:38:29,103] {processor.py:654} INFO - DAG(s) dict_keys(['example_complex']) retrieved from /home/airflow/.local/lib/python3.7/site-packages/airflow/example_dags/example_complex.py
[2022-02-05 19:38:29,120] {logging_mixin.py:109} INFO - [2022-02-05 19:38:29,119] {dag.py:2396} INFO - Sync 1 DAGs
[2022-02-05 19:38:29,138] {logging_mixin.py:109} INFO - [2022-02-05 19:38:29,138] {dag.py:2935} INFO - Setting next_dagrun for example_complex to None
[2022-02-05 19:38:29,236] {processor.py:171} INFO - Processing /home/airflow/.local/lib/python3.7/site-packages/airflow/example_dags/example_complex.py took 0.175 seconds
[2022-02-05 19:38:59,636] {processor.py:163} INFO - Started process (PID=2066) to work on /home/airflow/.local/lib/python3.7/site-packages/airflow/example_dags/example_complex.py
[2022-02-05 19:38:59,639] {processor.py:642} INFO - Processing file /home/airflow/.local/lib/python3.7/site-packages/airflow/example_dags/example_complex.py for tasks to queue
[2022-02-05 19:38:59,639] {logging_mixin.py:109} INFO - [2022-02-05 19:38:59,639] {dagbag.py:500} INFO - Filling up the DagBag from /home/airflow/.local/lib/python3.7/site-packages/airflow/example_dags/example_complex.py
[2022-02-05 19:38:59,667] {processor.py:654} INFO - DAG(s) dict_keys(['example_complex']) retrieved from /home/airflow/.local/lib/python3.7/site-packages/airflow/example_dags/example_complex.py
[2022-02-05 19:38:59,681] {logging_mixin.py:109} INFO - [2022-02-05 19:38:59,680] {dag.py:2396} INFO - Sync 1 DAGs
[2022-02-05 19:38:59,779] {logging_mixin.py:109} INFO - [2022-02-05 19:38:59,779] {dag.py:2935} INFO - Setting next_dagrun for example_complex to None
[2022-02-05 19:38:59,790] {processor.py:171} INFO - Processing /home/airflow/.local/lib/python3.7/site-packages/airflow/example_dags/example_complex.py took 0.156 seconds
[2022-02-05 19:39:30,754] {processor.py:163} INFO - Started process (PID=2133) to work on /home/airflow/.local/lib/python3.7/site-packages/airflow/example_dags/example_complex.py
[2022-02-05 19:39:30,755] {processor.py:642} INFO - Processing file /home/airflow/.local/lib/python3.7/site-packages/airflow/example_dags/example_complex.py for tasks to queue
[2022-02-05 19:39:30,756] {logging_mixin.py:109} INFO - [2022-02-05 19:39:30,756] {dagbag.py:500} INFO - Filling up the DagBag from /home/airflow/.local/lib/python3.7/site-packages/airflow/example_dags/example_complex.py
[2022-02-05 19:39:30,797] {processor.py:654} INFO - DAG(s) dict_keys(['example_complex']) retrieved from /home/airflow/.local/lib/python3.7/site-packages/airflow/example_dags/example_complex.py
[2022-02-05 19:39:30,826] {logging_mixin.py:109} INFO - [2022-02-05 19:39:30,826] {dag.py:2396} INFO - Sync 1 DAGs
[2022-02-05 19:39:30,949] {logging_mixin.py:109} INFO - [2022-02-05 19:39:30,949] {dag.py:2935} INFO - Setting next_dagrun for example_complex to None
[2022-02-05 19:39:30,964] {processor.py:171} INFO - Processing /home/airflow/.local/lib/python3.7/site-packages/airflow/example_dags/example_complex.py took 0.214 seconds
[2022-02-05 19:40:01,337] {processor.py:163} INFO - Started process (PID=2188) to work on /home/airflow/.local/lib/python3.7/site-packages/airflow/example_dags/example_complex.py
[2022-02-05 19:40:01,339] {processor.py:642} INFO - Processing file /home/airflow/.local/lib/python3.7/site-packages/airflow/example_dags/example_complex.py for tasks to queue
[2022-02-05 19:40:01,340] {logging_mixin.py:109} INFO - [2022-02-05 19:40:01,340] {dagbag.py:500} INFO - Filling up the DagBag from /home/airflow/.local/lib/python3.7/site-packages/airflow/example_dags/example_complex.py
[2022-02-05 19:40:01,385] {processor.py:654} INFO - DAG(s) dict_keys(['example_complex']) retrieved from /home/airflow/.local/lib/python3.7/site-packages/airflow/example_dags/example_complex.py
[2022-02-05 19:40:01,404] {logging_mixin.py:109} INFO - [2022-02-05 19:40:01,404] {dag.py:2396} INFO - Sync 1 DAGs
[2022-02-05 19:40:01,518] {logging_mixin.py:109} INFO - [2022-02-05 19:40:01,518] {dag.py:2935} INFO - Setting next_dagrun for example_complex to None
[2022-02-05 19:40:01,529] {processor.py:171} INFO - Processing /home/airflow/.local/lib/python3.7/site-packages/airflow/example_dags/example_complex.py took 0.197 seconds
[2022-02-05 19:40:31,997] {processor.py:163} INFO - Started process (PID=2245) to work on /home/airflow/.local/lib/python3.7/site-packages/airflow/example_dags/example_complex.py
[2022-02-05 19:40:31,999] {processor.py:642} INFO - Processing file /home/airflow/.local/lib/python3.7/site-packages/airflow/example_dags/example_complex.py for tasks to queue
[2022-02-05 19:40:32,000] {logging_mixin.py:109} INFO - [2022-02-05 19:40:31,999] {dagbag.py:500} INFO - Filling up the DagBag from /home/airflow/.local/lib/python3.7/site-packages/airflow/example_dags/example_complex.py
[2022-02-05 19:40:32,053] {processor.py:654} INFO - DAG(s) dict_keys(['example_complex']) retrieved from /home/airflow/.local/lib/python3.7/site-packages/airflow/example_dags/example_complex.py
[2022-02-05 19:40:32,188] {logging_mixin.py:109} INFO - [2022-02-05 19:40:32,188] {dag.py:2396} INFO - Sync 1 DAGs
[2022-02-05 19:40:32,207] {logging_mixin.py:109} INFO - [2022-02-05 19:40:32,206] {dag.py:2935} INFO - Setting next_dagrun for example_complex to None
[2022-02-05 19:40:32,219] {processor.py:171} INFO - Processing /home/airflow/.local/lib/python3.7/site-packages/airflow/example_dags/example_complex.py took 0.227 seconds
[2022-02-05 19:41:02,768] {processor.py:163} INFO - Started process (PID=2307) to work on /home/airflow/.local/lib/python3.7/site-packages/airflow/example_dags/example_complex.py
[2022-02-05 19:41:02,770] {processor.py:642} INFO - Processing file /home/airflow/.local/lib/python3.7/site-packages/airflow/example_dags/example_complex.py for tasks to queue
[2022-02-05 19:41:02,770] {logging_mixin.py:109} INFO - [2022-02-05 19:41:02,770] {dagbag.py:500} INFO - Filling up the DagBag from /home/airflow/.local/lib/python3.7/site-packages/airflow/example_dags/example_complex.py
[2022-02-05 19:41:02,873] {processor.py:654} INFO - DAG(s) dict_keys(['example_complex']) retrieved from /home/airflow/.local/lib/python3.7/site-packages/airflow/example_dags/example_complex.py
[2022-02-05 19:41:02,886] {logging_mixin.py:109} INFO - [2022-02-05 19:41:02,886] {dag.py:2396} INFO - Sync 1 DAGs
[2022-02-05 19:41:02,899] {logging_mixin.py:109} INFO - [2022-02-05 19:41:02,899] {dag.py:2935} INFO - Setting next_dagrun for example_complex to None
[2022-02-05 19:41:02,911] {processor.py:171} INFO - Processing /home/airflow/.local/lib/python3.7/site-packages/airflow/example_dags/example_complex.py took 0.146 seconds
[2022-02-05 19:41:33,495] {processor.py:163} INFO - Started process (PID=2360) to work on /home/airflow/.local/lib/python3.7/site-packages/airflow/example_dags/example_complex.py
[2022-02-05 19:41:33,502] {processor.py:642} INFO - Processing file /home/airflow/.local/lib/python3.7/site-packages/airflow/example_dags/example_complex.py for tasks to queue
[2022-02-05 19:41:33,503] {logging_mixin.py:109} INFO - [2022-02-05 19:41:33,503] {dagbag.py:500} INFO - Filling up the DagBag from /home/airflow/.local/lib/python3.7/site-packages/airflow/example_dags/example_complex.py
[2022-02-05 19:41:33,734] {processor.py:654} INFO - DAG(s) dict_keys(['example_complex']) retrieved from /home/airflow/.local/lib/python3.7/site-packages/airflow/example_dags/example_complex.py
[2022-02-05 19:41:33,761] {logging_mixin.py:109} INFO - [2022-02-05 19:41:33,761] {dag.py:2396} INFO - Sync 1 DAGs
[2022-02-05 19:41:33,785] {logging_mixin.py:109} INFO - [2022-02-05 19:41:33,785] {dag.py:2935} INFO - Setting next_dagrun for example_complex to None
[2022-02-05 19:41:33,800] {processor.py:171} INFO - Processing /home/airflow/.local/lib/python3.7/site-packages/airflow/example_dags/example_complex.py took 0.311 seconds
[2022-02-05 19:42:04,063] {processor.py:163} INFO - Started process (PID=2421) to work on /home/airflow/.local/lib/python3.7/site-packages/airflow/example_dags/example_complex.py
[2022-02-05 19:42:04,066] {processor.py:642} INFO - Processing file /home/airflow/.local/lib/python3.7/site-packages/airflow/example_dags/example_complex.py for tasks to queue
[2022-02-05 19:42:04,067] {logging_mixin.py:109} INFO - [2022-02-05 19:42:04,067] {dagbag.py:500} INFO - Filling up the DagBag from /home/airflow/.local/lib/python3.7/site-packages/airflow/example_dags/example_complex.py
[2022-02-05 19:42:04,251] {processor.py:654} INFO - DAG(s) dict_keys(['example_complex']) retrieved from /home/airflow/.local/lib/python3.7/site-packages/airflow/example_dags/example_complex.py
[2022-02-05 19:42:04,272] {logging_mixin.py:109} INFO - [2022-02-05 19:42:04,272] {dag.py:2396} INFO - Sync 1 DAGs
[2022-02-05 19:42:04,294] {logging_mixin.py:109} INFO - [2022-02-05 19:42:04,294] {dag.py:2935} INFO - Setting next_dagrun for example_complex to None
[2022-02-05 19:42:04,307] {processor.py:171} INFO - Processing /home/airflow/.local/lib/python3.7/site-packages/airflow/example_dags/example_complex.py took 0.249 seconds
[2022-02-05 19:42:34,837] {processor.py:163} INFO - Started process (PID=2474) to work on /home/airflow/.local/lib/python3.7/site-packages/airflow/example_dags/example_complex.py
[2022-02-05 19:42:34,843] {processor.py:642} INFO - Processing file /home/airflow/.local/lib/python3.7/site-packages/airflow/example_dags/example_complex.py for tasks to queue
[2022-02-05 19:42:34,844] {logging_mixin.py:109} INFO - [2022-02-05 19:42:34,844] {dagbag.py:500} INFO - Filling up the DagBag from /home/airflow/.local/lib/python3.7/site-packages/airflow/example_dags/example_complex.py
[2022-02-05 19:42:35,006] {processor.py:654} INFO - DAG(s) dict_keys(['example_complex']) retrieved from /home/airflow/.local/lib/python3.7/site-packages/airflow/example_dags/example_complex.py
[2022-02-05 19:42:35,024] {logging_mixin.py:109} INFO - [2022-02-05 19:42:35,024] {dag.py:2396} INFO - Sync 1 DAGs
[2022-02-05 19:42:35,044] {logging_mixin.py:109} INFO - [2022-02-05 19:42:35,044] {dag.py:2935} INFO - Setting next_dagrun for example_complex to None
[2022-02-05 19:42:35,057] {processor.py:171} INFO - Processing /home/airflow/.local/lib/python3.7/site-packages/airflow/example_dags/example_complex.py took 0.227 seconds
[2022-02-05 19:43:05,288] {processor.py:163} INFO - Started process (PID=2536) to work on /home/airflow/.local/lib/python3.7/site-packages/airflow/example_dags/example_complex.py
[2022-02-05 19:43:05,289] {processor.py:642} INFO - Processing file /home/airflow/.local/lib/python3.7/site-packages/airflow/example_dags/example_complex.py for tasks to queue
[2022-02-05 19:43:05,290] {logging_mixin.py:109} INFO - [2022-02-05 19:43:05,290] {dagbag.py:500} INFO - Filling up the DagBag from /home/airflow/.local/lib/python3.7/site-packages/airflow/example_dags/example_complex.py
[2022-02-05 19:43:05,447] {processor.py:654} INFO - DAG(s) dict_keys(['example_complex']) retrieved from /home/airflow/.local/lib/python3.7/site-packages/airflow/example_dags/example_complex.py
[2022-02-05 19:43:05,466] {logging_mixin.py:109} INFO - [2022-02-05 19:43:05,466] {dag.py:2396} INFO - Sync 1 DAGs
[2022-02-05 19:43:05,485] {logging_mixin.py:109} INFO - [2022-02-05 19:43:05,485] {dag.py:2935} INFO - Setting next_dagrun for example_complex to None
[2022-02-05 19:43:05,503] {processor.py:171} INFO - Processing /home/airflow/.local/lib/python3.7/site-packages/airflow/example_dags/example_complex.py took 0.218 seconds
[2022-02-05 19:43:36,184] {processor.py:163} INFO - Started process (PID=2590) to work on /home/airflow/.local/lib/python3.7/site-packages/airflow/example_dags/example_complex.py
[2022-02-05 19:43:36,185] {processor.py:642} INFO - Processing file /home/airflow/.local/lib/python3.7/site-packages/airflow/example_dags/example_complex.py for tasks to queue
[2022-02-05 19:43:36,185] {logging_mixin.py:109} INFO - [2022-02-05 19:43:36,185] {dagbag.py:500} INFO - Filling up the DagBag from /home/airflow/.local/lib/python3.7/site-packages/airflow/example_dags/example_complex.py
[2022-02-05 19:43:36,286] {processor.py:654} INFO - DAG(s) dict_keys(['example_complex']) retrieved from /home/airflow/.local/lib/python3.7/site-packages/airflow/example_dags/example_complex.py
[2022-02-05 19:43:36,297] {logging_mixin.py:109} INFO - [2022-02-05 19:43:36,297] {dag.py:2396} INFO - Sync 1 DAGs
[2022-02-05 19:43:36,308] {logging_mixin.py:109} INFO - [2022-02-05 19:43:36,308] {dag.py:2935} INFO - Setting next_dagrun for example_complex to None
[2022-02-05 19:43:36,316] {processor.py:171} INFO - Processing /home/airflow/.local/lib/python3.7/site-packages/airflow/example_dags/example_complex.py took 0.135 seconds
[2022-02-05 19:44:06,519] {processor.py:163} INFO - Started process (PID=2657) to work on /home/airflow/.local/lib/python3.7/site-packages/airflow/example_dags/example_complex.py
[2022-02-05 19:44:06,520] {processor.py:642} INFO - Processing file /home/airflow/.local/lib/python3.7/site-packages/airflow/example_dags/example_complex.py for tasks to queue
[2022-02-05 19:44:06,521] {logging_mixin.py:109} INFO - [2022-02-05 19:44:06,520] {dagbag.py:500} INFO - Filling up the DagBag from /home/airflow/.local/lib/python3.7/site-packages/airflow/example_dags/example_complex.py
[2022-02-05 19:44:06,638] {processor.py:654} INFO - DAG(s) dict_keys(['example_complex']) retrieved from /home/airflow/.local/lib/python3.7/site-packages/airflow/example_dags/example_complex.py
[2022-02-05 19:44:06,649] {logging_mixin.py:109} INFO - [2022-02-05 19:44:06,648] {dag.py:2396} INFO - Sync 1 DAGs
[2022-02-05 19:44:06,660] {logging_mixin.py:109} INFO - [2022-02-05 19:44:06,660] {dag.py:2935} INFO - Setting next_dagrun for example_complex to None
[2022-02-05 19:44:06,668] {processor.py:171} INFO - Processing /home/airflow/.local/lib/python3.7/site-packages/airflow/example_dags/example_complex.py took 0.152 seconds
[2022-02-05 19:44:37,672] {processor.py:163} INFO - Started process (PID=2709) to work on /home/airflow/.local/lib/python3.7/site-packages/airflow/example_dags/example_complex.py
[2022-02-05 19:44:37,673] {processor.py:642} INFO - Processing file /home/airflow/.local/lib/python3.7/site-packages/airflow/example_dags/example_complex.py for tasks to queue
[2022-02-05 19:44:37,674] {logging_mixin.py:109} INFO - [2022-02-05 19:44:37,674] {dagbag.py:500} INFO - Filling up the DagBag from /home/airflow/.local/lib/python3.7/site-packages/airflow/example_dags/example_complex.py
[2022-02-05 19:44:37,704] {processor.py:654} INFO - DAG(s) dict_keys(['example_complex']) retrieved from /home/airflow/.local/lib/python3.7/site-packages/airflow/example_dags/example_complex.py
[2022-02-05 19:44:37,717] {logging_mixin.py:109} INFO - [2022-02-05 19:44:37,717] {dag.py:2396} INFO - Sync 1 DAGs
[2022-02-05 19:44:37,730] {logging_mixin.py:109} INFO - [2022-02-05 19:44:37,730] {dag.py:2935} INFO - Setting next_dagrun for example_complex to None
[2022-02-05 19:44:37,738] {processor.py:171} INFO - Processing /home/airflow/.local/lib/python3.7/site-packages/airflow/example_dags/example_complex.py took 0.069 seconds
[2022-02-05 19:45:08,586] {processor.py:163} INFO - Started process (PID=2771) to work on /home/airflow/.local/lib/python3.7/site-packages/airflow/example_dags/example_complex.py
[2022-02-05 19:45:08,587] {processor.py:642} INFO - Processing file /home/airflow/.local/lib/python3.7/site-packages/airflow/example_dags/example_complex.py for tasks to queue
[2022-02-05 19:45:08,588] {logging_mixin.py:109} INFO - [2022-02-05 19:45:08,588] {dagbag.py:500} INFO - Filling up the DagBag from /home/airflow/.local/lib/python3.7/site-packages/airflow/example_dags/example_complex.py
[2022-02-05 19:45:08,615] {processor.py:654} INFO - DAG(s) dict_keys(['example_complex']) retrieved from /home/airflow/.local/lib/python3.7/site-packages/airflow/example_dags/example_complex.py
[2022-02-05 19:45:08,627] {logging_mixin.py:109} INFO - [2022-02-05 19:45:08,627] {dag.py:2396} INFO - Sync 1 DAGs
[2022-02-05 19:45:08,639] {logging_mixin.py:109} INFO - [2022-02-05 19:45:08,639] {dag.py:2935} INFO - Setting next_dagrun for example_complex to None
[2022-02-05 19:45:08,647] {processor.py:171} INFO - Processing /home/airflow/.local/lib/python3.7/site-packages/airflow/example_dags/example_complex.py took 0.064 seconds
[2022-02-05 19:45:39,370] {processor.py:163} INFO - Started process (PID=2824) to work on /home/airflow/.local/lib/python3.7/site-packages/airflow/example_dags/example_complex.py
[2022-02-05 19:45:39,372] {processor.py:642} INFO - Processing file /home/airflow/.local/lib/python3.7/site-packages/airflow/example_dags/example_complex.py for tasks to queue
[2022-02-05 19:45:39,372] {logging_mixin.py:109} INFO - [2022-02-05 19:45:39,372] {dagbag.py:500} INFO - Filling up the DagBag from /home/airflow/.local/lib/python3.7/site-packages/airflow/example_dags/example_complex.py
[2022-02-05 19:45:39,401] {processor.py:654} INFO - DAG(s) dict_keys(['example_complex']) retrieved from /home/airflow/.local/lib/python3.7/site-packages/airflow/example_dags/example_complex.py
[2022-02-05 19:45:39,414] {logging_mixin.py:109} INFO - [2022-02-05 19:45:39,414] {dag.py:2396} INFO - Sync 1 DAGs
[2022-02-05 19:45:39,427] {logging_mixin.py:109} INFO - [2022-02-05 19:45:39,427] {dag.py:2935} INFO - Setting next_dagrun for example_complex to None
[2022-02-05 19:45:39,435] {processor.py:171} INFO - Processing /home/airflow/.local/lib/python3.7/site-packages/airflow/example_dags/example_complex.py took 0.067 seconds
[2022-02-05 19:46:10,232] {processor.py:163} INFO - Started process (PID=2887) to work on /home/airflow/.local/lib/python3.7/site-packages/airflow/example_dags/example_complex.py
[2022-02-05 19:46:10,233] {processor.py:642} INFO - Processing file /home/airflow/.local/lib/python3.7/site-packages/airflow/example_dags/example_complex.py for tasks to queue
[2022-02-05 19:46:10,233] {logging_mixin.py:109} INFO - [2022-02-05 19:46:10,233] {dagbag.py:500} INFO - Filling up the DagBag from /home/airflow/.local/lib/python3.7/site-packages/airflow/example_dags/example_complex.py
[2022-02-05 19:46:10,262] {processor.py:654} INFO - DAG(s) dict_keys(['example_complex']) retrieved from /home/airflow/.local/lib/python3.7/site-packages/airflow/example_dags/example_complex.py
[2022-02-05 19:46:10,275] {logging_mixin.py:109} INFO - [2022-02-05 19:46:10,275] {dag.py:2396} INFO - Sync 1 DAGs
[2022-02-05 19:46:10,287] {logging_mixin.py:109} INFO - [2022-02-05 19:46:10,287] {dag.py:2935} INFO - Setting next_dagrun for example_complex to None
[2022-02-05 19:46:10,295] {processor.py:171} INFO - Processing /home/airflow/.local/lib/python3.7/site-packages/airflow/example_dags/example_complex.py took 0.066 seconds
[2022-02-05 19:46:41,091] {processor.py:163} INFO - Started process (PID=2948) to work on /home/airflow/.local/lib/python3.7/site-packages/airflow/example_dags/example_complex.py
[2022-02-05 19:46:41,093] {processor.py:642} INFO - Processing file /home/airflow/.local/lib/python3.7/site-packages/airflow/example_dags/example_complex.py for tasks to queue
[2022-02-05 19:46:41,093] {logging_mixin.py:109} INFO - [2022-02-05 19:46:41,093] {dagbag.py:500} INFO - Filling up the DagBag from /home/airflow/.local/lib/python3.7/site-packages/airflow/example_dags/example_complex.py
[2022-02-05 19:46:41,119] {processor.py:654} INFO - DAG(s) dict_keys(['example_complex']) retrieved from /home/airflow/.local/lib/python3.7/site-packages/airflow/example_dags/example_complex.py
[2022-02-05 19:46:41,131] {logging_mixin.py:109} INFO - [2022-02-05 19:46:41,131] {dag.py:2396} INFO - Sync 1 DAGs
[2022-02-05 19:46:41,143] {logging_mixin.py:109} INFO - [2022-02-05 19:46:41,143] {dag.py:2935} INFO - Setting next_dagrun for example_complex to None
[2022-02-05 19:46:41,151] {processor.py:171} INFO - Processing /home/airflow/.local/lib/python3.7/site-packages/airflow/example_dags/example_complex.py took 0.063 seconds
[2022-02-05 19:47:11,825] {processor.py:163} INFO - Started process (PID=2999) to work on /home/airflow/.local/lib/python3.7/site-packages/airflow/example_dags/example_complex.py
[2022-02-05 19:47:11,826] {processor.py:642} INFO - Processing file /home/airflow/.local/lib/python3.7/site-packages/airflow/example_dags/example_complex.py for tasks to queue
[2022-02-05 19:47:11,826] {logging_mixin.py:109} INFO - [2022-02-05 19:47:11,826] {dagbag.py:500} INFO - Filling up the DagBag from /home/airflow/.local/lib/python3.7/site-packages/airflow/example_dags/example_complex.py
[2022-02-05 19:47:11,857] {processor.py:654} INFO - DAG(s) dict_keys(['example_complex']) retrieved from /home/airflow/.local/lib/python3.7/site-packages/airflow/example_dags/example_complex.py
[2022-02-05 19:47:11,871] {logging_mixin.py:109} INFO - [2022-02-05 19:47:11,871] {dag.py:2396} INFO - Sync 1 DAGs
[2022-02-05 19:47:11,885] {logging_mixin.py:109} INFO - [2022-02-05 19:47:11,885] {dag.py:2935} INFO - Setting next_dagrun for example_complex to None
[2022-02-05 19:47:11,895] {processor.py:171} INFO - Processing /home/airflow/.local/lib/python3.7/site-packages/airflow/example_dags/example_complex.py took 0.073 seconds
[2022-02-05 19:47:42,662] {processor.py:163} INFO - Started process (PID=3061) to work on /home/airflow/.local/lib/python3.7/site-packages/airflow/example_dags/example_complex.py
[2022-02-05 19:47:42,664] {processor.py:642} INFO - Processing file /home/airflow/.local/lib/python3.7/site-packages/airflow/example_dags/example_complex.py for tasks to queue
[2022-02-05 19:47:42,664] {logging_mixin.py:109} INFO - [2022-02-05 19:47:42,664] {dagbag.py:500} INFO - Filling up the DagBag from /home/airflow/.local/lib/python3.7/site-packages/airflow/example_dags/example_complex.py
[2022-02-05 19:47:42,692] {processor.py:654} INFO - DAG(s) dict_keys(['example_complex']) retrieved from /home/airflow/.local/lib/python3.7/site-packages/airflow/example_dags/example_complex.py
[2022-02-05 19:47:42,705] {logging_mixin.py:109} INFO - [2022-02-05 19:47:42,705] {dag.py:2396} INFO - Sync 1 DAGs
[2022-02-05 19:47:42,717] {logging_mixin.py:109} INFO - [2022-02-05 19:47:42,717] {dag.py:2935} INFO - Setting next_dagrun for example_complex to None
[2022-02-05 19:47:42,726] {processor.py:171} INFO - Processing /home/airflow/.local/lib/python3.7/site-packages/airflow/example_dags/example_complex.py took 0.066 seconds
[2022-02-05 19:48:13,750] {processor.py:163} INFO - Started process (PID=3114) to work on /home/airflow/.local/lib/python3.7/site-packages/airflow/example_dags/example_complex.py
[2022-02-05 19:48:13,751] {processor.py:642} INFO - Processing file /home/airflow/.local/lib/python3.7/site-packages/airflow/example_dags/example_complex.py for tasks to queue
[2022-02-05 19:48:13,752] {logging_mixin.py:109} INFO - [2022-02-05 19:48:13,752] {dagbag.py:500} INFO - Filling up the DagBag from /home/airflow/.local/lib/python3.7/site-packages/airflow/example_dags/example_complex.py
[2022-02-05 19:48:13,791] {processor.py:654} INFO - DAG(s) dict_keys(['example_complex']) retrieved from /home/airflow/.local/lib/python3.7/site-packages/airflow/example_dags/example_complex.py
[2022-02-05 19:48:13,809] {logging_mixin.py:109} INFO - [2022-02-05 19:48:13,809] {dag.py:2396} INFO - Sync 1 DAGs
[2022-02-05 19:48:13,826] {logging_mixin.py:109} INFO - [2022-02-05 19:48:13,826] {dag.py:2935} INFO - Setting next_dagrun for example_complex to None
[2022-02-05 19:48:13,836] {processor.py:171} INFO - Processing /home/airflow/.local/lib/python3.7/site-packages/airflow/example_dags/example_complex.py took 0.090 seconds
[2022-02-05 19:48:44,278] {processor.py:163} INFO - Started process (PID=3177) to work on /home/airflow/.local/lib/python3.7/site-packages/airflow/example_dags/example_complex.py
[2022-02-05 19:48:44,279] {processor.py:642} INFO - Processing file /home/airflow/.local/lib/python3.7/site-packages/airflow/example_dags/example_complex.py for tasks to queue
[2022-02-05 19:48:44,280] {logging_mixin.py:109} INFO - [2022-02-05 19:48:44,280] {dagbag.py:500} INFO - Filling up the DagBag from /home/airflow/.local/lib/python3.7/site-packages/airflow/example_dags/example_complex.py
[2022-02-05 19:48:44,309] {processor.py:654} INFO - DAG(s) dict_keys(['example_complex']) retrieved from /home/airflow/.local/lib/python3.7/site-packages/airflow/example_dags/example_complex.py
[2022-02-05 19:48:44,322] {logging_mixin.py:109} INFO - [2022-02-05 19:48:44,322] {dag.py:2396} INFO - Sync 1 DAGs
[2022-02-05 19:48:44,335] {logging_mixin.py:109} INFO - [2022-02-05 19:48:44,335] {dag.py:2935} INFO - Setting next_dagrun for example_complex to None
[2022-02-05 19:48:44,344] {processor.py:171} INFO - Processing /home/airflow/.local/lib/python3.7/site-packages/airflow/example_dags/example_complex.py took 0.068 seconds
[2022-02-05 19:49:14,844] {processor.py:163} INFO - Started process (PID=3232) to work on /home/airflow/.local/lib/python3.7/site-packages/airflow/example_dags/example_complex.py
[2022-02-05 19:49:14,845] {processor.py:642} INFO - Processing file /home/airflow/.local/lib/python3.7/site-packages/airflow/example_dags/example_complex.py for tasks to queue
[2022-02-05 19:49:14,845] {logging_mixin.py:109} INFO - [2022-02-05 19:49:14,845] {dagbag.py:500} INFO - Filling up the DagBag from /home/airflow/.local/lib/python3.7/site-packages/airflow/example_dags/example_complex.py
[2022-02-05 19:49:14,883] {processor.py:654} INFO - DAG(s) dict_keys(['example_complex']) retrieved from /home/airflow/.local/lib/python3.7/site-packages/airflow/example_dags/example_complex.py
[2022-02-05 19:49:14,901] {logging_mixin.py:109} INFO - [2022-02-05 19:49:14,901] {dag.py:2396} INFO - Sync 1 DAGs
[2022-02-05 19:49:14,921] {logging_mixin.py:109} INFO - [2022-02-05 19:49:14,921] {dag.py:2935} INFO - Setting next_dagrun for example_complex to None
[2022-02-05 19:49:14,940] {processor.py:171} INFO - Processing /home/airflow/.local/lib/python3.7/site-packages/airflow/example_dags/example_complex.py took 0.099 seconds
[2022-02-05 19:49:45,572] {processor.py:163} INFO - Started process (PID=3295) to work on /home/airflow/.local/lib/python3.7/site-packages/airflow/example_dags/example_complex.py
[2022-02-05 19:49:45,575] {processor.py:642} INFO - Processing file /home/airflow/.local/lib/python3.7/site-packages/airflow/example_dags/example_complex.py for tasks to queue
[2022-02-05 19:49:45,576] {logging_mixin.py:109} INFO - [2022-02-05 19:49:45,576] {dagbag.py:500} INFO - Filling up the DagBag from /home/airflow/.local/lib/python3.7/site-packages/airflow/example_dags/example_complex.py
[2022-02-05 19:49:45,628] {processor.py:654} INFO - DAG(s) dict_keys(['example_complex']) retrieved from /home/airflow/.local/lib/python3.7/site-packages/airflow/example_dags/example_complex.py
[2022-02-05 19:49:45,653] {logging_mixin.py:109} INFO - [2022-02-05 19:49:45,653] {dag.py:2396} INFO - Sync 1 DAGs
[2022-02-05 19:49:45,678] {logging_mixin.py:109} INFO - [2022-02-05 19:49:45,678] {dag.py:2935} INFO - Setting next_dagrun for example_complex to None
[2022-02-05 19:49:45,700] {processor.py:171} INFO - Processing /home/airflow/.local/lib/python3.7/site-packages/airflow/example_dags/example_complex.py took 0.134 seconds
[2022-02-05 19:50:16,613] {processor.py:163} INFO - Started process (PID=3348) to work on /home/airflow/.local/lib/python3.7/site-packages/airflow/example_dags/example_complex.py
[2022-02-05 19:50:16,614] {processor.py:642} INFO - Processing file /home/airflow/.local/lib/python3.7/site-packages/airflow/example_dags/example_complex.py for tasks to queue
[2022-02-05 19:50:16,615] {logging_mixin.py:109} INFO - [2022-02-05 19:50:16,614] {dagbag.py:500} INFO - Filling up the DagBag from /home/airflow/.local/lib/python3.7/site-packages/airflow/example_dags/example_complex.py
[2022-02-05 19:50:16,643] {processor.py:654} INFO - DAG(s) dict_keys(['example_complex']) retrieved from /home/airflow/.local/lib/python3.7/site-packages/airflow/example_dags/example_complex.py
[2022-02-05 19:50:16,655] {logging_mixin.py:109} INFO - [2022-02-05 19:50:16,655] {dag.py:2396} INFO - Sync 1 DAGs
[2022-02-05 19:50:16,668] {logging_mixin.py:109} INFO - [2022-02-05 19:50:16,668] {dag.py:2935} INFO - Setting next_dagrun for example_complex to None
[2022-02-05 19:50:16,676] {processor.py:171} INFO - Processing /home/airflow/.local/lib/python3.7/site-packages/airflow/example_dags/example_complex.py took 0.065 seconds
[2022-02-05 19:50:47,799] {processor.py:163} INFO - Started process (PID=3409) to work on /home/airflow/.local/lib/python3.7/site-packages/airflow/example_dags/example_complex.py
[2022-02-05 19:50:47,802] {processor.py:642} INFO - Processing file /home/airflow/.local/lib/python3.7/site-packages/airflow/example_dags/example_complex.py for tasks to queue
[2022-02-05 19:50:47,802] {logging_mixin.py:109} INFO - [2022-02-05 19:50:47,802] {dagbag.py:500} INFO - Filling up the DagBag from /home/airflow/.local/lib/python3.7/site-packages/airflow/example_dags/example_complex.py
[2022-02-05 19:50:47,840] {processor.py:654} INFO - DAG(s) dict_keys(['example_complex']) retrieved from /home/airflow/.local/lib/python3.7/site-packages/airflow/example_dags/example_complex.py
[2022-02-05 19:50:47,857] {logging_mixin.py:109} INFO - [2022-02-05 19:50:47,857] {dag.py:2396} INFO - Sync 1 DAGs
[2022-02-05 19:50:47,875] {logging_mixin.py:109} INFO - [2022-02-05 19:50:47,875] {dag.py:2935} INFO - Setting next_dagrun for example_complex to None
[2022-02-05 19:50:47,892] {processor.py:171} INFO - Processing /home/airflow/.local/lib/python3.7/site-packages/airflow/example_dags/example_complex.py took 0.096 seconds
[2022-02-05 19:51:18,304] {processor.py:163} INFO - Started process (PID=3461) to work on /home/airflow/.local/lib/python3.7/site-packages/airflow/example_dags/example_complex.py
[2022-02-05 19:51:18,305] {processor.py:642} INFO - Processing file /home/airflow/.local/lib/python3.7/site-packages/airflow/example_dags/example_complex.py for tasks to queue
[2022-02-05 19:51:18,306] {logging_mixin.py:109} INFO - [2022-02-05 19:51:18,306] {dagbag.py:500} INFO - Filling up the DagBag from /home/airflow/.local/lib/python3.7/site-packages/airflow/example_dags/example_complex.py
[2022-02-05 19:51:18,341] {processor.py:654} INFO - DAG(s) dict_keys(['example_complex']) retrieved from /home/airflow/.local/lib/python3.7/site-packages/airflow/example_dags/example_complex.py
[2022-02-05 19:51:18,357] {logging_mixin.py:109} INFO - [2022-02-05 19:51:18,356] {dag.py:2396} INFO - Sync 1 DAGs
[2022-02-05 19:51:18,378] {logging_mixin.py:109} INFO - [2022-02-05 19:51:18,378] {dag.py:2935} INFO - Setting next_dagrun for example_complex to None
[2022-02-05 19:51:18,392] {processor.py:171} INFO - Processing /home/airflow/.local/lib/python3.7/site-packages/airflow/example_dags/example_complex.py took 0.091 seconds
[2022-02-05 19:51:48,521] {processor.py:163} INFO - Started process (PID=3522) to work on /home/airflow/.local/lib/python3.7/site-packages/airflow/example_dags/example_complex.py
[2022-02-05 19:51:48,522] {processor.py:642} INFO - Processing file /home/airflow/.local/lib/python3.7/site-packages/airflow/example_dags/example_complex.py for tasks to queue
[2022-02-05 19:51:48,522] {logging_mixin.py:109} INFO - [2022-02-05 19:51:48,522] {dagbag.py:500} INFO - Filling up the DagBag from /home/airflow/.local/lib/python3.7/site-packages/airflow/example_dags/example_complex.py
[2022-02-05 19:51:48,549] {processor.py:654} INFO - DAG(s) dict_keys(['example_complex']) retrieved from /home/airflow/.local/lib/python3.7/site-packages/airflow/example_dags/example_complex.py
[2022-02-05 19:51:48,562] {logging_mixin.py:109} INFO - [2022-02-05 19:51:48,561] {dag.py:2396} INFO - Sync 1 DAGs
[2022-02-05 19:51:48,574] {logging_mixin.py:109} INFO - [2022-02-05 19:51:48,574] {dag.py:2935} INFO - Setting next_dagrun for example_complex to None
[2022-02-05 19:51:48,582] {processor.py:171} INFO - Processing /home/airflow/.local/lib/python3.7/site-packages/airflow/example_dags/example_complex.py took 0.064 seconds
[2022-02-05 19:52:19,842] {processor.py:163} INFO - Started process (PID=3574) to work on /home/airflow/.local/lib/python3.7/site-packages/airflow/example_dags/example_complex.py
[2022-02-05 19:52:19,844] {processor.py:642} INFO - Processing file /home/airflow/.local/lib/python3.7/site-packages/airflow/example_dags/example_complex.py for tasks to queue
[2022-02-05 19:52:19,845] {logging_mixin.py:109} INFO - [2022-02-05 19:52:19,845] {dagbag.py:500} INFO - Filling up the DagBag from /home/airflow/.local/lib/python3.7/site-packages/airflow/example_dags/example_complex.py
[2022-02-05 19:52:19,901] {processor.py:654} INFO - DAG(s) dict_keys(['example_complex']) retrieved from /home/airflow/.local/lib/python3.7/site-packages/airflow/example_dags/example_complex.py
[2022-02-05 19:52:19,936] {logging_mixin.py:109} INFO - [2022-02-05 19:52:19,935] {dag.py:2396} INFO - Sync 1 DAGs
[2022-02-05 19:52:19,963] {logging_mixin.py:109} INFO - [2022-02-05 19:52:19,963] {dag.py:2935} INFO - Setting next_dagrun for example_complex to None
[2022-02-05 19:52:19,975] {processor.py:171} INFO - Processing /home/airflow/.local/lib/python3.7/site-packages/airflow/example_dags/example_complex.py took 0.140 seconds
[2022-02-05 19:52:50,427] {processor.py:163} INFO - Started process (PID=3637) to work on /home/airflow/.local/lib/python3.7/site-packages/airflow/example_dags/example_complex.py
[2022-02-05 19:52:50,429] {processor.py:642} INFO - Processing file /home/airflow/.local/lib/python3.7/site-packages/airflow/example_dags/example_complex.py for tasks to queue
[2022-02-05 19:52:50,430] {logging_mixin.py:109} INFO - [2022-02-05 19:52:50,430] {dagbag.py:500} INFO - Filling up the DagBag from /home/airflow/.local/lib/python3.7/site-packages/airflow/example_dags/example_complex.py
[2022-02-05 19:52:50,480] {processor.py:654} INFO - DAG(s) dict_keys(['example_complex']) retrieved from /home/airflow/.local/lib/python3.7/site-packages/airflow/example_dags/example_complex.py
[2022-02-05 19:52:50,501] {logging_mixin.py:109} INFO - [2022-02-05 19:52:50,501] {dag.py:2396} INFO - Sync 1 DAGs
[2022-02-05 19:52:50,525] {logging_mixin.py:109} INFO - [2022-02-05 19:52:50,525] {dag.py:2935} INFO - Setting next_dagrun for example_complex to None
[2022-02-05 19:52:50,542] {processor.py:171} INFO - Processing /home/airflow/.local/lib/python3.7/site-packages/airflow/example_dags/example_complex.py took 0.120 seconds
[2022-02-05 19:53:21,516] {processor.py:163} INFO - Started process (PID=3690) to work on /home/airflow/.local/lib/python3.7/site-packages/airflow/example_dags/example_complex.py
[2022-02-05 19:53:21,517] {processor.py:642} INFO - Processing file /home/airflow/.local/lib/python3.7/site-packages/airflow/example_dags/example_complex.py for tasks to queue
[2022-02-05 19:53:21,518] {logging_mixin.py:109} INFO - [2022-02-05 19:53:21,518] {dagbag.py:500} INFO - Filling up the DagBag from /home/airflow/.local/lib/python3.7/site-packages/airflow/example_dags/example_complex.py
[2022-02-05 19:53:21,555] {processor.py:654} INFO - DAG(s) dict_keys(['example_complex']) retrieved from /home/airflow/.local/lib/python3.7/site-packages/airflow/example_dags/example_complex.py
[2022-02-05 19:53:21,574] {logging_mixin.py:109} INFO - [2022-02-05 19:53:21,574] {dag.py:2396} INFO - Sync 1 DAGs
[2022-02-05 19:53:21,592] {logging_mixin.py:109} INFO - [2022-02-05 19:53:21,591] {dag.py:2935} INFO - Setting next_dagrun for example_complex to None
[2022-02-05 19:53:21,602] {processor.py:171} INFO - Processing /home/airflow/.local/lib/python3.7/site-packages/airflow/example_dags/example_complex.py took 0.090 seconds
[2022-02-05 19:53:51,910] {processor.py:163} INFO - Started process (PID=3752) to work on /home/airflow/.local/lib/python3.7/site-packages/airflow/example_dags/example_complex.py
[2022-02-05 19:53:51,929] {processor.py:642} INFO - Processing file /home/airflow/.local/lib/python3.7/site-packages/airflow/example_dags/example_complex.py for tasks to queue
[2022-02-05 19:53:51,930] {logging_mixin.py:109} INFO - [2022-02-05 19:53:51,930] {dagbag.py:500} INFO - Filling up the DagBag from /home/airflow/.local/lib/python3.7/site-packages/airflow/example_dags/example_complex.py
[2022-02-05 19:53:51,973] {processor.py:654} INFO - DAG(s) dict_keys(['example_complex']) retrieved from /home/airflow/.local/lib/python3.7/site-packages/airflow/example_dags/example_complex.py
[2022-02-05 19:53:51,995] {logging_mixin.py:109} INFO - [2022-02-05 19:53:51,995] {dag.py:2396} INFO - Sync 1 DAGs
[2022-02-05 19:53:52,017] {logging_mixin.py:109} INFO - [2022-02-05 19:53:52,017] {dag.py:2935} INFO - Setting next_dagrun for example_complex to None
[2022-02-05 19:53:52,030] {processor.py:171} INFO - Processing /home/airflow/.local/lib/python3.7/site-packages/airflow/example_dags/example_complex.py took 0.125 seconds
[2022-02-05 19:54:22,178] {processor.py:163} INFO - Started process (PID=3804) to work on /home/airflow/.local/lib/python3.7/site-packages/airflow/example_dags/example_complex.py
[2022-02-05 19:54:22,179] {processor.py:642} INFO - Processing file /home/airflow/.local/lib/python3.7/site-packages/airflow/example_dags/example_complex.py for tasks to queue
[2022-02-05 19:54:22,180] {logging_mixin.py:109} INFO - [2022-02-05 19:54:22,180] {dagbag.py:500} INFO - Filling up the DagBag from /home/airflow/.local/lib/python3.7/site-packages/airflow/example_dags/example_complex.py
[2022-02-05 19:54:22,208] {processor.py:654} INFO - DAG(s) dict_keys(['example_complex']) retrieved from /home/airflow/.local/lib/python3.7/site-packages/airflow/example_dags/example_complex.py
[2022-02-05 19:54:22,221] {logging_mixin.py:109} INFO - [2022-02-05 19:54:22,221] {dag.py:2396} INFO - Sync 1 DAGs
[2022-02-05 19:54:22,234] {logging_mixin.py:109} INFO - [2022-02-05 19:54:22,234] {dag.py:2935} INFO - Setting next_dagrun for example_complex to None
[2022-02-05 19:54:22,244] {processor.py:171} INFO - Processing /home/airflow/.local/lib/python3.7/site-packages/airflow/example_dags/example_complex.py took 0.068 seconds
[2022-02-05 19:54:52,833] {processor.py:163} INFO - Started process (PID=3866) to work on /home/airflow/.local/lib/python3.7/site-packages/airflow/example_dags/example_complex.py
[2022-02-05 19:54:52,835] {processor.py:642} INFO - Processing file /home/airflow/.local/lib/python3.7/site-packages/airflow/example_dags/example_complex.py for tasks to queue
[2022-02-05 19:54:52,835] {logging_mixin.py:109} INFO - [2022-02-05 19:54:52,835] {dagbag.py:500} INFO - Filling up the DagBag from /home/airflow/.local/lib/python3.7/site-packages/airflow/example_dags/example_complex.py
[2022-02-05 19:54:52,870] {processor.py:654} INFO - DAG(s) dict_keys(['example_complex']) retrieved from /home/airflow/.local/lib/python3.7/site-packages/airflow/example_dags/example_complex.py
[2022-02-05 19:54:52,890] {logging_mixin.py:109} INFO - [2022-02-05 19:54:52,889] {dag.py:2396} INFO - Sync 1 DAGs
[2022-02-05 19:54:52,910] {logging_mixin.py:109} INFO - [2022-02-05 19:54:52,910] {dag.py:2935} INFO - Setting next_dagrun for example_complex to None
[2022-02-05 19:54:52,923] {processor.py:171} INFO - Processing /home/airflow/.local/lib/python3.7/site-packages/airflow/example_dags/example_complex.py took 0.093 seconds
[2022-02-05 19:55:22,972] {processor.py:163} INFO - Started process (PID=3919) to work on /home/airflow/.local/lib/python3.7/site-packages/airflow/example_dags/example_complex.py
[2022-02-05 19:55:22,976] {processor.py:642} INFO - Processing file /home/airflow/.local/lib/python3.7/site-packages/airflow/example_dags/example_complex.py for tasks to queue
[2022-02-05 19:55:22,977] {logging_mixin.py:109} INFO - [2022-02-05 19:55:22,977] {dagbag.py:500} INFO - Filling up the DagBag from /home/airflow/.local/lib/python3.7/site-packages/airflow/example_dags/example_complex.py
[2022-02-05 19:55:23,006] {processor.py:654} INFO - DAG(s) dict_keys(['example_complex']) retrieved from /home/airflow/.local/lib/python3.7/site-packages/airflow/example_dags/example_complex.py
[2022-02-05 19:55:23,019] {logging_mixin.py:109} INFO - [2022-02-05 19:55:23,019] {dag.py:2396} INFO - Sync 1 DAGs
[2022-02-05 19:55:23,033] {logging_mixin.py:109} INFO - [2022-02-05 19:55:23,033] {dag.py:2935} INFO - Setting next_dagrun for example_complex to None
[2022-02-05 19:55:23,041] {processor.py:171} INFO - Processing /home/airflow/.local/lib/python3.7/site-packages/airflow/example_dags/example_complex.py took 0.072 seconds
[2022-02-05 19:55:53,063] {processor.py:163} INFO - Started process (PID=3982) to work on /home/airflow/.local/lib/python3.7/site-packages/airflow/example_dags/example_complex.py
[2022-02-05 19:55:53,064] {processor.py:642} INFO - Processing file /home/airflow/.local/lib/python3.7/site-packages/airflow/example_dags/example_complex.py for tasks to queue
[2022-02-05 19:55:53,065] {logging_mixin.py:109} INFO - [2022-02-05 19:55:53,065] {dagbag.py:500} INFO - Filling up the DagBag from /home/airflow/.local/lib/python3.7/site-packages/airflow/example_dags/example_complex.py
[2022-02-05 19:55:53,096] {processor.py:654} INFO - DAG(s) dict_keys(['example_complex']) retrieved from /home/airflow/.local/lib/python3.7/site-packages/airflow/example_dags/example_complex.py
[2022-02-05 19:55:53,109] {logging_mixin.py:109} INFO - [2022-02-05 19:55:53,109] {dag.py:2396} INFO - Sync 1 DAGs
[2022-02-05 19:55:53,124] {logging_mixin.py:109} INFO - [2022-02-05 19:55:53,124] {dag.py:2935} INFO - Setting next_dagrun for example_complex to None
[2022-02-05 19:55:53,132] {processor.py:171} INFO - Processing /home/airflow/.local/lib/python3.7/site-packages/airflow/example_dags/example_complex.py took 0.073 seconds
[2022-02-05 19:56:23,216] {processor.py:163} INFO - Started process (PID=4034) to work on /home/airflow/.local/lib/python3.7/site-packages/airflow/example_dags/example_complex.py
[2022-02-05 19:56:23,218] {processor.py:642} INFO - Processing file /home/airflow/.local/lib/python3.7/site-packages/airflow/example_dags/example_complex.py for tasks to queue
[2022-02-05 19:56:23,219] {logging_mixin.py:109} INFO - [2022-02-05 19:56:23,219] {dagbag.py:500} INFO - Filling up the DagBag from /home/airflow/.local/lib/python3.7/site-packages/airflow/example_dags/example_complex.py
[2022-02-05 19:56:23,249] {processor.py:654} INFO - DAG(s) dict_keys(['example_complex']) retrieved from /home/airflow/.local/lib/python3.7/site-packages/airflow/example_dags/example_complex.py
[2022-02-05 19:56:23,263] {logging_mixin.py:109} INFO - [2022-02-05 19:56:23,263] {dag.py:2396} INFO - Sync 1 DAGs
[2022-02-05 19:56:23,278] {logging_mixin.py:109} INFO - [2022-02-05 19:56:23,277] {dag.py:2935} INFO - Setting next_dagrun for example_complex to None
[2022-02-05 19:56:23,294] {processor.py:171} INFO - Processing /home/airflow/.local/lib/python3.7/site-packages/airflow/example_dags/example_complex.py took 0.081 seconds
