[2022-02-05 19:21:05,038] {processor.py:163} INFO - Started process (PID=69) to work on /home/airflow/.local/lib/python3.7/site-packages/airflow/example_dags/example_xcomargs.py
[2022-02-05 19:21:05,039] {processor.py:642} INFO - Processing file /home/airflow/.local/lib/python3.7/site-packages/airflow/example_dags/example_xcomargs.py for tasks to queue
[2022-02-05 19:21:05,040] {logging_mixin.py:109} INFO - [2022-02-05 19:21:05,040] {dagbag.py:500} INFO - Filling up the DagBag from /home/airflow/.local/lib/python3.7/site-packages/airflow/example_dags/example_xcomargs.py
[2022-02-05 19:21:05,086] {processor.py:654} INFO - DAG(s) dict_keys(['example_xcom_args', 'example_xcom_args_with_operators']) retrieved from /home/airflow/.local/lib/python3.7/site-packages/airflow/example_dags/example_xcomargs.py
[2022-02-05 19:21:05,473] {logging_mixin.py:109} INFO - [2022-02-05 19:21:05,473] {dag.py:2396} INFO - Sync 2 DAGs
[2022-02-05 19:21:05,498] {logging_mixin.py:109} INFO - [2022-02-05 19:21:05,497] {dag.py:2935} INFO - Setting next_dagrun for example_xcom_args to None
[2022-02-05 19:21:05,498] {logging_mixin.py:109} INFO - [2022-02-05 19:21:05,498] {dag.py:2935} INFO - Setting next_dagrun for example_xcom_args_with_operators to None
[2022-02-05 19:21:05,521] {processor.py:171} INFO - Processing /home/airflow/.local/lib/python3.7/site-packages/airflow/example_dags/example_xcomargs.py took 0.487 seconds
[2022-02-05 19:21:36,369] {processor.py:163} INFO - Started process (PID=129) to work on /home/airflow/.local/lib/python3.7/site-packages/airflow/example_dags/example_xcomargs.py
[2022-02-05 19:21:36,370] {processor.py:642} INFO - Processing file /home/airflow/.local/lib/python3.7/site-packages/airflow/example_dags/example_xcomargs.py for tasks to queue
[2022-02-05 19:21:36,371] {logging_mixin.py:109} INFO - [2022-02-05 19:21:36,371] {dagbag.py:500} INFO - Filling up the DagBag from /home/airflow/.local/lib/python3.7/site-packages/airflow/example_dags/example_xcomargs.py
[2022-02-05 19:21:36,417] {processor.py:654} INFO - DAG(s) dict_keys(['example_xcom_args', 'example_xcom_args_with_operators']) retrieved from /home/airflow/.local/lib/python3.7/site-packages/airflow/example_dags/example_xcomargs.py
[2022-02-05 19:21:36,911] {logging_mixin.py:109} INFO - [2022-02-05 19:21:36,910] {dag.py:2396} INFO - Sync 2 DAGs
[2022-02-05 19:21:36,930] {logging_mixin.py:109} INFO - [2022-02-05 19:21:36,930] {dag.py:2935} INFO - Setting next_dagrun for example_xcom_args to None
[2022-02-05 19:21:36,930] {logging_mixin.py:109} INFO - [2022-02-05 19:21:36,930] {dag.py:2935} INFO - Setting next_dagrun for example_xcom_args_with_operators to None
[2022-02-05 19:21:36,947] {processor.py:171} INFO - Processing /home/airflow/.local/lib/python3.7/site-packages/airflow/example_dags/example_xcomargs.py took 0.582 seconds
[2022-02-05 19:22:08,832] {processor.py:163} INFO - Started process (PID=182) to work on /home/airflow/.local/lib/python3.7/site-packages/airflow/example_dags/example_xcomargs.py
[2022-02-05 19:22:08,834] {processor.py:642} INFO - Processing file /home/airflow/.local/lib/python3.7/site-packages/airflow/example_dags/example_xcomargs.py for tasks to queue
[2022-02-05 19:22:08,835] {logging_mixin.py:109} INFO - [2022-02-05 19:22:08,835] {dagbag.py:500} INFO - Filling up the DagBag from /home/airflow/.local/lib/python3.7/site-packages/airflow/example_dags/example_xcomargs.py
[2022-02-05 19:22:08,892] {processor.py:654} INFO - DAG(s) dict_keys(['example_xcom_args', 'example_xcom_args_with_operators']) retrieved from /home/airflow/.local/lib/python3.7/site-packages/airflow/example_dags/example_xcomargs.py
[2022-02-05 19:22:09,319] {logging_mixin.py:109} INFO - [2022-02-05 19:22:09,319] {dag.py:2396} INFO - Sync 2 DAGs
[2022-02-05 19:22:09,337] {logging_mixin.py:109} INFO - [2022-02-05 19:22:09,337] {dag.py:2935} INFO - Setting next_dagrun for example_xcom_args to None
[2022-02-05 19:22:09,337] {logging_mixin.py:109} INFO - [2022-02-05 19:22:09,337] {dag.py:2935} INFO - Setting next_dagrun for example_xcom_args_with_operators to None
[2022-02-05 19:22:09,352] {processor.py:171} INFO - Processing /home/airflow/.local/lib/python3.7/site-packages/airflow/example_dags/example_xcomargs.py took 0.527 seconds
[2022-02-05 19:22:39,927] {processor.py:163} INFO - Started process (PID=248) to work on /home/airflow/.local/lib/python3.7/site-packages/airflow/example_dags/example_xcomargs.py
[2022-02-05 19:22:39,929] {processor.py:642} INFO - Processing file /home/airflow/.local/lib/python3.7/site-packages/airflow/example_dags/example_xcomargs.py for tasks to queue
[2022-02-05 19:22:39,931] {logging_mixin.py:109} INFO - [2022-02-05 19:22:39,930] {dagbag.py:500} INFO - Filling up the DagBag from /home/airflow/.local/lib/python3.7/site-packages/airflow/example_dags/example_xcomargs.py
[2022-02-05 19:22:39,999] {processor.py:654} INFO - DAG(s) dict_keys(['example_xcom_args', 'example_xcom_args_with_operators']) retrieved from /home/airflow/.local/lib/python3.7/site-packages/airflow/example_dags/example_xcomargs.py
[2022-02-05 19:22:40,446] {logging_mixin.py:109} INFO - [2022-02-05 19:22:40,445] {dag.py:2396} INFO - Sync 2 DAGs
[2022-02-05 19:22:40,466] {logging_mixin.py:109} INFO - [2022-02-05 19:22:40,466] {dag.py:2935} INFO - Setting next_dagrun for example_xcom_args to None
[2022-02-05 19:22:40,467] {logging_mixin.py:109} INFO - [2022-02-05 19:22:40,466] {dag.py:2935} INFO - Setting next_dagrun for example_xcom_args_with_operators to None
[2022-02-05 19:22:40,483] {processor.py:171} INFO - Processing /home/airflow/.local/lib/python3.7/site-packages/airflow/example_dags/example_xcomargs.py took 0.564 seconds
[2022-02-05 19:23:10,649] {processor.py:163} INFO - Started process (PID=301) to work on /home/airflow/.local/lib/python3.7/site-packages/airflow/example_dags/example_xcomargs.py
[2022-02-05 19:23:10,656] {processor.py:642} INFO - Processing file /home/airflow/.local/lib/python3.7/site-packages/airflow/example_dags/example_xcomargs.py for tasks to queue
[2022-02-05 19:23:10,658] {logging_mixin.py:109} INFO - [2022-02-05 19:23:10,657] {dagbag.py:500} INFO - Filling up the DagBag from /home/airflow/.local/lib/python3.7/site-packages/airflow/example_dags/example_xcomargs.py
[2022-02-05 19:23:10,716] {processor.py:654} INFO - DAG(s) dict_keys(['example_xcom_args', 'example_xcom_args_with_operators']) retrieved from /home/airflow/.local/lib/python3.7/site-packages/airflow/example_dags/example_xcomargs.py
[2022-02-05 19:23:11,166] {logging_mixin.py:109} INFO - [2022-02-05 19:23:11,166] {dag.py:2396} INFO - Sync 2 DAGs
[2022-02-05 19:23:11,193] {logging_mixin.py:109} INFO - [2022-02-05 19:23:11,193] {dag.py:2935} INFO - Setting next_dagrun for example_xcom_args to None
[2022-02-05 19:23:11,194] {logging_mixin.py:109} INFO - [2022-02-05 19:23:11,194] {dag.py:2935} INFO - Setting next_dagrun for example_xcom_args_with_operators to None
[2022-02-05 19:23:11,208] {processor.py:171} INFO - Processing /home/airflow/.local/lib/python3.7/site-packages/airflow/example_dags/example_xcomargs.py took 0.566 seconds
[2022-02-05 19:23:41,724] {processor.py:163} INFO - Started process (PID=354) to work on /home/airflow/.local/lib/python3.7/site-packages/airflow/example_dags/example_xcomargs.py
[2022-02-05 19:23:41,727] {processor.py:642} INFO - Processing file /home/airflow/.local/lib/python3.7/site-packages/airflow/example_dags/example_xcomargs.py for tasks to queue
[2022-02-05 19:23:41,728] {logging_mixin.py:109} INFO - [2022-02-05 19:23:41,728] {dagbag.py:500} INFO - Filling up the DagBag from /home/airflow/.local/lib/python3.7/site-packages/airflow/example_dags/example_xcomargs.py
[2022-02-05 19:23:41,822] {processor.py:654} INFO - DAG(s) dict_keys(['example_xcom_args', 'example_xcom_args_with_operators']) retrieved from /home/airflow/.local/lib/python3.7/site-packages/airflow/example_dags/example_xcomargs.py
[2022-02-05 19:23:42,356] {logging_mixin.py:109} INFO - [2022-02-05 19:23:42,356] {dag.py:2396} INFO - Sync 2 DAGs
[2022-02-05 19:23:42,384] {logging_mixin.py:109} INFO - [2022-02-05 19:23:42,384] {dag.py:2935} INFO - Setting next_dagrun for example_xcom_args to None
[2022-02-05 19:23:42,385] {logging_mixin.py:109} INFO - [2022-02-05 19:23:42,385] {dag.py:2935} INFO - Setting next_dagrun for example_xcom_args_with_operators to None
[2022-02-05 19:23:42,405] {processor.py:171} INFO - Processing /home/airflow/.local/lib/python3.7/site-packages/airflow/example_dags/example_xcomargs.py took 0.688 seconds
[2022-02-05 19:24:13,028] {processor.py:163} INFO - Started process (PID=417) to work on /home/airflow/.local/lib/python3.7/site-packages/airflow/example_dags/example_xcomargs.py
[2022-02-05 19:24:13,029] {processor.py:642} INFO - Processing file /home/airflow/.local/lib/python3.7/site-packages/airflow/example_dags/example_xcomargs.py for tasks to queue
[2022-02-05 19:24:13,030] {logging_mixin.py:109} INFO - [2022-02-05 19:24:13,030] {dagbag.py:500} INFO - Filling up the DagBag from /home/airflow/.local/lib/python3.7/site-packages/airflow/example_dags/example_xcomargs.py
[2022-02-05 19:24:13,057] {processor.py:654} INFO - DAG(s) dict_keys(['example_xcom_args', 'example_xcom_args_with_operators']) retrieved from /home/airflow/.local/lib/python3.7/site-packages/airflow/example_dags/example_xcomargs.py
[2022-02-05 19:24:13,324] {logging_mixin.py:109} INFO - [2022-02-05 19:24:13,324] {dag.py:2396} INFO - Sync 2 DAGs
[2022-02-05 19:24:13,336] {logging_mixin.py:109} INFO - [2022-02-05 19:24:13,336] {dag.py:2935} INFO - Setting next_dagrun for example_xcom_args to None
[2022-02-05 19:24:13,337] {logging_mixin.py:109} INFO - [2022-02-05 19:24:13,337] {dag.py:2935} INFO - Setting next_dagrun for example_xcom_args_with_operators to None
[2022-02-05 19:24:13,350] {processor.py:171} INFO - Processing /home/airflow/.local/lib/python3.7/site-packages/airflow/example_dags/example_xcomargs.py took 0.324 seconds
[2022-02-05 19:24:43,376] {processor.py:163} INFO - Started process (PID=468) to work on /home/airflow/.local/lib/python3.7/site-packages/airflow/example_dags/example_xcomargs.py
[2022-02-05 19:24:43,378] {processor.py:642} INFO - Processing file /home/airflow/.local/lib/python3.7/site-packages/airflow/example_dags/example_xcomargs.py for tasks to queue
[2022-02-05 19:24:43,379] {logging_mixin.py:109} INFO - [2022-02-05 19:24:43,379] {dagbag.py:500} INFO - Filling up the DagBag from /home/airflow/.local/lib/python3.7/site-packages/airflow/example_dags/example_xcomargs.py
[2022-02-05 19:24:43,431] {processor.py:654} INFO - DAG(s) dict_keys(['example_xcom_args', 'example_xcom_args_with_operators']) retrieved from /home/airflow/.local/lib/python3.7/site-packages/airflow/example_dags/example_xcomargs.py
[2022-02-05 19:24:43,870] {logging_mixin.py:109} INFO - [2022-02-05 19:24:43,870] {dag.py:2396} INFO - Sync 2 DAGs
[2022-02-05 19:24:43,891] {logging_mixin.py:109} INFO - [2022-02-05 19:24:43,890] {dag.py:2935} INFO - Setting next_dagrun for example_xcom_args to None
[2022-02-05 19:24:43,891] {logging_mixin.py:109} INFO - [2022-02-05 19:24:43,891] {dag.py:2935} INFO - Setting next_dagrun for example_xcom_args_with_operators to None
[2022-02-05 19:24:43,907] {processor.py:171} INFO - Processing /home/airflow/.local/lib/python3.7/site-packages/airflow/example_dags/example_xcomargs.py took 0.537 seconds
[2022-02-05 19:25:14,740] {processor.py:163} INFO - Started process (PID=531) to work on /home/airflow/.local/lib/python3.7/site-packages/airflow/example_dags/example_xcomargs.py
[2022-02-05 19:25:14,742] {processor.py:642} INFO - Processing file /home/airflow/.local/lib/python3.7/site-packages/airflow/example_dags/example_xcomargs.py for tasks to queue
[2022-02-05 19:25:14,744] {logging_mixin.py:109} INFO - [2022-02-05 19:25:14,743] {dagbag.py:500} INFO - Filling up the DagBag from /home/airflow/.local/lib/python3.7/site-packages/airflow/example_dags/example_xcomargs.py
[2022-02-05 19:25:14,779] {processor.py:654} INFO - DAG(s) dict_keys(['example_xcom_args', 'example_xcom_args_with_operators']) retrieved from /home/airflow/.local/lib/python3.7/site-packages/airflow/example_dags/example_xcomargs.py
[2022-02-05 19:25:15,063] {logging_mixin.py:109} INFO - [2022-02-05 19:25:15,063] {dag.py:2396} INFO - Sync 2 DAGs
[2022-02-05 19:25:15,079] {logging_mixin.py:109} INFO - [2022-02-05 19:25:15,079] {dag.py:2935} INFO - Setting next_dagrun for example_xcom_args to None
[2022-02-05 19:25:15,079] {logging_mixin.py:109} INFO - [2022-02-05 19:25:15,079] {dag.py:2935} INFO - Setting next_dagrun for example_xcom_args_with_operators to None
[2022-02-05 19:25:15,094] {processor.py:171} INFO - Processing /home/airflow/.local/lib/python3.7/site-packages/airflow/example_dags/example_xcomargs.py took 0.358 seconds
[2022-02-05 19:25:45,127] {processor.py:163} INFO - Started process (PID=585) to work on /home/airflow/.local/lib/python3.7/site-packages/airflow/example_dags/example_xcomargs.py
[2022-02-05 19:25:45,129] {processor.py:642} INFO - Processing file /home/airflow/.local/lib/python3.7/site-packages/airflow/example_dags/example_xcomargs.py for tasks to queue
[2022-02-05 19:25:45,130] {logging_mixin.py:109} INFO - [2022-02-05 19:25:45,130] {dagbag.py:500} INFO - Filling up the DagBag from /home/airflow/.local/lib/python3.7/site-packages/airflow/example_dags/example_xcomargs.py
[2022-02-05 19:25:45,175] {processor.py:654} INFO - DAG(s) dict_keys(['example_xcom_args', 'example_xcom_args_with_operators']) retrieved from /home/airflow/.local/lib/python3.7/site-packages/airflow/example_dags/example_xcomargs.py
[2022-02-05 19:25:45,559] {logging_mixin.py:109} INFO - [2022-02-05 19:25:45,559] {dag.py:2396} INFO - Sync 2 DAGs
[2022-02-05 19:25:45,576] {logging_mixin.py:109} INFO - [2022-02-05 19:25:45,576] {dag.py:2935} INFO - Setting next_dagrun for example_xcom_args to None
[2022-02-05 19:25:45,577] {logging_mixin.py:109} INFO - [2022-02-05 19:25:45,576] {dag.py:2935} INFO - Setting next_dagrun for example_xcom_args_with_operators to None
[2022-02-05 19:25:45,589] {processor.py:171} INFO - Processing /home/airflow/.local/lib/python3.7/site-packages/airflow/example_dags/example_xcomargs.py took 0.466 seconds
[2022-02-05 19:26:16,290] {processor.py:163} INFO - Started process (PID=647) to work on /home/airflow/.local/lib/python3.7/site-packages/airflow/example_dags/example_xcomargs.py
[2022-02-05 19:26:16,291] {processor.py:642} INFO - Processing file /home/airflow/.local/lib/python3.7/site-packages/airflow/example_dags/example_xcomargs.py for tasks to queue
[2022-02-05 19:26:16,292] {logging_mixin.py:109} INFO - [2022-02-05 19:26:16,292] {dagbag.py:500} INFO - Filling up the DagBag from /home/airflow/.local/lib/python3.7/site-packages/airflow/example_dags/example_xcomargs.py
[2022-02-05 19:26:16,330] {processor.py:654} INFO - DAG(s) dict_keys(['example_xcom_args', 'example_xcom_args_with_operators']) retrieved from /home/airflow/.local/lib/python3.7/site-packages/airflow/example_dags/example_xcomargs.py
[2022-02-05 19:26:16,352] {logging_mixin.py:109} INFO - [2022-02-05 19:26:16,352] {dag.py:2396} INFO - Sync 2 DAGs
[2022-02-05 19:26:16,376] {logging_mixin.py:109} INFO - [2022-02-05 19:26:16,376] {dag.py:2935} INFO - Setting next_dagrun for example_xcom_args to None
[2022-02-05 19:26:16,377] {logging_mixin.py:109} INFO - [2022-02-05 19:26:16,377] {dag.py:2935} INFO - Setting next_dagrun for example_xcom_args_with_operators to None
[2022-02-05 19:26:16,391] {processor.py:171} INFO - Processing /home/airflow/.local/lib/python3.7/site-packages/airflow/example_dags/example_xcomargs.py took 0.106 seconds
[2022-02-05 19:26:46,890] {processor.py:163} INFO - Started process (PID=702) to work on /home/airflow/.local/lib/python3.7/site-packages/airflow/example_dags/example_xcomargs.py
[2022-02-05 19:26:46,891] {processor.py:642} INFO - Processing file /home/airflow/.local/lib/python3.7/site-packages/airflow/example_dags/example_xcomargs.py for tasks to queue
[2022-02-05 19:26:46,891] {logging_mixin.py:109} INFO - [2022-02-05 19:26:46,891] {dagbag.py:500} INFO - Filling up the DagBag from /home/airflow/.local/lib/python3.7/site-packages/airflow/example_dags/example_xcomargs.py
[2022-02-05 19:26:46,920] {processor.py:654} INFO - DAG(s) dict_keys(['example_xcom_args', 'example_xcom_args_with_operators']) retrieved from /home/airflow/.local/lib/python3.7/site-packages/airflow/example_dags/example_xcomargs.py
[2022-02-05 19:26:47,150] {logging_mixin.py:109} INFO - [2022-02-05 19:26:47,150] {dag.py:2396} INFO - Sync 2 DAGs
[2022-02-05 19:26:47,163] {logging_mixin.py:109} INFO - [2022-02-05 19:26:47,163] {dag.py:2935} INFO - Setting next_dagrun for example_xcom_args to None
[2022-02-05 19:26:47,163] {logging_mixin.py:109} INFO - [2022-02-05 19:26:47,163] {dag.py:2935} INFO - Setting next_dagrun for example_xcom_args_with_operators to None
[2022-02-05 19:26:47,175] {processor.py:171} INFO - Processing /home/airflow/.local/lib/python3.7/site-packages/airflow/example_dags/example_xcomargs.py took 0.288 seconds
[2022-02-05 19:27:17,788] {processor.py:163} INFO - Started process (PID=764) to work on /home/airflow/.local/lib/python3.7/site-packages/airflow/example_dags/example_xcomargs.py
[2022-02-05 19:27:17,794] {processor.py:642} INFO - Processing file /home/airflow/.local/lib/python3.7/site-packages/airflow/example_dags/example_xcomargs.py for tasks to queue
[2022-02-05 19:27:17,796] {logging_mixin.py:109} INFO - [2022-02-05 19:27:17,796] {dagbag.py:500} INFO - Filling up the DagBag from /home/airflow/.local/lib/python3.7/site-packages/airflow/example_dags/example_xcomargs.py
[2022-02-05 19:27:17,874] {processor.py:654} INFO - DAG(s) dict_keys(['example_xcom_args', 'example_xcom_args_with_operators']) retrieved from /home/airflow/.local/lib/python3.7/site-packages/airflow/example_dags/example_xcomargs.py
[2022-02-05 19:27:18,437] {logging_mixin.py:109} INFO - [2022-02-05 19:27:18,437] {dag.py:2396} INFO - Sync 2 DAGs
[2022-02-05 19:27:18,494] {logging_mixin.py:109} INFO - [2022-02-05 19:27:18,493] {dag.py:2935} INFO - Setting next_dagrun for example_xcom_args to None
[2022-02-05 19:27:18,494] {logging_mixin.py:109} INFO - [2022-02-05 19:27:18,494] {dag.py:2935} INFO - Setting next_dagrun for example_xcom_args_with_operators to None
[2022-02-05 19:27:18,543] {processor.py:171} INFO - Processing /home/airflow/.local/lib/python3.7/site-packages/airflow/example_dags/example_xcomargs.py took 0.775 seconds
[2022-02-05 19:27:48,632] {processor.py:163} INFO - Started process (PID=816) to work on /home/airflow/.local/lib/python3.7/site-packages/airflow/example_dags/example_xcomargs.py
[2022-02-05 19:27:48,633] {processor.py:642} INFO - Processing file /home/airflow/.local/lib/python3.7/site-packages/airflow/example_dags/example_xcomargs.py for tasks to queue
[2022-02-05 19:27:48,634] {logging_mixin.py:109} INFO - [2022-02-05 19:27:48,634] {dagbag.py:500} INFO - Filling up the DagBag from /home/airflow/.local/lib/python3.7/site-packages/airflow/example_dags/example_xcomargs.py
[2022-02-05 19:27:48,674] {processor.py:654} INFO - DAG(s) dict_keys(['example_xcom_args', 'example_xcom_args_with_operators']) retrieved from /home/airflow/.local/lib/python3.7/site-packages/airflow/example_dags/example_xcomargs.py
[2022-02-05 19:27:48,991] {logging_mixin.py:109} INFO - [2022-02-05 19:27:48,991] {dag.py:2396} INFO - Sync 2 DAGs
[2022-02-05 19:27:49,008] {logging_mixin.py:109} INFO - [2022-02-05 19:27:49,008] {dag.py:2935} INFO - Setting next_dagrun for example_xcom_args to None
[2022-02-05 19:27:49,008] {logging_mixin.py:109} INFO - [2022-02-05 19:27:49,008] {dag.py:2935} INFO - Setting next_dagrun for example_xcom_args_with_operators to None
[2022-02-05 19:27:49,022] {processor.py:171} INFO - Processing /home/airflow/.local/lib/python3.7/site-packages/airflow/example_dags/example_xcomargs.py took 0.394 seconds
[2022-02-05 19:28:19,655] {processor.py:163} INFO - Started process (PID=880) to work on /home/airflow/.local/lib/python3.7/site-packages/airflow/example_dags/example_xcomargs.py
[2022-02-05 19:28:19,656] {processor.py:642} INFO - Processing file /home/airflow/.local/lib/python3.7/site-packages/airflow/example_dags/example_xcomargs.py for tasks to queue
[2022-02-05 19:28:19,657] {logging_mixin.py:109} INFO - [2022-02-05 19:28:19,657] {dagbag.py:500} INFO - Filling up the DagBag from /home/airflow/.local/lib/python3.7/site-packages/airflow/example_dags/example_xcomargs.py
[2022-02-05 19:28:19,697] {processor.py:654} INFO - DAG(s) dict_keys(['example_xcom_args', 'example_xcom_args_with_operators']) retrieved from /home/airflow/.local/lib/python3.7/site-packages/airflow/example_dags/example_xcomargs.py
[2022-02-05 19:28:20,002] {logging_mixin.py:109} INFO - [2022-02-05 19:28:20,002] {dag.py:2396} INFO - Sync 2 DAGs
[2022-02-05 19:28:20,018] {logging_mixin.py:109} INFO - [2022-02-05 19:28:20,017] {dag.py:2935} INFO - Setting next_dagrun for example_xcom_args to None
[2022-02-05 19:28:20,018] {logging_mixin.py:109} INFO - [2022-02-05 19:28:20,018] {dag.py:2935} INFO - Setting next_dagrun for example_xcom_args_with_operators to None
[2022-02-05 19:28:20,031] {processor.py:171} INFO - Processing /home/airflow/.local/lib/python3.7/site-packages/airflow/example_dags/example_xcomargs.py took 0.381 seconds
[2022-02-05 19:28:50,117] {processor.py:163} INFO - Started process (PID=933) to work on /home/airflow/.local/lib/python3.7/site-packages/airflow/example_dags/example_xcomargs.py
[2022-02-05 19:28:50,119] {processor.py:642} INFO - Processing file /home/airflow/.local/lib/python3.7/site-packages/airflow/example_dags/example_xcomargs.py for tasks to queue
[2022-02-05 19:28:50,120] {logging_mixin.py:109} INFO - [2022-02-05 19:28:50,119] {dagbag.py:500} INFO - Filling up the DagBag from /home/airflow/.local/lib/python3.7/site-packages/airflow/example_dags/example_xcomargs.py
[2022-02-05 19:28:50,162] {processor.py:654} INFO - DAG(s) dict_keys(['example_xcom_args', 'example_xcom_args_with_operators']) retrieved from /home/airflow/.local/lib/python3.7/site-packages/airflow/example_dags/example_xcomargs.py
[2022-02-05 19:28:50,533] {logging_mixin.py:109} INFO - [2022-02-05 19:28:50,533] {dag.py:2396} INFO - Sync 2 DAGs
[2022-02-05 19:28:50,550] {logging_mixin.py:109} INFO - [2022-02-05 19:28:50,550] {dag.py:2935} INFO - Setting next_dagrun for example_xcom_args to None
[2022-02-05 19:28:50,550] {logging_mixin.py:109} INFO - [2022-02-05 19:28:50,550] {dag.py:2935} INFO - Setting next_dagrun for example_xcom_args_with_operators to None
[2022-02-05 19:28:50,564] {processor.py:171} INFO - Processing /home/airflow/.local/lib/python3.7/site-packages/airflow/example_dags/example_xcomargs.py took 0.451 seconds
[2022-02-05 19:29:20,850] {processor.py:163} INFO - Started process (PID=996) to work on /home/airflow/.local/lib/python3.7/site-packages/airflow/example_dags/example_xcomargs.py
[2022-02-05 19:29:20,852] {processor.py:642} INFO - Processing file /home/airflow/.local/lib/python3.7/site-packages/airflow/example_dags/example_xcomargs.py for tasks to queue
[2022-02-05 19:29:20,853] {logging_mixin.py:109} INFO - [2022-02-05 19:29:20,853] {dagbag.py:500} INFO - Filling up the DagBag from /home/airflow/.local/lib/python3.7/site-packages/airflow/example_dags/example_xcomargs.py
[2022-02-05 19:29:20,895] {processor.py:654} INFO - DAG(s) dict_keys(['example_xcom_args', 'example_xcom_args_with_operators']) retrieved from /home/airflow/.local/lib/python3.7/site-packages/airflow/example_dags/example_xcomargs.py
[2022-02-05 19:29:21,250] {logging_mixin.py:109} INFO - [2022-02-05 19:29:21,250] {dag.py:2396} INFO - Sync 2 DAGs
[2022-02-05 19:29:21,267] {logging_mixin.py:109} INFO - [2022-02-05 19:29:21,267] {dag.py:2935} INFO - Setting next_dagrun for example_xcom_args to None
[2022-02-05 19:29:21,267] {logging_mixin.py:109} INFO - [2022-02-05 19:29:21,267] {dag.py:2935} INFO - Setting next_dagrun for example_xcom_args_with_operators to None
[2022-02-05 19:29:21,280] {processor.py:171} INFO - Processing /home/airflow/.local/lib/python3.7/site-packages/airflow/example_dags/example_xcomargs.py took 0.434 seconds
[2022-02-05 19:29:52,202] {processor.py:163} INFO - Started process (PID=1049) to work on /home/airflow/.local/lib/python3.7/site-packages/airflow/example_dags/example_xcomargs.py
[2022-02-05 19:29:52,204] {processor.py:642} INFO - Processing file /home/airflow/.local/lib/python3.7/site-packages/airflow/example_dags/example_xcomargs.py for tasks to queue
[2022-02-05 19:29:52,205] {logging_mixin.py:109} INFO - [2022-02-05 19:29:52,205] {dagbag.py:500} INFO - Filling up the DagBag from /home/airflow/.local/lib/python3.7/site-packages/airflow/example_dags/example_xcomargs.py
[2022-02-05 19:29:52,264] {processor.py:654} INFO - DAG(s) dict_keys(['example_xcom_args', 'example_xcom_args_with_operators']) retrieved from /home/airflow/.local/lib/python3.7/site-packages/airflow/example_dags/example_xcomargs.py
[2022-02-05 19:29:52,696] {logging_mixin.py:109} INFO - [2022-02-05 19:29:52,696] {dag.py:2396} INFO - Sync 2 DAGs
[2022-02-05 19:29:52,721] {logging_mixin.py:109} INFO - [2022-02-05 19:29:52,720] {dag.py:2935} INFO - Setting next_dagrun for example_xcom_args to None
[2022-02-05 19:29:52,721] {logging_mixin.py:109} INFO - [2022-02-05 19:29:52,721] {dag.py:2935} INFO - Setting next_dagrun for example_xcom_args_with_operators to None
[2022-02-05 19:29:52,737] {processor.py:171} INFO - Processing /home/airflow/.local/lib/python3.7/site-packages/airflow/example_dags/example_xcomargs.py took 0.540 seconds
[2022-02-05 19:30:23,580] {processor.py:163} INFO - Started process (PID=1111) to work on /home/airflow/.local/lib/python3.7/site-packages/airflow/example_dags/example_xcomargs.py
[2022-02-05 19:30:23,581] {processor.py:642} INFO - Processing file /home/airflow/.local/lib/python3.7/site-packages/airflow/example_dags/example_xcomargs.py for tasks to queue
[2022-02-05 19:30:23,582] {logging_mixin.py:109} INFO - [2022-02-05 19:30:23,582] {dagbag.py:500} INFO - Filling up the DagBag from /home/airflow/.local/lib/python3.7/site-packages/airflow/example_dags/example_xcomargs.py
[2022-02-05 19:30:23,633] {processor.py:654} INFO - DAG(s) dict_keys(['example_xcom_args', 'example_xcom_args_with_operators']) retrieved from /home/airflow/.local/lib/python3.7/site-packages/airflow/example_dags/example_xcomargs.py
[2022-02-05 19:30:23,935] {logging_mixin.py:109} INFO - [2022-02-05 19:30:23,935] {dag.py:2396} INFO - Sync 2 DAGs
[2022-02-05 19:30:23,951] {logging_mixin.py:109} INFO - [2022-02-05 19:30:23,950] {dag.py:2935} INFO - Setting next_dagrun for example_xcom_args to None
[2022-02-05 19:30:23,951] {logging_mixin.py:109} INFO - [2022-02-05 19:30:23,951] {dag.py:2935} INFO - Setting next_dagrun for example_xcom_args_with_operators to None
[2022-02-05 19:30:23,963] {processor.py:171} INFO - Processing /home/airflow/.local/lib/python3.7/site-packages/airflow/example_dags/example_xcomargs.py took 0.386 seconds
[2022-02-05 19:30:55,070] {processor.py:163} INFO - Started process (PID=1164) to work on /home/airflow/.local/lib/python3.7/site-packages/airflow/example_dags/example_xcomargs.py
[2022-02-05 19:30:55,072] {processor.py:642} INFO - Processing file /home/airflow/.local/lib/python3.7/site-packages/airflow/example_dags/example_xcomargs.py for tasks to queue
[2022-02-05 19:30:55,073] {logging_mixin.py:109} INFO - [2022-02-05 19:30:55,073] {dagbag.py:500} INFO - Filling up the DagBag from /home/airflow/.local/lib/python3.7/site-packages/airflow/example_dags/example_xcomargs.py
[2022-02-05 19:30:55,119] {processor.py:654} INFO - DAG(s) dict_keys(['example_xcom_args', 'example_xcom_args_with_operators']) retrieved from /home/airflow/.local/lib/python3.7/site-packages/airflow/example_dags/example_xcomargs.py
[2022-02-05 19:30:55,506] {logging_mixin.py:109} INFO - [2022-02-05 19:30:55,506] {dag.py:2396} INFO - Sync 2 DAGs
[2022-02-05 19:30:55,524] {logging_mixin.py:109} INFO - [2022-02-05 19:30:55,523] {dag.py:2935} INFO - Setting next_dagrun for example_xcom_args to None
[2022-02-05 19:30:55,524] {logging_mixin.py:109} INFO - [2022-02-05 19:30:55,524] {dag.py:2935} INFO - Setting next_dagrun for example_xcom_args_with_operators to None
[2022-02-05 19:30:55,539] {processor.py:171} INFO - Processing /home/airflow/.local/lib/python3.7/site-packages/airflow/example_dags/example_xcomargs.py took 0.475 seconds
[2022-02-05 19:31:26,399] {processor.py:163} INFO - Started process (PID=1227) to work on /home/airflow/.local/lib/python3.7/site-packages/airflow/example_dags/example_xcomargs.py
[2022-02-05 19:31:26,400] {processor.py:642} INFO - Processing file /home/airflow/.local/lib/python3.7/site-packages/airflow/example_dags/example_xcomargs.py for tasks to queue
[2022-02-05 19:31:26,401] {logging_mixin.py:109} INFO - [2022-02-05 19:31:26,401] {dagbag.py:500} INFO - Filling up the DagBag from /home/airflow/.local/lib/python3.7/site-packages/airflow/example_dags/example_xcomargs.py
[2022-02-05 19:31:26,444] {processor.py:654} INFO - DAG(s) dict_keys(['example_xcom_args', 'example_xcom_args_with_operators']) retrieved from /home/airflow/.local/lib/python3.7/site-packages/airflow/example_dags/example_xcomargs.py
[2022-02-05 19:31:26,824] {logging_mixin.py:109} INFO - [2022-02-05 19:31:26,824] {dag.py:2396} INFO - Sync 2 DAGs
[2022-02-05 19:31:26,844] {logging_mixin.py:109} INFO - [2022-02-05 19:31:26,843] {dag.py:2935} INFO - Setting next_dagrun for example_xcom_args to None
[2022-02-05 19:31:26,844] {logging_mixin.py:109} INFO - [2022-02-05 19:31:26,844] {dag.py:2935} INFO - Setting next_dagrun for example_xcom_args_with_operators to None
[2022-02-05 19:31:26,861] {processor.py:171} INFO - Processing /home/airflow/.local/lib/python3.7/site-packages/airflow/example_dags/example_xcomargs.py took 0.467 seconds
[2022-02-05 19:31:57,358] {processor.py:163} INFO - Started process (PID=1280) to work on /home/airflow/.local/lib/python3.7/site-packages/airflow/example_dags/example_xcomargs.py
[2022-02-05 19:31:57,361] {processor.py:642} INFO - Processing file /home/airflow/.local/lib/python3.7/site-packages/airflow/example_dags/example_xcomargs.py for tasks to queue
[2022-02-05 19:31:57,361] {logging_mixin.py:109} INFO - [2022-02-05 19:31:57,361] {dagbag.py:500} INFO - Filling up the DagBag from /home/airflow/.local/lib/python3.7/site-packages/airflow/example_dags/example_xcomargs.py
[2022-02-05 19:31:57,387] {processor.py:654} INFO - DAG(s) dict_keys(['example_xcom_args', 'example_xcom_args_with_operators']) retrieved from /home/airflow/.local/lib/python3.7/site-packages/airflow/example_dags/example_xcomargs.py
[2022-02-05 19:31:57,654] {logging_mixin.py:109} INFO - [2022-02-05 19:31:57,654] {dag.py:2396} INFO - Sync 2 DAGs
[2022-02-05 19:31:57,668] {logging_mixin.py:109} INFO - [2022-02-05 19:31:57,668] {dag.py:2935} INFO - Setting next_dagrun for example_xcom_args to None
[2022-02-05 19:31:57,668] {logging_mixin.py:109} INFO - [2022-02-05 19:31:57,668] {dag.py:2935} INFO - Setting next_dagrun for example_xcom_args_with_operators to None
[2022-02-05 19:31:57,681] {processor.py:171} INFO - Processing /home/airflow/.local/lib/python3.7/site-packages/airflow/example_dags/example_xcomargs.py took 0.325 seconds
[2022-02-05 19:32:28,044] {processor.py:163} INFO - Started process (PID=1348) to work on /home/airflow/.local/lib/python3.7/site-packages/airflow/example_dags/example_xcomargs.py
[2022-02-05 19:32:28,045] {processor.py:642} INFO - Processing file /home/airflow/.local/lib/python3.7/site-packages/airflow/example_dags/example_xcomargs.py for tasks to queue
[2022-02-05 19:32:28,046] {logging_mixin.py:109} INFO - [2022-02-05 19:32:28,046] {dagbag.py:500} INFO - Filling up the DagBag from /home/airflow/.local/lib/python3.7/site-packages/airflow/example_dags/example_xcomargs.py
[2022-02-05 19:32:28,085] {processor.py:654} INFO - DAG(s) dict_keys(['example_xcom_args', 'example_xcom_args_with_operators']) retrieved from /home/airflow/.local/lib/python3.7/site-packages/airflow/example_dags/example_xcomargs.py
[2022-02-05 19:32:28,450] {logging_mixin.py:109} INFO - [2022-02-05 19:32:28,450] {dag.py:2396} INFO - Sync 2 DAGs
[2022-02-05 19:32:28,465] {logging_mixin.py:109} INFO - [2022-02-05 19:32:28,465] {dag.py:2935} INFO - Setting next_dagrun for example_xcom_args to None
[2022-02-05 19:32:28,465] {logging_mixin.py:109} INFO - [2022-02-05 19:32:28,465] {dag.py:2935} INFO - Setting next_dagrun for example_xcom_args_with_operators to None
[2022-02-05 19:32:28,497] {processor.py:171} INFO - Processing /home/airflow/.local/lib/python3.7/site-packages/airflow/example_dags/example_xcomargs.py took 0.457 seconds
[2022-02-05 19:32:59,435] {processor.py:163} INFO - Started process (PID=1399) to work on /home/airflow/.local/lib/python3.7/site-packages/airflow/example_dags/example_xcomargs.py
[2022-02-05 19:32:59,436] {processor.py:642} INFO - Processing file /home/airflow/.local/lib/python3.7/site-packages/airflow/example_dags/example_xcomargs.py for tasks to queue
[2022-02-05 19:32:59,437] {logging_mixin.py:109} INFO - [2022-02-05 19:32:59,437] {dagbag.py:500} INFO - Filling up the DagBag from /home/airflow/.local/lib/python3.7/site-packages/airflow/example_dags/example_xcomargs.py
[2022-02-05 19:32:59,465] {processor.py:654} INFO - DAG(s) dict_keys(['example_xcom_args', 'example_xcom_args_with_operators']) retrieved from /home/airflow/.local/lib/python3.7/site-packages/airflow/example_dags/example_xcomargs.py
[2022-02-05 19:32:59,703] {logging_mixin.py:109} INFO - [2022-02-05 19:32:59,703] {dag.py:2396} INFO - Sync 2 DAGs
[2022-02-05 19:32:59,713] {logging_mixin.py:109} INFO - [2022-02-05 19:32:59,713] {dag.py:2935} INFO - Setting next_dagrun for example_xcom_args to None
[2022-02-05 19:32:59,713] {logging_mixin.py:109} INFO - [2022-02-05 19:32:59,713] {dag.py:2935} INFO - Setting next_dagrun for example_xcom_args_with_operators to None
[2022-02-05 19:32:59,725] {processor.py:171} INFO - Processing /home/airflow/.local/lib/python3.7/site-packages/airflow/example_dags/example_xcomargs.py took 0.292 seconds
[2022-02-05 19:33:29,835] {processor.py:163} INFO - Started process (PID=1464) to work on /home/airflow/.local/lib/python3.7/site-packages/airflow/example_dags/example_xcomargs.py
[2022-02-05 19:33:29,836] {processor.py:642} INFO - Processing file /home/airflow/.local/lib/python3.7/site-packages/airflow/example_dags/example_xcomargs.py for tasks to queue
[2022-02-05 19:33:29,837] {logging_mixin.py:109} INFO - [2022-02-05 19:33:29,836] {dagbag.py:500} INFO - Filling up the DagBag from /home/airflow/.local/lib/python3.7/site-packages/airflow/example_dags/example_xcomargs.py
[2022-02-05 19:33:29,866] {processor.py:654} INFO - DAG(s) dict_keys(['example_xcom_args', 'example_xcom_args_with_operators']) retrieved from /home/airflow/.local/lib/python3.7/site-packages/airflow/example_dags/example_xcomargs.py
[2022-02-05 19:33:30,096] {logging_mixin.py:109} INFO - [2022-02-05 19:33:30,096] {dag.py:2396} INFO - Sync 2 DAGs
[2022-02-05 19:33:30,107] {logging_mixin.py:109} INFO - [2022-02-05 19:33:30,107] {dag.py:2935} INFO - Setting next_dagrun for example_xcom_args to None
[2022-02-05 19:33:30,107] {logging_mixin.py:109} INFO - [2022-02-05 19:33:30,107] {dag.py:2935} INFO - Setting next_dagrun for example_xcom_args_with_operators to None
[2022-02-05 19:33:30,118] {processor.py:171} INFO - Processing /home/airflow/.local/lib/python3.7/site-packages/airflow/example_dags/example_xcomargs.py took 0.287 seconds
[2022-02-05 19:34:01,010] {processor.py:163} INFO - Started process (PID=1516) to work on /home/airflow/.local/lib/python3.7/site-packages/airflow/example_dags/example_xcomargs.py
[2022-02-05 19:34:01,011] {processor.py:642} INFO - Processing file /home/airflow/.local/lib/python3.7/site-packages/airflow/example_dags/example_xcomargs.py for tasks to queue
[2022-02-05 19:34:01,011] {logging_mixin.py:109} INFO - [2022-02-05 19:34:01,011] {dagbag.py:500} INFO - Filling up the DagBag from /home/airflow/.local/lib/python3.7/site-packages/airflow/example_dags/example_xcomargs.py
[2022-02-05 19:34:01,039] {processor.py:654} INFO - DAG(s) dict_keys(['example_xcom_args', 'example_xcom_args_with_operators']) retrieved from /home/airflow/.local/lib/python3.7/site-packages/airflow/example_dags/example_xcomargs.py
[2022-02-05 19:34:01,283] {logging_mixin.py:109} INFO - [2022-02-05 19:34:01,283] {dag.py:2396} INFO - Sync 2 DAGs
[2022-02-05 19:34:01,294] {logging_mixin.py:109} INFO - [2022-02-05 19:34:01,294] {dag.py:2935} INFO - Setting next_dagrun for example_xcom_args to None
[2022-02-05 19:34:01,294] {logging_mixin.py:109} INFO - [2022-02-05 19:34:01,294] {dag.py:2935} INFO - Setting next_dagrun for example_xcom_args_with_operators to None
[2022-02-05 19:34:01,303] {processor.py:171} INFO - Processing /home/airflow/.local/lib/python3.7/site-packages/airflow/example_dags/example_xcomargs.py took 0.296 seconds
[2022-02-05 19:34:32,100] {processor.py:163} INFO - Started process (PID=1577) to work on /home/airflow/.local/lib/python3.7/site-packages/airflow/example_dags/example_xcomargs.py
[2022-02-05 19:34:32,101] {processor.py:642} INFO - Processing file /home/airflow/.local/lib/python3.7/site-packages/airflow/example_dags/example_xcomargs.py for tasks to queue
[2022-02-05 19:34:32,102] {logging_mixin.py:109} INFO - [2022-02-05 19:34:32,101] {dagbag.py:500} INFO - Filling up the DagBag from /home/airflow/.local/lib/python3.7/site-packages/airflow/example_dags/example_xcomargs.py
[2022-02-05 19:34:32,129] {processor.py:654} INFO - DAG(s) dict_keys(['example_xcom_args', 'example_xcom_args_with_operators']) retrieved from /home/airflow/.local/lib/python3.7/site-packages/airflow/example_dags/example_xcomargs.py
[2022-02-05 19:34:32,139] {logging_mixin.py:109} INFO - [2022-02-05 19:34:32,139] {dag.py:2396} INFO - Sync 2 DAGs
[2022-02-05 19:34:32,151] {logging_mixin.py:109} INFO - [2022-02-05 19:34:32,151] {dag.py:2935} INFO - Setting next_dagrun for example_xcom_args to None
[2022-02-05 19:34:32,151] {logging_mixin.py:109} INFO - [2022-02-05 19:34:32,151] {dag.py:2935} INFO - Setting next_dagrun for example_xcom_args_with_operators to None
[2022-02-05 19:34:32,159] {processor.py:171} INFO - Processing /home/airflow/.local/lib/python3.7/site-packages/airflow/example_dags/example_xcomargs.py took 0.062 seconds
[2022-02-05 19:35:03,056] {processor.py:163} INFO - Started process (PID=1639) to work on /home/airflow/.local/lib/python3.7/site-packages/airflow/example_dags/example_xcomargs.py
[2022-02-05 19:35:03,057] {processor.py:642} INFO - Processing file /home/airflow/.local/lib/python3.7/site-packages/airflow/example_dags/example_xcomargs.py for tasks to queue
[2022-02-05 19:35:03,057] {logging_mixin.py:109} INFO - [2022-02-05 19:35:03,057] {dagbag.py:500} INFO - Filling up the DagBag from /home/airflow/.local/lib/python3.7/site-packages/airflow/example_dags/example_xcomargs.py
[2022-02-05 19:35:03,091] {processor.py:654} INFO - DAG(s) dict_keys(['example_xcom_args', 'example_xcom_args_with_operators']) retrieved from /home/airflow/.local/lib/python3.7/site-packages/airflow/example_dags/example_xcomargs.py
[2022-02-05 19:35:03,440] {logging_mixin.py:109} INFO - [2022-02-05 19:35:03,440] {dag.py:2396} INFO - Sync 2 DAGs
[2022-02-05 19:35:03,466] {logging_mixin.py:109} INFO - [2022-02-05 19:35:03,466] {dag.py:2935} INFO - Setting next_dagrun for example_xcom_args to None
[2022-02-05 19:35:03,467] {logging_mixin.py:109} INFO - [2022-02-05 19:35:03,467] {dag.py:2935} INFO - Setting next_dagrun for example_xcom_args_with_operators to None
[2022-02-05 19:35:03,483] {processor.py:171} INFO - Processing /home/airflow/.local/lib/python3.7/site-packages/airflow/example_dags/example_xcomargs.py took 0.430 seconds
[2022-02-05 19:35:34,269] {processor.py:163} INFO - Started process (PID=1690) to work on /home/airflow/.local/lib/python3.7/site-packages/airflow/example_dags/example_xcomargs.py
[2022-02-05 19:35:34,271] {processor.py:642} INFO - Processing file /home/airflow/.local/lib/python3.7/site-packages/airflow/example_dags/example_xcomargs.py for tasks to queue
[2022-02-05 19:35:34,272] {logging_mixin.py:109} INFO - [2022-02-05 19:35:34,272] {dagbag.py:500} INFO - Filling up the DagBag from /home/airflow/.local/lib/python3.7/site-packages/airflow/example_dags/example_xcomargs.py
[2022-02-05 19:35:34,304] {processor.py:654} INFO - DAG(s) dict_keys(['example_xcom_args', 'example_xcom_args_with_operators']) retrieved from /home/airflow/.local/lib/python3.7/site-packages/airflow/example_dags/example_xcomargs.py
[2022-02-05 19:35:34,588] {logging_mixin.py:109} INFO - [2022-02-05 19:35:34,588] {dag.py:2396} INFO - Sync 2 DAGs
[2022-02-05 19:35:34,601] {logging_mixin.py:109} INFO - [2022-02-05 19:35:34,601] {dag.py:2935} INFO - Setting next_dagrun for example_xcom_args to None
[2022-02-05 19:35:34,602] {logging_mixin.py:109} INFO - [2022-02-05 19:35:34,601] {dag.py:2935} INFO - Setting next_dagrun for example_xcom_args_with_operators to None
[2022-02-05 19:35:34,615] {processor.py:171} INFO - Processing /home/airflow/.local/lib/python3.7/site-packages/airflow/example_dags/example_xcomargs.py took 0.348 seconds
[2022-02-05 19:36:05,352] {processor.py:163} INFO - Started process (PID=1753) to work on /home/airflow/.local/lib/python3.7/site-packages/airflow/example_dags/example_xcomargs.py
[2022-02-05 19:36:05,354] {processor.py:642} INFO - Processing file /home/airflow/.local/lib/python3.7/site-packages/airflow/example_dags/example_xcomargs.py for tasks to queue
[2022-02-05 19:36:05,354] {logging_mixin.py:109} INFO - [2022-02-05 19:36:05,354] {dagbag.py:500} INFO - Filling up the DagBag from /home/airflow/.local/lib/python3.7/site-packages/airflow/example_dags/example_xcomargs.py
[2022-02-05 19:36:05,391] {processor.py:654} INFO - DAG(s) dict_keys(['example_xcom_args', 'example_xcom_args_with_operators']) retrieved from /home/airflow/.local/lib/python3.7/site-packages/airflow/example_dags/example_xcomargs.py
[2022-02-05 19:36:05,700] {logging_mixin.py:109} INFO - [2022-02-05 19:36:05,700] {dag.py:2396} INFO - Sync 2 DAGs
[2022-02-05 19:36:05,717] {logging_mixin.py:109} INFO - [2022-02-05 19:36:05,717] {dag.py:2935} INFO - Setting next_dagrun for example_xcom_args to None
[2022-02-05 19:36:05,718] {logging_mixin.py:109} INFO - [2022-02-05 19:36:05,718] {dag.py:2935} INFO - Setting next_dagrun for example_xcom_args_with_operators to None
[2022-02-05 19:36:05,731] {processor.py:171} INFO - Processing /home/airflow/.local/lib/python3.7/site-packages/airflow/example_dags/example_xcomargs.py took 0.383 seconds
[2022-02-05 19:36:35,764] {processor.py:163} INFO - Started process (PID=1805) to work on /home/airflow/.local/lib/python3.7/site-packages/airflow/example_dags/example_xcomargs.py
[2022-02-05 19:36:35,766] {processor.py:642} INFO - Processing file /home/airflow/.local/lib/python3.7/site-packages/airflow/example_dags/example_xcomargs.py for tasks to queue
[2022-02-05 19:36:35,767] {logging_mixin.py:109} INFO - [2022-02-05 19:36:35,767] {dagbag.py:500} INFO - Filling up the DagBag from /home/airflow/.local/lib/python3.7/site-packages/airflow/example_dags/example_xcomargs.py
[2022-02-05 19:36:35,794] {processor.py:654} INFO - DAG(s) dict_keys(['example_xcom_args', 'example_xcom_args_with_operators']) retrieved from /home/airflow/.local/lib/python3.7/site-packages/airflow/example_dags/example_xcomargs.py
[2022-02-05 19:36:35,804] {logging_mixin.py:109} INFO - [2022-02-05 19:36:35,804] {dag.py:2396} INFO - Sync 2 DAGs
[2022-02-05 19:36:35,817] {logging_mixin.py:109} INFO - [2022-02-05 19:36:35,817] {dag.py:2935} INFO - Setting next_dagrun for example_xcom_args to None
[2022-02-05 19:36:35,817] {logging_mixin.py:109} INFO - [2022-02-05 19:36:35,817] {dag.py:2935} INFO - Setting next_dagrun for example_xcom_args_with_operators to None
[2022-02-05 19:36:35,826] {processor.py:171} INFO - Processing /home/airflow/.local/lib/python3.7/site-packages/airflow/example_dags/example_xcomargs.py took 0.064 seconds
[2022-02-05 19:37:05,868] {processor.py:163} INFO - Started process (PID=1865) to work on /home/airflow/.local/lib/python3.7/site-packages/airflow/example_dags/example_xcomargs.py
[2022-02-05 19:37:05,869] {processor.py:642} INFO - Processing file /home/airflow/.local/lib/python3.7/site-packages/airflow/example_dags/example_xcomargs.py for tasks to queue
[2022-02-05 19:37:05,870] {logging_mixin.py:109} INFO - [2022-02-05 19:37:05,870] {dagbag.py:500} INFO - Filling up the DagBag from /home/airflow/.local/lib/python3.7/site-packages/airflow/example_dags/example_xcomargs.py
[2022-02-05 19:37:05,896] {processor.py:654} INFO - DAG(s) dict_keys(['example_xcom_args', 'example_xcom_args_with_operators']) retrieved from /home/airflow/.local/lib/python3.7/site-packages/airflow/example_dags/example_xcomargs.py
[2022-02-05 19:37:06,114] {logging_mixin.py:109} INFO - [2022-02-05 19:37:06,114] {dag.py:2396} INFO - Sync 2 DAGs
[2022-02-05 19:37:06,125] {logging_mixin.py:109} INFO - [2022-02-05 19:37:06,125] {dag.py:2935} INFO - Setting next_dagrun for example_xcom_args to None
[2022-02-05 19:37:06,125] {logging_mixin.py:109} INFO - [2022-02-05 19:37:06,125] {dag.py:2935} INFO - Setting next_dagrun for example_xcom_args_with_operators to None
[2022-02-05 19:37:06,135] {processor.py:171} INFO - Processing /home/airflow/.local/lib/python3.7/site-packages/airflow/example_dags/example_xcomargs.py took 0.270 seconds
[2022-02-05 19:37:36,228] {processor.py:163} INFO - Started process (PID=1918) to work on /home/airflow/.local/lib/python3.7/site-packages/airflow/example_dags/example_xcomargs.py
[2022-02-05 19:37:36,231] {processor.py:642} INFO - Processing file /home/airflow/.local/lib/python3.7/site-packages/airflow/example_dags/example_xcomargs.py for tasks to queue
[2022-02-05 19:37:36,232] {logging_mixin.py:109} INFO - [2022-02-05 19:37:36,231] {dagbag.py:500} INFO - Filling up the DagBag from /home/airflow/.local/lib/python3.7/site-packages/airflow/example_dags/example_xcomargs.py
[2022-02-05 19:37:36,284] {processor.py:654} INFO - DAG(s) dict_keys(['example_xcom_args', 'example_xcom_args_with_operators']) retrieved from /home/airflow/.local/lib/python3.7/site-packages/airflow/example_dags/example_xcomargs.py
[2022-02-05 19:37:36,642] {logging_mixin.py:109} INFO - [2022-02-05 19:37:36,642] {dag.py:2396} INFO - Sync 2 DAGs
[2022-02-05 19:37:36,658] {logging_mixin.py:109} INFO - [2022-02-05 19:37:36,658] {dag.py:2935} INFO - Setting next_dagrun for example_xcom_args to None
[2022-02-05 19:37:36,658] {logging_mixin.py:109} INFO - [2022-02-05 19:37:36,658] {dag.py:2935} INFO - Setting next_dagrun for example_xcom_args_with_operators to None
[2022-02-05 19:37:36,672] {processor.py:171} INFO - Processing /home/airflow/.local/lib/python3.7/site-packages/airflow/example_dags/example_xcomargs.py took 0.448 seconds
[2022-02-05 19:38:07,081] {processor.py:163} INFO - Started process (PID=1981) to work on /home/airflow/.local/lib/python3.7/site-packages/airflow/example_dags/example_xcomargs.py
[2022-02-05 19:38:07,082] {processor.py:642} INFO - Processing file /home/airflow/.local/lib/python3.7/site-packages/airflow/example_dags/example_xcomargs.py for tasks to queue
[2022-02-05 19:38:07,083] {logging_mixin.py:109} INFO - [2022-02-05 19:38:07,083] {dagbag.py:500} INFO - Filling up the DagBag from /home/airflow/.local/lib/python3.7/site-packages/airflow/example_dags/example_xcomargs.py
[2022-02-05 19:38:07,111] {processor.py:654} INFO - DAG(s) dict_keys(['example_xcom_args', 'example_xcom_args_with_operators']) retrieved from /home/airflow/.local/lib/python3.7/site-packages/airflow/example_dags/example_xcomargs.py
[2022-02-05 19:38:07,337] {logging_mixin.py:109} INFO - [2022-02-05 19:38:07,337] {dag.py:2396} INFO - Sync 2 DAGs
[2022-02-05 19:38:07,347] {logging_mixin.py:109} INFO - [2022-02-05 19:38:07,347] {dag.py:2935} INFO - Setting next_dagrun for example_xcom_args to None
[2022-02-05 19:38:07,347] {logging_mixin.py:109} INFO - [2022-02-05 19:38:07,347] {dag.py:2935} INFO - Setting next_dagrun for example_xcom_args_with_operators to None
[2022-02-05 19:38:07,357] {processor.py:171} INFO - Processing /home/airflow/.local/lib/python3.7/site-packages/airflow/example_dags/example_xcomargs.py took 0.278 seconds
[2022-02-05 19:38:37,515] {processor.py:163} INFO - Started process (PID=2035) to work on /home/airflow/.local/lib/python3.7/site-packages/airflow/example_dags/example_xcomargs.py
[2022-02-05 19:38:37,518] {processor.py:642} INFO - Processing file /home/airflow/.local/lib/python3.7/site-packages/airflow/example_dags/example_xcomargs.py for tasks to queue
[2022-02-05 19:38:37,519] {logging_mixin.py:109} INFO - [2022-02-05 19:38:37,518] {dagbag.py:500} INFO - Filling up the DagBag from /home/airflow/.local/lib/python3.7/site-packages/airflow/example_dags/example_xcomargs.py
[2022-02-05 19:38:37,548] {processor.py:654} INFO - DAG(s) dict_keys(['example_xcom_args', 'example_xcom_args_with_operators']) retrieved from /home/airflow/.local/lib/python3.7/site-packages/airflow/example_dags/example_xcomargs.py
[2022-02-05 19:38:37,874] {logging_mixin.py:109} INFO - [2022-02-05 19:38:37,874] {dag.py:2396} INFO - Sync 2 DAGs
[2022-02-05 19:38:37,894] {logging_mixin.py:109} INFO - [2022-02-05 19:38:37,894] {dag.py:2935} INFO - Setting next_dagrun for example_xcom_args to None
[2022-02-05 19:38:37,894] {logging_mixin.py:109} INFO - [2022-02-05 19:38:37,894] {dag.py:2935} INFO - Setting next_dagrun for example_xcom_args_with_operators to None
[2022-02-05 19:38:37,913] {processor.py:171} INFO - Processing /home/airflow/.local/lib/python3.7/site-packages/airflow/example_dags/example_xcomargs.py took 0.401 seconds
[2022-02-05 19:39:08,191] {processor.py:163} INFO - Started process (PID=2099) to work on /home/airflow/.local/lib/python3.7/site-packages/airflow/example_dags/example_xcomargs.py
[2022-02-05 19:39:08,193] {processor.py:642} INFO - Processing file /home/airflow/.local/lib/python3.7/site-packages/airflow/example_dags/example_xcomargs.py for tasks to queue
[2022-02-05 19:39:08,194] {logging_mixin.py:109} INFO - [2022-02-05 19:39:08,194] {dagbag.py:500} INFO - Filling up the DagBag from /home/airflow/.local/lib/python3.7/site-packages/airflow/example_dags/example_xcomargs.py
[2022-02-05 19:39:08,223] {processor.py:654} INFO - DAG(s) dict_keys(['example_xcom_args', 'example_xcom_args_with_operators']) retrieved from /home/airflow/.local/lib/python3.7/site-packages/airflow/example_dags/example_xcomargs.py
[2022-02-05 19:39:08,234] {logging_mixin.py:109} INFO - [2022-02-05 19:39:08,234] {dag.py:2396} INFO - Sync 2 DAGs
[2022-02-05 19:39:08,340] {logging_mixin.py:109} INFO - [2022-02-05 19:39:08,340] {dag.py:2935} INFO - Setting next_dagrun for example_xcom_args to None
[2022-02-05 19:39:08,340] {logging_mixin.py:109} INFO - [2022-02-05 19:39:08,340] {dag.py:2935} INFO - Setting next_dagrun for example_xcom_args_with_operators to None
[2022-02-05 19:39:08,350] {processor.py:171} INFO - Processing /home/airflow/.local/lib/python3.7/site-packages/airflow/example_dags/example_xcomargs.py took 0.162 seconds
[2022-02-05 19:39:38,906] {processor.py:163} INFO - Started process (PID=2155) to work on /home/airflow/.local/lib/python3.7/site-packages/airflow/example_dags/example_xcomargs.py
[2022-02-05 19:39:38,911] {processor.py:642} INFO - Processing file /home/airflow/.local/lib/python3.7/site-packages/airflow/example_dags/example_xcomargs.py for tasks to queue
[2022-02-05 19:39:38,912] {logging_mixin.py:109} INFO - [2022-02-05 19:39:38,912] {dagbag.py:500} INFO - Filling up the DagBag from /home/airflow/.local/lib/python3.7/site-packages/airflow/example_dags/example_xcomargs.py
[2022-02-05 19:39:38,961] {processor.py:654} INFO - DAG(s) dict_keys(['example_xcom_args', 'example_xcom_args_with_operators']) retrieved from /home/airflow/.local/lib/python3.7/site-packages/airflow/example_dags/example_xcomargs.py
[2022-02-05 19:39:39,331] {logging_mixin.py:109} INFO - [2022-02-05 19:39:39,331] {dag.py:2396} INFO - Sync 2 DAGs
[2022-02-05 19:39:39,352] {logging_mixin.py:109} INFO - [2022-02-05 19:39:39,352] {dag.py:2935} INFO - Setting next_dagrun for example_xcom_args to None
[2022-02-05 19:39:39,352] {logging_mixin.py:109} INFO - [2022-02-05 19:39:39,352] {dag.py:2935} INFO - Setting next_dagrun for example_xcom_args_with_operators to None
[2022-02-05 19:39:39,371] {processor.py:171} INFO - Processing /home/airflow/.local/lib/python3.7/site-packages/airflow/example_dags/example_xcomargs.py took 0.470 seconds
[2022-02-05 19:40:10,120] {processor.py:163} INFO - Started process (PID=2219) to work on /home/airflow/.local/lib/python3.7/site-packages/airflow/example_dags/example_xcomargs.py
[2022-02-05 19:40:10,144] {processor.py:642} INFO - Processing file /home/airflow/.local/lib/python3.7/site-packages/airflow/example_dags/example_xcomargs.py for tasks to queue
[2022-02-05 19:40:10,145] {logging_mixin.py:109} INFO - [2022-02-05 19:40:10,145] {dagbag.py:500} INFO - Filling up the DagBag from /home/airflow/.local/lib/python3.7/site-packages/airflow/example_dags/example_xcomargs.py
[2022-02-05 19:40:10,324] {processor.py:654} INFO - DAG(s) dict_keys(['example_xcom_args', 'example_xcom_args_with_operators']) retrieved from /home/airflow/.local/lib/python3.7/site-packages/airflow/example_dags/example_xcomargs.py
[2022-02-05 19:40:10,431] {logging_mixin.py:109} INFO - [2022-02-05 19:40:10,431] {dag.py:2396} INFO - Sync 2 DAGs
[2022-02-05 19:40:10,692] {logging_mixin.py:109} INFO - [2022-02-05 19:40:10,692] {dag.py:2935} INFO - Setting next_dagrun for example_xcom_args to None
[2022-02-05 19:40:10,693] {logging_mixin.py:109} INFO - [2022-02-05 19:40:10,693] {dag.py:2935} INFO - Setting next_dagrun for example_xcom_args_with_operators to None
[2022-02-05 19:40:10,725] {processor.py:171} INFO - Processing /home/airflow/.local/lib/python3.7/site-packages/airflow/example_dags/example_xcomargs.py took 0.611 seconds
[2022-02-05 19:40:40,874] {processor.py:163} INFO - Started process (PID=2275) to work on /home/airflow/.local/lib/python3.7/site-packages/airflow/example_dags/example_xcomargs.py
[2022-02-05 19:40:40,878] {processor.py:642} INFO - Processing file /home/airflow/.local/lib/python3.7/site-packages/airflow/example_dags/example_xcomargs.py for tasks to queue
[2022-02-05 19:40:40,879] {logging_mixin.py:109} INFO - [2022-02-05 19:40:40,879] {dagbag.py:500} INFO - Filling up the DagBag from /home/airflow/.local/lib/python3.7/site-packages/airflow/example_dags/example_xcomargs.py
[2022-02-05 19:40:40,941] {processor.py:654} INFO - DAG(s) dict_keys(['example_xcom_args', 'example_xcom_args_with_operators']) retrieved from /home/airflow/.local/lib/python3.7/site-packages/airflow/example_dags/example_xcomargs.py
[2022-02-05 19:40:41,340] {logging_mixin.py:109} INFO - [2022-02-05 19:40:41,340] {dag.py:2396} INFO - Sync 2 DAGs
[2022-02-05 19:40:41,361] {logging_mixin.py:109} INFO - [2022-02-05 19:40:41,361] {dag.py:2935} INFO - Setting next_dagrun for example_xcom_args to None
[2022-02-05 19:40:41,361] {logging_mixin.py:109} INFO - [2022-02-05 19:40:41,361] {dag.py:2935} INFO - Setting next_dagrun for example_xcom_args_with_operators to None
[2022-02-05 19:40:41,377] {processor.py:171} INFO - Processing /home/airflow/.local/lib/python3.7/site-packages/airflow/example_dags/example_xcomargs.py took 0.510 seconds
[2022-02-05 19:41:11,973] {processor.py:163} INFO - Started process (PID=2329) to work on /home/airflow/.local/lib/python3.7/site-packages/airflow/example_dags/example_xcomargs.py
[2022-02-05 19:41:11,974] {processor.py:642} INFO - Processing file /home/airflow/.local/lib/python3.7/site-packages/airflow/example_dags/example_xcomargs.py for tasks to queue
[2022-02-05 19:41:11,975] {logging_mixin.py:109} INFO - [2022-02-05 19:41:11,975] {dagbag.py:500} INFO - Filling up the DagBag from /home/airflow/.local/lib/python3.7/site-packages/airflow/example_dags/example_xcomargs.py
[2022-02-05 19:41:12,095] {processor.py:654} INFO - DAG(s) dict_keys(['example_xcom_args', 'example_xcom_args_with_operators']) retrieved from /home/airflow/.local/lib/python3.7/site-packages/airflow/example_dags/example_xcomargs.py
[2022-02-05 19:41:12,290] {logging_mixin.py:109} INFO - [2022-02-05 19:41:12,290] {dag.py:2396} INFO - Sync 2 DAGs
[2022-02-05 19:41:12,310] {logging_mixin.py:109} INFO - [2022-02-05 19:41:12,310] {dag.py:2935} INFO - Setting next_dagrun for example_xcom_args to None
[2022-02-05 19:41:12,311] {logging_mixin.py:109} INFO - [2022-02-05 19:41:12,311] {dag.py:2935} INFO - Setting next_dagrun for example_xcom_args_with_operators to None
[2022-02-05 19:41:12,329] {processor.py:171} INFO - Processing /home/airflow/.local/lib/python3.7/site-packages/airflow/example_dags/example_xcomargs.py took 0.359 seconds
[2022-02-05 19:41:42,526] {processor.py:163} INFO - Started process (PID=2391) to work on /home/airflow/.local/lib/python3.7/site-packages/airflow/example_dags/example_xcomargs.py
[2022-02-05 19:41:42,529] {processor.py:642} INFO - Processing file /home/airflow/.local/lib/python3.7/site-packages/airflow/example_dags/example_xcomargs.py for tasks to queue
[2022-02-05 19:41:42,530] {logging_mixin.py:109} INFO - [2022-02-05 19:41:42,530] {dagbag.py:500} INFO - Filling up the DagBag from /home/airflow/.local/lib/python3.7/site-packages/airflow/example_dags/example_xcomargs.py
[2022-02-05 19:41:42,690] {processor.py:654} INFO - DAG(s) dict_keys(['example_xcom_args', 'example_xcom_args_with_operators']) retrieved from /home/airflow/.local/lib/python3.7/site-packages/airflow/example_dags/example_xcomargs.py
[2022-02-05 19:41:42,959] {logging_mixin.py:109} INFO - [2022-02-05 19:41:42,958] {dag.py:2396} INFO - Sync 2 DAGs
[2022-02-05 19:41:42,975] {logging_mixin.py:109} INFO - [2022-02-05 19:41:42,975] {dag.py:2935} INFO - Setting next_dagrun for example_xcom_args to None
[2022-02-05 19:41:42,975] {logging_mixin.py:109} INFO - [2022-02-05 19:41:42,975] {dag.py:2935} INFO - Setting next_dagrun for example_xcom_args_with_operators to None
[2022-02-05 19:41:42,989] {processor.py:171} INFO - Processing /home/airflow/.local/lib/python3.7/site-packages/airflow/example_dags/example_xcomargs.py took 0.468 seconds
[2022-02-05 19:42:13,311] {processor.py:163} INFO - Started process (PID=2443) to work on /home/airflow/.local/lib/python3.7/site-packages/airflow/example_dags/example_xcomargs.py
[2022-02-05 19:42:13,312] {processor.py:642} INFO - Processing file /home/airflow/.local/lib/python3.7/site-packages/airflow/example_dags/example_xcomargs.py for tasks to queue
[2022-02-05 19:42:13,313] {logging_mixin.py:109} INFO - [2022-02-05 19:42:13,312] {dagbag.py:500} INFO - Filling up the DagBag from /home/airflow/.local/lib/python3.7/site-packages/airflow/example_dags/example_xcomargs.py
[2022-02-05 19:42:13,426] {processor.py:654} INFO - DAG(s) dict_keys(['example_xcom_args', 'example_xcom_args_with_operators']) retrieved from /home/airflow/.local/lib/python3.7/site-packages/airflow/example_dags/example_xcomargs.py
[2022-02-05 19:42:13,605] {logging_mixin.py:109} INFO - [2022-02-05 19:42:13,605] {dag.py:2396} INFO - Sync 2 DAGs
[2022-02-05 19:42:13,618] {logging_mixin.py:109} INFO - [2022-02-05 19:42:13,617] {dag.py:2935} INFO - Setting next_dagrun for example_xcom_args to None
[2022-02-05 19:42:13,618] {logging_mixin.py:109} INFO - [2022-02-05 19:42:13,618] {dag.py:2935} INFO - Setting next_dagrun for example_xcom_args_with_operators to None
[2022-02-05 19:42:13,628] {processor.py:171} INFO - Processing /home/airflow/.local/lib/python3.7/site-packages/airflow/example_dags/example_xcomargs.py took 0.321 seconds
[2022-02-05 19:42:43,747] {processor.py:163} INFO - Started process (PID=2506) to work on /home/airflow/.local/lib/python3.7/site-packages/airflow/example_dags/example_xcomargs.py
[2022-02-05 19:42:43,748] {processor.py:642} INFO - Processing file /home/airflow/.local/lib/python3.7/site-packages/airflow/example_dags/example_xcomargs.py for tasks to queue
[2022-02-05 19:42:43,749] {logging_mixin.py:109} INFO - [2022-02-05 19:42:43,749] {dagbag.py:500} INFO - Filling up the DagBag from /home/airflow/.local/lib/python3.7/site-packages/airflow/example_dags/example_xcomargs.py
[2022-02-05 19:42:43,874] {processor.py:654} INFO - DAG(s) dict_keys(['example_xcom_args', 'example_xcom_args_with_operators']) retrieved from /home/airflow/.local/lib/python3.7/site-packages/airflow/example_dags/example_xcomargs.py
[2022-02-05 19:42:44,062] {logging_mixin.py:109} INFO - [2022-02-05 19:42:44,062] {dag.py:2396} INFO - Sync 2 DAGs
[2022-02-05 19:42:44,076] {logging_mixin.py:109} INFO - [2022-02-05 19:42:44,076] {dag.py:2935} INFO - Setting next_dagrun for example_xcom_args to None
[2022-02-05 19:42:44,076] {logging_mixin.py:109} INFO - [2022-02-05 19:42:44,076] {dag.py:2935} INFO - Setting next_dagrun for example_xcom_args_with_operators to None
[2022-02-05 19:42:44,088] {processor.py:171} INFO - Processing /home/airflow/.local/lib/python3.7/site-packages/airflow/example_dags/example_xcomargs.py took 0.344 seconds
[2022-02-05 19:43:14,561] {processor.py:163} INFO - Started process (PID=2558) to work on /home/airflow/.local/lib/python3.7/site-packages/airflow/example_dags/example_xcomargs.py
[2022-02-05 19:43:14,562] {processor.py:642} INFO - Processing file /home/airflow/.local/lib/python3.7/site-packages/airflow/example_dags/example_xcomargs.py for tasks to queue
[2022-02-05 19:43:14,563] {logging_mixin.py:109} INFO - [2022-02-05 19:43:14,563] {dagbag.py:500} INFO - Filling up the DagBag from /home/airflow/.local/lib/python3.7/site-packages/airflow/example_dags/example_xcomargs.py
[2022-02-05 19:43:14,700] {processor.py:654} INFO - DAG(s) dict_keys(['example_xcom_args', 'example_xcom_args_with_operators']) retrieved from /home/airflow/.local/lib/python3.7/site-packages/airflow/example_dags/example_xcomargs.py
[2022-02-05 19:43:15,011] {logging_mixin.py:109} INFO - [2022-02-05 19:43:15,011] {dag.py:2396} INFO - Sync 2 DAGs
[2022-02-05 19:43:15,036] {logging_mixin.py:109} INFO - [2022-02-05 19:43:15,036] {dag.py:2935} INFO - Setting next_dagrun for example_xcom_args to None
[2022-02-05 19:43:15,036] {logging_mixin.py:109} INFO - [2022-02-05 19:43:15,036] {dag.py:2935} INFO - Setting next_dagrun for example_xcom_args_with_operators to None
[2022-02-05 19:43:15,050] {processor.py:171} INFO - Processing /home/airflow/.local/lib/python3.7/site-packages/airflow/example_dags/example_xcomargs.py took 0.498 seconds
[2022-02-05 19:43:46,018] {processor.py:163} INFO - Started process (PID=2622) to work on /home/airflow/.local/lib/python3.7/site-packages/airflow/example_dags/example_xcomargs.py
[2022-02-05 19:43:46,019] {processor.py:642} INFO - Processing file /home/airflow/.local/lib/python3.7/site-packages/airflow/example_dags/example_xcomargs.py for tasks to queue
[2022-02-05 19:43:46,020] {logging_mixin.py:109} INFO - [2022-02-05 19:43:46,020] {dagbag.py:500} INFO - Filling up the DagBag from /home/airflow/.local/lib/python3.7/site-packages/airflow/example_dags/example_xcomargs.py
[2022-02-05 19:43:46,133] {processor.py:654} INFO - DAG(s) dict_keys(['example_xcom_args', 'example_xcom_args_with_operators']) retrieved from /home/airflow/.local/lib/python3.7/site-packages/airflow/example_dags/example_xcomargs.py
[2022-02-05 19:43:46,288] {logging_mixin.py:109} INFO - [2022-02-05 19:43:46,288] {dag.py:2396} INFO - Sync 2 DAGs
[2022-02-05 19:43:46,298] {logging_mixin.py:109} INFO - [2022-02-05 19:43:46,298] {dag.py:2935} INFO - Setting next_dagrun for example_xcom_args to None
[2022-02-05 19:43:46,298] {logging_mixin.py:109} INFO - [2022-02-05 19:43:46,298] {dag.py:2935} INFO - Setting next_dagrun for example_xcom_args_with_operators to None
[2022-02-05 19:43:46,308] {processor.py:171} INFO - Processing /home/airflow/.local/lib/python3.7/site-packages/airflow/example_dags/example_xcomargs.py took 0.294 seconds
[2022-02-05 19:44:16,425] {processor.py:163} INFO - Started process (PID=2689) to work on /home/airflow/.local/lib/python3.7/site-packages/airflow/example_dags/example_xcomargs.py
[2022-02-05 19:44:16,426] {processor.py:642} INFO - Processing file /home/airflow/.local/lib/python3.7/site-packages/airflow/example_dags/example_xcomargs.py for tasks to queue
[2022-02-05 19:44:16,426] {logging_mixin.py:109} INFO - [2022-02-05 19:44:16,426] {dagbag.py:500} INFO - Filling up the DagBag from /home/airflow/.local/lib/python3.7/site-packages/airflow/example_dags/example_xcomargs.py
[2022-02-05 19:44:16,541] {processor.py:654} INFO - DAG(s) dict_keys(['example_xcom_args', 'example_xcom_args_with_operators']) retrieved from /home/airflow/.local/lib/python3.7/site-packages/airflow/example_dags/example_xcomargs.py
[2022-02-05 19:44:16,717] {logging_mixin.py:109} INFO - [2022-02-05 19:44:16,717] {dag.py:2396} INFO - Sync 2 DAGs
[2022-02-05 19:44:16,729] {logging_mixin.py:109} INFO - [2022-02-05 19:44:16,728] {dag.py:2935} INFO - Setting next_dagrun for example_xcom_args to None
[2022-02-05 19:44:16,729] {logging_mixin.py:109} INFO - [2022-02-05 19:44:16,729] {dag.py:2935} INFO - Setting next_dagrun for example_xcom_args_with_operators to None
[2022-02-05 19:44:16,740] {processor.py:171} INFO - Processing /home/airflow/.local/lib/python3.7/site-packages/airflow/example_dags/example_xcomargs.py took 0.319 seconds
[2022-02-05 19:44:47,667] {processor.py:163} INFO - Started process (PID=2741) to work on /home/airflow/.local/lib/python3.7/site-packages/airflow/example_dags/example_xcomargs.py
[2022-02-05 19:44:47,668] {processor.py:642} INFO - Processing file /home/airflow/.local/lib/python3.7/site-packages/airflow/example_dags/example_xcomargs.py for tasks to queue
[2022-02-05 19:44:47,669] {logging_mixin.py:109} INFO - [2022-02-05 19:44:47,669] {dagbag.py:500} INFO - Filling up the DagBag from /home/airflow/.local/lib/python3.7/site-packages/airflow/example_dags/example_xcomargs.py
[2022-02-05 19:44:47,712] {processor.py:654} INFO - DAG(s) dict_keys(['example_xcom_args', 'example_xcom_args_with_operators']) retrieved from /home/airflow/.local/lib/python3.7/site-packages/airflow/example_dags/example_xcomargs.py
[2022-02-05 19:44:47,908] {logging_mixin.py:109} INFO - [2022-02-05 19:44:47,908] {dag.py:2396} INFO - Sync 2 DAGs
[2022-02-05 19:44:47,924] {logging_mixin.py:109} INFO - [2022-02-05 19:44:47,924] {dag.py:2935} INFO - Setting next_dagrun for example_xcom_args to None
[2022-02-05 19:44:47,924] {logging_mixin.py:109} INFO - [2022-02-05 19:44:47,924] {dag.py:2935} INFO - Setting next_dagrun for example_xcom_args_with_operators to None
[2022-02-05 19:44:47,941] {processor.py:171} INFO - Processing /home/airflow/.local/lib/python3.7/site-packages/airflow/example_dags/example_xcomargs.py took 0.277 seconds
[2022-02-05 19:45:18,567] {processor.py:163} INFO - Started process (PID=2803) to work on /home/airflow/.local/lib/python3.7/site-packages/airflow/example_dags/example_xcomargs.py
[2022-02-05 19:45:18,568] {processor.py:642} INFO - Processing file /home/airflow/.local/lib/python3.7/site-packages/airflow/example_dags/example_xcomargs.py for tasks to queue
[2022-02-05 19:45:18,568] {logging_mixin.py:109} INFO - [2022-02-05 19:45:18,568] {dagbag.py:500} INFO - Filling up the DagBag from /home/airflow/.local/lib/python3.7/site-packages/airflow/example_dags/example_xcomargs.py
[2022-02-05 19:45:18,597] {processor.py:654} INFO - DAG(s) dict_keys(['example_xcom_args', 'example_xcom_args_with_operators']) retrieved from /home/airflow/.local/lib/python3.7/site-packages/airflow/example_dags/example_xcomargs.py
[2022-02-05 19:45:18,774] {logging_mixin.py:109} INFO - [2022-02-05 19:45:18,774] {dag.py:2396} INFO - Sync 2 DAGs
[2022-02-05 19:45:18,787] {logging_mixin.py:109} INFO - [2022-02-05 19:45:18,787] {dag.py:2935} INFO - Setting next_dagrun for example_xcom_args to None
[2022-02-05 19:45:18,787] {logging_mixin.py:109} INFO - [2022-02-05 19:45:18,787] {dag.py:2935} INFO - Setting next_dagrun for example_xcom_args_with_operators to None
[2022-02-05 19:45:18,799] {processor.py:171} INFO - Processing /home/airflow/.local/lib/python3.7/site-packages/airflow/example_dags/example_xcomargs.py took 0.235 seconds
[2022-02-05 19:45:49,433] {processor.py:163} INFO - Started process (PID=2856) to work on /home/airflow/.local/lib/python3.7/site-packages/airflow/example_dags/example_xcomargs.py
[2022-02-05 19:45:49,434] {processor.py:642} INFO - Processing file /home/airflow/.local/lib/python3.7/site-packages/airflow/example_dags/example_xcomargs.py for tasks to queue
[2022-02-05 19:45:49,434] {logging_mixin.py:109} INFO - [2022-02-05 19:45:49,434] {dagbag.py:500} INFO - Filling up the DagBag from /home/airflow/.local/lib/python3.7/site-packages/airflow/example_dags/example_xcomargs.py
[2022-02-05 19:45:49,468] {processor.py:654} INFO - DAG(s) dict_keys(['example_xcom_args', 'example_xcom_args_with_operators']) retrieved from /home/airflow/.local/lib/python3.7/site-packages/airflow/example_dags/example_xcomargs.py
[2022-02-05 19:45:49,633] {logging_mixin.py:109} INFO - [2022-02-05 19:45:49,633] {dag.py:2396} INFO - Sync 2 DAGs
[2022-02-05 19:45:49,644] {logging_mixin.py:109} INFO - [2022-02-05 19:45:49,644] {dag.py:2935} INFO - Setting next_dagrun for example_xcom_args to None
[2022-02-05 19:45:49,645] {logging_mixin.py:109} INFO - [2022-02-05 19:45:49,644] {dag.py:2935} INFO - Setting next_dagrun for example_xcom_args_with_operators to None
[2022-02-05 19:45:49,654] {processor.py:171} INFO - Processing /home/airflow/.local/lib/python3.7/site-packages/airflow/example_dags/example_xcomargs.py took 0.224 seconds
[2022-02-05 19:46:20,270] {processor.py:163} INFO - Started process (PID=2918) to work on /home/airflow/.local/lib/python3.7/site-packages/airflow/example_dags/example_xcomargs.py
[2022-02-05 19:46:20,271] {processor.py:642} INFO - Processing file /home/airflow/.local/lib/python3.7/site-packages/airflow/example_dags/example_xcomargs.py for tasks to queue
[2022-02-05 19:46:20,272] {logging_mixin.py:109} INFO - [2022-02-05 19:46:20,272] {dagbag.py:500} INFO - Filling up the DagBag from /home/airflow/.local/lib/python3.7/site-packages/airflow/example_dags/example_xcomargs.py
[2022-02-05 19:46:20,299] {processor.py:654} INFO - DAG(s) dict_keys(['example_xcom_args', 'example_xcom_args_with_operators']) retrieved from /home/airflow/.local/lib/python3.7/site-packages/airflow/example_dags/example_xcomargs.py
[2022-02-05 19:46:20,471] {logging_mixin.py:109} INFO - [2022-02-05 19:46:20,471] {dag.py:2396} INFO - Sync 2 DAGs
[2022-02-05 19:46:20,483] {logging_mixin.py:109} INFO - [2022-02-05 19:46:20,483] {dag.py:2935} INFO - Setting next_dagrun for example_xcom_args to None
[2022-02-05 19:46:20,483] {logging_mixin.py:109} INFO - [2022-02-05 19:46:20,483] {dag.py:2935} INFO - Setting next_dagrun for example_xcom_args_with_operators to None
[2022-02-05 19:46:20,495] {processor.py:171} INFO - Processing /home/airflow/.local/lib/python3.7/site-packages/airflow/example_dags/example_xcomargs.py took 0.227 seconds
[2022-02-05 19:46:51,023] {processor.py:163} INFO - Started process (PID=2979) to work on /home/airflow/.local/lib/python3.7/site-packages/airflow/example_dags/example_xcomargs.py
[2022-02-05 19:46:51,024] {processor.py:642} INFO - Processing file /home/airflow/.local/lib/python3.7/site-packages/airflow/example_dags/example_xcomargs.py for tasks to queue
[2022-02-05 19:46:51,025] {logging_mixin.py:109} INFO - [2022-02-05 19:46:51,024] {dagbag.py:500} INFO - Filling up the DagBag from /home/airflow/.local/lib/python3.7/site-packages/airflow/example_dags/example_xcomargs.py
[2022-02-05 19:46:51,051] {processor.py:654} INFO - DAG(s) dict_keys(['example_xcom_args', 'example_xcom_args_with_operators']) retrieved from /home/airflow/.local/lib/python3.7/site-packages/airflow/example_dags/example_xcomargs.py
[2022-02-05 19:46:51,220] {logging_mixin.py:109} INFO - [2022-02-05 19:46:51,220] {dag.py:2396} INFO - Sync 2 DAGs
[2022-02-05 19:46:51,233] {logging_mixin.py:109} INFO - [2022-02-05 19:46:51,233] {dag.py:2935} INFO - Setting next_dagrun for example_xcom_args to None
[2022-02-05 19:46:51,234] {logging_mixin.py:109} INFO - [2022-02-05 19:46:51,234] {dag.py:2935} INFO - Setting next_dagrun for example_xcom_args_with_operators to None
[2022-02-05 19:46:51,245] {processor.py:171} INFO - Processing /home/airflow/.local/lib/python3.7/site-packages/airflow/example_dags/example_xcomargs.py took 0.225 seconds
[2022-02-05 19:47:21,858] {processor.py:163} INFO - Started process (PID=3031) to work on /home/airflow/.local/lib/python3.7/site-packages/airflow/example_dags/example_xcomargs.py
[2022-02-05 19:47:21,859] {processor.py:642} INFO - Processing file /home/airflow/.local/lib/python3.7/site-packages/airflow/example_dags/example_xcomargs.py for tasks to queue
[2022-02-05 19:47:21,859] {logging_mixin.py:109} INFO - [2022-02-05 19:47:21,859] {dagbag.py:500} INFO - Filling up the DagBag from /home/airflow/.local/lib/python3.7/site-packages/airflow/example_dags/example_xcomargs.py
[2022-02-05 19:47:21,889] {processor.py:654} INFO - DAG(s) dict_keys(['example_xcom_args', 'example_xcom_args_with_operators']) retrieved from /home/airflow/.local/lib/python3.7/site-packages/airflow/example_dags/example_xcomargs.py
[2022-02-05 19:47:22,100] {logging_mixin.py:109} INFO - [2022-02-05 19:47:22,099] {dag.py:2396} INFO - Sync 2 DAGs
[2022-02-05 19:47:22,115] {logging_mixin.py:109} INFO - [2022-02-05 19:47:22,115] {dag.py:2935} INFO - Setting next_dagrun for example_xcom_args to None
[2022-02-05 19:47:22,116] {logging_mixin.py:109} INFO - [2022-02-05 19:47:22,116] {dag.py:2935} INFO - Setting next_dagrun for example_xcom_args_with_operators to None
[2022-02-05 19:47:22,130] {processor.py:171} INFO - Processing /home/airflow/.local/lib/python3.7/site-packages/airflow/example_dags/example_xcomargs.py took 0.275 seconds
[2022-02-05 19:47:52,706] {processor.py:163} INFO - Started process (PID=3093) to work on /home/airflow/.local/lib/python3.7/site-packages/airflow/example_dags/example_xcomargs.py
[2022-02-05 19:47:52,707] {processor.py:642} INFO - Processing file /home/airflow/.local/lib/python3.7/site-packages/airflow/example_dags/example_xcomargs.py for tasks to queue
[2022-02-05 19:47:52,708] {logging_mixin.py:109} INFO - [2022-02-05 19:47:52,708] {dagbag.py:500} INFO - Filling up the DagBag from /home/airflow/.local/lib/python3.7/site-packages/airflow/example_dags/example_xcomargs.py
[2022-02-05 19:47:52,750] {processor.py:654} INFO - DAG(s) dict_keys(['example_xcom_args', 'example_xcom_args_with_operators']) retrieved from /home/airflow/.local/lib/python3.7/site-packages/airflow/example_dags/example_xcomargs.py
[2022-02-05 19:47:53,037] {logging_mixin.py:109} INFO - [2022-02-05 19:47:53,037] {dag.py:2396} INFO - Sync 2 DAGs
[2022-02-05 19:47:53,054] {logging_mixin.py:109} INFO - [2022-02-05 19:47:53,054] {dag.py:2935} INFO - Setting next_dagrun for example_xcom_args to None
[2022-02-05 19:47:53,054] {logging_mixin.py:109} INFO - [2022-02-05 19:47:53,054] {dag.py:2935} INFO - Setting next_dagrun for example_xcom_args_with_operators to None
[2022-02-05 19:47:53,068] {processor.py:171} INFO - Processing /home/airflow/.local/lib/python3.7/site-packages/airflow/example_dags/example_xcomargs.py took 0.367 seconds
[2022-02-05 19:48:23,381] {processor.py:163} INFO - Started process (PID=3146) to work on /home/airflow/.local/lib/python3.7/site-packages/airflow/example_dags/example_xcomargs.py
[2022-02-05 19:48:23,382] {processor.py:642} INFO - Processing file /home/airflow/.local/lib/python3.7/site-packages/airflow/example_dags/example_xcomargs.py for tasks to queue
[2022-02-05 19:48:23,382] {logging_mixin.py:109} INFO - [2022-02-05 19:48:23,382] {dagbag.py:500} INFO - Filling up the DagBag from /home/airflow/.local/lib/python3.7/site-packages/airflow/example_dags/example_xcomargs.py
[2022-02-05 19:48:23,410] {processor.py:654} INFO - DAG(s) dict_keys(['example_xcom_args', 'example_xcom_args_with_operators']) retrieved from /home/airflow/.local/lib/python3.7/site-packages/airflow/example_dags/example_xcomargs.py
[2022-02-05 19:48:23,627] {logging_mixin.py:109} INFO - [2022-02-05 19:48:23,627] {dag.py:2396} INFO - Sync 2 DAGs
[2022-02-05 19:48:23,648] {logging_mixin.py:109} INFO - [2022-02-05 19:48:23,648] {dag.py:2935} INFO - Setting next_dagrun for example_xcom_args to None
[2022-02-05 19:48:23,648] {logging_mixin.py:109} INFO - [2022-02-05 19:48:23,648] {dag.py:2935} INFO - Setting next_dagrun for example_xcom_args_with_operators to None
[2022-02-05 19:48:23,664] {processor.py:171} INFO - Processing /home/airflow/.local/lib/python3.7/site-packages/airflow/example_dags/example_xcomargs.py took 0.286 seconds
[2022-02-05 19:48:53,761] {processor.py:163} INFO - Started process (PID=3210) to work on /home/airflow/.local/lib/python3.7/site-packages/airflow/example_dags/example_xcomargs.py
[2022-02-05 19:48:53,770] {processor.py:642} INFO - Processing file /home/airflow/.local/lib/python3.7/site-packages/airflow/example_dags/example_xcomargs.py for tasks to queue
[2022-02-05 19:48:53,771] {logging_mixin.py:109} INFO - [2022-02-05 19:48:53,771] {dagbag.py:500} INFO - Filling up the DagBag from /home/airflow/.local/lib/python3.7/site-packages/airflow/example_dags/example_xcomargs.py
[2022-02-05 19:48:53,821] {processor.py:654} INFO - DAG(s) dict_keys(['example_xcom_args', 'example_xcom_args_with_operators']) retrieved from /home/airflow/.local/lib/python3.7/site-packages/airflow/example_dags/example_xcomargs.py
[2022-02-05 19:48:54,141] {logging_mixin.py:109} INFO - [2022-02-05 19:48:54,141] {dag.py:2396} INFO - Sync 2 DAGs
[2022-02-05 19:48:54,161] {logging_mixin.py:109} INFO - [2022-02-05 19:48:54,161] {dag.py:2935} INFO - Setting next_dagrun for example_xcom_args to None
[2022-02-05 19:48:54,161] {logging_mixin.py:109} INFO - [2022-02-05 19:48:54,161] {dag.py:2935} INFO - Setting next_dagrun for example_xcom_args_with_operators to None
[2022-02-05 19:48:54,188] {processor.py:171} INFO - Processing /home/airflow/.local/lib/python3.7/site-packages/airflow/example_dags/example_xcomargs.py took 0.431 seconds
[2022-02-05 19:49:24,405] {processor.py:163} INFO - Started process (PID=3264) to work on /home/airflow/.local/lib/python3.7/site-packages/airflow/example_dags/example_xcomargs.py
[2022-02-05 19:49:24,406] {processor.py:642} INFO - Processing file /home/airflow/.local/lib/python3.7/site-packages/airflow/example_dags/example_xcomargs.py for tasks to queue
[2022-02-05 19:49:24,406] {logging_mixin.py:109} INFO - [2022-02-05 19:49:24,406] {dagbag.py:500} INFO - Filling up the DagBag from /home/airflow/.local/lib/python3.7/site-packages/airflow/example_dags/example_xcomargs.py
[2022-02-05 19:49:24,433] {processor.py:654} INFO - DAG(s) dict_keys(['example_xcom_args', 'example_xcom_args_with_operators']) retrieved from /home/airflow/.local/lib/python3.7/site-packages/airflow/example_dags/example_xcomargs.py
[2022-02-05 19:49:24,607] {logging_mixin.py:109} INFO - [2022-02-05 19:49:24,607] {dag.py:2396} INFO - Sync 2 DAGs
[2022-02-05 19:49:24,619] {logging_mixin.py:109} INFO - [2022-02-05 19:49:24,619] {dag.py:2935} INFO - Setting next_dagrun for example_xcom_args to None
[2022-02-05 19:49:24,619] {logging_mixin.py:109} INFO - [2022-02-05 19:49:24,619] {dag.py:2935} INFO - Setting next_dagrun for example_xcom_args_with_operators to None
[2022-02-05 19:49:24,630] {processor.py:171} INFO - Processing /home/airflow/.local/lib/python3.7/site-packages/airflow/example_dags/example_xcomargs.py took 0.228 seconds
[2022-02-05 19:49:54,771] {processor.py:163} INFO - Started process (PID=3317) to work on /home/airflow/.local/lib/python3.7/site-packages/airflow/example_dags/example_xcomargs.py
[2022-02-05 19:49:54,774] {processor.py:642} INFO - Processing file /home/airflow/.local/lib/python3.7/site-packages/airflow/example_dags/example_xcomargs.py for tasks to queue
[2022-02-05 19:49:54,774] {logging_mixin.py:109} INFO - [2022-02-05 19:49:54,774] {dagbag.py:500} INFO - Filling up the DagBag from /home/airflow/.local/lib/python3.7/site-packages/airflow/example_dags/example_xcomargs.py
[2022-02-05 19:49:54,802] {processor.py:654} INFO - DAG(s) dict_keys(['example_xcom_args', 'example_xcom_args_with_operators']) retrieved from /home/airflow/.local/lib/python3.7/site-packages/airflow/example_dags/example_xcomargs.py
[2022-02-05 19:49:54,978] {logging_mixin.py:109} INFO - [2022-02-05 19:49:54,978] {dag.py:2396} INFO - Sync 2 DAGs
[2022-02-05 19:49:54,992] {logging_mixin.py:109} INFO - [2022-02-05 19:49:54,992] {dag.py:2935} INFO - Setting next_dagrun for example_xcom_args to None
[2022-02-05 19:49:54,992] {logging_mixin.py:109} INFO - [2022-02-05 19:49:54,992] {dag.py:2935} INFO - Setting next_dagrun for example_xcom_args_with_operators to None
[2022-02-05 19:49:55,003] {processor.py:171} INFO - Processing /home/airflow/.local/lib/python3.7/site-packages/airflow/example_dags/example_xcomargs.py took 0.235 seconds
[2022-02-05 19:50:25,669] {processor.py:163} INFO - Started process (PID=3379) to work on /home/airflow/.local/lib/python3.7/site-packages/airflow/example_dags/example_xcomargs.py
[2022-02-05 19:50:25,670] {processor.py:642} INFO - Processing file /home/airflow/.local/lib/python3.7/site-packages/airflow/example_dags/example_xcomargs.py for tasks to queue
[2022-02-05 19:50:25,671] {logging_mixin.py:109} INFO - [2022-02-05 19:50:25,671] {dagbag.py:500} INFO - Filling up the DagBag from /home/airflow/.local/lib/python3.7/site-packages/airflow/example_dags/example_xcomargs.py
[2022-02-05 19:50:25,709] {processor.py:654} INFO - DAG(s) dict_keys(['example_xcom_args', 'example_xcom_args_with_operators']) retrieved from /home/airflow/.local/lib/python3.7/site-packages/airflow/example_dags/example_xcomargs.py
[2022-02-05 19:50:26,002] {logging_mixin.py:109} INFO - [2022-02-05 19:50:26,001] {dag.py:2396} INFO - Sync 2 DAGs
[2022-02-05 19:50:26,021] {logging_mixin.py:109} INFO - [2022-02-05 19:50:26,021] {dag.py:2935} INFO - Setting next_dagrun for example_xcom_args to None
[2022-02-05 19:50:26,022] {logging_mixin.py:109} INFO - [2022-02-05 19:50:26,022] {dag.py:2935} INFO - Setting next_dagrun for example_xcom_args_with_operators to None
[2022-02-05 19:50:26,038] {processor.py:171} INFO - Processing /home/airflow/.local/lib/python3.7/site-packages/airflow/example_dags/example_xcomargs.py took 0.372 seconds
