[2022-02-05 19:21:03,224] {processor.py:163} INFO - Started process (PID=55) to work on /home/airflow/.local/lib/python3.7/site-packages/airflow/example_dags/example_sla_dag.py
[2022-02-05 19:21:03,226] {processor.py:642} INFO - Processing file /home/airflow/.local/lib/python3.7/site-packages/airflow/example_dags/example_sla_dag.py for tasks to queue
[2022-02-05 19:21:03,227] {logging_mixin.py:109} INFO - [2022-02-05 19:21:03,226] {dagbag.py:500} INFO - Filling up the DagBag from /home/airflow/.local/lib/python3.7/site-packages/airflow/example_dags/example_sla_dag.py
[2022-02-05 19:21:03,277] {processor.py:654} INFO - DAG(s) dict_keys(['example_sla_dag']) retrieved from /home/airflow/.local/lib/python3.7/site-packages/airflow/example_dags/example_sla_dag.py
[2022-02-05 19:21:03,296] {logging_mixin.py:109} INFO - [2022-02-05 19:21:03,296] {dag.py:2396} INFO - Sync 1 DAGs
[2022-02-05 19:21:03,333] {logging_mixin.py:109} INFO - [2022-02-05 19:21:03,333] {dag.py:2935} INFO - Setting next_dagrun for example_sla_dag to 2022-02-05T19:18:00+00:00
[2022-02-05 19:21:03,347] {processor.py:171} INFO - Processing /home/airflow/.local/lib/python3.7/site-packages/airflow/example_dags/example_sla_dag.py took 0.128 seconds
[2022-02-05 19:21:34,490] {processor.py:163} INFO - Started process (PID=115) to work on /home/airflow/.local/lib/python3.7/site-packages/airflow/example_dags/example_sla_dag.py
[2022-02-05 19:21:34,498] {processor.py:642} INFO - Processing file /home/airflow/.local/lib/python3.7/site-packages/airflow/example_dags/example_sla_dag.py for tasks to queue
[2022-02-05 19:21:34,499] {logging_mixin.py:109} INFO - [2022-02-05 19:21:34,499] {dagbag.py:500} INFO - Filling up the DagBag from /home/airflow/.local/lib/python3.7/site-packages/airflow/example_dags/example_sla_dag.py
[2022-02-05 19:21:34,583] {processor.py:654} INFO - DAG(s) dict_keys(['example_sla_dag']) retrieved from /home/airflow/.local/lib/python3.7/site-packages/airflow/example_dags/example_sla_dag.py
[2022-02-05 19:21:34,613] {logging_mixin.py:109} INFO - [2022-02-05 19:21:34,613] {dag.py:2396} INFO - Sync 1 DAGs
[2022-02-05 19:21:34,646] {logging_mixin.py:109} INFO - [2022-02-05 19:21:34,646] {dag.py:2935} INFO - Setting next_dagrun for example_sla_dag to 2022-02-05T19:18:00+00:00
[2022-02-05 19:21:34,658] {processor.py:171} INFO - Processing /home/airflow/.local/lib/python3.7/site-packages/airflow/example_dags/example_sla_dag.py took 0.175 seconds
[2022-02-05 19:22:07,005] {processor.py:163} INFO - Started process (PID=168) to work on /home/airflow/.local/lib/python3.7/site-packages/airflow/example_dags/example_sla_dag.py
[2022-02-05 19:22:07,008] {processor.py:642} INFO - Processing file /home/airflow/.local/lib/python3.7/site-packages/airflow/example_dags/example_sla_dag.py for tasks to queue
[2022-02-05 19:22:07,009] {logging_mixin.py:109} INFO - [2022-02-05 19:22:07,009] {dagbag.py:500} INFO - Filling up the DagBag from /home/airflow/.local/lib/python3.7/site-packages/airflow/example_dags/example_sla_dag.py
[2022-02-05 19:22:07,121] {processor.py:654} INFO - DAG(s) dict_keys(['example_sla_dag']) retrieved from /home/airflow/.local/lib/python3.7/site-packages/airflow/example_dags/example_sla_dag.py
[2022-02-05 19:22:07,138] {logging_mixin.py:109} INFO - [2022-02-05 19:22:07,138] {dag.py:2396} INFO - Sync 1 DAGs
[2022-02-05 19:22:07,169] {logging_mixin.py:109} INFO - [2022-02-05 19:22:07,169] {dag.py:2935} INFO - Setting next_dagrun for example_sla_dag to 2022-02-05T19:20:00+00:00
[2022-02-05 19:22:07,205] {processor.py:171} INFO - Processing /home/airflow/.local/lib/python3.7/site-packages/airflow/example_dags/example_sla_dag.py took 0.215 seconds
[2022-02-05 19:22:38,217] {processor.py:163} INFO - Started process (PID=234) to work on /home/airflow/.local/lib/python3.7/site-packages/airflow/example_dags/example_sla_dag.py
[2022-02-05 19:22:38,219] {processor.py:642} INFO - Processing file /home/airflow/.local/lib/python3.7/site-packages/airflow/example_dags/example_sla_dag.py for tasks to queue
[2022-02-05 19:22:38,220] {logging_mixin.py:109} INFO - [2022-02-05 19:22:38,220] {dagbag.py:500} INFO - Filling up the DagBag from /home/airflow/.local/lib/python3.7/site-packages/airflow/example_dags/example_sla_dag.py
[2022-02-05 19:22:38,277] {processor.py:654} INFO - DAG(s) dict_keys(['example_sla_dag']) retrieved from /home/airflow/.local/lib/python3.7/site-packages/airflow/example_dags/example_sla_dag.py
[2022-02-05 19:22:38,289] {logging_mixin.py:109} INFO - [2022-02-05 19:22:38,289] {dag.py:2396} INFO - Sync 1 DAGs
[2022-02-05 19:22:38,320] {logging_mixin.py:109} INFO - [2022-02-05 19:22:38,319] {dag.py:2935} INFO - Setting next_dagrun for example_sla_dag to 2022-02-05T19:20:00+00:00
[2022-02-05 19:22:38,333] {processor.py:171} INFO - Processing /home/airflow/.local/lib/python3.7/site-packages/airflow/example_dags/example_sla_dag.py took 0.122 seconds
[2022-02-05 19:23:08,765] {processor.py:163} INFO - Started process (PID=287) to work on /home/airflow/.local/lib/python3.7/site-packages/airflow/example_dags/example_sla_dag.py
[2022-02-05 19:23:08,767] {processor.py:642} INFO - Processing file /home/airflow/.local/lib/python3.7/site-packages/airflow/example_dags/example_sla_dag.py for tasks to queue
[2022-02-05 19:23:08,767] {logging_mixin.py:109} INFO - [2022-02-05 19:23:08,767] {dagbag.py:500} INFO - Filling up the DagBag from /home/airflow/.local/lib/python3.7/site-packages/airflow/example_dags/example_sla_dag.py
[2022-02-05 19:23:08,824] {processor.py:654} INFO - DAG(s) dict_keys(['example_sla_dag']) retrieved from /home/airflow/.local/lib/python3.7/site-packages/airflow/example_dags/example_sla_dag.py
[2022-02-05 19:23:08,835] {logging_mixin.py:109} INFO - [2022-02-05 19:23:08,835] {dag.py:2396} INFO - Sync 1 DAGs
[2022-02-05 19:23:08,857] {logging_mixin.py:109} INFO - [2022-02-05 19:23:08,857] {dag.py:2935} INFO - Setting next_dagrun for example_sla_dag to 2022-02-05T19:20:00+00:00
[2022-02-05 19:23:08,871] {processor.py:171} INFO - Processing /home/airflow/.local/lib/python3.7/site-packages/airflow/example_dags/example_sla_dag.py took 0.110 seconds
[2022-02-05 19:23:39,517] {processor.py:163} INFO - Started process (PID=340) to work on /home/airflow/.local/lib/python3.7/site-packages/airflow/example_dags/example_sla_dag.py
[2022-02-05 19:23:39,519] {processor.py:642} INFO - Processing file /home/airflow/.local/lib/python3.7/site-packages/airflow/example_dags/example_sla_dag.py for tasks to queue
[2022-02-05 19:23:39,521] {logging_mixin.py:109} INFO - [2022-02-05 19:23:39,521] {dagbag.py:500} INFO - Filling up the DagBag from /home/airflow/.local/lib/python3.7/site-packages/airflow/example_dags/example_sla_dag.py
[2022-02-05 19:23:39,572] {processor.py:654} INFO - DAG(s) dict_keys(['example_sla_dag']) retrieved from /home/airflow/.local/lib/python3.7/site-packages/airflow/example_dags/example_sla_dag.py
[2022-02-05 19:23:39,589] {logging_mixin.py:109} INFO - [2022-02-05 19:23:39,589] {dag.py:2396} INFO - Sync 1 DAGs
[2022-02-05 19:23:39,626] {logging_mixin.py:109} INFO - [2022-02-05 19:23:39,626] {dag.py:2935} INFO - Setting next_dagrun for example_sla_dag to 2022-02-05T19:20:00+00:00
[2022-02-05 19:23:39,644] {processor.py:171} INFO - Processing /home/airflow/.local/lib/python3.7/site-packages/airflow/example_dags/example_sla_dag.py took 0.134 seconds
[2022-02-05 19:24:10,277] {processor.py:163} INFO - Started process (PID=403) to work on /home/airflow/.local/lib/python3.7/site-packages/airflow/example_dags/example_sla_dag.py
[2022-02-05 19:24:10,278] {processor.py:642} INFO - Processing file /home/airflow/.local/lib/python3.7/site-packages/airflow/example_dags/example_sla_dag.py for tasks to queue
[2022-02-05 19:24:10,279] {logging_mixin.py:109} INFO - [2022-02-05 19:24:10,279] {dagbag.py:500} INFO - Filling up the DagBag from /home/airflow/.local/lib/python3.7/site-packages/airflow/example_dags/example_sla_dag.py
[2022-02-05 19:24:10,311] {processor.py:654} INFO - DAG(s) dict_keys(['example_sla_dag']) retrieved from /home/airflow/.local/lib/python3.7/site-packages/airflow/example_dags/example_sla_dag.py
[2022-02-05 19:24:10,320] {logging_mixin.py:109} INFO - [2022-02-05 19:24:10,320] {dag.py:2396} INFO - Sync 1 DAGs
[2022-02-05 19:24:10,341] {logging_mixin.py:109} INFO - [2022-02-05 19:24:10,341] {dag.py:2935} INFO - Setting next_dagrun for example_sla_dag to 2022-02-05T19:22:00+00:00
[2022-02-05 19:24:10,352] {processor.py:171} INFO - Processing /home/airflow/.local/lib/python3.7/site-packages/airflow/example_dags/example_sla_dag.py took 0.078 seconds
[2022-02-05 19:24:40,581] {processor.py:163} INFO - Started process (PID=455) to work on /home/airflow/.local/lib/python3.7/site-packages/airflow/example_dags/example_sla_dag.py
[2022-02-05 19:24:40,583] {processor.py:642} INFO - Processing file /home/airflow/.local/lib/python3.7/site-packages/airflow/example_dags/example_sla_dag.py for tasks to queue
[2022-02-05 19:24:40,583] {logging_mixin.py:109} INFO - [2022-02-05 19:24:40,583] {dagbag.py:500} INFO - Filling up the DagBag from /home/airflow/.local/lib/python3.7/site-packages/airflow/example_dags/example_sla_dag.py
[2022-02-05 19:24:40,614] {processor.py:654} INFO - DAG(s) dict_keys(['example_sla_dag']) retrieved from /home/airflow/.local/lib/python3.7/site-packages/airflow/example_dags/example_sla_dag.py
[2022-02-05 19:24:40,623] {logging_mixin.py:109} INFO - [2022-02-05 19:24:40,623] {dag.py:2396} INFO - Sync 1 DAGs
[2022-02-05 19:24:40,641] {logging_mixin.py:109} INFO - [2022-02-05 19:24:40,641] {dag.py:2935} INFO - Setting next_dagrun for example_sla_dag to 2022-02-05T19:22:00+00:00
[2022-02-05 19:24:40,652] {processor.py:171} INFO - Processing /home/airflow/.local/lib/python3.7/site-packages/airflow/example_dags/example_sla_dag.py took 0.074 seconds
[2022-02-05 19:25:10,741] {processor.py:163} INFO - Started process (PID=517) to work on /home/airflow/.local/lib/python3.7/site-packages/airflow/example_dags/example_sla_dag.py
[2022-02-05 19:25:10,743] {processor.py:642} INFO - Processing file /home/airflow/.local/lib/python3.7/site-packages/airflow/example_dags/example_sla_dag.py for tasks to queue
[2022-02-05 19:25:10,744] {logging_mixin.py:109} INFO - [2022-02-05 19:25:10,744] {dagbag.py:500} INFO - Filling up the DagBag from /home/airflow/.local/lib/python3.7/site-packages/airflow/example_dags/example_sla_dag.py
[2022-02-05 19:25:10,797] {processor.py:654} INFO - DAG(s) dict_keys(['example_sla_dag']) retrieved from /home/airflow/.local/lib/python3.7/site-packages/airflow/example_dags/example_sla_dag.py
[2022-02-05 19:25:10,811] {logging_mixin.py:109} INFO - [2022-02-05 19:25:10,811] {dag.py:2396} INFO - Sync 1 DAGs
[2022-02-05 19:25:10,845] {logging_mixin.py:109} INFO - [2022-02-05 19:25:10,845] {dag.py:2935} INFO - Setting next_dagrun for example_sla_dag to 2022-02-05T19:22:00+00:00
[2022-02-05 19:25:10,860] {processor.py:171} INFO - Processing /home/airflow/.local/lib/python3.7/site-packages/airflow/example_dags/example_sla_dag.py took 0.127 seconds
[2022-02-05 19:25:42,102] {processor.py:163} INFO - Started process (PID=570) to work on /home/airflow/.local/lib/python3.7/site-packages/airflow/example_dags/example_sla_dag.py
[2022-02-05 19:25:42,103] {processor.py:642} INFO - Processing file /home/airflow/.local/lib/python3.7/site-packages/airflow/example_dags/example_sla_dag.py for tasks to queue
[2022-02-05 19:25:42,104] {logging_mixin.py:109} INFO - [2022-02-05 19:25:42,104] {dagbag.py:500} INFO - Filling up the DagBag from /home/airflow/.local/lib/python3.7/site-packages/airflow/example_dags/example_sla_dag.py
[2022-02-05 19:25:42,144] {processor.py:654} INFO - DAG(s) dict_keys(['example_sla_dag']) retrieved from /home/airflow/.local/lib/python3.7/site-packages/airflow/example_dags/example_sla_dag.py
[2022-02-05 19:25:42,157] {logging_mixin.py:109} INFO - [2022-02-05 19:25:42,157] {dag.py:2396} INFO - Sync 1 DAGs
[2022-02-05 19:25:42,179] {logging_mixin.py:109} INFO - [2022-02-05 19:25:42,179] {dag.py:2935} INFO - Setting next_dagrun for example_sla_dag to 2022-02-05T19:22:00+00:00
[2022-02-05 19:25:42,190] {processor.py:171} INFO - Processing /home/airflow/.local/lib/python3.7/site-packages/airflow/example_dags/example_sla_dag.py took 0.092 seconds
[2022-02-05 19:26:13,624] {processor.py:163} INFO - Started process (PID=632) to work on /home/airflow/.local/lib/python3.7/site-packages/airflow/example_dags/example_sla_dag.py
[2022-02-05 19:26:13,627] {processor.py:642} INFO - Processing file /home/airflow/.local/lib/python3.7/site-packages/airflow/example_dags/example_sla_dag.py for tasks to queue
[2022-02-05 19:26:13,628] {logging_mixin.py:109} INFO - [2022-02-05 19:26:13,628] {dagbag.py:500} INFO - Filling up the DagBag from /home/airflow/.local/lib/python3.7/site-packages/airflow/example_dags/example_sla_dag.py
[2022-02-05 19:26:13,684] {processor.py:654} INFO - DAG(s) dict_keys(['example_sla_dag']) retrieved from /home/airflow/.local/lib/python3.7/site-packages/airflow/example_dags/example_sla_dag.py
[2022-02-05 19:26:13,699] {logging_mixin.py:109} INFO - [2022-02-05 19:26:13,698] {dag.py:2396} INFO - Sync 1 DAGs
[2022-02-05 19:26:13,729] {logging_mixin.py:109} INFO - [2022-02-05 19:26:13,729] {dag.py:2935} INFO - Setting next_dagrun for example_sla_dag to 2022-02-05T19:24:00+00:00
[2022-02-05 19:26:13,744] {processor.py:171} INFO - Processing /home/airflow/.local/lib/python3.7/site-packages/airflow/example_dags/example_sla_dag.py took 0.125 seconds
[2022-02-05 19:26:44,108] {processor.py:163} INFO - Started process (PID=687) to work on /home/airflow/.local/lib/python3.7/site-packages/airflow/example_dags/example_sla_dag.py
[2022-02-05 19:26:44,109] {processor.py:642} INFO - Processing file /home/airflow/.local/lib/python3.7/site-packages/airflow/example_dags/example_sla_dag.py for tasks to queue
[2022-02-05 19:26:44,109] {logging_mixin.py:109} INFO - [2022-02-05 19:26:44,109] {dagbag.py:500} INFO - Filling up the DagBag from /home/airflow/.local/lib/python3.7/site-packages/airflow/example_dags/example_sla_dag.py
[2022-02-05 19:26:44,142] {processor.py:654} INFO - DAG(s) dict_keys(['example_sla_dag']) retrieved from /home/airflow/.local/lib/python3.7/site-packages/airflow/example_dags/example_sla_dag.py
[2022-02-05 19:26:44,152] {logging_mixin.py:109} INFO - [2022-02-05 19:26:44,152] {dag.py:2396} INFO - Sync 1 DAGs
[2022-02-05 19:26:44,170] {logging_mixin.py:109} INFO - [2022-02-05 19:26:44,170] {dag.py:2935} INFO - Setting next_dagrun for example_sla_dag to 2022-02-05T19:24:00+00:00
[2022-02-05 19:26:44,180] {processor.py:171} INFO - Processing /home/airflow/.local/lib/python3.7/site-packages/airflow/example_dags/example_sla_dag.py took 0.076 seconds
[2022-02-05 19:27:14,297] {processor.py:163} INFO - Started process (PID=739) to work on /home/airflow/.local/lib/python3.7/site-packages/airflow/example_dags/example_sla_dag.py
[2022-02-05 19:27:14,299] {processor.py:642} INFO - Processing file /home/airflow/.local/lib/python3.7/site-packages/airflow/example_dags/example_sla_dag.py for tasks to queue
[2022-02-05 19:27:14,299] {logging_mixin.py:109} INFO - [2022-02-05 19:27:14,299] {dagbag.py:500} INFO - Filling up the DagBag from /home/airflow/.local/lib/python3.7/site-packages/airflow/example_dags/example_sla_dag.py
[2022-02-05 19:27:14,328] {processor.py:654} INFO - DAG(s) dict_keys(['example_sla_dag']) retrieved from /home/airflow/.local/lib/python3.7/site-packages/airflow/example_dags/example_sla_dag.py
[2022-02-05 19:27:14,336] {logging_mixin.py:109} INFO - [2022-02-05 19:27:14,336] {dag.py:2396} INFO - Sync 1 DAGs
[2022-02-05 19:27:14,354] {logging_mixin.py:109} INFO - [2022-02-05 19:27:14,354] {dag.py:2935} INFO - Setting next_dagrun for example_sla_dag to 2022-02-05T19:24:00+00:00
[2022-02-05 19:27:14,363] {processor.py:171} INFO - Processing /home/airflow/.local/lib/python3.7/site-packages/airflow/example_dags/example_sla_dag.py took 0.068 seconds
[2022-02-05 19:27:44,608] {processor.py:163} INFO - Started process (PID=801) to work on /home/airflow/.local/lib/python3.7/site-packages/airflow/example_dags/example_sla_dag.py
[2022-02-05 19:27:44,608] {processor.py:642} INFO - Processing file /home/airflow/.local/lib/python3.7/site-packages/airflow/example_dags/example_sla_dag.py for tasks to queue
[2022-02-05 19:27:44,609] {logging_mixin.py:109} INFO - [2022-02-05 19:27:44,609] {dagbag.py:500} INFO - Filling up the DagBag from /home/airflow/.local/lib/python3.7/site-packages/airflow/example_dags/example_sla_dag.py
[2022-02-05 19:27:44,635] {processor.py:654} INFO - DAG(s) dict_keys(['example_sla_dag']) retrieved from /home/airflow/.local/lib/python3.7/site-packages/airflow/example_dags/example_sla_dag.py
[2022-02-05 19:27:44,642] {logging_mixin.py:109} INFO - [2022-02-05 19:27:44,642] {dag.py:2396} INFO - Sync 1 DAGs
[2022-02-05 19:27:44,658] {logging_mixin.py:109} INFO - [2022-02-05 19:27:44,658] {dag.py:2935} INFO - Setting next_dagrun for example_sla_dag to 2022-02-05T19:24:00+00:00
[2022-02-05 19:27:44,666] {processor.py:171} INFO - Processing /home/airflow/.local/lib/python3.7/site-packages/airflow/example_dags/example_sla_dag.py took 0.061 seconds
[2022-02-05 19:28:15,427] {processor.py:163} INFO - Started process (PID=855) to work on /home/airflow/.local/lib/python3.7/site-packages/airflow/example_dags/example_sla_dag.py
[2022-02-05 19:28:15,429] {processor.py:642} INFO - Processing file /home/airflow/.local/lib/python3.7/site-packages/airflow/example_dags/example_sla_dag.py for tasks to queue
[2022-02-05 19:28:15,430] {logging_mixin.py:109} INFO - [2022-02-05 19:28:15,430] {dagbag.py:500} INFO - Filling up the DagBag from /home/airflow/.local/lib/python3.7/site-packages/airflow/example_dags/example_sla_dag.py
[2022-02-05 19:28:15,466] {processor.py:654} INFO - DAG(s) dict_keys(['example_sla_dag']) retrieved from /home/airflow/.local/lib/python3.7/site-packages/airflow/example_dags/example_sla_dag.py
[2022-02-05 19:28:15,478] {logging_mixin.py:109} INFO - [2022-02-05 19:28:15,478] {dag.py:2396} INFO - Sync 1 DAGs
[2022-02-05 19:28:15,499] {logging_mixin.py:109} INFO - [2022-02-05 19:28:15,499] {dag.py:2935} INFO - Setting next_dagrun for example_sla_dag to 2022-02-05T19:26:00+00:00
[2022-02-05 19:28:15,511] {processor.py:171} INFO - Processing /home/airflow/.local/lib/python3.7/site-packages/airflow/example_dags/example_sla_dag.py took 0.088 seconds
[2022-02-05 19:28:46,085] {processor.py:163} INFO - Started process (PID=918) to work on /home/airflow/.local/lib/python3.7/site-packages/airflow/example_dags/example_sla_dag.py
[2022-02-05 19:28:46,086] {processor.py:642} INFO - Processing file /home/airflow/.local/lib/python3.7/site-packages/airflow/example_dags/example_sla_dag.py for tasks to queue
[2022-02-05 19:28:46,087] {logging_mixin.py:109} INFO - [2022-02-05 19:28:46,087] {dagbag.py:500} INFO - Filling up the DagBag from /home/airflow/.local/lib/python3.7/site-packages/airflow/example_dags/example_sla_dag.py
[2022-02-05 19:28:46,121] {processor.py:654} INFO - DAG(s) dict_keys(['example_sla_dag']) retrieved from /home/airflow/.local/lib/python3.7/site-packages/airflow/example_dags/example_sla_dag.py
[2022-02-05 19:28:46,132] {logging_mixin.py:109} INFO - [2022-02-05 19:28:46,132] {dag.py:2396} INFO - Sync 1 DAGs
[2022-02-05 19:28:46,152] {logging_mixin.py:109} INFO - [2022-02-05 19:28:46,152] {dag.py:2935} INFO - Setting next_dagrun for example_sla_dag to 2022-02-05T19:26:00+00:00
[2022-02-05 19:28:46,161] {processor.py:171} INFO - Processing /home/airflow/.local/lib/python3.7/site-packages/airflow/example_dags/example_sla_dag.py took 0.080 seconds
[2022-02-05 19:29:16,707] {processor.py:163} INFO - Started process (PID=971) to work on /home/airflow/.local/lib/python3.7/site-packages/airflow/example_dags/example_sla_dag.py
[2022-02-05 19:29:16,709] {processor.py:642} INFO - Processing file /home/airflow/.local/lib/python3.7/site-packages/airflow/example_dags/example_sla_dag.py for tasks to queue
[2022-02-05 19:29:16,710] {logging_mixin.py:109} INFO - [2022-02-05 19:29:16,710] {dagbag.py:500} INFO - Filling up the DagBag from /home/airflow/.local/lib/python3.7/site-packages/airflow/example_dags/example_sla_dag.py
[2022-02-05 19:29:16,796] {processor.py:654} INFO - DAG(s) dict_keys(['example_sla_dag']) retrieved from /home/airflow/.local/lib/python3.7/site-packages/airflow/example_dags/example_sla_dag.py
[2022-02-05 19:29:16,807] {logging_mixin.py:109} INFO - [2022-02-05 19:29:16,807] {dag.py:2396} INFO - Sync 1 DAGs
[2022-02-05 19:29:16,829] {logging_mixin.py:109} INFO - [2022-02-05 19:29:16,829] {dag.py:2935} INFO - Setting next_dagrun for example_sla_dag to 2022-02-05T19:26:00+00:00
[2022-02-05 19:29:16,840] {processor.py:171} INFO - Processing /home/airflow/.local/lib/python3.7/site-packages/airflow/example_dags/example_sla_dag.py took 0.138 seconds
[2022-02-05 19:29:47,891] {processor.py:163} INFO - Started process (PID=1034) to work on /home/airflow/.local/lib/python3.7/site-packages/airflow/example_dags/example_sla_dag.py
[2022-02-05 19:29:47,893] {processor.py:642} INFO - Processing file /home/airflow/.local/lib/python3.7/site-packages/airflow/example_dags/example_sla_dag.py for tasks to queue
[2022-02-05 19:29:47,894] {logging_mixin.py:109} INFO - [2022-02-05 19:29:47,894] {dagbag.py:500} INFO - Filling up the DagBag from /home/airflow/.local/lib/python3.7/site-packages/airflow/example_dags/example_sla_dag.py
[2022-02-05 19:29:47,941] {processor.py:654} INFO - DAG(s) dict_keys(['example_sla_dag']) retrieved from /home/airflow/.local/lib/python3.7/site-packages/airflow/example_dags/example_sla_dag.py
[2022-02-05 19:29:47,958] {logging_mixin.py:109} INFO - [2022-02-05 19:29:47,958] {dag.py:2396} INFO - Sync 1 DAGs
[2022-02-05 19:29:47,988] {logging_mixin.py:109} INFO - [2022-02-05 19:29:47,987] {dag.py:2935} INFO - Setting next_dagrun for example_sla_dag to 2022-02-05T19:26:00+00:00
[2022-02-05 19:29:48,001] {processor.py:171} INFO - Processing /home/airflow/.local/lib/python3.7/site-packages/airflow/example_dags/example_sla_dag.py took 0.115 seconds
[2022-02-05 19:30:18,632] {processor.py:163} INFO - Started process (PID=1086) to work on /home/airflow/.local/lib/python3.7/site-packages/airflow/example_dags/example_sla_dag.py
[2022-02-05 19:30:18,634] {processor.py:642} INFO - Processing file /home/airflow/.local/lib/python3.7/site-packages/airflow/example_dags/example_sla_dag.py for tasks to queue
[2022-02-05 19:30:18,635] {logging_mixin.py:109} INFO - [2022-02-05 19:30:18,635] {dagbag.py:500} INFO - Filling up the DagBag from /home/airflow/.local/lib/python3.7/site-packages/airflow/example_dags/example_sla_dag.py
[2022-02-05 19:30:18,682] {processor.py:654} INFO - DAG(s) dict_keys(['example_sla_dag']) retrieved from /home/airflow/.local/lib/python3.7/site-packages/airflow/example_dags/example_sla_dag.py
[2022-02-05 19:30:18,697] {logging_mixin.py:109} INFO - [2022-02-05 19:30:18,697] {dag.py:2396} INFO - Sync 1 DAGs
[2022-02-05 19:30:18,727] {logging_mixin.py:109} INFO - [2022-02-05 19:30:18,727] {dag.py:2935} INFO - Setting next_dagrun for example_sla_dag to 2022-02-05T19:28:00+00:00
[2022-02-05 19:30:18,740] {processor.py:171} INFO - Processing /home/airflow/.local/lib/python3.7/site-packages/airflow/example_dags/example_sla_dag.py took 0.113 seconds
[2022-02-05 19:30:49,628] {processor.py:163} INFO - Started process (PID=1149) to work on /home/airflow/.local/lib/python3.7/site-packages/airflow/example_dags/example_sla_dag.py
[2022-02-05 19:30:49,630] {processor.py:642} INFO - Processing file /home/airflow/.local/lib/python3.7/site-packages/airflow/example_dags/example_sla_dag.py for tasks to queue
[2022-02-05 19:30:49,630] {logging_mixin.py:109} INFO - [2022-02-05 19:30:49,630] {dagbag.py:500} INFO - Filling up the DagBag from /home/airflow/.local/lib/python3.7/site-packages/airflow/example_dags/example_sla_dag.py
[2022-02-05 19:30:49,673] {processor.py:654} INFO - DAG(s) dict_keys(['example_sla_dag']) retrieved from /home/airflow/.local/lib/python3.7/site-packages/airflow/example_dags/example_sla_dag.py
[2022-02-05 19:30:49,686] {logging_mixin.py:109} INFO - [2022-02-05 19:30:49,686] {dag.py:2396} INFO - Sync 1 DAGs
[2022-02-05 19:30:49,711] {logging_mixin.py:109} INFO - [2022-02-05 19:30:49,710] {dag.py:2935} INFO - Setting next_dagrun for example_sla_dag to 2022-02-05T19:28:00+00:00
[2022-02-05 19:30:49,725] {processor.py:171} INFO - Processing /home/airflow/.local/lib/python3.7/site-packages/airflow/example_dags/example_sla_dag.py took 0.102 seconds
[2022-02-05 19:31:20,037] {processor.py:163} INFO - Started process (PID=1202) to work on /home/airflow/.local/lib/python3.7/site-packages/airflow/example_dags/example_sla_dag.py
[2022-02-05 19:31:20,039] {processor.py:642} INFO - Processing file /home/airflow/.local/lib/python3.7/site-packages/airflow/example_dags/example_sla_dag.py for tasks to queue
[2022-02-05 19:31:20,040] {logging_mixin.py:109} INFO - [2022-02-05 19:31:20,040] {dagbag.py:500} INFO - Filling up the DagBag from /home/airflow/.local/lib/python3.7/site-packages/airflow/example_dags/example_sla_dag.py
[2022-02-05 19:31:20,082] {processor.py:654} INFO - DAG(s) dict_keys(['example_sla_dag']) retrieved from /home/airflow/.local/lib/python3.7/site-packages/airflow/example_dags/example_sla_dag.py
[2022-02-05 19:31:20,094] {logging_mixin.py:109} INFO - [2022-02-05 19:31:20,094] {dag.py:2396} INFO - Sync 1 DAGs
[2022-02-05 19:31:20,120] {logging_mixin.py:109} INFO - [2022-02-05 19:31:20,119] {dag.py:2935} INFO - Setting next_dagrun for example_sla_dag to 2022-02-05T19:28:00+00:00
[2022-02-05 19:31:20,132] {processor.py:171} INFO - Processing /home/airflow/.local/lib/python3.7/site-packages/airflow/example_dags/example_sla_dag.py took 0.102 seconds
[2022-02-05 19:31:50,394] {processor.py:163} INFO - Started process (PID=1265) to work on /home/airflow/.local/lib/python3.7/site-packages/airflow/example_dags/example_sla_dag.py
[2022-02-05 19:31:50,395] {processor.py:642} INFO - Processing file /home/airflow/.local/lib/python3.7/site-packages/airflow/example_dags/example_sla_dag.py for tasks to queue
[2022-02-05 19:31:50,396] {logging_mixin.py:109} INFO - [2022-02-05 19:31:50,396] {dagbag.py:500} INFO - Filling up the DagBag from /home/airflow/.local/lib/python3.7/site-packages/airflow/example_dags/example_sla_dag.py
[2022-02-05 19:31:50,440] {processor.py:654} INFO - DAG(s) dict_keys(['example_sla_dag']) retrieved from /home/airflow/.local/lib/python3.7/site-packages/airflow/example_dags/example_sla_dag.py
[2022-02-05 19:31:50,454] {logging_mixin.py:109} INFO - [2022-02-05 19:31:50,454] {dag.py:2396} INFO - Sync 1 DAGs
[2022-02-05 19:31:50,480] {logging_mixin.py:109} INFO - [2022-02-05 19:31:50,480] {dag.py:2935} INFO - Setting next_dagrun for example_sla_dag to 2022-02-05T19:28:00+00:00
[2022-02-05 19:31:50,496] {processor.py:171} INFO - Processing /home/airflow/.local/lib/python3.7/site-packages/airflow/example_dags/example_sla_dag.py took 0.107 seconds
[2022-02-05 19:32:20,849] {processor.py:163} INFO - Started process (PID=1323) to work on /home/airflow/.local/lib/python3.7/site-packages/airflow/example_dags/example_sla_dag.py
[2022-02-05 19:32:20,850] {processor.py:642} INFO - Processing file /home/airflow/.local/lib/python3.7/site-packages/airflow/example_dags/example_sla_dag.py for tasks to queue
[2022-02-05 19:32:20,851] {logging_mixin.py:109} INFO - [2022-02-05 19:32:20,851] {dagbag.py:500} INFO - Filling up the DagBag from /home/airflow/.local/lib/python3.7/site-packages/airflow/example_dags/example_sla_dag.py
[2022-02-05 19:32:20,882] {processor.py:654} INFO - DAG(s) dict_keys(['example_sla_dag']) retrieved from /home/airflow/.local/lib/python3.7/site-packages/airflow/example_dags/example_sla_dag.py
[2022-02-05 19:32:20,894] {logging_mixin.py:109} INFO - [2022-02-05 19:32:20,894] {dag.py:2396} INFO - Sync 1 DAGs
[2022-02-05 19:32:20,914] {logging_mixin.py:109} INFO - [2022-02-05 19:32:20,914] {dag.py:2935} INFO - Setting next_dagrun for example_sla_dag to 2022-02-05T19:30:00+00:00
[2022-02-05 19:32:20,926] {processor.py:171} INFO - Processing /home/airflow/.local/lib/python3.7/site-packages/airflow/example_dags/example_sla_dag.py took 0.080 seconds
[2022-02-05 19:32:51,607] {processor.py:163} INFO - Started process (PID=1384) to work on /home/airflow/.local/lib/python3.7/site-packages/airflow/example_dags/example_sla_dag.py
[2022-02-05 19:32:51,608] {processor.py:642} INFO - Processing file /home/airflow/.local/lib/python3.7/site-packages/airflow/example_dags/example_sla_dag.py for tasks to queue
[2022-02-05 19:32:51,609] {logging_mixin.py:109} INFO - [2022-02-05 19:32:51,609] {dagbag.py:500} INFO - Filling up the DagBag from /home/airflow/.local/lib/python3.7/site-packages/airflow/example_dags/example_sla_dag.py
[2022-02-05 19:32:51,637] {processor.py:654} INFO - DAG(s) dict_keys(['example_sla_dag']) retrieved from /home/airflow/.local/lib/python3.7/site-packages/airflow/example_dags/example_sla_dag.py
[2022-02-05 19:32:51,646] {logging_mixin.py:109} INFO - [2022-02-05 19:32:51,646] {dag.py:2396} INFO - Sync 1 DAGs
[2022-02-05 19:32:51,663] {logging_mixin.py:109} INFO - [2022-02-05 19:32:51,663] {dag.py:2935} INFO - Setting next_dagrun for example_sla_dag to 2022-02-05T19:30:00+00:00
[2022-02-05 19:32:51,672] {processor.py:171} INFO - Processing /home/airflow/.local/lib/python3.7/site-packages/airflow/example_dags/example_sla_dag.py took 0.068 seconds
[2022-02-05 19:33:21,823] {processor.py:163} INFO - Started process (PID=1437) to work on /home/airflow/.local/lib/python3.7/site-packages/airflow/example_dags/example_sla_dag.py
[2022-02-05 19:33:21,824] {processor.py:642} INFO - Processing file /home/airflow/.local/lib/python3.7/site-packages/airflow/example_dags/example_sla_dag.py for tasks to queue
[2022-02-05 19:33:21,825] {logging_mixin.py:109} INFO - [2022-02-05 19:33:21,825] {dagbag.py:500} INFO - Filling up the DagBag from /home/airflow/.local/lib/python3.7/site-packages/airflow/example_dags/example_sla_dag.py
[2022-02-05 19:33:21,850] {processor.py:654} INFO - DAG(s) dict_keys(['example_sla_dag']) retrieved from /home/airflow/.local/lib/python3.7/site-packages/airflow/example_dags/example_sla_dag.py
[2022-02-05 19:33:21,857] {logging_mixin.py:109} INFO - [2022-02-05 19:33:21,857] {dag.py:2396} INFO - Sync 1 DAGs
[2022-02-05 19:33:21,871] {logging_mixin.py:109} INFO - [2022-02-05 19:33:21,871] {dag.py:2935} INFO - Setting next_dagrun for example_sla_dag to 2022-02-05T19:30:00+00:00
[2022-02-05 19:33:21,880] {processor.py:171} INFO - Processing /home/airflow/.local/lib/python3.7/site-packages/airflow/example_dags/example_sla_dag.py took 0.059 seconds
[2022-02-05 19:33:52,074] {processor.py:163} INFO - Started process (PID=1500) to work on /home/airflow/.local/lib/python3.7/site-packages/airflow/example_dags/example_sla_dag.py
[2022-02-05 19:33:52,075] {processor.py:642} INFO - Processing file /home/airflow/.local/lib/python3.7/site-packages/airflow/example_dags/example_sla_dag.py for tasks to queue
[2022-02-05 19:33:52,076] {logging_mixin.py:109} INFO - [2022-02-05 19:33:52,076] {dagbag.py:500} INFO - Filling up the DagBag from /home/airflow/.local/lib/python3.7/site-packages/airflow/example_dags/example_sla_dag.py
[2022-02-05 19:33:52,100] {processor.py:654} INFO - DAG(s) dict_keys(['example_sla_dag']) retrieved from /home/airflow/.local/lib/python3.7/site-packages/airflow/example_dags/example_sla_dag.py
[2022-02-05 19:33:52,112] {logging_mixin.py:109} INFO - [2022-02-05 19:33:52,112] {dag.py:2396} INFO - Sync 1 DAGs
[2022-02-05 19:33:52,127] {logging_mixin.py:109} INFO - [2022-02-05 19:33:52,127] {dag.py:2935} INFO - Setting next_dagrun for example_sla_dag to 2022-02-05T19:30:00+00:00
[2022-02-05 19:33:52,135] {processor.py:171} INFO - Processing /home/airflow/.local/lib/python3.7/site-packages/airflow/example_dags/example_sla_dag.py took 0.064 seconds
[2022-02-05 19:34:23,294] {processor.py:163} INFO - Started process (PID=1553) to work on /home/airflow/.local/lib/python3.7/site-packages/airflow/example_dags/example_sla_dag.py
[2022-02-05 19:34:23,295] {processor.py:642} INFO - Processing file /home/airflow/.local/lib/python3.7/site-packages/airflow/example_dags/example_sla_dag.py for tasks to queue
[2022-02-05 19:34:23,295] {logging_mixin.py:109} INFO - [2022-02-05 19:34:23,295] {dagbag.py:500} INFO - Filling up the DagBag from /home/airflow/.local/lib/python3.7/site-packages/airflow/example_dags/example_sla_dag.py
[2022-02-05 19:34:23,320] {processor.py:654} INFO - DAG(s) dict_keys(['example_sla_dag']) retrieved from /home/airflow/.local/lib/python3.7/site-packages/airflow/example_dags/example_sla_dag.py
[2022-02-05 19:34:23,328] {logging_mixin.py:109} INFO - [2022-02-05 19:34:23,327] {dag.py:2396} INFO - Sync 1 DAGs
[2022-02-05 19:34:23,342] {logging_mixin.py:109} INFO - [2022-02-05 19:34:23,342] {dag.py:2935} INFO - Setting next_dagrun for example_sla_dag to 2022-02-05T19:32:00+00:00
[2022-02-05 19:34:23,350] {processor.py:171} INFO - Processing /home/airflow/.local/lib/python3.7/site-packages/airflow/example_dags/example_sla_dag.py took 0.059 seconds
[2022-02-05 19:34:54,106] {processor.py:163} INFO - Started process (PID=1614) to work on /home/airflow/.local/lib/python3.7/site-packages/airflow/example_dags/example_sla_dag.py
[2022-02-05 19:34:54,107] {processor.py:642} INFO - Processing file /home/airflow/.local/lib/python3.7/site-packages/airflow/example_dags/example_sla_dag.py for tasks to queue
[2022-02-05 19:34:54,108] {logging_mixin.py:109} INFO - [2022-02-05 19:34:54,108] {dagbag.py:500} INFO - Filling up the DagBag from /home/airflow/.local/lib/python3.7/site-packages/airflow/example_dags/example_sla_dag.py
[2022-02-05 19:34:54,132] {processor.py:654} INFO - DAG(s) dict_keys(['example_sla_dag']) retrieved from /home/airflow/.local/lib/python3.7/site-packages/airflow/example_dags/example_sla_dag.py
[2022-02-05 19:34:54,140] {logging_mixin.py:109} INFO - [2022-02-05 19:34:54,140] {dag.py:2396} INFO - Sync 1 DAGs
[2022-02-05 19:34:54,155] {logging_mixin.py:109} INFO - [2022-02-05 19:34:54,155] {dag.py:2935} INFO - Setting next_dagrun for example_sla_dag to 2022-02-05T19:32:00+00:00
[2022-02-05 19:34:54,164] {processor.py:171} INFO - Processing /home/airflow/.local/lib/python3.7/site-packages/airflow/example_dags/example_sla_dag.py took 0.061 seconds
[2022-02-05 19:35:24,483] {processor.py:163} INFO - Started process (PID=1666) to work on /home/airflow/.local/lib/python3.7/site-packages/airflow/example_dags/example_sla_dag.py
[2022-02-05 19:35:24,484] {processor.py:642} INFO - Processing file /home/airflow/.local/lib/python3.7/site-packages/airflow/example_dags/example_sla_dag.py for tasks to queue
[2022-02-05 19:35:24,485] {logging_mixin.py:109} INFO - [2022-02-05 19:35:24,485] {dagbag.py:500} INFO - Filling up the DagBag from /home/airflow/.local/lib/python3.7/site-packages/airflow/example_dags/example_sla_dag.py
[2022-02-05 19:35:24,510] {processor.py:654} INFO - DAG(s) dict_keys(['example_sla_dag']) retrieved from /home/airflow/.local/lib/python3.7/site-packages/airflow/example_dags/example_sla_dag.py
[2022-02-05 19:35:24,518] {logging_mixin.py:109} INFO - [2022-02-05 19:35:24,518] {dag.py:2396} INFO - Sync 1 DAGs
[2022-02-05 19:35:24,532] {logging_mixin.py:109} INFO - [2022-02-05 19:35:24,532] {dag.py:2935} INFO - Setting next_dagrun for example_sla_dag to 2022-02-05T19:32:00+00:00
[2022-02-05 19:35:24,540] {processor.py:171} INFO - Processing /home/airflow/.local/lib/python3.7/site-packages/airflow/example_dags/example_sla_dag.py took 0.061 seconds
[2022-02-05 19:35:55,967] {processor.py:163} INFO - Started process (PID=1728) to work on /home/airflow/.local/lib/python3.7/site-packages/airflow/example_dags/example_sla_dag.py
[2022-02-05 19:35:55,970] {processor.py:642} INFO - Processing file /home/airflow/.local/lib/python3.7/site-packages/airflow/example_dags/example_sla_dag.py for tasks to queue
[2022-02-05 19:35:55,972] {logging_mixin.py:109} INFO - [2022-02-05 19:35:55,972] {dagbag.py:500} INFO - Filling up the DagBag from /home/airflow/.local/lib/python3.7/site-packages/airflow/example_dags/example_sla_dag.py
[2022-02-05 19:35:56,032] {processor.py:654} INFO - DAG(s) dict_keys(['example_sla_dag']) retrieved from /home/airflow/.local/lib/python3.7/site-packages/airflow/example_dags/example_sla_dag.py
[2022-02-05 19:35:56,049] {logging_mixin.py:109} INFO - [2022-02-05 19:35:56,049] {dag.py:2396} INFO - Sync 1 DAGs
[2022-02-05 19:35:56,087] {logging_mixin.py:109} INFO - [2022-02-05 19:35:56,087] {dag.py:2935} INFO - Setting next_dagrun for example_sla_dag to 2022-02-05T19:32:00+00:00
[2022-02-05 19:35:56,103] {processor.py:171} INFO - Processing /home/airflow/.local/lib/python3.7/site-packages/airflow/example_dags/example_sla_dag.py took 0.144 seconds
[2022-02-05 19:36:26,784] {processor.py:163} INFO - Started process (PID=1790) to work on /home/airflow/.local/lib/python3.7/site-packages/airflow/example_dags/example_sla_dag.py
[2022-02-05 19:36:26,787] {processor.py:642} INFO - Processing file /home/airflow/.local/lib/python3.7/site-packages/airflow/example_dags/example_sla_dag.py for tasks to queue
[2022-02-05 19:36:26,788] {logging_mixin.py:109} INFO - [2022-02-05 19:36:26,787] {dagbag.py:500} INFO - Filling up the DagBag from /home/airflow/.local/lib/python3.7/site-packages/airflow/example_dags/example_sla_dag.py
[2022-02-05 19:36:26,842] {processor.py:654} INFO - DAG(s) dict_keys(['example_sla_dag']) retrieved from /home/airflow/.local/lib/python3.7/site-packages/airflow/example_dags/example_sla_dag.py
[2022-02-05 19:36:26,856] {logging_mixin.py:109} INFO - [2022-02-05 19:36:26,856] {dag.py:2396} INFO - Sync 1 DAGs
[2022-02-05 19:36:26,884] {logging_mixin.py:109} INFO - [2022-02-05 19:36:26,883] {dag.py:2935} INFO - Setting next_dagrun for example_sla_dag to 2022-02-05T19:34:00+00:00
[2022-02-05 19:36:26,897] {processor.py:171} INFO - Processing /home/airflow/.local/lib/python3.7/site-packages/airflow/example_dags/example_sla_dag.py took 0.118 seconds
[2022-02-05 19:36:57,848] {processor.py:163} INFO - Started process (PID=1841) to work on /home/airflow/.local/lib/python3.7/site-packages/airflow/example_dags/example_sla_dag.py
[2022-02-05 19:36:57,869] {processor.py:642} INFO - Processing file /home/airflow/.local/lib/python3.7/site-packages/airflow/example_dags/example_sla_dag.py for tasks to queue
[2022-02-05 19:36:57,869] {logging_mixin.py:109} INFO - [2022-02-05 19:36:57,869] {dagbag.py:500} INFO - Filling up the DagBag from /home/airflow/.local/lib/python3.7/site-packages/airflow/example_dags/example_sla_dag.py
[2022-02-05 19:36:57,894] {processor.py:654} INFO - DAG(s) dict_keys(['example_sla_dag']) retrieved from /home/airflow/.local/lib/python3.7/site-packages/airflow/example_dags/example_sla_dag.py
[2022-02-05 19:36:57,901] {logging_mixin.py:109} INFO - [2022-02-05 19:36:57,901] {dag.py:2396} INFO - Sync 1 DAGs
[2022-02-05 19:36:57,917] {logging_mixin.py:109} INFO - [2022-02-05 19:36:57,916] {dag.py:2935} INFO - Setting next_dagrun for example_sla_dag to 2022-02-05T19:34:00+00:00
[2022-02-05 19:36:57,924] {processor.py:171} INFO - Processing /home/airflow/.local/lib/python3.7/site-packages/airflow/example_dags/example_sla_dag.py took 0.079 seconds
[2022-02-05 19:37:28,300] {processor.py:163} INFO - Started process (PID=1904) to work on /home/airflow/.local/lib/python3.7/site-packages/airflow/example_dags/example_sla_dag.py
[2022-02-05 19:37:28,301] {processor.py:642} INFO - Processing file /home/airflow/.local/lib/python3.7/site-packages/airflow/example_dags/example_sla_dag.py for tasks to queue
[2022-02-05 19:37:28,302] {logging_mixin.py:109} INFO - [2022-02-05 19:37:28,302] {dagbag.py:500} INFO - Filling up the DagBag from /home/airflow/.local/lib/python3.7/site-packages/airflow/example_dags/example_sla_dag.py
[2022-02-05 19:37:28,332] {processor.py:654} INFO - DAG(s) dict_keys(['example_sla_dag']) retrieved from /home/airflow/.local/lib/python3.7/site-packages/airflow/example_dags/example_sla_dag.py
[2022-02-05 19:37:28,342] {logging_mixin.py:109} INFO - [2022-02-05 19:37:28,342] {dag.py:2396} INFO - Sync 1 DAGs
[2022-02-05 19:37:28,360] {logging_mixin.py:109} INFO - [2022-02-05 19:37:28,360] {dag.py:2935} INFO - Setting next_dagrun for example_sla_dag to 2022-02-05T19:34:00+00:00
[2022-02-05 19:37:28,369] {processor.py:171} INFO - Processing /home/airflow/.local/lib/python3.7/site-packages/airflow/example_dags/example_sla_dag.py took 0.072 seconds
[2022-02-05 19:37:59,223] {processor.py:163} INFO - Started process (PID=1957) to work on /home/airflow/.local/lib/python3.7/site-packages/airflow/example_dags/example_sla_dag.py
[2022-02-05 19:37:59,225] {processor.py:642} INFO - Processing file /home/airflow/.local/lib/python3.7/site-packages/airflow/example_dags/example_sla_dag.py for tasks to queue
[2022-02-05 19:37:59,226] {logging_mixin.py:109} INFO - [2022-02-05 19:37:59,225] {dagbag.py:500} INFO - Filling up the DagBag from /home/airflow/.local/lib/python3.7/site-packages/airflow/example_dags/example_sla_dag.py
[2022-02-05 19:37:59,284] {processor.py:654} INFO - DAG(s) dict_keys(['example_sla_dag']) retrieved from /home/airflow/.local/lib/python3.7/site-packages/airflow/example_dags/example_sla_dag.py
[2022-02-05 19:37:59,297] {logging_mixin.py:109} INFO - [2022-02-05 19:37:59,297] {dag.py:2396} INFO - Sync 1 DAGs
[2022-02-05 19:37:59,319] {logging_mixin.py:109} INFO - [2022-02-05 19:37:59,319] {dag.py:2935} INFO - Setting next_dagrun for example_sla_dag to 2022-02-05T19:34:00+00:00
[2022-02-05 19:37:59,330] {processor.py:171} INFO - Processing /home/airflow/.local/lib/python3.7/site-packages/airflow/example_dags/example_sla_dag.py took 0.112 seconds
[2022-02-05 19:38:29,652] {processor.py:163} INFO - Started process (PID=2020) to work on /home/airflow/.local/lib/python3.7/site-packages/airflow/example_dags/example_sla_dag.py
[2022-02-05 19:38:29,653] {processor.py:642} INFO - Processing file /home/airflow/.local/lib/python3.7/site-packages/airflow/example_dags/example_sla_dag.py for tasks to queue
[2022-02-05 19:38:29,654] {logging_mixin.py:109} INFO - [2022-02-05 19:38:29,654] {dagbag.py:500} INFO - Filling up the DagBag from /home/airflow/.local/lib/python3.7/site-packages/airflow/example_dags/example_sla_dag.py
[2022-02-05 19:38:29,689] {processor.py:654} INFO - DAG(s) dict_keys(['example_sla_dag']) retrieved from /home/airflow/.local/lib/python3.7/site-packages/airflow/example_dags/example_sla_dag.py
[2022-02-05 19:38:29,700] {logging_mixin.py:109} INFO - [2022-02-05 19:38:29,699] {dag.py:2396} INFO - Sync 1 DAGs
[2022-02-05 19:38:29,720] {logging_mixin.py:109} INFO - [2022-02-05 19:38:29,720] {dag.py:2935} INFO - Setting next_dagrun for example_sla_dag to 2022-02-05T19:36:00+00:00
[2022-02-05 19:38:29,818] {processor.py:171} INFO - Processing /home/airflow/.local/lib/python3.7/site-packages/airflow/example_dags/example_sla_dag.py took 0.170 seconds
[2022-02-05 19:39:00,145] {processor.py:163} INFO - Started process (PID=2074) to work on /home/airflow/.local/lib/python3.7/site-packages/airflow/example_dags/example_sla_dag.py
[2022-02-05 19:39:00,147] {processor.py:642} INFO - Processing file /home/airflow/.local/lib/python3.7/site-packages/airflow/example_dags/example_sla_dag.py for tasks to queue
[2022-02-05 19:39:00,148] {logging_mixin.py:109} INFO - [2022-02-05 19:39:00,147] {dagbag.py:500} INFO - Filling up the DagBag from /home/airflow/.local/lib/python3.7/site-packages/airflow/example_dags/example_sla_dag.py
[2022-02-05 19:39:00,185] {processor.py:654} INFO - DAG(s) dict_keys(['example_sla_dag']) retrieved from /home/airflow/.local/lib/python3.7/site-packages/airflow/example_dags/example_sla_dag.py
[2022-02-05 19:39:00,196] {logging_mixin.py:109} INFO - [2022-02-05 19:39:00,196] {dag.py:2396} INFO - Sync 1 DAGs
[2022-02-05 19:39:00,219] {logging_mixin.py:109} INFO - [2022-02-05 19:39:00,219] {dag.py:2935} INFO - Setting next_dagrun for example_sla_dag to 2022-02-05T19:36:00+00:00
[2022-02-05 19:39:00,229] {processor.py:171} INFO - Processing /home/airflow/.local/lib/python3.7/site-packages/airflow/example_dags/example_sla_dag.py took 0.088 seconds
[2022-02-05 19:39:31,219] {processor.py:163} INFO - Started process (PID=2140) to work on /home/airflow/.local/lib/python3.7/site-packages/airflow/example_dags/example_sla_dag.py
[2022-02-05 19:39:31,220] {processor.py:642} INFO - Processing file /home/airflow/.local/lib/python3.7/site-packages/airflow/example_dags/example_sla_dag.py for tasks to queue
[2022-02-05 19:39:31,221] {logging_mixin.py:109} INFO - [2022-02-05 19:39:31,221] {dagbag.py:500} INFO - Filling up the DagBag from /home/airflow/.local/lib/python3.7/site-packages/airflow/example_dags/example_sla_dag.py
[2022-02-05 19:39:31,269] {processor.py:654} INFO - DAG(s) dict_keys(['example_sla_dag']) retrieved from /home/airflow/.local/lib/python3.7/site-packages/airflow/example_dags/example_sla_dag.py
[2022-02-05 19:39:31,283] {logging_mixin.py:109} INFO - [2022-02-05 19:39:31,283] {dag.py:2396} INFO - Sync 1 DAGs
[2022-02-05 19:39:31,314] {logging_mixin.py:109} INFO - [2022-02-05 19:39:31,314] {dag.py:2935} INFO - Setting next_dagrun for example_sla_dag to 2022-02-05T19:36:00+00:00
[2022-02-05 19:39:31,423] {processor.py:171} INFO - Processing /home/airflow/.local/lib/python3.7/site-packages/airflow/example_dags/example_sla_dag.py took 0.208 seconds
[2022-02-05 19:40:01,788] {processor.py:163} INFO - Started process (PID=2194) to work on /home/airflow/.local/lib/python3.7/site-packages/airflow/example_dags/example_sla_dag.py
[2022-02-05 19:40:01,790] {processor.py:642} INFO - Processing file /home/airflow/.local/lib/python3.7/site-packages/airflow/example_dags/example_sla_dag.py for tasks to queue
[2022-02-05 19:40:01,791] {logging_mixin.py:109} INFO - [2022-02-05 19:40:01,791] {dagbag.py:500} INFO - Filling up the DagBag from /home/airflow/.local/lib/python3.7/site-packages/airflow/example_dags/example_sla_dag.py
[2022-02-05 19:40:01,829] {processor.py:654} INFO - DAG(s) dict_keys(['example_sla_dag']) retrieved from /home/airflow/.local/lib/python3.7/site-packages/airflow/example_dags/example_sla_dag.py
[2022-02-05 19:40:01,842] {logging_mixin.py:109} INFO - [2022-02-05 19:40:01,842] {dag.py:2396} INFO - Sync 1 DAGs
[2022-02-05 19:40:01,983] {logging_mixin.py:109} INFO - [2022-02-05 19:40:01,982] {dag.py:2935} INFO - Setting next_dagrun for example_sla_dag to 2022-02-05T19:38:00+00:00
[2022-02-05 19:40:01,993] {processor.py:171} INFO - Processing /home/airflow/.local/lib/python3.7/site-packages/airflow/example_dags/example_sla_dag.py took 0.209 seconds
[2022-02-05 19:40:32,669] {processor.py:163} INFO - Started process (PID=2251) to work on /home/airflow/.local/lib/python3.7/site-packages/airflow/example_dags/example_sla_dag.py
[2022-02-05 19:40:32,670] {processor.py:642} INFO - Processing file /home/airflow/.local/lib/python3.7/site-packages/airflow/example_dags/example_sla_dag.py for tasks to queue
[2022-02-05 19:40:32,671] {logging_mixin.py:109} INFO - [2022-02-05 19:40:32,671] {dagbag.py:500} INFO - Filling up the DagBag from /home/airflow/.local/lib/python3.7/site-packages/airflow/example_dags/example_sla_dag.py
[2022-02-05 19:40:32,707] {processor.py:654} INFO - DAG(s) dict_keys(['example_sla_dag']) retrieved from /home/airflow/.local/lib/python3.7/site-packages/airflow/example_dags/example_sla_dag.py
[2022-02-05 19:40:32,720] {logging_mixin.py:109} INFO - [2022-02-05 19:40:32,720] {dag.py:2396} INFO - Sync 1 DAGs
[2022-02-05 19:40:32,869] {logging_mixin.py:109} INFO - [2022-02-05 19:40:32,868] {dag.py:2935} INFO - Setting next_dagrun for example_sla_dag to 2022-02-05T19:38:00+00:00
[2022-02-05 19:40:32,882] {processor.py:171} INFO - Processing /home/airflow/.local/lib/python3.7/site-packages/airflow/example_dags/example_sla_dag.py took 0.217 seconds
[2022-02-05 19:41:03,291] {processor.py:163} INFO - Started process (PID=2314) to work on /home/airflow/.local/lib/python3.7/site-packages/airflow/example_dags/example_sla_dag.py
[2022-02-05 19:41:03,292] {processor.py:642} INFO - Processing file /home/airflow/.local/lib/python3.7/site-packages/airflow/example_dags/example_sla_dag.py for tasks to queue
[2022-02-05 19:41:03,293] {logging_mixin.py:109} INFO - [2022-02-05 19:41:03,293] {dagbag.py:500} INFO - Filling up the DagBag from /home/airflow/.local/lib/python3.7/site-packages/airflow/example_dags/example_sla_dag.py
[2022-02-05 19:41:03,322] {processor.py:654} INFO - DAG(s) dict_keys(['example_sla_dag']) retrieved from /home/airflow/.local/lib/python3.7/site-packages/airflow/example_dags/example_sla_dag.py
[2022-02-05 19:41:03,416] {logging_mixin.py:109} INFO - [2022-02-05 19:41:03,416] {dag.py:2396} INFO - Sync 1 DAGs
[2022-02-05 19:41:03,436] {logging_mixin.py:109} INFO - [2022-02-05 19:41:03,436] {dag.py:2935} INFO - Setting next_dagrun for example_sla_dag to 2022-02-05T19:38:00+00:00
[2022-02-05 19:41:03,445] {processor.py:171} INFO - Processing /home/airflow/.local/lib/python3.7/site-packages/airflow/example_dags/example_sla_dag.py took 0.157 seconds
[2022-02-05 19:41:34,375] {processor.py:163} INFO - Started process (PID=2367) to work on /home/airflow/.local/lib/python3.7/site-packages/airflow/example_dags/example_sla_dag.py
[2022-02-05 19:41:34,379] {processor.py:642} INFO - Processing file /home/airflow/.local/lib/python3.7/site-packages/airflow/example_dags/example_sla_dag.py for tasks to queue
[2022-02-05 19:41:34,380] {logging_mixin.py:109} INFO - [2022-02-05 19:41:34,380] {dagbag.py:500} INFO - Filling up the DagBag from /home/airflow/.local/lib/python3.7/site-packages/airflow/example_dags/example_sla_dag.py
[2022-02-05 19:41:34,439] {processor.py:654} INFO - DAG(s) dict_keys(['example_sla_dag']) retrieved from /home/airflow/.local/lib/python3.7/site-packages/airflow/example_dags/example_sla_dag.py
[2022-02-05 19:41:34,601] {logging_mixin.py:109} INFO - [2022-02-05 19:41:34,600] {dag.py:2396} INFO - Sync 1 DAGs
[2022-02-05 19:41:34,642] {logging_mixin.py:109} INFO - [2022-02-05 19:41:34,641] {dag.py:2935} INFO - Setting next_dagrun for example_sla_dag to 2022-02-05T19:38:00+00:00
[2022-02-05 19:41:34,661] {processor.py:171} INFO - Processing /home/airflow/.local/lib/python3.7/site-packages/airflow/example_dags/example_sla_dag.py took 0.293 seconds
[2022-02-05 19:42:05,187] {processor.py:163} INFO - Started process (PID=2428) to work on /home/airflow/.local/lib/python3.7/site-packages/airflow/example_dags/example_sla_dag.py
[2022-02-05 19:42:05,189] {processor.py:642} INFO - Processing file /home/airflow/.local/lib/python3.7/site-packages/airflow/example_dags/example_sla_dag.py for tasks to queue
[2022-02-05 19:42:05,190] {logging_mixin.py:109} INFO - [2022-02-05 19:42:05,190] {dagbag.py:500} INFO - Filling up the DagBag from /home/airflow/.local/lib/python3.7/site-packages/airflow/example_dags/example_sla_dag.py
[2022-02-05 19:42:05,351] {processor.py:654} INFO - DAG(s) dict_keys(['example_sla_dag']) retrieved from /home/airflow/.local/lib/python3.7/site-packages/airflow/example_dags/example_sla_dag.py
[2022-02-05 19:42:05,360] {logging_mixin.py:109} INFO - [2022-02-05 19:42:05,360] {dag.py:2396} INFO - Sync 1 DAGs
[2022-02-05 19:42:05,380] {logging_mixin.py:109} INFO - [2022-02-05 19:42:05,380] {dag.py:2935} INFO - Setting next_dagrun for example_sla_dag to 2022-02-05T19:40:00+00:00
[2022-02-05 19:42:05,390] {processor.py:171} INFO - Processing /home/airflow/.local/lib/python3.7/site-packages/airflow/example_dags/example_sla_dag.py took 0.208 seconds
[2022-02-05 19:42:35,514] {processor.py:163} INFO - Started process (PID=2481) to work on /home/airflow/.local/lib/python3.7/site-packages/airflow/example_dags/example_sla_dag.py
[2022-02-05 19:42:35,516] {processor.py:642} INFO - Processing file /home/airflow/.local/lib/python3.7/site-packages/airflow/example_dags/example_sla_dag.py for tasks to queue
[2022-02-05 19:42:35,516] {logging_mixin.py:109} INFO - [2022-02-05 19:42:35,516] {dagbag.py:500} INFO - Filling up the DagBag from /home/airflow/.local/lib/python3.7/site-packages/airflow/example_dags/example_sla_dag.py
[2022-02-05 19:42:35,653] {processor.py:654} INFO - DAG(s) dict_keys(['example_sla_dag']) retrieved from /home/airflow/.local/lib/python3.7/site-packages/airflow/example_dags/example_sla_dag.py
[2022-02-05 19:42:35,665] {logging_mixin.py:109} INFO - [2022-02-05 19:42:35,665] {dag.py:2396} INFO - Sync 1 DAGs
[2022-02-05 19:42:35,687] {logging_mixin.py:109} INFO - [2022-02-05 19:42:35,686] {dag.py:2935} INFO - Setting next_dagrun for example_sla_dag to 2022-02-05T19:40:00+00:00
[2022-02-05 19:42:35,697] {processor.py:171} INFO - Processing /home/airflow/.local/lib/python3.7/site-packages/airflow/example_dags/example_sla_dag.py took 0.187 seconds
[2022-02-05 19:43:06,195] {processor.py:163} INFO - Started process (PID=2543) to work on /home/airflow/.local/lib/python3.7/site-packages/airflow/example_dags/example_sla_dag.py
[2022-02-05 19:43:06,197] {processor.py:642} INFO - Processing file /home/airflow/.local/lib/python3.7/site-packages/airflow/example_dags/example_sla_dag.py for tasks to queue
[2022-02-05 19:43:06,197] {logging_mixin.py:109} INFO - [2022-02-05 19:43:06,197] {dagbag.py:500} INFO - Filling up the DagBag from /home/airflow/.local/lib/python3.7/site-packages/airflow/example_dags/example_sla_dag.py
[2022-02-05 19:43:06,336] {processor.py:654} INFO - DAG(s) dict_keys(['example_sla_dag']) retrieved from /home/airflow/.local/lib/python3.7/site-packages/airflow/example_dags/example_sla_dag.py
[2022-02-05 19:43:06,345] {logging_mixin.py:109} INFO - [2022-02-05 19:43:06,345] {dag.py:2396} INFO - Sync 1 DAGs
[2022-02-05 19:43:06,366] {logging_mixin.py:109} INFO - [2022-02-05 19:43:06,365] {dag.py:2935} INFO - Setting next_dagrun for example_sla_dag to 2022-02-05T19:40:00+00:00
[2022-02-05 19:43:06,376] {processor.py:171} INFO - Processing /home/airflow/.local/lib/python3.7/site-packages/airflow/example_dags/example_sla_dag.py took 0.185 seconds
[2022-02-05 19:43:36,897] {processor.py:163} INFO - Started process (PID=2597) to work on /home/airflow/.local/lib/python3.7/site-packages/airflow/example_dags/example_sla_dag.py
[2022-02-05 19:43:36,898] {processor.py:642} INFO - Processing file /home/airflow/.local/lib/python3.7/site-packages/airflow/example_dags/example_sla_dag.py for tasks to queue
[2022-02-05 19:43:36,899] {logging_mixin.py:109} INFO - [2022-02-05 19:43:36,899] {dagbag.py:500} INFO - Filling up the DagBag from /home/airflow/.local/lib/python3.7/site-packages/airflow/example_dags/example_sla_dag.py
[2022-02-05 19:43:36,993] {processor.py:654} INFO - DAG(s) dict_keys(['example_sla_dag']) retrieved from /home/airflow/.local/lib/python3.7/site-packages/airflow/example_dags/example_sla_dag.py
[2022-02-05 19:43:37,000] {logging_mixin.py:109} INFO - [2022-02-05 19:43:37,000] {dag.py:2396} INFO - Sync 1 DAGs
[2022-02-05 19:43:37,013] {logging_mixin.py:109} INFO - [2022-02-05 19:43:37,013] {dag.py:2935} INFO - Setting next_dagrun for example_sla_dag to 2022-02-05T19:40:00+00:00
[2022-02-05 19:43:37,022] {processor.py:171} INFO - Processing /home/airflow/.local/lib/python3.7/site-packages/airflow/example_dags/example_sla_dag.py took 0.128 seconds
[2022-02-05 19:44:07,122] {processor.py:163} INFO - Started process (PID=2664) to work on /home/airflow/.local/lib/python3.7/site-packages/airflow/example_dags/example_sla_dag.py
[2022-02-05 19:44:07,124] {processor.py:642} INFO - Processing file /home/airflow/.local/lib/python3.7/site-packages/airflow/example_dags/example_sla_dag.py for tasks to queue
[2022-02-05 19:44:07,124] {logging_mixin.py:109} INFO - [2022-02-05 19:44:07,124] {dagbag.py:500} INFO - Filling up the DagBag from /home/airflow/.local/lib/python3.7/site-packages/airflow/example_dags/example_sla_dag.py
[2022-02-05 19:44:07,223] {processor.py:654} INFO - DAG(s) dict_keys(['example_sla_dag']) retrieved from /home/airflow/.local/lib/python3.7/site-packages/airflow/example_dags/example_sla_dag.py
[2022-02-05 19:44:07,230] {logging_mixin.py:109} INFO - [2022-02-05 19:44:07,230] {dag.py:2396} INFO - Sync 1 DAGs
[2022-02-05 19:44:07,244] {logging_mixin.py:109} INFO - [2022-02-05 19:44:07,244] {dag.py:2935} INFO - Setting next_dagrun for example_sla_dag to 2022-02-05T19:42:00+00:00
[2022-02-05 19:44:07,255] {processor.py:171} INFO - Processing /home/airflow/.local/lib/python3.7/site-packages/airflow/example_dags/example_sla_dag.py took 0.135 seconds
[2022-02-05 19:44:37,953] {processor.py:163} INFO - Started process (PID=2716) to work on /home/airflow/.local/lib/python3.7/site-packages/airflow/example_dags/example_sla_dag.py
[2022-02-05 19:44:37,954] {processor.py:642} INFO - Processing file /home/airflow/.local/lib/python3.7/site-packages/airflow/example_dags/example_sla_dag.py for tasks to queue
[2022-02-05 19:44:37,955] {logging_mixin.py:109} INFO - [2022-02-05 19:44:37,955] {dagbag.py:500} INFO - Filling up the DagBag from /home/airflow/.local/lib/python3.7/site-packages/airflow/example_dags/example_sla_dag.py
[2022-02-05 19:44:37,980] {processor.py:654} INFO - DAG(s) dict_keys(['example_sla_dag']) retrieved from /home/airflow/.local/lib/python3.7/site-packages/airflow/example_dags/example_sla_dag.py
[2022-02-05 19:44:37,987] {logging_mixin.py:109} INFO - [2022-02-05 19:44:37,987] {dag.py:2396} INFO - Sync 1 DAGs
[2022-02-05 19:44:38,002] {logging_mixin.py:109} INFO - [2022-02-05 19:44:38,002] {dag.py:2935} INFO - Setting next_dagrun for example_sla_dag to 2022-02-05T19:42:00+00:00
[2022-02-05 19:44:38,009] {processor.py:171} INFO - Processing /home/airflow/.local/lib/python3.7/site-packages/airflow/example_dags/example_sla_dag.py took 0.059 seconds
[2022-02-05 19:45:08,787] {processor.py:163} INFO - Started process (PID=2778) to work on /home/airflow/.local/lib/python3.7/site-packages/airflow/example_dags/example_sla_dag.py
[2022-02-05 19:45:08,788] {processor.py:642} INFO - Processing file /home/airflow/.local/lib/python3.7/site-packages/airflow/example_dags/example_sla_dag.py for tasks to queue
[2022-02-05 19:45:08,789] {logging_mixin.py:109} INFO - [2022-02-05 19:45:08,789] {dagbag.py:500} INFO - Filling up the DagBag from /home/airflow/.local/lib/python3.7/site-packages/airflow/example_dags/example_sla_dag.py
[2022-02-05 19:45:08,812] {processor.py:654} INFO - DAG(s) dict_keys(['example_sla_dag']) retrieved from /home/airflow/.local/lib/python3.7/site-packages/airflow/example_dags/example_sla_dag.py
[2022-02-05 19:45:08,820] {logging_mixin.py:109} INFO - [2022-02-05 19:45:08,820] {dag.py:2396} INFO - Sync 1 DAGs
[2022-02-05 19:45:08,834] {logging_mixin.py:109} INFO - [2022-02-05 19:45:08,833] {dag.py:2935} INFO - Setting next_dagrun for example_sla_dag to 2022-02-05T19:42:00+00:00
[2022-02-05 19:45:08,841] {processor.py:171} INFO - Processing /home/airflow/.local/lib/python3.7/site-packages/airflow/example_dags/example_sla_dag.py took 0.057 seconds
[2022-02-05 19:45:39,733] {processor.py:163} INFO - Started process (PID=2831) to work on /home/airflow/.local/lib/python3.7/site-packages/airflow/example_dags/example_sla_dag.py
[2022-02-05 19:45:39,735] {processor.py:642} INFO - Processing file /home/airflow/.local/lib/python3.7/site-packages/airflow/example_dags/example_sla_dag.py for tasks to queue
[2022-02-05 19:45:39,735] {logging_mixin.py:109} INFO - [2022-02-05 19:45:39,735] {dagbag.py:500} INFO - Filling up the DagBag from /home/airflow/.local/lib/python3.7/site-packages/airflow/example_dags/example_sla_dag.py
[2022-02-05 19:45:39,763] {processor.py:654} INFO - DAG(s) dict_keys(['example_sla_dag']) retrieved from /home/airflow/.local/lib/python3.7/site-packages/airflow/example_dags/example_sla_dag.py
[2022-02-05 19:45:39,771] {logging_mixin.py:109} INFO - [2022-02-05 19:45:39,771] {dag.py:2396} INFO - Sync 1 DAGs
[2022-02-05 19:45:39,786] {logging_mixin.py:109} INFO - [2022-02-05 19:45:39,786] {dag.py:2935} INFO - Setting next_dagrun for example_sla_dag to 2022-02-05T19:42:00+00:00
[2022-02-05 19:45:39,794] {processor.py:171} INFO - Processing /home/airflow/.local/lib/python3.7/site-packages/airflow/example_dags/example_sla_dag.py took 0.063 seconds
[2022-02-05 19:46:10,572] {processor.py:163} INFO - Started process (PID=2894) to work on /home/airflow/.local/lib/python3.7/site-packages/airflow/example_dags/example_sla_dag.py
[2022-02-05 19:46:10,573] {processor.py:642} INFO - Processing file /home/airflow/.local/lib/python3.7/site-packages/airflow/example_dags/example_sla_dag.py for tasks to queue
[2022-02-05 19:46:10,573] {logging_mixin.py:109} INFO - [2022-02-05 19:46:10,573] {dagbag.py:500} INFO - Filling up the DagBag from /home/airflow/.local/lib/python3.7/site-packages/airflow/example_dags/example_sla_dag.py
[2022-02-05 19:46:10,598] {processor.py:654} INFO - DAG(s) dict_keys(['example_sla_dag']) retrieved from /home/airflow/.local/lib/python3.7/site-packages/airflow/example_dags/example_sla_dag.py
[2022-02-05 19:46:10,605] {logging_mixin.py:109} INFO - [2022-02-05 19:46:10,605] {dag.py:2396} INFO - Sync 1 DAGs
[2022-02-05 19:46:10,618] {logging_mixin.py:109} INFO - [2022-02-05 19:46:10,618] {dag.py:2935} INFO - Setting next_dagrun for example_sla_dag to 2022-02-05T19:44:00+00:00
[2022-02-05 19:46:10,626] {processor.py:171} INFO - Processing /home/airflow/.local/lib/python3.7/site-packages/airflow/example_dags/example_sla_dag.py took 0.057 seconds
[2022-02-05 19:46:41,295] {processor.py:163} INFO - Started process (PID=2955) to work on /home/airflow/.local/lib/python3.7/site-packages/airflow/example_dags/example_sla_dag.py
[2022-02-05 19:46:41,296] {processor.py:642} INFO - Processing file /home/airflow/.local/lib/python3.7/site-packages/airflow/example_dags/example_sla_dag.py for tasks to queue
[2022-02-05 19:46:41,297] {logging_mixin.py:109} INFO - [2022-02-05 19:46:41,297] {dagbag.py:500} INFO - Filling up the DagBag from /home/airflow/.local/lib/python3.7/site-packages/airflow/example_dags/example_sla_dag.py
[2022-02-05 19:46:41,323] {processor.py:654} INFO - DAG(s) dict_keys(['example_sla_dag']) retrieved from /home/airflow/.local/lib/python3.7/site-packages/airflow/example_dags/example_sla_dag.py
[2022-02-05 19:46:41,331] {logging_mixin.py:109} INFO - [2022-02-05 19:46:41,331] {dag.py:2396} INFO - Sync 1 DAGs
[2022-02-05 19:46:41,346] {logging_mixin.py:109} INFO - [2022-02-05 19:46:41,346] {dag.py:2935} INFO - Setting next_dagrun for example_sla_dag to 2022-02-05T19:44:00+00:00
[2022-02-05 19:46:41,354] {processor.py:171} INFO - Processing /home/airflow/.local/lib/python3.7/site-packages/airflow/example_dags/example_sla_dag.py took 0.062 seconds
[2022-02-05 19:47:12,153] {processor.py:163} INFO - Started process (PID=3006) to work on /home/airflow/.local/lib/python3.7/site-packages/airflow/example_dags/example_sla_dag.py
[2022-02-05 19:47:12,154] {processor.py:642} INFO - Processing file /home/airflow/.local/lib/python3.7/site-packages/airflow/example_dags/example_sla_dag.py for tasks to queue
[2022-02-05 19:47:12,155] {logging_mixin.py:109} INFO - [2022-02-05 19:47:12,155] {dagbag.py:500} INFO - Filling up the DagBag from /home/airflow/.local/lib/python3.7/site-packages/airflow/example_dags/example_sla_dag.py
[2022-02-05 19:47:12,186] {processor.py:654} INFO - DAG(s) dict_keys(['example_sla_dag']) retrieved from /home/airflow/.local/lib/python3.7/site-packages/airflow/example_dags/example_sla_dag.py
[2022-02-05 19:47:12,196] {logging_mixin.py:109} INFO - [2022-02-05 19:47:12,196] {dag.py:2396} INFO - Sync 1 DAGs
[2022-02-05 19:47:12,216] {logging_mixin.py:109} INFO - [2022-02-05 19:47:12,215] {dag.py:2935} INFO - Setting next_dagrun for example_sla_dag to 2022-02-05T19:44:00+00:00
[2022-02-05 19:47:12,226] {processor.py:171} INFO - Processing /home/airflow/.local/lib/python3.7/site-packages/airflow/example_dags/example_sla_dag.py took 0.076 seconds
[2022-02-05 19:47:42,943] {processor.py:163} INFO - Started process (PID=3068) to work on /home/airflow/.local/lib/python3.7/site-packages/airflow/example_dags/example_sla_dag.py
[2022-02-05 19:47:42,944] {processor.py:642} INFO - Processing file /home/airflow/.local/lib/python3.7/site-packages/airflow/example_dags/example_sla_dag.py for tasks to queue
[2022-02-05 19:47:42,945] {logging_mixin.py:109} INFO - [2022-02-05 19:47:42,945] {dagbag.py:500} INFO - Filling up the DagBag from /home/airflow/.local/lib/python3.7/site-packages/airflow/example_dags/example_sla_dag.py
[2022-02-05 19:47:42,970] {processor.py:654} INFO - DAG(s) dict_keys(['example_sla_dag']) retrieved from /home/airflow/.local/lib/python3.7/site-packages/airflow/example_dags/example_sla_dag.py
[2022-02-05 19:47:42,978] {logging_mixin.py:109} INFO - [2022-02-05 19:47:42,977] {dag.py:2396} INFO - Sync 1 DAGs
[2022-02-05 19:47:42,991] {logging_mixin.py:109} INFO - [2022-02-05 19:47:42,991] {dag.py:2935} INFO - Setting next_dagrun for example_sla_dag to 2022-02-05T19:44:00+00:00
[2022-02-05 19:47:42,999] {processor.py:171} INFO - Processing /home/airflow/.local/lib/python3.7/site-packages/airflow/example_dags/example_sla_dag.py took 0.058 seconds
[2022-02-05 19:48:14,338] {processor.py:163} INFO - Started process (PID=3121) to work on /home/airflow/.local/lib/python3.7/site-packages/airflow/example_dags/example_sla_dag.py
[2022-02-05 19:48:14,339] {processor.py:642} INFO - Processing file /home/airflow/.local/lib/python3.7/site-packages/airflow/example_dags/example_sla_dag.py for tasks to queue
[2022-02-05 19:48:14,340] {logging_mixin.py:109} INFO - [2022-02-05 19:48:14,340] {dagbag.py:500} INFO - Filling up the DagBag from /home/airflow/.local/lib/python3.7/site-packages/airflow/example_dags/example_sla_dag.py
[2022-02-05 19:48:14,391] {processor.py:654} INFO - DAG(s) dict_keys(['example_sla_dag']) retrieved from /home/airflow/.local/lib/python3.7/site-packages/airflow/example_dags/example_sla_dag.py
[2022-02-05 19:48:14,411] {logging_mixin.py:109} INFO - [2022-02-05 19:48:14,411] {dag.py:2396} INFO - Sync 1 DAGs
[2022-02-05 19:48:14,447] {logging_mixin.py:109} INFO - [2022-02-05 19:48:14,447] {dag.py:2935} INFO - Setting next_dagrun for example_sla_dag to 2022-02-05T19:46:00+00:00
[2022-02-05 19:48:14,462] {processor.py:171} INFO - Processing /home/airflow/.local/lib/python3.7/site-packages/airflow/example_dags/example_sla_dag.py took 0.129 seconds
[2022-02-05 19:48:44,594] {processor.py:163} INFO - Started process (PID=3184) to work on /home/airflow/.local/lib/python3.7/site-packages/airflow/example_dags/example_sla_dag.py
[2022-02-05 19:48:44,595] {processor.py:642} INFO - Processing file /home/airflow/.local/lib/python3.7/site-packages/airflow/example_dags/example_sla_dag.py for tasks to queue
[2022-02-05 19:48:44,596] {logging_mixin.py:109} INFO - [2022-02-05 19:48:44,596] {dagbag.py:500} INFO - Filling up the DagBag from /home/airflow/.local/lib/python3.7/site-packages/airflow/example_dags/example_sla_dag.py
[2022-02-05 19:48:44,627] {processor.py:654} INFO - DAG(s) dict_keys(['example_sla_dag']) retrieved from /home/airflow/.local/lib/python3.7/site-packages/airflow/example_dags/example_sla_dag.py
[2022-02-05 19:48:44,640] {logging_mixin.py:109} INFO - [2022-02-05 19:48:44,640] {dag.py:2396} INFO - Sync 1 DAGs
[2022-02-05 19:48:44,659] {logging_mixin.py:109} INFO - [2022-02-05 19:48:44,659] {dag.py:2935} INFO - Setting next_dagrun for example_sla_dag to 2022-02-05T19:46:00+00:00
[2022-02-05 19:48:44,670] {processor.py:171} INFO - Processing /home/airflow/.local/lib/python3.7/site-packages/airflow/example_dags/example_sla_dag.py took 0.079 seconds
[2022-02-05 19:49:15,260] {processor.py:163} INFO - Started process (PID=3239) to work on /home/airflow/.local/lib/python3.7/site-packages/airflow/example_dags/example_sla_dag.py
[2022-02-05 19:49:15,261] {processor.py:642} INFO - Processing file /home/airflow/.local/lib/python3.7/site-packages/airflow/example_dags/example_sla_dag.py for tasks to queue
[2022-02-05 19:49:15,262] {logging_mixin.py:109} INFO - [2022-02-05 19:49:15,262] {dagbag.py:500} INFO - Filling up the DagBag from /home/airflow/.local/lib/python3.7/site-packages/airflow/example_dags/example_sla_dag.py
[2022-02-05 19:49:15,287] {processor.py:654} INFO - DAG(s) dict_keys(['example_sla_dag']) retrieved from /home/airflow/.local/lib/python3.7/site-packages/airflow/example_dags/example_sla_dag.py
[2022-02-05 19:49:15,297] {logging_mixin.py:109} INFO - [2022-02-05 19:49:15,297] {dag.py:2396} INFO - Sync 1 DAGs
[2022-02-05 19:49:15,323] {logging_mixin.py:109} INFO - [2022-02-05 19:49:15,323] {dag.py:2935} INFO - Setting next_dagrun for example_sla_dag to 2022-02-05T19:46:00+00:00
[2022-02-05 19:49:15,333] {processor.py:171} INFO - Processing /home/airflow/.local/lib/python3.7/site-packages/airflow/example_dags/example_sla_dag.py took 0.077 seconds
[2022-02-05 19:49:46,135] {processor.py:163} INFO - Started process (PID=3302) to work on /home/airflow/.local/lib/python3.7/site-packages/airflow/example_dags/example_sla_dag.py
[2022-02-05 19:49:46,137] {processor.py:642} INFO - Processing file /home/airflow/.local/lib/python3.7/site-packages/airflow/example_dags/example_sla_dag.py for tasks to queue
[2022-02-05 19:49:46,138] {logging_mixin.py:109} INFO - [2022-02-05 19:49:46,138] {dagbag.py:500} INFO - Filling up the DagBag from /home/airflow/.local/lib/python3.7/site-packages/airflow/example_dags/example_sla_dag.py
[2022-02-05 19:49:46,183] {processor.py:654} INFO - DAG(s) dict_keys(['example_sla_dag']) retrieved from /home/airflow/.local/lib/python3.7/site-packages/airflow/example_dags/example_sla_dag.py
[2022-02-05 19:49:46,197] {logging_mixin.py:109} INFO - [2022-02-05 19:49:46,197] {dag.py:2396} INFO - Sync 1 DAGs
[2022-02-05 19:49:46,224] {logging_mixin.py:109} INFO - [2022-02-05 19:49:46,224] {dag.py:2935} INFO - Setting next_dagrun for example_sla_dag to 2022-02-05T19:46:00+00:00
[2022-02-05 19:49:46,238] {processor.py:171} INFO - Processing /home/airflow/.local/lib/python3.7/site-packages/airflow/example_dags/example_sla_dag.py took 0.108 seconds
[2022-02-05 19:50:16,959] {processor.py:163} INFO - Started process (PID=3355) to work on /home/airflow/.local/lib/python3.7/site-packages/airflow/example_dags/example_sla_dag.py
[2022-02-05 19:50:16,960] {processor.py:642} INFO - Processing file /home/airflow/.local/lib/python3.7/site-packages/airflow/example_dags/example_sla_dag.py for tasks to queue
[2022-02-05 19:50:16,961] {logging_mixin.py:109} INFO - [2022-02-05 19:50:16,961] {dagbag.py:500} INFO - Filling up the DagBag from /home/airflow/.local/lib/python3.7/site-packages/airflow/example_dags/example_sla_dag.py
[2022-02-05 19:50:17,023] {processor.py:654} INFO - DAG(s) dict_keys(['example_sla_dag']) retrieved from /home/airflow/.local/lib/python3.7/site-packages/airflow/example_dags/example_sla_dag.py
[2022-02-05 19:50:17,030] {logging_mixin.py:109} INFO - [2022-02-05 19:50:17,030] {dag.py:2396} INFO - Sync 1 DAGs
[2022-02-05 19:50:17,046] {logging_mixin.py:109} INFO - [2022-02-05 19:50:17,046] {dag.py:2935} INFO - Setting next_dagrun for example_sla_dag to 2022-02-05T19:48:00+00:00
[2022-02-05 19:50:17,054] {processor.py:171} INFO - Processing /home/airflow/.local/lib/python3.7/site-packages/airflow/example_dags/example_sla_dag.py took 0.098 seconds
[2022-02-05 19:50:48,456] {processor.py:163} INFO - Started process (PID=3416) to work on /home/airflow/.local/lib/python3.7/site-packages/airflow/example_dags/example_sla_dag.py
[2022-02-05 19:50:48,459] {processor.py:642} INFO - Processing file /home/airflow/.local/lib/python3.7/site-packages/airflow/example_dags/example_sla_dag.py for tasks to queue
[2022-02-05 19:50:48,460] {logging_mixin.py:109} INFO - [2022-02-05 19:50:48,460] {dagbag.py:500} INFO - Filling up the DagBag from /home/airflow/.local/lib/python3.7/site-packages/airflow/example_dags/example_sla_dag.py
[2022-02-05 19:50:48,540] {processor.py:654} INFO - DAG(s) dict_keys(['example_sla_dag']) retrieved from /home/airflow/.local/lib/python3.7/site-packages/airflow/example_dags/example_sla_dag.py
[2022-02-05 19:50:48,558] {logging_mixin.py:109} INFO - [2022-02-05 19:50:48,557] {dag.py:2396} INFO - Sync 1 DAGs
[2022-02-05 19:50:48,592] {logging_mixin.py:109} INFO - [2022-02-05 19:50:48,592] {dag.py:2935} INFO - Setting next_dagrun for example_sla_dag to 2022-02-05T19:48:00+00:00
[2022-02-05 19:50:48,608] {processor.py:171} INFO - Processing /home/airflow/.local/lib/python3.7/site-packages/airflow/example_dags/example_sla_dag.py took 0.159 seconds
[2022-02-05 19:51:18,791] {processor.py:163} INFO - Started process (PID=3468) to work on /home/airflow/.local/lib/python3.7/site-packages/airflow/example_dags/example_sla_dag.py
[2022-02-05 19:51:18,794] {processor.py:642} INFO - Processing file /home/airflow/.local/lib/python3.7/site-packages/airflow/example_dags/example_sla_dag.py for tasks to queue
[2022-02-05 19:51:18,795] {logging_mixin.py:109} INFO - [2022-02-05 19:51:18,795] {dagbag.py:500} INFO - Filling up the DagBag from /home/airflow/.local/lib/python3.7/site-packages/airflow/example_dags/example_sla_dag.py
[2022-02-05 19:51:18,843] {processor.py:654} INFO - DAG(s) dict_keys(['example_sla_dag']) retrieved from /home/airflow/.local/lib/python3.7/site-packages/airflow/example_dags/example_sla_dag.py
[2022-02-05 19:51:18,857] {logging_mixin.py:109} INFO - [2022-02-05 19:51:18,857] {dag.py:2396} INFO - Sync 1 DAGs
[2022-02-05 19:51:18,900] {logging_mixin.py:109} INFO - [2022-02-05 19:51:18,900] {dag.py:2935} INFO - Setting next_dagrun for example_sla_dag to 2022-02-05T19:48:00+00:00
[2022-02-05 19:51:18,919] {processor.py:171} INFO - Processing /home/airflow/.local/lib/python3.7/site-packages/airflow/example_dags/example_sla_dag.py took 0.134 seconds
[2022-02-05 19:51:49,809] {processor.py:163} INFO - Started process (PID=3529) to work on /home/airflow/.local/lib/python3.7/site-packages/airflow/example_dags/example_sla_dag.py
[2022-02-05 19:51:49,811] {processor.py:642} INFO - Processing file /home/airflow/.local/lib/python3.7/site-packages/airflow/example_dags/example_sla_dag.py for tasks to queue
[2022-02-05 19:51:49,811] {logging_mixin.py:109} INFO - [2022-02-05 19:51:49,811] {dagbag.py:500} INFO - Filling up the DagBag from /home/airflow/.local/lib/python3.7/site-packages/airflow/example_dags/example_sla_dag.py
[2022-02-05 19:51:49,837] {processor.py:654} INFO - DAG(s) dict_keys(['example_sla_dag']) retrieved from /home/airflow/.local/lib/python3.7/site-packages/airflow/example_dags/example_sla_dag.py
[2022-02-05 19:51:49,844] {logging_mixin.py:109} INFO - [2022-02-05 19:51:49,844] {dag.py:2396} INFO - Sync 1 DAGs
[2022-02-05 19:51:49,858] {logging_mixin.py:109} INFO - [2022-02-05 19:51:49,858] {dag.py:2935} INFO - Setting next_dagrun for example_sla_dag to 2022-02-05T19:48:00+00:00
[2022-02-05 19:51:49,867] {processor.py:171} INFO - Processing /home/airflow/.local/lib/python3.7/site-packages/airflow/example_dags/example_sla_dag.py took 0.060 seconds
[2022-02-05 19:52:20,322] {processor.py:163} INFO - Started process (PID=3581) to work on /home/airflow/.local/lib/python3.7/site-packages/airflow/example_dags/example_sla_dag.py
[2022-02-05 19:52:20,323] {processor.py:642} INFO - Processing file /home/airflow/.local/lib/python3.7/site-packages/airflow/example_dags/example_sla_dag.py for tasks to queue
[2022-02-05 19:52:20,324] {logging_mixin.py:109} INFO - [2022-02-05 19:52:20,324] {dagbag.py:500} INFO - Filling up the DagBag from /home/airflow/.local/lib/python3.7/site-packages/airflow/example_dags/example_sla_dag.py
[2022-02-05 19:52:20,373] {processor.py:654} INFO - DAG(s) dict_keys(['example_sla_dag']) retrieved from /home/airflow/.local/lib/python3.7/site-packages/airflow/example_dags/example_sla_dag.py
[2022-02-05 19:52:20,385] {logging_mixin.py:109} INFO - [2022-02-05 19:52:20,385] {dag.py:2396} INFO - Sync 1 DAGs
[2022-02-05 19:52:20,413] {logging_mixin.py:109} INFO - [2022-02-05 19:52:20,413] {dag.py:2935} INFO - Setting next_dagrun for example_sla_dag to 2022-02-05T19:50:00+00:00
[2022-02-05 19:52:20,443] {processor.py:171} INFO - Processing /home/airflow/.local/lib/python3.7/site-packages/airflow/example_dags/example_sla_dag.py took 0.127 seconds
[2022-02-05 19:52:51,112] {processor.py:163} INFO - Started process (PID=3644) to work on /home/airflow/.local/lib/python3.7/site-packages/airflow/example_dags/example_sla_dag.py
[2022-02-05 19:52:51,114] {processor.py:642} INFO - Processing file /home/airflow/.local/lib/python3.7/site-packages/airflow/example_dags/example_sla_dag.py for tasks to queue
[2022-02-05 19:52:51,115] {logging_mixin.py:109} INFO - [2022-02-05 19:52:51,115] {dagbag.py:500} INFO - Filling up the DagBag from /home/airflow/.local/lib/python3.7/site-packages/airflow/example_dags/example_sla_dag.py
[2022-02-05 19:52:51,161] {processor.py:654} INFO - DAG(s) dict_keys(['example_sla_dag']) retrieved from /home/airflow/.local/lib/python3.7/site-packages/airflow/example_dags/example_sla_dag.py
[2022-02-05 19:52:51,175] {logging_mixin.py:109} INFO - [2022-02-05 19:52:51,175] {dag.py:2396} INFO - Sync 1 DAGs
[2022-02-05 19:52:51,204] {logging_mixin.py:109} INFO - [2022-02-05 19:52:51,204] {dag.py:2935} INFO - Setting next_dagrun for example_sla_dag to 2022-02-05T19:50:00+00:00
[2022-02-05 19:52:51,219] {processor.py:171} INFO - Processing /home/airflow/.local/lib/python3.7/site-packages/airflow/example_dags/example_sla_dag.py took 0.113 seconds
[2022-02-05 19:53:22,014] {processor.py:163} INFO - Started process (PID=3697) to work on /home/airflow/.local/lib/python3.7/site-packages/airflow/example_dags/example_sla_dag.py
[2022-02-05 19:53:22,015] {processor.py:642} INFO - Processing file /home/airflow/.local/lib/python3.7/site-packages/airflow/example_dags/example_sla_dag.py for tasks to queue
[2022-02-05 19:53:22,016] {logging_mixin.py:109} INFO - [2022-02-05 19:53:22,016] {dagbag.py:500} INFO - Filling up the DagBag from /home/airflow/.local/lib/python3.7/site-packages/airflow/example_dags/example_sla_dag.py
[2022-02-05 19:53:22,056] {processor.py:654} INFO - DAG(s) dict_keys(['example_sla_dag']) retrieved from /home/airflow/.local/lib/python3.7/site-packages/airflow/example_dags/example_sla_dag.py
[2022-02-05 19:53:22,068] {logging_mixin.py:109} INFO - [2022-02-05 19:53:22,068] {dag.py:2396} INFO - Sync 1 DAGs
[2022-02-05 19:53:22,092] {logging_mixin.py:109} INFO - [2022-02-05 19:53:22,092] {dag.py:2935} INFO - Setting next_dagrun for example_sla_dag to 2022-02-05T19:50:00+00:00
[2022-02-05 19:53:22,103] {processor.py:171} INFO - Processing /home/airflow/.local/lib/python3.7/site-packages/airflow/example_dags/example_sla_dag.py took 0.093 seconds
[2022-02-05 19:53:52,496] {processor.py:163} INFO - Started process (PID=3759) to work on /home/airflow/.local/lib/python3.7/site-packages/airflow/example_dags/example_sla_dag.py
[2022-02-05 19:53:52,498] {processor.py:642} INFO - Processing file /home/airflow/.local/lib/python3.7/site-packages/airflow/example_dags/example_sla_dag.py for tasks to queue
[2022-02-05 19:53:52,499] {logging_mixin.py:109} INFO - [2022-02-05 19:53:52,499] {dagbag.py:500} INFO - Filling up the DagBag from /home/airflow/.local/lib/python3.7/site-packages/airflow/example_dags/example_sla_dag.py
[2022-02-05 19:53:52,543] {processor.py:654} INFO - DAG(s) dict_keys(['example_sla_dag']) retrieved from /home/airflow/.local/lib/python3.7/site-packages/airflow/example_dags/example_sla_dag.py
[2022-02-05 19:53:52,557] {logging_mixin.py:109} INFO - [2022-02-05 19:53:52,557] {dag.py:2396} INFO - Sync 1 DAGs
[2022-02-05 19:53:52,585] {logging_mixin.py:109} INFO - [2022-02-05 19:53:52,585] {dag.py:2935} INFO - Setting next_dagrun for example_sla_dag to 2022-02-05T19:50:00+00:00
[2022-02-05 19:53:52,606] {processor.py:171} INFO - Processing /home/airflow/.local/lib/python3.7/site-packages/airflow/example_dags/example_sla_dag.py took 0.115 seconds
[2022-02-05 19:54:23,529] {processor.py:163} INFO - Started process (PID=3812) to work on /home/airflow/.local/lib/python3.7/site-packages/airflow/example_dags/example_sla_dag.py
[2022-02-05 19:54:23,530] {processor.py:642} INFO - Processing file /home/airflow/.local/lib/python3.7/site-packages/airflow/example_dags/example_sla_dag.py for tasks to queue
[2022-02-05 19:54:23,530] {logging_mixin.py:109} INFO - [2022-02-05 19:54:23,530] {dagbag.py:500} INFO - Filling up the DagBag from /home/airflow/.local/lib/python3.7/site-packages/airflow/example_dags/example_sla_dag.py
[2022-02-05 19:54:23,556] {processor.py:654} INFO - DAG(s) dict_keys(['example_sla_dag']) retrieved from /home/airflow/.local/lib/python3.7/site-packages/airflow/example_dags/example_sla_dag.py
[2022-02-05 19:54:23,564] {logging_mixin.py:109} INFO - [2022-02-05 19:54:23,564] {dag.py:2396} INFO - Sync 1 DAGs
[2022-02-05 19:54:23,578] {logging_mixin.py:109} INFO - [2022-02-05 19:54:23,578] {dag.py:2935} INFO - Setting next_dagrun for example_sla_dag to 2022-02-05T19:52:00+00:00
[2022-02-05 19:54:23,585] {processor.py:171} INFO - Processing /home/airflow/.local/lib/python3.7/site-packages/airflow/example_dags/example_sla_dag.py took 0.059 seconds
[2022-02-05 19:54:54,537] {processor.py:163} INFO - Started process (PID=3874) to work on /home/airflow/.local/lib/python3.7/site-packages/airflow/example_dags/example_sla_dag.py
[2022-02-05 19:54:54,539] {processor.py:642} INFO - Processing file /home/airflow/.local/lib/python3.7/site-packages/airflow/example_dags/example_sla_dag.py for tasks to queue
[2022-02-05 19:54:54,539] {logging_mixin.py:109} INFO - [2022-02-05 19:54:54,539] {dagbag.py:500} INFO - Filling up the DagBag from /home/airflow/.local/lib/python3.7/site-packages/airflow/example_dags/example_sla_dag.py
[2022-02-05 19:54:54,585] {processor.py:654} INFO - DAG(s) dict_keys(['example_sla_dag']) retrieved from /home/airflow/.local/lib/python3.7/site-packages/airflow/example_dags/example_sla_dag.py
[2022-02-05 19:54:54,599] {logging_mixin.py:109} INFO - [2022-02-05 19:54:54,599] {dag.py:2396} INFO - Sync 1 DAGs
[2022-02-05 19:54:54,625] {logging_mixin.py:109} INFO - [2022-02-05 19:54:54,625] {dag.py:2935} INFO - Setting next_dagrun for example_sla_dag to 2022-02-05T19:52:00+00:00
[2022-02-05 19:54:54,637] {processor.py:171} INFO - Processing /home/airflow/.local/lib/python3.7/site-packages/airflow/example_dags/example_sla_dag.py took 0.105 seconds
[2022-02-05 19:55:25,514] {processor.py:163} INFO - Started process (PID=3928) to work on /home/airflow/.local/lib/python3.7/site-packages/airflow/example_dags/example_sla_dag.py
[2022-02-05 19:55:25,515] {processor.py:642} INFO - Processing file /home/airflow/.local/lib/python3.7/site-packages/airflow/example_dags/example_sla_dag.py for tasks to queue
[2022-02-05 19:55:25,516] {logging_mixin.py:109} INFO - [2022-02-05 19:55:25,515] {dagbag.py:500} INFO - Filling up the DagBag from /home/airflow/.local/lib/python3.7/site-packages/airflow/example_dags/example_sla_dag.py
[2022-02-05 19:55:25,542] {processor.py:654} INFO - DAG(s) dict_keys(['example_sla_dag']) retrieved from /home/airflow/.local/lib/python3.7/site-packages/airflow/example_dags/example_sla_dag.py
[2022-02-05 19:55:25,550] {logging_mixin.py:109} INFO - [2022-02-05 19:55:25,550] {dag.py:2396} INFO - Sync 1 DAGs
[2022-02-05 19:55:25,567] {logging_mixin.py:109} INFO - [2022-02-05 19:55:25,566] {dag.py:2935} INFO - Setting next_dagrun for example_sla_dag to 2022-02-05T19:52:00+00:00
[2022-02-05 19:55:25,574] {processor.py:171} INFO - Processing /home/airflow/.local/lib/python3.7/site-packages/airflow/example_dags/example_sla_dag.py took 0.063 seconds
[2022-02-05 19:55:55,592] {processor.py:163} INFO - Started process (PID=3991) to work on /home/airflow/.local/lib/python3.7/site-packages/airflow/example_dags/example_sla_dag.py
[2022-02-05 19:55:55,593] {processor.py:642} INFO - Processing file /home/airflow/.local/lib/python3.7/site-packages/airflow/example_dags/example_sla_dag.py for tasks to queue
[2022-02-05 19:55:55,594] {logging_mixin.py:109} INFO - [2022-02-05 19:55:55,593] {dagbag.py:500} INFO - Filling up the DagBag from /home/airflow/.local/lib/python3.7/site-packages/airflow/example_dags/example_sla_dag.py
[2022-02-05 19:55:55,620] {processor.py:654} INFO - DAG(s) dict_keys(['example_sla_dag']) retrieved from /home/airflow/.local/lib/python3.7/site-packages/airflow/example_dags/example_sla_dag.py
[2022-02-05 19:55:55,628] {logging_mixin.py:109} INFO - [2022-02-05 19:55:55,628] {dag.py:2396} INFO - Sync 1 DAGs
[2022-02-05 19:55:55,645] {logging_mixin.py:109} INFO - [2022-02-05 19:55:55,645] {dag.py:2935} INFO - Setting next_dagrun for example_sla_dag to 2022-02-05T19:52:00+00:00
[2022-02-05 19:55:55,654] {processor.py:171} INFO - Processing /home/airflow/.local/lib/python3.7/site-packages/airflow/example_dags/example_sla_dag.py took 0.065 seconds
[2022-02-05 19:56:25,733] {processor.py:163} INFO - Started process (PID=4042) to work on /home/airflow/.local/lib/python3.7/site-packages/airflow/example_dags/example_sla_dag.py
[2022-02-05 19:56:25,734] {processor.py:642} INFO - Processing file /home/airflow/.local/lib/python3.7/site-packages/airflow/example_dags/example_sla_dag.py for tasks to queue
[2022-02-05 19:56:25,734] {logging_mixin.py:109} INFO - [2022-02-05 19:56:25,734] {dagbag.py:500} INFO - Filling up the DagBag from /home/airflow/.local/lib/python3.7/site-packages/airflow/example_dags/example_sla_dag.py
[2022-02-05 19:56:25,759] {processor.py:654} INFO - DAG(s) dict_keys(['example_sla_dag']) retrieved from /home/airflow/.local/lib/python3.7/site-packages/airflow/example_dags/example_sla_dag.py
[2022-02-05 19:56:25,766] {logging_mixin.py:109} INFO - [2022-02-05 19:56:25,766] {dag.py:2396} INFO - Sync 1 DAGs
[2022-02-05 19:56:25,780] {logging_mixin.py:109} INFO - [2022-02-05 19:56:25,780] {dag.py:2935} INFO - Setting next_dagrun for example_sla_dag to 2022-02-05T19:54:00+00:00
[2022-02-05 19:56:25,788] {processor.py:171} INFO - Processing /home/airflow/.local/lib/python3.7/site-packages/airflow/example_dags/example_sla_dag.py took 0.058 seconds
