[2022-02-05 19:21:01,701] {processor.py:163} INFO - Started process (PID=45) to work on /home/airflow/.local/lib/python3.7/site-packages/airflow/example_dags/example_dag_decorator.py
[2022-02-05 19:21:01,703] {processor.py:642} INFO - Processing file /home/airflow/.local/lib/python3.7/site-packages/airflow/example_dags/example_dag_decorator.py for tasks to queue
[2022-02-05 19:21:01,704] {logging_mixin.py:109} INFO - [2022-02-05 19:21:01,704] {dagbag.py:500} INFO - Filling up the DagBag from /home/airflow/.local/lib/python3.7/site-packages/airflow/example_dags/example_dag_decorator.py
[2022-02-05 19:21:01,761] {processor.py:654} INFO - DAG(s) dict_keys(['example_dag_decorator']) retrieved from /home/airflow/.local/lib/python3.7/site-packages/airflow/example_dags/example_dag_decorator.py
[2022-02-05 19:21:02,347] {logging_mixin.py:109} INFO - [2022-02-05 19:21:02,347] {dag.py:2396} INFO - Sync 1 DAGs
[2022-02-05 19:21:02,375] {logging_mixin.py:109} INFO - [2022-02-05 19:21:02,375] {dag.py:2935} INFO - Setting next_dagrun for example_dag_decorator to None
[2022-02-05 19:21:02,404] {processor.py:171} INFO - Processing /home/airflow/.local/lib/python3.7/site-packages/airflow/example_dags/example_dag_decorator.py took 0.707 seconds
[2022-02-05 19:21:32,954] {processor.py:163} INFO - Started process (PID=97) to work on /home/airflow/.local/lib/python3.7/site-packages/airflow/example_dags/example_dag_decorator.py
[2022-02-05 19:21:32,963] {processor.py:642} INFO - Processing file /home/airflow/.local/lib/python3.7/site-packages/airflow/example_dags/example_dag_decorator.py for tasks to queue
[2022-02-05 19:21:32,964] {logging_mixin.py:109} INFO - [2022-02-05 19:21:32,964] {dagbag.py:500} INFO - Filling up the DagBag from /home/airflow/.local/lib/python3.7/site-packages/airflow/example_dags/example_dag_decorator.py
[2022-02-05 19:21:33,008] {processor.py:654} INFO - DAG(s) dict_keys(['example_dag_decorator']) retrieved from /home/airflow/.local/lib/python3.7/site-packages/airflow/example_dags/example_dag_decorator.py
[2022-02-05 19:21:33,423] {logging_mixin.py:109} INFO - [2022-02-05 19:21:33,422] {dag.py:2396} INFO - Sync 1 DAGs
[2022-02-05 19:21:33,441] {logging_mixin.py:109} INFO - [2022-02-05 19:21:33,441] {dag.py:2935} INFO - Setting next_dagrun for example_dag_decorator to None
[2022-02-05 19:21:33,458] {processor.py:171} INFO - Processing /home/airflow/.local/lib/python3.7/site-packages/airflow/example_dags/example_dag_decorator.py took 0.513 seconds
[2022-02-05 19:22:03,801] {processor.py:163} INFO - Started process (PID=158) to work on /home/airflow/.local/lib/python3.7/site-packages/airflow/example_dags/example_dag_decorator.py
[2022-02-05 19:22:03,817] {processor.py:642} INFO - Processing file /home/airflow/.local/lib/python3.7/site-packages/airflow/example_dags/example_dag_decorator.py for tasks to queue
[2022-02-05 19:22:03,822] {logging_mixin.py:109} INFO - [2022-02-05 19:22:03,822] {dagbag.py:500} INFO - Filling up the DagBag from /home/airflow/.local/lib/python3.7/site-packages/airflow/example_dags/example_dag_decorator.py
[2022-02-05 19:22:04,036] {processor.py:654} INFO - DAG(s) dict_keys(['example_dag_decorator']) retrieved from /home/airflow/.local/lib/python3.7/site-packages/airflow/example_dags/example_dag_decorator.py
[2022-02-05 19:22:05,428] {logging_mixin.py:109} INFO - [2022-02-05 19:22:05,428] {dag.py:2396} INFO - Sync 1 DAGs
[2022-02-05 19:22:05,506] {logging_mixin.py:109} INFO - [2022-02-05 19:22:05,506] {dag.py:2935} INFO - Setting next_dagrun for example_dag_decorator to None
[2022-02-05 19:22:05,590] {processor.py:171} INFO - Processing /home/airflow/.local/lib/python3.7/site-packages/airflow/example_dags/example_dag_decorator.py took 1.802 seconds
[2022-02-05 19:22:35,991] {processor.py:163} INFO - Started process (PID=215) to work on /home/airflow/.local/lib/python3.7/site-packages/airflow/example_dags/example_dag_decorator.py
[2022-02-05 19:22:35,992] {processor.py:642} INFO - Processing file /home/airflow/.local/lib/python3.7/site-packages/airflow/example_dags/example_dag_decorator.py for tasks to queue
[2022-02-05 19:22:35,993] {logging_mixin.py:109} INFO - [2022-02-05 19:22:35,993] {dagbag.py:500} INFO - Filling up the DagBag from /home/airflow/.local/lib/python3.7/site-packages/airflow/example_dags/example_dag_decorator.py
[2022-02-05 19:22:36,030] {processor.py:654} INFO - DAG(s) dict_keys(['example_dag_decorator']) retrieved from /home/airflow/.local/lib/python3.7/site-packages/airflow/example_dags/example_dag_decorator.py
[2022-02-05 19:22:36,354] {logging_mixin.py:109} INFO - [2022-02-05 19:22:36,353] {dag.py:2396} INFO - Sync 1 DAGs
[2022-02-05 19:22:36,371] {logging_mixin.py:109} INFO - [2022-02-05 19:22:36,371] {dag.py:2935} INFO - Setting next_dagrun for example_dag_decorator to None
[2022-02-05 19:22:36,384] {processor.py:171} INFO - Processing /home/airflow/.local/lib/python3.7/site-packages/airflow/example_dags/example_dag_decorator.py took 0.396 seconds
[2022-02-05 19:23:06,747] {processor.py:163} INFO - Started process (PID=277) to work on /home/airflow/.local/lib/python3.7/site-packages/airflow/example_dags/example_dag_decorator.py
[2022-02-05 19:23:06,748] {processor.py:642} INFO - Processing file /home/airflow/.local/lib/python3.7/site-packages/airflow/example_dags/example_dag_decorator.py for tasks to queue
[2022-02-05 19:23:06,749] {logging_mixin.py:109} INFO - [2022-02-05 19:23:06,749] {dagbag.py:500} INFO - Filling up the DagBag from /home/airflow/.local/lib/python3.7/site-packages/airflow/example_dags/example_dag_decorator.py
[2022-02-05 19:23:06,789] {processor.py:654} INFO - DAG(s) dict_keys(['example_dag_decorator']) retrieved from /home/airflow/.local/lib/python3.7/site-packages/airflow/example_dags/example_dag_decorator.py
[2022-02-05 19:23:07,110] {logging_mixin.py:109} INFO - [2022-02-05 19:23:07,110] {dag.py:2396} INFO - Sync 1 DAGs
[2022-02-05 19:23:07,125] {logging_mixin.py:109} INFO - [2022-02-05 19:23:07,125] {dag.py:2935} INFO - Setting next_dagrun for example_dag_decorator to None
[2022-02-05 19:23:07,139] {processor.py:171} INFO - Processing /home/airflow/.local/lib/python3.7/site-packages/airflow/example_dags/example_dag_decorator.py took 0.396 seconds
[2022-02-05 19:23:37,727] {processor.py:163} INFO - Started process (PID=330) to work on /home/airflow/.local/lib/python3.7/site-packages/airflow/example_dags/example_dag_decorator.py
[2022-02-05 19:23:37,729] {processor.py:642} INFO - Processing file /home/airflow/.local/lib/python3.7/site-packages/airflow/example_dags/example_dag_decorator.py for tasks to queue
[2022-02-05 19:23:37,729] {logging_mixin.py:109} INFO - [2022-02-05 19:23:37,729] {dagbag.py:500} INFO - Filling up the DagBag from /home/airflow/.local/lib/python3.7/site-packages/airflow/example_dags/example_dag_decorator.py
[2022-02-05 19:23:37,762] {processor.py:654} INFO - DAG(s) dict_keys(['example_dag_decorator']) retrieved from /home/airflow/.local/lib/python3.7/site-packages/airflow/example_dags/example_dag_decorator.py
[2022-02-05 19:23:37,994] {logging_mixin.py:109} INFO - [2022-02-05 19:23:37,994] {dag.py:2396} INFO - Sync 1 DAGs
[2022-02-05 19:23:38,005] {logging_mixin.py:109} INFO - [2022-02-05 19:23:38,005] {dag.py:2935} INFO - Setting next_dagrun for example_dag_decorator to None
[2022-02-05 19:23:38,019] {processor.py:171} INFO - Processing /home/airflow/.local/lib/python3.7/site-packages/airflow/example_dags/example_dag_decorator.py took 0.296 seconds
[2022-02-05 19:24:08,149] {processor.py:163} INFO - Started process (PID=393) to work on /home/airflow/.local/lib/python3.7/site-packages/airflow/example_dags/example_dag_decorator.py
[2022-02-05 19:24:08,151] {processor.py:642} INFO - Processing file /home/airflow/.local/lib/python3.7/site-packages/airflow/example_dags/example_dag_decorator.py for tasks to queue
[2022-02-05 19:24:08,152] {logging_mixin.py:109} INFO - [2022-02-05 19:24:08,151] {dagbag.py:500} INFO - Filling up the DagBag from /home/airflow/.local/lib/python3.7/site-packages/airflow/example_dags/example_dag_decorator.py
[2022-02-05 19:24:08,195] {processor.py:654} INFO - DAG(s) dict_keys(['example_dag_decorator']) retrieved from /home/airflow/.local/lib/python3.7/site-packages/airflow/example_dags/example_dag_decorator.py
[2022-02-05 19:24:08,660] {logging_mixin.py:109} INFO - [2022-02-05 19:24:08,660] {dag.py:2396} INFO - Sync 1 DAGs
[2022-02-05 19:24:08,677] {logging_mixin.py:109} INFO - [2022-02-05 19:24:08,677] {dag.py:2935} INFO - Setting next_dagrun for example_dag_decorator to None
[2022-02-05 19:24:08,704] {processor.py:171} INFO - Processing /home/airflow/.local/lib/python3.7/site-packages/airflow/example_dags/example_dag_decorator.py took 0.560 seconds
[2022-02-05 19:24:38,834] {processor.py:163} INFO - Started process (PID=445) to work on /home/airflow/.local/lib/python3.7/site-packages/airflow/example_dags/example_dag_decorator.py
[2022-02-05 19:24:38,835] {processor.py:642} INFO - Processing file /home/airflow/.local/lib/python3.7/site-packages/airflow/example_dags/example_dag_decorator.py for tasks to queue
[2022-02-05 19:24:38,835] {logging_mixin.py:109} INFO - [2022-02-05 19:24:38,835] {dagbag.py:500} INFO - Filling up the DagBag from /home/airflow/.local/lib/python3.7/site-packages/airflow/example_dags/example_dag_decorator.py
[2022-02-05 19:24:38,882] {processor.py:654} INFO - DAG(s) dict_keys(['example_dag_decorator']) retrieved from /home/airflow/.local/lib/python3.7/site-packages/airflow/example_dags/example_dag_decorator.py
[2022-02-05 19:24:39,141] {logging_mixin.py:109} INFO - [2022-02-05 19:24:39,141] {dag.py:2396} INFO - Sync 1 DAGs
[2022-02-05 19:24:39,151] {logging_mixin.py:109} INFO - [2022-02-05 19:24:39,151] {dag.py:2935} INFO - Setting next_dagrun for example_dag_decorator to None
[2022-02-05 19:24:39,163] {processor.py:171} INFO - Processing /home/airflow/.local/lib/python3.7/site-packages/airflow/example_dags/example_dag_decorator.py took 0.332 seconds
[2022-02-05 19:25:09,547] {processor.py:163} INFO - Started process (PID=499) to work on /home/airflow/.local/lib/python3.7/site-packages/airflow/example_dags/example_dag_decorator.py
[2022-02-05 19:25:09,548] {processor.py:642} INFO - Processing file /home/airflow/.local/lib/python3.7/site-packages/airflow/example_dags/example_dag_decorator.py for tasks to queue
[2022-02-05 19:25:09,549] {logging_mixin.py:109} INFO - [2022-02-05 19:25:09,549] {dagbag.py:500} INFO - Filling up the DagBag from /home/airflow/.local/lib/python3.7/site-packages/airflow/example_dags/example_dag_decorator.py
[2022-02-05 19:25:09,597] {processor.py:654} INFO - DAG(s) dict_keys(['example_dag_decorator']) retrieved from /home/airflow/.local/lib/python3.7/site-packages/airflow/example_dags/example_dag_decorator.py
[2022-02-05 19:25:10,039] {logging_mixin.py:109} INFO - [2022-02-05 19:25:10,039] {dag.py:2396} INFO - Sync 1 DAGs
[2022-02-05 19:25:10,061] {logging_mixin.py:109} INFO - [2022-02-05 19:25:10,061] {dag.py:2935} INFO - Setting next_dagrun for example_dag_decorator to None
[2022-02-05 19:25:10,074] {processor.py:171} INFO - Processing /home/airflow/.local/lib/python3.7/site-packages/airflow/example_dags/example_dag_decorator.py took 0.531 seconds
[2022-02-05 19:25:40,938] {processor.py:163} INFO - Started process (PID=561) to work on /home/airflow/.local/lib/python3.7/site-packages/airflow/example_dags/example_dag_decorator.py
[2022-02-05 19:25:40,941] {processor.py:642} INFO - Processing file /home/airflow/.local/lib/python3.7/site-packages/airflow/example_dags/example_dag_decorator.py for tasks to queue
[2022-02-05 19:25:40,944] {logging_mixin.py:109} INFO - [2022-02-05 19:25:40,944] {dagbag.py:500} INFO - Filling up the DagBag from /home/airflow/.local/lib/python3.7/site-packages/airflow/example_dags/example_dag_decorator.py
[2022-02-05 19:25:41,107] {processor.py:654} INFO - DAG(s) dict_keys(['example_dag_decorator']) retrieved from /home/airflow/.local/lib/python3.7/site-packages/airflow/example_dags/example_dag_decorator.py
[2022-02-05 19:25:41,588] {logging_mixin.py:109} INFO - [2022-02-05 19:25:41,588] {dag.py:2396} INFO - Sync 1 DAGs
[2022-02-05 19:25:41,612] {logging_mixin.py:109} INFO - [2022-02-05 19:25:41,612] {dag.py:2935} INFO - Setting next_dagrun for example_dag_decorator to None
[2022-02-05 19:25:41,631] {processor.py:171} INFO - Processing /home/airflow/.local/lib/python3.7/site-packages/airflow/example_dags/example_dag_decorator.py took 0.707 seconds
[2022-02-05 19:26:12,219] {processor.py:163} INFO - Started process (PID=614) to work on /home/airflow/.local/lib/python3.7/site-packages/airflow/example_dags/example_dag_decorator.py
[2022-02-05 19:26:12,221] {processor.py:642} INFO - Processing file /home/airflow/.local/lib/python3.7/site-packages/airflow/example_dags/example_dag_decorator.py for tasks to queue
[2022-02-05 19:26:12,222] {logging_mixin.py:109} INFO - [2022-02-05 19:26:12,222] {dagbag.py:500} INFO - Filling up the DagBag from /home/airflow/.local/lib/python3.7/site-packages/airflow/example_dags/example_dag_decorator.py
[2022-02-05 19:26:12,281] {processor.py:654} INFO - DAG(s) dict_keys(['example_dag_decorator']) retrieved from /home/airflow/.local/lib/python3.7/site-packages/airflow/example_dags/example_dag_decorator.py
[2022-02-05 19:26:12,719] {logging_mixin.py:109} INFO - [2022-02-05 19:26:12,719] {dag.py:2396} INFO - Sync 1 DAGs
[2022-02-05 19:26:12,749] {logging_mixin.py:109} INFO - [2022-02-05 19:26:12,749] {dag.py:2935} INFO - Setting next_dagrun for example_dag_decorator to None
[2022-02-05 19:26:12,804] {processor.py:171} INFO - Processing /home/airflow/.local/lib/python3.7/site-packages/airflow/example_dags/example_dag_decorator.py took 0.591 seconds
[2022-02-05 19:26:43,114] {processor.py:163} INFO - Started process (PID=678) to work on /home/airflow/.local/lib/python3.7/site-packages/airflow/example_dags/example_dag_decorator.py
[2022-02-05 19:26:43,116] {processor.py:642} INFO - Processing file /home/airflow/.local/lib/python3.7/site-packages/airflow/example_dags/example_dag_decorator.py for tasks to queue
[2022-02-05 19:26:43,117] {logging_mixin.py:109} INFO - [2022-02-05 19:26:43,117] {dagbag.py:500} INFO - Filling up the DagBag from /home/airflow/.local/lib/python3.7/site-packages/airflow/example_dags/example_dag_decorator.py
[2022-02-05 19:26:43,163] {processor.py:654} INFO - DAG(s) dict_keys(['example_dag_decorator']) retrieved from /home/airflow/.local/lib/python3.7/site-packages/airflow/example_dags/example_dag_decorator.py
[2022-02-05 19:26:43,482] {logging_mixin.py:109} INFO - [2022-02-05 19:26:43,482] {dag.py:2396} INFO - Sync 1 DAGs
[2022-02-05 19:26:43,497] {logging_mixin.py:109} INFO - [2022-02-05 19:26:43,497] {dag.py:2935} INFO - Setting next_dagrun for example_dag_decorator to None
[2022-02-05 19:26:43,508] {processor.py:171} INFO - Processing /home/airflow/.local/lib/python3.7/site-packages/airflow/example_dags/example_dag_decorator.py took 0.399 seconds
[2022-02-05 19:27:13,600] {processor.py:163} INFO - Started process (PID=730) to work on /home/airflow/.local/lib/python3.7/site-packages/airflow/example_dags/example_dag_decorator.py
[2022-02-05 19:27:13,602] {processor.py:642} INFO - Processing file /home/airflow/.local/lib/python3.7/site-packages/airflow/example_dags/example_dag_decorator.py for tasks to queue
[2022-02-05 19:27:13,602] {logging_mixin.py:109} INFO - [2022-02-05 19:27:13,602] {dagbag.py:500} INFO - Filling up the DagBag from /home/airflow/.local/lib/python3.7/site-packages/airflow/example_dags/example_dag_decorator.py
[2022-02-05 19:27:13,635] {processor.py:654} INFO - DAG(s) dict_keys(['example_dag_decorator']) retrieved from /home/airflow/.local/lib/python3.7/site-packages/airflow/example_dags/example_dag_decorator.py
[2022-02-05 19:27:13,895] {logging_mixin.py:109} INFO - [2022-02-05 19:27:13,895] {dag.py:2396} INFO - Sync 1 DAGs
[2022-02-05 19:27:13,906] {logging_mixin.py:109} INFO - [2022-02-05 19:27:13,906] {dag.py:2935} INFO - Setting next_dagrun for example_dag_decorator to None
[2022-02-05 19:27:13,917] {processor.py:171} INFO - Processing /home/airflow/.local/lib/python3.7/site-packages/airflow/example_dags/example_dag_decorator.py took 0.320 seconds
[2022-02-05 19:27:43,951] {processor.py:163} INFO - Started process (PID=792) to work on /home/airflow/.local/lib/python3.7/site-packages/airflow/example_dags/example_dag_decorator.py
[2022-02-05 19:27:43,952] {processor.py:642} INFO - Processing file /home/airflow/.local/lib/python3.7/site-packages/airflow/example_dags/example_dag_decorator.py for tasks to queue
[2022-02-05 19:27:43,953] {logging_mixin.py:109} INFO - [2022-02-05 19:27:43,953] {dagbag.py:500} INFO - Filling up the DagBag from /home/airflow/.local/lib/python3.7/site-packages/airflow/example_dags/example_dag_decorator.py
[2022-02-05 19:27:43,984] {processor.py:654} INFO - DAG(s) dict_keys(['example_dag_decorator']) retrieved from /home/airflow/.local/lib/python3.7/site-packages/airflow/example_dags/example_dag_decorator.py
[2022-02-05 19:27:44,228] {logging_mixin.py:109} INFO - [2022-02-05 19:27:44,228] {dag.py:2396} INFO - Sync 1 DAGs
[2022-02-05 19:27:44,240] {logging_mixin.py:109} INFO - [2022-02-05 19:27:44,240] {dag.py:2935} INFO - Setting next_dagrun for example_dag_decorator to None
[2022-02-05 19:27:44,249] {processor.py:171} INFO - Processing /home/airflow/.local/lib/python3.7/site-packages/airflow/example_dags/example_dag_decorator.py took 0.301 seconds
[2022-02-05 19:28:14,612] {processor.py:163} INFO - Started process (PID=846) to work on /home/airflow/.local/lib/python3.7/site-packages/airflow/example_dags/example_dag_decorator.py
[2022-02-05 19:28:14,614] {processor.py:642} INFO - Processing file /home/airflow/.local/lib/python3.7/site-packages/airflow/example_dags/example_dag_decorator.py for tasks to queue
[2022-02-05 19:28:14,614] {logging_mixin.py:109} INFO - [2022-02-05 19:28:14,614] {dagbag.py:500} INFO - Filling up the DagBag from /home/airflow/.local/lib/python3.7/site-packages/airflow/example_dags/example_dag_decorator.py
[2022-02-05 19:28:14,666] {processor.py:654} INFO - DAG(s) dict_keys(['example_dag_decorator']) retrieved from /home/airflow/.local/lib/python3.7/site-packages/airflow/example_dags/example_dag_decorator.py
[2022-02-05 19:28:14,986] {logging_mixin.py:109} INFO - [2022-02-05 19:28:14,986] {dag.py:2396} INFO - Sync 1 DAGs
[2022-02-05 19:28:15,002] {logging_mixin.py:109} INFO - [2022-02-05 19:28:15,001] {dag.py:2935} INFO - Setting next_dagrun for example_dag_decorator to None
[2022-02-05 19:28:15,025] {processor.py:171} INFO - Processing /home/airflow/.local/lib/python3.7/site-packages/airflow/example_dags/example_dag_decorator.py took 0.416 seconds
[2022-02-05 19:28:45,403] {processor.py:163} INFO - Started process (PID=909) to work on /home/airflow/.local/lib/python3.7/site-packages/airflow/example_dags/example_dag_decorator.py
[2022-02-05 19:28:45,404] {processor.py:642} INFO - Processing file /home/airflow/.local/lib/python3.7/site-packages/airflow/example_dags/example_dag_decorator.py for tasks to queue
[2022-02-05 19:28:45,405] {logging_mixin.py:109} INFO - [2022-02-05 19:28:45,404] {dagbag.py:500} INFO - Filling up the DagBag from /home/airflow/.local/lib/python3.7/site-packages/airflow/example_dags/example_dag_decorator.py
[2022-02-05 19:28:45,446] {processor.py:654} INFO - DAG(s) dict_keys(['example_dag_decorator']) retrieved from /home/airflow/.local/lib/python3.7/site-packages/airflow/example_dags/example_dag_decorator.py
[2022-02-05 19:28:45,749] {logging_mixin.py:109} INFO - [2022-02-05 19:28:45,749] {dag.py:2396} INFO - Sync 1 DAGs
[2022-02-05 19:28:45,763] {logging_mixin.py:109} INFO - [2022-02-05 19:28:45,763] {dag.py:2935} INFO - Setting next_dagrun for example_dag_decorator to None
[2022-02-05 19:28:45,776] {processor.py:171} INFO - Processing /home/airflow/.local/lib/python3.7/site-packages/airflow/example_dags/example_dag_decorator.py took 0.378 seconds
[2022-02-05 19:29:16,117] {processor.py:163} INFO - Started process (PID=962) to work on /home/airflow/.local/lib/python3.7/site-packages/airflow/example_dags/example_dag_decorator.py
[2022-02-05 19:29:16,119] {processor.py:642} INFO - Processing file /home/airflow/.local/lib/python3.7/site-packages/airflow/example_dags/example_dag_decorator.py for tasks to queue
[2022-02-05 19:29:16,120] {logging_mixin.py:109} INFO - [2022-02-05 19:29:16,119] {dagbag.py:500} INFO - Filling up the DagBag from /home/airflow/.local/lib/python3.7/site-packages/airflow/example_dags/example_dag_decorator.py
[2022-02-05 19:29:16,158] {processor.py:654} INFO - DAG(s) dict_keys(['example_dag_decorator']) retrieved from /home/airflow/.local/lib/python3.7/site-packages/airflow/example_dags/example_dag_decorator.py
[2022-02-05 19:29:16,458] {logging_mixin.py:109} INFO - [2022-02-05 19:29:16,457] {dag.py:2396} INFO - Sync 1 DAGs
[2022-02-05 19:29:16,474] {logging_mixin.py:109} INFO - [2022-02-05 19:29:16,474] {dag.py:2935} INFO - Setting next_dagrun for example_dag_decorator to None
[2022-02-05 19:29:16,489] {processor.py:171} INFO - Processing /home/airflow/.local/lib/python3.7/site-packages/airflow/example_dags/example_dag_decorator.py took 0.375 seconds
[2022-02-05 19:29:46,991] {processor.py:163} INFO - Started process (PID=1025) to work on /home/airflow/.local/lib/python3.7/site-packages/airflow/example_dags/example_dag_decorator.py
[2022-02-05 19:29:46,993] {processor.py:642} INFO - Processing file /home/airflow/.local/lib/python3.7/site-packages/airflow/example_dags/example_dag_decorator.py for tasks to queue
[2022-02-05 19:29:46,994] {logging_mixin.py:109} INFO - [2022-02-05 19:29:46,994] {dagbag.py:500} INFO - Filling up the DagBag from /home/airflow/.local/lib/python3.7/site-packages/airflow/example_dags/example_dag_decorator.py
[2022-02-05 19:29:47,042] {processor.py:654} INFO - DAG(s) dict_keys(['example_dag_decorator']) retrieved from /home/airflow/.local/lib/python3.7/site-packages/airflow/example_dags/example_dag_decorator.py
[2022-02-05 19:29:47,470] {logging_mixin.py:109} INFO - [2022-02-05 19:29:47,469] {dag.py:2396} INFO - Sync 1 DAGs
[2022-02-05 19:29:47,492] {logging_mixin.py:109} INFO - [2022-02-05 19:29:47,492] {dag.py:2935} INFO - Setting next_dagrun for example_dag_decorator to None
[2022-02-05 19:29:47,510] {processor.py:171} INFO - Processing /home/airflow/.local/lib/python3.7/site-packages/airflow/example_dags/example_dag_decorator.py took 0.523 seconds
[2022-02-05 19:30:17,728] {processor.py:163} INFO - Started process (PID=1079) to work on /home/airflow/.local/lib/python3.7/site-packages/airflow/example_dags/example_dag_decorator.py
[2022-02-05 19:30:17,730] {processor.py:642} INFO - Processing file /home/airflow/.local/lib/python3.7/site-packages/airflow/example_dags/example_dag_decorator.py for tasks to queue
[2022-02-05 19:30:17,731] {logging_mixin.py:109} INFO - [2022-02-05 19:30:17,731] {dagbag.py:500} INFO - Filling up the DagBag from /home/airflow/.local/lib/python3.7/site-packages/airflow/example_dags/example_dag_decorator.py
[2022-02-05 19:30:17,781] {processor.py:654} INFO - DAG(s) dict_keys(['example_dag_decorator']) retrieved from /home/airflow/.local/lib/python3.7/site-packages/airflow/example_dags/example_dag_decorator.py
[2022-02-05 19:30:18,292] {logging_mixin.py:109} INFO - [2022-02-05 19:30:18,292] {dag.py:2396} INFO - Sync 1 DAGs
[2022-02-05 19:30:18,316] {logging_mixin.py:109} INFO - [2022-02-05 19:30:18,316] {dag.py:2935} INFO - Setting next_dagrun for example_dag_decorator to None
[2022-02-05 19:30:18,336] {processor.py:171} INFO - Processing /home/airflow/.local/lib/python3.7/site-packages/airflow/example_dags/example_dag_decorator.py took 0.612 seconds
[2022-02-05 19:30:48,752] {processor.py:163} INFO - Started process (PID=1143) to work on /home/airflow/.local/lib/python3.7/site-packages/airflow/example_dags/example_dag_decorator.py
[2022-02-05 19:30:48,754] {processor.py:642} INFO - Processing file /home/airflow/.local/lib/python3.7/site-packages/airflow/example_dags/example_dag_decorator.py for tasks to queue
[2022-02-05 19:30:48,754] {logging_mixin.py:109} INFO - [2022-02-05 19:30:48,754] {dagbag.py:500} INFO - Filling up the DagBag from /home/airflow/.local/lib/python3.7/site-packages/airflow/example_dags/example_dag_decorator.py
[2022-02-05 19:30:48,795] {processor.py:654} INFO - DAG(s) dict_keys(['example_dag_decorator']) retrieved from /home/airflow/.local/lib/python3.7/site-packages/airflow/example_dags/example_dag_decorator.py
[2022-02-05 19:30:49,190] {logging_mixin.py:109} INFO - [2022-02-05 19:30:49,189] {dag.py:2396} INFO - Sync 1 DAGs
[2022-02-05 19:30:49,208] {logging_mixin.py:109} INFO - [2022-02-05 19:30:49,208] {dag.py:2935} INFO - Setting next_dagrun for example_dag_decorator to None
[2022-02-05 19:30:49,222] {processor.py:171} INFO - Processing /home/airflow/.local/lib/python3.7/site-packages/airflow/example_dags/example_dag_decorator.py took 0.474 seconds
[2022-02-05 19:31:19,324] {processor.py:163} INFO - Started process (PID=1196) to work on /home/airflow/.local/lib/python3.7/site-packages/airflow/example_dags/example_dag_decorator.py
[2022-02-05 19:31:19,326] {processor.py:642} INFO - Processing file /home/airflow/.local/lib/python3.7/site-packages/airflow/example_dags/example_dag_decorator.py for tasks to queue
[2022-02-05 19:31:19,327] {logging_mixin.py:109} INFO - [2022-02-05 19:31:19,326] {dagbag.py:500} INFO - Filling up the DagBag from /home/airflow/.local/lib/python3.7/site-packages/airflow/example_dags/example_dag_decorator.py
[2022-02-05 19:31:19,387] {processor.py:654} INFO - DAG(s) dict_keys(['example_dag_decorator']) retrieved from /home/airflow/.local/lib/python3.7/site-packages/airflow/example_dags/example_dag_decorator.py
[2022-02-05 19:31:19,809] {logging_mixin.py:109} INFO - [2022-02-05 19:31:19,809] {dag.py:2396} INFO - Sync 1 DAGs
[2022-02-05 19:31:19,828] {logging_mixin.py:109} INFO - [2022-02-05 19:31:19,828] {dag.py:2935} INFO - Setting next_dagrun for example_dag_decorator to None
[2022-02-05 19:31:19,845] {processor.py:171} INFO - Processing /home/airflow/.local/lib/python3.7/site-packages/airflow/example_dags/example_dag_decorator.py took 0.526 seconds
[2022-02-05 19:31:49,978] {processor.py:163} INFO - Started process (PID=1261) to work on /home/airflow/.local/lib/python3.7/site-packages/airflow/example_dags/example_dag_decorator.py
[2022-02-05 19:31:49,980] {processor.py:642} INFO - Processing file /home/airflow/.local/lib/python3.7/site-packages/airflow/example_dags/example_dag_decorator.py for tasks to queue
[2022-02-05 19:31:49,981] {logging_mixin.py:109} INFO - [2022-02-05 19:31:49,981] {dagbag.py:500} INFO - Filling up the DagBag from /home/airflow/.local/lib/python3.7/site-packages/airflow/example_dags/example_dag_decorator.py
[2022-02-05 19:31:50,058] {processor.py:654} INFO - DAG(s) dict_keys(['example_dag_decorator']) retrieved from /home/airflow/.local/lib/python3.7/site-packages/airflow/example_dags/example_dag_decorator.py
[2022-02-05 19:31:50,466] {logging_mixin.py:109} INFO - [2022-02-05 19:31:50,466] {dag.py:2396} INFO - Sync 1 DAGs
[2022-02-05 19:31:50,484] {logging_mixin.py:109} INFO - [2022-02-05 19:31:50,484] {dag.py:2935} INFO - Setting next_dagrun for example_dag_decorator to None
[2022-02-05 19:31:50,498] {processor.py:171} INFO - Processing /home/airflow/.local/lib/python3.7/site-packages/airflow/example_dags/example_dag_decorator.py took 0.526 seconds
[2022-02-05 19:32:20,607] {processor.py:163} INFO - Started process (PID=1319) to work on /home/airflow/.local/lib/python3.7/site-packages/airflow/example_dags/example_dag_decorator.py
[2022-02-05 19:32:20,609] {processor.py:642} INFO - Processing file /home/airflow/.local/lib/python3.7/site-packages/airflow/example_dags/example_dag_decorator.py for tasks to queue
[2022-02-05 19:32:20,609] {logging_mixin.py:109} INFO - [2022-02-05 19:32:20,609] {dagbag.py:500} INFO - Filling up the DagBag from /home/airflow/.local/lib/python3.7/site-packages/airflow/example_dags/example_dag_decorator.py
[2022-02-05 19:32:20,641] {processor.py:654} INFO - DAG(s) dict_keys(['example_dag_decorator']) retrieved from /home/airflow/.local/lib/python3.7/site-packages/airflow/example_dags/example_dag_decorator.py
[2022-02-05 19:32:20,904] {logging_mixin.py:109} INFO - [2022-02-05 19:32:20,904] {dag.py:2396} INFO - Sync 1 DAGs
[2022-02-05 19:32:20,917] {logging_mixin.py:109} INFO - [2022-02-05 19:32:20,917] {dag.py:2935} INFO - Setting next_dagrun for example_dag_decorator to None
[2022-02-05 19:32:20,927] {processor.py:171} INFO - Processing /home/airflow/.local/lib/python3.7/site-packages/airflow/example_dags/example_dag_decorator.py took 0.323 seconds
[2022-02-05 19:32:51,309] {processor.py:163} INFO - Started process (PID=1371) to work on /home/airflow/.local/lib/python3.7/site-packages/airflow/example_dags/example_dag_decorator.py
[2022-02-05 19:32:51,310] {processor.py:642} INFO - Processing file /home/airflow/.local/lib/python3.7/site-packages/airflow/example_dags/example_dag_decorator.py for tasks to queue
[2022-02-05 19:32:51,311] {logging_mixin.py:109} INFO - [2022-02-05 19:32:51,310] {dagbag.py:500} INFO - Filling up the DagBag from /home/airflow/.local/lib/python3.7/site-packages/airflow/example_dags/example_dag_decorator.py
[2022-02-05 19:32:51,342] {processor.py:654} INFO - DAG(s) dict_keys(['example_dag_decorator']) retrieved from /home/airflow/.local/lib/python3.7/site-packages/airflow/example_dags/example_dag_decorator.py
[2022-02-05 19:32:51,585] {logging_mixin.py:109} INFO - [2022-02-05 19:32:51,585] {dag.py:2396} INFO - Sync 1 DAGs
[2022-02-05 19:32:51,597] {logging_mixin.py:109} INFO - [2022-02-05 19:32:51,597] {dag.py:2935} INFO - Setting next_dagrun for example_dag_decorator to None
[2022-02-05 19:32:51,607] {processor.py:171} INFO - Processing /home/airflow/.local/lib/python3.7/site-packages/airflow/example_dags/example_dag_decorator.py took 0.301 seconds
[2022-02-05 19:33:21,678] {processor.py:163} INFO - Started process (PID=1434) to work on /home/airflow/.local/lib/python3.7/site-packages/airflow/example_dags/example_dag_decorator.py
[2022-02-05 19:33:21,679] {processor.py:642} INFO - Processing file /home/airflow/.local/lib/python3.7/site-packages/airflow/example_dags/example_dag_decorator.py for tasks to queue
[2022-02-05 19:33:21,679] {logging_mixin.py:109} INFO - [2022-02-05 19:33:21,679] {dagbag.py:500} INFO - Filling up the DagBag from /home/airflow/.local/lib/python3.7/site-packages/airflow/example_dags/example_dag_decorator.py
[2022-02-05 19:33:21,708] {processor.py:654} INFO - DAG(s) dict_keys(['example_dag_decorator']) retrieved from /home/airflow/.local/lib/python3.7/site-packages/airflow/example_dags/example_dag_decorator.py
[2022-02-05 19:33:21,921] {logging_mixin.py:109} INFO - [2022-02-05 19:33:21,921] {dag.py:2396} INFO - Sync 1 DAGs
[2022-02-05 19:33:21,930] {logging_mixin.py:109} INFO - [2022-02-05 19:33:21,930] {dag.py:2935} INFO - Setting next_dagrun for example_dag_decorator to None
[2022-02-05 19:33:21,942] {processor.py:171} INFO - Processing /home/airflow/.local/lib/python3.7/site-packages/airflow/example_dags/example_dag_decorator.py took 0.267 seconds
[2022-02-05 19:33:52,112] {processor.py:163} INFO - Started process (PID=1501) to work on /home/airflow/.local/lib/python3.7/site-packages/airflow/example_dags/example_dag_decorator.py
[2022-02-05 19:33:52,113] {processor.py:642} INFO - Processing file /home/airflow/.local/lib/python3.7/site-packages/airflow/example_dags/example_dag_decorator.py for tasks to queue
[2022-02-05 19:33:52,113] {logging_mixin.py:109} INFO - [2022-02-05 19:33:52,113] {dagbag.py:500} INFO - Filling up the DagBag from /home/airflow/.local/lib/python3.7/site-packages/airflow/example_dags/example_dag_decorator.py
[2022-02-05 19:33:52,142] {processor.py:654} INFO - DAG(s) dict_keys(['example_dag_decorator']) retrieved from /home/airflow/.local/lib/python3.7/site-packages/airflow/example_dags/example_dag_decorator.py
[2022-02-05 19:33:52,366] {logging_mixin.py:109} INFO - [2022-02-05 19:33:52,366] {dag.py:2396} INFO - Sync 1 DAGs
[2022-02-05 19:33:52,377] {logging_mixin.py:109} INFO - [2022-02-05 19:33:52,376] {dag.py:2935} INFO - Setting next_dagrun for example_dag_decorator to None
[2022-02-05 19:33:52,387] {processor.py:171} INFO - Processing /home/airflow/.local/lib/python3.7/site-packages/airflow/example_dags/example_dag_decorator.py took 0.277 seconds
[2022-02-05 19:34:22,803] {processor.py:163} INFO - Started process (PID=1544) to work on /home/airflow/.local/lib/python3.7/site-packages/airflow/example_dags/example_dag_decorator.py
[2022-02-05 19:34:22,805] {processor.py:642} INFO - Processing file /home/airflow/.local/lib/python3.7/site-packages/airflow/example_dags/example_dag_decorator.py for tasks to queue
[2022-02-05 19:34:22,805] {logging_mixin.py:109} INFO - [2022-02-05 19:34:22,805] {dagbag.py:500} INFO - Filling up the DagBag from /home/airflow/.local/lib/python3.7/site-packages/airflow/example_dags/example_dag_decorator.py
[2022-02-05 19:34:22,834] {processor.py:654} INFO - DAG(s) dict_keys(['example_dag_decorator']) retrieved from /home/airflow/.local/lib/python3.7/site-packages/airflow/example_dags/example_dag_decorator.py
[2022-02-05 19:34:23,065] {logging_mixin.py:109} INFO - [2022-02-05 19:34:23,065] {dag.py:2396} INFO - Sync 1 DAGs
[2022-02-05 19:34:23,076] {logging_mixin.py:109} INFO - [2022-02-05 19:34:23,076] {dag.py:2935} INFO - Setting next_dagrun for example_dag_decorator to None
[2022-02-05 19:34:23,085] {processor.py:171} INFO - Processing /home/airflow/.local/lib/python3.7/site-packages/airflow/example_dags/example_dag_decorator.py took 0.284 seconds
[2022-02-05 19:34:53,677] {processor.py:163} INFO - Started process (PID=1605) to work on /home/airflow/.local/lib/python3.7/site-packages/airflow/example_dags/example_dag_decorator.py
[2022-02-05 19:34:53,678] {processor.py:642} INFO - Processing file /home/airflow/.local/lib/python3.7/site-packages/airflow/example_dags/example_dag_decorator.py for tasks to queue
[2022-02-05 19:34:53,679] {logging_mixin.py:109} INFO - [2022-02-05 19:34:53,679] {dagbag.py:500} INFO - Filling up the DagBag from /home/airflow/.local/lib/python3.7/site-packages/airflow/example_dags/example_dag_decorator.py
[2022-02-05 19:34:53,709] {processor.py:654} INFO - DAG(s) dict_keys(['example_dag_decorator']) retrieved from /home/airflow/.local/lib/python3.7/site-packages/airflow/example_dags/example_dag_decorator.py
[2022-02-05 19:34:53,923] {logging_mixin.py:109} INFO - [2022-02-05 19:34:53,923] {dag.py:2396} INFO - Sync 1 DAGs
[2022-02-05 19:34:53,934] {logging_mixin.py:109} INFO - [2022-02-05 19:34:53,934] {dag.py:2935} INFO - Setting next_dagrun for example_dag_decorator to None
[2022-02-05 19:34:53,942] {processor.py:171} INFO - Processing /home/airflow/.local/lib/python3.7/site-packages/airflow/example_dags/example_dag_decorator.py took 0.268 seconds
[2022-02-05 19:35:23,976] {processor.py:163} INFO - Started process (PID=1657) to work on /home/airflow/.local/lib/python3.7/site-packages/airflow/example_dags/example_dag_decorator.py
[2022-02-05 19:35:23,978] {processor.py:642} INFO - Processing file /home/airflow/.local/lib/python3.7/site-packages/airflow/example_dags/example_dag_decorator.py for tasks to queue
[2022-02-05 19:35:23,978] {logging_mixin.py:109} INFO - [2022-02-05 19:35:23,978] {dagbag.py:500} INFO - Filling up the DagBag from /home/airflow/.local/lib/python3.7/site-packages/airflow/example_dags/example_dag_decorator.py
[2022-02-05 19:35:24,007] {processor.py:654} INFO - DAG(s) dict_keys(['example_dag_decorator']) retrieved from /home/airflow/.local/lib/python3.7/site-packages/airflow/example_dags/example_dag_decorator.py
[2022-02-05 19:35:24,236] {logging_mixin.py:109} INFO - [2022-02-05 19:35:24,235] {dag.py:2396} INFO - Sync 1 DAGs
[2022-02-05 19:35:24,246] {logging_mixin.py:109} INFO - [2022-02-05 19:35:24,246] {dag.py:2935} INFO - Setting next_dagrun for example_dag_decorator to None
[2022-02-05 19:35:24,257] {processor.py:171} INFO - Processing /home/airflow/.local/lib/python3.7/site-packages/airflow/example_dags/example_dag_decorator.py took 0.283 seconds
[2022-02-05 19:35:55,133] {processor.py:163} INFO - Started process (PID=1719) to work on /home/airflow/.local/lib/python3.7/site-packages/airflow/example_dags/example_dag_decorator.py
[2022-02-05 19:35:55,135] {processor.py:642} INFO - Processing file /home/airflow/.local/lib/python3.7/site-packages/airflow/example_dags/example_dag_decorator.py for tasks to queue
[2022-02-05 19:35:55,135] {logging_mixin.py:109} INFO - [2022-02-05 19:35:55,135] {dagbag.py:500} INFO - Filling up the DagBag from /home/airflow/.local/lib/python3.7/site-packages/airflow/example_dags/example_dag_decorator.py
[2022-02-05 19:35:55,182] {processor.py:654} INFO - DAG(s) dict_keys(['example_dag_decorator']) retrieved from /home/airflow/.local/lib/python3.7/site-packages/airflow/example_dags/example_dag_decorator.py
[2022-02-05 19:35:55,576] {logging_mixin.py:109} INFO - [2022-02-05 19:35:55,575] {dag.py:2396} INFO - Sync 1 DAGs
[2022-02-05 19:35:55,596] {logging_mixin.py:109} INFO - [2022-02-05 19:35:55,596] {dag.py:2935} INFO - Setting next_dagrun for example_dag_decorator to None
[2022-02-05 19:35:55,627] {processor.py:171} INFO - Processing /home/airflow/.local/lib/python3.7/site-packages/airflow/example_dags/example_dag_decorator.py took 0.498 seconds
[2022-02-05 19:36:26,185] {processor.py:163} INFO - Started process (PID=1772) to work on /home/airflow/.local/lib/python3.7/site-packages/airflow/example_dags/example_dag_decorator.py
[2022-02-05 19:36:26,213] {processor.py:642} INFO - Processing file /home/airflow/.local/lib/python3.7/site-packages/airflow/example_dags/example_dag_decorator.py for tasks to queue
[2022-02-05 19:36:26,214] {logging_mixin.py:109} INFO - [2022-02-05 19:36:26,214] {dagbag.py:500} INFO - Filling up the DagBag from /home/airflow/.local/lib/python3.7/site-packages/airflow/example_dags/example_dag_decorator.py
[2022-02-05 19:36:26,244] {processor.py:654} INFO - DAG(s) dict_keys(['example_dag_decorator']) retrieved from /home/airflow/.local/lib/python3.7/site-packages/airflow/example_dags/example_dag_decorator.py
[2022-02-05 19:36:26,516] {logging_mixin.py:109} INFO - [2022-02-05 19:36:26,516] {dag.py:2396} INFO - Sync 1 DAGs
[2022-02-05 19:36:26,530] {logging_mixin.py:109} INFO - [2022-02-05 19:36:26,530] {dag.py:2935} INFO - Setting next_dagrun for example_dag_decorator to None
[2022-02-05 19:36:26,541] {processor.py:171} INFO - Processing /home/airflow/.local/lib/python3.7/site-packages/airflow/example_dags/example_dag_decorator.py took 0.359 seconds
[2022-02-05 19:36:57,375] {processor.py:163} INFO - Started process (PID=1832) to work on /home/airflow/.local/lib/python3.7/site-packages/airflow/example_dags/example_dag_decorator.py
[2022-02-05 19:36:57,376] {processor.py:642} INFO - Processing file /home/airflow/.local/lib/python3.7/site-packages/airflow/example_dags/example_dag_decorator.py for tasks to queue
[2022-02-05 19:36:57,377] {logging_mixin.py:109} INFO - [2022-02-05 19:36:57,377] {dagbag.py:500} INFO - Filling up the DagBag from /home/airflow/.local/lib/python3.7/site-packages/airflow/example_dags/example_dag_decorator.py
[2022-02-05 19:36:57,406] {processor.py:654} INFO - DAG(s) dict_keys(['example_dag_decorator']) retrieved from /home/airflow/.local/lib/python3.7/site-packages/airflow/example_dags/example_dag_decorator.py
[2022-02-05 19:36:57,638] {logging_mixin.py:109} INFO - [2022-02-05 19:36:57,638] {dag.py:2396} INFO - Sync 1 DAGs
[2022-02-05 19:36:57,652] {logging_mixin.py:109} INFO - [2022-02-05 19:36:57,652] {dag.py:2935} INFO - Setting next_dagrun for example_dag_decorator to None
[2022-02-05 19:36:57,664] {processor.py:171} INFO - Processing /home/airflow/.local/lib/python3.7/site-packages/airflow/example_dags/example_dag_decorator.py took 0.292 seconds
[2022-02-05 19:37:27,835] {processor.py:163} INFO - Started process (PID=1897) to work on /home/airflow/.local/lib/python3.7/site-packages/airflow/example_dags/example_dag_decorator.py
[2022-02-05 19:37:27,836] {processor.py:642} INFO - Processing file /home/airflow/.local/lib/python3.7/site-packages/airflow/example_dags/example_dag_decorator.py for tasks to queue
[2022-02-05 19:37:27,837] {logging_mixin.py:109} INFO - [2022-02-05 19:37:27,837] {dagbag.py:500} INFO - Filling up the DagBag from /home/airflow/.local/lib/python3.7/site-packages/airflow/example_dags/example_dag_decorator.py
[2022-02-05 19:37:27,867] {processor.py:654} INFO - DAG(s) dict_keys(['example_dag_decorator']) retrieved from /home/airflow/.local/lib/python3.7/site-packages/airflow/example_dags/example_dag_decorator.py
[2022-02-05 19:37:28,118] {logging_mixin.py:109} INFO - [2022-02-05 19:37:28,118] {dag.py:2396} INFO - Sync 1 DAGs
[2022-02-05 19:37:28,128] {logging_mixin.py:109} INFO - [2022-02-05 19:37:28,128] {dag.py:2935} INFO - Setting next_dagrun for example_dag_decorator to None
[2022-02-05 19:37:28,137] {processor.py:171} INFO - Processing /home/airflow/.local/lib/python3.7/site-packages/airflow/example_dags/example_dag_decorator.py took 0.305 seconds
[2022-02-05 19:37:58,645] {processor.py:163} INFO - Started process (PID=1950) to work on /home/airflow/.local/lib/python3.7/site-packages/airflow/example_dags/example_dag_decorator.py
[2022-02-05 19:37:58,647] {processor.py:642} INFO - Processing file /home/airflow/.local/lib/python3.7/site-packages/airflow/example_dags/example_dag_decorator.py for tasks to queue
[2022-02-05 19:37:58,648] {logging_mixin.py:109} INFO - [2022-02-05 19:37:58,648] {dagbag.py:500} INFO - Filling up the DagBag from /home/airflow/.local/lib/python3.7/site-packages/airflow/example_dags/example_dag_decorator.py
[2022-02-05 19:37:58,694] {processor.py:654} INFO - DAG(s) dict_keys(['example_dag_decorator']) retrieved from /home/airflow/.local/lib/python3.7/site-packages/airflow/example_dags/example_dag_decorator.py
[2022-02-05 19:37:59,075] {logging_mixin.py:109} INFO - [2022-02-05 19:37:59,075] {dag.py:2396} INFO - Sync 1 DAGs
[2022-02-05 19:37:59,093] {logging_mixin.py:109} INFO - [2022-02-05 19:37:59,092] {dag.py:2935} INFO - Setting next_dagrun for example_dag_decorator to None
[2022-02-05 19:37:59,107] {processor.py:171} INFO - Processing /home/airflow/.local/lib/python3.7/site-packages/airflow/example_dags/example_dag_decorator.py took 0.466 seconds
[2022-02-05 19:38:29,163] {processor.py:163} INFO - Started process (PID=2013) to work on /home/airflow/.local/lib/python3.7/site-packages/airflow/example_dags/example_dag_decorator.py
[2022-02-05 19:38:29,165] {processor.py:642} INFO - Processing file /home/airflow/.local/lib/python3.7/site-packages/airflow/example_dags/example_dag_decorator.py for tasks to queue
[2022-02-05 19:38:29,165] {logging_mixin.py:109} INFO - [2022-02-05 19:38:29,165] {dagbag.py:500} INFO - Filling up the DagBag from /home/airflow/.local/lib/python3.7/site-packages/airflow/example_dags/example_dag_decorator.py
[2022-02-05 19:38:29,206] {processor.py:654} INFO - DAG(s) dict_keys(['example_dag_decorator']) retrieved from /home/airflow/.local/lib/python3.7/site-packages/airflow/example_dags/example_dag_decorator.py
[2022-02-05 19:38:29,497] {logging_mixin.py:109} INFO - [2022-02-05 19:38:29,497] {dag.py:2396} INFO - Sync 1 DAGs
[2022-02-05 19:38:29,511] {logging_mixin.py:109} INFO - [2022-02-05 19:38:29,510] {dag.py:2935} INFO - Setting next_dagrun for example_dag_decorator to None
[2022-02-05 19:38:29,525] {processor.py:171} INFO - Processing /home/airflow/.local/lib/python3.7/site-packages/airflow/example_dags/example_dag_decorator.py took 0.365 seconds
[2022-02-05 19:38:59,666] {processor.py:163} INFO - Started process (PID=2067) to work on /home/airflow/.local/lib/python3.7/site-packages/airflow/example_dags/example_dag_decorator.py
[2022-02-05 19:38:59,668] {processor.py:642} INFO - Processing file /home/airflow/.local/lib/python3.7/site-packages/airflow/example_dags/example_dag_decorator.py for tasks to queue
[2022-02-05 19:38:59,668] {logging_mixin.py:109} INFO - [2022-02-05 19:38:59,668] {dagbag.py:500} INFO - Filling up the DagBag from /home/airflow/.local/lib/python3.7/site-packages/airflow/example_dags/example_dag_decorator.py
[2022-02-05 19:38:59,701] {processor.py:654} INFO - DAG(s) dict_keys(['example_dag_decorator']) retrieved from /home/airflow/.local/lib/python3.7/site-packages/airflow/example_dags/example_dag_decorator.py
[2022-02-05 19:38:59,938] {logging_mixin.py:109} INFO - [2022-02-05 19:38:59,938] {dag.py:2396} INFO - Sync 1 DAGs
[2022-02-05 19:38:59,951] {logging_mixin.py:109} INFO - [2022-02-05 19:38:59,951] {dag.py:2935} INFO - Setting next_dagrun for example_dag_decorator to None
[2022-02-05 19:38:59,961] {processor.py:171} INFO - Processing /home/airflow/.local/lib/python3.7/site-packages/airflow/example_dags/example_dag_decorator.py took 0.298 seconds
[2022-02-05 19:39:30,286] {processor.py:163} INFO - Started process (PID=2129) to work on /home/airflow/.local/lib/python3.7/site-packages/airflow/example_dags/example_dag_decorator.py
[2022-02-05 19:39:30,287] {processor.py:642} INFO - Processing file /home/airflow/.local/lib/python3.7/site-packages/airflow/example_dags/example_dag_decorator.py for tasks to queue
[2022-02-05 19:39:30,288] {logging_mixin.py:109} INFO - [2022-02-05 19:39:30,288] {dagbag.py:500} INFO - Filling up the DagBag from /home/airflow/.local/lib/python3.7/site-packages/airflow/example_dags/example_dag_decorator.py
[2022-02-05 19:39:30,339] {processor.py:654} INFO - DAG(s) dict_keys(['example_dag_decorator']) retrieved from /home/airflow/.local/lib/python3.7/site-packages/airflow/example_dags/example_dag_decorator.py
[2022-02-05 19:39:30,701] {logging_mixin.py:109} INFO - [2022-02-05 19:39:30,701] {dag.py:2396} INFO - Sync 1 DAGs
[2022-02-05 19:39:30,720] {logging_mixin.py:109} INFO - [2022-02-05 19:39:30,720] {dag.py:2935} INFO - Setting next_dagrun for example_dag_decorator to None
[2022-02-05 19:39:30,734] {processor.py:171} INFO - Processing /home/airflow/.local/lib/python3.7/site-packages/airflow/example_dags/example_dag_decorator.py took 0.452 seconds
[2022-02-05 19:40:00,877] {processor.py:163} INFO - Started process (PID=2186) to work on /home/airflow/.local/lib/python3.7/site-packages/airflow/example_dags/example_dag_decorator.py
[2022-02-05 19:40:00,878] {processor.py:642} INFO - Processing file /home/airflow/.local/lib/python3.7/site-packages/airflow/example_dags/example_dag_decorator.py for tasks to queue
[2022-02-05 19:40:00,879] {logging_mixin.py:109} INFO - [2022-02-05 19:40:00,879] {dagbag.py:500} INFO - Filling up the DagBag from /home/airflow/.local/lib/python3.7/site-packages/airflow/example_dags/example_dag_decorator.py
[2022-02-05 19:40:00,944] {processor.py:654} INFO - DAG(s) dict_keys(['example_dag_decorator']) retrieved from /home/airflow/.local/lib/python3.7/site-packages/airflow/example_dags/example_dag_decorator.py
[2022-02-05 19:40:01,327] {logging_mixin.py:109} INFO - [2022-02-05 19:40:01,327] {dag.py:2396} INFO - Sync 1 DAGs
[2022-02-05 19:40:01,346] {logging_mixin.py:109} INFO - [2022-02-05 19:40:01,345] {dag.py:2935} INFO - Setting next_dagrun for example_dag_decorator to None
[2022-02-05 19:40:01,360] {processor.py:171} INFO - Processing /home/airflow/.local/lib/python3.7/site-packages/airflow/example_dags/example_dag_decorator.py took 0.487 seconds
[2022-02-05 19:40:31,395] {processor.py:163} INFO - Started process (PID=2243) to work on /home/airflow/.local/lib/python3.7/site-packages/airflow/example_dags/example_dag_decorator.py
[2022-02-05 19:40:31,396] {processor.py:642} INFO - Processing file /home/airflow/.local/lib/python3.7/site-packages/airflow/example_dags/example_dag_decorator.py for tasks to queue
[2022-02-05 19:40:31,397] {logging_mixin.py:109} INFO - [2022-02-05 19:40:31,397] {dagbag.py:500} INFO - Filling up the DagBag from /home/airflow/.local/lib/python3.7/site-packages/airflow/example_dags/example_dag_decorator.py
[2022-02-05 19:40:31,448] {processor.py:654} INFO - DAG(s) dict_keys(['example_dag_decorator']) retrieved from /home/airflow/.local/lib/python3.7/site-packages/airflow/example_dags/example_dag_decorator.py
[2022-02-05 19:40:31,935] {logging_mixin.py:109} INFO - [2022-02-05 19:40:31,934] {dag.py:2396} INFO - Sync 1 DAGs
[2022-02-05 19:40:31,956] {logging_mixin.py:109} INFO - [2022-02-05 19:40:31,956] {dag.py:2935} INFO - Setting next_dagrun for example_dag_decorator to None
[2022-02-05 19:40:31,971] {processor.py:171} INFO - Processing /home/airflow/.local/lib/python3.7/site-packages/airflow/example_dags/example_dag_decorator.py took 0.581 seconds
[2022-02-05 19:41:02,457] {processor.py:163} INFO - Started process (PID=2306) to work on /home/airflow/.local/lib/python3.7/site-packages/airflow/example_dags/example_dag_decorator.py
[2022-02-05 19:41:02,458] {processor.py:642} INFO - Processing file /home/airflow/.local/lib/python3.7/site-packages/airflow/example_dags/example_dag_decorator.py for tasks to queue
[2022-02-05 19:41:02,458] {logging_mixin.py:109} INFO - [2022-02-05 19:41:02,458] {dagbag.py:500} INFO - Filling up the DagBag from /home/airflow/.local/lib/python3.7/site-packages/airflow/example_dags/example_dag_decorator.py
[2022-02-05 19:41:02,570] {processor.py:654} INFO - DAG(s) dict_keys(['example_dag_decorator']) retrieved from /home/airflow/.local/lib/python3.7/site-packages/airflow/example_dags/example_dag_decorator.py
[2022-02-05 19:41:02,742] {logging_mixin.py:109} INFO - [2022-02-05 19:41:02,741] {dag.py:2396} INFO - Sync 1 DAGs
[2022-02-05 19:41:02,757] {logging_mixin.py:109} INFO - [2022-02-05 19:41:02,757] {dag.py:2935} INFO - Setting next_dagrun for example_dag_decorator to None
[2022-02-05 19:41:02,773] {processor.py:171} INFO - Processing /home/airflow/.local/lib/python3.7/site-packages/airflow/example_dags/example_dag_decorator.py took 0.319 seconds
[2022-02-05 19:41:32,948] {processor.py:163} INFO - Started process (PID=2359) to work on /home/airflow/.local/lib/python3.7/site-packages/airflow/example_dags/example_dag_decorator.py
[2022-02-05 19:41:32,957] {processor.py:642} INFO - Processing file /home/airflow/.local/lib/python3.7/site-packages/airflow/example_dags/example_dag_decorator.py for tasks to queue
[2022-02-05 19:41:32,958] {logging_mixin.py:109} INFO - [2022-02-05 19:41:32,958] {dagbag.py:500} INFO - Filling up the DagBag from /home/airflow/.local/lib/python3.7/site-packages/airflow/example_dags/example_dag_decorator.py
[2022-02-05 19:41:33,107] {processor.py:654} INFO - DAG(s) dict_keys(['example_dag_decorator']) retrieved from /home/airflow/.local/lib/python3.7/site-packages/airflow/example_dags/example_dag_decorator.py
[2022-02-05 19:41:33,417] {logging_mixin.py:109} INFO - [2022-02-05 19:41:33,417] {dag.py:2396} INFO - Sync 1 DAGs
[2022-02-05 19:41:33,441] {logging_mixin.py:109} INFO - [2022-02-05 19:41:33,441] {dag.py:2935} INFO - Setting next_dagrun for example_dag_decorator to None
[2022-02-05 19:41:33,459] {processor.py:171} INFO - Processing /home/airflow/.local/lib/python3.7/site-packages/airflow/example_dags/example_dag_decorator.py took 0.514 seconds
[2022-02-05 19:42:03,591] {processor.py:163} INFO - Started process (PID=2420) to work on /home/airflow/.local/lib/python3.7/site-packages/airflow/example_dags/example_dag_decorator.py
[2022-02-05 19:42:03,593] {processor.py:642} INFO - Processing file /home/airflow/.local/lib/python3.7/site-packages/airflow/example_dags/example_dag_decorator.py for tasks to queue
[2022-02-05 19:42:03,594] {logging_mixin.py:109} INFO - [2022-02-05 19:42:03,594] {dagbag.py:500} INFO - Filling up the DagBag from /home/airflow/.local/lib/python3.7/site-packages/airflow/example_dags/example_dag_decorator.py
[2022-02-05 19:42:03,727] {processor.py:654} INFO - DAG(s) dict_keys(['example_dag_decorator']) retrieved from /home/airflow/.local/lib/python3.7/site-packages/airflow/example_dags/example_dag_decorator.py
[2022-02-05 19:42:03,984] {logging_mixin.py:109} INFO - [2022-02-05 19:42:03,984] {dag.py:2396} INFO - Sync 1 DAGs
[2022-02-05 19:42:04,006] {logging_mixin.py:109} INFO - [2022-02-05 19:42:04,006] {dag.py:2935} INFO - Setting next_dagrun for example_dag_decorator to None
[2022-02-05 19:42:04,022] {processor.py:171} INFO - Processing /home/airflow/.local/lib/python3.7/site-packages/airflow/example_dags/example_dag_decorator.py took 0.434 seconds
[2022-02-05 19:42:34,434] {processor.py:163} INFO - Started process (PID=2473) to work on /home/airflow/.local/lib/python3.7/site-packages/airflow/example_dags/example_dag_decorator.py
[2022-02-05 19:42:34,436] {processor.py:642} INFO - Processing file /home/airflow/.local/lib/python3.7/site-packages/airflow/example_dags/example_dag_decorator.py for tasks to queue
[2022-02-05 19:42:34,437] {logging_mixin.py:109} INFO - [2022-02-05 19:42:34,437] {dagbag.py:500} INFO - Filling up the DagBag from /home/airflow/.local/lib/python3.7/site-packages/airflow/example_dags/example_dag_decorator.py
[2022-02-05 19:42:34,549] {processor.py:654} INFO - DAG(s) dict_keys(['example_dag_decorator']) retrieved from /home/airflow/.local/lib/python3.7/site-packages/airflow/example_dags/example_dag_decorator.py
[2022-02-05 19:42:34,746] {logging_mixin.py:109} INFO - [2022-02-05 19:42:34,745] {dag.py:2396} INFO - Sync 1 DAGs
[2022-02-05 19:42:34,765] {logging_mixin.py:109} INFO - [2022-02-05 19:42:34,765] {dag.py:2935} INFO - Setting next_dagrun for example_dag_decorator to None
[2022-02-05 19:42:34,781] {processor.py:171} INFO - Processing /home/airflow/.local/lib/python3.7/site-packages/airflow/example_dags/example_dag_decorator.py took 0.350 seconds
[2022-02-05 19:43:04,872] {processor.py:163} INFO - Started process (PID=2535) to work on /home/airflow/.local/lib/python3.7/site-packages/airflow/example_dags/example_dag_decorator.py
[2022-02-05 19:43:04,873] {processor.py:642} INFO - Processing file /home/airflow/.local/lib/python3.7/site-packages/airflow/example_dags/example_dag_decorator.py for tasks to queue
[2022-02-05 19:43:04,874] {logging_mixin.py:109} INFO - [2022-02-05 19:43:04,874] {dagbag.py:500} INFO - Filling up the DagBag from /home/airflow/.local/lib/python3.7/site-packages/airflow/example_dags/example_dag_decorator.py
[2022-02-05 19:43:05,008] {processor.py:654} INFO - DAG(s) dict_keys(['example_dag_decorator']) retrieved from /home/airflow/.local/lib/python3.7/site-packages/airflow/example_dags/example_dag_decorator.py
[2022-02-05 19:43:05,248] {logging_mixin.py:109} INFO - [2022-02-05 19:43:05,248] {dag.py:2396} INFO - Sync 1 DAGs
[2022-02-05 19:43:05,263] {logging_mixin.py:109} INFO - [2022-02-05 19:43:05,263] {dag.py:2935} INFO - Setting next_dagrun for example_dag_decorator to None
[2022-02-05 19:43:05,275] {processor.py:171} INFO - Processing /home/airflow/.local/lib/python3.7/site-packages/airflow/example_dags/example_dag_decorator.py took 0.406 seconds
[2022-02-05 19:43:35,890] {processor.py:163} INFO - Started process (PID=2589) to work on /home/airflow/.local/lib/python3.7/site-packages/airflow/example_dags/example_dag_decorator.py
[2022-02-05 19:43:35,891] {processor.py:642} INFO - Processing file /home/airflow/.local/lib/python3.7/site-packages/airflow/example_dags/example_dag_decorator.py for tasks to queue
[2022-02-05 19:43:35,891] {logging_mixin.py:109} INFO - [2022-02-05 19:43:35,891] {dagbag.py:500} INFO - Filling up the DagBag from /home/airflow/.local/lib/python3.7/site-packages/airflow/example_dags/example_dag_decorator.py
[2022-02-05 19:43:36,001] {processor.py:654} INFO - DAG(s) dict_keys(['example_dag_decorator']) retrieved from /home/airflow/.local/lib/python3.7/site-packages/airflow/example_dags/example_dag_decorator.py
[2022-02-05 19:43:36,141] {logging_mixin.py:109} INFO - [2022-02-05 19:43:36,141] {dag.py:2396} INFO - Sync 1 DAGs
[2022-02-05 19:43:36,152] {logging_mixin.py:109} INFO - [2022-02-05 19:43:36,152] {dag.py:2935} INFO - Setting next_dagrun for example_dag_decorator to None
[2022-02-05 19:43:36,165] {processor.py:171} INFO - Processing /home/airflow/.local/lib/python3.7/site-packages/airflow/example_dags/example_dag_decorator.py took 0.278 seconds
[2022-02-05 19:44:06,196] {processor.py:163} INFO - Started process (PID=2656) to work on /home/airflow/.local/lib/python3.7/site-packages/airflow/example_dags/example_dag_decorator.py
[2022-02-05 19:44:06,217] {processor.py:642} INFO - Processing file /home/airflow/.local/lib/python3.7/site-packages/airflow/example_dags/example_dag_decorator.py for tasks to queue
[2022-02-05 19:44:06,218] {logging_mixin.py:109} INFO - [2022-02-05 19:44:06,218] {dagbag.py:500} INFO - Filling up the DagBag from /home/airflow/.local/lib/python3.7/site-packages/airflow/example_dags/example_dag_decorator.py
[2022-02-05 19:44:06,322] {processor.py:654} INFO - DAG(s) dict_keys(['example_dag_decorator']) retrieved from /home/airflow/.local/lib/python3.7/site-packages/airflow/example_dags/example_dag_decorator.py
[2022-02-05 19:44:06,476] {logging_mixin.py:109} INFO - [2022-02-05 19:44:06,475] {dag.py:2396} INFO - Sync 1 DAGs
[2022-02-05 19:44:06,485] {logging_mixin.py:109} INFO - [2022-02-05 19:44:06,485] {dag.py:2935} INFO - Setting next_dagrun for example_dag_decorator to None
[2022-02-05 19:44:06,499] {processor.py:171} INFO - Processing /home/airflow/.local/lib/python3.7/site-packages/airflow/example_dags/example_dag_decorator.py took 0.306 seconds
[2022-02-05 19:44:37,446] {processor.py:163} INFO - Started process (PID=2708) to work on /home/airflow/.local/lib/python3.7/site-packages/airflow/example_dags/example_dag_decorator.py
[2022-02-05 19:44:37,447] {processor.py:642} INFO - Processing file /home/airflow/.local/lib/python3.7/site-packages/airflow/example_dags/example_dag_decorator.py for tasks to queue
[2022-02-05 19:44:37,447] {logging_mixin.py:109} INFO - [2022-02-05 19:44:37,447] {dagbag.py:500} INFO - Filling up the DagBag from /home/airflow/.local/lib/python3.7/site-packages/airflow/example_dags/example_dag_decorator.py
[2022-02-05 19:44:37,476] {processor.py:654} INFO - DAG(s) dict_keys(['example_dag_decorator']) retrieved from /home/airflow/.local/lib/python3.7/site-packages/airflow/example_dags/example_dag_decorator.py
[2022-02-05 19:44:37,637] {logging_mixin.py:109} INFO - [2022-02-05 19:44:37,637] {dag.py:2396} INFO - Sync 1 DAGs
[2022-02-05 19:44:37,648] {logging_mixin.py:109} INFO - [2022-02-05 19:44:37,648] {dag.py:2935} INFO - Setting next_dagrun for example_dag_decorator to None
[2022-02-05 19:44:37,659] {processor.py:171} INFO - Processing /home/airflow/.local/lib/python3.7/site-packages/airflow/example_dags/example_dag_decorator.py took 0.216 seconds
[2022-02-05 19:45:08,348] {processor.py:163} INFO - Started process (PID=2770) to work on /home/airflow/.local/lib/python3.7/site-packages/airflow/example_dags/example_dag_decorator.py
[2022-02-05 19:45:08,349] {processor.py:642} INFO - Processing file /home/airflow/.local/lib/python3.7/site-packages/airflow/example_dags/example_dag_decorator.py for tasks to queue
[2022-02-05 19:45:08,350] {logging_mixin.py:109} INFO - [2022-02-05 19:45:08,350] {dagbag.py:500} INFO - Filling up the DagBag from /home/airflow/.local/lib/python3.7/site-packages/airflow/example_dags/example_dag_decorator.py
[2022-02-05 19:45:08,379] {processor.py:654} INFO - DAG(s) dict_keys(['example_dag_decorator']) retrieved from /home/airflow/.local/lib/python3.7/site-packages/airflow/example_dags/example_dag_decorator.py
[2022-02-05 19:45:08,528] {logging_mixin.py:109} INFO - [2022-02-05 19:45:08,528] {dag.py:2396} INFO - Sync 1 DAGs
[2022-02-05 19:45:08,539] {logging_mixin.py:109} INFO - [2022-02-05 19:45:08,539] {dag.py:2935} INFO - Setting next_dagrun for example_dag_decorator to None
[2022-02-05 19:45:08,572] {processor.py:171} INFO - Processing /home/airflow/.local/lib/python3.7/site-packages/airflow/example_dags/example_dag_decorator.py took 0.226 seconds
[2022-02-05 19:45:39,150] {processor.py:163} INFO - Started process (PID=2823) to work on /home/airflow/.local/lib/python3.7/site-packages/airflow/example_dags/example_dag_decorator.py
[2022-02-05 19:45:39,151] {processor.py:642} INFO - Processing file /home/airflow/.local/lib/python3.7/site-packages/airflow/example_dags/example_dag_decorator.py for tasks to queue
[2022-02-05 19:45:39,152] {logging_mixin.py:109} INFO - [2022-02-05 19:45:39,152] {dagbag.py:500} INFO - Filling up the DagBag from /home/airflow/.local/lib/python3.7/site-packages/airflow/example_dags/example_dag_decorator.py
[2022-02-05 19:45:39,182] {processor.py:654} INFO - DAG(s) dict_keys(['example_dag_decorator']) retrieved from /home/airflow/.local/lib/python3.7/site-packages/airflow/example_dags/example_dag_decorator.py
[2022-02-05 19:45:39,338] {logging_mixin.py:109} INFO - [2022-02-05 19:45:39,338] {dag.py:2396} INFO - Sync 1 DAGs
[2022-02-05 19:45:39,350] {logging_mixin.py:109} INFO - [2022-02-05 19:45:39,350] {dag.py:2935} INFO - Setting next_dagrun for example_dag_decorator to None
[2022-02-05 19:45:39,360] {processor.py:171} INFO - Processing /home/airflow/.local/lib/python3.7/site-packages/airflow/example_dags/example_dag_decorator.py took 0.213 seconds
[2022-02-05 19:46:10,016] {processor.py:163} INFO - Started process (PID=2886) to work on /home/airflow/.local/lib/python3.7/site-packages/airflow/example_dags/example_dag_decorator.py
[2022-02-05 19:46:10,017] {processor.py:642} INFO - Processing file /home/airflow/.local/lib/python3.7/site-packages/airflow/example_dags/example_dag_decorator.py for tasks to queue
[2022-02-05 19:46:10,018] {logging_mixin.py:109} INFO - [2022-02-05 19:46:10,018] {dagbag.py:500} INFO - Filling up the DagBag from /home/airflow/.local/lib/python3.7/site-packages/airflow/example_dags/example_dag_decorator.py
[2022-02-05 19:46:10,047] {processor.py:654} INFO - DAG(s) dict_keys(['example_dag_decorator']) retrieved from /home/airflow/.local/lib/python3.7/site-packages/airflow/example_dags/example_dag_decorator.py
[2022-02-05 19:46:10,196] {logging_mixin.py:109} INFO - [2022-02-05 19:46:10,196] {dag.py:2396} INFO - Sync 1 DAGs
[2022-02-05 19:46:10,207] {logging_mixin.py:109} INFO - [2022-02-05 19:46:10,207] {dag.py:2935} INFO - Setting next_dagrun for example_dag_decorator to None
[2022-02-05 19:46:10,220] {processor.py:171} INFO - Processing /home/airflow/.local/lib/python3.7/site-packages/airflow/example_dags/example_dag_decorator.py took 0.206 seconds
[2022-02-05 19:46:40,863] {processor.py:163} INFO - Started process (PID=2947) to work on /home/airflow/.local/lib/python3.7/site-packages/airflow/example_dags/example_dag_decorator.py
[2022-02-05 19:46:40,864] {processor.py:642} INFO - Processing file /home/airflow/.local/lib/python3.7/site-packages/airflow/example_dags/example_dag_decorator.py for tasks to queue
[2022-02-05 19:46:40,864] {logging_mixin.py:109} INFO - [2022-02-05 19:46:40,864] {dagbag.py:500} INFO - Filling up the DagBag from /home/airflow/.local/lib/python3.7/site-packages/airflow/example_dags/example_dag_decorator.py
[2022-02-05 19:46:40,895] {processor.py:654} INFO - DAG(s) dict_keys(['example_dag_decorator']) retrieved from /home/airflow/.local/lib/python3.7/site-packages/airflow/example_dags/example_dag_decorator.py
[2022-02-05 19:46:41,060] {logging_mixin.py:109} INFO - [2022-02-05 19:46:41,060] {dag.py:2396} INFO - Sync 1 DAGs
[2022-02-05 19:46:41,071] {logging_mixin.py:109} INFO - [2022-02-05 19:46:41,071] {dag.py:2935} INFO - Setting next_dagrun for example_dag_decorator to None
[2022-02-05 19:46:41,080] {processor.py:171} INFO - Processing /home/airflow/.local/lib/python3.7/site-packages/airflow/example_dags/example_dag_decorator.py took 0.220 seconds
[2022-02-05 19:47:11,579] {processor.py:163} INFO - Started process (PID=2998) to work on /home/airflow/.local/lib/python3.7/site-packages/airflow/example_dags/example_dag_decorator.py
[2022-02-05 19:47:11,581] {processor.py:642} INFO - Processing file /home/airflow/.local/lib/python3.7/site-packages/airflow/example_dags/example_dag_decorator.py for tasks to queue
[2022-02-05 19:47:11,582] {logging_mixin.py:109} INFO - [2022-02-05 19:47:11,582] {dagbag.py:500} INFO - Filling up the DagBag from /home/airflow/.local/lib/python3.7/site-packages/airflow/example_dags/example_dag_decorator.py
[2022-02-05 19:47:11,613] {processor.py:654} INFO - DAG(s) dict_keys(['example_dag_decorator']) retrieved from /home/airflow/.local/lib/python3.7/site-packages/airflow/example_dags/example_dag_decorator.py
[2022-02-05 19:47:11,789] {logging_mixin.py:109} INFO - [2022-02-05 19:47:11,789] {dag.py:2396} INFO - Sync 1 DAGs
[2022-02-05 19:47:11,800] {logging_mixin.py:109} INFO - [2022-02-05 19:47:11,800] {dag.py:2935} INFO - Setting next_dagrun for example_dag_decorator to None
[2022-02-05 19:47:11,811] {processor.py:171} INFO - Processing /home/airflow/.local/lib/python3.7/site-packages/airflow/example_dags/example_dag_decorator.py took 0.235 seconds
[2022-02-05 19:47:42,445] {processor.py:163} INFO - Started process (PID=3060) to work on /home/airflow/.local/lib/python3.7/site-packages/airflow/example_dags/example_dag_decorator.py
[2022-02-05 19:47:42,446] {processor.py:642} INFO - Processing file /home/airflow/.local/lib/python3.7/site-packages/airflow/example_dags/example_dag_decorator.py for tasks to queue
[2022-02-05 19:47:42,446] {logging_mixin.py:109} INFO - [2022-02-05 19:47:42,446] {dagbag.py:500} INFO - Filling up the DagBag from /home/airflow/.local/lib/python3.7/site-packages/airflow/example_dags/example_dag_decorator.py
[2022-02-05 19:47:42,475] {processor.py:654} INFO - DAG(s) dict_keys(['example_dag_decorator']) retrieved from /home/airflow/.local/lib/python3.7/site-packages/airflow/example_dags/example_dag_decorator.py
[2022-02-05 19:47:42,627] {logging_mixin.py:109} INFO - [2022-02-05 19:47:42,627] {dag.py:2396} INFO - Sync 1 DAGs
[2022-02-05 19:47:42,638] {logging_mixin.py:109} INFO - [2022-02-05 19:47:42,638] {dag.py:2935} INFO - Setting next_dagrun for example_dag_decorator to None
[2022-02-05 19:47:42,649] {processor.py:171} INFO - Processing /home/airflow/.local/lib/python3.7/site-packages/airflow/example_dags/example_dag_decorator.py took 0.207 seconds
[2022-02-05 19:48:13,441] {processor.py:163} INFO - Started process (PID=3113) to work on /home/airflow/.local/lib/python3.7/site-packages/airflow/example_dags/example_dag_decorator.py
[2022-02-05 19:48:13,443] {processor.py:642} INFO - Processing file /home/airflow/.local/lib/python3.7/site-packages/airflow/example_dags/example_dag_decorator.py for tasks to queue
[2022-02-05 19:48:13,444] {logging_mixin.py:109} INFO - [2022-02-05 19:48:13,443] {dagbag.py:500} INFO - Filling up the DagBag from /home/airflow/.local/lib/python3.7/site-packages/airflow/example_dags/example_dag_decorator.py
[2022-02-05 19:48:13,480] {processor.py:654} INFO - DAG(s) dict_keys(['example_dag_decorator']) retrieved from /home/airflow/.local/lib/python3.7/site-packages/airflow/example_dags/example_dag_decorator.py
[2022-02-05 19:48:13,703] {logging_mixin.py:109} INFO - [2022-02-05 19:48:13,703] {dag.py:2396} INFO - Sync 1 DAGs
[2022-02-05 19:48:13,719] {logging_mixin.py:109} INFO - [2022-02-05 19:48:13,719] {dag.py:2935} INFO - Setting next_dagrun for example_dag_decorator to None
[2022-02-05 19:48:13,733] {processor.py:171} INFO - Processing /home/airflow/.local/lib/python3.7/site-packages/airflow/example_dags/example_dag_decorator.py took 0.296 seconds
[2022-02-05 19:48:44,052] {processor.py:163} INFO - Started process (PID=3176) to work on /home/airflow/.local/lib/python3.7/site-packages/airflow/example_dags/example_dag_decorator.py
[2022-02-05 19:48:44,053] {processor.py:642} INFO - Processing file /home/airflow/.local/lib/python3.7/site-packages/airflow/example_dags/example_dag_decorator.py for tasks to queue
[2022-02-05 19:48:44,054] {logging_mixin.py:109} INFO - [2022-02-05 19:48:44,054] {dagbag.py:500} INFO - Filling up the DagBag from /home/airflow/.local/lib/python3.7/site-packages/airflow/example_dags/example_dag_decorator.py
[2022-02-05 19:48:44,083] {processor.py:654} INFO - DAG(s) dict_keys(['example_dag_decorator']) retrieved from /home/airflow/.local/lib/python3.7/site-packages/airflow/example_dags/example_dag_decorator.py
[2022-02-05 19:48:44,243] {logging_mixin.py:109} INFO - [2022-02-05 19:48:44,243] {dag.py:2396} INFO - Sync 1 DAGs
[2022-02-05 19:48:44,254] {logging_mixin.py:109} INFO - [2022-02-05 19:48:44,254] {dag.py:2935} INFO - Setting next_dagrun for example_dag_decorator to None
[2022-02-05 19:48:44,265] {processor.py:171} INFO - Processing /home/airflow/.local/lib/python3.7/site-packages/airflow/example_dags/example_dag_decorator.py took 0.215 seconds
[2022-02-05 19:49:14,568] {processor.py:163} INFO - Started process (PID=3231) to work on /home/airflow/.local/lib/python3.7/site-packages/airflow/example_dags/example_dag_decorator.py
[2022-02-05 19:49:14,569] {processor.py:642} INFO - Processing file /home/airflow/.local/lib/python3.7/site-packages/airflow/example_dags/example_dag_decorator.py for tasks to queue
[2022-02-05 19:49:14,569] {logging_mixin.py:109} INFO - [2022-02-05 19:49:14,569] {dagbag.py:500} INFO - Filling up the DagBag from /home/airflow/.local/lib/python3.7/site-packages/airflow/example_dags/example_dag_decorator.py
[2022-02-05 19:49:14,599] {processor.py:654} INFO - DAG(s) dict_keys(['example_dag_decorator']) retrieved from /home/airflow/.local/lib/python3.7/site-packages/airflow/example_dags/example_dag_decorator.py
[2022-02-05 19:49:14,807] {logging_mixin.py:109} INFO - [2022-02-05 19:49:14,807] {dag.py:2396} INFO - Sync 1 DAGs
[2022-02-05 19:49:14,821] {logging_mixin.py:109} INFO - [2022-02-05 19:49:14,821] {dag.py:2935} INFO - Setting next_dagrun for example_dag_decorator to None
[2022-02-05 19:49:14,833] {processor.py:171} INFO - Processing /home/airflow/.local/lib/python3.7/site-packages/airflow/example_dags/example_dag_decorator.py took 0.268 seconds
[2022-02-05 19:49:45,022] {processor.py:163} INFO - Started process (PID=3294) to work on /home/airflow/.local/lib/python3.7/site-packages/airflow/example_dags/example_dag_decorator.py
[2022-02-05 19:49:45,024] {processor.py:642} INFO - Processing file /home/airflow/.local/lib/python3.7/site-packages/airflow/example_dags/example_dag_decorator.py for tasks to queue
[2022-02-05 19:49:45,025] {logging_mixin.py:109} INFO - [2022-02-05 19:49:45,025] {dagbag.py:500} INFO - Filling up the DagBag from /home/airflow/.local/lib/python3.7/site-packages/airflow/example_dags/example_dag_decorator.py
[2022-02-05 19:49:45,087] {processor.py:654} INFO - DAG(s) dict_keys(['example_dag_decorator']) retrieved from /home/airflow/.local/lib/python3.7/site-packages/airflow/example_dags/example_dag_decorator.py
[2022-02-05 19:49:45,479] {logging_mixin.py:109} INFO - [2022-02-05 19:49:45,479] {dag.py:2396} INFO - Sync 1 DAGs
[2022-02-05 19:49:45,504] {logging_mixin.py:109} INFO - [2022-02-05 19:49:45,504] {dag.py:2935} INFO - Setting next_dagrun for example_dag_decorator to None
[2022-02-05 19:49:45,534] {processor.py:171} INFO - Processing /home/airflow/.local/lib/python3.7/site-packages/airflow/example_dags/example_dag_decorator.py took 0.516 seconds
[2022-02-05 19:50:16,390] {processor.py:163} INFO - Started process (PID=3347) to work on /home/airflow/.local/lib/python3.7/site-packages/airflow/example_dags/example_dag_decorator.py
[2022-02-05 19:50:16,391] {processor.py:642} INFO - Processing file /home/airflow/.local/lib/python3.7/site-packages/airflow/example_dags/example_dag_decorator.py for tasks to queue
[2022-02-05 19:50:16,391] {logging_mixin.py:109} INFO - [2022-02-05 19:50:16,391] {dagbag.py:500} INFO - Filling up the DagBag from /home/airflow/.local/lib/python3.7/site-packages/airflow/example_dags/example_dag_decorator.py
[2022-02-05 19:50:16,422] {processor.py:654} INFO - DAG(s) dict_keys(['example_dag_decorator']) retrieved from /home/airflow/.local/lib/python3.7/site-packages/airflow/example_dags/example_dag_decorator.py
[2022-02-05 19:50:16,578] {logging_mixin.py:109} INFO - [2022-02-05 19:50:16,578] {dag.py:2396} INFO - Sync 1 DAGs
[2022-02-05 19:50:16,589] {logging_mixin.py:109} INFO - [2022-02-05 19:50:16,588] {dag.py:2935} INFO - Setting next_dagrun for example_dag_decorator to None
[2022-02-05 19:50:16,601] {processor.py:171} INFO - Processing /home/airflow/.local/lib/python3.7/site-packages/airflow/example_dags/example_dag_decorator.py took 0.214 seconds
[2022-02-05 19:50:47,519] {processor.py:163} INFO - Started process (PID=3408) to work on /home/airflow/.local/lib/python3.7/site-packages/airflow/example_dags/example_dag_decorator.py
[2022-02-05 19:50:47,521] {processor.py:642} INFO - Processing file /home/airflow/.local/lib/python3.7/site-packages/airflow/example_dags/example_dag_decorator.py for tasks to queue
[2022-02-05 19:50:47,522] {logging_mixin.py:109} INFO - [2022-02-05 19:50:47,522] {dagbag.py:500} INFO - Filling up the DagBag from /home/airflow/.local/lib/python3.7/site-packages/airflow/example_dags/example_dag_decorator.py
[2022-02-05 19:50:47,561] {processor.py:654} INFO - DAG(s) dict_keys(['example_dag_decorator']) retrieved from /home/airflow/.local/lib/python3.7/site-packages/airflow/example_dags/example_dag_decorator.py
[2022-02-05 19:50:47,759] {logging_mixin.py:109} INFO - [2022-02-05 19:50:47,759] {dag.py:2396} INFO - Sync 1 DAGs
[2022-02-05 19:50:47,773] {logging_mixin.py:109} INFO - [2022-02-05 19:50:47,773] {dag.py:2935} INFO - Setting next_dagrun for example_dag_decorator to None
[2022-02-05 19:50:47,786] {processor.py:171} INFO - Processing /home/airflow/.local/lib/python3.7/site-packages/airflow/example_dags/example_dag_decorator.py took 0.272 seconds
[2022-02-05 19:51:18,012] {processor.py:163} INFO - Started process (PID=3460) to work on /home/airflow/.local/lib/python3.7/site-packages/airflow/example_dags/example_dag_decorator.py
[2022-02-05 19:51:18,013] {processor.py:642} INFO - Processing file /home/airflow/.local/lib/python3.7/site-packages/airflow/example_dags/example_dag_decorator.py for tasks to queue
[2022-02-05 19:51:18,013] {logging_mixin.py:109} INFO - [2022-02-05 19:51:18,013] {dagbag.py:500} INFO - Filling up the DagBag from /home/airflow/.local/lib/python3.7/site-packages/airflow/example_dags/example_dag_decorator.py
[2022-02-05 19:51:18,053] {processor.py:654} INFO - DAG(s) dict_keys(['example_dag_decorator']) retrieved from /home/airflow/.local/lib/python3.7/site-packages/airflow/example_dags/example_dag_decorator.py
[2022-02-05 19:51:18,295] {logging_mixin.py:109} INFO - [2022-02-05 19:51:18,295] {dag.py:2396} INFO - Sync 1 DAGs
[2022-02-05 19:51:18,312] {logging_mixin.py:109} INFO - [2022-02-05 19:51:18,312] {dag.py:2935} INFO - Setting next_dagrun for example_dag_decorator to None
[2022-02-05 19:51:18,324] {processor.py:171} INFO - Processing /home/airflow/.local/lib/python3.7/site-packages/airflow/example_dags/example_dag_decorator.py took 0.315 seconds
[2022-02-05 19:51:48,518] {processor.py:163} INFO - Started process (PID=3521) to work on /home/airflow/.local/lib/python3.7/site-packages/airflow/example_dags/example_dag_decorator.py
[2022-02-05 19:51:48,519] {processor.py:642} INFO - Processing file /home/airflow/.local/lib/python3.7/site-packages/airflow/example_dags/example_dag_decorator.py for tasks to queue
[2022-02-05 19:51:48,520] {logging_mixin.py:109} INFO - [2022-02-05 19:51:48,520] {dagbag.py:500} INFO - Filling up the DagBag from /home/airflow/.local/lib/python3.7/site-packages/airflow/example_dags/example_dag_decorator.py
[2022-02-05 19:51:48,549] {processor.py:654} INFO - DAG(s) dict_keys(['example_dag_decorator']) retrieved from /home/airflow/.local/lib/python3.7/site-packages/airflow/example_dags/example_dag_decorator.py
[2022-02-05 19:51:48,701] {logging_mixin.py:109} INFO - [2022-02-05 19:51:48,701] {dag.py:2396} INFO - Sync 1 DAGs
[2022-02-05 19:51:48,711] {logging_mixin.py:109} INFO - [2022-02-05 19:51:48,711] {dag.py:2935} INFO - Setting next_dagrun for example_dag_decorator to None
[2022-02-05 19:51:48,722] {processor.py:171} INFO - Processing /home/airflow/.local/lib/python3.7/site-packages/airflow/example_dags/example_dag_decorator.py took 0.206 seconds
[2022-02-05 19:52:19,424] {processor.py:163} INFO - Started process (PID=3573) to work on /home/airflow/.local/lib/python3.7/site-packages/airflow/example_dags/example_dag_decorator.py
[2022-02-05 19:52:19,426] {processor.py:642} INFO - Processing file /home/airflow/.local/lib/python3.7/site-packages/airflow/example_dags/example_dag_decorator.py for tasks to queue
[2022-02-05 19:52:19,427] {logging_mixin.py:109} INFO - [2022-02-05 19:52:19,427] {dagbag.py:500} INFO - Filling up the DagBag from /home/airflow/.local/lib/python3.7/site-packages/airflow/example_dags/example_dag_decorator.py
[2022-02-05 19:52:19,500] {processor.py:654} INFO - DAG(s) dict_keys(['example_dag_decorator']) retrieved from /home/airflow/.local/lib/python3.7/site-packages/airflow/example_dags/example_dag_decorator.py
[2022-02-05 19:52:19,869] {logging_mixin.py:109} INFO - [2022-02-05 19:52:19,868] {dag.py:2396} INFO - Sync 1 DAGs
[2022-02-05 19:52:19,895] {logging_mixin.py:109} INFO - [2022-02-05 19:52:19,895] {dag.py:2935} INFO - Setting next_dagrun for example_dag_decorator to None
[2022-02-05 19:52:19,916] {processor.py:171} INFO - Processing /home/airflow/.local/lib/python3.7/site-packages/airflow/example_dags/example_dag_decorator.py took 0.499 seconds
[2022-02-05 19:52:49,964] {processor.py:163} INFO - Started process (PID=3636) to work on /home/airflow/.local/lib/python3.7/site-packages/airflow/example_dags/example_dag_decorator.py
[2022-02-05 19:52:49,966] {processor.py:642} INFO - Processing file /home/airflow/.local/lib/python3.7/site-packages/airflow/example_dags/example_dag_decorator.py for tasks to queue
[2022-02-05 19:52:49,967] {logging_mixin.py:109} INFO - [2022-02-05 19:52:49,967] {dagbag.py:500} INFO - Filling up the DagBag from /home/airflow/.local/lib/python3.7/site-packages/airflow/example_dags/example_dag_decorator.py
[2022-02-05 19:52:50,001] {processor.py:654} INFO - DAG(s) dict_keys(['example_dag_decorator']) retrieved from /home/airflow/.local/lib/python3.7/site-packages/airflow/example_dags/example_dag_decorator.py
[2022-02-05 19:52:50,389] {logging_mixin.py:109} INFO - [2022-02-05 19:52:50,389] {dag.py:2396} INFO - Sync 1 DAGs
[2022-02-05 19:52:50,411] {logging_mixin.py:109} INFO - [2022-02-05 19:52:50,411] {dag.py:2935} INFO - Setting next_dagrun for example_dag_decorator to None
[2022-02-05 19:52:50,426] {processor.py:171} INFO - Processing /home/airflow/.local/lib/python3.7/site-packages/airflow/example_dags/example_dag_decorator.py took 0.466 seconds
[2022-02-05 19:53:21,414] {processor.py:163} INFO - Started process (PID=3689) to work on /home/airflow/.local/lib/python3.7/site-packages/airflow/example_dags/example_dag_decorator.py
[2022-02-05 19:53:21,415] {processor.py:642} INFO - Processing file /home/airflow/.local/lib/python3.7/site-packages/airflow/example_dags/example_dag_decorator.py for tasks to queue
[2022-02-05 19:53:21,416] {logging_mixin.py:109} INFO - [2022-02-05 19:53:21,416] {dagbag.py:500} INFO - Filling up the DagBag from /home/airflow/.local/lib/python3.7/site-packages/airflow/example_dags/example_dag_decorator.py
[2022-02-05 19:53:21,454] {processor.py:654} INFO - DAG(s) dict_keys(['example_dag_decorator']) retrieved from /home/airflow/.local/lib/python3.7/site-packages/airflow/example_dags/example_dag_decorator.py
[2022-02-05 19:53:21,468] {logging_mixin.py:109} INFO - [2022-02-05 19:53:21,467] {dag.py:2396} INFO - Sync 1 DAGs
[2022-02-05 19:53:21,486] {logging_mixin.py:109} INFO - [2022-02-05 19:53:21,486] {dag.py:2935} INFO - Setting next_dagrun for example_dag_decorator to None
[2022-02-05 19:53:21,497] {processor.py:171} INFO - Processing /home/airflow/.local/lib/python3.7/site-packages/airflow/example_dags/example_dag_decorator.py took 0.086 seconds
[2022-02-05 19:53:51,535] {processor.py:163} INFO - Started process (PID=3750) to work on /home/airflow/.local/lib/python3.7/site-packages/airflow/example_dags/example_dag_decorator.py
[2022-02-05 19:53:51,538] {processor.py:642} INFO - Processing file /home/airflow/.local/lib/python3.7/site-packages/airflow/example_dags/example_dag_decorator.py for tasks to queue
[2022-02-05 19:53:51,539] {logging_mixin.py:109} INFO - [2022-02-05 19:53:51,538] {dagbag.py:500} INFO - Filling up the DagBag from /home/airflow/.local/lib/python3.7/site-packages/airflow/example_dags/example_dag_decorator.py
[2022-02-05 19:53:51,593] {processor.py:654} INFO - DAG(s) dict_keys(['example_dag_decorator']) retrieved from /home/airflow/.local/lib/python3.7/site-packages/airflow/example_dags/example_dag_decorator.py
[2022-02-05 19:53:51,850] {logging_mixin.py:109} INFO - [2022-02-05 19:53:51,850] {dag.py:2396} INFO - Sync 1 DAGs
[2022-02-05 19:53:51,868] {logging_mixin.py:109} INFO - [2022-02-05 19:53:51,868] {dag.py:2935} INFO - Setting next_dagrun for example_dag_decorator to None
[2022-02-05 19:53:51,883] {processor.py:171} INFO - Processing /home/airflow/.local/lib/python3.7/site-packages/airflow/example_dags/example_dag_decorator.py took 0.354 seconds
[2022-02-05 19:54:21,952] {processor.py:163} INFO - Started process (PID=3803) to work on /home/airflow/.local/lib/python3.7/site-packages/airflow/example_dags/example_dag_decorator.py
[2022-02-05 19:54:21,953] {processor.py:642} INFO - Processing file /home/airflow/.local/lib/python3.7/site-packages/airflow/example_dags/example_dag_decorator.py for tasks to queue
[2022-02-05 19:54:21,954] {logging_mixin.py:109} INFO - [2022-02-05 19:54:21,953] {dagbag.py:500} INFO - Filling up the DagBag from /home/airflow/.local/lib/python3.7/site-packages/airflow/example_dags/example_dag_decorator.py
[2022-02-05 19:54:21,987] {processor.py:654} INFO - DAG(s) dict_keys(['example_dag_decorator']) retrieved from /home/airflow/.local/lib/python3.7/site-packages/airflow/example_dags/example_dag_decorator.py
[2022-02-05 19:54:22,142] {logging_mixin.py:109} INFO - [2022-02-05 19:54:22,141] {dag.py:2396} INFO - Sync 1 DAGs
[2022-02-05 19:54:22,155] {logging_mixin.py:109} INFO - [2022-02-05 19:54:22,154] {dag.py:2935} INFO - Setting next_dagrun for example_dag_decorator to None
[2022-02-05 19:54:22,164] {processor.py:171} INFO - Processing /home/airflow/.local/lib/python3.7/site-packages/airflow/example_dags/example_dag_decorator.py took 0.215 seconds
[2022-02-05 19:54:52,830] {processor.py:163} INFO - Started process (PID=3865) to work on /home/airflow/.local/lib/python3.7/site-packages/airflow/example_dags/example_dag_decorator.py
[2022-02-05 19:54:52,832] {processor.py:642} INFO - Processing file /home/airflow/.local/lib/python3.7/site-packages/airflow/example_dags/example_dag_decorator.py for tasks to queue
[2022-02-05 19:54:52,833] {logging_mixin.py:109} INFO - [2022-02-05 19:54:52,833] {dagbag.py:500} INFO - Filling up the DagBag from /home/airflow/.local/lib/python3.7/site-packages/airflow/example_dags/example_dag_decorator.py
[2022-02-05 19:54:52,870] {processor.py:654} INFO - DAG(s) dict_keys(['example_dag_decorator']) retrieved from /home/airflow/.local/lib/python3.7/site-packages/airflow/example_dags/example_dag_decorator.py
[2022-02-05 19:54:53,108] {logging_mixin.py:109} INFO - [2022-02-05 19:54:53,108] {dag.py:2396} INFO - Sync 1 DAGs
[2022-02-05 19:54:53,124] {logging_mixin.py:109} INFO - [2022-02-05 19:54:53,124] {dag.py:2935} INFO - Setting next_dagrun for example_dag_decorator to None
[2022-02-05 19:54:53,139] {processor.py:171} INFO - Processing /home/airflow/.local/lib/python3.7/site-packages/airflow/example_dags/example_dag_decorator.py took 0.312 seconds
[2022-02-05 19:55:24,059] {processor.py:163} INFO - Started process (PID=3921) to work on /home/airflow/.local/lib/python3.7/site-packages/airflow/example_dags/example_dag_decorator.py
[2022-02-05 19:55:24,062] {processor.py:642} INFO - Processing file /home/airflow/.local/lib/python3.7/site-packages/airflow/example_dags/example_dag_decorator.py for tasks to queue
[2022-02-05 19:55:24,063] {logging_mixin.py:109} INFO - [2022-02-05 19:55:24,062] {dagbag.py:500} INFO - Filling up the DagBag from /home/airflow/.local/lib/python3.7/site-packages/airflow/example_dags/example_dag_decorator.py
[2022-02-05 19:55:24,092] {processor.py:654} INFO - DAG(s) dict_keys(['example_dag_decorator']) retrieved from /home/airflow/.local/lib/python3.7/site-packages/airflow/example_dags/example_dag_decorator.py
[2022-02-05 19:55:24,244] {logging_mixin.py:109} INFO - [2022-02-05 19:55:24,244] {dag.py:2396} INFO - Sync 1 DAGs
[2022-02-05 19:55:24,255] {logging_mixin.py:109} INFO - [2022-02-05 19:55:24,255] {dag.py:2935} INFO - Setting next_dagrun for example_dag_decorator to None
[2022-02-05 19:55:24,266] {processor.py:171} INFO - Processing /home/airflow/.local/lib/python3.7/site-packages/airflow/example_dags/example_dag_decorator.py took 0.209 seconds
[2022-02-05 19:55:55,162] {processor.py:163} INFO - Started process (PID=3984) to work on /home/airflow/.local/lib/python3.7/site-packages/airflow/example_dags/example_dag_decorator.py
[2022-02-05 19:55:55,165] {processor.py:642} INFO - Processing file /home/airflow/.local/lib/python3.7/site-packages/airflow/example_dags/example_dag_decorator.py for tasks to queue
[2022-02-05 19:55:55,165] {logging_mixin.py:109} INFO - [2022-02-05 19:55:55,165] {dagbag.py:500} INFO - Filling up the DagBag from /home/airflow/.local/lib/python3.7/site-packages/airflow/example_dags/example_dag_decorator.py
[2022-02-05 19:55:55,195] {processor.py:654} INFO - DAG(s) dict_keys(['example_dag_decorator']) retrieved from /home/airflow/.local/lib/python3.7/site-packages/airflow/example_dags/example_dag_decorator.py
[2022-02-05 19:55:55,351] {logging_mixin.py:109} INFO - [2022-02-05 19:55:55,351] {dag.py:2396} INFO - Sync 1 DAGs
[2022-02-05 19:55:55,362] {logging_mixin.py:109} INFO - [2022-02-05 19:55:55,362] {dag.py:2935} INFO - Setting next_dagrun for example_dag_decorator to None
[2022-02-05 19:55:55,372] {processor.py:171} INFO - Processing /home/airflow/.local/lib/python3.7/site-packages/airflow/example_dags/example_dag_decorator.py took 0.213 seconds
[2022-02-05 19:56:25,396] {processor.py:163} INFO - Started process (PID=4038) to work on /home/airflow/.local/lib/python3.7/site-packages/airflow/example_dags/example_dag_decorator.py
[2022-02-05 19:56:25,397] {processor.py:642} INFO - Processing file /home/airflow/.local/lib/python3.7/site-packages/airflow/example_dags/example_dag_decorator.py for tasks to queue
[2022-02-05 19:56:25,397] {logging_mixin.py:109} INFO - [2022-02-05 19:56:25,397] {dagbag.py:500} INFO - Filling up the DagBag from /home/airflow/.local/lib/python3.7/site-packages/airflow/example_dags/example_dag_decorator.py
[2022-02-05 19:56:25,425] {processor.py:654} INFO - DAG(s) dict_keys(['example_dag_decorator']) retrieved from /home/airflow/.local/lib/python3.7/site-packages/airflow/example_dags/example_dag_decorator.py
[2022-02-05 19:56:25,567] {logging_mixin.py:109} INFO - [2022-02-05 19:56:25,567] {dag.py:2396} INFO - Sync 1 DAGs
[2022-02-05 19:56:25,577] {logging_mixin.py:109} INFO - [2022-02-05 19:56:25,577] {dag.py:2935} INFO - Setting next_dagrun for example_dag_decorator to None
[2022-02-05 19:56:25,588] {processor.py:171} INFO - Processing /home/airflow/.local/lib/python3.7/site-packages/airflow/example_dags/example_dag_decorator.py took 0.195 seconds
