[2022-02-05 19:21:04,854] {processor.py:163} INFO - Started process (PID=66) to work on /home/airflow/.local/lib/python3.7/site-packages/airflow/example_dags/example_trigger_target_dag.py
[2022-02-05 19:21:04,856] {processor.py:642} INFO - Processing file /home/airflow/.local/lib/python3.7/site-packages/airflow/example_dags/example_trigger_target_dag.py for tasks to queue
[2022-02-05 19:21:04,857] {logging_mixin.py:109} INFO - [2022-02-05 19:21:04,857] {dagbag.py:500} INFO - Filling up the DagBag from /home/airflow/.local/lib/python3.7/site-packages/airflow/example_dags/example_trigger_target_dag.py
[2022-02-05 19:21:04,901] {processor.py:654} INFO - DAG(s) dict_keys(['example_trigger_target_dag']) retrieved from /home/airflow/.local/lib/python3.7/site-packages/airflow/example_dags/example_trigger_target_dag.py
[2022-02-05 19:21:04,915] {logging_mixin.py:109} INFO - [2022-02-05 19:21:04,915] {dag.py:2396} INFO - Sync 1 DAGs
[2022-02-05 19:21:04,940] {logging_mixin.py:109} INFO - [2022-02-05 19:21:04,940] {dag.py:2935} INFO - Setting next_dagrun for example_trigger_target_dag to None
[2022-02-05 19:21:04,954] {processor.py:171} INFO - Processing /home/airflow/.local/lib/python3.7/site-packages/airflow/example_dags/example_trigger_target_dag.py took 0.104 seconds
[2022-02-05 19:21:35,964] {processor.py:163} INFO - Started process (PID=126) to work on /home/airflow/.local/lib/python3.7/site-packages/airflow/example_dags/example_trigger_target_dag.py
[2022-02-05 19:21:35,966] {processor.py:642} INFO - Processing file /home/airflow/.local/lib/python3.7/site-packages/airflow/example_dags/example_trigger_target_dag.py for tasks to queue
[2022-02-05 19:21:35,967] {logging_mixin.py:109} INFO - [2022-02-05 19:21:35,967] {dagbag.py:500} INFO - Filling up the DagBag from /home/airflow/.local/lib/python3.7/site-packages/airflow/example_dags/example_trigger_target_dag.py
[2022-02-05 19:21:36,011] {processor.py:654} INFO - DAG(s) dict_keys(['example_trigger_target_dag']) retrieved from /home/airflow/.local/lib/python3.7/site-packages/airflow/example_dags/example_trigger_target_dag.py
[2022-02-05 19:21:36,027] {logging_mixin.py:109} INFO - [2022-02-05 19:21:36,027] {dag.py:2396} INFO - Sync 1 DAGs
[2022-02-05 19:21:36,050] {logging_mixin.py:109} INFO - [2022-02-05 19:21:36,050] {dag.py:2935} INFO - Setting next_dagrun for example_trigger_target_dag to None
[2022-02-05 19:21:36,066] {processor.py:171} INFO - Processing /home/airflow/.local/lib/python3.7/site-packages/airflow/example_dags/example_trigger_target_dag.py took 0.106 seconds
[2022-02-05 19:22:08,295] {processor.py:163} INFO - Started process (PID=179) to work on /home/airflow/.local/lib/python3.7/site-packages/airflow/example_dags/example_trigger_target_dag.py
[2022-02-05 19:22:08,298] {processor.py:642} INFO - Processing file /home/airflow/.local/lib/python3.7/site-packages/airflow/example_dags/example_trigger_target_dag.py for tasks to queue
[2022-02-05 19:22:08,299] {logging_mixin.py:109} INFO - [2022-02-05 19:22:08,299] {dagbag.py:500} INFO - Filling up the DagBag from /home/airflow/.local/lib/python3.7/site-packages/airflow/example_dags/example_trigger_target_dag.py
[2022-02-05 19:22:08,358] {processor.py:654} INFO - DAG(s) dict_keys(['example_trigger_target_dag']) retrieved from /home/airflow/.local/lib/python3.7/site-packages/airflow/example_dags/example_trigger_target_dag.py
[2022-02-05 19:22:08,376] {logging_mixin.py:109} INFO - [2022-02-05 19:22:08,376] {dag.py:2396} INFO - Sync 1 DAGs
[2022-02-05 19:22:08,404] {logging_mixin.py:109} INFO - [2022-02-05 19:22:08,404] {dag.py:2935} INFO - Setting next_dagrun for example_trigger_target_dag to None
[2022-02-05 19:22:08,431] {processor.py:171} INFO - Processing /home/airflow/.local/lib/python3.7/site-packages/airflow/example_dags/example_trigger_target_dag.py took 0.142 seconds
[2022-02-05 19:22:39,405] {processor.py:163} INFO - Started process (PID=244) to work on /home/airflow/.local/lib/python3.7/site-packages/airflow/example_dags/example_trigger_target_dag.py
[2022-02-05 19:22:39,407] {processor.py:642} INFO - Processing file /home/airflow/.local/lib/python3.7/site-packages/airflow/example_dags/example_trigger_target_dag.py for tasks to queue
[2022-02-05 19:22:39,408] {logging_mixin.py:109} INFO - [2022-02-05 19:22:39,408] {dagbag.py:500} INFO - Filling up the DagBag from /home/airflow/.local/lib/python3.7/site-packages/airflow/example_dags/example_trigger_target_dag.py
[2022-02-05 19:22:39,463] {processor.py:654} INFO - DAG(s) dict_keys(['example_trigger_target_dag']) retrieved from /home/airflow/.local/lib/python3.7/site-packages/airflow/example_dags/example_trigger_target_dag.py
[2022-02-05 19:22:39,485] {logging_mixin.py:109} INFO - [2022-02-05 19:22:39,485] {dag.py:2396} INFO - Sync 1 DAGs
[2022-02-05 19:22:39,522] {logging_mixin.py:109} INFO - [2022-02-05 19:22:39,521] {dag.py:2935} INFO - Setting next_dagrun for example_trigger_target_dag to None
[2022-02-05 19:22:39,544] {processor.py:171} INFO - Processing /home/airflow/.local/lib/python3.7/site-packages/airflow/example_dags/example_trigger_target_dag.py took 0.146 seconds
[2022-02-05 19:23:10,377] {processor.py:163} INFO - Started process (PID=297) to work on /home/airflow/.local/lib/python3.7/site-packages/airflow/example_dags/example_trigger_target_dag.py
[2022-02-05 19:23:10,378] {processor.py:642} INFO - Processing file /home/airflow/.local/lib/python3.7/site-packages/airflow/example_dags/example_trigger_target_dag.py for tasks to queue
[2022-02-05 19:23:10,379] {logging_mixin.py:109} INFO - [2022-02-05 19:23:10,379] {dagbag.py:500} INFO - Filling up the DagBag from /home/airflow/.local/lib/python3.7/site-packages/airflow/example_dags/example_trigger_target_dag.py
[2022-02-05 19:23:10,417] {processor.py:654} INFO - DAG(s) dict_keys(['example_trigger_target_dag']) retrieved from /home/airflow/.local/lib/python3.7/site-packages/airflow/example_dags/example_trigger_target_dag.py
[2022-02-05 19:23:10,429] {logging_mixin.py:109} INFO - [2022-02-05 19:23:10,429] {dag.py:2396} INFO - Sync 1 DAGs
[2022-02-05 19:23:10,448] {logging_mixin.py:109} INFO - [2022-02-05 19:23:10,448] {dag.py:2935} INFO - Setting next_dagrun for example_trigger_target_dag to None
[2022-02-05 19:23:10,464] {processor.py:171} INFO - Processing /home/airflow/.local/lib/python3.7/site-packages/airflow/example_dags/example_trigger_target_dag.py took 0.091 seconds
[2022-02-05 19:23:41,315] {processor.py:163} INFO - Started process (PID=350) to work on /home/airflow/.local/lib/python3.7/site-packages/airflow/example_dags/example_trigger_target_dag.py
[2022-02-05 19:23:41,318] {processor.py:642} INFO - Processing file /home/airflow/.local/lib/python3.7/site-packages/airflow/example_dags/example_trigger_target_dag.py for tasks to queue
[2022-02-05 19:23:41,319] {logging_mixin.py:109} INFO - [2022-02-05 19:23:41,319] {dagbag.py:500} INFO - Filling up the DagBag from /home/airflow/.local/lib/python3.7/site-packages/airflow/example_dags/example_trigger_target_dag.py
[2022-02-05 19:23:41,368] {processor.py:654} INFO - DAG(s) dict_keys(['example_trigger_target_dag']) retrieved from /home/airflow/.local/lib/python3.7/site-packages/airflow/example_dags/example_trigger_target_dag.py
[2022-02-05 19:23:41,384] {logging_mixin.py:109} INFO - [2022-02-05 19:23:41,384] {dag.py:2396} INFO - Sync 1 DAGs
[2022-02-05 19:23:41,434] {logging_mixin.py:109} INFO - [2022-02-05 19:23:41,434] {dag.py:2935} INFO - Setting next_dagrun for example_trigger_target_dag to None
[2022-02-05 19:23:41,451] {processor.py:171} INFO - Processing /home/airflow/.local/lib/python3.7/site-packages/airflow/example_dags/example_trigger_target_dag.py took 0.141 seconds
[2022-02-05 19:24:11,822] {processor.py:163} INFO - Started process (PID=413) to work on /home/airflow/.local/lib/python3.7/site-packages/airflow/example_dags/example_trigger_target_dag.py
[2022-02-05 19:24:11,823] {processor.py:642} INFO - Processing file /home/airflow/.local/lib/python3.7/site-packages/airflow/example_dags/example_trigger_target_dag.py for tasks to queue
[2022-02-05 19:24:11,824] {logging_mixin.py:109} INFO - [2022-02-05 19:24:11,824] {dagbag.py:500} INFO - Filling up the DagBag from /home/airflow/.local/lib/python3.7/site-packages/airflow/example_dags/example_trigger_target_dag.py
[2022-02-05 19:24:11,861] {processor.py:654} INFO - DAG(s) dict_keys(['example_trigger_target_dag']) retrieved from /home/airflow/.local/lib/python3.7/site-packages/airflow/example_dags/example_trigger_target_dag.py
[2022-02-05 19:24:11,871] {logging_mixin.py:109} INFO - [2022-02-05 19:24:11,870] {dag.py:2396} INFO - Sync 1 DAGs
[2022-02-05 19:24:11,887] {logging_mixin.py:109} INFO - [2022-02-05 19:24:11,887] {dag.py:2935} INFO - Setting next_dagrun for example_trigger_target_dag to None
[2022-02-05 19:24:11,898] {processor.py:171} INFO - Processing /home/airflow/.local/lib/python3.7/site-packages/airflow/example_dags/example_trigger_target_dag.py took 0.080 seconds
[2022-02-05 19:24:42,224] {processor.py:163} INFO - Started process (PID=465) to work on /home/airflow/.local/lib/python3.7/site-packages/airflow/example_dags/example_trigger_target_dag.py
[2022-02-05 19:24:42,225] {processor.py:642} INFO - Processing file /home/airflow/.local/lib/python3.7/site-packages/airflow/example_dags/example_trigger_target_dag.py for tasks to queue
[2022-02-05 19:24:42,226] {logging_mixin.py:109} INFO - [2022-02-05 19:24:42,226] {dagbag.py:500} INFO - Filling up the DagBag from /home/airflow/.local/lib/python3.7/site-packages/airflow/example_dags/example_trigger_target_dag.py
[2022-02-05 19:24:42,263] {processor.py:654} INFO - DAG(s) dict_keys(['example_trigger_target_dag']) retrieved from /home/airflow/.local/lib/python3.7/site-packages/airflow/example_dags/example_trigger_target_dag.py
[2022-02-05 19:24:42,279] {logging_mixin.py:109} INFO - [2022-02-05 19:24:42,279] {dag.py:2396} INFO - Sync 1 DAGs
[2022-02-05 19:24:42,309] {logging_mixin.py:109} INFO - [2022-02-05 19:24:42,309] {dag.py:2935} INFO - Setting next_dagrun for example_trigger_target_dag to None
[2022-02-05 19:24:42,322] {processor.py:171} INFO - Processing /home/airflow/.local/lib/python3.7/site-packages/airflow/example_dags/example_trigger_target_dag.py took 0.102 seconds
[2022-02-05 19:25:12,434] {processor.py:163} INFO - Started process (PID=526) to work on /home/airflow/.local/lib/python3.7/site-packages/airflow/example_dags/example_trigger_target_dag.py
[2022-02-05 19:25:12,436] {processor.py:642} INFO - Processing file /home/airflow/.local/lib/python3.7/site-packages/airflow/example_dags/example_trigger_target_dag.py for tasks to queue
[2022-02-05 19:25:12,436] {logging_mixin.py:109} INFO - [2022-02-05 19:25:12,436] {dagbag.py:500} INFO - Filling up the DagBag from /home/airflow/.local/lib/python3.7/site-packages/airflow/example_dags/example_trigger_target_dag.py
[2022-02-05 19:25:12,469] {processor.py:654} INFO - DAG(s) dict_keys(['example_trigger_target_dag']) retrieved from /home/airflow/.local/lib/python3.7/site-packages/airflow/example_dags/example_trigger_target_dag.py
[2022-02-05 19:25:12,480] {logging_mixin.py:109} INFO - [2022-02-05 19:25:12,480] {dag.py:2396} INFO - Sync 1 DAGs
[2022-02-05 19:25:12,497] {logging_mixin.py:109} INFO - [2022-02-05 19:25:12,497] {dag.py:2935} INFO - Setting next_dagrun for example_trigger_target_dag to None
[2022-02-05 19:25:12,514] {processor.py:171} INFO - Processing /home/airflow/.local/lib/python3.7/site-packages/airflow/example_dags/example_trigger_target_dag.py took 0.083 seconds
[2022-02-05 19:25:42,823] {processor.py:163} INFO - Started process (PID=580) to work on /home/airflow/.local/lib/python3.7/site-packages/airflow/example_dags/example_trigger_target_dag.py
[2022-02-05 19:25:42,824] {processor.py:642} INFO - Processing file /home/airflow/.local/lib/python3.7/site-packages/airflow/example_dags/example_trigger_target_dag.py for tasks to queue
[2022-02-05 19:25:42,825] {logging_mixin.py:109} INFO - [2022-02-05 19:25:42,825] {dagbag.py:500} INFO - Filling up the DagBag from /home/airflow/.local/lib/python3.7/site-packages/airflow/example_dags/example_trigger_target_dag.py
[2022-02-05 19:25:42,859] {processor.py:654} INFO - DAG(s) dict_keys(['example_trigger_target_dag']) retrieved from /home/airflow/.local/lib/python3.7/site-packages/airflow/example_dags/example_trigger_target_dag.py
[2022-02-05 19:25:42,872] {logging_mixin.py:109} INFO - [2022-02-05 19:25:42,872] {dag.py:2396} INFO - Sync 1 DAGs
[2022-02-05 19:25:42,889] {logging_mixin.py:109} INFO - [2022-02-05 19:25:42,889] {dag.py:2935} INFO - Setting next_dagrun for example_trigger_target_dag to None
[2022-02-05 19:25:42,900] {processor.py:171} INFO - Processing /home/airflow/.local/lib/python3.7/site-packages/airflow/example_dags/example_trigger_target_dag.py took 0.081 seconds
[2022-02-05 19:26:15,048] {processor.py:163} INFO - Started process (PID=643) to work on /home/airflow/.local/lib/python3.7/site-packages/airflow/example_dags/example_trigger_target_dag.py
[2022-02-05 19:26:15,050] {processor.py:642} INFO - Processing file /home/airflow/.local/lib/python3.7/site-packages/airflow/example_dags/example_trigger_target_dag.py for tasks to queue
[2022-02-05 19:26:15,053] {logging_mixin.py:109} INFO - [2022-02-05 19:26:15,052] {dagbag.py:500} INFO - Filling up the DagBag from /home/airflow/.local/lib/python3.7/site-packages/airflow/example_dags/example_trigger_target_dag.py
[2022-02-05 19:26:15,100] {processor.py:654} INFO - DAG(s) dict_keys(['example_trigger_target_dag']) retrieved from /home/airflow/.local/lib/python3.7/site-packages/airflow/example_dags/example_trigger_target_dag.py
[2022-02-05 19:26:15,115] {logging_mixin.py:109} INFO - [2022-02-05 19:26:15,115] {dag.py:2396} INFO - Sync 1 DAGs
[2022-02-05 19:26:15,141] {logging_mixin.py:109} INFO - [2022-02-05 19:26:15,141] {dag.py:2935} INFO - Setting next_dagrun for example_trigger_target_dag to None
[2022-02-05 19:26:15,153] {processor.py:171} INFO - Processing /home/airflow/.local/lib/python3.7/site-packages/airflow/example_dags/example_trigger_target_dag.py took 0.110 seconds
[2022-02-05 19:26:45,770] {processor.py:163} INFO - Started process (PID=698) to work on /home/airflow/.local/lib/python3.7/site-packages/airflow/example_dags/example_trigger_target_dag.py
[2022-02-05 19:26:45,771] {processor.py:642} INFO - Processing file /home/airflow/.local/lib/python3.7/site-packages/airflow/example_dags/example_trigger_target_dag.py for tasks to queue
[2022-02-05 19:26:45,771] {logging_mixin.py:109} INFO - [2022-02-05 19:26:45,771] {dagbag.py:500} INFO - Filling up the DagBag from /home/airflow/.local/lib/python3.7/site-packages/airflow/example_dags/example_trigger_target_dag.py
[2022-02-05 19:26:45,801] {processor.py:654} INFO - DAG(s) dict_keys(['example_trigger_target_dag']) retrieved from /home/airflow/.local/lib/python3.7/site-packages/airflow/example_dags/example_trigger_target_dag.py
[2022-02-05 19:26:45,810] {logging_mixin.py:109} INFO - [2022-02-05 19:26:45,810] {dag.py:2396} INFO - Sync 1 DAGs
[2022-02-05 19:26:45,825] {logging_mixin.py:109} INFO - [2022-02-05 19:26:45,825] {dag.py:2935} INFO - Setting next_dagrun for example_trigger_target_dag to None
[2022-02-05 19:26:45,835] {processor.py:171} INFO - Processing /home/airflow/.local/lib/python3.7/site-packages/airflow/example_dags/example_trigger_target_dag.py took 0.068 seconds
[2022-02-05 19:27:17,377] {processor.py:163} INFO - Started process (PID=760) to work on /home/airflow/.local/lib/python3.7/site-packages/airflow/example_dags/example_trigger_target_dag.py
[2022-02-05 19:27:17,380] {processor.py:642} INFO - Processing file /home/airflow/.local/lib/python3.7/site-packages/airflow/example_dags/example_trigger_target_dag.py for tasks to queue
[2022-02-05 19:27:17,381] {logging_mixin.py:109} INFO - [2022-02-05 19:27:17,381] {dagbag.py:500} INFO - Filling up the DagBag from /home/airflow/.local/lib/python3.7/site-packages/airflow/example_dags/example_trigger_target_dag.py
[2022-02-05 19:27:17,439] {processor.py:654} INFO - DAG(s) dict_keys(['example_trigger_target_dag']) retrieved from /home/airflow/.local/lib/python3.7/site-packages/airflow/example_dags/example_trigger_target_dag.py
[2022-02-05 19:27:17,458] {logging_mixin.py:109} INFO - [2022-02-05 19:27:17,458] {dag.py:2396} INFO - Sync 1 DAGs
[2022-02-05 19:27:17,490] {logging_mixin.py:109} INFO - [2022-02-05 19:27:17,490] {dag.py:2935} INFO - Setting next_dagrun for example_trigger_target_dag to None
[2022-02-05 19:27:17,505] {processor.py:171} INFO - Processing /home/airflow/.local/lib/python3.7/site-packages/airflow/example_dags/example_trigger_target_dag.py took 0.135 seconds
[2022-02-05 19:27:48,419] {processor.py:163} INFO - Started process (PID=812) to work on /home/airflow/.local/lib/python3.7/site-packages/airflow/example_dags/example_trigger_target_dag.py
[2022-02-05 19:27:48,420] {processor.py:642} INFO - Processing file /home/airflow/.local/lib/python3.7/site-packages/airflow/example_dags/example_trigger_target_dag.py for tasks to queue
[2022-02-05 19:27:48,421] {logging_mixin.py:109} INFO - [2022-02-05 19:27:48,420] {dagbag.py:500} INFO - Filling up the DagBag from /home/airflow/.local/lib/python3.7/site-packages/airflow/example_dags/example_trigger_target_dag.py
[2022-02-05 19:27:48,459] {processor.py:654} INFO - DAG(s) dict_keys(['example_trigger_target_dag']) retrieved from /home/airflow/.local/lib/python3.7/site-packages/airflow/example_dags/example_trigger_target_dag.py
[2022-02-05 19:27:48,469] {logging_mixin.py:109} INFO - [2022-02-05 19:27:48,469] {dag.py:2396} INFO - Sync 1 DAGs
[2022-02-05 19:27:48,485] {logging_mixin.py:109} INFO - [2022-02-05 19:27:48,485] {dag.py:2935} INFO - Setting next_dagrun for example_trigger_target_dag to None
[2022-02-05 19:27:48,497] {processor.py:171} INFO - Processing /home/airflow/.local/lib/python3.7/site-packages/airflow/example_dags/example_trigger_target_dag.py took 0.081 seconds
[2022-02-05 19:28:19,314] {processor.py:163} INFO - Started process (PID=877) to work on /home/airflow/.local/lib/python3.7/site-packages/airflow/example_dags/example_trigger_target_dag.py
[2022-02-05 19:28:19,316] {processor.py:642} INFO - Processing file /home/airflow/.local/lib/python3.7/site-packages/airflow/example_dags/example_trigger_target_dag.py for tasks to queue
[2022-02-05 19:28:19,317] {logging_mixin.py:109} INFO - [2022-02-05 19:28:19,316] {dagbag.py:500} INFO - Filling up the DagBag from /home/airflow/.local/lib/python3.7/site-packages/airflow/example_dags/example_trigger_target_dag.py
[2022-02-05 19:28:19,357] {processor.py:654} INFO - DAG(s) dict_keys(['example_trigger_target_dag']) retrieved from /home/airflow/.local/lib/python3.7/site-packages/airflow/example_dags/example_trigger_target_dag.py
[2022-02-05 19:28:19,369] {logging_mixin.py:109} INFO - [2022-02-05 19:28:19,369] {dag.py:2396} INFO - Sync 1 DAGs
[2022-02-05 19:28:19,390] {logging_mixin.py:109} INFO - [2022-02-05 19:28:19,390] {dag.py:2935} INFO - Setting next_dagrun for example_trigger_target_dag to None
[2022-02-05 19:28:19,402] {processor.py:171} INFO - Processing /home/airflow/.local/lib/python3.7/site-packages/airflow/example_dags/example_trigger_target_dag.py took 0.093 seconds
[2022-02-05 19:28:49,905] {processor.py:163} INFO - Started process (PID=929) to work on /home/airflow/.local/lib/python3.7/site-packages/airflow/example_dags/example_trigger_target_dag.py
[2022-02-05 19:28:49,906] {processor.py:642} INFO - Processing file /home/airflow/.local/lib/python3.7/site-packages/airflow/example_dags/example_trigger_target_dag.py for tasks to queue
[2022-02-05 19:28:49,907] {logging_mixin.py:109} INFO - [2022-02-05 19:28:49,906] {dagbag.py:500} INFO - Filling up the DagBag from /home/airflow/.local/lib/python3.7/site-packages/airflow/example_dags/example_trigger_target_dag.py
[2022-02-05 19:28:49,943] {processor.py:654} INFO - DAG(s) dict_keys(['example_trigger_target_dag']) retrieved from /home/airflow/.local/lib/python3.7/site-packages/airflow/example_dags/example_trigger_target_dag.py
[2022-02-05 19:28:49,955] {logging_mixin.py:109} INFO - [2022-02-05 19:28:49,955] {dag.py:2396} INFO - Sync 1 DAGs
[2022-02-05 19:28:49,974] {logging_mixin.py:109} INFO - [2022-02-05 19:28:49,974] {dag.py:2935} INFO - Setting next_dagrun for example_trigger_target_dag to None
[2022-02-05 19:28:49,987] {processor.py:171} INFO - Processing /home/airflow/.local/lib/python3.7/site-packages/airflow/example_dags/example_trigger_target_dag.py took 0.087 seconds
[2022-02-05 19:29:20,621] {processor.py:163} INFO - Started process (PID=992) to work on /home/airflow/.local/lib/python3.7/site-packages/airflow/example_dags/example_trigger_target_dag.py
[2022-02-05 19:29:20,623] {processor.py:642} INFO - Processing file /home/airflow/.local/lib/python3.7/site-packages/airflow/example_dags/example_trigger_target_dag.py for tasks to queue
[2022-02-05 19:29:20,624] {logging_mixin.py:109} INFO - [2022-02-05 19:29:20,624] {dagbag.py:500} INFO - Filling up the DagBag from /home/airflow/.local/lib/python3.7/site-packages/airflow/example_dags/example_trigger_target_dag.py
[2022-02-05 19:29:20,663] {processor.py:654} INFO - DAG(s) dict_keys(['example_trigger_target_dag']) retrieved from /home/airflow/.local/lib/python3.7/site-packages/airflow/example_dags/example_trigger_target_dag.py
[2022-02-05 19:29:20,677] {logging_mixin.py:109} INFO - [2022-02-05 19:29:20,677] {dag.py:2396} INFO - Sync 1 DAGs
[2022-02-05 19:29:20,700] {logging_mixin.py:109} INFO - [2022-02-05 19:29:20,700] {dag.py:2935} INFO - Setting next_dagrun for example_trigger_target_dag to None
[2022-02-05 19:29:20,716] {processor.py:171} INFO - Processing /home/airflow/.local/lib/python3.7/site-packages/airflow/example_dags/example_trigger_target_dag.py took 0.098 seconds
[2022-02-05 19:29:51,959] {processor.py:163} INFO - Started process (PID=1045) to work on /home/airflow/.local/lib/python3.7/site-packages/airflow/example_dags/example_trigger_target_dag.py
[2022-02-05 19:29:51,961] {processor.py:642} INFO - Processing file /home/airflow/.local/lib/python3.7/site-packages/airflow/example_dags/example_trigger_target_dag.py for tasks to queue
[2022-02-05 19:29:51,962] {logging_mixin.py:109} INFO - [2022-02-05 19:29:51,962] {dagbag.py:500} INFO - Filling up the DagBag from /home/airflow/.local/lib/python3.7/site-packages/airflow/example_dags/example_trigger_target_dag.py
[2022-02-05 19:29:52,006] {processor.py:654} INFO - DAG(s) dict_keys(['example_trigger_target_dag']) retrieved from /home/airflow/.local/lib/python3.7/site-packages/airflow/example_dags/example_trigger_target_dag.py
[2022-02-05 19:29:52,021] {logging_mixin.py:109} INFO - [2022-02-05 19:29:52,021] {dag.py:2396} INFO - Sync 1 DAGs
[2022-02-05 19:29:52,043] {logging_mixin.py:109} INFO - [2022-02-05 19:29:52,043] {dag.py:2935} INFO - Setting next_dagrun for example_trigger_target_dag to None
[2022-02-05 19:29:52,058] {processor.py:171} INFO - Processing /home/airflow/.local/lib/python3.7/site-packages/airflow/example_dags/example_trigger_target_dag.py took 0.104 seconds
[2022-02-05 19:30:22,460] {processor.py:163} INFO - Started process (PID=1107) to work on /home/airflow/.local/lib/python3.7/site-packages/airflow/example_dags/example_trigger_target_dag.py
[2022-02-05 19:30:22,461] {processor.py:642} INFO - Processing file /home/airflow/.local/lib/python3.7/site-packages/airflow/example_dags/example_trigger_target_dag.py for tasks to queue
[2022-02-05 19:30:22,461] {logging_mixin.py:109} INFO - [2022-02-05 19:30:22,461] {dagbag.py:500} INFO - Filling up the DagBag from /home/airflow/.local/lib/python3.7/site-packages/airflow/example_dags/example_trigger_target_dag.py
[2022-02-05 19:30:22,491] {processor.py:654} INFO - DAG(s) dict_keys(['example_trigger_target_dag']) retrieved from /home/airflow/.local/lib/python3.7/site-packages/airflow/example_dags/example_trigger_target_dag.py
[2022-02-05 19:30:22,501] {logging_mixin.py:109} INFO - [2022-02-05 19:30:22,501] {dag.py:2396} INFO - Sync 1 DAGs
[2022-02-05 19:30:22,517] {logging_mixin.py:109} INFO - [2022-02-05 19:30:22,517] {dag.py:2935} INFO - Setting next_dagrun for example_trigger_target_dag to None
[2022-02-05 19:30:22,526] {processor.py:171} INFO - Processing /home/airflow/.local/lib/python3.7/site-packages/airflow/example_dags/example_trigger_target_dag.py took 0.070 seconds
[2022-02-05 19:30:54,743] {processor.py:163} INFO - Started process (PID=1160) to work on /home/airflow/.local/lib/python3.7/site-packages/airflow/example_dags/example_trigger_target_dag.py
[2022-02-05 19:30:54,748] {processor.py:642} INFO - Processing file /home/airflow/.local/lib/python3.7/site-packages/airflow/example_dags/example_trigger_target_dag.py for tasks to queue
[2022-02-05 19:30:54,749] {logging_mixin.py:109} INFO - [2022-02-05 19:30:54,749] {dagbag.py:500} INFO - Filling up the DagBag from /home/airflow/.local/lib/python3.7/site-packages/airflow/example_dags/example_trigger_target_dag.py
[2022-02-05 19:30:54,825] {processor.py:654} INFO - DAG(s) dict_keys(['example_trigger_target_dag']) retrieved from /home/airflow/.local/lib/python3.7/site-packages/airflow/example_dags/example_trigger_target_dag.py
[2022-02-05 19:30:54,852] {logging_mixin.py:109} INFO - [2022-02-05 19:30:54,852] {dag.py:2396} INFO - Sync 1 DAGs
[2022-02-05 19:30:54,886] {logging_mixin.py:109} INFO - [2022-02-05 19:30:54,886] {dag.py:2935} INFO - Setting next_dagrun for example_trigger_target_dag to None
[2022-02-05 19:30:54,901] {processor.py:171} INFO - Processing /home/airflow/.local/lib/python3.7/site-packages/airflow/example_dags/example_trigger_target_dag.py took 0.165 seconds
[2022-02-05 19:31:25,157] {processor.py:163} INFO - Started process (PID=1223) to work on /home/airflow/.local/lib/python3.7/site-packages/airflow/example_dags/example_trigger_target_dag.py
[2022-02-05 19:31:25,160] {processor.py:642} INFO - Processing file /home/airflow/.local/lib/python3.7/site-packages/airflow/example_dags/example_trigger_target_dag.py for tasks to queue
[2022-02-05 19:31:25,161] {logging_mixin.py:109} INFO - [2022-02-05 19:31:25,161] {dagbag.py:500} INFO - Filling up the DagBag from /home/airflow/.local/lib/python3.7/site-packages/airflow/example_dags/example_trigger_target_dag.py
[2022-02-05 19:31:25,211] {processor.py:654} INFO - DAG(s) dict_keys(['example_trigger_target_dag']) retrieved from /home/airflow/.local/lib/python3.7/site-packages/airflow/example_dags/example_trigger_target_dag.py
[2022-02-05 19:31:25,227] {logging_mixin.py:109} INFO - [2022-02-05 19:31:25,227] {dag.py:2396} INFO - Sync 1 DAGs
[2022-02-05 19:31:25,256] {logging_mixin.py:109} INFO - [2022-02-05 19:31:25,256] {dag.py:2935} INFO - Setting next_dagrun for example_trigger_target_dag to None
[2022-02-05 19:31:25,271] {processor.py:171} INFO - Processing /home/airflow/.local/lib/python3.7/site-packages/airflow/example_dags/example_trigger_target_dag.py took 0.119 seconds
[2022-02-05 19:31:56,208] {processor.py:163} INFO - Started process (PID=1276) to work on /home/airflow/.local/lib/python3.7/site-packages/airflow/example_dags/example_trigger_target_dag.py
[2022-02-05 19:31:56,209] {processor.py:642} INFO - Processing file /home/airflow/.local/lib/python3.7/site-packages/airflow/example_dags/example_trigger_target_dag.py for tasks to queue
[2022-02-05 19:31:56,210] {logging_mixin.py:109} INFO - [2022-02-05 19:31:56,210] {dagbag.py:500} INFO - Filling up the DagBag from /home/airflow/.local/lib/python3.7/site-packages/airflow/example_dags/example_trigger_target_dag.py
[2022-02-05 19:31:56,236] {processor.py:654} INFO - DAG(s) dict_keys(['example_trigger_target_dag']) retrieved from /home/airflow/.local/lib/python3.7/site-packages/airflow/example_dags/example_trigger_target_dag.py
[2022-02-05 19:31:56,245] {logging_mixin.py:109} INFO - [2022-02-05 19:31:56,244] {dag.py:2396} INFO - Sync 1 DAGs
[2022-02-05 19:31:56,258] {logging_mixin.py:109} INFO - [2022-02-05 19:31:56,258] {dag.py:2935} INFO - Setting next_dagrun for example_trigger_target_dag to None
[2022-02-05 19:31:56,266] {processor.py:171} INFO - Processing /home/airflow/.local/lib/python3.7/site-packages/airflow/example_dags/example_trigger_target_dag.py took 0.061 seconds
[2022-02-05 19:32:26,778] {processor.py:163} INFO - Started process (PID=1334) to work on /home/airflow/.local/lib/python3.7/site-packages/airflow/example_dags/example_trigger_target_dag.py
[2022-02-05 19:32:26,780] {processor.py:642} INFO - Processing file /home/airflow/.local/lib/python3.7/site-packages/airflow/example_dags/example_trigger_target_dag.py for tasks to queue
[2022-02-05 19:32:26,781] {logging_mixin.py:109} INFO - [2022-02-05 19:32:26,781] {dagbag.py:500} INFO - Filling up the DagBag from /home/airflow/.local/lib/python3.7/site-packages/airflow/example_dags/example_trigger_target_dag.py
[2022-02-05 19:32:26,828] {processor.py:654} INFO - DAG(s) dict_keys(['example_trigger_target_dag']) retrieved from /home/airflow/.local/lib/python3.7/site-packages/airflow/example_dags/example_trigger_target_dag.py
[2022-02-05 19:32:26,846] {logging_mixin.py:109} INFO - [2022-02-05 19:32:26,845] {dag.py:2396} INFO - Sync 1 DAGs
[2022-02-05 19:32:26,875] {logging_mixin.py:109} INFO - [2022-02-05 19:32:26,875] {dag.py:2935} INFO - Setting next_dagrun for example_trigger_target_dag to None
[2022-02-05 19:32:26,891] {processor.py:171} INFO - Processing /home/airflow/.local/lib/python3.7/site-packages/airflow/example_dags/example_trigger_target_dag.py took 0.117 seconds
[2022-02-05 19:32:57,332] {processor.py:163} INFO - Started process (PID=1395) to work on /home/airflow/.local/lib/python3.7/site-packages/airflow/example_dags/example_trigger_target_dag.py
[2022-02-05 19:32:57,334] {processor.py:642} INFO - Processing file /home/airflow/.local/lib/python3.7/site-packages/airflow/example_dags/example_trigger_target_dag.py for tasks to queue
[2022-02-05 19:32:57,334] {logging_mixin.py:109} INFO - [2022-02-05 19:32:57,334] {dagbag.py:500} INFO - Filling up the DagBag from /home/airflow/.local/lib/python3.7/site-packages/airflow/example_dags/example_trigger_target_dag.py
[2022-02-05 19:32:57,359] {processor.py:654} INFO - DAG(s) dict_keys(['example_trigger_target_dag']) retrieved from /home/airflow/.local/lib/python3.7/site-packages/airflow/example_dags/example_trigger_target_dag.py
[2022-02-05 19:32:57,367] {logging_mixin.py:109} INFO - [2022-02-05 19:32:57,367] {dag.py:2396} INFO - Sync 1 DAGs
[2022-02-05 19:32:57,380] {logging_mixin.py:109} INFO - [2022-02-05 19:32:57,380] {dag.py:2935} INFO - Setting next_dagrun for example_trigger_target_dag to None
[2022-02-05 19:32:57,389] {processor.py:171} INFO - Processing /home/airflow/.local/lib/python3.7/site-packages/airflow/example_dags/example_trigger_target_dag.py took 0.059 seconds
[2022-02-05 19:33:27,716] {processor.py:163} INFO - Started process (PID=1460) to work on /home/airflow/.local/lib/python3.7/site-packages/airflow/example_dags/example_trigger_target_dag.py
[2022-02-05 19:33:27,717] {processor.py:642} INFO - Processing file /home/airflow/.local/lib/python3.7/site-packages/airflow/example_dags/example_trigger_target_dag.py for tasks to queue
[2022-02-05 19:33:27,717] {logging_mixin.py:109} INFO - [2022-02-05 19:33:27,717] {dagbag.py:500} INFO - Filling up the DagBag from /home/airflow/.local/lib/python3.7/site-packages/airflow/example_dags/example_trigger_target_dag.py
[2022-02-05 19:33:27,741] {processor.py:654} INFO - DAG(s) dict_keys(['example_trigger_target_dag']) retrieved from /home/airflow/.local/lib/python3.7/site-packages/airflow/example_dags/example_trigger_target_dag.py
[2022-02-05 19:33:27,751] {logging_mixin.py:109} INFO - [2022-02-05 19:33:27,751] {dag.py:2396} INFO - Sync 1 DAGs
[2022-02-05 19:33:27,764] {logging_mixin.py:109} INFO - [2022-02-05 19:33:27,763] {dag.py:2935} INFO - Setting next_dagrun for example_trigger_target_dag to None
[2022-02-05 19:33:27,771] {processor.py:171} INFO - Processing /home/airflow/.local/lib/python3.7/site-packages/airflow/example_dags/example_trigger_target_dag.py took 0.059 seconds
[2022-02-05 19:33:57,899] {processor.py:163} INFO - Started process (PID=1512) to work on /home/airflow/.local/lib/python3.7/site-packages/airflow/example_dags/example_trigger_target_dag.py
[2022-02-05 19:33:57,900] {processor.py:642} INFO - Processing file /home/airflow/.local/lib/python3.7/site-packages/airflow/example_dags/example_trigger_target_dag.py for tasks to queue
[2022-02-05 19:33:57,901] {logging_mixin.py:109} INFO - [2022-02-05 19:33:57,901] {dagbag.py:500} INFO - Filling up the DagBag from /home/airflow/.local/lib/python3.7/site-packages/airflow/example_dags/example_trigger_target_dag.py
[2022-02-05 19:33:57,925] {processor.py:654} INFO - DAG(s) dict_keys(['example_trigger_target_dag']) retrieved from /home/airflow/.local/lib/python3.7/site-packages/airflow/example_dags/example_trigger_target_dag.py
[2022-02-05 19:33:57,933] {logging_mixin.py:109} INFO - [2022-02-05 19:33:57,933] {dag.py:2396} INFO - Sync 1 DAGs
[2022-02-05 19:33:57,945] {logging_mixin.py:109} INFO - [2022-02-05 19:33:57,945] {dag.py:2935} INFO - Setting next_dagrun for example_trigger_target_dag to None
[2022-02-05 19:33:57,954] {processor.py:171} INFO - Processing /home/airflow/.local/lib/python3.7/site-packages/airflow/example_dags/example_trigger_target_dag.py took 0.058 seconds
[2022-02-05 19:34:28,976] {processor.py:163} INFO - Started process (PID=1573) to work on /home/airflow/.local/lib/python3.7/site-packages/airflow/example_dags/example_trigger_target_dag.py
[2022-02-05 19:34:28,977] {processor.py:642} INFO - Processing file /home/airflow/.local/lib/python3.7/site-packages/airflow/example_dags/example_trigger_target_dag.py for tasks to queue
[2022-02-05 19:34:28,978] {logging_mixin.py:109} INFO - [2022-02-05 19:34:28,978] {dagbag.py:500} INFO - Filling up the DagBag from /home/airflow/.local/lib/python3.7/site-packages/airflow/example_dags/example_trigger_target_dag.py
[2022-02-05 19:34:29,003] {processor.py:654} INFO - DAG(s) dict_keys(['example_trigger_target_dag']) retrieved from /home/airflow/.local/lib/python3.7/site-packages/airflow/example_dags/example_trigger_target_dag.py
[2022-02-05 19:34:29,011] {logging_mixin.py:109} INFO - [2022-02-05 19:34:29,011] {dag.py:2396} INFO - Sync 1 DAGs
[2022-02-05 19:34:29,025] {logging_mixin.py:109} INFO - [2022-02-05 19:34:29,024] {dag.py:2935} INFO - Setting next_dagrun for example_trigger_target_dag to None
[2022-02-05 19:34:29,035] {processor.py:171} INFO - Processing /home/airflow/.local/lib/python3.7/site-packages/airflow/example_dags/example_trigger_target_dag.py took 0.061 seconds
[2022-02-05 19:34:59,892] {processor.py:163} INFO - Started process (PID=1625) to work on /home/airflow/.local/lib/python3.7/site-packages/airflow/example_dags/example_trigger_target_dag.py
[2022-02-05 19:34:59,893] {processor.py:642} INFO - Processing file /home/airflow/.local/lib/python3.7/site-packages/airflow/example_dags/example_trigger_target_dag.py for tasks to queue
[2022-02-05 19:34:59,893] {logging_mixin.py:109} INFO - [2022-02-05 19:34:59,893] {dagbag.py:500} INFO - Filling up the DagBag from /home/airflow/.local/lib/python3.7/site-packages/airflow/example_dags/example_trigger_target_dag.py
[2022-02-05 19:34:59,917] {processor.py:654} INFO - DAG(s) dict_keys(['example_trigger_target_dag']) retrieved from /home/airflow/.local/lib/python3.7/site-packages/airflow/example_dags/example_trigger_target_dag.py
[2022-02-05 19:34:59,925] {logging_mixin.py:109} INFO - [2022-02-05 19:34:59,925] {dag.py:2396} INFO - Sync 1 DAGs
[2022-02-05 19:34:59,937] {logging_mixin.py:109} INFO - [2022-02-05 19:34:59,937] {dag.py:2935} INFO - Setting next_dagrun for example_trigger_target_dag to None
[2022-02-05 19:34:59,945] {processor.py:171} INFO - Processing /home/airflow/.local/lib/python3.7/site-packages/airflow/example_dags/example_trigger_target_dag.py took 0.056 seconds
[2022-02-05 19:35:30,088] {processor.py:163} INFO - Started process (PID=1686) to work on /home/airflow/.local/lib/python3.7/site-packages/airflow/example_dags/example_trigger_target_dag.py
[2022-02-05 19:35:30,089] {processor.py:642} INFO - Processing file /home/airflow/.local/lib/python3.7/site-packages/airflow/example_dags/example_trigger_target_dag.py for tasks to queue
[2022-02-05 19:35:30,090] {logging_mixin.py:109} INFO - [2022-02-05 19:35:30,090] {dagbag.py:500} INFO - Filling up the DagBag from /home/airflow/.local/lib/python3.7/site-packages/airflow/example_dags/example_trigger_target_dag.py
[2022-02-05 19:35:30,117] {processor.py:654} INFO - DAG(s) dict_keys(['example_trigger_target_dag']) retrieved from /home/airflow/.local/lib/python3.7/site-packages/airflow/example_dags/example_trigger_target_dag.py
[2022-02-05 19:35:30,126] {logging_mixin.py:109} INFO - [2022-02-05 19:35:30,126] {dag.py:2396} INFO - Sync 1 DAGs
[2022-02-05 19:35:30,139] {logging_mixin.py:109} INFO - [2022-02-05 19:35:30,139] {dag.py:2935} INFO - Setting next_dagrun for example_trigger_target_dag to None
[2022-02-05 19:35:30,148] {processor.py:171} INFO - Processing /home/airflow/.local/lib/python3.7/site-packages/airflow/example_dags/example_trigger_target_dag.py took 0.063 seconds
[2022-02-05 19:36:01,148] {processor.py:163} INFO - Started process (PID=1739) to work on /home/airflow/.local/lib/python3.7/site-packages/airflow/example_dags/example_trigger_target_dag.py
[2022-02-05 19:36:01,150] {processor.py:642} INFO - Processing file /home/airflow/.local/lib/python3.7/site-packages/airflow/example_dags/example_trigger_target_dag.py for tasks to queue
[2022-02-05 19:36:01,151] {logging_mixin.py:109} INFO - [2022-02-05 19:36:01,151] {dagbag.py:500} INFO - Filling up the DagBag from /home/airflow/.local/lib/python3.7/site-packages/airflow/example_dags/example_trigger_target_dag.py
[2022-02-05 19:36:01,199] {processor.py:654} INFO - DAG(s) dict_keys(['example_trigger_target_dag']) retrieved from /home/airflow/.local/lib/python3.7/site-packages/airflow/example_dags/example_trigger_target_dag.py
[2022-02-05 19:36:01,213] {logging_mixin.py:109} INFO - [2022-02-05 19:36:01,213] {dag.py:2396} INFO - Sync 1 DAGs
[2022-02-05 19:36:01,236] {logging_mixin.py:109} INFO - [2022-02-05 19:36:01,236] {dag.py:2935} INFO - Setting next_dagrun for example_trigger_target_dag to None
[2022-02-05 19:36:01,249] {processor.py:171} INFO - Processing /home/airflow/.local/lib/python3.7/site-packages/airflow/example_dags/example_trigger_target_dag.py took 0.106 seconds
[2022-02-05 19:36:31,595] {processor.py:163} INFO - Started process (PID=1801) to work on /home/airflow/.local/lib/python3.7/site-packages/airflow/example_dags/example_trigger_target_dag.py
[2022-02-05 19:36:31,597] {processor.py:642} INFO - Processing file /home/airflow/.local/lib/python3.7/site-packages/airflow/example_dags/example_trigger_target_dag.py for tasks to queue
[2022-02-05 19:36:31,597] {logging_mixin.py:109} INFO - [2022-02-05 19:36:31,597] {dagbag.py:500} INFO - Filling up the DagBag from /home/airflow/.local/lib/python3.7/site-packages/airflow/example_dags/example_trigger_target_dag.py
[2022-02-05 19:36:31,622] {processor.py:654} INFO - DAG(s) dict_keys(['example_trigger_target_dag']) retrieved from /home/airflow/.local/lib/python3.7/site-packages/airflow/example_dags/example_trigger_target_dag.py
[2022-02-05 19:36:31,634] {logging_mixin.py:109} INFO - [2022-02-05 19:36:31,634] {dag.py:2396} INFO - Sync 1 DAGs
[2022-02-05 19:36:31,649] {logging_mixin.py:109} INFO - [2022-02-05 19:36:31,649] {dag.py:2935} INFO - Setting next_dagrun for example_trigger_target_dag to None
[2022-02-05 19:36:31,659] {processor.py:171} INFO - Processing /home/airflow/.local/lib/python3.7/site-packages/airflow/example_dags/example_trigger_target_dag.py took 0.066 seconds
[2022-02-05 19:37:02,692] {processor.py:163} INFO - Started process (PID=1862) to work on /home/airflow/.local/lib/python3.7/site-packages/airflow/example_dags/example_trigger_target_dag.py
[2022-02-05 19:37:02,694] {processor.py:642} INFO - Processing file /home/airflow/.local/lib/python3.7/site-packages/airflow/example_dags/example_trigger_target_dag.py for tasks to queue
[2022-02-05 19:37:02,694] {logging_mixin.py:109} INFO - [2022-02-05 19:37:02,694] {dagbag.py:500} INFO - Filling up the DagBag from /home/airflow/.local/lib/python3.7/site-packages/airflow/example_dags/example_trigger_target_dag.py
[2022-02-05 19:37:02,719] {processor.py:654} INFO - DAG(s) dict_keys(['example_trigger_target_dag']) retrieved from /home/airflow/.local/lib/python3.7/site-packages/airflow/example_dags/example_trigger_target_dag.py
[2022-02-05 19:37:02,728] {logging_mixin.py:109} INFO - [2022-02-05 19:37:02,727] {dag.py:2396} INFO - Sync 1 DAGs
[2022-02-05 19:37:02,740] {logging_mixin.py:109} INFO - [2022-02-05 19:37:02,740] {dag.py:2935} INFO - Setting next_dagrun for example_trigger_target_dag to None
[2022-02-05 19:37:02,749] {processor.py:171} INFO - Processing /home/airflow/.local/lib/python3.7/site-packages/airflow/example_dags/example_trigger_target_dag.py took 0.060 seconds
[2022-02-05 19:37:33,041] {processor.py:163} INFO - Started process (PID=1915) to work on /home/airflow/.local/lib/python3.7/site-packages/airflow/example_dags/example_trigger_target_dag.py
[2022-02-05 19:37:33,043] {processor.py:642} INFO - Processing file /home/airflow/.local/lib/python3.7/site-packages/airflow/example_dags/example_trigger_target_dag.py for tasks to queue
[2022-02-05 19:37:33,044] {logging_mixin.py:109} INFO - [2022-02-05 19:37:33,044] {dagbag.py:500} INFO - Filling up the DagBag from /home/airflow/.local/lib/python3.7/site-packages/airflow/example_dags/example_trigger_target_dag.py
[2022-02-05 19:37:33,077] {processor.py:654} INFO - DAG(s) dict_keys(['example_trigger_target_dag']) retrieved from /home/airflow/.local/lib/python3.7/site-packages/airflow/example_dags/example_trigger_target_dag.py
[2022-02-05 19:37:33,087] {logging_mixin.py:109} INFO - [2022-02-05 19:37:33,086] {dag.py:2396} INFO - Sync 1 DAGs
[2022-02-05 19:37:33,102] {logging_mixin.py:109} INFO - [2022-02-05 19:37:33,101] {dag.py:2935} INFO - Setting next_dagrun for example_trigger_target_dag to None
[2022-02-05 19:37:33,112] {processor.py:171} INFO - Processing /home/airflow/.local/lib/python3.7/site-packages/airflow/example_dags/example_trigger_target_dag.py took 0.074 seconds
[2022-02-05 19:38:03,873] {processor.py:163} INFO - Started process (PID=1978) to work on /home/airflow/.local/lib/python3.7/site-packages/airflow/example_dags/example_trigger_target_dag.py
[2022-02-05 19:38:03,874] {processor.py:642} INFO - Processing file /home/airflow/.local/lib/python3.7/site-packages/airflow/example_dags/example_trigger_target_dag.py for tasks to queue
[2022-02-05 19:38:03,875] {logging_mixin.py:109} INFO - [2022-02-05 19:38:03,875] {dagbag.py:500} INFO - Filling up the DagBag from /home/airflow/.local/lib/python3.7/site-packages/airflow/example_dags/example_trigger_target_dag.py
[2022-02-05 19:38:03,911] {processor.py:654} INFO - DAG(s) dict_keys(['example_trigger_target_dag']) retrieved from /home/airflow/.local/lib/python3.7/site-packages/airflow/example_dags/example_trigger_target_dag.py
[2022-02-05 19:38:03,922] {logging_mixin.py:109} INFO - [2022-02-05 19:38:03,922] {dag.py:2396} INFO - Sync 1 DAGs
[2022-02-05 19:38:03,941] {logging_mixin.py:109} INFO - [2022-02-05 19:38:03,941] {dag.py:2935} INFO - Setting next_dagrun for example_trigger_target_dag to None
[2022-02-05 19:38:03,953] {processor.py:171} INFO - Processing /home/airflow/.local/lib/python3.7/site-packages/airflow/example_dags/example_trigger_target_dag.py took 0.084 seconds
[2022-02-05 19:38:34,406] {processor.py:163} INFO - Started process (PID=2031) to work on /home/airflow/.local/lib/python3.7/site-packages/airflow/example_dags/example_trigger_target_dag.py
[2022-02-05 19:38:34,407] {processor.py:642} INFO - Processing file /home/airflow/.local/lib/python3.7/site-packages/airflow/example_dags/example_trigger_target_dag.py for tasks to queue
[2022-02-05 19:38:34,408] {logging_mixin.py:109} INFO - [2022-02-05 19:38:34,408] {dagbag.py:500} INFO - Filling up the DagBag from /home/airflow/.local/lib/python3.7/site-packages/airflow/example_dags/example_trigger_target_dag.py
[2022-02-05 19:38:34,434] {processor.py:654} INFO - DAG(s) dict_keys(['example_trigger_target_dag']) retrieved from /home/airflow/.local/lib/python3.7/site-packages/airflow/example_dags/example_trigger_target_dag.py
[2022-02-05 19:38:34,442] {logging_mixin.py:109} INFO - [2022-02-05 19:38:34,442] {dag.py:2396} INFO - Sync 1 DAGs
[2022-02-05 19:38:34,456] {logging_mixin.py:109} INFO - [2022-02-05 19:38:34,456] {dag.py:2935} INFO - Setting next_dagrun for example_trigger_target_dag to None
[2022-02-05 19:38:34,464] {processor.py:171} INFO - Processing /home/airflow/.local/lib/python3.7/site-packages/airflow/example_dags/example_trigger_target_dag.py took 0.061 seconds
[2022-02-05 19:39:05,006] {processor.py:163} INFO - Started process (PID=2095) to work on /home/airflow/.local/lib/python3.7/site-packages/airflow/example_dags/example_trigger_target_dag.py
[2022-02-05 19:39:05,008] {processor.py:642} INFO - Processing file /home/airflow/.local/lib/python3.7/site-packages/airflow/example_dags/example_trigger_target_dag.py for tasks to queue
[2022-02-05 19:39:05,009] {logging_mixin.py:109} INFO - [2022-02-05 19:39:05,008] {dagbag.py:500} INFO - Filling up the DagBag from /home/airflow/.local/lib/python3.7/site-packages/airflow/example_dags/example_trigger_target_dag.py
[2022-02-05 19:39:05,053] {processor.py:654} INFO - DAG(s) dict_keys(['example_trigger_target_dag']) retrieved from /home/airflow/.local/lib/python3.7/site-packages/airflow/example_dags/example_trigger_target_dag.py
[2022-02-05 19:39:05,067] {logging_mixin.py:109} INFO - [2022-02-05 19:39:05,067] {dag.py:2396} INFO - Sync 1 DAGs
[2022-02-05 19:39:05,093] {logging_mixin.py:109} INFO - [2022-02-05 19:39:05,092] {dag.py:2935} INFO - Setting next_dagrun for example_trigger_target_dag to None
[2022-02-05 19:39:05,112] {processor.py:171} INFO - Processing /home/airflow/.local/lib/python3.7/site-packages/airflow/example_dags/example_trigger_target_dag.py took 0.110 seconds
[2022-02-05 19:39:35,552] {processor.py:163} INFO - Started process (PID=2151) to work on /home/airflow/.local/lib/python3.7/site-packages/airflow/example_dags/example_trigger_target_dag.py
[2022-02-05 19:39:35,554] {processor.py:642} INFO - Processing file /home/airflow/.local/lib/python3.7/site-packages/airflow/example_dags/example_trigger_target_dag.py for tasks to queue
[2022-02-05 19:39:35,555] {logging_mixin.py:109} INFO - [2022-02-05 19:39:35,555] {dagbag.py:500} INFO - Filling up the DagBag from /home/airflow/.local/lib/python3.7/site-packages/airflow/example_dags/example_trigger_target_dag.py
[2022-02-05 19:39:35,605] {processor.py:654} INFO - DAG(s) dict_keys(['example_trigger_target_dag']) retrieved from /home/airflow/.local/lib/python3.7/site-packages/airflow/example_dags/example_trigger_target_dag.py
[2022-02-05 19:39:35,621] {logging_mixin.py:109} INFO - [2022-02-05 19:39:35,621] {dag.py:2396} INFO - Sync 1 DAGs
[2022-02-05 19:39:35,647] {logging_mixin.py:109} INFO - [2022-02-05 19:39:35,647] {dag.py:2935} INFO - Setting next_dagrun for example_trigger_target_dag to None
[2022-02-05 19:39:35,773] {processor.py:171} INFO - Processing /home/airflow/.local/lib/python3.7/site-packages/airflow/example_dags/example_trigger_target_dag.py took 0.227 seconds
[2022-02-05 19:40:08,626] {processor.py:163} INFO - Started process (PID=2205) to work on /home/airflow/.local/lib/python3.7/site-packages/airflow/example_dags/example_trigger_target_dag.py
[2022-02-05 19:40:08,629] {processor.py:642} INFO - Processing file /home/airflow/.local/lib/python3.7/site-packages/airflow/example_dags/example_trigger_target_dag.py for tasks to queue
[2022-02-05 19:40:08,630] {logging_mixin.py:109} INFO - [2022-02-05 19:40:08,630] {dagbag.py:500} INFO - Filling up the DagBag from /home/airflow/.local/lib/python3.7/site-packages/airflow/example_dags/example_trigger_target_dag.py
[2022-02-05 19:40:08,679] {processor.py:654} INFO - DAG(s) dict_keys(['example_trigger_target_dag']) retrieved from /home/airflow/.local/lib/python3.7/site-packages/airflow/example_dags/example_trigger_target_dag.py
[2022-02-05 19:40:08,698] {logging_mixin.py:109} INFO - [2022-02-05 19:40:08,698] {dag.py:2396} INFO - Sync 1 DAGs
[2022-02-05 19:40:08,856] {logging_mixin.py:109} INFO - [2022-02-05 19:40:08,856] {dag.py:2935} INFO - Setting next_dagrun for example_trigger_target_dag to None
[2022-02-05 19:40:08,874] {processor.py:171} INFO - Processing /home/airflow/.local/lib/python3.7/site-packages/airflow/example_dags/example_trigger_target_dag.py took 0.253 seconds
[2022-02-05 19:40:39,300] {processor.py:163} INFO - Started process (PID=2272) to work on /home/airflow/.local/lib/python3.7/site-packages/airflow/example_dags/example_trigger_target_dag.py
[2022-02-05 19:40:39,302] {processor.py:642} INFO - Processing file /home/airflow/.local/lib/python3.7/site-packages/airflow/example_dags/example_trigger_target_dag.py for tasks to queue
[2022-02-05 19:40:39,303] {logging_mixin.py:109} INFO - [2022-02-05 19:40:39,303] {dagbag.py:500} INFO - Filling up the DagBag from /home/airflow/.local/lib/python3.7/site-packages/airflow/example_dags/example_trigger_target_dag.py
[2022-02-05 19:40:39,357] {processor.py:654} INFO - DAG(s) dict_keys(['example_trigger_target_dag']) retrieved from /home/airflow/.local/lib/python3.7/site-packages/airflow/example_dags/example_trigger_target_dag.py
[2022-02-05 19:40:39,376] {logging_mixin.py:109} INFO - [2022-02-05 19:40:39,376] {dag.py:2396} INFO - Sync 1 DAGs
[2022-02-05 19:40:39,545] {logging_mixin.py:109} INFO - [2022-02-05 19:40:39,544] {dag.py:2935} INFO - Setting next_dagrun for example_trigger_target_dag to None
[2022-02-05 19:40:39,565] {processor.py:171} INFO - Processing /home/airflow/.local/lib/python3.7/site-packages/airflow/example_dags/example_trigger_target_dag.py took 0.273 seconds
[2022-02-05 19:41:09,617] {processor.py:163} INFO - Started process (PID=2325) to work on /home/airflow/.local/lib/python3.7/site-packages/airflow/example_dags/example_trigger_target_dag.py
[2022-02-05 19:41:09,618] {processor.py:642} INFO - Processing file /home/airflow/.local/lib/python3.7/site-packages/airflow/example_dags/example_trigger_target_dag.py for tasks to queue
[2022-02-05 19:41:09,619] {logging_mixin.py:109} INFO - [2022-02-05 19:41:09,619] {dagbag.py:500} INFO - Filling up the DagBag from /home/airflow/.local/lib/python3.7/site-packages/airflow/example_dags/example_trigger_target_dag.py
[2022-02-05 19:41:09,648] {processor.py:654} INFO - DAG(s) dict_keys(['example_trigger_target_dag']) retrieved from /home/airflow/.local/lib/python3.7/site-packages/airflow/example_dags/example_trigger_target_dag.py
[2022-02-05 19:41:09,745] {logging_mixin.py:109} INFO - [2022-02-05 19:41:09,745] {dag.py:2396} INFO - Sync 1 DAGs
[2022-02-05 19:41:09,759] {logging_mixin.py:109} INFO - [2022-02-05 19:41:09,758] {dag.py:2935} INFO - Setting next_dagrun for example_trigger_target_dag to None
[2022-02-05 19:41:09,771] {processor.py:171} INFO - Processing /home/airflow/.local/lib/python3.7/site-packages/airflow/example_dags/example_trigger_target_dag.py took 0.157 seconds
[2022-02-05 19:41:40,263] {processor.py:163} INFO - Started process (PID=2387) to work on /home/airflow/.local/lib/python3.7/site-packages/airflow/example_dags/example_trigger_target_dag.py
[2022-02-05 19:41:40,265] {processor.py:642} INFO - Processing file /home/airflow/.local/lib/python3.7/site-packages/airflow/example_dags/example_trigger_target_dag.py for tasks to queue
[2022-02-05 19:41:40,265] {logging_mixin.py:109} INFO - [2022-02-05 19:41:40,265] {dagbag.py:500} INFO - Filling up the DagBag from /home/airflow/.local/lib/python3.7/site-packages/airflow/example_dags/example_trigger_target_dag.py
[2022-02-05 19:41:40,304] {processor.py:654} INFO - DAG(s) dict_keys(['example_trigger_target_dag']) retrieved from /home/airflow/.local/lib/python3.7/site-packages/airflow/example_dags/example_trigger_target_dag.py
[2022-02-05 19:41:40,406] {logging_mixin.py:109} INFO - [2022-02-05 19:41:40,405] {dag.py:2396} INFO - Sync 1 DAGs
[2022-02-05 19:41:40,421] {logging_mixin.py:109} INFO - [2022-02-05 19:41:40,421] {dag.py:2935} INFO - Setting next_dagrun for example_trigger_target_dag to None
[2022-02-05 19:41:40,438] {processor.py:171} INFO - Processing /home/airflow/.local/lib/python3.7/site-packages/airflow/example_dags/example_trigger_target_dag.py took 0.181 seconds
[2022-02-05 19:42:10,542] {processor.py:163} INFO - Started process (PID=2439) to work on /home/airflow/.local/lib/python3.7/site-packages/airflow/example_dags/example_trigger_target_dag.py
[2022-02-05 19:42:10,544] {processor.py:642} INFO - Processing file /home/airflow/.local/lib/python3.7/site-packages/airflow/example_dags/example_trigger_target_dag.py for tasks to queue
[2022-02-05 19:42:10,546] {logging_mixin.py:109} INFO - [2022-02-05 19:42:10,545] {dagbag.py:500} INFO - Filling up the DagBag from /home/airflow/.local/lib/python3.7/site-packages/airflow/example_dags/example_trigger_target_dag.py
[2022-02-05 19:42:10,692] {processor.py:654} INFO - DAG(s) dict_keys(['example_trigger_target_dag']) retrieved from /home/airflow/.local/lib/python3.7/site-packages/airflow/example_dags/example_trigger_target_dag.py
[2022-02-05 19:42:10,710] {logging_mixin.py:109} INFO - [2022-02-05 19:42:10,710] {dag.py:2396} INFO - Sync 1 DAGs
[2022-02-05 19:42:10,733] {logging_mixin.py:109} INFO - [2022-02-05 19:42:10,733] {dag.py:2935} INFO - Setting next_dagrun for example_trigger_target_dag to None
[2022-02-05 19:42:10,747] {processor.py:171} INFO - Processing /home/airflow/.local/lib/python3.7/site-packages/airflow/example_dags/example_trigger_target_dag.py took 0.211 seconds
[2022-02-05 19:42:41,513] {processor.py:163} INFO - Started process (PID=2502) to work on /home/airflow/.local/lib/python3.7/site-packages/airflow/example_dags/example_trigger_target_dag.py
[2022-02-05 19:42:41,514] {processor.py:642} INFO - Processing file /home/airflow/.local/lib/python3.7/site-packages/airflow/example_dags/example_trigger_target_dag.py for tasks to queue
[2022-02-05 19:42:41,515] {logging_mixin.py:109} INFO - [2022-02-05 19:42:41,515] {dagbag.py:500} INFO - Filling up the DagBag from /home/airflow/.local/lib/python3.7/site-packages/airflow/example_dags/example_trigger_target_dag.py
[2022-02-05 19:42:41,653] {processor.py:654} INFO - DAG(s) dict_keys(['example_trigger_target_dag']) retrieved from /home/airflow/.local/lib/python3.7/site-packages/airflow/example_dags/example_trigger_target_dag.py
[2022-02-05 19:42:41,664] {logging_mixin.py:109} INFO - [2022-02-05 19:42:41,664] {dag.py:2396} INFO - Sync 1 DAGs
[2022-02-05 19:42:41,684] {logging_mixin.py:109} INFO - [2022-02-05 19:42:41,683] {dag.py:2935} INFO - Setting next_dagrun for example_trigger_target_dag to None
[2022-02-05 19:42:41,696] {processor.py:171} INFO - Processing /home/airflow/.local/lib/python3.7/site-packages/airflow/example_dags/example_trigger_target_dag.py took 0.187 seconds
[2022-02-05 19:43:12,140] {processor.py:163} INFO - Started process (PID=2554) to work on /home/airflow/.local/lib/python3.7/site-packages/airflow/example_dags/example_trigger_target_dag.py
[2022-02-05 19:43:12,141] {processor.py:642} INFO - Processing file /home/airflow/.local/lib/python3.7/site-packages/airflow/example_dags/example_trigger_target_dag.py for tasks to queue
[2022-02-05 19:43:12,142] {logging_mixin.py:109} INFO - [2022-02-05 19:43:12,142] {dagbag.py:500} INFO - Filling up the DagBag from /home/airflow/.local/lib/python3.7/site-packages/airflow/example_dags/example_trigger_target_dag.py
[2022-02-05 19:43:12,272] {processor.py:654} INFO - DAG(s) dict_keys(['example_trigger_target_dag']) retrieved from /home/airflow/.local/lib/python3.7/site-packages/airflow/example_dags/example_trigger_target_dag.py
[2022-02-05 19:43:12,279] {logging_mixin.py:109} INFO - [2022-02-05 19:43:12,279] {dag.py:2396} INFO - Sync 1 DAGs
[2022-02-05 19:43:12,293] {logging_mixin.py:109} INFO - [2022-02-05 19:43:12,293] {dag.py:2935} INFO - Setting next_dagrun for example_trigger_target_dag to None
[2022-02-05 19:43:12,303] {processor.py:171} INFO - Processing /home/airflow/.local/lib/python3.7/site-packages/airflow/example_dags/example_trigger_target_dag.py took 0.166 seconds
[2022-02-05 19:43:42,832] {processor.py:163} INFO - Started process (PID=2618) to work on /home/airflow/.local/lib/python3.7/site-packages/airflow/example_dags/example_trigger_target_dag.py
[2022-02-05 19:43:42,833] {processor.py:642} INFO - Processing file /home/airflow/.local/lib/python3.7/site-packages/airflow/example_dags/example_trigger_target_dag.py for tasks to queue
[2022-02-05 19:43:42,834] {logging_mixin.py:109} INFO - [2022-02-05 19:43:42,834] {dagbag.py:500} INFO - Filling up the DagBag from /home/airflow/.local/lib/python3.7/site-packages/airflow/example_dags/example_trigger_target_dag.py
[2022-02-05 19:43:42,936] {processor.py:654} INFO - DAG(s) dict_keys(['example_trigger_target_dag']) retrieved from /home/airflow/.local/lib/python3.7/site-packages/airflow/example_dags/example_trigger_target_dag.py
[2022-02-05 19:43:42,943] {logging_mixin.py:109} INFO - [2022-02-05 19:43:42,943] {dag.py:2396} INFO - Sync 1 DAGs
[2022-02-05 19:43:42,956] {logging_mixin.py:109} INFO - [2022-02-05 19:43:42,955] {dag.py:2935} INFO - Setting next_dagrun for example_trigger_target_dag to None
[2022-02-05 19:43:42,966] {processor.py:171} INFO - Processing /home/airflow/.local/lib/python3.7/site-packages/airflow/example_dags/example_trigger_target_dag.py took 0.137 seconds
[2022-02-05 19:44:13,263] {processor.py:163} INFO - Started process (PID=2675) to work on /home/airflow/.local/lib/python3.7/site-packages/airflow/example_dags/example_trigger_target_dag.py
[2022-02-05 19:44:13,263] {processor.py:642} INFO - Processing file /home/airflow/.local/lib/python3.7/site-packages/airflow/example_dags/example_trigger_target_dag.py for tasks to queue
[2022-02-05 19:44:13,264] {logging_mixin.py:109} INFO - [2022-02-05 19:44:13,264] {dagbag.py:500} INFO - Filling up the DagBag from /home/airflow/.local/lib/python3.7/site-packages/airflow/example_dags/example_trigger_target_dag.py
[2022-02-05 19:44:13,360] {processor.py:654} INFO - DAG(s) dict_keys(['example_trigger_target_dag']) retrieved from /home/airflow/.local/lib/python3.7/site-packages/airflow/example_dags/example_trigger_target_dag.py
[2022-02-05 19:44:13,367] {logging_mixin.py:109} INFO - [2022-02-05 19:44:13,367] {dag.py:2396} INFO - Sync 1 DAGs
[2022-02-05 19:44:13,378] {logging_mixin.py:109} INFO - [2022-02-05 19:44:13,378] {dag.py:2935} INFO - Setting next_dagrun for example_trigger_target_dag to None
[2022-02-05 19:44:13,387] {processor.py:171} INFO - Processing /home/airflow/.local/lib/python3.7/site-packages/airflow/example_dags/example_trigger_target_dag.py took 0.127 seconds
[2022-02-05 19:44:43,571] {processor.py:163} INFO - Started process (PID=2737) to work on /home/airflow/.local/lib/python3.7/site-packages/airflow/example_dags/example_trigger_target_dag.py
[2022-02-05 19:44:43,573] {processor.py:642} INFO - Processing file /home/airflow/.local/lib/python3.7/site-packages/airflow/example_dags/example_trigger_target_dag.py for tasks to queue
[2022-02-05 19:44:43,573] {logging_mixin.py:109} INFO - [2022-02-05 19:44:43,573] {dagbag.py:500} INFO - Filling up the DagBag from /home/airflow/.local/lib/python3.7/site-packages/airflow/example_dags/example_trigger_target_dag.py
[2022-02-05 19:44:43,602] {processor.py:654} INFO - DAG(s) dict_keys(['example_trigger_target_dag']) retrieved from /home/airflow/.local/lib/python3.7/site-packages/airflow/example_dags/example_trigger_target_dag.py
[2022-02-05 19:44:43,611] {logging_mixin.py:109} INFO - [2022-02-05 19:44:43,611] {dag.py:2396} INFO - Sync 1 DAGs
[2022-02-05 19:44:43,627] {logging_mixin.py:109} INFO - [2022-02-05 19:44:43,627] {dag.py:2935} INFO - Setting next_dagrun for example_trigger_target_dag to None
[2022-02-05 19:44:43,637] {processor.py:171} INFO - Processing /home/airflow/.local/lib/python3.7/site-packages/airflow/example_dags/example_trigger_target_dag.py took 0.069 seconds
[2022-02-05 19:45:14,414] {processor.py:163} INFO - Started process (PID=2789) to work on /home/airflow/.local/lib/python3.7/site-packages/airflow/example_dags/example_trigger_target_dag.py
[2022-02-05 19:45:14,416] {processor.py:642} INFO - Processing file /home/airflow/.local/lib/python3.7/site-packages/airflow/example_dags/example_trigger_target_dag.py for tasks to queue
[2022-02-05 19:45:14,416] {logging_mixin.py:109} INFO - [2022-02-05 19:45:14,416] {dagbag.py:500} INFO - Filling up the DagBag from /home/airflow/.local/lib/python3.7/site-packages/airflow/example_dags/example_trigger_target_dag.py
[2022-02-05 19:45:14,442] {processor.py:654} INFO - DAG(s) dict_keys(['example_trigger_target_dag']) retrieved from /home/airflow/.local/lib/python3.7/site-packages/airflow/example_dags/example_trigger_target_dag.py
[2022-02-05 19:45:14,449] {logging_mixin.py:109} INFO - [2022-02-05 19:45:14,449] {dag.py:2396} INFO - Sync 1 DAGs
[2022-02-05 19:45:14,462] {logging_mixin.py:109} INFO - [2022-02-05 19:45:14,462] {dag.py:2935} INFO - Setting next_dagrun for example_trigger_target_dag to None
[2022-02-05 19:45:14,471] {processor.py:171} INFO - Processing /home/airflow/.local/lib/python3.7/site-packages/airflow/example_dags/example_trigger_target_dag.py took 0.059 seconds
[2022-02-05 19:45:45,328] {processor.py:163} INFO - Started process (PID=2852) to work on /home/airflow/.local/lib/python3.7/site-packages/airflow/example_dags/example_trigger_target_dag.py
[2022-02-05 19:45:45,329] {processor.py:642} INFO - Processing file /home/airflow/.local/lib/python3.7/site-packages/airflow/example_dags/example_trigger_target_dag.py for tasks to queue
[2022-02-05 19:45:45,330] {logging_mixin.py:109} INFO - [2022-02-05 19:45:45,329] {dagbag.py:500} INFO - Filling up the DagBag from /home/airflow/.local/lib/python3.7/site-packages/airflow/example_dags/example_trigger_target_dag.py
[2022-02-05 19:45:45,356] {processor.py:654} INFO - DAG(s) dict_keys(['example_trigger_target_dag']) retrieved from /home/airflow/.local/lib/python3.7/site-packages/airflow/example_dags/example_trigger_target_dag.py
[2022-02-05 19:45:45,365] {logging_mixin.py:109} INFO - [2022-02-05 19:45:45,365] {dag.py:2396} INFO - Sync 1 DAGs
[2022-02-05 19:45:45,378] {logging_mixin.py:109} INFO - [2022-02-05 19:45:45,378] {dag.py:2935} INFO - Setting next_dagrun for example_trigger_target_dag to None
[2022-02-05 19:45:45,388] {processor.py:171} INFO - Processing /home/airflow/.local/lib/python3.7/site-packages/airflow/example_dags/example_trigger_target_dag.py took 0.062 seconds
[2022-02-05 19:46:16,170] {processor.py:163} INFO - Started process (PID=2914) to work on /home/airflow/.local/lib/python3.7/site-packages/airflow/example_dags/example_trigger_target_dag.py
[2022-02-05 19:46:16,172] {processor.py:642} INFO - Processing file /home/airflow/.local/lib/python3.7/site-packages/airflow/example_dags/example_trigger_target_dag.py for tasks to queue
[2022-02-05 19:46:16,173] {logging_mixin.py:109} INFO - [2022-02-05 19:46:16,172] {dagbag.py:500} INFO - Filling up the DagBag from /home/airflow/.local/lib/python3.7/site-packages/airflow/example_dags/example_trigger_target_dag.py
[2022-02-05 19:46:16,209] {processor.py:654} INFO - DAG(s) dict_keys(['example_trigger_target_dag']) retrieved from /home/airflow/.local/lib/python3.7/site-packages/airflow/example_dags/example_trigger_target_dag.py
[2022-02-05 19:46:16,220] {logging_mixin.py:109} INFO - [2022-02-05 19:46:16,220] {dag.py:2396} INFO - Sync 1 DAGs
[2022-02-05 19:46:16,236] {logging_mixin.py:109} INFO - [2022-02-05 19:46:16,236] {dag.py:2935} INFO - Setting next_dagrun for example_trigger_target_dag to None
[2022-02-05 19:46:16,246] {processor.py:171} INFO - Processing /home/airflow/.local/lib/python3.7/site-packages/airflow/example_dags/example_trigger_target_dag.py took 0.080 seconds
[2022-02-05 19:46:46,887] {processor.py:163} INFO - Started process (PID=2966) to work on /home/airflow/.local/lib/python3.7/site-packages/airflow/example_dags/example_trigger_target_dag.py
[2022-02-05 19:46:46,888] {processor.py:642} INFO - Processing file /home/airflow/.local/lib/python3.7/site-packages/airflow/example_dags/example_trigger_target_dag.py for tasks to queue
[2022-02-05 19:46:46,888] {logging_mixin.py:109} INFO - [2022-02-05 19:46:46,888] {dagbag.py:500} INFO - Filling up the DagBag from /home/airflow/.local/lib/python3.7/site-packages/airflow/example_dags/example_trigger_target_dag.py
[2022-02-05 19:46:46,914] {processor.py:654} INFO - DAG(s) dict_keys(['example_trigger_target_dag']) retrieved from /home/airflow/.local/lib/python3.7/site-packages/airflow/example_dags/example_trigger_target_dag.py
[2022-02-05 19:46:46,922] {logging_mixin.py:109} INFO - [2022-02-05 19:46:46,922] {dag.py:2396} INFO - Sync 1 DAGs
[2022-02-05 19:46:46,935] {logging_mixin.py:109} INFO - [2022-02-05 19:46:46,935] {dag.py:2935} INFO - Setting next_dagrun for example_trigger_target_dag to None
[2022-02-05 19:46:46,943] {processor.py:171} INFO - Processing /home/airflow/.local/lib/python3.7/site-packages/airflow/example_dags/example_trigger_target_dag.py took 0.059 seconds
[2022-02-05 19:47:17,748] {processor.py:163} INFO - Started process (PID=3027) to work on /home/airflow/.local/lib/python3.7/site-packages/airflow/example_dags/example_trigger_target_dag.py
[2022-02-05 19:47:17,750] {processor.py:642} INFO - Processing file /home/airflow/.local/lib/python3.7/site-packages/airflow/example_dags/example_trigger_target_dag.py for tasks to queue
[2022-02-05 19:47:17,751] {logging_mixin.py:109} INFO - [2022-02-05 19:47:17,751] {dagbag.py:500} INFO - Filling up the DagBag from /home/airflow/.local/lib/python3.7/site-packages/airflow/example_dags/example_trigger_target_dag.py
[2022-02-05 19:47:17,793] {processor.py:654} INFO - DAG(s) dict_keys(['example_trigger_target_dag']) retrieved from /home/airflow/.local/lib/python3.7/site-packages/airflow/example_dags/example_trigger_target_dag.py
[2022-02-05 19:47:17,806] {logging_mixin.py:109} INFO - [2022-02-05 19:47:17,806] {dag.py:2396} INFO - Sync 1 DAGs
[2022-02-05 19:47:17,828] {logging_mixin.py:109} INFO - [2022-02-05 19:47:17,828] {dag.py:2935} INFO - Setting next_dagrun for example_trigger_target_dag to None
[2022-02-05 19:47:17,841] {processor.py:171} INFO - Processing /home/airflow/.local/lib/python3.7/site-packages/airflow/example_dags/example_trigger_target_dag.py took 0.098 seconds
[2022-02-05 19:47:48,597] {processor.py:163} INFO - Started process (PID=3079) to work on /home/airflow/.local/lib/python3.7/site-packages/airflow/example_dags/example_trigger_target_dag.py
[2022-02-05 19:47:48,598] {processor.py:642} INFO - Processing file /home/airflow/.local/lib/python3.7/site-packages/airflow/example_dags/example_trigger_target_dag.py for tasks to queue
[2022-02-05 19:47:48,598] {logging_mixin.py:109} INFO - [2022-02-05 19:47:48,598] {dagbag.py:500} INFO - Filling up the DagBag from /home/airflow/.local/lib/python3.7/site-packages/airflow/example_dags/example_trigger_target_dag.py
[2022-02-05 19:47:48,623] {processor.py:654} INFO - DAG(s) dict_keys(['example_trigger_target_dag']) retrieved from /home/airflow/.local/lib/python3.7/site-packages/airflow/example_dags/example_trigger_target_dag.py
[2022-02-05 19:47:48,632] {logging_mixin.py:109} INFO - [2022-02-05 19:47:48,632] {dag.py:2396} INFO - Sync 1 DAGs
[2022-02-05 19:47:48,648] {logging_mixin.py:109} INFO - [2022-02-05 19:47:48,648] {dag.py:2935} INFO - Setting next_dagrun for example_trigger_target_dag to None
[2022-02-05 19:47:48,656] {processor.py:171} INFO - Processing /home/airflow/.local/lib/python3.7/site-packages/airflow/example_dags/example_trigger_target_dag.py took 0.062 seconds
[2022-02-05 19:48:19,245] {processor.py:163} INFO - Started process (PID=3142) to work on /home/airflow/.local/lib/python3.7/site-packages/airflow/example_dags/example_trigger_target_dag.py
[2022-02-05 19:48:19,247] {processor.py:642} INFO - Processing file /home/airflow/.local/lib/python3.7/site-packages/airflow/example_dags/example_trigger_target_dag.py for tasks to queue
[2022-02-05 19:48:19,248] {logging_mixin.py:109} INFO - [2022-02-05 19:48:19,248] {dagbag.py:500} INFO - Filling up the DagBag from /home/airflow/.local/lib/python3.7/site-packages/airflow/example_dags/example_trigger_target_dag.py
[2022-02-05 19:48:19,293] {processor.py:654} INFO - DAG(s) dict_keys(['example_trigger_target_dag']) retrieved from /home/airflow/.local/lib/python3.7/site-packages/airflow/example_dags/example_trigger_target_dag.py
[2022-02-05 19:48:19,308] {logging_mixin.py:109} INFO - [2022-02-05 19:48:19,307] {dag.py:2396} INFO - Sync 1 DAGs
[2022-02-05 19:48:19,334] {logging_mixin.py:109} INFO - [2022-02-05 19:48:19,334] {dag.py:2935} INFO - Setting next_dagrun for example_trigger_target_dag to None
[2022-02-05 19:48:19,349] {processor.py:171} INFO - Processing /home/airflow/.local/lib/python3.7/site-packages/airflow/example_dags/example_trigger_target_dag.py took 0.108 seconds
[2022-02-05 19:48:50,367] {processor.py:163} INFO - Started process (PID=3195) to work on /home/airflow/.local/lib/python3.7/site-packages/airflow/example_dags/example_trigger_target_dag.py
[2022-02-05 19:48:50,370] {processor.py:642} INFO - Processing file /home/airflow/.local/lib/python3.7/site-packages/airflow/example_dags/example_trigger_target_dag.py for tasks to queue
[2022-02-05 19:48:50,372] {logging_mixin.py:109} INFO - [2022-02-05 19:48:50,371] {dagbag.py:500} INFO - Filling up the DagBag from /home/airflow/.local/lib/python3.7/site-packages/airflow/example_dags/example_trigger_target_dag.py
[2022-02-05 19:48:50,431] {processor.py:654} INFO - DAG(s) dict_keys(['example_trigger_target_dag']) retrieved from /home/airflow/.local/lib/python3.7/site-packages/airflow/example_dags/example_trigger_target_dag.py
[2022-02-05 19:48:50,452] {logging_mixin.py:109} INFO - [2022-02-05 19:48:50,452] {dag.py:2396} INFO - Sync 1 DAGs
[2022-02-05 19:48:50,478] {logging_mixin.py:109} INFO - [2022-02-05 19:48:50,478] {dag.py:2935} INFO - Setting next_dagrun for example_trigger_target_dag to None
[2022-02-05 19:48:50,493] {processor.py:171} INFO - Processing /home/airflow/.local/lib/python3.7/site-packages/airflow/example_dags/example_trigger_target_dag.py took 0.134 seconds
[2022-02-05 19:49:21,275] {processor.py:163} INFO - Started process (PID=3260) to work on /home/airflow/.local/lib/python3.7/site-packages/airflow/example_dags/example_trigger_target_dag.py
[2022-02-05 19:49:21,277] {processor.py:642} INFO - Processing file /home/airflow/.local/lib/python3.7/site-packages/airflow/example_dags/example_trigger_target_dag.py for tasks to queue
[2022-02-05 19:49:21,277] {logging_mixin.py:109} INFO - [2022-02-05 19:49:21,277] {dagbag.py:500} INFO - Filling up the DagBag from /home/airflow/.local/lib/python3.7/site-packages/airflow/example_dags/example_trigger_target_dag.py
[2022-02-05 19:49:21,311] {processor.py:654} INFO - DAG(s) dict_keys(['example_trigger_target_dag']) retrieved from /home/airflow/.local/lib/python3.7/site-packages/airflow/example_dags/example_trigger_target_dag.py
[2022-02-05 19:49:21,321] {logging_mixin.py:109} INFO - [2022-02-05 19:49:21,321] {dag.py:2396} INFO - Sync 1 DAGs
[2022-02-05 19:49:21,337] {logging_mixin.py:109} INFO - [2022-02-05 19:49:21,337] {dag.py:2935} INFO - Setting next_dagrun for example_trigger_target_dag to None
[2022-02-05 19:49:21,347] {processor.py:171} INFO - Processing /home/airflow/.local/lib/python3.7/site-packages/airflow/example_dags/example_trigger_target_dag.py took 0.075 seconds
[2022-02-05 19:49:51,656] {processor.py:163} INFO - Started process (PID=3313) to work on /home/airflow/.local/lib/python3.7/site-packages/airflow/example_dags/example_trigger_target_dag.py
[2022-02-05 19:49:51,658] {processor.py:642} INFO - Processing file /home/airflow/.local/lib/python3.7/site-packages/airflow/example_dags/example_trigger_target_dag.py for tasks to queue
[2022-02-05 19:49:51,658] {logging_mixin.py:109} INFO - [2022-02-05 19:49:51,658] {dagbag.py:500} INFO - Filling up the DagBag from /home/airflow/.local/lib/python3.7/site-packages/airflow/example_dags/example_trigger_target_dag.py
[2022-02-05 19:49:51,684] {processor.py:654} INFO - DAG(s) dict_keys(['example_trigger_target_dag']) retrieved from /home/airflow/.local/lib/python3.7/site-packages/airflow/example_dags/example_trigger_target_dag.py
[2022-02-05 19:49:51,693] {logging_mixin.py:109} INFO - [2022-02-05 19:49:51,693] {dag.py:2396} INFO - Sync 1 DAGs
[2022-02-05 19:49:51,706] {logging_mixin.py:109} INFO - [2022-02-05 19:49:51,706] {dag.py:2935} INFO - Setting next_dagrun for example_trigger_target_dag to None
[2022-02-05 19:49:51,715] {processor.py:171} INFO - Processing /home/airflow/.local/lib/python3.7/site-packages/airflow/example_dags/example_trigger_target_dag.py took 0.061 seconds
[2022-02-05 19:50:22,541] {processor.py:163} INFO - Started process (PID=3375) to work on /home/airflow/.local/lib/python3.7/site-packages/airflow/example_dags/example_trigger_target_dag.py
[2022-02-05 19:50:22,542] {processor.py:642} INFO - Processing file /home/airflow/.local/lib/python3.7/site-packages/airflow/example_dags/example_trigger_target_dag.py for tasks to queue
[2022-02-05 19:50:22,542] {logging_mixin.py:109} INFO - [2022-02-05 19:50:22,542] {dagbag.py:500} INFO - Filling up the DagBag from /home/airflow/.local/lib/python3.7/site-packages/airflow/example_dags/example_trigger_target_dag.py
[2022-02-05 19:50:22,571] {processor.py:654} INFO - DAG(s) dict_keys(['example_trigger_target_dag']) retrieved from /home/airflow/.local/lib/python3.7/site-packages/airflow/example_dags/example_trigger_target_dag.py
[2022-02-05 19:50:22,580] {logging_mixin.py:109} INFO - [2022-02-05 19:50:22,580] {dag.py:2396} INFO - Sync 1 DAGs
[2022-02-05 19:50:22,596] {logging_mixin.py:109} INFO - [2022-02-05 19:50:22,595] {dag.py:2935} INFO - Setting next_dagrun for example_trigger_target_dag to None
[2022-02-05 19:50:22,604] {processor.py:171} INFO - Processing /home/airflow/.local/lib/python3.7/site-packages/airflow/example_dags/example_trigger_target_dag.py took 0.067 seconds
