[2022-02-05 19:21:02,528] {processor.py:163} INFO - Started process (PID=49) to work on /home/airflow/.local/lib/python3.7/site-packages/airflow/example_dags/example_skip_dag.py
[2022-02-05 19:21:02,529] {processor.py:642} INFO - Processing file /home/airflow/.local/lib/python3.7/site-packages/airflow/example_dags/example_skip_dag.py for tasks to queue
[2022-02-05 19:21:02,530] {logging_mixin.py:109} INFO - [2022-02-05 19:21:02,530] {dagbag.py:500} INFO - Filling up the DagBag from /home/airflow/.local/lib/python3.7/site-packages/airflow/example_dags/example_skip_dag.py
[2022-02-05 19:21:02,566] {processor.py:654} INFO - DAG(s) dict_keys(['example_skip_dag']) retrieved from /home/airflow/.local/lib/python3.7/site-packages/airflow/example_dags/example_skip_dag.py
[2022-02-05 19:21:02,580] {logging_mixin.py:109} INFO - [2022-02-05 19:21:02,580] {dag.py:2396} INFO - Sync 1 DAGs
[2022-02-05 19:21:02,601] {logging_mixin.py:109} INFO - [2022-02-05 19:21:02,601] {dag.py:2935} INFO - Setting next_dagrun for example_skip_dag to 2022-02-04T19:21:02.601202+00:00
[2022-02-05 19:21:02,624] {processor.py:171} INFO - Processing /home/airflow/.local/lib/python3.7/site-packages/airflow/example_dags/example_skip_dag.py took 0.100 seconds
[2022-02-05 19:21:33,622] {processor.py:163} INFO - Started process (PID=109) to work on /home/airflow/.local/lib/python3.7/site-packages/airflow/example_dags/example_skip_dag.py
[2022-02-05 19:21:33,624] {processor.py:642} INFO - Processing file /home/airflow/.local/lib/python3.7/site-packages/airflow/example_dags/example_skip_dag.py for tasks to queue
[2022-02-05 19:21:33,626] {logging_mixin.py:109} INFO - [2022-02-05 19:21:33,626] {dagbag.py:500} INFO - Filling up the DagBag from /home/airflow/.local/lib/python3.7/site-packages/airflow/example_dags/example_skip_dag.py
[2022-02-05 19:21:33,677] {processor.py:654} INFO - DAG(s) dict_keys(['example_skip_dag']) retrieved from /home/airflow/.local/lib/python3.7/site-packages/airflow/example_dags/example_skip_dag.py
[2022-02-05 19:21:33,696] {logging_mixin.py:109} INFO - [2022-02-05 19:21:33,696] {dag.py:2396} INFO - Sync 1 DAGs
[2022-02-05 19:21:33,717] {logging_mixin.py:109} INFO - [2022-02-05 19:21:33,717] {dag.py:2935} INFO - Setting next_dagrun for example_skip_dag to 2022-02-04T19:21:33.717387+00:00
[2022-02-05 19:21:33,729] {processor.py:171} INFO - Processing /home/airflow/.local/lib/python3.7/site-packages/airflow/example_dags/example_skip_dag.py took 0.111 seconds
[2022-02-05 19:22:05,909] {processor.py:163} INFO - Started process (PID=162) to work on /home/airflow/.local/lib/python3.7/site-packages/airflow/example_dags/example_skip_dag.py
[2022-02-05 19:22:05,923] {processor.py:642} INFO - Processing file /home/airflow/.local/lib/python3.7/site-packages/airflow/example_dags/example_skip_dag.py for tasks to queue
[2022-02-05 19:22:05,928] {logging_mixin.py:109} INFO - [2022-02-05 19:22:05,928] {dagbag.py:500} INFO - Filling up the DagBag from /home/airflow/.local/lib/python3.7/site-packages/airflow/example_dags/example_skip_dag.py
[2022-02-05 19:22:06,027] {processor.py:654} INFO - DAG(s) dict_keys(['example_skip_dag']) retrieved from /home/airflow/.local/lib/python3.7/site-packages/airflow/example_dags/example_skip_dag.py
[2022-02-05 19:22:06,054] {logging_mixin.py:109} INFO - [2022-02-05 19:22:06,054] {dag.py:2396} INFO - Sync 1 DAGs
[2022-02-05 19:22:06,096] {logging_mixin.py:109} INFO - [2022-02-05 19:22:06,096] {dag.py:2935} INFO - Setting next_dagrun for example_skip_dag to 2022-02-04T19:22:06.095567+00:00
[2022-02-05 19:22:06,119] {processor.py:171} INFO - Processing /home/airflow/.local/lib/python3.7/site-packages/airflow/example_dags/example_skip_dag.py took 0.219 seconds
[2022-02-05 19:22:36,632] {processor.py:163} INFO - Started process (PID=219) to work on /home/airflow/.local/lib/python3.7/site-packages/airflow/example_dags/example_skip_dag.py
[2022-02-05 19:22:36,633] {processor.py:642} INFO - Processing file /home/airflow/.local/lib/python3.7/site-packages/airflow/example_dags/example_skip_dag.py for tasks to queue
[2022-02-05 19:22:36,634] {logging_mixin.py:109} INFO - [2022-02-05 19:22:36,634] {dagbag.py:500} INFO - Filling up the DagBag from /home/airflow/.local/lib/python3.7/site-packages/airflow/example_dags/example_skip_dag.py
[2022-02-05 19:22:36,662] {processor.py:654} INFO - DAG(s) dict_keys(['example_skip_dag']) retrieved from /home/airflow/.local/lib/python3.7/site-packages/airflow/example_dags/example_skip_dag.py
[2022-02-05 19:22:36,675] {logging_mixin.py:109} INFO - [2022-02-05 19:22:36,675] {dag.py:2396} INFO - Sync 1 DAGs
[2022-02-05 19:22:36,696] {logging_mixin.py:109} INFO - [2022-02-05 19:22:36,696] {dag.py:2935} INFO - Setting next_dagrun for example_skip_dag to 2022-02-04T19:22:36.696094+00:00
[2022-02-05 19:22:36,710] {processor.py:171} INFO - Processing /home/airflow/.local/lib/python3.7/site-packages/airflow/example_dags/example_skip_dag.py took 0.083 seconds
[2022-02-05 19:23:07,370] {processor.py:163} INFO - Started process (PID=281) to work on /home/airflow/.local/lib/python3.7/site-packages/airflow/example_dags/example_skip_dag.py
[2022-02-05 19:23:07,371] {processor.py:642} INFO - Processing file /home/airflow/.local/lib/python3.7/site-packages/airflow/example_dags/example_skip_dag.py for tasks to queue
[2022-02-05 19:23:07,372] {logging_mixin.py:109} INFO - [2022-02-05 19:23:07,372] {dagbag.py:500} INFO - Filling up the DagBag from /home/airflow/.local/lib/python3.7/site-packages/airflow/example_dags/example_skip_dag.py
[2022-02-05 19:23:07,405] {processor.py:654} INFO - DAG(s) dict_keys(['example_skip_dag']) retrieved from /home/airflow/.local/lib/python3.7/site-packages/airflow/example_dags/example_skip_dag.py
[2022-02-05 19:23:07,419] {logging_mixin.py:109} INFO - [2022-02-05 19:23:07,419] {dag.py:2396} INFO - Sync 1 DAGs
[2022-02-05 19:23:07,439] {logging_mixin.py:109} INFO - [2022-02-05 19:23:07,439] {dag.py:2935} INFO - Setting next_dagrun for example_skip_dag to 2022-02-04T19:23:07.439452+00:00
[2022-02-05 19:23:07,453] {processor.py:171} INFO - Processing /home/airflow/.local/lib/python3.7/site-packages/airflow/example_dags/example_skip_dag.py took 0.087 seconds
[2022-02-05 19:23:38,173] {processor.py:163} INFO - Started process (PID=334) to work on /home/airflow/.local/lib/python3.7/site-packages/airflow/example_dags/example_skip_dag.py
[2022-02-05 19:23:38,175] {processor.py:642} INFO - Processing file /home/airflow/.local/lib/python3.7/site-packages/airflow/example_dags/example_skip_dag.py for tasks to queue
[2022-02-05 19:23:38,175] {logging_mixin.py:109} INFO - [2022-02-05 19:23:38,175] {dagbag.py:500} INFO - Filling up the DagBag from /home/airflow/.local/lib/python3.7/site-packages/airflow/example_dags/example_skip_dag.py
[2022-02-05 19:23:38,202] {processor.py:654} INFO - DAG(s) dict_keys(['example_skip_dag']) retrieved from /home/airflow/.local/lib/python3.7/site-packages/airflow/example_dags/example_skip_dag.py
[2022-02-05 19:23:38,215] {logging_mixin.py:109} INFO - [2022-02-05 19:23:38,215] {dag.py:2396} INFO - Sync 1 DAGs
[2022-02-05 19:23:38,244] {logging_mixin.py:109} INFO - [2022-02-05 19:23:38,244] {dag.py:2935} INFO - Setting next_dagrun for example_skip_dag to 2022-02-04T19:23:38.244381+00:00
[2022-02-05 19:23:38,261] {processor.py:171} INFO - Processing /home/airflow/.local/lib/python3.7/site-packages/airflow/example_dags/example_skip_dag.py took 0.092 seconds
[2022-02-05 19:24:08,888] {processor.py:163} INFO - Started process (PID=397) to work on /home/airflow/.local/lib/python3.7/site-packages/airflow/example_dags/example_skip_dag.py
[2022-02-05 19:24:08,889] {processor.py:642} INFO - Processing file /home/airflow/.local/lib/python3.7/site-packages/airflow/example_dags/example_skip_dag.py for tasks to queue
[2022-02-05 19:24:08,890] {logging_mixin.py:109} INFO - [2022-02-05 19:24:08,890] {dagbag.py:500} INFO - Filling up the DagBag from /home/airflow/.local/lib/python3.7/site-packages/airflow/example_dags/example_skip_dag.py
[2022-02-05 19:24:08,930] {processor.py:654} INFO - DAG(s) dict_keys(['example_skip_dag']) retrieved from /home/airflow/.local/lib/python3.7/site-packages/airflow/example_dags/example_skip_dag.py
[2022-02-05 19:24:08,944] {logging_mixin.py:109} INFO - [2022-02-05 19:24:08,944] {dag.py:2396} INFO - Sync 1 DAGs
[2022-02-05 19:24:08,965] {logging_mixin.py:109} INFO - [2022-02-05 19:24:08,964] {dag.py:2935} INFO - Setting next_dagrun for example_skip_dag to 2022-02-04T19:24:08.964465+00:00
[2022-02-05 19:24:08,979] {processor.py:171} INFO - Processing /home/airflow/.local/lib/python3.7/site-packages/airflow/example_dags/example_skip_dag.py took 0.096 seconds
[2022-02-05 19:24:39,269] {processor.py:163} INFO - Started process (PID=449) to work on /home/airflow/.local/lib/python3.7/site-packages/airflow/example_dags/example_skip_dag.py
[2022-02-05 19:24:39,270] {processor.py:642} INFO - Processing file /home/airflow/.local/lib/python3.7/site-packages/airflow/example_dags/example_skip_dag.py for tasks to queue
[2022-02-05 19:24:39,271] {logging_mixin.py:109} INFO - [2022-02-05 19:24:39,271] {dagbag.py:500} INFO - Filling up the DagBag from /home/airflow/.local/lib/python3.7/site-packages/airflow/example_dags/example_skip_dag.py
[2022-02-05 19:24:39,297] {processor.py:654} INFO - DAG(s) dict_keys(['example_skip_dag']) retrieved from /home/airflow/.local/lib/python3.7/site-packages/airflow/example_dags/example_skip_dag.py
[2022-02-05 19:24:39,308] {logging_mixin.py:109} INFO - [2022-02-05 19:24:39,308] {dag.py:2396} INFO - Sync 1 DAGs
[2022-02-05 19:24:39,323] {logging_mixin.py:109} INFO - [2022-02-05 19:24:39,323] {dag.py:2935} INFO - Setting next_dagrun for example_skip_dag to 2022-02-04T19:24:39.323286+00:00
[2022-02-05 19:24:39,334] {processor.py:171} INFO - Processing /home/airflow/.local/lib/python3.7/site-packages/airflow/example_dags/example_skip_dag.py took 0.068 seconds
[2022-02-05 19:25:10,302] {processor.py:163} INFO - Started process (PID=511) to work on /home/airflow/.local/lib/python3.7/site-packages/airflow/example_dags/example_skip_dag.py
[2022-02-05 19:25:10,304] {processor.py:642} INFO - Processing file /home/airflow/.local/lib/python3.7/site-packages/airflow/example_dags/example_skip_dag.py for tasks to queue
[2022-02-05 19:25:10,304] {logging_mixin.py:109} INFO - [2022-02-05 19:25:10,304] {dagbag.py:500} INFO - Filling up the DagBag from /home/airflow/.local/lib/python3.7/site-packages/airflow/example_dags/example_skip_dag.py
[2022-02-05 19:25:10,348] {processor.py:654} INFO - DAG(s) dict_keys(['example_skip_dag']) retrieved from /home/airflow/.local/lib/python3.7/site-packages/airflow/example_dags/example_skip_dag.py
[2022-02-05 19:25:10,365] {logging_mixin.py:109} INFO - [2022-02-05 19:25:10,365] {dag.py:2396} INFO - Sync 1 DAGs
[2022-02-05 19:25:10,400] {logging_mixin.py:109} INFO - [2022-02-05 19:25:10,400] {dag.py:2935} INFO - Setting next_dagrun for example_skip_dag to 2022-02-04T19:25:10.399841+00:00
[2022-02-05 19:25:10,419] {processor.py:171} INFO - Processing /home/airflow/.local/lib/python3.7/site-packages/airflow/example_dags/example_skip_dag.py took 0.121 seconds
[2022-02-05 19:25:41,895] {processor.py:163} INFO - Started process (PID=565) to work on /home/airflow/.local/lib/python3.7/site-packages/airflow/example_dags/example_skip_dag.py
[2022-02-05 19:25:41,897] {processor.py:642} INFO - Processing file /home/airflow/.local/lib/python3.7/site-packages/airflow/example_dags/example_skip_dag.py for tasks to queue
[2022-02-05 19:25:41,897] {logging_mixin.py:109} INFO - [2022-02-05 19:25:41,897] {dagbag.py:500} INFO - Filling up the DagBag from /home/airflow/.local/lib/python3.7/site-packages/airflow/example_dags/example_skip_dag.py
[2022-02-05 19:25:41,930] {processor.py:654} INFO - DAG(s) dict_keys(['example_skip_dag']) retrieved from /home/airflow/.local/lib/python3.7/site-packages/airflow/example_dags/example_skip_dag.py
[2022-02-05 19:25:41,944] {logging_mixin.py:109} INFO - [2022-02-05 19:25:41,944] {dag.py:2396} INFO - Sync 1 DAGs
[2022-02-05 19:25:41,965] {logging_mixin.py:109} INFO - [2022-02-05 19:25:41,965] {dag.py:2935} INFO - Setting next_dagrun for example_skip_dag to 2022-02-04T19:25:41.965173+00:00
[2022-02-05 19:25:41,977] {processor.py:171} INFO - Processing /home/airflow/.local/lib/python3.7/site-packages/airflow/example_dags/example_skip_dag.py took 0.086 seconds
[2022-02-05 19:26:13,168] {processor.py:163} INFO - Started process (PID=626) to work on /home/airflow/.local/lib/python3.7/site-packages/airflow/example_dags/example_skip_dag.py
[2022-02-05 19:26:13,174] {processor.py:642} INFO - Processing file /home/airflow/.local/lib/python3.7/site-packages/airflow/example_dags/example_skip_dag.py for tasks to queue
[2022-02-05 19:26:13,175] {logging_mixin.py:109} INFO - [2022-02-05 19:26:13,175] {dagbag.py:500} INFO - Filling up the DagBag from /home/airflow/.local/lib/python3.7/site-packages/airflow/example_dags/example_skip_dag.py
[2022-02-05 19:26:13,255] {processor.py:654} INFO - DAG(s) dict_keys(['example_skip_dag']) retrieved from /home/airflow/.local/lib/python3.7/site-packages/airflow/example_dags/example_skip_dag.py
[2022-02-05 19:26:13,277] {logging_mixin.py:109} INFO - [2022-02-05 19:26:13,277] {dag.py:2396} INFO - Sync 1 DAGs
[2022-02-05 19:26:13,302] {logging_mixin.py:109} INFO - [2022-02-05 19:26:13,302] {dag.py:2935} INFO - Setting next_dagrun for example_skip_dag to 2022-02-04T19:26:13.301685+00:00
[2022-02-05 19:26:13,320] {processor.py:171} INFO - Processing /home/airflow/.local/lib/python3.7/site-packages/airflow/example_dags/example_skip_dag.py took 0.177 seconds
[2022-02-05 19:26:43,721] {processor.py:163} INFO - Started process (PID=682) to work on /home/airflow/.local/lib/python3.7/site-packages/airflow/example_dags/example_skip_dag.py
[2022-02-05 19:26:43,722] {processor.py:642} INFO - Processing file /home/airflow/.local/lib/python3.7/site-packages/airflow/example_dags/example_skip_dag.py for tasks to queue
[2022-02-05 19:26:43,723] {logging_mixin.py:109} INFO - [2022-02-05 19:26:43,723] {dagbag.py:500} INFO - Filling up the DagBag from /home/airflow/.local/lib/python3.7/site-packages/airflow/example_dags/example_skip_dag.py
[2022-02-05 19:26:43,751] {processor.py:654} INFO - DAG(s) dict_keys(['example_skip_dag']) retrieved from /home/airflow/.local/lib/python3.7/site-packages/airflow/example_dags/example_skip_dag.py
[2022-02-05 19:26:43,762] {logging_mixin.py:109} INFO - [2022-02-05 19:26:43,762] {dag.py:2396} INFO - Sync 1 DAGs
[2022-02-05 19:26:43,780] {logging_mixin.py:109} INFO - [2022-02-05 19:26:43,779] {dag.py:2935} INFO - Setting next_dagrun for example_skip_dag to 2022-02-04T19:26:43.779462+00:00
[2022-02-05 19:26:43,818] {processor.py:171} INFO - Processing /home/airflow/.local/lib/python3.7/site-packages/airflow/example_dags/example_skip_dag.py took 0.100 seconds
[2022-02-05 19:27:14,074] {processor.py:163} INFO - Started process (PID=734) to work on /home/airflow/.local/lib/python3.7/site-packages/airflow/example_dags/example_skip_dag.py
[2022-02-05 19:27:14,075] {processor.py:642} INFO - Processing file /home/airflow/.local/lib/python3.7/site-packages/airflow/example_dags/example_skip_dag.py for tasks to queue
[2022-02-05 19:27:14,076] {logging_mixin.py:109} INFO - [2022-02-05 19:27:14,076] {dagbag.py:500} INFO - Filling up the DagBag from /home/airflow/.local/lib/python3.7/site-packages/airflow/example_dags/example_skip_dag.py
[2022-02-05 19:27:14,101] {processor.py:654} INFO - DAG(s) dict_keys(['example_skip_dag']) retrieved from /home/airflow/.local/lib/python3.7/site-packages/airflow/example_dags/example_skip_dag.py
[2022-02-05 19:27:14,116] {logging_mixin.py:109} INFO - [2022-02-05 19:27:14,116] {dag.py:2396} INFO - Sync 1 DAGs
[2022-02-05 19:27:14,129] {logging_mixin.py:109} INFO - [2022-02-05 19:27:14,129] {dag.py:2935} INFO - Setting next_dagrun for example_skip_dag to 2022-02-04T19:27:14.129558+00:00
[2022-02-05 19:27:14,138] {processor.py:171} INFO - Processing /home/airflow/.local/lib/python3.7/site-packages/airflow/example_dags/example_skip_dag.py took 0.066 seconds
[2022-02-05 19:27:44,452] {processor.py:163} INFO - Started process (PID=796) to work on /home/airflow/.local/lib/python3.7/site-packages/airflow/example_dags/example_skip_dag.py
[2022-02-05 19:27:44,453] {processor.py:642} INFO - Processing file /home/airflow/.local/lib/python3.7/site-packages/airflow/example_dags/example_skip_dag.py for tasks to queue
[2022-02-05 19:27:44,453] {logging_mixin.py:109} INFO - [2022-02-05 19:27:44,453] {dagbag.py:500} INFO - Filling up the DagBag from /home/airflow/.local/lib/python3.7/site-packages/airflow/example_dags/example_skip_dag.py
[2022-02-05 19:27:44,476] {processor.py:654} INFO - DAG(s) dict_keys(['example_skip_dag']) retrieved from /home/airflow/.local/lib/python3.7/site-packages/airflow/example_dags/example_skip_dag.py
[2022-02-05 19:27:44,485] {logging_mixin.py:109} INFO - [2022-02-05 19:27:44,485] {dag.py:2396} INFO - Sync 1 DAGs
[2022-02-05 19:27:44,498] {logging_mixin.py:109} INFO - [2022-02-05 19:27:44,498] {dag.py:2935} INFO - Setting next_dagrun for example_skip_dag to 2022-02-04T19:27:44.498541+00:00
[2022-02-05 19:27:44,507] {processor.py:171} INFO - Processing /home/airflow/.local/lib/python3.7/site-packages/airflow/example_dags/example_skip_dag.py took 0.058 seconds
[2022-02-05 19:28:15,063] {processor.py:163} INFO - Started process (PID=850) to work on /home/airflow/.local/lib/python3.7/site-packages/airflow/example_dags/example_skip_dag.py
[2022-02-05 19:28:15,065] {processor.py:642} INFO - Processing file /home/airflow/.local/lib/python3.7/site-packages/airflow/example_dags/example_skip_dag.py for tasks to queue
[2022-02-05 19:28:15,066] {logging_mixin.py:109} INFO - [2022-02-05 19:28:15,066] {dagbag.py:500} INFO - Filling up the DagBag from /home/airflow/.local/lib/python3.7/site-packages/airflow/example_dags/example_skip_dag.py
[2022-02-05 19:28:15,149] {processor.py:654} INFO - DAG(s) dict_keys(['example_skip_dag']) retrieved from /home/airflow/.local/lib/python3.7/site-packages/airflow/example_dags/example_skip_dag.py
[2022-02-05 19:28:15,164] {logging_mixin.py:109} INFO - [2022-02-05 19:28:15,164] {dag.py:2396} INFO - Sync 1 DAGs
[2022-02-05 19:28:15,186] {logging_mixin.py:109} INFO - [2022-02-05 19:28:15,186] {dag.py:2935} INFO - Setting next_dagrun for example_skip_dag to 2022-02-04T19:28:15.185764+00:00
[2022-02-05 19:28:15,199] {processor.py:171} INFO - Processing /home/airflow/.local/lib/python3.7/site-packages/airflow/example_dags/example_skip_dag.py took 0.142 seconds
[2022-02-05 19:28:45,794] {processor.py:163} INFO - Started process (PID=913) to work on /home/airflow/.local/lib/python3.7/site-packages/airflow/example_dags/example_skip_dag.py
[2022-02-05 19:28:45,795] {processor.py:642} INFO - Processing file /home/airflow/.local/lib/python3.7/site-packages/airflow/example_dags/example_skip_dag.py for tasks to queue
[2022-02-05 19:28:45,796] {logging_mixin.py:109} INFO - [2022-02-05 19:28:45,795] {dagbag.py:500} INFO - Filling up the DagBag from /home/airflow/.local/lib/python3.7/site-packages/airflow/example_dags/example_skip_dag.py
[2022-02-05 19:28:45,824] {processor.py:654} INFO - DAG(s) dict_keys(['example_skip_dag']) retrieved from /home/airflow/.local/lib/python3.7/site-packages/airflow/example_dags/example_skip_dag.py
[2022-02-05 19:28:45,836] {logging_mixin.py:109} INFO - [2022-02-05 19:28:45,836] {dag.py:2396} INFO - Sync 1 DAGs
[2022-02-05 19:28:45,853] {logging_mixin.py:109} INFO - [2022-02-05 19:28:45,853] {dag.py:2935} INFO - Setting next_dagrun for example_skip_dag to 2022-02-04T19:28:45.853310+00:00
[2022-02-05 19:28:45,865] {processor.py:171} INFO - Processing /home/airflow/.local/lib/python3.7/site-packages/airflow/example_dags/example_skip_dag.py took 0.075 seconds
[2022-02-05 19:29:16,499] {processor.py:163} INFO - Started process (PID=966) to work on /home/airflow/.local/lib/python3.7/site-packages/airflow/example_dags/example_skip_dag.py
[2022-02-05 19:29:16,501] {processor.py:642} INFO - Processing file /home/airflow/.local/lib/python3.7/site-packages/airflow/example_dags/example_skip_dag.py for tasks to queue
[2022-02-05 19:29:16,502] {logging_mixin.py:109} INFO - [2022-02-05 19:29:16,502] {dagbag.py:500} INFO - Filling up the DagBag from /home/airflow/.local/lib/python3.7/site-packages/airflow/example_dags/example_skip_dag.py
[2022-02-05 19:29:16,532] {processor.py:654} INFO - DAG(s) dict_keys(['example_skip_dag']) retrieved from /home/airflow/.local/lib/python3.7/site-packages/airflow/example_dags/example_skip_dag.py
[2022-02-05 19:29:16,546] {logging_mixin.py:109} INFO - [2022-02-05 19:29:16,545] {dag.py:2396} INFO - Sync 1 DAGs
[2022-02-05 19:29:16,565] {logging_mixin.py:109} INFO - [2022-02-05 19:29:16,565] {dag.py:2935} INFO - Setting next_dagrun for example_skip_dag to 2022-02-04T19:29:16.565156+00:00
[2022-02-05 19:29:16,578] {processor.py:171} INFO - Processing /home/airflow/.local/lib/python3.7/site-packages/airflow/example_dags/example_skip_dag.py took 0.083 seconds
[2022-02-05 19:29:47,541] {processor.py:163} INFO - Started process (PID=1029) to work on /home/airflow/.local/lib/python3.7/site-packages/airflow/example_dags/example_skip_dag.py
[2022-02-05 19:29:47,550] {processor.py:642} INFO - Processing file /home/airflow/.local/lib/python3.7/site-packages/airflow/example_dags/example_skip_dag.py for tasks to queue
[2022-02-05 19:29:47,551] {logging_mixin.py:109} INFO - [2022-02-05 19:29:47,551] {dagbag.py:500} INFO - Filling up the DagBag from /home/airflow/.local/lib/python3.7/site-packages/airflow/example_dags/example_skip_dag.py
[2022-02-05 19:29:47,592] {processor.py:654} INFO - DAG(s) dict_keys(['example_skip_dag']) retrieved from /home/airflow/.local/lib/python3.7/site-packages/airflow/example_dags/example_skip_dag.py
[2022-02-05 19:29:47,613] {logging_mixin.py:109} INFO - [2022-02-05 19:29:47,613] {dag.py:2396} INFO - Sync 1 DAGs
[2022-02-05 19:29:47,642] {logging_mixin.py:109} INFO - [2022-02-05 19:29:47,642] {dag.py:2935} INFO - Setting next_dagrun for example_skip_dag to 2022-02-04T19:29:47.642240+00:00
[2022-02-05 19:29:47,657] {processor.py:171} INFO - Processing /home/airflow/.local/lib/python3.7/site-packages/airflow/example_dags/example_skip_dag.py took 0.123 seconds
[2022-02-05 19:30:18,173] {processor.py:163} INFO - Started process (PID=1081) to work on /home/airflow/.local/lib/python3.7/site-packages/airflow/example_dags/example_skip_dag.py
[2022-02-05 19:30:18,175] {processor.py:642} INFO - Processing file /home/airflow/.local/lib/python3.7/site-packages/airflow/example_dags/example_skip_dag.py for tasks to queue
[2022-02-05 19:30:18,177] {logging_mixin.py:109} INFO - [2022-02-05 19:30:18,176] {dagbag.py:500} INFO - Filling up the DagBag from /home/airflow/.local/lib/python3.7/site-packages/airflow/example_dags/example_skip_dag.py
[2022-02-05 19:30:18,225] {processor.py:654} INFO - DAG(s) dict_keys(['example_skip_dag']) retrieved from /home/airflow/.local/lib/python3.7/site-packages/airflow/example_dags/example_skip_dag.py
[2022-02-05 19:30:18,252] {logging_mixin.py:109} INFO - [2022-02-05 19:30:18,252] {dag.py:2396} INFO - Sync 1 DAGs
[2022-02-05 19:30:18,282] {logging_mixin.py:109} INFO - [2022-02-05 19:30:18,282] {dag.py:2935} INFO - Setting next_dagrun for example_skip_dag to 2022-02-04T19:30:18.282302+00:00
[2022-02-05 19:30:18,299] {processor.py:171} INFO - Processing /home/airflow/.local/lib/python3.7/site-packages/airflow/example_dags/example_skip_dag.py took 0.132 seconds
[2022-02-05 19:30:49,244] {processor.py:163} INFO - Started process (PID=1144) to work on /home/airflow/.local/lib/python3.7/site-packages/airflow/example_dags/example_skip_dag.py
[2022-02-05 19:30:49,245] {processor.py:642} INFO - Processing file /home/airflow/.local/lib/python3.7/site-packages/airflow/example_dags/example_skip_dag.py for tasks to queue
[2022-02-05 19:30:49,246] {logging_mixin.py:109} INFO - [2022-02-05 19:30:49,246] {dagbag.py:500} INFO - Filling up the DagBag from /home/airflow/.local/lib/python3.7/site-packages/airflow/example_dags/example_skip_dag.py
[2022-02-05 19:30:49,282] {processor.py:654} INFO - DAG(s) dict_keys(['example_skip_dag']) retrieved from /home/airflow/.local/lib/python3.7/site-packages/airflow/example_dags/example_skip_dag.py
[2022-02-05 19:30:49,298] {logging_mixin.py:109} INFO - [2022-02-05 19:30:49,298] {dag.py:2396} INFO - Sync 1 DAGs
[2022-02-05 19:30:49,322] {logging_mixin.py:109} INFO - [2022-02-05 19:30:49,322] {dag.py:2935} INFO - Setting next_dagrun for example_skip_dag to 2022-02-04T19:30:49.322208+00:00
[2022-02-05 19:30:49,337] {processor.py:171} INFO - Processing /home/airflow/.local/lib/python3.7/site-packages/airflow/example_dags/example_skip_dag.py took 0.098 seconds
[2022-02-05 19:31:19,386] {processor.py:163} INFO - Started process (PID=1197) to work on /home/airflow/.local/lib/python3.7/site-packages/airflow/example_dags/example_skip_dag.py
[2022-02-05 19:31:19,388] {processor.py:642} INFO - Processing file /home/airflow/.local/lib/python3.7/site-packages/airflow/example_dags/example_skip_dag.py for tasks to queue
[2022-02-05 19:31:19,389] {logging_mixin.py:109} INFO - [2022-02-05 19:31:19,389] {dagbag.py:500} INFO - Filling up the DagBag from /home/airflow/.local/lib/python3.7/site-packages/airflow/example_dags/example_skip_dag.py
[2022-02-05 19:31:19,428] {processor.py:654} INFO - DAG(s) dict_keys(['example_skip_dag']) retrieved from /home/airflow/.local/lib/python3.7/site-packages/airflow/example_dags/example_skip_dag.py
[2022-02-05 19:31:19,444] {logging_mixin.py:109} INFO - [2022-02-05 19:31:19,444] {dag.py:2396} INFO - Sync 1 DAGs
[2022-02-05 19:31:19,472] {logging_mixin.py:109} INFO - [2022-02-05 19:31:19,472] {dag.py:2935} INFO - Setting next_dagrun for example_skip_dag to 2022-02-04T19:31:19.471634+00:00
[2022-02-05 19:31:19,485] {processor.py:171} INFO - Processing /home/airflow/.local/lib/python3.7/site-packages/airflow/example_dags/example_skip_dag.py took 0.104 seconds
[2022-02-05 19:31:49,774] {processor.py:163} INFO - Started process (PID=1259) to work on /home/airflow/.local/lib/python3.7/site-packages/airflow/example_dags/example_skip_dag.py
[2022-02-05 19:31:49,776] {processor.py:642} INFO - Processing file /home/airflow/.local/lib/python3.7/site-packages/airflow/example_dags/example_skip_dag.py for tasks to queue
[2022-02-05 19:31:49,776] {logging_mixin.py:109} INFO - [2022-02-05 19:31:49,776] {dagbag.py:500} INFO - Filling up the DagBag from /home/airflow/.local/lib/python3.7/site-packages/airflow/example_dags/example_skip_dag.py
[2022-02-05 19:31:49,812] {processor.py:654} INFO - DAG(s) dict_keys(['example_skip_dag']) retrieved from /home/airflow/.local/lib/python3.7/site-packages/airflow/example_dags/example_skip_dag.py
[2022-02-05 19:31:49,825] {logging_mixin.py:109} INFO - [2022-02-05 19:31:49,825] {dag.py:2396} INFO - Sync 1 DAGs
[2022-02-05 19:31:49,844] {logging_mixin.py:109} INFO - [2022-02-05 19:31:49,844] {dag.py:2935} INFO - Setting next_dagrun for example_skip_dag to 2022-02-04T19:31:49.843826+00:00
[2022-02-05 19:31:49,856] {processor.py:171} INFO - Processing /home/airflow/.local/lib/python3.7/site-packages/airflow/example_dags/example_skip_dag.py took 0.086 seconds
[2022-02-05 19:32:20,471] {processor.py:163} INFO - Started process (PID=1317) to work on /home/airflow/.local/lib/python3.7/site-packages/airflow/example_dags/example_skip_dag.py
[2022-02-05 19:32:20,472] {processor.py:642} INFO - Processing file /home/airflow/.local/lib/python3.7/site-packages/airflow/example_dags/example_skip_dag.py for tasks to queue
[2022-02-05 19:32:20,473] {logging_mixin.py:109} INFO - [2022-02-05 19:32:20,473] {dagbag.py:500} INFO - Filling up the DagBag from /home/airflow/.local/lib/python3.7/site-packages/airflow/example_dags/example_skip_dag.py
[2022-02-05 19:32:20,495] {processor.py:654} INFO - DAG(s) dict_keys(['example_skip_dag']) retrieved from /home/airflow/.local/lib/python3.7/site-packages/airflow/example_dags/example_skip_dag.py
[2022-02-05 19:32:20,505] {logging_mixin.py:109} INFO - [2022-02-05 19:32:20,504] {dag.py:2396} INFO - Sync 1 DAGs
[2022-02-05 19:32:20,517] {logging_mixin.py:109} INFO - [2022-02-05 19:32:20,517] {dag.py:2935} INFO - Setting next_dagrun for example_skip_dag to 2022-02-04T19:32:20.517143+00:00
[2022-02-05 19:32:20,527] {processor.py:171} INFO - Processing /home/airflow/.local/lib/python3.7/site-packages/airflow/example_dags/example_skip_dag.py took 0.059 seconds
[2022-02-05 19:32:51,160] {processor.py:163} INFO - Started process (PID=1369) to work on /home/airflow/.local/lib/python3.7/site-packages/airflow/example_dags/example_skip_dag.py
[2022-02-05 19:32:51,162] {processor.py:642} INFO - Processing file /home/airflow/.local/lib/python3.7/site-packages/airflow/example_dags/example_skip_dag.py for tasks to queue
[2022-02-05 19:32:51,163] {logging_mixin.py:109} INFO - [2022-02-05 19:32:51,162] {dagbag.py:500} INFO - Filling up the DagBag from /home/airflow/.local/lib/python3.7/site-packages/airflow/example_dags/example_skip_dag.py
[2022-02-05 19:32:51,190] {processor.py:654} INFO - DAG(s) dict_keys(['example_skip_dag']) retrieved from /home/airflow/.local/lib/python3.7/site-packages/airflow/example_dags/example_skip_dag.py
[2022-02-05 19:32:51,200] {logging_mixin.py:109} INFO - [2022-02-05 19:32:51,200] {dag.py:2396} INFO - Sync 1 DAGs
[2022-02-05 19:32:51,215] {logging_mixin.py:109} INFO - [2022-02-05 19:32:51,214] {dag.py:2935} INFO - Setting next_dagrun for example_skip_dag to 2022-02-04T19:32:51.214629+00:00
[2022-02-05 19:32:51,224] {processor.py:171} INFO - Processing /home/airflow/.local/lib/python3.7/site-packages/airflow/example_dags/example_skip_dag.py took 0.068 seconds
[2022-02-05 19:33:21,485] {processor.py:163} INFO - Started process (PID=1431) to work on /home/airflow/.local/lib/python3.7/site-packages/airflow/example_dags/example_skip_dag.py
[2022-02-05 19:33:21,486] {processor.py:642} INFO - Processing file /home/airflow/.local/lib/python3.7/site-packages/airflow/example_dags/example_skip_dag.py for tasks to queue
[2022-02-05 19:33:21,487] {logging_mixin.py:109} INFO - [2022-02-05 19:33:21,487] {dagbag.py:500} INFO - Filling up the DagBag from /home/airflow/.local/lib/python3.7/site-packages/airflow/example_dags/example_skip_dag.py
[2022-02-05 19:33:21,507] {processor.py:654} INFO - DAG(s) dict_keys(['example_skip_dag']) retrieved from /home/airflow/.local/lib/python3.7/site-packages/airflow/example_dags/example_skip_dag.py
[2022-02-05 19:33:21,515] {logging_mixin.py:109} INFO - [2022-02-05 19:33:21,515] {dag.py:2396} INFO - Sync 1 DAGs
[2022-02-05 19:33:21,527] {logging_mixin.py:109} INFO - [2022-02-05 19:33:21,527] {dag.py:2935} INFO - Setting next_dagrun for example_skip_dag to 2022-02-04T19:33:21.526873+00:00
[2022-02-05 19:33:21,536] {processor.py:171} INFO - Processing /home/airflow/.local/lib/python3.7/site-packages/airflow/example_dags/example_skip_dag.py took 0.054 seconds
[2022-02-05 19:33:51,874] {processor.py:163} INFO - Started process (PID=1495) to work on /home/airflow/.local/lib/python3.7/site-packages/airflow/example_dags/example_skip_dag.py
[2022-02-05 19:33:51,875] {processor.py:642} INFO - Processing file /home/airflow/.local/lib/python3.7/site-packages/airflow/example_dags/example_skip_dag.py for tasks to queue
[2022-02-05 19:33:51,876] {logging_mixin.py:109} INFO - [2022-02-05 19:33:51,876] {dagbag.py:500} INFO - Filling up the DagBag from /home/airflow/.local/lib/python3.7/site-packages/airflow/example_dags/example_skip_dag.py
[2022-02-05 19:33:51,896] {processor.py:654} INFO - DAG(s) dict_keys(['example_skip_dag']) retrieved from /home/airflow/.local/lib/python3.7/site-packages/airflow/example_dags/example_skip_dag.py
[2022-02-05 19:33:51,905] {logging_mixin.py:109} INFO - [2022-02-05 19:33:51,905] {dag.py:2396} INFO - Sync 1 DAGs
[2022-02-05 19:33:51,918] {logging_mixin.py:109} INFO - [2022-02-05 19:33:51,918] {dag.py:2935} INFO - Setting next_dagrun for example_skip_dag to 2022-02-04T19:33:51.917935+00:00
[2022-02-05 19:33:51,926] {processor.py:171} INFO - Processing /home/airflow/.local/lib/python3.7/site-packages/airflow/example_dags/example_skip_dag.py took 0.055 seconds
[2022-02-05 19:34:23,096] {processor.py:163} INFO - Started process (PID=1548) to work on /home/airflow/.local/lib/python3.7/site-packages/airflow/example_dags/example_skip_dag.py
[2022-02-05 19:34:23,098] {processor.py:642} INFO - Processing file /home/airflow/.local/lib/python3.7/site-packages/airflow/example_dags/example_skip_dag.py for tasks to queue
[2022-02-05 19:34:23,098] {logging_mixin.py:109} INFO - [2022-02-05 19:34:23,098] {dagbag.py:500} INFO - Filling up the DagBag from /home/airflow/.local/lib/python3.7/site-packages/airflow/example_dags/example_skip_dag.py
[2022-02-05 19:34:23,120] {processor.py:654} INFO - DAG(s) dict_keys(['example_skip_dag']) retrieved from /home/airflow/.local/lib/python3.7/site-packages/airflow/example_dags/example_skip_dag.py
[2022-02-05 19:34:23,129] {logging_mixin.py:109} INFO - [2022-02-05 19:34:23,129] {dag.py:2396} INFO - Sync 1 DAGs
[2022-02-05 19:34:23,141] {logging_mixin.py:109} INFO - [2022-02-05 19:34:23,141] {dag.py:2935} INFO - Setting next_dagrun for example_skip_dag to 2022-02-04T19:34:23.141364+00:00
[2022-02-05 19:34:23,149] {processor.py:171} INFO - Processing /home/airflow/.local/lib/python3.7/site-packages/airflow/example_dags/example_skip_dag.py took 0.056 seconds
[2022-02-05 19:34:53,958] {processor.py:163} INFO - Started process (PID=1609) to work on /home/airflow/.local/lib/python3.7/site-packages/airflow/example_dags/example_skip_dag.py
[2022-02-05 19:34:53,959] {processor.py:642} INFO - Processing file /home/airflow/.local/lib/python3.7/site-packages/airflow/example_dags/example_skip_dag.py for tasks to queue
[2022-02-05 19:34:53,960] {logging_mixin.py:109} INFO - [2022-02-05 19:34:53,960] {dagbag.py:500} INFO - Filling up the DagBag from /home/airflow/.local/lib/python3.7/site-packages/airflow/example_dags/example_skip_dag.py
[2022-02-05 19:34:53,981] {processor.py:654} INFO - DAG(s) dict_keys(['example_skip_dag']) retrieved from /home/airflow/.local/lib/python3.7/site-packages/airflow/example_dags/example_skip_dag.py
[2022-02-05 19:34:53,990] {logging_mixin.py:109} INFO - [2022-02-05 19:34:53,990] {dag.py:2396} INFO - Sync 1 DAGs
[2022-02-05 19:34:54,002] {logging_mixin.py:109} INFO - [2022-02-05 19:34:54,002] {dag.py:2935} INFO - Setting next_dagrun for example_skip_dag to 2022-02-04T19:34:54.001915+00:00
[2022-02-05 19:34:54,010] {processor.py:171} INFO - Processing /home/airflow/.local/lib/python3.7/site-packages/airflow/example_dags/example_skip_dag.py took 0.054 seconds
[2022-02-05 19:35:24,272] {processor.py:163} INFO - Started process (PID=1661) to work on /home/airflow/.local/lib/python3.7/site-packages/airflow/example_dags/example_skip_dag.py
[2022-02-05 19:35:24,273] {processor.py:642} INFO - Processing file /home/airflow/.local/lib/python3.7/site-packages/airflow/example_dags/example_skip_dag.py for tasks to queue
[2022-02-05 19:35:24,274] {logging_mixin.py:109} INFO - [2022-02-05 19:35:24,274] {dagbag.py:500} INFO - Filling up the DagBag from /home/airflow/.local/lib/python3.7/site-packages/airflow/example_dags/example_skip_dag.py
[2022-02-05 19:35:24,295] {processor.py:654} INFO - DAG(s) dict_keys(['example_skip_dag']) retrieved from /home/airflow/.local/lib/python3.7/site-packages/airflow/example_dags/example_skip_dag.py
[2022-02-05 19:35:24,304] {logging_mixin.py:109} INFO - [2022-02-05 19:35:24,304] {dag.py:2396} INFO - Sync 1 DAGs
[2022-02-05 19:35:24,318] {logging_mixin.py:109} INFO - [2022-02-05 19:35:24,317] {dag.py:2935} INFO - Setting next_dagrun for example_skip_dag to 2022-02-04T19:35:24.317672+00:00
[2022-02-05 19:35:24,327] {processor.py:171} INFO - Processing /home/airflow/.local/lib/python3.7/site-packages/airflow/example_dags/example_skip_dag.py took 0.057 seconds
[2022-02-05 19:35:55,647] {processor.py:163} INFO - Started process (PID=1723) to work on /home/airflow/.local/lib/python3.7/site-packages/airflow/example_dags/example_skip_dag.py
[2022-02-05 19:35:55,651] {processor.py:642} INFO - Processing file /home/airflow/.local/lib/python3.7/site-packages/airflow/example_dags/example_skip_dag.py for tasks to queue
[2022-02-05 19:35:55,652] {logging_mixin.py:109} INFO - [2022-02-05 19:35:55,652] {dagbag.py:500} INFO - Filling up the DagBag from /home/airflow/.local/lib/python3.7/site-packages/airflow/example_dags/example_skip_dag.py
[2022-02-05 19:35:55,697] {processor.py:654} INFO - DAG(s) dict_keys(['example_skip_dag']) retrieved from /home/airflow/.local/lib/python3.7/site-packages/airflow/example_dags/example_skip_dag.py
[2022-02-05 19:35:55,713] {logging_mixin.py:109} INFO - [2022-02-05 19:35:55,713] {dag.py:2396} INFO - Sync 1 DAGs
[2022-02-05 19:35:55,739] {logging_mixin.py:109} INFO - [2022-02-05 19:35:55,738] {dag.py:2935} INFO - Setting next_dagrun for example_skip_dag to 2022-02-04T19:35:55.738542+00:00
[2022-02-05 19:35:55,754] {processor.py:171} INFO - Processing /home/airflow/.local/lib/python3.7/site-packages/airflow/example_dags/example_skip_dag.py took 0.112 seconds
[2022-02-05 19:36:26,539] {processor.py:163} INFO - Started process (PID=1785) to work on /home/airflow/.local/lib/python3.7/site-packages/airflow/example_dags/example_skip_dag.py
[2022-02-05 19:36:26,541] {processor.py:642} INFO - Processing file /home/airflow/.local/lib/python3.7/site-packages/airflow/example_dags/example_skip_dag.py for tasks to queue
[2022-02-05 19:36:26,541] {logging_mixin.py:109} INFO - [2022-02-05 19:36:26,541] {dagbag.py:500} INFO - Filling up the DagBag from /home/airflow/.local/lib/python3.7/site-packages/airflow/example_dags/example_skip_dag.py
[2022-02-05 19:36:26,576] {processor.py:654} INFO - DAG(s) dict_keys(['example_skip_dag']) retrieved from /home/airflow/.local/lib/python3.7/site-packages/airflow/example_dags/example_skip_dag.py
[2022-02-05 19:36:26,588] {logging_mixin.py:109} INFO - [2022-02-05 19:36:26,588] {dag.py:2396} INFO - Sync 1 DAGs
[2022-02-05 19:36:26,606] {logging_mixin.py:109} INFO - [2022-02-05 19:36:26,606] {dag.py:2935} INFO - Setting next_dagrun for example_skip_dag to 2022-02-04T19:36:26.605843+00:00
[2022-02-05 19:36:26,617] {processor.py:171} INFO - Processing /home/airflow/.local/lib/python3.7/site-packages/airflow/example_dags/example_skip_dag.py took 0.081 seconds
[2022-02-05 19:36:57,680] {processor.py:163} INFO - Started process (PID=1836) to work on /home/airflow/.local/lib/python3.7/site-packages/airflow/example_dags/example_skip_dag.py
[2022-02-05 19:36:57,682] {processor.py:642} INFO - Processing file /home/airflow/.local/lib/python3.7/site-packages/airflow/example_dags/example_skip_dag.py for tasks to queue
[2022-02-05 19:36:57,682] {logging_mixin.py:109} INFO - [2022-02-05 19:36:57,682] {dagbag.py:500} INFO - Filling up the DagBag from /home/airflow/.local/lib/python3.7/site-packages/airflow/example_dags/example_skip_dag.py
[2022-02-05 19:36:57,704] {processor.py:654} INFO - DAG(s) dict_keys(['example_skip_dag']) retrieved from /home/airflow/.local/lib/python3.7/site-packages/airflow/example_dags/example_skip_dag.py
[2022-02-05 19:36:57,714] {logging_mixin.py:109} INFO - [2022-02-05 19:36:57,714] {dag.py:2396} INFO - Sync 1 DAGs
[2022-02-05 19:36:57,729] {logging_mixin.py:109} INFO - [2022-02-05 19:36:57,729] {dag.py:2935} INFO - Setting next_dagrun for example_skip_dag to 2022-02-04T19:36:57.729287+00:00
[2022-02-05 19:36:57,738] {processor.py:171} INFO - Processing /home/airflow/.local/lib/python3.7/site-packages/airflow/example_dags/example_skip_dag.py took 0.060 seconds
[2022-02-05 19:37:28,074] {processor.py:163} INFO - Started process (PID=1899) to work on /home/airflow/.local/lib/python3.7/site-packages/airflow/example_dags/example_skip_dag.py
[2022-02-05 19:37:28,076] {processor.py:642} INFO - Processing file /home/airflow/.local/lib/python3.7/site-packages/airflow/example_dags/example_skip_dag.py for tasks to queue
[2022-02-05 19:37:28,076] {logging_mixin.py:109} INFO - [2022-02-05 19:37:28,076] {dagbag.py:500} INFO - Filling up the DagBag from /home/airflow/.local/lib/python3.7/site-packages/airflow/example_dags/example_skip_dag.py
[2022-02-05 19:37:28,100] {processor.py:654} INFO - DAG(s) dict_keys(['example_skip_dag']) retrieved from /home/airflow/.local/lib/python3.7/site-packages/airflow/example_dags/example_skip_dag.py
[2022-02-05 19:37:28,109] {logging_mixin.py:109} INFO - [2022-02-05 19:37:28,109] {dag.py:2396} INFO - Sync 1 DAGs
[2022-02-05 19:37:28,123] {logging_mixin.py:109} INFO - [2022-02-05 19:37:28,122] {dag.py:2935} INFO - Setting next_dagrun for example_skip_dag to 2022-02-04T19:37:28.122749+00:00
[2022-02-05 19:37:28,134] {processor.py:171} INFO - Processing /home/airflow/.local/lib/python3.7/site-packages/airflow/example_dags/example_skip_dag.py took 0.062 seconds
[2022-02-05 19:37:58,761] {processor.py:163} INFO - Started process (PID=1952) to work on /home/airflow/.local/lib/python3.7/site-packages/airflow/example_dags/example_skip_dag.py
[2022-02-05 19:37:58,763] {processor.py:642} INFO - Processing file /home/airflow/.local/lib/python3.7/site-packages/airflow/example_dags/example_skip_dag.py for tasks to queue
[2022-02-05 19:37:58,764] {logging_mixin.py:109} INFO - [2022-02-05 19:37:58,764] {dagbag.py:500} INFO - Filling up the DagBag from /home/airflow/.local/lib/python3.7/site-packages/airflow/example_dags/example_skip_dag.py
[2022-02-05 19:37:58,800] {processor.py:654} INFO - DAG(s) dict_keys(['example_skip_dag']) retrieved from /home/airflow/.local/lib/python3.7/site-packages/airflow/example_dags/example_skip_dag.py
[2022-02-05 19:37:58,818] {logging_mixin.py:109} INFO - [2022-02-05 19:37:58,818] {dag.py:2396} INFO - Sync 1 DAGs
[2022-02-05 19:37:58,846] {logging_mixin.py:109} INFO - [2022-02-05 19:37:58,846] {dag.py:2935} INFO - Setting next_dagrun for example_skip_dag to 2022-02-04T19:37:58.845989+00:00
[2022-02-05 19:37:58,859] {processor.py:171} INFO - Processing /home/airflow/.local/lib/python3.7/site-packages/airflow/example_dags/example_skip_dag.py took 0.103 seconds
[2022-02-05 19:38:29,342] {processor.py:163} INFO - Started process (PID=2015) to work on /home/airflow/.local/lib/python3.7/site-packages/airflow/example_dags/example_skip_dag.py
[2022-02-05 19:38:29,343] {processor.py:642} INFO - Processing file /home/airflow/.local/lib/python3.7/site-packages/airflow/example_dags/example_skip_dag.py for tasks to queue
[2022-02-05 19:38:29,344] {logging_mixin.py:109} INFO - [2022-02-05 19:38:29,344] {dagbag.py:500} INFO - Filling up the DagBag from /home/airflow/.local/lib/python3.7/site-packages/airflow/example_dags/example_skip_dag.py
[2022-02-05 19:38:29,372] {processor.py:654} INFO - DAG(s) dict_keys(['example_skip_dag']) retrieved from /home/airflow/.local/lib/python3.7/site-packages/airflow/example_dags/example_skip_dag.py
[2022-02-05 19:38:29,384] {logging_mixin.py:109} INFO - [2022-02-05 19:38:29,383] {dag.py:2396} INFO - Sync 1 DAGs
[2022-02-05 19:38:29,402] {logging_mixin.py:109} INFO - [2022-02-05 19:38:29,401] {dag.py:2935} INFO - Setting next_dagrun for example_skip_dag to 2022-02-04T19:38:29.401639+00:00
[2022-02-05 19:38:29,415] {processor.py:171} INFO - Processing /home/airflow/.local/lib/python3.7/site-packages/airflow/example_dags/example_skip_dag.py took 0.077 seconds
[2022-02-05 19:38:59,874] {processor.py:163} INFO - Started process (PID=2069) to work on /home/airflow/.local/lib/python3.7/site-packages/airflow/example_dags/example_skip_dag.py
[2022-02-05 19:38:59,876] {processor.py:642} INFO - Processing file /home/airflow/.local/lib/python3.7/site-packages/airflow/example_dags/example_skip_dag.py for tasks to queue
[2022-02-05 19:38:59,876] {logging_mixin.py:109} INFO - [2022-02-05 19:38:59,876] {dagbag.py:500} INFO - Filling up the DagBag from /home/airflow/.local/lib/python3.7/site-packages/airflow/example_dags/example_skip_dag.py
[2022-02-05 19:38:59,898] {processor.py:654} INFO - DAG(s) dict_keys(['example_skip_dag']) retrieved from /home/airflow/.local/lib/python3.7/site-packages/airflow/example_dags/example_skip_dag.py
[2022-02-05 19:38:59,910] {logging_mixin.py:109} INFO - [2022-02-05 19:38:59,910] {dag.py:2396} INFO - Sync 1 DAGs
[2022-02-05 19:38:59,926] {logging_mixin.py:109} INFO - [2022-02-05 19:38:59,926] {dag.py:2935} INFO - Setting next_dagrun for example_skip_dag to 2022-02-04T19:38:59.925931+00:00
[2022-02-05 19:38:59,936] {processor.py:171} INFO - Processing /home/airflow/.local/lib/python3.7/site-packages/airflow/example_dags/example_skip_dag.py took 0.065 seconds
[2022-02-05 19:39:30,866] {processor.py:163} INFO - Started process (PID=2135) to work on /home/airflow/.local/lib/python3.7/site-packages/airflow/example_dags/example_skip_dag.py
[2022-02-05 19:39:30,868] {processor.py:642} INFO - Processing file /home/airflow/.local/lib/python3.7/site-packages/airflow/example_dags/example_skip_dag.py for tasks to queue
[2022-02-05 19:39:30,869] {logging_mixin.py:109} INFO - [2022-02-05 19:39:30,868] {dagbag.py:500} INFO - Filling up the DagBag from /home/airflow/.local/lib/python3.7/site-packages/airflow/example_dags/example_skip_dag.py
[2022-02-05 19:39:30,904] {processor.py:654} INFO - DAG(s) dict_keys(['example_skip_dag']) retrieved from /home/airflow/.local/lib/python3.7/site-packages/airflow/example_dags/example_skip_dag.py
[2022-02-05 19:39:30,922] {logging_mixin.py:109} INFO - [2022-02-05 19:39:30,921] {dag.py:2396} INFO - Sync 1 DAGs
[2022-02-05 19:39:30,942] {logging_mixin.py:109} INFO - [2022-02-05 19:39:30,942] {dag.py:2935} INFO - Setting next_dagrun for example_skip_dag to 2022-02-04T19:39:30.941805+00:00
[2022-02-05 19:39:30,954] {processor.py:171} INFO - Processing /home/airflow/.local/lib/python3.7/site-packages/airflow/example_dags/example_skip_dag.py took 0.092 seconds
[2022-02-05 19:40:01,384] {processor.py:163} INFO - Started process (PID=2189) to work on /home/airflow/.local/lib/python3.7/site-packages/airflow/example_dags/example_skip_dag.py
[2022-02-05 19:40:01,385] {processor.py:642} INFO - Processing file /home/airflow/.local/lib/python3.7/site-packages/airflow/example_dags/example_skip_dag.py for tasks to queue
[2022-02-05 19:40:01,386] {logging_mixin.py:109} INFO - [2022-02-05 19:40:01,386] {dagbag.py:500} INFO - Filling up the DagBag from /home/airflow/.local/lib/python3.7/site-packages/airflow/example_dags/example_skip_dag.py
[2022-02-05 19:40:01,419] {processor.py:654} INFO - DAG(s) dict_keys(['example_skip_dag']) retrieved from /home/airflow/.local/lib/python3.7/site-packages/airflow/example_dags/example_skip_dag.py
[2022-02-05 19:40:01,434] {logging_mixin.py:109} INFO - [2022-02-05 19:40:01,433] {dag.py:2396} INFO - Sync 1 DAGs
[2022-02-05 19:40:01,455] {logging_mixin.py:109} INFO - [2022-02-05 19:40:01,455] {dag.py:2935} INFO - Setting next_dagrun for example_skip_dag to 2022-02-04T19:40:01.454696+00:00
[2022-02-05 19:40:01,468] {processor.py:171} INFO - Processing /home/airflow/.local/lib/python3.7/site-packages/airflow/example_dags/example_skip_dag.py took 0.088 seconds
[2022-02-05 19:40:32,240] {processor.py:163} INFO - Started process (PID=2246) to work on /home/airflow/.local/lib/python3.7/site-packages/airflow/example_dags/example_skip_dag.py
[2022-02-05 19:40:32,241] {processor.py:642} INFO - Processing file /home/airflow/.local/lib/python3.7/site-packages/airflow/example_dags/example_skip_dag.py for tasks to queue
[2022-02-05 19:40:32,242] {logging_mixin.py:109} INFO - [2022-02-05 19:40:32,242] {dagbag.py:500} INFO - Filling up the DagBag from /home/airflow/.local/lib/python3.7/site-packages/airflow/example_dags/example_skip_dag.py
[2022-02-05 19:40:32,273] {processor.py:654} INFO - DAG(s) dict_keys(['example_skip_dag']) retrieved from /home/airflow/.local/lib/python3.7/site-packages/airflow/example_dags/example_skip_dag.py
[2022-02-05 19:40:32,286] {logging_mixin.py:109} INFO - [2022-02-05 19:40:32,286] {dag.py:2396} INFO - Sync 1 DAGs
[2022-02-05 19:40:32,305] {logging_mixin.py:109} INFO - [2022-02-05 19:40:32,305] {dag.py:2935} INFO - Setting next_dagrun for example_skip_dag to 2022-02-04T19:40:32.305155+00:00
[2022-02-05 19:40:32,442] {processor.py:171} INFO - Processing /home/airflow/.local/lib/python3.7/site-packages/airflow/example_dags/example_skip_dag.py took 0.206 seconds
[2022-02-05 19:41:02,934] {processor.py:163} INFO - Started process (PID=2309) to work on /home/airflow/.local/lib/python3.7/site-packages/airflow/example_dags/example_skip_dag.py
[2022-02-05 19:41:02,963] {processor.py:642} INFO - Processing file /home/airflow/.local/lib/python3.7/site-packages/airflow/example_dags/example_skip_dag.py for tasks to queue
[2022-02-05 19:41:02,963] {logging_mixin.py:109} INFO - [2022-02-05 19:41:02,963] {dagbag.py:500} INFO - Filling up the DagBag from /home/airflow/.local/lib/python3.7/site-packages/airflow/example_dags/example_skip_dag.py
[2022-02-05 19:41:02,985] {processor.py:654} INFO - DAG(s) dict_keys(['example_skip_dag']) retrieved from /home/airflow/.local/lib/python3.7/site-packages/airflow/example_dags/example_skip_dag.py
[2022-02-05 19:41:02,995] {logging_mixin.py:109} INFO - [2022-02-05 19:41:02,995] {dag.py:2396} INFO - Sync 1 DAGs
[2022-02-05 19:41:03,086] {logging_mixin.py:109} INFO - [2022-02-05 19:41:03,086] {dag.py:2935} INFO - Setting next_dagrun for example_skip_dag to 2022-02-04T19:41:03.086160+00:00
[2022-02-05 19:41:03,098] {processor.py:171} INFO - Processing /home/airflow/.local/lib/python3.7/site-packages/airflow/example_dags/example_skip_dag.py took 0.167 seconds
[2022-02-05 19:41:33,818] {processor.py:163} INFO - Started process (PID=2362) to work on /home/airflow/.local/lib/python3.7/site-packages/airflow/example_dags/example_skip_dag.py
[2022-02-05 19:41:33,821] {processor.py:642} INFO - Processing file /home/airflow/.local/lib/python3.7/site-packages/airflow/example_dags/example_skip_dag.py for tasks to queue
[2022-02-05 19:41:33,822] {logging_mixin.py:109} INFO - [2022-02-05 19:41:33,822] {dagbag.py:500} INFO - Filling up the DagBag from /home/airflow/.local/lib/python3.7/site-packages/airflow/example_dags/example_skip_dag.py
[2022-02-05 19:41:33,866] {processor.py:654} INFO - DAG(s) dict_keys(['example_skip_dag']) retrieved from /home/airflow/.local/lib/python3.7/site-packages/airflow/example_dags/example_skip_dag.py
[2022-02-05 19:41:33,884] {logging_mixin.py:109} INFO - [2022-02-05 19:41:33,884] {dag.py:2396} INFO - Sync 1 DAGs
[2022-02-05 19:41:34,038] {logging_mixin.py:109} INFO - [2022-02-05 19:41:34,038] {dag.py:2935} INFO - Setting next_dagrun for example_skip_dag to 2022-02-04T19:41:34.037919+00:00
[2022-02-05 19:41:34,056] {processor.py:171} INFO - Processing /home/airflow/.local/lib/python3.7/site-packages/airflow/example_dags/example_skip_dag.py took 0.244 seconds
[2022-02-05 19:42:04,565] {processor.py:163} INFO - Started process (PID=2423) to work on /home/airflow/.local/lib/python3.7/site-packages/airflow/example_dags/example_skip_dag.py
[2022-02-05 19:42:04,567] {processor.py:642} INFO - Processing file /home/airflow/.local/lib/python3.7/site-packages/airflow/example_dags/example_skip_dag.py for tasks to queue
[2022-02-05 19:42:04,568] {logging_mixin.py:109} INFO - [2022-02-05 19:42:04,568] {dagbag.py:500} INFO - Filling up the DagBag from /home/airflow/.local/lib/python3.7/site-packages/airflow/example_dags/example_skip_dag.py
[2022-02-05 19:42:04,610] {processor.py:654} INFO - DAG(s) dict_keys(['example_skip_dag']) retrieved from /home/airflow/.local/lib/python3.7/site-packages/airflow/example_dags/example_skip_dag.py
[2022-02-05 19:42:04,741] {logging_mixin.py:109} INFO - [2022-02-05 19:42:04,741] {dag.py:2396} INFO - Sync 1 DAGs
[2022-02-05 19:42:04,760] {logging_mixin.py:109} INFO - [2022-02-05 19:42:04,760] {dag.py:2935} INFO - Setting next_dagrun for example_skip_dag to 2022-02-04T19:42:04.759802+00:00
[2022-02-05 19:42:04,772] {processor.py:171} INFO - Processing /home/airflow/.local/lib/python3.7/site-packages/airflow/example_dags/example_skip_dag.py took 0.214 seconds
[2022-02-05 19:42:35,065] {processor.py:163} INFO - Started process (PID=2476) to work on /home/airflow/.local/lib/python3.7/site-packages/airflow/example_dags/example_skip_dag.py
[2022-02-05 19:42:35,067] {processor.py:642} INFO - Processing file /home/airflow/.local/lib/python3.7/site-packages/airflow/example_dags/example_skip_dag.py for tasks to queue
[2022-02-05 19:42:35,068] {logging_mixin.py:109} INFO - [2022-02-05 19:42:35,068] {dagbag.py:500} INFO - Filling up the DagBag from /home/airflow/.local/lib/python3.7/site-packages/airflow/example_dags/example_skip_dag.py
[2022-02-05 19:42:35,209] {processor.py:654} INFO - DAG(s) dict_keys(['example_skip_dag']) retrieved from /home/airflow/.local/lib/python3.7/site-packages/airflow/example_dags/example_skip_dag.py
[2022-02-05 19:42:35,222] {logging_mixin.py:109} INFO - [2022-02-05 19:42:35,222] {dag.py:2396} INFO - Sync 1 DAGs
[2022-02-05 19:42:35,241] {logging_mixin.py:109} INFO - [2022-02-05 19:42:35,241] {dag.py:2935} INFO - Setting next_dagrun for example_skip_dag to 2022-02-04T19:42:35.241269+00:00
[2022-02-05 19:42:35,256] {processor.py:171} INFO - Processing /home/airflow/.local/lib/python3.7/site-packages/airflow/example_dags/example_skip_dag.py took 0.196 seconds
[2022-02-05 19:43:05,544] {processor.py:163} INFO - Started process (PID=2538) to work on /home/airflow/.local/lib/python3.7/site-packages/airflow/example_dags/example_skip_dag.py
[2022-02-05 19:43:05,545] {processor.py:642} INFO - Processing file /home/airflow/.local/lib/python3.7/site-packages/airflow/example_dags/example_skip_dag.py for tasks to queue
[2022-02-05 19:43:05,546] {logging_mixin.py:109} INFO - [2022-02-05 19:43:05,545] {dagbag.py:500} INFO - Filling up the DagBag from /home/airflow/.local/lib/python3.7/site-packages/airflow/example_dags/example_skip_dag.py
[2022-02-05 19:43:05,687] {processor.py:654} INFO - DAG(s) dict_keys(['example_skip_dag']) retrieved from /home/airflow/.local/lib/python3.7/site-packages/airflow/example_dags/example_skip_dag.py
[2022-02-05 19:43:05,701] {logging_mixin.py:109} INFO - [2022-02-05 19:43:05,701] {dag.py:2396} INFO - Sync 1 DAGs
[2022-02-05 19:43:05,724] {logging_mixin.py:109} INFO - [2022-02-05 19:43:05,724] {dag.py:2935} INFO - Setting next_dagrun for example_skip_dag to 2022-02-04T19:43:05.724433+00:00
[2022-02-05 19:43:05,741] {processor.py:171} INFO - Processing /home/airflow/.local/lib/python3.7/site-packages/airflow/example_dags/example_skip_dag.py took 0.202 seconds
[2022-02-05 19:43:36,332] {processor.py:163} INFO - Started process (PID=2592) to work on /home/airflow/.local/lib/python3.7/site-packages/airflow/example_dags/example_skip_dag.py
[2022-02-05 19:43:36,333] {processor.py:642} INFO - Processing file /home/airflow/.local/lib/python3.7/site-packages/airflow/example_dags/example_skip_dag.py for tasks to queue
[2022-02-05 19:43:36,333] {logging_mixin.py:109} INFO - [2022-02-05 19:43:36,333] {dagbag.py:500} INFO - Filling up the DagBag from /home/airflow/.local/lib/python3.7/site-packages/airflow/example_dags/example_skip_dag.py
[2022-02-05 19:43:36,437] {processor.py:654} INFO - DAG(s) dict_keys(['example_skip_dag']) retrieved from /home/airflow/.local/lib/python3.7/site-packages/airflow/example_dags/example_skip_dag.py
[2022-02-05 19:43:36,448] {logging_mixin.py:109} INFO - [2022-02-05 19:43:36,448] {dag.py:2396} INFO - Sync 1 DAGs
[2022-02-05 19:43:36,461] {logging_mixin.py:109} INFO - [2022-02-05 19:43:36,460] {dag.py:2935} INFO - Setting next_dagrun for example_skip_dag to 2022-02-04T19:43:36.460722+00:00
[2022-02-05 19:43:36,470] {processor.py:171} INFO - Processing /home/airflow/.local/lib/python3.7/site-packages/airflow/example_dags/example_skip_dag.py took 0.142 seconds
[2022-02-05 19:44:06,671] {processor.py:163} INFO - Started process (PID=2659) to work on /home/airflow/.local/lib/python3.7/site-packages/airflow/example_dags/example_skip_dag.py
[2022-02-05 19:44:06,672] {processor.py:642} INFO - Processing file /home/airflow/.local/lib/python3.7/site-packages/airflow/example_dags/example_skip_dag.py for tasks to queue
[2022-02-05 19:44:06,673] {logging_mixin.py:109} INFO - [2022-02-05 19:44:06,673] {dagbag.py:500} INFO - Filling up the DagBag from /home/airflow/.local/lib/python3.7/site-packages/airflow/example_dags/example_skip_dag.py
[2022-02-05 19:44:06,773] {processor.py:654} INFO - DAG(s) dict_keys(['example_skip_dag']) retrieved from /home/airflow/.local/lib/python3.7/site-packages/airflow/example_dags/example_skip_dag.py
[2022-02-05 19:44:06,781] {logging_mixin.py:109} INFO - [2022-02-05 19:44:06,781] {dag.py:2396} INFO - Sync 1 DAGs
[2022-02-05 19:44:06,792] {logging_mixin.py:109} INFO - [2022-02-05 19:44:06,792] {dag.py:2935} INFO - Setting next_dagrun for example_skip_dag to 2022-02-04T19:44:06.792169+00:00
[2022-02-05 19:44:06,800] {processor.py:171} INFO - Processing /home/airflow/.local/lib/python3.7/site-packages/airflow/example_dags/example_skip_dag.py took 0.132 seconds
[2022-02-05 19:44:37,748] {processor.py:163} INFO - Started process (PID=2711) to work on /home/airflow/.local/lib/python3.7/site-packages/airflow/example_dags/example_skip_dag.py
[2022-02-05 19:44:37,749] {processor.py:642} INFO - Processing file /home/airflow/.local/lib/python3.7/site-packages/airflow/example_dags/example_skip_dag.py for tasks to queue
[2022-02-05 19:44:37,749] {logging_mixin.py:109} INFO - [2022-02-05 19:44:37,749] {dagbag.py:500} INFO - Filling up the DagBag from /home/airflow/.local/lib/python3.7/site-packages/airflow/example_dags/example_skip_dag.py
[2022-02-05 19:44:37,773] {processor.py:654} INFO - DAG(s) dict_keys(['example_skip_dag']) retrieved from /home/airflow/.local/lib/python3.7/site-packages/airflow/example_dags/example_skip_dag.py
[2022-02-05 19:44:37,782] {logging_mixin.py:109} INFO - [2022-02-05 19:44:37,781] {dag.py:2396} INFO - Sync 1 DAGs
[2022-02-05 19:44:37,795] {logging_mixin.py:109} INFO - [2022-02-05 19:44:37,795] {dag.py:2935} INFO - Setting next_dagrun for example_skip_dag to 2022-02-04T19:44:37.795089+00:00
[2022-02-05 19:44:37,803] {processor.py:171} INFO - Processing /home/airflow/.local/lib/python3.7/site-packages/airflow/example_dags/example_skip_dag.py took 0.058 seconds
[2022-02-05 19:45:08,651] {processor.py:163} INFO - Started process (PID=2773) to work on /home/airflow/.local/lib/python3.7/site-packages/airflow/example_dags/example_skip_dag.py
[2022-02-05 19:45:08,652] {processor.py:642} INFO - Processing file /home/airflow/.local/lib/python3.7/site-packages/airflow/example_dags/example_skip_dag.py for tasks to queue
[2022-02-05 19:45:08,653] {logging_mixin.py:109} INFO - [2022-02-05 19:45:08,653] {dagbag.py:500} INFO - Filling up the DagBag from /home/airflow/.local/lib/python3.7/site-packages/airflow/example_dags/example_skip_dag.py
[2022-02-05 19:45:08,674] {processor.py:654} INFO - DAG(s) dict_keys(['example_skip_dag']) retrieved from /home/airflow/.local/lib/python3.7/site-packages/airflow/example_dags/example_skip_dag.py
[2022-02-05 19:45:08,683] {logging_mixin.py:109} INFO - [2022-02-05 19:45:08,683] {dag.py:2396} INFO - Sync 1 DAGs
[2022-02-05 19:45:08,696] {logging_mixin.py:109} INFO - [2022-02-05 19:45:08,696] {dag.py:2935} INFO - Setting next_dagrun for example_skip_dag to 2022-02-04T19:45:08.695909+00:00
[2022-02-05 19:45:08,704] {processor.py:171} INFO - Processing /home/airflow/.local/lib/python3.7/site-packages/airflow/example_dags/example_skip_dag.py took 0.055 seconds
[2022-02-05 19:45:39,450] {processor.py:163} INFO - Started process (PID=2826) to work on /home/airflow/.local/lib/python3.7/site-packages/airflow/example_dags/example_skip_dag.py
[2022-02-05 19:45:39,452] {processor.py:642} INFO - Processing file /home/airflow/.local/lib/python3.7/site-packages/airflow/example_dags/example_skip_dag.py for tasks to queue
[2022-02-05 19:45:39,452] {logging_mixin.py:109} INFO - [2022-02-05 19:45:39,452] {dagbag.py:500} INFO - Filling up the DagBag from /home/airflow/.local/lib/python3.7/site-packages/airflow/example_dags/example_skip_dag.py
[2022-02-05 19:45:39,474] {processor.py:654} INFO - DAG(s) dict_keys(['example_skip_dag']) retrieved from /home/airflow/.local/lib/python3.7/site-packages/airflow/example_dags/example_skip_dag.py
[2022-02-05 19:45:39,483] {logging_mixin.py:109} INFO - [2022-02-05 19:45:39,483] {dag.py:2396} INFO - Sync 1 DAGs
[2022-02-05 19:45:39,496] {logging_mixin.py:109} INFO - [2022-02-05 19:45:39,496] {dag.py:2935} INFO - Setting next_dagrun for example_skip_dag to 2022-02-04T19:45:39.496308+00:00
[2022-02-05 19:45:39,504] {processor.py:171} INFO - Processing /home/airflow/.local/lib/python3.7/site-packages/airflow/example_dags/example_skip_dag.py took 0.057 seconds
[2022-02-05 19:46:10,309] {processor.py:163} INFO - Started process (PID=2889) to work on /home/airflow/.local/lib/python3.7/site-packages/airflow/example_dags/example_skip_dag.py
[2022-02-05 19:46:10,310] {processor.py:642} INFO - Processing file /home/airflow/.local/lib/python3.7/site-packages/airflow/example_dags/example_skip_dag.py for tasks to queue
[2022-02-05 19:46:10,311] {logging_mixin.py:109} INFO - [2022-02-05 19:46:10,311] {dagbag.py:500} INFO - Filling up the DagBag from /home/airflow/.local/lib/python3.7/site-packages/airflow/example_dags/example_skip_dag.py
[2022-02-05 19:46:10,332] {processor.py:654} INFO - DAG(s) dict_keys(['example_skip_dag']) retrieved from /home/airflow/.local/lib/python3.7/site-packages/airflow/example_dags/example_skip_dag.py
[2022-02-05 19:46:10,340] {logging_mixin.py:109} INFO - [2022-02-05 19:46:10,340] {dag.py:2396} INFO - Sync 1 DAGs
[2022-02-05 19:46:10,353] {logging_mixin.py:109} INFO - [2022-02-05 19:46:10,353] {dag.py:2935} INFO - Setting next_dagrun for example_skip_dag to 2022-02-04T19:46:10.353057+00:00
[2022-02-05 19:46:10,363] {processor.py:171} INFO - Processing /home/airflow/.local/lib/python3.7/site-packages/airflow/example_dags/example_skip_dag.py took 0.056 seconds
[2022-02-05 19:46:41,156] {processor.py:163} INFO - Started process (PID=2950) to work on /home/airflow/.local/lib/python3.7/site-packages/airflow/example_dags/example_skip_dag.py
[2022-02-05 19:46:41,157] {processor.py:642} INFO - Processing file /home/airflow/.local/lib/python3.7/site-packages/airflow/example_dags/example_skip_dag.py for tasks to queue
[2022-02-05 19:46:41,158] {logging_mixin.py:109} INFO - [2022-02-05 19:46:41,158] {dagbag.py:500} INFO - Filling up the DagBag from /home/airflow/.local/lib/python3.7/site-packages/airflow/example_dags/example_skip_dag.py
[2022-02-05 19:46:41,180] {processor.py:654} INFO - DAG(s) dict_keys(['example_skip_dag']) retrieved from /home/airflow/.local/lib/python3.7/site-packages/airflow/example_dags/example_skip_dag.py
[2022-02-05 19:46:41,190] {logging_mixin.py:109} INFO - [2022-02-05 19:46:41,190] {dag.py:2396} INFO - Sync 1 DAGs
[2022-02-05 19:46:41,203] {logging_mixin.py:109} INFO - [2022-02-05 19:46:41,203] {dag.py:2935} INFO - Setting next_dagrun for example_skip_dag to 2022-02-04T19:46:41.202812+00:00
[2022-02-05 19:46:41,212] {processor.py:171} INFO - Processing /home/airflow/.local/lib/python3.7/site-packages/airflow/example_dags/example_skip_dag.py took 0.058 seconds
[2022-02-05 19:47:11,911] {processor.py:163} INFO - Started process (PID=3001) to work on /home/airflow/.local/lib/python3.7/site-packages/airflow/example_dags/example_skip_dag.py
[2022-02-05 19:47:11,912] {processor.py:642} INFO - Processing file /home/airflow/.local/lib/python3.7/site-packages/airflow/example_dags/example_skip_dag.py for tasks to queue
[2022-02-05 19:47:11,913] {logging_mixin.py:109} INFO - [2022-02-05 19:47:11,913] {dagbag.py:500} INFO - Filling up the DagBag from /home/airflow/.local/lib/python3.7/site-packages/airflow/example_dags/example_skip_dag.py
[2022-02-05 19:47:11,938] {processor.py:654} INFO - DAG(s) dict_keys(['example_skip_dag']) retrieved from /home/airflow/.local/lib/python3.7/site-packages/airflow/example_dags/example_skip_dag.py
[2022-02-05 19:47:11,947] {logging_mixin.py:109} INFO - [2022-02-05 19:47:11,947] {dag.py:2396} INFO - Sync 1 DAGs
[2022-02-05 19:47:11,962] {logging_mixin.py:109} INFO - [2022-02-05 19:47:11,962] {dag.py:2935} INFO - Setting next_dagrun for example_skip_dag to 2022-02-04T19:47:11.962555+00:00
[2022-02-05 19:47:11,972] {processor.py:171} INFO - Processing /home/airflow/.local/lib/python3.7/site-packages/airflow/example_dags/example_skip_dag.py took 0.065 seconds
[2022-02-05 19:47:42,740] {processor.py:163} INFO - Started process (PID=3063) to work on /home/airflow/.local/lib/python3.7/site-packages/airflow/example_dags/example_skip_dag.py
[2022-02-05 19:47:42,742] {processor.py:642} INFO - Processing file /home/airflow/.local/lib/python3.7/site-packages/airflow/example_dags/example_skip_dag.py for tasks to queue
[2022-02-05 19:47:42,742] {logging_mixin.py:109} INFO - [2022-02-05 19:47:42,742] {dagbag.py:500} INFO - Filling up the DagBag from /home/airflow/.local/lib/python3.7/site-packages/airflow/example_dags/example_skip_dag.py
[2022-02-05 19:47:42,766] {processor.py:654} INFO - DAG(s) dict_keys(['example_skip_dag']) retrieved from /home/airflow/.local/lib/python3.7/site-packages/airflow/example_dags/example_skip_dag.py
[2022-02-05 19:47:42,775] {logging_mixin.py:109} INFO - [2022-02-05 19:47:42,775] {dag.py:2396} INFO - Sync 1 DAGs
[2022-02-05 19:47:42,788] {logging_mixin.py:109} INFO - [2022-02-05 19:47:42,788] {dag.py:2935} INFO - Setting next_dagrun for example_skip_dag to 2022-02-04T19:47:42.788475+00:00
[2022-02-05 19:47:42,798] {processor.py:171} INFO - Processing /home/airflow/.local/lib/python3.7/site-packages/airflow/example_dags/example_skip_dag.py took 0.060 seconds
[2022-02-05 19:48:13,857] {processor.py:163} INFO - Started process (PID=3116) to work on /home/airflow/.local/lib/python3.7/site-packages/airflow/example_dags/example_skip_dag.py
[2022-02-05 19:48:13,858] {processor.py:642} INFO - Processing file /home/airflow/.local/lib/python3.7/site-packages/airflow/example_dags/example_skip_dag.py for tasks to queue
[2022-02-05 19:48:13,859] {logging_mixin.py:109} INFO - [2022-02-05 19:48:13,859] {dagbag.py:500} INFO - Filling up the DagBag from /home/airflow/.local/lib/python3.7/site-packages/airflow/example_dags/example_skip_dag.py
[2022-02-05 19:48:13,889] {processor.py:654} INFO - DAG(s) dict_keys(['example_skip_dag']) retrieved from /home/airflow/.local/lib/python3.7/site-packages/airflow/example_dags/example_skip_dag.py
[2022-02-05 19:48:13,902] {logging_mixin.py:109} INFO - [2022-02-05 19:48:13,902] {dag.py:2396} INFO - Sync 1 DAGs
[2022-02-05 19:48:13,924] {logging_mixin.py:109} INFO - [2022-02-05 19:48:13,923] {dag.py:2935} INFO - Setting next_dagrun for example_skip_dag to 2022-02-04T19:48:13.923628+00:00
[2022-02-05 19:48:13,937] {processor.py:171} INFO - Processing /home/airflow/.local/lib/python3.7/site-packages/airflow/example_dags/example_skip_dag.py took 0.084 seconds
[2022-02-05 19:48:44,351] {processor.py:163} INFO - Started process (PID=3179) to work on /home/airflow/.local/lib/python3.7/site-packages/airflow/example_dags/example_skip_dag.py
[2022-02-05 19:48:44,353] {processor.py:642} INFO - Processing file /home/airflow/.local/lib/python3.7/site-packages/airflow/example_dags/example_skip_dag.py for tasks to queue
[2022-02-05 19:48:44,353] {logging_mixin.py:109} INFO - [2022-02-05 19:48:44,353] {dagbag.py:500} INFO - Filling up the DagBag from /home/airflow/.local/lib/python3.7/site-packages/airflow/example_dags/example_skip_dag.py
[2022-02-05 19:48:44,378] {processor.py:654} INFO - DAG(s) dict_keys(['example_skip_dag']) retrieved from /home/airflow/.local/lib/python3.7/site-packages/airflow/example_dags/example_skip_dag.py
[2022-02-05 19:48:44,387] {logging_mixin.py:109} INFO - [2022-02-05 19:48:44,387] {dag.py:2396} INFO - Sync 1 DAGs
[2022-02-05 19:48:44,401] {logging_mixin.py:109} INFO - [2022-02-05 19:48:44,401] {dag.py:2935} INFO - Setting next_dagrun for example_skip_dag to 2022-02-04T19:48:44.401488+00:00
[2022-02-05 19:48:44,412] {processor.py:171} INFO - Processing /home/airflow/.local/lib/python3.7/site-packages/airflow/example_dags/example_skip_dag.py took 0.063 seconds
[2022-02-05 19:49:14,980] {processor.py:163} INFO - Started process (PID=3234) to work on /home/airflow/.local/lib/python3.7/site-packages/airflow/example_dags/example_skip_dag.py
[2022-02-05 19:49:14,981] {processor.py:642} INFO - Processing file /home/airflow/.local/lib/python3.7/site-packages/airflow/example_dags/example_skip_dag.py for tasks to queue
[2022-02-05 19:49:14,981] {logging_mixin.py:109} INFO - [2022-02-05 19:49:14,981] {dagbag.py:500} INFO - Filling up the DagBag from /home/airflow/.local/lib/python3.7/site-packages/airflow/example_dags/example_skip_dag.py
[2022-02-05 19:49:15,010] {processor.py:654} INFO - DAG(s) dict_keys(['example_skip_dag']) retrieved from /home/airflow/.local/lib/python3.7/site-packages/airflow/example_dags/example_skip_dag.py
[2022-02-05 19:49:15,020] {logging_mixin.py:109} INFO - [2022-02-05 19:49:15,020] {dag.py:2396} INFO - Sync 1 DAGs
[2022-02-05 19:49:15,036] {logging_mixin.py:109} INFO - [2022-02-05 19:49:15,036] {dag.py:2935} INFO - Setting next_dagrun for example_skip_dag to 2022-02-04T19:49:15.036470+00:00
[2022-02-05 19:49:15,047] {processor.py:171} INFO - Processing /home/airflow/.local/lib/python3.7/site-packages/airflow/example_dags/example_skip_dag.py took 0.074 seconds
[2022-02-05 19:49:45,710] {processor.py:163} INFO - Started process (PID=3297) to work on /home/airflow/.local/lib/python3.7/site-packages/airflow/example_dags/example_skip_dag.py
[2022-02-05 19:49:45,713] {processor.py:642} INFO - Processing file /home/airflow/.local/lib/python3.7/site-packages/airflow/example_dags/example_skip_dag.py for tasks to queue
[2022-02-05 19:49:45,714] {logging_mixin.py:109} INFO - [2022-02-05 19:49:45,714] {dagbag.py:500} INFO - Filling up the DagBag from /home/airflow/.local/lib/python3.7/site-packages/airflow/example_dags/example_skip_dag.py
[2022-02-05 19:49:45,756] {processor.py:654} INFO - DAG(s) dict_keys(['example_skip_dag']) retrieved from /home/airflow/.local/lib/python3.7/site-packages/airflow/example_dags/example_skip_dag.py
[2022-02-05 19:49:45,774] {logging_mixin.py:109} INFO - [2022-02-05 19:49:45,774] {dag.py:2396} INFO - Sync 1 DAGs
[2022-02-05 19:49:45,803] {logging_mixin.py:109} INFO - [2022-02-05 19:49:45,803] {dag.py:2935} INFO - Setting next_dagrun for example_skip_dag to 2022-02-04T19:49:45.802652+00:00
[2022-02-05 19:49:45,821] {processor.py:171} INFO - Processing /home/airflow/.local/lib/python3.7/site-packages/airflow/example_dags/example_skip_dag.py took 0.117 seconds
[2022-02-05 19:50:16,690] {processor.py:163} INFO - Started process (PID=3350) to work on /home/airflow/.local/lib/python3.7/site-packages/airflow/example_dags/example_skip_dag.py
[2022-02-05 19:50:16,691] {processor.py:642} INFO - Processing file /home/airflow/.local/lib/python3.7/site-packages/airflow/example_dags/example_skip_dag.py for tasks to queue
[2022-02-05 19:50:16,691] {logging_mixin.py:109} INFO - [2022-02-05 19:50:16,691] {dagbag.py:500} INFO - Filling up the DagBag from /home/airflow/.local/lib/python3.7/site-packages/airflow/example_dags/example_skip_dag.py
[2022-02-05 19:50:16,712] {processor.py:654} INFO - DAG(s) dict_keys(['example_skip_dag']) retrieved from /home/airflow/.local/lib/python3.7/site-packages/airflow/example_dags/example_skip_dag.py
[2022-02-05 19:50:16,720] {logging_mixin.py:109} INFO - [2022-02-05 19:50:16,720] {dag.py:2396} INFO - Sync 1 DAGs
[2022-02-05 19:50:16,733] {logging_mixin.py:109} INFO - [2022-02-05 19:50:16,733] {dag.py:2935} INFO - Setting next_dagrun for example_skip_dag to 2022-02-04T19:50:16.733455+00:00
[2022-02-05 19:50:16,743] {processor.py:171} INFO - Processing /home/airflow/.local/lib/python3.7/site-packages/airflow/example_dags/example_skip_dag.py took 0.056 seconds
[2022-02-05 19:50:47,916] {processor.py:163} INFO - Started process (PID=3411) to work on /home/airflow/.local/lib/python3.7/site-packages/airflow/example_dags/example_skip_dag.py
[2022-02-05 19:50:47,918] {processor.py:642} INFO - Processing file /home/airflow/.local/lib/python3.7/site-packages/airflow/example_dags/example_skip_dag.py for tasks to queue
[2022-02-05 19:50:47,920] {logging_mixin.py:109} INFO - [2022-02-05 19:50:47,919] {dagbag.py:500} INFO - Filling up the DagBag from /home/airflow/.local/lib/python3.7/site-packages/airflow/example_dags/example_skip_dag.py
[2022-02-05 19:50:47,981] {processor.py:654} INFO - DAG(s) dict_keys(['example_skip_dag']) retrieved from /home/airflow/.local/lib/python3.7/site-packages/airflow/example_dags/example_skip_dag.py
[2022-02-05 19:50:48,007] {logging_mixin.py:109} INFO - [2022-02-05 19:50:48,007] {dag.py:2396} INFO - Sync 1 DAGs
[2022-02-05 19:50:48,043] {logging_mixin.py:109} INFO - [2022-02-05 19:50:48,043] {dag.py:2935} INFO - Setting next_dagrun for example_skip_dag to 2022-02-04T19:50:48.042887+00:00
[2022-02-05 19:50:48,061] {processor.py:171} INFO - Processing /home/airflow/.local/lib/python3.7/site-packages/airflow/example_dags/example_skip_dag.py took 0.150 seconds
