[2022-02-05 19:21:01,580] {processor.py:163} INFO - Started process (PID=44) to work on /home/airflow/.local/lib/python3.7/site-packages/airflow/example_dags/example_branch_labels.py
[2022-02-05 19:21:01,582] {processor.py:642} INFO - Processing file /home/airflow/.local/lib/python3.7/site-packages/airflow/example_dags/example_branch_labels.py for tasks to queue
[2022-02-05 19:21:01,583] {logging_mixin.py:109} INFO - [2022-02-05 19:21:01,583] {dagbag.py:500} INFO - Filling up the DagBag from /home/airflow/.local/lib/python3.7/site-packages/airflow/example_dags/example_branch_labels.py
[2022-02-05 19:21:01,627] {processor.py:654} INFO - DAG(s) dict_keys(['example_branch_labels']) retrieved from /home/airflow/.local/lib/python3.7/site-packages/airflow/example_dags/example_branch_labels.py
[2022-02-05 19:21:01,645] {logging_mixin.py:109} INFO - [2022-02-05 19:21:01,644] {dag.py:2396} INFO - Sync 1 DAGs
[2022-02-05 19:21:01,668] {logging_mixin.py:109} INFO - [2022-02-05 19:21:01,667] {dag.py:2935} INFO - Setting next_dagrun for example_branch_labels to 2022-02-04 00:00:00+00:00
[2022-02-05 19:21:01,680] {processor.py:171} INFO - Processing /home/airflow/.local/lib/python3.7/site-packages/airflow/example_dags/example_branch_labels.py took 0.106 seconds
[2022-02-05 19:21:31,860] {processor.py:163} INFO - Started process (PID=95) to work on /home/airflow/.local/lib/python3.7/site-packages/airflow/example_dags/example_branch_labels.py
[2022-02-05 19:21:31,860] {processor.py:642} INFO - Processing file /home/airflow/.local/lib/python3.7/site-packages/airflow/example_dags/example_branch_labels.py for tasks to queue
[2022-02-05 19:21:31,861] {logging_mixin.py:109} INFO - [2022-02-05 19:21:31,861] {dagbag.py:500} INFO - Filling up the DagBag from /home/airflow/.local/lib/python3.7/site-packages/airflow/example_dags/example_branch_labels.py
[2022-02-05 19:21:31,885] {processor.py:654} INFO - DAG(s) dict_keys(['example_branch_labels']) retrieved from /home/airflow/.local/lib/python3.7/site-packages/airflow/example_dags/example_branch_labels.py
[2022-02-05 19:21:31,894] {logging_mixin.py:109} INFO - [2022-02-05 19:21:31,894] {dag.py:2396} INFO - Sync 1 DAGs
[2022-02-05 19:21:31,913] {logging_mixin.py:109} INFO - [2022-02-05 19:21:31,913] {dag.py:2935} INFO - Setting next_dagrun for example_branch_labels to 2022-02-04 00:00:00+00:00
[2022-02-05 19:21:31,923] {processor.py:171} INFO - Processing /home/airflow/.local/lib/python3.7/site-packages/airflow/example_dags/example_branch_labels.py took 0.066 seconds
[2022-02-05 19:22:02,674] {processor.py:163} INFO - Started process (PID=156) to work on /home/airflow/.local/lib/python3.7/site-packages/airflow/example_dags/example_branch_labels.py
[2022-02-05 19:22:02,686] {processor.py:642} INFO - Processing file /home/airflow/.local/lib/python3.7/site-packages/airflow/example_dags/example_branch_labels.py for tasks to queue
[2022-02-05 19:22:02,687] {logging_mixin.py:109} INFO - [2022-02-05 19:22:02,686] {dagbag.py:500} INFO - Filling up the DagBag from /home/airflow/.local/lib/python3.7/site-packages/airflow/example_dags/example_branch_labels.py
[2022-02-05 19:22:02,730] {processor.py:654} INFO - DAG(s) dict_keys(['example_branch_labels']) retrieved from /home/airflow/.local/lib/python3.7/site-packages/airflow/example_dags/example_branch_labels.py
[2022-02-05 19:22:02,747] {logging_mixin.py:109} INFO - [2022-02-05 19:22:02,747] {dag.py:2396} INFO - Sync 1 DAGs
[2022-02-05 19:22:02,773] {logging_mixin.py:109} INFO - [2022-02-05 19:22:02,773] {dag.py:2935} INFO - Setting next_dagrun for example_branch_labels to 2022-02-04 00:00:00+00:00
[2022-02-05 19:22:02,789] {processor.py:171} INFO - Processing /home/airflow/.local/lib/python3.7/site-packages/airflow/example_dags/example_branch_labels.py took 0.127 seconds
[2022-02-05 19:22:32,827] {processor.py:163} INFO - Started process (PID=213) to work on /home/airflow/.local/lib/python3.7/site-packages/airflow/example_dags/example_branch_labels.py
[2022-02-05 19:22:32,830] {processor.py:642} INFO - Processing file /home/airflow/.local/lib/python3.7/site-packages/airflow/example_dags/example_branch_labels.py for tasks to queue
[2022-02-05 19:22:32,831] {logging_mixin.py:109} INFO - [2022-02-05 19:22:32,830] {dagbag.py:500} INFO - Filling up the DagBag from /home/airflow/.local/lib/python3.7/site-packages/airflow/example_dags/example_branch_labels.py
[2022-02-05 19:22:32,876] {processor.py:654} INFO - DAG(s) dict_keys(['example_branch_labels']) retrieved from /home/airflow/.local/lib/python3.7/site-packages/airflow/example_dags/example_branch_labels.py
[2022-02-05 19:22:32,895] {logging_mixin.py:109} INFO - [2022-02-05 19:22:32,895] {dag.py:2396} INFO - Sync 1 DAGs
[2022-02-05 19:22:32,929] {logging_mixin.py:109} INFO - [2022-02-05 19:22:32,929] {dag.py:2935} INFO - Setting next_dagrun for example_branch_labels to 2022-02-04 00:00:00+00:00
[2022-02-05 19:22:32,954] {processor.py:171} INFO - Processing /home/airflow/.local/lib/python3.7/site-packages/airflow/example_dags/example_branch_labels.py took 0.131 seconds
[2022-02-05 19:23:03,615] {processor.py:163} INFO - Started process (PID=265) to work on /home/airflow/.local/lib/python3.7/site-packages/airflow/example_dags/example_branch_labels.py
[2022-02-05 19:23:03,616] {processor.py:642} INFO - Processing file /home/airflow/.local/lib/python3.7/site-packages/airflow/example_dags/example_branch_labels.py for tasks to queue
[2022-02-05 19:23:03,616] {logging_mixin.py:109} INFO - [2022-02-05 19:23:03,616] {dagbag.py:500} INFO - Filling up the DagBag from /home/airflow/.local/lib/python3.7/site-packages/airflow/example_dags/example_branch_labels.py
[2022-02-05 19:23:03,679] {processor.py:654} INFO - DAG(s) dict_keys(['example_branch_labels']) retrieved from /home/airflow/.local/lib/python3.7/site-packages/airflow/example_dags/example_branch_labels.py
[2022-02-05 19:23:03,694] {logging_mixin.py:109} INFO - [2022-02-05 19:23:03,694] {dag.py:2396} INFO - Sync 1 DAGs
[2022-02-05 19:23:03,719] {logging_mixin.py:109} INFO - [2022-02-05 19:23:03,719] {dag.py:2935} INFO - Setting next_dagrun for example_branch_labels to 2022-02-04 00:00:00+00:00
[2022-02-05 19:23:03,734] {processor.py:171} INFO - Processing /home/airflow/.local/lib/python3.7/site-packages/airflow/example_dags/example_branch_labels.py took 0.123 seconds
[2022-02-05 19:23:34,639] {processor.py:163} INFO - Started process (PID=328) to work on /home/airflow/.local/lib/python3.7/site-packages/airflow/example_dags/example_branch_labels.py
[2022-02-05 19:23:34,651] {processor.py:642} INFO - Processing file /home/airflow/.local/lib/python3.7/site-packages/airflow/example_dags/example_branch_labels.py for tasks to queue
[2022-02-05 19:23:34,652] {logging_mixin.py:109} INFO - [2022-02-05 19:23:34,652] {dagbag.py:500} INFO - Filling up the DagBag from /home/airflow/.local/lib/python3.7/site-packages/airflow/example_dags/example_branch_labels.py
[2022-02-05 19:23:34,679] {processor.py:654} INFO - DAG(s) dict_keys(['example_branch_labels']) retrieved from /home/airflow/.local/lib/python3.7/site-packages/airflow/example_dags/example_branch_labels.py
[2022-02-05 19:23:34,689] {logging_mixin.py:109} INFO - [2022-02-05 19:23:34,689] {dag.py:2396} INFO - Sync 1 DAGs
[2022-02-05 19:23:34,708] {logging_mixin.py:109} INFO - [2022-02-05 19:23:34,707] {dag.py:2935} INFO - Setting next_dagrun for example_branch_labels to 2022-02-04 00:00:00+00:00
[2022-02-05 19:23:34,717] {processor.py:171} INFO - Processing /home/airflow/.local/lib/python3.7/site-packages/airflow/example_dags/example_branch_labels.py took 0.081 seconds
[2022-02-05 19:24:04,793] {processor.py:163} INFO - Started process (PID=381) to work on /home/airflow/.local/lib/python3.7/site-packages/airflow/example_dags/example_branch_labels.py
[2022-02-05 19:24:04,794] {processor.py:642} INFO - Processing file /home/airflow/.local/lib/python3.7/site-packages/airflow/example_dags/example_branch_labels.py for tasks to queue
[2022-02-05 19:24:04,795] {logging_mixin.py:109} INFO - [2022-02-05 19:24:04,795] {dagbag.py:500} INFO - Filling up the DagBag from /home/airflow/.local/lib/python3.7/site-packages/airflow/example_dags/example_branch_labels.py
[2022-02-05 19:24:04,826] {processor.py:654} INFO - DAG(s) dict_keys(['example_branch_labels']) retrieved from /home/airflow/.local/lib/python3.7/site-packages/airflow/example_dags/example_branch_labels.py
[2022-02-05 19:24:04,840] {logging_mixin.py:109} INFO - [2022-02-05 19:24:04,839] {dag.py:2396} INFO - Sync 1 DAGs
[2022-02-05 19:24:04,860] {logging_mixin.py:109} INFO - [2022-02-05 19:24:04,860] {dag.py:2935} INFO - Setting next_dagrun for example_branch_labels to 2022-02-04 00:00:00+00:00
[2022-02-05 19:24:04,873] {processor.py:171} INFO - Processing /home/airflow/.local/lib/python3.7/site-packages/airflow/example_dags/example_branch_labels.py took 0.084 seconds
[2022-02-05 19:24:35,761] {processor.py:163} INFO - Started process (PID=443) to work on /home/airflow/.local/lib/python3.7/site-packages/airflow/example_dags/example_branch_labels.py
[2022-02-05 19:24:35,764] {processor.py:642} INFO - Processing file /home/airflow/.local/lib/python3.7/site-packages/airflow/example_dags/example_branch_labels.py for tasks to queue
[2022-02-05 19:24:35,764] {logging_mixin.py:109} INFO - [2022-02-05 19:24:35,764] {dagbag.py:500} INFO - Filling up the DagBag from /home/airflow/.local/lib/python3.7/site-packages/airflow/example_dags/example_branch_labels.py
[2022-02-05 19:24:35,798] {processor.py:654} INFO - DAG(s) dict_keys(['example_branch_labels']) retrieved from /home/airflow/.local/lib/python3.7/site-packages/airflow/example_dags/example_branch_labels.py
[2022-02-05 19:24:35,811] {logging_mixin.py:109} INFO - [2022-02-05 19:24:35,811] {dag.py:2396} INFO - Sync 1 DAGs
[2022-02-05 19:24:35,832] {logging_mixin.py:109} INFO - [2022-02-05 19:24:35,832] {dag.py:2935} INFO - Setting next_dagrun for example_branch_labels to 2022-02-04 00:00:00+00:00
[2022-02-05 19:24:35,844] {processor.py:171} INFO - Processing /home/airflow/.local/lib/python3.7/site-packages/airflow/example_dags/example_branch_labels.py took 0.087 seconds
[2022-02-05 19:25:06,451] {processor.py:163} INFO - Started process (PID=497) to work on /home/airflow/.local/lib/python3.7/site-packages/airflow/example_dags/example_branch_labels.py
[2022-02-05 19:25:06,452] {processor.py:642} INFO - Processing file /home/airflow/.local/lib/python3.7/site-packages/airflow/example_dags/example_branch_labels.py for tasks to queue
[2022-02-05 19:25:06,453] {logging_mixin.py:109} INFO - [2022-02-05 19:25:06,452] {dagbag.py:500} INFO - Filling up the DagBag from /home/airflow/.local/lib/python3.7/site-packages/airflow/example_dags/example_branch_labels.py
[2022-02-05 19:25:06,476] {processor.py:654} INFO - DAG(s) dict_keys(['example_branch_labels']) retrieved from /home/airflow/.local/lib/python3.7/site-packages/airflow/example_dags/example_branch_labels.py
[2022-02-05 19:25:06,484] {logging_mixin.py:109} INFO - [2022-02-05 19:25:06,484] {dag.py:2396} INFO - Sync 1 DAGs
[2022-02-05 19:25:06,499] {logging_mixin.py:109} INFO - [2022-02-05 19:25:06,499] {dag.py:2935} INFO - Setting next_dagrun for example_branch_labels to 2022-02-04 00:00:00+00:00
[2022-02-05 19:25:06,507] {processor.py:171} INFO - Processing /home/airflow/.local/lib/python3.7/site-packages/airflow/example_dags/example_branch_labels.py took 0.060 seconds
[2022-02-05 19:25:36,811] {processor.py:163} INFO - Started process (PID=559) to work on /home/airflow/.local/lib/python3.7/site-packages/airflow/example_dags/example_branch_labels.py
[2022-02-05 19:25:36,813] {processor.py:642} INFO - Processing file /home/airflow/.local/lib/python3.7/site-packages/airflow/example_dags/example_branch_labels.py for tasks to queue
[2022-02-05 19:25:36,814] {logging_mixin.py:109} INFO - [2022-02-05 19:25:36,814] {dagbag.py:500} INFO - Filling up the DagBag from /home/airflow/.local/lib/python3.7/site-packages/airflow/example_dags/example_branch_labels.py
[2022-02-05 19:25:36,842] {processor.py:654} INFO - DAG(s) dict_keys(['example_branch_labels']) retrieved from /home/airflow/.local/lib/python3.7/site-packages/airflow/example_dags/example_branch_labels.py
[2022-02-05 19:25:36,854] {logging_mixin.py:109} INFO - [2022-02-05 19:25:36,853] {dag.py:2396} INFO - Sync 1 DAGs
[2022-02-05 19:25:36,873] {logging_mixin.py:109} INFO - [2022-02-05 19:25:36,873] {dag.py:2935} INFO - Setting next_dagrun for example_branch_labels to 2022-02-04 00:00:00+00:00
[2022-02-05 19:25:36,883] {processor.py:171} INFO - Processing /home/airflow/.local/lib/python3.7/site-packages/airflow/example_dags/example_branch_labels.py took 0.075 seconds
[2022-02-05 19:26:07,103] {processor.py:163} INFO - Started process (PID=612) to work on /home/airflow/.local/lib/python3.7/site-packages/airflow/example_dags/example_branch_labels.py
[2022-02-05 19:26:07,104] {processor.py:642} INFO - Processing file /home/airflow/.local/lib/python3.7/site-packages/airflow/example_dags/example_branch_labels.py for tasks to queue
[2022-02-05 19:26:07,105] {logging_mixin.py:109} INFO - [2022-02-05 19:26:07,105] {dagbag.py:500} INFO - Filling up the DagBag from /home/airflow/.local/lib/python3.7/site-packages/airflow/example_dags/example_branch_labels.py
[2022-02-05 19:26:07,135] {processor.py:654} INFO - DAG(s) dict_keys(['example_branch_labels']) retrieved from /home/airflow/.local/lib/python3.7/site-packages/airflow/example_dags/example_branch_labels.py
[2022-02-05 19:26:07,148] {logging_mixin.py:109} INFO - [2022-02-05 19:26:07,148] {dag.py:2396} INFO - Sync 1 DAGs
[2022-02-05 19:26:07,167] {logging_mixin.py:109} INFO - [2022-02-05 19:26:07,167] {dag.py:2935} INFO - Setting next_dagrun for example_branch_labels to 2022-02-04 00:00:00+00:00
[2022-02-05 19:26:07,175] {processor.py:171} INFO - Processing /home/airflow/.local/lib/python3.7/site-packages/airflow/example_dags/example_branch_labels.py took 0.075 seconds
[2022-02-05 19:26:38,023] {processor.py:163} INFO - Started process (PID=665) to work on /home/airflow/.local/lib/python3.7/site-packages/airflow/example_dags/example_branch_labels.py
[2022-02-05 19:26:38,024] {processor.py:642} INFO - Processing file /home/airflow/.local/lib/python3.7/site-packages/airflow/example_dags/example_branch_labels.py for tasks to queue
[2022-02-05 19:26:38,024] {logging_mixin.py:109} INFO - [2022-02-05 19:26:38,024] {dagbag.py:500} INFO - Filling up the DagBag from /home/airflow/.local/lib/python3.7/site-packages/airflow/example_dags/example_branch_labels.py
[2022-02-05 19:26:38,051] {processor.py:654} INFO - DAG(s) dict_keys(['example_branch_labels']) retrieved from /home/airflow/.local/lib/python3.7/site-packages/airflow/example_dags/example_branch_labels.py
[2022-02-05 19:26:38,059] {logging_mixin.py:109} INFO - [2022-02-05 19:26:38,059] {dag.py:2396} INFO - Sync 1 DAGs
[2022-02-05 19:26:38,073] {logging_mixin.py:109} INFO - [2022-02-05 19:26:38,073] {dag.py:2935} INFO - Setting next_dagrun for example_branch_labels to 2022-02-04 00:00:00+00:00
[2022-02-05 19:26:38,081] {processor.py:171} INFO - Processing /home/airflow/.local/lib/python3.7/site-packages/airflow/example_dags/example_branch_labels.py took 0.061 seconds
[2022-02-05 19:27:08,494] {processor.py:163} INFO - Started process (PID=728) to work on /home/airflow/.local/lib/python3.7/site-packages/airflow/example_dags/example_branch_labels.py
[2022-02-05 19:27:08,499] {processor.py:642} INFO - Processing file /home/airflow/.local/lib/python3.7/site-packages/airflow/example_dags/example_branch_labels.py for tasks to queue
[2022-02-05 19:27:08,499] {logging_mixin.py:109} INFO - [2022-02-05 19:27:08,499] {dagbag.py:500} INFO - Filling up the DagBag from /home/airflow/.local/lib/python3.7/site-packages/airflow/example_dags/example_branch_labels.py
[2022-02-05 19:27:08,527] {processor.py:654} INFO - DAG(s) dict_keys(['example_branch_labels']) retrieved from /home/airflow/.local/lib/python3.7/site-packages/airflow/example_dags/example_branch_labels.py
[2022-02-05 19:27:08,537] {logging_mixin.py:109} INFO - [2022-02-05 19:27:08,537] {dag.py:2396} INFO - Sync 1 DAGs
[2022-02-05 19:27:08,556] {logging_mixin.py:109} INFO - [2022-02-05 19:27:08,556] {dag.py:2935} INFO - Setting next_dagrun for example_branch_labels to 2022-02-04 00:00:00+00:00
[2022-02-05 19:27:08,566] {processor.py:171} INFO - Processing /home/airflow/.local/lib/python3.7/site-packages/airflow/example_dags/example_branch_labels.py took 0.076 seconds
[2022-02-05 19:27:38,860] {processor.py:163} INFO - Started process (PID=780) to work on /home/airflow/.local/lib/python3.7/site-packages/airflow/example_dags/example_branch_labels.py
[2022-02-05 19:27:38,861] {processor.py:642} INFO - Processing file /home/airflow/.local/lib/python3.7/site-packages/airflow/example_dags/example_branch_labels.py for tasks to queue
[2022-02-05 19:27:38,861] {logging_mixin.py:109} INFO - [2022-02-05 19:27:38,861] {dagbag.py:500} INFO - Filling up the DagBag from /home/airflow/.local/lib/python3.7/site-packages/airflow/example_dags/example_branch_labels.py
[2022-02-05 19:27:38,887] {processor.py:654} INFO - DAG(s) dict_keys(['example_branch_labels']) retrieved from /home/airflow/.local/lib/python3.7/site-packages/airflow/example_dags/example_branch_labels.py
[2022-02-05 19:27:38,896] {logging_mixin.py:109} INFO - [2022-02-05 19:27:38,895] {dag.py:2396} INFO - Sync 1 DAGs
[2022-02-05 19:27:38,911] {logging_mixin.py:109} INFO - [2022-02-05 19:27:38,911] {dag.py:2935} INFO - Setting next_dagrun for example_branch_labels to 2022-02-04 00:00:00+00:00
[2022-02-05 19:27:38,920] {processor.py:171} INFO - Processing /home/airflow/.local/lib/python3.7/site-packages/airflow/example_dags/example_branch_labels.py took 0.063 seconds
[2022-02-05 19:28:09,235] {processor.py:163} INFO - Started process (PID=843) to work on /home/airflow/.local/lib/python3.7/site-packages/airflow/example_dags/example_branch_labels.py
[2022-02-05 19:28:09,238] {processor.py:642} INFO - Processing file /home/airflow/.local/lib/python3.7/site-packages/airflow/example_dags/example_branch_labels.py for tasks to queue
[2022-02-05 19:28:09,238] {logging_mixin.py:109} INFO - [2022-02-05 19:28:09,238] {dagbag.py:500} INFO - Filling up the DagBag from /home/airflow/.local/lib/python3.7/site-packages/airflow/example_dags/example_branch_labels.py
[2022-02-05 19:28:09,262] {processor.py:654} INFO - DAG(s) dict_keys(['example_branch_labels']) retrieved from /home/airflow/.local/lib/python3.7/site-packages/airflow/example_dags/example_branch_labels.py
[2022-02-05 19:28:09,272] {logging_mixin.py:109} INFO - [2022-02-05 19:28:09,271] {dag.py:2396} INFO - Sync 1 DAGs
[2022-02-05 19:28:09,287] {logging_mixin.py:109} INFO - [2022-02-05 19:28:09,287] {dag.py:2935} INFO - Setting next_dagrun for example_branch_labels to 2022-02-04 00:00:00+00:00
[2022-02-05 19:28:09,296] {processor.py:171} INFO - Processing /home/airflow/.local/lib/python3.7/site-packages/airflow/example_dags/example_branch_labels.py took 0.064 seconds
[2022-02-05 19:28:40,013] {processor.py:163} INFO - Started process (PID=896) to work on /home/airflow/.local/lib/python3.7/site-packages/airflow/example_dags/example_branch_labels.py
[2022-02-05 19:28:40,015] {processor.py:642} INFO - Processing file /home/airflow/.local/lib/python3.7/site-packages/airflow/example_dags/example_branch_labels.py for tasks to queue
[2022-02-05 19:28:40,015] {logging_mixin.py:109} INFO - [2022-02-05 19:28:40,015] {dagbag.py:500} INFO - Filling up the DagBag from /home/airflow/.local/lib/python3.7/site-packages/airflow/example_dags/example_branch_labels.py
[2022-02-05 19:28:40,038] {processor.py:654} INFO - DAG(s) dict_keys(['example_branch_labels']) retrieved from /home/airflow/.local/lib/python3.7/site-packages/airflow/example_dags/example_branch_labels.py
[2022-02-05 19:28:40,047] {logging_mixin.py:109} INFO - [2022-02-05 19:28:40,047] {dag.py:2396} INFO - Sync 1 DAGs
[2022-02-05 19:28:40,061] {logging_mixin.py:109} INFO - [2022-02-05 19:28:40,061] {dag.py:2935} INFO - Setting next_dagrun for example_branch_labels to 2022-02-04 00:00:00+00:00
[2022-02-05 19:28:40,071] {processor.py:171} INFO - Processing /home/airflow/.local/lib/python3.7/site-packages/airflow/example_dags/example_branch_labels.py took 0.060 seconds
[2022-02-05 19:29:10,758] {processor.py:163} INFO - Started process (PID=959) to work on /home/airflow/.local/lib/python3.7/site-packages/airflow/example_dags/example_branch_labels.py
[2022-02-05 19:29:10,759] {processor.py:642} INFO - Processing file /home/airflow/.local/lib/python3.7/site-packages/airflow/example_dags/example_branch_labels.py for tasks to queue
[2022-02-05 19:29:10,759] {logging_mixin.py:109} INFO - [2022-02-05 19:29:10,759] {dagbag.py:500} INFO - Filling up the DagBag from /home/airflow/.local/lib/python3.7/site-packages/airflow/example_dags/example_branch_labels.py
[2022-02-05 19:29:10,785] {processor.py:654} INFO - DAG(s) dict_keys(['example_branch_labels']) retrieved from /home/airflow/.local/lib/python3.7/site-packages/airflow/example_dags/example_branch_labels.py
[2022-02-05 19:29:10,794] {logging_mixin.py:109} INFO - [2022-02-05 19:29:10,794] {dag.py:2396} INFO - Sync 1 DAGs
[2022-02-05 19:29:10,811] {logging_mixin.py:109} INFO - [2022-02-05 19:29:10,811] {dag.py:2935} INFO - Setting next_dagrun for example_branch_labels to 2022-02-04 00:00:00+00:00
[2022-02-05 19:29:10,820] {processor.py:171} INFO - Processing /home/airflow/.local/lib/python3.7/site-packages/airflow/example_dags/example_branch_labels.py took 0.066 seconds
[2022-02-05 19:29:41,488] {processor.py:163} INFO - Started process (PID=1012) to work on /home/airflow/.local/lib/python3.7/site-packages/airflow/example_dags/example_branch_labels.py
[2022-02-05 19:29:41,493] {processor.py:642} INFO - Processing file /home/airflow/.local/lib/python3.7/site-packages/airflow/example_dags/example_branch_labels.py for tasks to queue
[2022-02-05 19:29:41,493] {logging_mixin.py:109} INFO - [2022-02-05 19:29:41,493] {dagbag.py:500} INFO - Filling up the DagBag from /home/airflow/.local/lib/python3.7/site-packages/airflow/example_dags/example_branch_labels.py
[2022-02-05 19:29:41,532] {processor.py:654} INFO - DAG(s) dict_keys(['example_branch_labels']) retrieved from /home/airflow/.local/lib/python3.7/site-packages/airflow/example_dags/example_branch_labels.py
[2022-02-05 19:29:41,546] {logging_mixin.py:109} INFO - [2022-02-05 19:29:41,546] {dag.py:2396} INFO - Sync 1 DAGs
[2022-02-05 19:29:41,568] {logging_mixin.py:109} INFO - [2022-02-05 19:29:41,568] {dag.py:2935} INFO - Setting next_dagrun for example_branch_labels to 2022-02-04 00:00:00+00:00
[2022-02-05 19:29:41,582] {processor.py:171} INFO - Processing /home/airflow/.local/lib/python3.7/site-packages/airflow/example_dags/example_branch_labels.py took 0.098 seconds
[2022-02-05 19:30:12,047] {processor.py:163} INFO - Started process (PID=1074) to work on /home/airflow/.local/lib/python3.7/site-packages/airflow/example_dags/example_branch_labels.py
[2022-02-05 19:30:12,048] {processor.py:642} INFO - Processing file /home/airflow/.local/lib/python3.7/site-packages/airflow/example_dags/example_branch_labels.py for tasks to queue
[2022-02-05 19:30:12,049] {logging_mixin.py:109} INFO - [2022-02-05 19:30:12,049] {dagbag.py:500} INFO - Filling up the DagBag from /home/airflow/.local/lib/python3.7/site-packages/airflow/example_dags/example_branch_labels.py
[2022-02-05 19:30:12,076] {processor.py:654} INFO - DAG(s) dict_keys(['example_branch_labels']) retrieved from /home/airflow/.local/lib/python3.7/site-packages/airflow/example_dags/example_branch_labels.py
[2022-02-05 19:30:12,087] {logging_mixin.py:109} INFO - [2022-02-05 19:30:12,087] {dag.py:2396} INFO - Sync 1 DAGs
[2022-02-05 19:30:12,104] {logging_mixin.py:109} INFO - [2022-02-05 19:30:12,104] {dag.py:2935} INFO - Setting next_dagrun for example_branch_labels to 2022-02-04 00:00:00+00:00
[2022-02-05 19:30:12,114] {processor.py:171} INFO - Processing /home/airflow/.local/lib/python3.7/site-packages/airflow/example_dags/example_branch_labels.py took 0.070 seconds
[2022-02-05 19:30:42,182] {processor.py:163} INFO - Started process (PID=1127) to work on /home/airflow/.local/lib/python3.7/site-packages/airflow/example_dags/example_branch_labels.py
[2022-02-05 19:30:42,183] {processor.py:642} INFO - Processing file /home/airflow/.local/lib/python3.7/site-packages/airflow/example_dags/example_branch_labels.py for tasks to queue
[2022-02-05 19:30:42,184] {logging_mixin.py:109} INFO - [2022-02-05 19:30:42,183] {dagbag.py:500} INFO - Filling up the DagBag from /home/airflow/.local/lib/python3.7/site-packages/airflow/example_dags/example_branch_labels.py
[2022-02-05 19:30:42,210] {processor.py:654} INFO - DAG(s) dict_keys(['example_branch_labels']) retrieved from /home/airflow/.local/lib/python3.7/site-packages/airflow/example_dags/example_branch_labels.py
[2022-02-05 19:30:42,220] {logging_mixin.py:109} INFO - [2022-02-05 19:30:42,220] {dag.py:2396} INFO - Sync 1 DAGs
[2022-02-05 19:30:42,237] {logging_mixin.py:109} INFO - [2022-02-05 19:30:42,237] {dag.py:2935} INFO - Setting next_dagrun for example_branch_labels to 2022-02-04 00:00:00+00:00
[2022-02-05 19:30:42,246] {processor.py:171} INFO - Processing /home/airflow/.local/lib/python3.7/site-packages/airflow/example_dags/example_branch_labels.py took 0.067 seconds
[2022-02-05 19:31:12,724] {processor.py:163} INFO - Started process (PID=1190) to work on /home/airflow/.local/lib/python3.7/site-packages/airflow/example_dags/example_branch_labels.py
[2022-02-05 19:31:12,725] {processor.py:642} INFO - Processing file /home/airflow/.local/lib/python3.7/site-packages/airflow/example_dags/example_branch_labels.py for tasks to queue
[2022-02-05 19:31:12,726] {logging_mixin.py:109} INFO - [2022-02-05 19:31:12,725] {dagbag.py:500} INFO - Filling up the DagBag from /home/airflow/.local/lib/python3.7/site-packages/airflow/example_dags/example_branch_labels.py
[2022-02-05 19:31:12,749] {processor.py:654} INFO - DAG(s) dict_keys(['example_branch_labels']) retrieved from /home/airflow/.local/lib/python3.7/site-packages/airflow/example_dags/example_branch_labels.py
[2022-02-05 19:31:12,757] {logging_mixin.py:109} INFO - [2022-02-05 19:31:12,757] {dag.py:2396} INFO - Sync 1 DAGs
[2022-02-05 19:31:12,771] {logging_mixin.py:109} INFO - [2022-02-05 19:31:12,771] {dag.py:2935} INFO - Setting next_dagrun for example_branch_labels to 2022-02-04 00:00:00+00:00
[2022-02-05 19:31:12,780] {processor.py:171} INFO - Processing /home/airflow/.local/lib/python3.7/site-packages/airflow/example_dags/example_branch_labels.py took 0.059 seconds
[2022-02-05 19:31:43,091] {processor.py:163} INFO - Started process (PID=1243) to work on /home/airflow/.local/lib/python3.7/site-packages/airflow/example_dags/example_branch_labels.py
[2022-02-05 19:31:43,092] {processor.py:642} INFO - Processing file /home/airflow/.local/lib/python3.7/site-packages/airflow/example_dags/example_branch_labels.py for tasks to queue
[2022-02-05 19:31:43,092] {logging_mixin.py:109} INFO - [2022-02-05 19:31:43,092] {dagbag.py:500} INFO - Filling up the DagBag from /home/airflow/.local/lib/python3.7/site-packages/airflow/example_dags/example_branch_labels.py
[2022-02-05 19:31:43,116] {processor.py:654} INFO - DAG(s) dict_keys(['example_branch_labels']) retrieved from /home/airflow/.local/lib/python3.7/site-packages/airflow/example_dags/example_branch_labels.py
[2022-02-05 19:31:43,125] {logging_mixin.py:109} INFO - [2022-02-05 19:31:43,125] {dag.py:2396} INFO - Sync 1 DAGs
[2022-02-05 19:31:43,139] {logging_mixin.py:109} INFO - [2022-02-05 19:31:43,139] {dag.py:2935} INFO - Setting next_dagrun for example_branch_labels to 2022-02-04 00:00:00+00:00
[2022-02-05 19:31:43,147] {processor.py:171} INFO - Processing /home/airflow/.local/lib/python3.7/site-packages/airflow/example_dags/example_branch_labels.py took 0.059 seconds
[2022-02-05 19:32:13,960] {processor.py:163} INFO - Started process (PID=1301) to work on /home/airflow/.local/lib/python3.7/site-packages/airflow/example_dags/example_branch_labels.py
[2022-02-05 19:32:13,961] {processor.py:642} INFO - Processing file /home/airflow/.local/lib/python3.7/site-packages/airflow/example_dags/example_branch_labels.py for tasks to queue
[2022-02-05 19:32:13,962] {logging_mixin.py:109} INFO - [2022-02-05 19:32:13,962] {dagbag.py:500} INFO - Filling up the DagBag from /home/airflow/.local/lib/python3.7/site-packages/airflow/example_dags/example_branch_labels.py
[2022-02-05 19:32:13,993] {processor.py:654} INFO - DAG(s) dict_keys(['example_branch_labels']) retrieved from /home/airflow/.local/lib/python3.7/site-packages/airflow/example_dags/example_branch_labels.py
[2022-02-05 19:32:14,005] {logging_mixin.py:109} INFO - [2022-02-05 19:32:14,005] {dag.py:2396} INFO - Sync 1 DAGs
[2022-02-05 19:32:14,034] {logging_mixin.py:109} INFO - [2022-02-05 19:32:14,034] {dag.py:2935} INFO - Setting next_dagrun for example_branch_labels to 2022-02-04 00:00:00+00:00
[2022-02-05 19:32:14,044] {processor.py:171} INFO - Processing /home/airflow/.local/lib/python3.7/site-packages/airflow/example_dags/example_branch_labels.py took 0.088 seconds
[2022-02-05 19:32:44,648] {processor.py:163} INFO - Started process (PID=1363) to work on /home/airflow/.local/lib/python3.7/site-packages/airflow/example_dags/example_branch_labels.py
[2022-02-05 19:32:44,650] {processor.py:642} INFO - Processing file /home/airflow/.local/lib/python3.7/site-packages/airflow/example_dags/example_branch_labels.py for tasks to queue
[2022-02-05 19:32:44,650] {logging_mixin.py:109} INFO - [2022-02-05 19:32:44,650] {dagbag.py:500} INFO - Filling up the DagBag from /home/airflow/.local/lib/python3.7/site-packages/airflow/example_dags/example_branch_labels.py
[2022-02-05 19:32:44,672] {processor.py:654} INFO - DAG(s) dict_keys(['example_branch_labels']) retrieved from /home/airflow/.local/lib/python3.7/site-packages/airflow/example_dags/example_branch_labels.py
[2022-02-05 19:32:44,681] {logging_mixin.py:109} INFO - [2022-02-05 19:32:44,681] {dag.py:2396} INFO - Sync 1 DAGs
[2022-02-05 19:32:44,694] {logging_mixin.py:109} INFO - [2022-02-05 19:32:44,694] {dag.py:2935} INFO - Setting next_dagrun for example_branch_labels to 2022-02-04 00:00:00+00:00
[2022-02-05 19:32:44,702] {processor.py:171} INFO - Processing /home/airflow/.local/lib/python3.7/site-packages/airflow/example_dags/example_branch_labels.py took 0.056 seconds
[2022-02-05 19:33:14,998] {processor.py:163} INFO - Started process (PID=1415) to work on /home/airflow/.local/lib/python3.7/site-packages/airflow/example_dags/example_branch_labels.py
[2022-02-05 19:33:15,000] {processor.py:642} INFO - Processing file /home/airflow/.local/lib/python3.7/site-packages/airflow/example_dags/example_branch_labels.py for tasks to queue
[2022-02-05 19:33:15,000] {logging_mixin.py:109} INFO - [2022-02-05 19:33:15,000] {dagbag.py:500} INFO - Filling up the DagBag from /home/airflow/.local/lib/python3.7/site-packages/airflow/example_dags/example_branch_labels.py
[2022-02-05 19:33:15,024] {processor.py:654} INFO - DAG(s) dict_keys(['example_branch_labels']) retrieved from /home/airflow/.local/lib/python3.7/site-packages/airflow/example_dags/example_branch_labels.py
[2022-02-05 19:33:15,033] {logging_mixin.py:109} INFO - [2022-02-05 19:33:15,033] {dag.py:2396} INFO - Sync 1 DAGs
[2022-02-05 19:33:15,048] {logging_mixin.py:109} INFO - [2022-02-05 19:33:15,048] {dag.py:2935} INFO - Setting next_dagrun for example_branch_labels to 2022-02-04 00:00:00+00:00
[2022-02-05 19:33:15,063] {processor.py:171} INFO - Processing /home/airflow/.local/lib/python3.7/site-packages/airflow/example_dags/example_branch_labels.py took 0.067 seconds
[2022-02-05 19:33:45,302] {processor.py:163} INFO - Started process (PID=1479) to work on /home/airflow/.local/lib/python3.7/site-packages/airflow/example_dags/example_branch_labels.py
[2022-02-05 19:33:45,303] {processor.py:642} INFO - Processing file /home/airflow/.local/lib/python3.7/site-packages/airflow/example_dags/example_branch_labels.py for tasks to queue
[2022-02-05 19:33:45,303] {logging_mixin.py:109} INFO - [2022-02-05 19:33:45,303] {dagbag.py:500} INFO - Filling up the DagBag from /home/airflow/.local/lib/python3.7/site-packages/airflow/example_dags/example_branch_labels.py
[2022-02-05 19:33:45,326] {processor.py:654} INFO - DAG(s) dict_keys(['example_branch_labels']) retrieved from /home/airflow/.local/lib/python3.7/site-packages/airflow/example_dags/example_branch_labels.py
[2022-02-05 19:33:45,335] {logging_mixin.py:109} INFO - [2022-02-05 19:33:45,335] {dag.py:2396} INFO - Sync 1 DAGs
[2022-02-05 19:33:45,350] {logging_mixin.py:109} INFO - [2022-02-05 19:33:45,350] {dag.py:2935} INFO - Setting next_dagrun for example_branch_labels to 2022-02-04 00:00:00+00:00
[2022-02-05 19:33:45,358] {processor.py:171} INFO - Processing /home/airflow/.local/lib/python3.7/site-packages/airflow/example_dags/example_branch_labels.py took 0.059 seconds
[2022-02-05 19:34:15,482] {processor.py:163} INFO - Started process (PID=1541) to work on /home/airflow/.local/lib/python3.7/site-packages/airflow/example_dags/example_branch_labels.py
[2022-02-05 19:34:15,484] {processor.py:642} INFO - Processing file /home/airflow/.local/lib/python3.7/site-packages/airflow/example_dags/example_branch_labels.py for tasks to queue
[2022-02-05 19:34:15,484] {logging_mixin.py:109} INFO - [2022-02-05 19:34:15,484] {dagbag.py:500} INFO - Filling up the DagBag from /home/airflow/.local/lib/python3.7/site-packages/airflow/example_dags/example_branch_labels.py
[2022-02-05 19:34:15,506] {processor.py:654} INFO - DAG(s) dict_keys(['example_branch_labels']) retrieved from /home/airflow/.local/lib/python3.7/site-packages/airflow/example_dags/example_branch_labels.py
[2022-02-05 19:34:15,514] {logging_mixin.py:109} INFO - [2022-02-05 19:34:15,514] {dag.py:2396} INFO - Sync 1 DAGs
[2022-02-05 19:34:15,528] {logging_mixin.py:109} INFO - [2022-02-05 19:34:15,528] {dag.py:2935} INFO - Setting next_dagrun for example_branch_labels to 2022-02-04 00:00:00+00:00
[2022-02-05 19:34:15,537] {processor.py:171} INFO - Processing /home/airflow/.local/lib/python3.7/site-packages/airflow/example_dags/example_branch_labels.py took 0.057 seconds
[2022-02-05 19:34:46,354] {processor.py:163} INFO - Started process (PID=1592) to work on /home/airflow/.local/lib/python3.7/site-packages/airflow/example_dags/example_branch_labels.py
[2022-02-05 19:34:46,355] {processor.py:642} INFO - Processing file /home/airflow/.local/lib/python3.7/site-packages/airflow/example_dags/example_branch_labels.py for tasks to queue
[2022-02-05 19:34:46,355] {logging_mixin.py:109} INFO - [2022-02-05 19:34:46,355] {dagbag.py:500} INFO - Filling up the DagBag from /home/airflow/.local/lib/python3.7/site-packages/airflow/example_dags/example_branch_labels.py
[2022-02-05 19:34:46,378] {processor.py:654} INFO - DAG(s) dict_keys(['example_branch_labels']) retrieved from /home/airflow/.local/lib/python3.7/site-packages/airflow/example_dags/example_branch_labels.py
[2022-02-05 19:34:46,387] {logging_mixin.py:109} INFO - [2022-02-05 19:34:46,387] {dag.py:2396} INFO - Sync 1 DAGs
[2022-02-05 19:34:46,400] {logging_mixin.py:109} INFO - [2022-02-05 19:34:46,399] {dag.py:2935} INFO - Setting next_dagrun for example_branch_labels to 2022-02-04 00:00:00+00:00
[2022-02-05 19:34:46,407] {processor.py:171} INFO - Processing /home/airflow/.local/lib/python3.7/site-packages/airflow/example_dags/example_branch_labels.py took 0.056 seconds
[2022-02-05 19:35:16,639] {processor.py:163} INFO - Started process (PID=1654) to work on /home/airflow/.local/lib/python3.7/site-packages/airflow/example_dags/example_branch_labels.py
[2022-02-05 19:35:16,641] {processor.py:642} INFO - Processing file /home/airflow/.local/lib/python3.7/site-packages/airflow/example_dags/example_branch_labels.py for tasks to queue
[2022-02-05 19:35:16,642] {logging_mixin.py:109} INFO - [2022-02-05 19:35:16,642] {dagbag.py:500} INFO - Filling up the DagBag from /home/airflow/.local/lib/python3.7/site-packages/airflow/example_dags/example_branch_labels.py
[2022-02-05 19:35:16,664] {processor.py:654} INFO - DAG(s) dict_keys(['example_branch_labels']) retrieved from /home/airflow/.local/lib/python3.7/site-packages/airflow/example_dags/example_branch_labels.py
[2022-02-05 19:35:16,680] {logging_mixin.py:109} INFO - [2022-02-05 19:35:16,680] {dag.py:2396} INFO - Sync 1 DAGs
[2022-02-05 19:35:16,701] {logging_mixin.py:109} INFO - [2022-02-05 19:35:16,701] {dag.py:2935} INFO - Setting next_dagrun for example_branch_labels to 2022-02-04 00:00:00+00:00
[2022-02-05 19:35:16,710] {processor.py:171} INFO - Processing /home/airflow/.local/lib/python3.7/site-packages/airflow/example_dags/example_branch_labels.py took 0.076 seconds
[2022-02-05 19:35:46,768] {processor.py:163} INFO - Started process (PID=1706) to work on /home/airflow/.local/lib/python3.7/site-packages/airflow/example_dags/example_branch_labels.py
[2022-02-05 19:35:46,769] {processor.py:642} INFO - Processing file /home/airflow/.local/lib/python3.7/site-packages/airflow/example_dags/example_branch_labels.py for tasks to queue
[2022-02-05 19:35:46,769] {logging_mixin.py:109} INFO - [2022-02-05 19:35:46,769] {dagbag.py:500} INFO - Filling up the DagBag from /home/airflow/.local/lib/python3.7/site-packages/airflow/example_dags/example_branch_labels.py
[2022-02-05 19:35:46,837] {processor.py:654} INFO - DAG(s) dict_keys(['example_branch_labels']) retrieved from /home/airflow/.local/lib/python3.7/site-packages/airflow/example_dags/example_branch_labels.py
[2022-02-05 19:35:46,845] {logging_mixin.py:109} INFO - [2022-02-05 19:35:46,845] {dag.py:2396} INFO - Sync 1 DAGs
[2022-02-05 19:35:46,865] {logging_mixin.py:109} INFO - [2022-02-05 19:35:46,865] {dag.py:2935} INFO - Setting next_dagrun for example_branch_labels to 2022-02-04 00:00:00+00:00
[2022-02-05 19:35:46,878] {processor.py:171} INFO - Processing /home/airflow/.local/lib/python3.7/site-packages/airflow/example_dags/example_branch_labels.py took 0.112 seconds
[2022-02-05 19:36:16,919] {processor.py:163} INFO - Started process (PID=1769) to work on /home/airflow/.local/lib/python3.7/site-packages/airflow/example_dags/example_branch_labels.py
[2022-02-05 19:36:16,920] {processor.py:642} INFO - Processing file /home/airflow/.local/lib/python3.7/site-packages/airflow/example_dags/example_branch_labels.py for tasks to queue
[2022-02-05 19:36:16,921] {logging_mixin.py:109} INFO - [2022-02-05 19:36:16,921] {dagbag.py:500} INFO - Filling up the DagBag from /home/airflow/.local/lib/python3.7/site-packages/airflow/example_dags/example_branch_labels.py
[2022-02-05 19:36:16,943] {processor.py:654} INFO - DAG(s) dict_keys(['example_branch_labels']) retrieved from /home/airflow/.local/lib/python3.7/site-packages/airflow/example_dags/example_branch_labels.py
[2022-02-05 19:36:16,952] {logging_mixin.py:109} INFO - [2022-02-05 19:36:16,952] {dag.py:2396} INFO - Sync 1 DAGs
[2022-02-05 19:36:16,966] {logging_mixin.py:109} INFO - [2022-02-05 19:36:16,966] {dag.py:2935} INFO - Setting next_dagrun for example_branch_labels to 2022-02-04 00:00:00+00:00
[2022-02-05 19:36:16,976] {processor.py:171} INFO - Processing /home/airflow/.local/lib/python3.7/site-packages/airflow/example_dags/example_branch_labels.py took 0.059 seconds
[2022-02-05 19:36:47,032] {processor.py:163} INFO - Started process (PID=1820) to work on /home/airflow/.local/lib/python3.7/site-packages/airflow/example_dags/example_branch_labels.py
[2022-02-05 19:36:47,034] {processor.py:642} INFO - Processing file /home/airflow/.local/lib/python3.7/site-packages/airflow/example_dags/example_branch_labels.py for tasks to queue
[2022-02-05 19:36:47,034] {logging_mixin.py:109} INFO - [2022-02-05 19:36:47,034] {dagbag.py:500} INFO - Filling up the DagBag from /home/airflow/.local/lib/python3.7/site-packages/airflow/example_dags/example_branch_labels.py
[2022-02-05 19:36:47,058] {processor.py:654} INFO - DAG(s) dict_keys(['example_branch_labels']) retrieved from /home/airflow/.local/lib/python3.7/site-packages/airflow/example_dags/example_branch_labels.py
[2022-02-05 19:36:47,067] {logging_mixin.py:109} INFO - [2022-02-05 19:36:47,067] {dag.py:2396} INFO - Sync 1 DAGs
[2022-02-05 19:36:47,082] {logging_mixin.py:109} INFO - [2022-02-05 19:36:47,082] {dag.py:2935} INFO - Setting next_dagrun for example_branch_labels to 2022-02-04 00:00:00+00:00
[2022-02-05 19:36:47,090] {processor.py:171} INFO - Processing /home/airflow/.local/lib/python3.7/site-packages/airflow/example_dags/example_branch_labels.py took 0.061 seconds
[2022-02-05 19:37:17,326] {processor.py:163} INFO - Started process (PID=1882) to work on /home/airflow/.local/lib/python3.7/site-packages/airflow/example_dags/example_branch_labels.py
[2022-02-05 19:37:17,327] {processor.py:642} INFO - Processing file /home/airflow/.local/lib/python3.7/site-packages/airflow/example_dags/example_branch_labels.py for tasks to queue
[2022-02-05 19:37:17,327] {logging_mixin.py:109} INFO - [2022-02-05 19:37:17,327] {dagbag.py:500} INFO - Filling up the DagBag from /home/airflow/.local/lib/python3.7/site-packages/airflow/example_dags/example_branch_labels.py
[2022-02-05 19:37:17,355] {processor.py:654} INFO - DAG(s) dict_keys(['example_branch_labels']) retrieved from /home/airflow/.local/lib/python3.7/site-packages/airflow/example_dags/example_branch_labels.py
[2022-02-05 19:37:17,363] {logging_mixin.py:109} INFO - [2022-02-05 19:37:17,363] {dag.py:2396} INFO - Sync 1 DAGs
[2022-02-05 19:37:17,377] {logging_mixin.py:109} INFO - [2022-02-05 19:37:17,377] {dag.py:2935} INFO - Setting next_dagrun for example_branch_labels to 2022-02-04 00:00:00+00:00
[2022-02-05 19:37:17,385] {processor.py:171} INFO - Processing /home/airflow/.local/lib/python3.7/site-packages/airflow/example_dags/example_branch_labels.py took 0.062 seconds
[2022-02-05 19:37:47,854] {processor.py:163} INFO - Started process (PID=1935) to work on /home/airflow/.local/lib/python3.7/site-packages/airflow/example_dags/example_branch_labels.py
[2022-02-05 19:37:47,861] {processor.py:642} INFO - Processing file /home/airflow/.local/lib/python3.7/site-packages/airflow/example_dags/example_branch_labels.py for tasks to queue
[2022-02-05 19:37:47,862] {logging_mixin.py:109} INFO - [2022-02-05 19:37:47,862] {dagbag.py:500} INFO - Filling up the DagBag from /home/airflow/.local/lib/python3.7/site-packages/airflow/example_dags/example_branch_labels.py
[2022-02-05 19:37:47,930] {processor.py:654} INFO - DAG(s) dict_keys(['example_branch_labels']) retrieved from /home/airflow/.local/lib/python3.7/site-packages/airflow/example_dags/example_branch_labels.py
[2022-02-05 19:37:47,942] {logging_mixin.py:109} INFO - [2022-02-05 19:37:47,942] {dag.py:2396} INFO - Sync 1 DAGs
[2022-02-05 19:37:47,970] {logging_mixin.py:109} INFO - [2022-02-05 19:37:47,970] {dag.py:2935} INFO - Setting next_dagrun for example_branch_labels to 2022-02-04 00:00:00+00:00
[2022-02-05 19:37:47,980] {processor.py:171} INFO - Processing /home/airflow/.local/lib/python3.7/site-packages/airflow/example_dags/example_branch_labels.py took 0.130 seconds
[2022-02-05 19:38:18,506] {processor.py:163} INFO - Started process (PID=1998) to work on /home/airflow/.local/lib/python3.7/site-packages/airflow/example_dags/example_branch_labels.py
[2022-02-05 19:38:18,507] {processor.py:642} INFO - Processing file /home/airflow/.local/lib/python3.7/site-packages/airflow/example_dags/example_branch_labels.py for tasks to queue
[2022-02-05 19:38:18,508] {logging_mixin.py:109} INFO - [2022-02-05 19:38:18,508] {dagbag.py:500} INFO - Filling up the DagBag from /home/airflow/.local/lib/python3.7/site-packages/airflow/example_dags/example_branch_labels.py
[2022-02-05 19:38:18,595] {processor.py:654} INFO - DAG(s) dict_keys(['example_branch_labels']) retrieved from /home/airflow/.local/lib/python3.7/site-packages/airflow/example_dags/example_branch_labels.py
[2022-02-05 19:38:18,609] {logging_mixin.py:109} INFO - [2022-02-05 19:38:18,608] {dag.py:2396} INFO - Sync 1 DAGs
[2022-02-05 19:38:18,634] {logging_mixin.py:109} INFO - [2022-02-05 19:38:18,634] {dag.py:2935} INFO - Setting next_dagrun for example_branch_labels to 2022-02-04 00:00:00+00:00
[2022-02-05 19:38:18,644] {processor.py:171} INFO - Processing /home/airflow/.local/lib/python3.7/site-packages/airflow/example_dags/example_branch_labels.py took 0.142 seconds
[2022-02-05 19:38:49,114] {processor.py:163} INFO - Started process (PID=2052) to work on /home/airflow/.local/lib/python3.7/site-packages/airflow/example_dags/example_branch_labels.py
[2022-02-05 19:38:49,116] {processor.py:642} INFO - Processing file /home/airflow/.local/lib/python3.7/site-packages/airflow/example_dags/example_branch_labels.py for tasks to queue
[2022-02-05 19:38:49,116] {logging_mixin.py:109} INFO - [2022-02-05 19:38:49,116] {dagbag.py:500} INFO - Filling up the DagBag from /home/airflow/.local/lib/python3.7/site-packages/airflow/example_dags/example_branch_labels.py
[2022-02-05 19:38:49,152] {processor.py:654} INFO - DAG(s) dict_keys(['example_branch_labels']) retrieved from /home/airflow/.local/lib/python3.7/site-packages/airflow/example_dags/example_branch_labels.py
[2022-02-05 19:38:49,169] {logging_mixin.py:109} INFO - [2022-02-05 19:38:49,169] {dag.py:2396} INFO - Sync 1 DAGs
[2022-02-05 19:38:49,211] {logging_mixin.py:109} INFO - [2022-02-05 19:38:49,211] {dag.py:2935} INFO - Setting next_dagrun for example_branch_labels to 2022-02-04 00:00:00+00:00
[2022-02-05 19:38:49,233] {processor.py:171} INFO - Processing /home/airflow/.local/lib/python3.7/site-packages/airflow/example_dags/example_branch_labels.py took 0.122 seconds
[2022-02-05 19:39:19,644] {processor.py:163} INFO - Started process (PID=2115) to work on /home/airflow/.local/lib/python3.7/site-packages/airflow/example_dags/example_branch_labels.py
[2022-02-05 19:39:19,645] {processor.py:642} INFO - Processing file /home/airflow/.local/lib/python3.7/site-packages/airflow/example_dags/example_branch_labels.py for tasks to queue
[2022-02-05 19:39:19,646] {logging_mixin.py:109} INFO - [2022-02-05 19:39:19,646] {dagbag.py:500} INFO - Filling up the DagBag from /home/airflow/.local/lib/python3.7/site-packages/airflow/example_dags/example_branch_labels.py
[2022-02-05 19:39:19,687] {processor.py:654} INFO - DAG(s) dict_keys(['example_branch_labels']) retrieved from /home/airflow/.local/lib/python3.7/site-packages/airflow/example_dags/example_branch_labels.py
[2022-02-05 19:39:19,703] {logging_mixin.py:109} INFO - [2022-02-05 19:39:19,703] {dag.py:2396} INFO - Sync 1 DAGs
[2022-02-05 19:39:19,731] {logging_mixin.py:109} INFO - [2022-02-05 19:39:19,731] {dag.py:2935} INFO - Setting next_dagrun for example_branch_labels to 2022-02-04 00:00:00+00:00
[2022-02-05 19:39:19,746] {processor.py:171} INFO - Processing /home/airflow/.local/lib/python3.7/site-packages/airflow/example_dags/example_branch_labels.py took 0.107 seconds
[2022-02-05 19:39:50,549] {processor.py:163} INFO - Started process (PID=2172) to work on /home/airflow/.local/lib/python3.7/site-packages/airflow/example_dags/example_branch_labels.py
[2022-02-05 19:39:50,552] {processor.py:642} INFO - Processing file /home/airflow/.local/lib/python3.7/site-packages/airflow/example_dags/example_branch_labels.py for tasks to queue
[2022-02-05 19:39:50,553] {logging_mixin.py:109} INFO - [2022-02-05 19:39:50,553] {dagbag.py:500} INFO - Filling up the DagBag from /home/airflow/.local/lib/python3.7/site-packages/airflow/example_dags/example_branch_labels.py
[2022-02-05 19:39:50,594] {processor.py:654} INFO - DAG(s) dict_keys(['example_branch_labels']) retrieved from /home/airflow/.local/lib/python3.7/site-packages/airflow/example_dags/example_branch_labels.py
[2022-02-05 19:39:50,611] {logging_mixin.py:109} INFO - [2022-02-05 19:39:50,610] {dag.py:2396} INFO - Sync 1 DAGs
[2022-02-05 19:39:50,639] {logging_mixin.py:109} INFO - [2022-02-05 19:39:50,639] {dag.py:2935} INFO - Setting next_dagrun for example_branch_labels to 2022-02-04 00:00:00+00:00
[2022-02-05 19:39:50,654] {processor.py:171} INFO - Processing /home/airflow/.local/lib/python3.7/site-packages/airflow/example_dags/example_branch_labels.py took 0.111 seconds
[2022-02-05 19:40:21,027] {processor.py:163} INFO - Started process (PID=2230) to work on /home/airflow/.local/lib/python3.7/site-packages/airflow/example_dags/example_branch_labels.py
[2022-02-05 19:40:21,031] {processor.py:642} INFO - Processing file /home/airflow/.local/lib/python3.7/site-packages/airflow/example_dags/example_branch_labels.py for tasks to queue
[2022-02-05 19:40:21,032] {logging_mixin.py:109} INFO - [2022-02-05 19:40:21,032] {dagbag.py:500} INFO - Filling up the DagBag from /home/airflow/.local/lib/python3.7/site-packages/airflow/example_dags/example_branch_labels.py
[2022-02-05 19:40:21,073] {processor.py:654} INFO - DAG(s) dict_keys(['example_branch_labels']) retrieved from /home/airflow/.local/lib/python3.7/site-packages/airflow/example_dags/example_branch_labels.py
[2022-02-05 19:40:21,088] {logging_mixin.py:109} INFO - [2022-02-05 19:40:21,088] {dag.py:2396} INFO - Sync 1 DAGs
[2022-02-05 19:40:21,116] {logging_mixin.py:109} INFO - [2022-02-05 19:40:21,116] {dag.py:2935} INFO - Setting next_dagrun for example_branch_labels to 2022-02-04 00:00:00+00:00
[2022-02-05 19:40:21,129] {processor.py:171} INFO - Processing /home/airflow/.local/lib/python3.7/site-packages/airflow/example_dags/example_branch_labels.py took 0.110 seconds
[2022-02-05 19:40:52,125] {processor.py:163} INFO - Started process (PID=2293) to work on /home/airflow/.local/lib/python3.7/site-packages/airflow/example_dags/example_branch_labels.py
[2022-02-05 19:40:52,127] {processor.py:642} INFO - Processing file /home/airflow/.local/lib/python3.7/site-packages/airflow/example_dags/example_branch_labels.py for tasks to queue
[2022-02-05 19:40:52,129] {logging_mixin.py:109} INFO - [2022-02-05 19:40:52,128] {dagbag.py:500} INFO - Filling up the DagBag from /home/airflow/.local/lib/python3.7/site-packages/airflow/example_dags/example_branch_labels.py
[2022-02-05 19:40:52,189] {processor.py:654} INFO - DAG(s) dict_keys(['example_branch_labels']) retrieved from /home/airflow/.local/lib/python3.7/site-packages/airflow/example_dags/example_branch_labels.py
[2022-02-05 19:40:52,209] {logging_mixin.py:109} INFO - [2022-02-05 19:40:52,209] {dag.py:2396} INFO - Sync 1 DAGs
[2022-02-05 19:40:52,248] {logging_mixin.py:109} INFO - [2022-02-05 19:40:52,248] {dag.py:2935} INFO - Setting next_dagrun for example_branch_labels to 2022-02-04 00:00:00+00:00
[2022-02-05 19:40:52,389] {processor.py:171} INFO - Processing /home/airflow/.local/lib/python3.7/site-packages/airflow/example_dags/example_branch_labels.py took 0.271 seconds
[2022-02-05 19:41:22,765] {processor.py:163} INFO - Started process (PID=2346) to work on /home/airflow/.local/lib/python3.7/site-packages/airflow/example_dags/example_branch_labels.py
[2022-02-05 19:41:22,767] {processor.py:642} INFO - Processing file /home/airflow/.local/lib/python3.7/site-packages/airflow/example_dags/example_branch_labels.py for tasks to queue
[2022-02-05 19:41:22,767] {logging_mixin.py:109} INFO - [2022-02-05 19:41:22,767] {dagbag.py:500} INFO - Filling up the DagBag from /home/airflow/.local/lib/python3.7/site-packages/airflow/example_dags/example_branch_labels.py
[2022-02-05 19:41:22,791] {processor.py:654} INFO - DAG(s) dict_keys(['example_branch_labels']) retrieved from /home/airflow/.local/lib/python3.7/site-packages/airflow/example_dags/example_branch_labels.py
[2022-02-05 19:41:22,800] {logging_mixin.py:109} INFO - [2022-02-05 19:41:22,800] {dag.py:2396} INFO - Sync 1 DAGs
[2022-02-05 19:41:22,885] {logging_mixin.py:109} INFO - [2022-02-05 19:41:22,885] {dag.py:2935} INFO - Setting next_dagrun for example_branch_labels to 2022-02-04 00:00:00+00:00
[2022-02-05 19:41:22,896] {processor.py:171} INFO - Processing /home/airflow/.local/lib/python3.7/site-packages/airflow/example_dags/example_branch_labels.py took 0.133 seconds
[2022-02-05 19:41:53,420] {processor.py:163} INFO - Started process (PID=2408) to work on /home/airflow/.local/lib/python3.7/site-packages/airflow/example_dags/example_branch_labels.py
[2022-02-05 19:41:53,421] {processor.py:642} INFO - Processing file /home/airflow/.local/lib/python3.7/site-packages/airflow/example_dags/example_branch_labels.py for tasks to queue
[2022-02-05 19:41:53,421] {logging_mixin.py:109} INFO - [2022-02-05 19:41:53,421] {dagbag.py:500} INFO - Filling up the DagBag from /home/airflow/.local/lib/python3.7/site-packages/airflow/example_dags/example_branch_labels.py
[2022-02-05 19:41:53,444] {processor.py:654} INFO - DAG(s) dict_keys(['example_branch_labels']) retrieved from /home/airflow/.local/lib/python3.7/site-packages/airflow/example_dags/example_branch_labels.py
[2022-02-05 19:41:53,521] {logging_mixin.py:109} INFO - [2022-02-05 19:41:53,521] {dag.py:2396} INFO - Sync 1 DAGs
[2022-02-05 19:41:53,534] {logging_mixin.py:109} INFO - [2022-02-05 19:41:53,534] {dag.py:2935} INFO - Setting next_dagrun for example_branch_labels to 2022-02-04 00:00:00+00:00
[2022-02-05 19:41:53,542] {processor.py:171} INFO - Processing /home/airflow/.local/lib/python3.7/site-packages/airflow/example_dags/example_branch_labels.py took 0.125 seconds
[2022-02-05 19:42:24,176] {processor.py:163} INFO - Started process (PID=2460) to work on /home/airflow/.local/lib/python3.7/site-packages/airflow/example_dags/example_branch_labels.py
[2022-02-05 19:42:24,187] {processor.py:642} INFO - Processing file /home/airflow/.local/lib/python3.7/site-packages/airflow/example_dags/example_branch_labels.py for tasks to queue
[2022-02-05 19:42:24,188] {logging_mixin.py:109} INFO - [2022-02-05 19:42:24,188] {dagbag.py:500} INFO - Filling up the DagBag from /home/airflow/.local/lib/python3.7/site-packages/airflow/example_dags/example_branch_labels.py
[2022-02-05 19:42:24,243] {processor.py:654} INFO - DAG(s) dict_keys(['example_branch_labels']) retrieved from /home/airflow/.local/lib/python3.7/site-packages/airflow/example_dags/example_branch_labels.py
[2022-02-05 19:42:24,489] {logging_mixin.py:109} INFO - [2022-02-05 19:42:24,489] {dag.py:2396} INFO - Sync 1 DAGs
[2022-02-05 19:42:24,526] {logging_mixin.py:109} INFO - [2022-02-05 19:42:24,526] {dag.py:2935} INFO - Setting next_dagrun for example_branch_labels to 2022-02-04 00:00:00+00:00
[2022-02-05 19:42:24,545] {processor.py:171} INFO - Processing /home/airflow/.local/lib/python3.7/site-packages/airflow/example_dags/example_branch_labels.py took 0.397 seconds
[2022-02-05 19:42:54,590] {processor.py:163} INFO - Started process (PID=2523) to work on /home/airflow/.local/lib/python3.7/site-packages/airflow/example_dags/example_branch_labels.py
[2022-02-05 19:42:54,591] {processor.py:642} INFO - Processing file /home/airflow/.local/lib/python3.7/site-packages/airflow/example_dags/example_branch_labels.py for tasks to queue
[2022-02-05 19:42:54,591] {logging_mixin.py:109} INFO - [2022-02-05 19:42:54,591] {dagbag.py:500} INFO - Filling up the DagBag from /home/airflow/.local/lib/python3.7/site-packages/airflow/example_dags/example_branch_labels.py
[2022-02-05 19:42:54,693] {processor.py:654} INFO - DAG(s) dict_keys(['example_branch_labels']) retrieved from /home/airflow/.local/lib/python3.7/site-packages/airflow/example_dags/example_branch_labels.py
[2022-02-05 19:42:54,701] {logging_mixin.py:109} INFO - [2022-02-05 19:42:54,701] {dag.py:2396} INFO - Sync 1 DAGs
[2022-02-05 19:42:54,717] {logging_mixin.py:109} INFO - [2022-02-05 19:42:54,717] {dag.py:2935} INFO - Setting next_dagrun for example_branch_labels to 2022-02-04 00:00:00+00:00
[2022-02-05 19:42:54,725] {processor.py:171} INFO - Processing /home/airflow/.local/lib/python3.7/site-packages/airflow/example_dags/example_branch_labels.py took 0.139 seconds
[2022-02-05 19:43:25,541] {processor.py:163} INFO - Started process (PID=2575) to work on /home/airflow/.local/lib/python3.7/site-packages/airflow/example_dags/example_branch_labels.py
[2022-02-05 19:43:25,549] {processor.py:642} INFO - Processing file /home/airflow/.local/lib/python3.7/site-packages/airflow/example_dags/example_branch_labels.py for tasks to queue
[2022-02-05 19:43:25,550] {logging_mixin.py:109} INFO - [2022-02-05 19:43:25,550] {dagbag.py:500} INFO - Filling up the DagBag from /home/airflow/.local/lib/python3.7/site-packages/airflow/example_dags/example_branch_labels.py
[2022-02-05 19:43:25,756] {processor.py:654} INFO - DAG(s) dict_keys(['example_branch_labels']) retrieved from /home/airflow/.local/lib/python3.7/site-packages/airflow/example_dags/example_branch_labels.py
[2022-02-05 19:43:25,775] {logging_mixin.py:109} INFO - [2022-02-05 19:43:25,775] {dag.py:2396} INFO - Sync 1 DAGs
[2022-02-05 19:43:25,814] {logging_mixin.py:109} INFO - [2022-02-05 19:43:25,813] {dag.py:2935} INFO - Setting next_dagrun for example_branch_labels to 2022-02-04 00:00:00+00:00
[2022-02-05 19:43:25,831] {processor.py:171} INFO - Processing /home/airflow/.local/lib/python3.7/site-packages/airflow/example_dags/example_branch_labels.py took 0.295 seconds
[2022-02-05 19:43:56,027] {processor.py:163} INFO - Started process (PID=2641) to work on /home/airflow/.local/lib/python3.7/site-packages/airflow/example_dags/example_branch_labels.py
[2022-02-05 19:43:56,028] {processor.py:642} INFO - Processing file /home/airflow/.local/lib/python3.7/site-packages/airflow/example_dags/example_branch_labels.py for tasks to queue
[2022-02-05 19:43:56,028] {logging_mixin.py:109} INFO - [2022-02-05 19:43:56,028] {dagbag.py:500} INFO - Filling up the DagBag from /home/airflow/.local/lib/python3.7/site-packages/airflow/example_dags/example_branch_labels.py
[2022-02-05 19:43:56,120] {processor.py:654} INFO - DAG(s) dict_keys(['example_branch_labels']) retrieved from /home/airflow/.local/lib/python3.7/site-packages/airflow/example_dags/example_branch_labels.py
[2022-02-05 19:43:56,127] {logging_mixin.py:109} INFO - [2022-02-05 19:43:56,127] {dag.py:2396} INFO - Sync 1 DAGs
[2022-02-05 19:43:56,138] {logging_mixin.py:109} INFO - [2022-02-05 19:43:56,138] {dag.py:2935} INFO - Setting next_dagrun for example_branch_labels to 2022-02-04 00:00:00+00:00
[2022-02-05 19:43:56,146] {processor.py:171} INFO - Processing /home/airflow/.local/lib/python3.7/site-packages/airflow/example_dags/example_branch_labels.py took 0.122 seconds
[2022-02-05 19:44:26,348] {processor.py:163} INFO - Started process (PID=2696) to work on /home/airflow/.local/lib/python3.7/site-packages/airflow/example_dags/example_branch_labels.py
[2022-02-05 19:44:26,349] {processor.py:642} INFO - Processing file /home/airflow/.local/lib/python3.7/site-packages/airflow/example_dags/example_branch_labels.py for tasks to queue
[2022-02-05 19:44:26,350] {logging_mixin.py:109} INFO - [2022-02-05 19:44:26,350] {dagbag.py:500} INFO - Filling up the DagBag from /home/airflow/.local/lib/python3.7/site-packages/airflow/example_dags/example_branch_labels.py
[2022-02-05 19:44:26,442] {processor.py:654} INFO - DAG(s) dict_keys(['example_branch_labels']) retrieved from /home/airflow/.local/lib/python3.7/site-packages/airflow/example_dags/example_branch_labels.py
[2022-02-05 19:44:26,449] {logging_mixin.py:109} INFO - [2022-02-05 19:44:26,449] {dag.py:2396} INFO - Sync 1 DAGs
[2022-02-05 19:44:26,461] {logging_mixin.py:109} INFO - [2022-02-05 19:44:26,461] {dag.py:2935} INFO - Setting next_dagrun for example_branch_labels to 2022-02-04 00:00:00+00:00
[2022-02-05 19:44:26,468] {processor.py:171} INFO - Processing /home/airflow/.local/lib/python3.7/site-packages/airflow/example_dags/example_branch_labels.py took 0.126 seconds
[2022-02-05 19:44:57,163] {processor.py:163} INFO - Started process (PID=2758) to work on /home/airflow/.local/lib/python3.7/site-packages/airflow/example_dags/example_branch_labels.py
[2022-02-05 19:44:57,165] {processor.py:642} INFO - Processing file /home/airflow/.local/lib/python3.7/site-packages/airflow/example_dags/example_branch_labels.py for tasks to queue
[2022-02-05 19:44:57,166] {logging_mixin.py:109} INFO - [2022-02-05 19:44:57,166] {dagbag.py:500} INFO - Filling up the DagBag from /home/airflow/.local/lib/python3.7/site-packages/airflow/example_dags/example_branch_labels.py
[2022-02-05 19:44:57,195] {processor.py:654} INFO - DAG(s) dict_keys(['example_branch_labels']) retrieved from /home/airflow/.local/lib/python3.7/site-packages/airflow/example_dags/example_branch_labels.py
[2022-02-05 19:44:57,205] {logging_mixin.py:109} INFO - [2022-02-05 19:44:57,205] {dag.py:2396} INFO - Sync 1 DAGs
[2022-02-05 19:44:57,220] {logging_mixin.py:109} INFO - [2022-02-05 19:44:57,220] {dag.py:2935} INFO - Setting next_dagrun for example_branch_labels to 2022-02-04 00:00:00+00:00
[2022-02-05 19:44:57,229] {processor.py:171} INFO - Processing /home/airflow/.local/lib/python3.7/site-packages/airflow/example_dags/example_branch_labels.py took 0.070 seconds
[2022-02-05 19:45:27,980] {processor.py:163} INFO - Started process (PID=2810) to work on /home/airflow/.local/lib/python3.7/site-packages/airflow/example_dags/example_branch_labels.py
[2022-02-05 19:45:27,980] {processor.py:642} INFO - Processing file /home/airflow/.local/lib/python3.7/site-packages/airflow/example_dags/example_branch_labels.py for tasks to queue
[2022-02-05 19:45:27,981] {logging_mixin.py:109} INFO - [2022-02-05 19:45:27,981] {dagbag.py:500} INFO - Filling up the DagBag from /home/airflow/.local/lib/python3.7/site-packages/airflow/example_dags/example_branch_labels.py
[2022-02-05 19:45:28,004] {processor.py:654} INFO - DAG(s) dict_keys(['example_branch_labels']) retrieved from /home/airflow/.local/lib/python3.7/site-packages/airflow/example_dags/example_branch_labels.py
[2022-02-05 19:45:28,012] {logging_mixin.py:109} INFO - [2022-02-05 19:45:28,012] {dag.py:2396} INFO - Sync 1 DAGs
[2022-02-05 19:45:28,025] {logging_mixin.py:109} INFO - [2022-02-05 19:45:28,025] {dag.py:2935} INFO - Setting next_dagrun for example_branch_labels to 2022-02-04 00:00:00+00:00
[2022-02-05 19:45:28,033] {processor.py:171} INFO - Processing /home/airflow/.local/lib/python3.7/site-packages/airflow/example_dags/example_branch_labels.py took 0.056 seconds
[2022-02-05 19:45:58,826] {processor.py:163} INFO - Started process (PID=2873) to work on /home/airflow/.local/lib/python3.7/site-packages/airflow/example_dags/example_branch_labels.py
[2022-02-05 19:45:58,827] {processor.py:642} INFO - Processing file /home/airflow/.local/lib/python3.7/site-packages/airflow/example_dags/example_branch_labels.py for tasks to queue
[2022-02-05 19:45:58,828] {logging_mixin.py:109} INFO - [2022-02-05 19:45:58,828] {dagbag.py:500} INFO - Filling up the DagBag from /home/airflow/.local/lib/python3.7/site-packages/airflow/example_dags/example_branch_labels.py
[2022-02-05 19:45:58,850] {processor.py:654} INFO - DAG(s) dict_keys(['example_branch_labels']) retrieved from /home/airflow/.local/lib/python3.7/site-packages/airflow/example_dags/example_branch_labels.py
[2022-02-05 19:45:58,861] {logging_mixin.py:109} INFO - [2022-02-05 19:45:58,861] {dag.py:2396} INFO - Sync 1 DAGs
[2022-02-05 19:45:58,876] {logging_mixin.py:109} INFO - [2022-02-05 19:45:58,875] {dag.py:2935} INFO - Setting next_dagrun for example_branch_labels to 2022-02-04 00:00:00+00:00
[2022-02-05 19:45:58,884] {processor.py:171} INFO - Processing /home/airflow/.local/lib/python3.7/site-packages/airflow/example_dags/example_branch_labels.py took 0.060 seconds
[2022-02-05 19:46:29,669] {processor.py:163} INFO - Started process (PID=2934) to work on /home/airflow/.local/lib/python3.7/site-packages/airflow/example_dags/example_branch_labels.py
[2022-02-05 19:46:29,670] {processor.py:642} INFO - Processing file /home/airflow/.local/lib/python3.7/site-packages/airflow/example_dags/example_branch_labels.py for tasks to queue
[2022-02-05 19:46:29,670] {logging_mixin.py:109} INFO - [2022-02-05 19:46:29,670] {dagbag.py:500} INFO - Filling up the DagBag from /home/airflow/.local/lib/python3.7/site-packages/airflow/example_dags/example_branch_labels.py
[2022-02-05 19:46:29,698] {processor.py:654} INFO - DAG(s) dict_keys(['example_branch_labels']) retrieved from /home/airflow/.local/lib/python3.7/site-packages/airflow/example_dags/example_branch_labels.py
[2022-02-05 19:46:29,706] {logging_mixin.py:109} INFO - [2022-02-05 19:46:29,706] {dag.py:2396} INFO - Sync 1 DAGs
[2022-02-05 19:46:29,720] {logging_mixin.py:109} INFO - [2022-02-05 19:46:29,720] {dag.py:2935} INFO - Setting next_dagrun for example_branch_labels to 2022-02-04 00:00:00+00:00
[2022-02-05 19:46:29,728] {processor.py:171} INFO - Processing /home/airflow/.local/lib/python3.7/site-packages/airflow/example_dags/example_branch_labels.py took 0.062 seconds
[2022-02-05 19:47:00,449] {processor.py:163} INFO - Started process (PID=2986) to work on /home/airflow/.local/lib/python3.7/site-packages/airflow/example_dags/example_branch_labels.py
[2022-02-05 19:47:00,450] {processor.py:642} INFO - Processing file /home/airflow/.local/lib/python3.7/site-packages/airflow/example_dags/example_branch_labels.py for tasks to queue
[2022-02-05 19:47:00,451] {logging_mixin.py:109} INFO - [2022-02-05 19:47:00,451] {dagbag.py:500} INFO - Filling up the DagBag from /home/airflow/.local/lib/python3.7/site-packages/airflow/example_dags/example_branch_labels.py
[2022-02-05 19:47:00,478] {processor.py:654} INFO - DAG(s) dict_keys(['example_branch_labels']) retrieved from /home/airflow/.local/lib/python3.7/site-packages/airflow/example_dags/example_branch_labels.py
[2022-02-05 19:47:00,489] {logging_mixin.py:109} INFO - [2022-02-05 19:47:00,488] {dag.py:2396} INFO - Sync 1 DAGs
[2022-02-05 19:47:00,507] {logging_mixin.py:109} INFO - [2022-02-05 19:47:00,507] {dag.py:2935} INFO - Setting next_dagrun for example_branch_labels to 2022-02-04 00:00:00+00:00
[2022-02-05 19:47:00,518] {processor.py:171} INFO - Processing /home/airflow/.local/lib/python3.7/site-packages/airflow/example_dags/example_branch_labels.py took 0.072 seconds
[2022-02-05 19:47:31,334] {processor.py:163} INFO - Started process (PID=3047) to work on /home/airflow/.local/lib/python3.7/site-packages/airflow/example_dags/example_branch_labels.py
[2022-02-05 19:47:31,335] {processor.py:642} INFO - Processing file /home/airflow/.local/lib/python3.7/site-packages/airflow/example_dags/example_branch_labels.py for tasks to queue
[2022-02-05 19:47:31,336] {logging_mixin.py:109} INFO - [2022-02-05 19:47:31,336] {dagbag.py:500} INFO - Filling up the DagBag from /home/airflow/.local/lib/python3.7/site-packages/airflow/example_dags/example_branch_labels.py
[2022-02-05 19:47:31,359] {processor.py:654} INFO - DAG(s) dict_keys(['example_branch_labels']) retrieved from /home/airflow/.local/lib/python3.7/site-packages/airflow/example_dags/example_branch_labels.py
[2022-02-05 19:47:31,368] {logging_mixin.py:109} INFO - [2022-02-05 19:47:31,367] {dag.py:2396} INFO - Sync 1 DAGs
[2022-02-05 19:47:31,382] {logging_mixin.py:109} INFO - [2022-02-05 19:47:31,382] {dag.py:2935} INFO - Setting next_dagrun for example_branch_labels to 2022-02-04 00:00:00+00:00
[2022-02-05 19:47:31,390] {processor.py:171} INFO - Processing /home/airflow/.local/lib/python3.7/site-packages/airflow/example_dags/example_branch_labels.py took 0.059 seconds
[2022-02-05 19:48:02,239] {processor.py:163} INFO - Started process (PID=3100) to work on /home/airflow/.local/lib/python3.7/site-packages/airflow/example_dags/example_branch_labels.py
[2022-02-05 19:48:02,240] {processor.py:642} INFO - Processing file /home/airflow/.local/lib/python3.7/site-packages/airflow/example_dags/example_branch_labels.py for tasks to queue
[2022-02-05 19:48:02,240] {logging_mixin.py:109} INFO - [2022-02-05 19:48:02,240] {dagbag.py:500} INFO - Filling up the DagBag from /home/airflow/.local/lib/python3.7/site-packages/airflow/example_dags/example_branch_labels.py
[2022-02-05 19:48:02,264] {processor.py:654} INFO - DAG(s) dict_keys(['example_branch_labels']) retrieved from /home/airflow/.local/lib/python3.7/site-packages/airflow/example_dags/example_branch_labels.py
[2022-02-05 19:48:02,273] {logging_mixin.py:109} INFO - [2022-02-05 19:48:02,273] {dag.py:2396} INFO - Sync 1 DAGs
[2022-02-05 19:48:02,289] {logging_mixin.py:109} INFO - [2022-02-05 19:48:02,289] {dag.py:2935} INFO - Setting next_dagrun for example_branch_labels to 2022-02-04 00:00:00+00:00
[2022-02-05 19:48:02,299] {processor.py:171} INFO - Processing /home/airflow/.local/lib/python3.7/site-packages/airflow/example_dags/example_branch_labels.py took 0.063 seconds
[2022-02-05 19:48:32,875] {processor.py:163} INFO - Started process (PID=3163) to work on /home/airflow/.local/lib/python3.7/site-packages/airflow/example_dags/example_branch_labels.py
[2022-02-05 19:48:32,876] {processor.py:642} INFO - Processing file /home/airflow/.local/lib/python3.7/site-packages/airflow/example_dags/example_branch_labels.py for tasks to queue
[2022-02-05 19:48:32,876] {logging_mixin.py:109} INFO - [2022-02-05 19:48:32,876] {dagbag.py:500} INFO - Filling up the DagBag from /home/airflow/.local/lib/python3.7/site-packages/airflow/example_dags/example_branch_labels.py
[2022-02-05 19:48:32,901] {processor.py:654} INFO - DAG(s) dict_keys(['example_branch_labels']) retrieved from /home/airflow/.local/lib/python3.7/site-packages/airflow/example_dags/example_branch_labels.py
[2022-02-05 19:48:32,910] {logging_mixin.py:109} INFO - [2022-02-05 19:48:32,909] {dag.py:2396} INFO - Sync 1 DAGs
[2022-02-05 19:48:32,925] {logging_mixin.py:109} INFO - [2022-02-05 19:48:32,924] {dag.py:2935} INFO - Setting next_dagrun for example_branch_labels to 2022-02-04 00:00:00+00:00
[2022-02-05 19:48:32,933] {processor.py:171} INFO - Processing /home/airflow/.local/lib/python3.7/site-packages/airflow/example_dags/example_branch_labels.py took 0.061 seconds
[2022-02-05 19:49:03,394] {processor.py:163} INFO - Started process (PID=3217) to work on /home/airflow/.local/lib/python3.7/site-packages/airflow/example_dags/example_branch_labels.py
[2022-02-05 19:49:03,394] {processor.py:642} INFO - Processing file /home/airflow/.local/lib/python3.7/site-packages/airflow/example_dags/example_branch_labels.py for tasks to queue
[2022-02-05 19:49:03,395] {logging_mixin.py:109} INFO - [2022-02-05 19:49:03,395] {dagbag.py:500} INFO - Filling up the DagBag from /home/airflow/.local/lib/python3.7/site-packages/airflow/example_dags/example_branch_labels.py
[2022-02-05 19:49:03,418] {processor.py:654} INFO - DAG(s) dict_keys(['example_branch_labels']) retrieved from /home/airflow/.local/lib/python3.7/site-packages/airflow/example_dags/example_branch_labels.py
[2022-02-05 19:49:03,426] {logging_mixin.py:109} INFO - [2022-02-05 19:49:03,426] {dag.py:2396} INFO - Sync 1 DAGs
[2022-02-05 19:49:03,439] {logging_mixin.py:109} INFO - [2022-02-05 19:49:03,439] {dag.py:2935} INFO - Setting next_dagrun for example_branch_labels to 2022-02-04 00:00:00+00:00
[2022-02-05 19:49:03,447] {processor.py:171} INFO - Processing /home/airflow/.local/lib/python3.7/site-packages/airflow/example_dags/example_branch_labels.py took 0.056 seconds
[2022-02-05 19:49:33,821] {processor.py:163} INFO - Started process (PID=3281) to work on /home/airflow/.local/lib/python3.7/site-packages/airflow/example_dags/example_branch_labels.py
[2022-02-05 19:49:33,824] {processor.py:642} INFO - Processing file /home/airflow/.local/lib/python3.7/site-packages/airflow/example_dags/example_branch_labels.py for tasks to queue
[2022-02-05 19:49:33,824] {logging_mixin.py:109} INFO - [2022-02-05 19:49:33,824] {dagbag.py:500} INFO - Filling up the DagBag from /home/airflow/.local/lib/python3.7/site-packages/airflow/example_dags/example_branch_labels.py
[2022-02-05 19:49:33,849] {processor.py:654} INFO - DAG(s) dict_keys(['example_branch_labels']) retrieved from /home/airflow/.local/lib/python3.7/site-packages/airflow/example_dags/example_branch_labels.py
[2022-02-05 19:49:33,858] {logging_mixin.py:109} INFO - [2022-02-05 19:49:33,858] {dag.py:2396} INFO - Sync 1 DAGs
[2022-02-05 19:49:33,874] {logging_mixin.py:109} INFO - [2022-02-05 19:49:33,873] {dag.py:2935} INFO - Setting next_dagrun for example_branch_labels to 2022-02-04 00:00:00+00:00
[2022-02-05 19:49:33,882] {processor.py:171} INFO - Processing /home/airflow/.local/lib/python3.7/site-packages/airflow/example_dags/example_branch_labels.py took 0.064 seconds
[2022-02-05 19:50:04,193] {processor.py:163} INFO - Started process (PID=3334) to work on /home/airflow/.local/lib/python3.7/site-packages/airflow/example_dags/example_branch_labels.py
[2022-02-05 19:50:04,194] {processor.py:642} INFO - Processing file /home/airflow/.local/lib/python3.7/site-packages/airflow/example_dags/example_branch_labels.py for tasks to queue
[2022-02-05 19:50:04,195] {logging_mixin.py:109} INFO - [2022-02-05 19:50:04,194] {dagbag.py:500} INFO - Filling up the DagBag from /home/airflow/.local/lib/python3.7/site-packages/airflow/example_dags/example_branch_labels.py
[2022-02-05 19:50:04,221] {processor.py:654} INFO - DAG(s) dict_keys(['example_branch_labels']) retrieved from /home/airflow/.local/lib/python3.7/site-packages/airflow/example_dags/example_branch_labels.py
[2022-02-05 19:50:04,231] {logging_mixin.py:109} INFO - [2022-02-05 19:50:04,231] {dag.py:2396} INFO - Sync 1 DAGs
[2022-02-05 19:50:04,246] {logging_mixin.py:109} INFO - [2022-02-05 19:50:04,246] {dag.py:2935} INFO - Setting next_dagrun for example_branch_labels to 2022-02-04 00:00:00+00:00
[2022-02-05 19:50:04,254] {processor.py:171} INFO - Processing /home/airflow/.local/lib/python3.7/site-packages/airflow/example_dags/example_branch_labels.py took 0.063 seconds
[2022-02-05 19:50:34,363] {processor.py:163} INFO - Started process (PID=3395) to work on /home/airflow/.local/lib/python3.7/site-packages/airflow/example_dags/example_branch_labels.py
[2022-02-05 19:50:34,365] {processor.py:642} INFO - Processing file /home/airflow/.local/lib/python3.7/site-packages/airflow/example_dags/example_branch_labels.py for tasks to queue
[2022-02-05 19:50:34,366] {logging_mixin.py:109} INFO - [2022-02-05 19:50:34,365] {dagbag.py:500} INFO - Filling up the DagBag from /home/airflow/.local/lib/python3.7/site-packages/airflow/example_dags/example_branch_labels.py
[2022-02-05 19:50:34,395] {processor.py:654} INFO - DAG(s) dict_keys(['example_branch_labels']) retrieved from /home/airflow/.local/lib/python3.7/site-packages/airflow/example_dags/example_branch_labels.py
[2022-02-05 19:50:34,406] {logging_mixin.py:109} INFO - [2022-02-05 19:50:34,406] {dag.py:2396} INFO - Sync 1 DAGs
[2022-02-05 19:50:34,426] {logging_mixin.py:109} INFO - [2022-02-05 19:50:34,426] {dag.py:2935} INFO - Setting next_dagrun for example_branch_labels to 2022-02-04 00:00:00+00:00
[2022-02-05 19:50:34,440] {processor.py:171} INFO - Processing /home/airflow/.local/lib/python3.7/site-packages/airflow/example_dags/example_branch_labels.py took 0.080 seconds
