[2022-02-05 19:21:03,146] {processor.py:163} INFO - Started process (PID=54) to work on /home/airflow/.local/lib/python3.7/site-packages/airflow/example_dags/example_python_operator.py
[2022-02-05 19:21:03,148] {processor.py:642} INFO - Processing file /home/airflow/.local/lib/python3.7/site-packages/airflow/example_dags/example_python_operator.py for tasks to queue
[2022-02-05 19:21:03,151] {logging_mixin.py:109} INFO - [2022-02-05 19:21:03,150] {dagbag.py:500} INFO - Filling up the DagBag from /home/airflow/.local/lib/python3.7/site-packages/airflow/example_dags/example_python_operator.py
[2022-02-05 19:21:03,225] {processor.py:654} INFO - DAG(s) dict_keys(['example_python_operator']) retrieved from /home/airflow/.local/lib/python3.7/site-packages/airflow/example_dags/example_python_operator.py
[2022-02-05 19:21:03,256] {logging_mixin.py:109} INFO - [2022-02-05 19:21:03,256] {dag.py:2396} INFO - Sync 1 DAGs
[2022-02-05 19:21:03,291] {logging_mixin.py:109} INFO - [2022-02-05 19:21:03,290] {dag.py:2935} INFO - Setting next_dagrun for example_python_operator to None
[2022-02-05 19:21:03,306] {processor.py:171} INFO - Processing /home/airflow/.local/lib/python3.7/site-packages/airflow/example_dags/example_python_operator.py took 0.165 seconds
[2022-02-05 19:21:34,264] {processor.py:163} INFO - Started process (PID=114) to work on /home/airflow/.local/lib/python3.7/site-packages/airflow/example_dags/example_python_operator.py
[2022-02-05 19:21:34,266] {processor.py:642} INFO - Processing file /home/airflow/.local/lib/python3.7/site-packages/airflow/example_dags/example_python_operator.py for tasks to queue
[2022-02-05 19:21:34,267] {logging_mixin.py:109} INFO - [2022-02-05 19:21:34,267] {dagbag.py:500} INFO - Filling up the DagBag from /home/airflow/.local/lib/python3.7/site-packages/airflow/example_dags/example_python_operator.py
[2022-02-05 19:21:34,320] {processor.py:654} INFO - DAG(s) dict_keys(['example_python_operator']) retrieved from /home/airflow/.local/lib/python3.7/site-packages/airflow/example_dags/example_python_operator.py
[2022-02-05 19:21:34,358] {logging_mixin.py:109} INFO - [2022-02-05 19:21:34,358] {dag.py:2396} INFO - Sync 1 DAGs
[2022-02-05 19:21:34,401] {logging_mixin.py:109} INFO - [2022-02-05 19:21:34,401] {dag.py:2935} INFO - Setting next_dagrun for example_python_operator to None
[2022-02-05 19:21:34,417] {processor.py:171} INFO - Processing /home/airflow/.local/lib/python3.7/site-packages/airflow/example_dags/example_python_operator.py took 0.158 seconds
[2022-02-05 19:22:06,959] {processor.py:163} INFO - Started process (PID=167) to work on /home/airflow/.local/lib/python3.7/site-packages/airflow/example_dags/example_python_operator.py
[2022-02-05 19:22:06,961] {processor.py:642} INFO - Processing file /home/airflow/.local/lib/python3.7/site-packages/airflow/example_dags/example_python_operator.py for tasks to queue
[2022-02-05 19:22:06,962] {logging_mixin.py:109} INFO - [2022-02-05 19:22:06,962] {dagbag.py:500} INFO - Filling up the DagBag from /home/airflow/.local/lib/python3.7/site-packages/airflow/example_dags/example_python_operator.py
[2022-02-05 19:22:07,017] {processor.py:654} INFO - DAG(s) dict_keys(['example_python_operator']) retrieved from /home/airflow/.local/lib/python3.7/site-packages/airflow/example_dags/example_python_operator.py
[2022-02-05 19:22:07,032] {logging_mixin.py:109} INFO - [2022-02-05 19:22:07,032] {dag.py:2396} INFO - Sync 1 DAGs
[2022-02-05 19:22:07,061] {logging_mixin.py:109} INFO - [2022-02-05 19:22:07,060] {dag.py:2935} INFO - Setting next_dagrun for example_python_operator to None
[2022-02-05 19:22:07,077] {processor.py:171} INFO - Processing /home/airflow/.local/lib/python3.7/site-packages/airflow/example_dags/example_python_operator.py took 0.123 seconds
[2022-02-05 19:22:37,988] {processor.py:163} INFO - Started process (PID=230) to work on /home/airflow/.local/lib/python3.7/site-packages/airflow/example_dags/example_python_operator.py
[2022-02-05 19:22:37,990] {processor.py:642} INFO - Processing file /home/airflow/.local/lib/python3.7/site-packages/airflow/example_dags/example_python_operator.py for tasks to queue
[2022-02-05 19:22:37,991] {logging_mixin.py:109} INFO - [2022-02-05 19:22:37,990] {dagbag.py:500} INFO - Filling up the DagBag from /home/airflow/.local/lib/python3.7/site-packages/airflow/example_dags/example_python_operator.py
[2022-02-05 19:22:38,033] {processor.py:654} INFO - DAG(s) dict_keys(['example_python_operator']) retrieved from /home/airflow/.local/lib/python3.7/site-packages/airflow/example_dags/example_python_operator.py
[2022-02-05 19:22:38,047] {logging_mixin.py:109} INFO - [2022-02-05 19:22:38,047] {dag.py:2396} INFO - Sync 1 DAGs
[2022-02-05 19:22:38,078] {logging_mixin.py:109} INFO - [2022-02-05 19:22:38,078] {dag.py:2935} INFO - Setting next_dagrun for example_python_operator to None
[2022-02-05 19:22:38,100] {processor.py:171} INFO - Processing /home/airflow/.local/lib/python3.7/site-packages/airflow/example_dags/example_python_operator.py took 0.116 seconds
[2022-02-05 19:23:08,633] {processor.py:163} INFO - Started process (PID=286) to work on /home/airflow/.local/lib/python3.7/site-packages/airflow/example_dags/example_python_operator.py
[2022-02-05 19:23:08,635] {processor.py:642} INFO - Processing file /home/airflow/.local/lib/python3.7/site-packages/airflow/example_dags/example_python_operator.py for tasks to queue
[2022-02-05 19:23:08,636] {logging_mixin.py:109} INFO - [2022-02-05 19:23:08,635] {dagbag.py:500} INFO - Filling up the DagBag from /home/airflow/.local/lib/python3.7/site-packages/airflow/example_dags/example_python_operator.py
[2022-02-05 19:23:08,667] {processor.py:654} INFO - DAG(s) dict_keys(['example_python_operator']) retrieved from /home/airflow/.local/lib/python3.7/site-packages/airflow/example_dags/example_python_operator.py
[2022-02-05 19:23:08,678] {logging_mixin.py:109} INFO - [2022-02-05 19:23:08,677] {dag.py:2396} INFO - Sync 1 DAGs
[2022-02-05 19:23:08,695] {logging_mixin.py:109} INFO - [2022-02-05 19:23:08,695] {dag.py:2935} INFO - Setting next_dagrun for example_python_operator to None
[2022-02-05 19:23:08,709] {processor.py:171} INFO - Processing /home/airflow/.local/lib/python3.7/site-packages/airflow/example_dags/example_python_operator.py took 0.079 seconds
[2022-02-05 19:23:39,357] {processor.py:163} INFO - Started process (PID=339) to work on /home/airflow/.local/lib/python3.7/site-packages/airflow/example_dags/example_python_operator.py
[2022-02-05 19:23:39,360] {processor.py:642} INFO - Processing file /home/airflow/.local/lib/python3.7/site-packages/airflow/example_dags/example_python_operator.py for tasks to queue
[2022-02-05 19:23:39,361] {logging_mixin.py:109} INFO - [2022-02-05 19:23:39,361] {dagbag.py:500} INFO - Filling up the DagBag from /home/airflow/.local/lib/python3.7/site-packages/airflow/example_dags/example_python_operator.py
[2022-02-05 19:23:39,418] {processor.py:654} INFO - DAG(s) dict_keys(['example_python_operator']) retrieved from /home/airflow/.local/lib/python3.7/site-packages/airflow/example_dags/example_python_operator.py
[2022-02-05 19:23:39,438] {logging_mixin.py:109} INFO - [2022-02-05 19:23:39,438] {dag.py:2396} INFO - Sync 1 DAGs
[2022-02-05 19:23:39,473] {logging_mixin.py:109} INFO - [2022-02-05 19:23:39,472] {dag.py:2935} INFO - Setting next_dagrun for example_python_operator to None
[2022-02-05 19:23:39,490] {processor.py:171} INFO - Processing /home/airflow/.local/lib/python3.7/site-packages/airflow/example_dags/example_python_operator.py took 0.138 seconds
[2022-02-05 19:24:10,187] {processor.py:163} INFO - Started process (PID=402) to work on /home/airflow/.local/lib/python3.7/site-packages/airflow/example_dags/example_python_operator.py
[2022-02-05 19:24:10,188] {processor.py:642} INFO - Processing file /home/airflow/.local/lib/python3.7/site-packages/airflow/example_dags/example_python_operator.py for tasks to queue
[2022-02-05 19:24:10,189] {logging_mixin.py:109} INFO - [2022-02-05 19:24:10,188] {dagbag.py:500} INFO - Filling up the DagBag from /home/airflow/.local/lib/python3.7/site-packages/airflow/example_dags/example_python_operator.py
[2022-02-05 19:24:10,222] {processor.py:654} INFO - DAG(s) dict_keys(['example_python_operator']) retrieved from /home/airflow/.local/lib/python3.7/site-packages/airflow/example_dags/example_python_operator.py
[2022-02-05 19:24:10,233] {logging_mixin.py:109} INFO - [2022-02-05 19:24:10,233] {dag.py:2396} INFO - Sync 1 DAGs
[2022-02-05 19:24:10,250] {logging_mixin.py:109} INFO - [2022-02-05 19:24:10,250] {dag.py:2935} INFO - Setting next_dagrun for example_python_operator to None
[2022-02-05 19:24:10,261] {processor.py:171} INFO - Processing /home/airflow/.local/lib/python3.7/site-packages/airflow/example_dags/example_python_operator.py took 0.077 seconds
[2022-02-05 19:24:40,503] {processor.py:163} INFO - Started process (PID=454) to work on /home/airflow/.local/lib/python3.7/site-packages/airflow/example_dags/example_python_operator.py
[2022-02-05 19:24:40,505] {processor.py:642} INFO - Processing file /home/airflow/.local/lib/python3.7/site-packages/airflow/example_dags/example_python_operator.py for tasks to queue
[2022-02-05 19:24:40,506] {logging_mixin.py:109} INFO - [2022-02-05 19:24:40,506] {dagbag.py:500} INFO - Filling up the DagBag from /home/airflow/.local/lib/python3.7/site-packages/airflow/example_dags/example_python_operator.py
[2022-02-05 19:24:40,533] {processor.py:654} INFO - DAG(s) dict_keys(['example_python_operator']) retrieved from /home/airflow/.local/lib/python3.7/site-packages/airflow/example_dags/example_python_operator.py
[2022-02-05 19:24:40,542] {logging_mixin.py:109} INFO - [2022-02-05 19:24:40,542] {dag.py:2396} INFO - Sync 1 DAGs
[2022-02-05 19:24:40,558] {logging_mixin.py:109} INFO - [2022-02-05 19:24:40,558] {dag.py:2935} INFO - Setting next_dagrun for example_python_operator to None
[2022-02-05 19:24:40,567] {processor.py:171} INFO - Processing /home/airflow/.local/lib/python3.7/site-packages/airflow/example_dags/example_python_operator.py took 0.066 seconds
[2022-02-05 19:25:10,604] {processor.py:163} INFO - Started process (PID=515) to work on /home/airflow/.local/lib/python3.7/site-packages/airflow/example_dags/example_python_operator.py
[2022-02-05 19:25:10,606] {processor.py:642} INFO - Processing file /home/airflow/.local/lib/python3.7/site-packages/airflow/example_dags/example_python_operator.py for tasks to queue
[2022-02-05 19:25:10,607] {logging_mixin.py:109} INFO - [2022-02-05 19:25:10,607] {dagbag.py:500} INFO - Filling up the DagBag from /home/airflow/.local/lib/python3.7/site-packages/airflow/example_dags/example_python_operator.py
[2022-02-05 19:25:10,654] {processor.py:654} INFO - DAG(s) dict_keys(['example_python_operator']) retrieved from /home/airflow/.local/lib/python3.7/site-packages/airflow/example_dags/example_python_operator.py
[2022-02-05 19:25:10,672] {logging_mixin.py:109} INFO - [2022-02-05 19:25:10,672] {dag.py:2396} INFO - Sync 1 DAGs
[2022-02-05 19:25:10,697] {logging_mixin.py:109} INFO - [2022-02-05 19:25:10,696] {dag.py:2935} INFO - Setting next_dagrun for example_python_operator to None
[2022-02-05 19:25:10,711] {processor.py:171} INFO - Processing /home/airflow/.local/lib/python3.7/site-packages/airflow/example_dags/example_python_operator.py took 0.113 seconds
[2022-02-05 19:25:42,095] {processor.py:163} INFO - Started process (PID=569) to work on /home/airflow/.local/lib/python3.7/site-packages/airflow/example_dags/example_python_operator.py
[2022-02-05 19:25:42,097] {processor.py:642} INFO - Processing file /home/airflow/.local/lib/python3.7/site-packages/airflow/example_dags/example_python_operator.py for tasks to queue
[2022-02-05 19:25:42,097] {logging_mixin.py:109} INFO - [2022-02-05 19:25:42,097] {dagbag.py:500} INFO - Filling up the DagBag from /home/airflow/.local/lib/python3.7/site-packages/airflow/example_dags/example_python_operator.py
[2022-02-05 19:25:42,137] {processor.py:654} INFO - DAG(s) dict_keys(['example_python_operator']) retrieved from /home/airflow/.local/lib/python3.7/site-packages/airflow/example_dags/example_python_operator.py
[2022-02-05 19:25:42,151] {logging_mixin.py:109} INFO - [2022-02-05 19:25:42,150] {dag.py:2396} INFO - Sync 1 DAGs
[2022-02-05 19:25:42,169] {logging_mixin.py:109} INFO - [2022-02-05 19:25:42,169] {dag.py:2935} INFO - Setting next_dagrun for example_python_operator to None
[2022-02-05 19:25:42,180] {processor.py:171} INFO - Processing /home/airflow/.local/lib/python3.7/site-packages/airflow/example_dags/example_python_operator.py took 0.088 seconds
[2022-02-05 19:26:13,508] {processor.py:163} INFO - Started process (PID=631) to work on /home/airflow/.local/lib/python3.7/site-packages/airflow/example_dags/example_python_operator.py
[2022-02-05 19:26:13,511] {processor.py:642} INFO - Processing file /home/airflow/.local/lib/python3.7/site-packages/airflow/example_dags/example_python_operator.py for tasks to queue
[2022-02-05 19:26:13,513] {logging_mixin.py:109} INFO - [2022-02-05 19:26:13,512] {dagbag.py:500} INFO - Filling up the DagBag from /home/airflow/.local/lib/python3.7/site-packages/airflow/example_dags/example_python_operator.py
[2022-02-05 19:26:13,579] {processor.py:654} INFO - DAG(s) dict_keys(['example_python_operator']) retrieved from /home/airflow/.local/lib/python3.7/site-packages/airflow/example_dags/example_python_operator.py
[2022-02-05 19:26:13,602] {logging_mixin.py:109} INFO - [2022-02-05 19:26:13,601] {dag.py:2396} INFO - Sync 1 DAGs
[2022-02-05 19:26:13,632] {logging_mixin.py:109} INFO - [2022-02-05 19:26:13,632] {dag.py:2935} INFO - Setting next_dagrun for example_python_operator to None
[2022-02-05 19:26:13,646] {processor.py:171} INFO - Processing /home/airflow/.local/lib/python3.7/site-packages/airflow/example_dags/example_python_operator.py took 0.146 seconds
[2022-02-05 19:26:44,014] {processor.py:163} INFO - Started process (PID=686) to work on /home/airflow/.local/lib/python3.7/site-packages/airflow/example_dags/example_python_operator.py
[2022-02-05 19:26:44,015] {processor.py:642} INFO - Processing file /home/airflow/.local/lib/python3.7/site-packages/airflow/example_dags/example_python_operator.py for tasks to queue
[2022-02-05 19:26:44,016] {logging_mixin.py:109} INFO - [2022-02-05 19:26:44,016] {dagbag.py:500} INFO - Filling up the DagBag from /home/airflow/.local/lib/python3.7/site-packages/airflow/example_dags/example_python_operator.py
[2022-02-05 19:26:44,052] {processor.py:654} INFO - DAG(s) dict_keys(['example_python_operator']) retrieved from /home/airflow/.local/lib/python3.7/site-packages/airflow/example_dags/example_python_operator.py
[2022-02-05 19:26:44,065] {logging_mixin.py:109} INFO - [2022-02-05 19:26:44,064] {dag.py:2396} INFO - Sync 1 DAGs
[2022-02-05 19:26:44,081] {logging_mixin.py:109} INFO - [2022-02-05 19:26:44,080] {dag.py:2935} INFO - Setting next_dagrun for example_python_operator to None
[2022-02-05 19:26:44,092] {processor.py:171} INFO - Processing /home/airflow/.local/lib/python3.7/site-packages/airflow/example_dags/example_python_operator.py took 0.082 seconds
[2022-02-05 19:27:14,221] {processor.py:163} INFO - Started process (PID=738) to work on /home/airflow/.local/lib/python3.7/site-packages/airflow/example_dags/example_python_operator.py
[2022-02-05 19:27:14,223] {processor.py:642} INFO - Processing file /home/airflow/.local/lib/python3.7/site-packages/airflow/example_dags/example_python_operator.py for tasks to queue
[2022-02-05 19:27:14,223] {logging_mixin.py:109} INFO - [2022-02-05 19:27:14,223] {dagbag.py:500} INFO - Filling up the DagBag from /home/airflow/.local/lib/python3.7/site-packages/airflow/example_dags/example_python_operator.py
[2022-02-05 19:27:14,251] {processor.py:654} INFO - DAG(s) dict_keys(['example_python_operator']) retrieved from /home/airflow/.local/lib/python3.7/site-packages/airflow/example_dags/example_python_operator.py
[2022-02-05 19:27:14,261] {logging_mixin.py:109} INFO - [2022-02-05 19:27:14,261] {dag.py:2396} INFO - Sync 1 DAGs
[2022-02-05 19:27:14,274] {logging_mixin.py:109} INFO - [2022-02-05 19:27:14,274] {dag.py:2935} INFO - Setting next_dagrun for example_python_operator to None
[2022-02-05 19:27:14,284] {processor.py:171} INFO - Processing /home/airflow/.local/lib/python3.7/site-packages/airflow/example_dags/example_python_operator.py took 0.066 seconds
[2022-02-05 19:27:44,589] {processor.py:163} INFO - Started process (PID=800) to work on /home/airflow/.local/lib/python3.7/site-packages/airflow/example_dags/example_python_operator.py
[2022-02-05 19:27:44,590] {processor.py:642} INFO - Processing file /home/airflow/.local/lib/python3.7/site-packages/airflow/example_dags/example_python_operator.py for tasks to queue
[2022-02-05 19:27:44,591] {logging_mixin.py:109} INFO - [2022-02-05 19:27:44,591] {dagbag.py:500} INFO - Filling up the DagBag from /home/airflow/.local/lib/python3.7/site-packages/airflow/example_dags/example_python_operator.py
[2022-02-05 19:27:44,618] {processor.py:654} INFO - DAG(s) dict_keys(['example_python_operator']) retrieved from /home/airflow/.local/lib/python3.7/site-packages/airflow/example_dags/example_python_operator.py
[2022-02-05 19:27:44,627] {logging_mixin.py:109} INFO - [2022-02-05 19:27:44,627] {dag.py:2396} INFO - Sync 1 DAGs
[2022-02-05 19:27:44,639] {logging_mixin.py:109} INFO - [2022-02-05 19:27:44,639] {dag.py:2935} INFO - Setting next_dagrun for example_python_operator to None
[2022-02-05 19:27:44,648] {processor.py:171} INFO - Processing /home/airflow/.local/lib/python3.7/site-packages/airflow/example_dags/example_python_operator.py took 0.061 seconds
[2022-02-05 19:28:15,324] {processor.py:163} INFO - Started process (PID=854) to work on /home/airflow/.local/lib/python3.7/site-packages/airflow/example_dags/example_python_operator.py
[2022-02-05 19:28:15,326] {processor.py:642} INFO - Processing file /home/airflow/.local/lib/python3.7/site-packages/airflow/example_dags/example_python_operator.py for tasks to queue
[2022-02-05 19:28:15,327] {logging_mixin.py:109} INFO - [2022-02-05 19:28:15,327] {dagbag.py:500} INFO - Filling up the DagBag from /home/airflow/.local/lib/python3.7/site-packages/airflow/example_dags/example_python_operator.py
[2022-02-05 19:28:15,366] {processor.py:654} INFO - DAG(s) dict_keys(['example_python_operator']) retrieved from /home/airflow/.local/lib/python3.7/site-packages/airflow/example_dags/example_python_operator.py
[2022-02-05 19:28:15,379] {logging_mixin.py:109} INFO - [2022-02-05 19:28:15,379] {dag.py:2396} INFO - Sync 1 DAGs
[2022-02-05 19:28:15,398] {logging_mixin.py:109} INFO - [2022-02-05 19:28:15,398] {dag.py:2935} INFO - Setting next_dagrun for example_python_operator to None
[2022-02-05 19:28:15,411] {processor.py:171} INFO - Processing /home/airflow/.local/lib/python3.7/site-packages/airflow/example_dags/example_python_operator.py took 0.090 seconds
[2022-02-05 19:28:46,005] {processor.py:163} INFO - Started process (PID=917) to work on /home/airflow/.local/lib/python3.7/site-packages/airflow/example_dags/example_python_operator.py
[2022-02-05 19:28:46,006] {processor.py:642} INFO - Processing file /home/airflow/.local/lib/python3.7/site-packages/airflow/example_dags/example_python_operator.py for tasks to queue
[2022-02-05 19:28:46,007] {logging_mixin.py:109} INFO - [2022-02-05 19:28:46,007] {dagbag.py:500} INFO - Filling up the DagBag from /home/airflow/.local/lib/python3.7/site-packages/airflow/example_dags/example_python_operator.py
[2022-02-05 19:28:46,046] {processor.py:654} INFO - DAG(s) dict_keys(['example_python_operator']) retrieved from /home/airflow/.local/lib/python3.7/site-packages/airflow/example_dags/example_python_operator.py
[2022-02-05 19:28:46,058] {logging_mixin.py:109} INFO - [2022-02-05 19:28:46,058] {dag.py:2396} INFO - Sync 1 DAGs
[2022-02-05 19:28:46,075] {logging_mixin.py:109} INFO - [2022-02-05 19:28:46,075] {dag.py:2935} INFO - Setting next_dagrun for example_python_operator to None
[2022-02-05 19:28:46,085] {processor.py:171} INFO - Processing /home/airflow/.local/lib/python3.7/site-packages/airflow/example_dags/example_python_operator.py took 0.084 seconds
[2022-02-05 19:29:16,694] {processor.py:163} INFO - Started process (PID=970) to work on /home/airflow/.local/lib/python3.7/site-packages/airflow/example_dags/example_python_operator.py
[2022-02-05 19:29:16,695] {processor.py:642} INFO - Processing file /home/airflow/.local/lib/python3.7/site-packages/airflow/example_dags/example_python_operator.py for tasks to queue
[2022-02-05 19:29:16,696] {logging_mixin.py:109} INFO - [2022-02-05 19:29:16,696] {dagbag.py:500} INFO - Filling up the DagBag from /home/airflow/.local/lib/python3.7/site-packages/airflow/example_dags/example_python_operator.py
[2022-02-05 19:29:16,735] {processor.py:654} INFO - DAG(s) dict_keys(['example_python_operator']) retrieved from /home/airflow/.local/lib/python3.7/site-packages/airflow/example_dags/example_python_operator.py
[2022-02-05 19:29:16,748] {logging_mixin.py:109} INFO - [2022-02-05 19:29:16,748] {dag.py:2396} INFO - Sync 1 DAGs
[2022-02-05 19:29:16,766] {logging_mixin.py:109} INFO - [2022-02-05 19:29:16,766] {dag.py:2935} INFO - Setting next_dagrun for example_python_operator to None
[2022-02-05 19:29:16,777] {processor.py:171} INFO - Processing /home/airflow/.local/lib/python3.7/site-packages/airflow/example_dags/example_python_operator.py took 0.087 seconds
[2022-02-05 19:29:47,866] {processor.py:163} INFO - Started process (PID=1033) to work on /home/airflow/.local/lib/python3.7/site-packages/airflow/example_dags/example_python_operator.py
[2022-02-05 19:29:47,868] {processor.py:642} INFO - Processing file /home/airflow/.local/lib/python3.7/site-packages/airflow/example_dags/example_python_operator.py for tasks to queue
[2022-02-05 19:29:47,869] {logging_mixin.py:109} INFO - [2022-02-05 19:29:47,869] {dagbag.py:500} INFO - Filling up the DagBag from /home/airflow/.local/lib/python3.7/site-packages/airflow/example_dags/example_python_operator.py
[2022-02-05 19:29:47,915] {processor.py:654} INFO - DAG(s) dict_keys(['example_python_operator']) retrieved from /home/airflow/.local/lib/python3.7/site-packages/airflow/example_dags/example_python_operator.py
[2022-02-05 19:29:47,934] {logging_mixin.py:109} INFO - [2022-02-05 19:29:47,934] {dag.py:2396} INFO - Sync 1 DAGs
[2022-02-05 19:29:47,960] {logging_mixin.py:109} INFO - [2022-02-05 19:29:47,960] {dag.py:2935} INFO - Setting next_dagrun for example_python_operator to None
[2022-02-05 19:29:47,974] {processor.py:171} INFO - Processing /home/airflow/.local/lib/python3.7/site-packages/airflow/example_dags/example_python_operator.py took 0.113 seconds
[2022-02-05 19:30:18,521] {processor.py:163} INFO - Started process (PID=1085) to work on /home/airflow/.local/lib/python3.7/site-packages/airflow/example_dags/example_python_operator.py
[2022-02-05 19:30:18,524] {processor.py:642} INFO - Processing file /home/airflow/.local/lib/python3.7/site-packages/airflow/example_dags/example_python_operator.py for tasks to queue
[2022-02-05 19:30:18,525] {logging_mixin.py:109} INFO - [2022-02-05 19:30:18,525] {dagbag.py:500} INFO - Filling up the DagBag from /home/airflow/.local/lib/python3.7/site-packages/airflow/example_dags/example_python_operator.py
[2022-02-05 19:30:18,622] {processor.py:654} INFO - DAG(s) dict_keys(['example_python_operator']) retrieved from /home/airflow/.local/lib/python3.7/site-packages/airflow/example_dags/example_python_operator.py
[2022-02-05 19:30:18,640] {logging_mixin.py:109} INFO - [2022-02-05 19:30:18,640] {dag.py:2396} INFO - Sync 1 DAGs
[2022-02-05 19:30:18,673] {logging_mixin.py:109} INFO - [2022-02-05 19:30:18,673] {dag.py:2935} INFO - Setting next_dagrun for example_python_operator to None
[2022-02-05 19:30:18,687] {processor.py:171} INFO - Processing /home/airflow/.local/lib/python3.7/site-packages/airflow/example_dags/example_python_operator.py took 0.171 seconds
[2022-02-05 19:30:49,508] {processor.py:163} INFO - Started process (PID=1148) to work on /home/airflow/.local/lib/python3.7/site-packages/airflow/example_dags/example_python_operator.py
[2022-02-05 19:30:49,510] {processor.py:642} INFO - Processing file /home/airflow/.local/lib/python3.7/site-packages/airflow/example_dags/example_python_operator.py for tasks to queue
[2022-02-05 19:30:49,511] {logging_mixin.py:109} INFO - [2022-02-05 19:30:49,511] {dagbag.py:500} INFO - Filling up the DagBag from /home/airflow/.local/lib/python3.7/site-packages/airflow/example_dags/example_python_operator.py
[2022-02-05 19:30:49,567] {processor.py:654} INFO - DAG(s) dict_keys(['example_python_operator']) retrieved from /home/airflow/.local/lib/python3.7/site-packages/airflow/example_dags/example_python_operator.py
[2022-02-05 19:30:49,584] {logging_mixin.py:109} INFO - [2022-02-05 19:30:49,584] {dag.py:2396} INFO - Sync 1 DAGs
[2022-02-05 19:30:49,607] {logging_mixin.py:109} INFO - [2022-02-05 19:30:49,607] {dag.py:2935} INFO - Setting next_dagrun for example_python_operator to None
[2022-02-05 19:30:49,621] {processor.py:171} INFO - Processing /home/airflow/.local/lib/python3.7/site-packages/airflow/example_dags/example_python_operator.py took 0.119 seconds
[2022-02-05 19:31:19,882] {processor.py:163} INFO - Started process (PID=1201) to work on /home/airflow/.local/lib/python3.7/site-packages/airflow/example_dags/example_python_operator.py
[2022-02-05 19:31:19,885] {processor.py:642} INFO - Processing file /home/airflow/.local/lib/python3.7/site-packages/airflow/example_dags/example_python_operator.py for tasks to queue
[2022-02-05 19:31:19,886] {logging_mixin.py:109} INFO - [2022-02-05 19:31:19,886] {dagbag.py:500} INFO - Filling up the DagBag from /home/airflow/.local/lib/python3.7/site-packages/airflow/example_dags/example_python_operator.py
[2022-02-05 19:31:19,939] {processor.py:654} INFO - DAG(s) dict_keys(['example_python_operator']) retrieved from /home/airflow/.local/lib/python3.7/site-packages/airflow/example_dags/example_python_operator.py
[2022-02-05 19:31:19,960] {logging_mixin.py:109} INFO - [2022-02-05 19:31:19,960] {dag.py:2396} INFO - Sync 1 DAGs
[2022-02-05 19:31:19,992] {logging_mixin.py:109} INFO - [2022-02-05 19:31:19,991] {dag.py:2935} INFO - Setting next_dagrun for example_python_operator to None
[2022-02-05 19:31:20,006] {processor.py:171} INFO - Processing /home/airflow/.local/lib/python3.7/site-packages/airflow/example_dags/example_python_operator.py took 0.138 seconds
[2022-02-05 19:31:50,261] {processor.py:163} INFO - Started process (PID=1264) to work on /home/airflow/.local/lib/python3.7/site-packages/airflow/example_dags/example_python_operator.py
[2022-02-05 19:31:50,264] {processor.py:642} INFO - Processing file /home/airflow/.local/lib/python3.7/site-packages/airflow/example_dags/example_python_operator.py for tasks to queue
[2022-02-05 19:31:50,264] {logging_mixin.py:109} INFO - [2022-02-05 19:31:50,264] {dagbag.py:500} INFO - Filling up the DagBag from /home/airflow/.local/lib/python3.7/site-packages/airflow/example_dags/example_python_operator.py
[2022-02-05 19:31:50,313] {processor.py:654} INFO - DAG(s) dict_keys(['example_python_operator']) retrieved from /home/airflow/.local/lib/python3.7/site-packages/airflow/example_dags/example_python_operator.py
[2022-02-05 19:31:50,330] {logging_mixin.py:109} INFO - [2022-02-05 19:31:50,330] {dag.py:2396} INFO - Sync 1 DAGs
[2022-02-05 19:31:50,358] {logging_mixin.py:109} INFO - [2022-02-05 19:31:50,358] {dag.py:2935} INFO - Setting next_dagrun for example_python_operator to None
[2022-02-05 19:31:50,372] {processor.py:171} INFO - Processing /home/airflow/.local/lib/python3.7/site-packages/airflow/example_dags/example_python_operator.py took 0.116 seconds
[2022-02-05 19:32:20,760] {processor.py:163} INFO - Started process (PID=1322) to work on /home/airflow/.local/lib/python3.7/site-packages/airflow/example_dags/example_python_operator.py
[2022-02-05 19:32:20,762] {processor.py:642} INFO - Processing file /home/airflow/.local/lib/python3.7/site-packages/airflow/example_dags/example_python_operator.py for tasks to queue
[2022-02-05 19:32:20,762] {logging_mixin.py:109} INFO - [2022-02-05 19:32:20,762] {dagbag.py:500} INFO - Filling up the DagBag from /home/airflow/.local/lib/python3.7/site-packages/airflow/example_dags/example_python_operator.py
[2022-02-05 19:32:20,795] {processor.py:654} INFO - DAG(s) dict_keys(['example_python_operator']) retrieved from /home/airflow/.local/lib/python3.7/site-packages/airflow/example_dags/example_python_operator.py
[2022-02-05 19:32:20,806] {logging_mixin.py:109} INFO - [2022-02-05 19:32:20,806] {dag.py:2396} INFO - Sync 1 DAGs
[2022-02-05 19:32:20,821] {logging_mixin.py:109} INFO - [2022-02-05 19:32:20,821] {dag.py:2935} INFO - Setting next_dagrun for example_python_operator to None
[2022-02-05 19:32:20,833] {processor.py:171} INFO - Processing /home/airflow/.local/lib/python3.7/site-packages/airflow/example_dags/example_python_operator.py took 0.076 seconds
[2022-02-05 19:32:51,524] {processor.py:163} INFO - Started process (PID=1381) to work on /home/airflow/.local/lib/python3.7/site-packages/airflow/example_dags/example_python_operator.py
[2022-02-05 19:32:51,525] {processor.py:642} INFO - Processing file /home/airflow/.local/lib/python3.7/site-packages/airflow/example_dags/example_python_operator.py for tasks to queue
[2022-02-05 19:32:51,526] {logging_mixin.py:109} INFO - [2022-02-05 19:32:51,526] {dagbag.py:500} INFO - Filling up the DagBag from /home/airflow/.local/lib/python3.7/site-packages/airflow/example_dags/example_python_operator.py
[2022-02-05 19:32:51,554] {processor.py:654} INFO - DAG(s) dict_keys(['example_python_operator']) retrieved from /home/airflow/.local/lib/python3.7/site-packages/airflow/example_dags/example_python_operator.py
[2022-02-05 19:32:51,564] {logging_mixin.py:109} INFO - [2022-02-05 19:32:51,564] {dag.py:2396} INFO - Sync 1 DAGs
[2022-02-05 19:32:51,577] {logging_mixin.py:109} INFO - [2022-02-05 19:32:51,577] {dag.py:2935} INFO - Setting next_dagrun for example_python_operator to None
[2022-02-05 19:32:51,592] {processor.py:171} INFO - Processing /home/airflow/.local/lib/python3.7/site-packages/airflow/example_dags/example_python_operator.py took 0.071 seconds
[2022-02-05 19:33:21,748] {processor.py:163} INFO - Started process (PID=1436) to work on /home/airflow/.local/lib/python3.7/site-packages/airflow/example_dags/example_python_operator.py
[2022-02-05 19:33:21,754] {processor.py:642} INFO - Processing file /home/airflow/.local/lib/python3.7/site-packages/airflow/example_dags/example_python_operator.py for tasks to queue
[2022-02-05 19:33:21,754] {logging_mixin.py:109} INFO - [2022-02-05 19:33:21,754] {dagbag.py:500} INFO - Filling up the DagBag from /home/airflow/.local/lib/python3.7/site-packages/airflow/example_dags/example_python_operator.py
[2022-02-05 19:33:21,781] {processor.py:654} INFO - DAG(s) dict_keys(['example_python_operator']) retrieved from /home/airflow/.local/lib/python3.7/site-packages/airflow/example_dags/example_python_operator.py
[2022-02-05 19:33:21,790] {logging_mixin.py:109} INFO - [2022-02-05 19:33:21,789] {dag.py:2396} INFO - Sync 1 DAGs
[2022-02-05 19:33:21,802] {logging_mixin.py:109} INFO - [2022-02-05 19:33:21,802] {dag.py:2935} INFO - Setting next_dagrun for example_python_operator to None
[2022-02-05 19:33:21,811] {processor.py:171} INFO - Processing /home/airflow/.local/lib/python3.7/site-packages/airflow/example_dags/example_python_operator.py took 0.065 seconds
[2022-02-05 19:33:52,029] {processor.py:163} INFO - Started process (PID=1499) to work on /home/airflow/.local/lib/python3.7/site-packages/airflow/example_dags/example_python_operator.py
[2022-02-05 19:33:52,030] {processor.py:642} INFO - Processing file /home/airflow/.local/lib/python3.7/site-packages/airflow/example_dags/example_python_operator.py for tasks to queue
[2022-02-05 19:33:52,030] {logging_mixin.py:109} INFO - [2022-02-05 19:33:52,030] {dagbag.py:500} INFO - Filling up the DagBag from /home/airflow/.local/lib/python3.7/site-packages/airflow/example_dags/example_python_operator.py
[2022-02-05 19:33:52,058] {processor.py:654} INFO - DAG(s) dict_keys(['example_python_operator']) retrieved from /home/airflow/.local/lib/python3.7/site-packages/airflow/example_dags/example_python_operator.py
[2022-02-05 19:33:52,075] {logging_mixin.py:109} INFO - [2022-02-05 19:33:52,075] {dag.py:2396} INFO - Sync 1 DAGs
[2022-02-05 19:33:52,089] {logging_mixin.py:109} INFO - [2022-02-05 19:33:52,089] {dag.py:2935} INFO - Setting next_dagrun for example_python_operator to None
[2022-02-05 19:33:52,097] {processor.py:171} INFO - Processing /home/airflow/.local/lib/python3.7/site-packages/airflow/example_dags/example_python_operator.py took 0.071 seconds
[2022-02-05 19:34:23,230] {processor.py:163} INFO - Started process (PID=1552) to work on /home/airflow/.local/lib/python3.7/site-packages/airflow/example_dags/example_python_operator.py
[2022-02-05 19:34:23,231] {processor.py:642} INFO - Processing file /home/airflow/.local/lib/python3.7/site-packages/airflow/example_dags/example_python_operator.py for tasks to queue
[2022-02-05 19:34:23,232] {logging_mixin.py:109} INFO - [2022-02-05 19:34:23,232] {dagbag.py:500} INFO - Filling up the DagBag from /home/airflow/.local/lib/python3.7/site-packages/airflow/example_dags/example_python_operator.py
[2022-02-05 19:34:23,257] {processor.py:654} INFO - DAG(s) dict_keys(['example_python_operator']) retrieved from /home/airflow/.local/lib/python3.7/site-packages/airflow/example_dags/example_python_operator.py
[2022-02-05 19:34:23,265] {logging_mixin.py:109} INFO - [2022-02-05 19:34:23,265] {dag.py:2396} INFO - Sync 1 DAGs
[2022-02-05 19:34:23,277] {logging_mixin.py:109} INFO - [2022-02-05 19:34:23,277] {dag.py:2935} INFO - Setting next_dagrun for example_python_operator to None
[2022-02-05 19:34:23,285] {processor.py:171} INFO - Processing /home/airflow/.local/lib/python3.7/site-packages/airflow/example_dags/example_python_operator.py took 0.058 seconds
[2022-02-05 19:34:54,103] {processor.py:163} INFO - Started process (PID=1613) to work on /home/airflow/.local/lib/python3.7/site-packages/airflow/example_dags/example_python_operator.py
[2022-02-05 19:34:54,105] {processor.py:642} INFO - Processing file /home/airflow/.local/lib/python3.7/site-packages/airflow/example_dags/example_python_operator.py for tasks to queue
[2022-02-05 19:34:54,105] {logging_mixin.py:109} INFO - [2022-02-05 19:34:54,105] {dagbag.py:500} INFO - Filling up the DagBag from /home/airflow/.local/lib/python3.7/site-packages/airflow/example_dags/example_python_operator.py
[2022-02-05 19:34:54,132] {processor.py:654} INFO - DAG(s) dict_keys(['example_python_operator']) retrieved from /home/airflow/.local/lib/python3.7/site-packages/airflow/example_dags/example_python_operator.py
[2022-02-05 19:34:54,141] {logging_mixin.py:109} INFO - [2022-02-05 19:34:54,140] {dag.py:2396} INFO - Sync 1 DAGs
[2022-02-05 19:34:54,153] {logging_mixin.py:109} INFO - [2022-02-05 19:34:54,153] {dag.py:2935} INFO - Setting next_dagrun for example_python_operator to None
[2022-02-05 19:34:54,162] {processor.py:171} INFO - Processing /home/airflow/.local/lib/python3.7/site-packages/airflow/example_dags/example_python_operator.py took 0.061 seconds
[2022-02-05 19:35:24,407] {processor.py:163} INFO - Started process (PID=1665) to work on /home/airflow/.local/lib/python3.7/site-packages/airflow/example_dags/example_python_operator.py
[2022-02-05 19:35:24,408] {processor.py:642} INFO - Processing file /home/airflow/.local/lib/python3.7/site-packages/airflow/example_dags/example_python_operator.py for tasks to queue
[2022-02-05 19:35:24,409] {logging_mixin.py:109} INFO - [2022-02-05 19:35:24,409] {dagbag.py:500} INFO - Filling up the DagBag from /home/airflow/.local/lib/python3.7/site-packages/airflow/example_dags/example_python_operator.py
[2022-02-05 19:35:24,435] {processor.py:654} INFO - DAG(s) dict_keys(['example_python_operator']) retrieved from /home/airflow/.local/lib/python3.7/site-packages/airflow/example_dags/example_python_operator.py
[2022-02-05 19:35:24,443] {logging_mixin.py:109} INFO - [2022-02-05 19:35:24,443] {dag.py:2396} INFO - Sync 1 DAGs
[2022-02-05 19:35:24,455] {logging_mixin.py:109} INFO - [2022-02-05 19:35:24,455] {dag.py:2935} INFO - Setting next_dagrun for example_python_operator to None
[2022-02-05 19:35:24,466] {processor.py:171} INFO - Processing /home/airflow/.local/lib/python3.7/site-packages/airflow/example_dags/example_python_operator.py took 0.061 seconds
[2022-02-05 19:35:55,930] {processor.py:163} INFO - Started process (PID=1727) to work on /home/airflow/.local/lib/python3.7/site-packages/airflow/example_dags/example_python_operator.py
[2022-02-05 19:35:55,933] {processor.py:642} INFO - Processing file /home/airflow/.local/lib/python3.7/site-packages/airflow/example_dags/example_python_operator.py for tasks to queue
[2022-02-05 19:35:55,934] {logging_mixin.py:109} INFO - [2022-02-05 19:35:55,934] {dagbag.py:500} INFO - Filling up the DagBag from /home/airflow/.local/lib/python3.7/site-packages/airflow/example_dags/example_python_operator.py
[2022-02-05 19:35:56,002] {processor.py:654} INFO - DAG(s) dict_keys(['example_python_operator']) retrieved from /home/airflow/.local/lib/python3.7/site-packages/airflow/example_dags/example_python_operator.py
[2022-02-05 19:35:56,020] {logging_mixin.py:109} INFO - [2022-02-05 19:35:56,020] {dag.py:2396} INFO - Sync 1 DAGs
[2022-02-05 19:35:56,050] {logging_mixin.py:109} INFO - [2022-02-05 19:35:56,050] {dag.py:2935} INFO - Setting next_dagrun for example_python_operator to None
[2022-02-05 19:35:56,068] {processor.py:171} INFO - Processing /home/airflow/.local/lib/python3.7/site-packages/airflow/example_dags/example_python_operator.py took 0.147 seconds
[2022-02-05 19:36:26,768] {processor.py:163} INFO - Started process (PID=1789) to work on /home/airflow/.local/lib/python3.7/site-packages/airflow/example_dags/example_python_operator.py
[2022-02-05 19:36:26,770] {processor.py:642} INFO - Processing file /home/airflow/.local/lib/python3.7/site-packages/airflow/example_dags/example_python_operator.py for tasks to queue
[2022-02-05 19:36:26,770] {logging_mixin.py:109} INFO - [2022-02-05 19:36:26,770] {dagbag.py:500} INFO - Filling up the DagBag from /home/airflow/.local/lib/python3.7/site-packages/airflow/example_dags/example_python_operator.py
[2022-02-05 19:36:26,818] {processor.py:654} INFO - DAG(s) dict_keys(['example_python_operator']) retrieved from /home/airflow/.local/lib/python3.7/site-packages/airflow/example_dags/example_python_operator.py
[2022-02-05 19:36:26,834] {logging_mixin.py:109} INFO - [2022-02-05 19:36:26,834] {dag.py:2396} INFO - Sync 1 DAGs
[2022-02-05 19:36:26,857] {logging_mixin.py:109} INFO - [2022-02-05 19:36:26,857] {dag.py:2935} INFO - Setting next_dagrun for example_python_operator to None
[2022-02-05 19:36:26,872] {processor.py:171} INFO - Processing /home/airflow/.local/lib/python3.7/site-packages/airflow/example_dags/example_python_operator.py took 0.110 seconds
[2022-02-05 19:36:57,819] {processor.py:163} INFO - Started process (PID=1840) to work on /home/airflow/.local/lib/python3.7/site-packages/airflow/example_dags/example_python_operator.py
[2022-02-05 19:36:57,820] {processor.py:642} INFO - Processing file /home/airflow/.local/lib/python3.7/site-packages/airflow/example_dags/example_python_operator.py for tasks to queue
[2022-02-05 19:36:57,820] {logging_mixin.py:109} INFO - [2022-02-05 19:36:57,820] {dagbag.py:500} INFO - Filling up the DagBag from /home/airflow/.local/lib/python3.7/site-packages/airflow/example_dags/example_python_operator.py
[2022-02-05 19:36:57,850] {processor.py:654} INFO - DAG(s) dict_keys(['example_python_operator']) retrieved from /home/airflow/.local/lib/python3.7/site-packages/airflow/example_dags/example_python_operator.py
[2022-02-05 19:36:57,859] {logging_mixin.py:109} INFO - [2022-02-05 19:36:57,859] {dag.py:2396} INFO - Sync 1 DAGs
[2022-02-05 19:36:57,873] {logging_mixin.py:109} INFO - [2022-02-05 19:36:57,873] {dag.py:2935} INFO - Setting next_dagrun for example_python_operator to None
[2022-02-05 19:36:57,882] {processor.py:171} INFO - Processing /home/airflow/.local/lib/python3.7/site-packages/airflow/example_dags/example_python_operator.py took 0.066 seconds
[2022-02-05 19:37:28,244] {processor.py:163} INFO - Started process (PID=1903) to work on /home/airflow/.local/lib/python3.7/site-packages/airflow/example_dags/example_python_operator.py
[2022-02-05 19:37:28,245] {processor.py:642} INFO - Processing file /home/airflow/.local/lib/python3.7/site-packages/airflow/example_dags/example_python_operator.py for tasks to queue
[2022-02-05 19:37:28,246] {logging_mixin.py:109} INFO - [2022-02-05 19:37:28,246] {dagbag.py:500} INFO - Filling up the DagBag from /home/airflow/.local/lib/python3.7/site-packages/airflow/example_dags/example_python_operator.py
[2022-02-05 19:37:28,276] {processor.py:654} INFO - DAG(s) dict_keys(['example_python_operator']) retrieved from /home/airflow/.local/lib/python3.7/site-packages/airflow/example_dags/example_python_operator.py
[2022-02-05 19:37:28,285] {logging_mixin.py:109} INFO - [2022-02-05 19:37:28,285] {dag.py:2396} INFO - Sync 1 DAGs
[2022-02-05 19:37:28,300] {logging_mixin.py:109} INFO - [2022-02-05 19:37:28,300] {dag.py:2935} INFO - Setting next_dagrun for example_python_operator to None
[2022-02-05 19:37:28,312] {processor.py:171} INFO - Processing /home/airflow/.local/lib/python3.7/site-packages/airflow/example_dags/example_python_operator.py took 0.071 seconds
[2022-02-05 19:37:59,142] {processor.py:163} INFO - Started process (PID=1956) to work on /home/airflow/.local/lib/python3.7/site-packages/airflow/example_dags/example_python_operator.py
[2022-02-05 19:37:59,144] {processor.py:642} INFO - Processing file /home/airflow/.local/lib/python3.7/site-packages/airflow/example_dags/example_python_operator.py for tasks to queue
[2022-02-05 19:37:59,145] {logging_mixin.py:109} INFO - [2022-02-05 19:37:59,145] {dagbag.py:500} INFO - Filling up the DagBag from /home/airflow/.local/lib/python3.7/site-packages/airflow/example_dags/example_python_operator.py
[2022-02-05 19:37:59,217] {processor.py:654} INFO - DAG(s) dict_keys(['example_python_operator']) retrieved from /home/airflow/.local/lib/python3.7/site-packages/airflow/example_dags/example_python_operator.py
[2022-02-05 19:37:59,235] {logging_mixin.py:109} INFO - [2022-02-05 19:37:59,235] {dag.py:2396} INFO - Sync 1 DAGs
[2022-02-05 19:37:59,267] {logging_mixin.py:109} INFO - [2022-02-05 19:37:59,267] {dag.py:2935} INFO - Setting next_dagrun for example_python_operator to None
[2022-02-05 19:37:59,280] {processor.py:171} INFO - Processing /home/airflow/.local/lib/python3.7/site-packages/airflow/example_dags/example_python_operator.py took 0.143 seconds
[2022-02-05 19:38:29,648] {processor.py:163} INFO - Started process (PID=2019) to work on /home/airflow/.local/lib/python3.7/site-packages/airflow/example_dags/example_python_operator.py
[2022-02-05 19:38:29,649] {processor.py:642} INFO - Processing file /home/airflow/.local/lib/python3.7/site-packages/airflow/example_dags/example_python_operator.py for tasks to queue
[2022-02-05 19:38:29,650] {logging_mixin.py:109} INFO - [2022-02-05 19:38:29,650] {dagbag.py:500} INFO - Filling up the DagBag from /home/airflow/.local/lib/python3.7/site-packages/airflow/example_dags/example_python_operator.py
[2022-02-05 19:38:29,686] {processor.py:654} INFO - DAG(s) dict_keys(['example_python_operator']) retrieved from /home/airflow/.local/lib/python3.7/site-packages/airflow/example_dags/example_python_operator.py
[2022-02-05 19:38:29,698] {logging_mixin.py:109} INFO - [2022-02-05 19:38:29,698] {dag.py:2396} INFO - Sync 1 DAGs
[2022-02-05 19:38:29,715] {logging_mixin.py:109} INFO - [2022-02-05 19:38:29,715] {dag.py:2935} INFO - Setting next_dagrun for example_python_operator to None
[2022-02-05 19:38:29,726] {processor.py:171} INFO - Processing /home/airflow/.local/lib/python3.7/site-packages/airflow/example_dags/example_python_operator.py took 0.081 seconds
[2022-02-05 19:39:00,092] {processor.py:163} INFO - Started process (PID=2073) to work on /home/airflow/.local/lib/python3.7/site-packages/airflow/example_dags/example_python_operator.py
[2022-02-05 19:39:00,095] {processor.py:642} INFO - Processing file /home/airflow/.local/lib/python3.7/site-packages/airflow/example_dags/example_python_operator.py for tasks to queue
[2022-02-05 19:39:00,096] {logging_mixin.py:109} INFO - [2022-02-05 19:39:00,096] {dagbag.py:500} INFO - Filling up the DagBag from /home/airflow/.local/lib/python3.7/site-packages/airflow/example_dags/example_python_operator.py
[2022-02-05 19:39:00,138] {processor.py:654} INFO - DAG(s) dict_keys(['example_python_operator']) retrieved from /home/airflow/.local/lib/python3.7/site-packages/airflow/example_dags/example_python_operator.py
[2022-02-05 19:39:00,151] {logging_mixin.py:109} INFO - [2022-02-05 19:39:00,151] {dag.py:2396} INFO - Sync 1 DAGs
[2022-02-05 19:39:00,174] {logging_mixin.py:109} INFO - [2022-02-05 19:39:00,174] {dag.py:2935} INFO - Setting next_dagrun for example_python_operator to None
[2022-02-05 19:39:00,185] {processor.py:171} INFO - Processing /home/airflow/.local/lib/python3.7/site-packages/airflow/example_dags/example_python_operator.py took 0.097 seconds
[2022-02-05 19:39:31,091] {processor.py:163} INFO - Started process (PID=2139) to work on /home/airflow/.local/lib/python3.7/site-packages/airflow/example_dags/example_python_operator.py
[2022-02-05 19:39:31,092] {processor.py:642} INFO - Processing file /home/airflow/.local/lib/python3.7/site-packages/airflow/example_dags/example_python_operator.py for tasks to queue
[2022-02-05 19:39:31,093] {logging_mixin.py:109} INFO - [2022-02-05 19:39:31,093] {dagbag.py:500} INFO - Filling up the DagBag from /home/airflow/.local/lib/python3.7/site-packages/airflow/example_dags/example_python_operator.py
[2022-02-05 19:39:31,139] {processor.py:654} INFO - DAG(s) dict_keys(['example_python_operator']) retrieved from /home/airflow/.local/lib/python3.7/site-packages/airflow/example_dags/example_python_operator.py
[2022-02-05 19:39:31,153] {logging_mixin.py:109} INFO - [2022-02-05 19:39:31,153] {dag.py:2396} INFO - Sync 1 DAGs
[2022-02-05 19:39:31,272] {logging_mixin.py:109} INFO - [2022-02-05 19:39:31,272] {dag.py:2935} INFO - Setting next_dagrun for example_python_operator to None
[2022-02-05 19:39:31,284] {processor.py:171} INFO - Processing /home/airflow/.local/lib/python3.7/site-packages/airflow/example_dags/example_python_operator.py took 0.197 seconds
[2022-02-05 19:40:01,747] {processor.py:163} INFO - Started process (PID=2193) to work on /home/airflow/.local/lib/python3.7/site-packages/airflow/example_dags/example_python_operator.py
[2022-02-05 19:40:01,748] {processor.py:642} INFO - Processing file /home/airflow/.local/lib/python3.7/site-packages/airflow/example_dags/example_python_operator.py for tasks to queue
[2022-02-05 19:40:01,749] {logging_mixin.py:109} INFO - [2022-02-05 19:40:01,749] {dagbag.py:500} INFO - Filling up the DagBag from /home/airflow/.local/lib/python3.7/site-packages/airflow/example_dags/example_python_operator.py
[2022-02-05 19:40:01,786] {processor.py:654} INFO - DAG(s) dict_keys(['example_python_operator']) retrieved from /home/airflow/.local/lib/python3.7/site-packages/airflow/example_dags/example_python_operator.py
[2022-02-05 19:40:01,800] {logging_mixin.py:109} INFO - [2022-02-05 19:40:01,800] {dag.py:2396} INFO - Sync 1 DAGs
[2022-02-05 19:40:01,933] {logging_mixin.py:109} INFO - [2022-02-05 19:40:01,933] {dag.py:2935} INFO - Setting next_dagrun for example_python_operator to None
[2022-02-05 19:40:01,944] {processor.py:171} INFO - Processing /home/airflow/.local/lib/python3.7/site-packages/airflow/example_dags/example_python_operator.py took 0.201 seconds
[2022-02-05 19:40:32,658] {processor.py:163} INFO - Started process (PID=2250) to work on /home/airflow/.local/lib/python3.7/site-packages/airflow/example_dags/example_python_operator.py
[2022-02-05 19:40:32,659] {processor.py:642} INFO - Processing file /home/airflow/.local/lib/python3.7/site-packages/airflow/example_dags/example_python_operator.py for tasks to queue
[2022-02-05 19:40:32,660] {logging_mixin.py:109} INFO - [2022-02-05 19:40:32,660] {dagbag.py:500} INFO - Filling up the DagBag from /home/airflow/.local/lib/python3.7/site-packages/airflow/example_dags/example_python_operator.py
[2022-02-05 19:40:32,699] {processor.py:654} INFO - DAG(s) dict_keys(['example_python_operator']) retrieved from /home/airflow/.local/lib/python3.7/site-packages/airflow/example_dags/example_python_operator.py
[2022-02-05 19:40:32,714] {logging_mixin.py:109} INFO - [2022-02-05 19:40:32,714] {dag.py:2396} INFO - Sync 1 DAGs
[2022-02-05 19:40:32,866] {logging_mixin.py:109} INFO - [2022-02-05 19:40:32,866] {dag.py:2935} INFO - Setting next_dagrun for example_python_operator to None
[2022-02-05 19:40:32,877] {processor.py:171} INFO - Processing /home/airflow/.local/lib/python3.7/site-packages/airflow/example_dags/example_python_operator.py took 0.223 seconds
[2022-02-05 19:41:03,272] {processor.py:163} INFO - Started process (PID=2313) to work on /home/airflow/.local/lib/python3.7/site-packages/airflow/example_dags/example_python_operator.py
[2022-02-05 19:41:03,274] {processor.py:642} INFO - Processing file /home/airflow/.local/lib/python3.7/site-packages/airflow/example_dags/example_python_operator.py for tasks to queue
[2022-02-05 19:41:03,274] {logging_mixin.py:109} INFO - [2022-02-05 19:41:03,274] {dagbag.py:500} INFO - Filling up the DagBag from /home/airflow/.local/lib/python3.7/site-packages/airflow/example_dags/example_python_operator.py
[2022-02-05 19:41:03,304] {processor.py:654} INFO - DAG(s) dict_keys(['example_python_operator']) retrieved from /home/airflow/.local/lib/python3.7/site-packages/airflow/example_dags/example_python_operator.py
[2022-02-05 19:41:03,400] {logging_mixin.py:109} INFO - [2022-02-05 19:41:03,400] {dag.py:2396} INFO - Sync 1 DAGs
[2022-02-05 19:41:03,417] {logging_mixin.py:109} INFO - [2022-02-05 19:41:03,417] {dag.py:2935} INFO - Setting next_dagrun for example_python_operator to None
[2022-02-05 19:41:03,427] {processor.py:171} INFO - Processing /home/airflow/.local/lib/python3.7/site-packages/airflow/example_dags/example_python_operator.py took 0.158 seconds
[2022-02-05 19:41:34,364] {processor.py:163} INFO - Started process (PID=2366) to work on /home/airflow/.local/lib/python3.7/site-packages/airflow/example_dags/example_python_operator.py
[2022-02-05 19:41:34,372] {processor.py:642} INFO - Processing file /home/airflow/.local/lib/python3.7/site-packages/airflow/example_dags/example_python_operator.py for tasks to queue
[2022-02-05 19:41:34,374] {logging_mixin.py:109} INFO - [2022-02-05 19:41:34,373] {dagbag.py:500} INFO - Filling up the DagBag from /home/airflow/.local/lib/python3.7/site-packages/airflow/example_dags/example_python_operator.py
[2022-02-05 19:41:34,438] {processor.py:654} INFO - DAG(s) dict_keys(['example_python_operator']) retrieved from /home/airflow/.local/lib/python3.7/site-packages/airflow/example_dags/example_python_operator.py
[2022-02-05 19:41:34,608] {logging_mixin.py:109} INFO - [2022-02-05 19:41:34,608] {dag.py:2396} INFO - Sync 1 DAGs
[2022-02-05 19:41:34,637] {logging_mixin.py:109} INFO - [2022-02-05 19:41:34,636] {dag.py:2935} INFO - Setting next_dagrun for example_python_operator to None
[2022-02-05 19:41:34,652] {processor.py:171} INFO - Processing /home/airflow/.local/lib/python3.7/site-packages/airflow/example_dags/example_python_operator.py took 0.297 seconds
[2022-02-05 19:42:05,181] {processor.py:163} INFO - Started process (PID=2427) to work on /home/airflow/.local/lib/python3.7/site-packages/airflow/example_dags/example_python_operator.py
[2022-02-05 19:42:05,184] {processor.py:642} INFO - Processing file /home/airflow/.local/lib/python3.7/site-packages/airflow/example_dags/example_python_operator.py for tasks to queue
[2022-02-05 19:42:05,185] {logging_mixin.py:109} INFO - [2022-02-05 19:42:05,185] {dagbag.py:500} INFO - Filling up the DagBag from /home/airflow/.local/lib/python3.7/site-packages/airflow/example_dags/example_python_operator.py
[2022-02-05 19:42:05,351] {processor.py:654} INFO - DAG(s) dict_keys(['example_python_operator']) retrieved from /home/airflow/.local/lib/python3.7/site-packages/airflow/example_dags/example_python_operator.py
[2022-02-05 19:42:05,361] {logging_mixin.py:109} INFO - [2022-02-05 19:42:05,361] {dag.py:2396} INFO - Sync 1 DAGs
[2022-02-05 19:42:05,377] {logging_mixin.py:109} INFO - [2022-02-05 19:42:05,376] {dag.py:2935} INFO - Setting next_dagrun for example_python_operator to None
[2022-02-05 19:42:05,388] {processor.py:171} INFO - Processing /home/airflow/.local/lib/python3.7/site-packages/airflow/example_dags/example_python_operator.py took 0.213 seconds
[2022-02-05 19:42:35,494] {processor.py:163} INFO - Started process (PID=2480) to work on /home/airflow/.local/lib/python3.7/site-packages/airflow/example_dags/example_python_operator.py
[2022-02-05 19:42:35,497] {processor.py:642} INFO - Processing file /home/airflow/.local/lib/python3.7/site-packages/airflow/example_dags/example_python_operator.py for tasks to queue
[2022-02-05 19:42:35,498] {logging_mixin.py:109} INFO - [2022-02-05 19:42:35,498] {dagbag.py:500} INFO - Filling up the DagBag from /home/airflow/.local/lib/python3.7/site-packages/airflow/example_dags/example_python_operator.py
[2022-02-05 19:42:35,653] {processor.py:654} INFO - DAG(s) dict_keys(['example_python_operator']) retrieved from /home/airflow/.local/lib/python3.7/site-packages/airflow/example_dags/example_python_operator.py
[2022-02-05 19:42:35,666] {logging_mixin.py:109} INFO - [2022-02-05 19:42:35,665] {dag.py:2396} INFO - Sync 1 DAGs
[2022-02-05 19:42:35,683] {logging_mixin.py:109} INFO - [2022-02-05 19:42:35,683] {dag.py:2935} INFO - Setting next_dagrun for example_python_operator to None
[2022-02-05 19:42:35,694] {processor.py:171} INFO - Processing /home/airflow/.local/lib/python3.7/site-packages/airflow/example_dags/example_python_operator.py took 0.204 seconds
[2022-02-05 19:43:06,191] {processor.py:163} INFO - Started process (PID=2542) to work on /home/airflow/.local/lib/python3.7/site-packages/airflow/example_dags/example_python_operator.py
[2022-02-05 19:43:06,193] {processor.py:642} INFO - Processing file /home/airflow/.local/lib/python3.7/site-packages/airflow/example_dags/example_python_operator.py for tasks to queue
[2022-02-05 19:43:06,194] {logging_mixin.py:109} INFO - [2022-02-05 19:43:06,193] {dagbag.py:500} INFO - Filling up the DagBag from /home/airflow/.local/lib/python3.7/site-packages/airflow/example_dags/example_python_operator.py
[2022-02-05 19:43:06,336] {processor.py:654} INFO - DAG(s) dict_keys(['example_python_operator']) retrieved from /home/airflow/.local/lib/python3.7/site-packages/airflow/example_dags/example_python_operator.py
[2022-02-05 19:43:06,347] {logging_mixin.py:109} INFO - [2022-02-05 19:43:06,347] {dag.py:2396} INFO - Sync 1 DAGs
[2022-02-05 19:43:06,363] {logging_mixin.py:109} INFO - [2022-02-05 19:43:06,363] {dag.py:2935} INFO - Setting next_dagrun for example_python_operator to None
[2022-02-05 19:43:06,374] {processor.py:171} INFO - Processing /home/airflow/.local/lib/python3.7/site-packages/airflow/example_dags/example_python_operator.py took 0.187 seconds
[2022-02-05 19:43:36,762] {processor.py:163} INFO - Started process (PID=2596) to work on /home/airflow/.local/lib/python3.7/site-packages/airflow/example_dags/example_python_operator.py
[2022-02-05 19:43:36,764] {processor.py:642} INFO - Processing file /home/airflow/.local/lib/python3.7/site-packages/airflow/example_dags/example_python_operator.py for tasks to queue
[2022-02-05 19:43:36,764] {logging_mixin.py:109} INFO - [2022-02-05 19:43:36,764] {dagbag.py:500} INFO - Filling up the DagBag from /home/airflow/.local/lib/python3.7/site-packages/airflow/example_dags/example_python_operator.py
[2022-02-05 19:43:36,858] {processor.py:654} INFO - DAG(s) dict_keys(['example_python_operator']) retrieved from /home/airflow/.local/lib/python3.7/site-packages/airflow/example_dags/example_python_operator.py
[2022-02-05 19:43:36,865] {logging_mixin.py:109} INFO - [2022-02-05 19:43:36,865] {dag.py:2396} INFO - Sync 1 DAGs
[2022-02-05 19:43:36,875] {logging_mixin.py:109} INFO - [2022-02-05 19:43:36,875] {dag.py:2935} INFO - Setting next_dagrun for example_python_operator to None
[2022-02-05 19:43:36,885] {processor.py:171} INFO - Processing /home/airflow/.local/lib/python3.7/site-packages/airflow/example_dags/example_python_operator.py took 0.125 seconds
[2022-02-05 19:44:06,959] {processor.py:163} INFO - Started process (PID=2663) to work on /home/airflow/.local/lib/python3.7/site-packages/airflow/example_dags/example_python_operator.py
[2022-02-05 19:44:06,979] {processor.py:642} INFO - Processing file /home/airflow/.local/lib/python3.7/site-packages/airflow/example_dags/example_python_operator.py for tasks to queue
[2022-02-05 19:44:06,980] {logging_mixin.py:109} INFO - [2022-02-05 19:44:06,980] {dagbag.py:500} INFO - Filling up the DagBag from /home/airflow/.local/lib/python3.7/site-packages/airflow/example_dags/example_python_operator.py
[2022-02-05 19:44:07,080] {processor.py:654} INFO - DAG(s) dict_keys(['example_python_operator']) retrieved from /home/airflow/.local/lib/python3.7/site-packages/airflow/example_dags/example_python_operator.py
[2022-02-05 19:44:07,087] {logging_mixin.py:109} INFO - [2022-02-05 19:44:07,087] {dag.py:2396} INFO - Sync 1 DAGs
[2022-02-05 19:44:07,099] {logging_mixin.py:109} INFO - [2022-02-05 19:44:07,099] {dag.py:2935} INFO - Setting next_dagrun for example_python_operator to None
[2022-02-05 19:44:07,108] {processor.py:171} INFO - Processing /home/airflow/.local/lib/python3.7/site-packages/airflow/example_dags/example_python_operator.py took 0.152 seconds
[2022-02-05 19:44:37,886] {processor.py:163} INFO - Started process (PID=2715) to work on /home/airflow/.local/lib/python3.7/site-packages/airflow/example_dags/example_python_operator.py
[2022-02-05 19:44:37,887] {processor.py:642} INFO - Processing file /home/airflow/.local/lib/python3.7/site-packages/airflow/example_dags/example_python_operator.py for tasks to queue
[2022-02-05 19:44:37,887] {logging_mixin.py:109} INFO - [2022-02-05 19:44:37,887] {dagbag.py:500} INFO - Filling up the DagBag from /home/airflow/.local/lib/python3.7/site-packages/airflow/example_dags/example_python_operator.py
[2022-02-05 19:44:37,913] {processor.py:654} INFO - DAG(s) dict_keys(['example_python_operator']) retrieved from /home/airflow/.local/lib/python3.7/site-packages/airflow/example_dags/example_python_operator.py
[2022-02-05 19:44:37,921] {logging_mixin.py:109} INFO - [2022-02-05 19:44:37,921] {dag.py:2396} INFO - Sync 1 DAGs
[2022-02-05 19:44:37,933] {logging_mixin.py:109} INFO - [2022-02-05 19:44:37,933] {dag.py:2935} INFO - Setting next_dagrun for example_python_operator to None
[2022-02-05 19:44:37,941] {processor.py:171} INFO - Processing /home/airflow/.local/lib/python3.7/site-packages/airflow/example_dags/example_python_operator.py took 0.058 seconds
[2022-02-05 19:45:08,782] {processor.py:163} INFO - Started process (PID=2777) to work on /home/airflow/.local/lib/python3.7/site-packages/airflow/example_dags/example_python_operator.py
[2022-02-05 19:45:08,783] {processor.py:642} INFO - Processing file /home/airflow/.local/lib/python3.7/site-packages/airflow/example_dags/example_python_operator.py for tasks to queue
[2022-02-05 19:45:08,784] {logging_mixin.py:109} INFO - [2022-02-05 19:45:08,783] {dagbag.py:500} INFO - Filling up the DagBag from /home/airflow/.local/lib/python3.7/site-packages/airflow/example_dags/example_python_operator.py
[2022-02-05 19:45:08,809] {processor.py:654} INFO - DAG(s) dict_keys(['example_python_operator']) retrieved from /home/airflow/.local/lib/python3.7/site-packages/airflow/example_dags/example_python_operator.py
[2022-02-05 19:45:08,818] {logging_mixin.py:109} INFO - [2022-02-05 19:45:08,818] {dag.py:2396} INFO - Sync 1 DAGs
[2022-02-05 19:45:08,829] {logging_mixin.py:109} INFO - [2022-02-05 19:45:08,829] {dag.py:2935} INFO - Setting next_dagrun for example_python_operator to None
[2022-02-05 19:45:08,838] {processor.py:171} INFO - Processing /home/airflow/.local/lib/python3.7/site-packages/airflow/example_dags/example_python_operator.py took 0.059 seconds
[2022-02-05 19:45:39,665] {processor.py:163} INFO - Started process (PID=2830) to work on /home/airflow/.local/lib/python3.7/site-packages/airflow/example_dags/example_python_operator.py
[2022-02-05 19:45:39,666] {processor.py:642} INFO - Processing file /home/airflow/.local/lib/python3.7/site-packages/airflow/example_dags/example_python_operator.py for tasks to queue
[2022-02-05 19:45:39,667] {logging_mixin.py:109} INFO - [2022-02-05 19:45:39,667] {dagbag.py:500} INFO - Filling up the DagBag from /home/airflow/.local/lib/python3.7/site-packages/airflow/example_dags/example_python_operator.py
[2022-02-05 19:45:39,692] {processor.py:654} INFO - DAG(s) dict_keys(['example_python_operator']) retrieved from /home/airflow/.local/lib/python3.7/site-packages/airflow/example_dags/example_python_operator.py
[2022-02-05 19:45:39,701] {logging_mixin.py:109} INFO - [2022-02-05 19:45:39,701] {dag.py:2396} INFO - Sync 1 DAGs
[2022-02-05 19:45:39,713] {logging_mixin.py:109} INFO - [2022-02-05 19:45:39,713] {dag.py:2935} INFO - Setting next_dagrun for example_python_operator to None
[2022-02-05 19:45:39,721] {processor.py:171} INFO - Processing /home/airflow/.local/lib/python3.7/site-packages/airflow/example_dags/example_python_operator.py took 0.059 seconds
[2022-02-05 19:46:10,505] {processor.py:163} INFO - Started process (PID=2893) to work on /home/airflow/.local/lib/python3.7/site-packages/airflow/example_dags/example_python_operator.py
[2022-02-05 19:46:10,506] {processor.py:642} INFO - Processing file /home/airflow/.local/lib/python3.7/site-packages/airflow/example_dags/example_python_operator.py for tasks to queue
[2022-02-05 19:46:10,507] {logging_mixin.py:109} INFO - [2022-02-05 19:46:10,507] {dagbag.py:500} INFO - Filling up the DagBag from /home/airflow/.local/lib/python3.7/site-packages/airflow/example_dags/example_python_operator.py
[2022-02-05 19:46:10,532] {processor.py:654} INFO - DAG(s) dict_keys(['example_python_operator']) retrieved from /home/airflow/.local/lib/python3.7/site-packages/airflow/example_dags/example_python_operator.py
[2022-02-05 19:46:10,540] {logging_mixin.py:109} INFO - [2022-02-05 19:46:10,540] {dag.py:2396} INFO - Sync 1 DAGs
[2022-02-05 19:46:10,552] {logging_mixin.py:109} INFO - [2022-02-05 19:46:10,552] {dag.py:2935} INFO - Setting next_dagrun for example_python_operator to None
[2022-02-05 19:46:10,560] {processor.py:171} INFO - Processing /home/airflow/.local/lib/python3.7/site-packages/airflow/example_dags/example_python_operator.py took 0.058 seconds
[2022-02-05 19:46:41,290] {processor.py:163} INFO - Started process (PID=2954) to work on /home/airflow/.local/lib/python3.7/site-packages/airflow/example_dags/example_python_operator.py
[2022-02-05 19:46:41,292] {processor.py:642} INFO - Processing file /home/airflow/.local/lib/python3.7/site-packages/airflow/example_dags/example_python_operator.py for tasks to queue
[2022-02-05 19:46:41,292] {logging_mixin.py:109} INFO - [2022-02-05 19:46:41,292] {dagbag.py:500} INFO - Filling up the DagBag from /home/airflow/.local/lib/python3.7/site-packages/airflow/example_dags/example_python_operator.py
[2022-02-05 19:46:41,319] {processor.py:654} INFO - DAG(s) dict_keys(['example_python_operator']) retrieved from /home/airflow/.local/lib/python3.7/site-packages/airflow/example_dags/example_python_operator.py
[2022-02-05 19:46:41,328] {logging_mixin.py:109} INFO - [2022-02-05 19:46:41,328] {dag.py:2396} INFO - Sync 1 DAGs
[2022-02-05 19:46:41,341] {logging_mixin.py:109} INFO - [2022-02-05 19:46:41,341] {dag.py:2935} INFO - Setting next_dagrun for example_python_operator to None
[2022-02-05 19:46:41,350] {processor.py:171} INFO - Processing /home/airflow/.local/lib/python3.7/site-packages/airflow/example_dags/example_python_operator.py took 0.062 seconds
[2022-02-05 19:47:12,140] {processor.py:163} INFO - Started process (PID=3005) to work on /home/airflow/.local/lib/python3.7/site-packages/airflow/example_dags/example_python_operator.py
[2022-02-05 19:47:12,141] {processor.py:642} INFO - Processing file /home/airflow/.local/lib/python3.7/site-packages/airflow/example_dags/example_python_operator.py for tasks to queue
[2022-02-05 19:47:12,142] {logging_mixin.py:109} INFO - [2022-02-05 19:47:12,142] {dagbag.py:500} INFO - Filling up the DagBag from /home/airflow/.local/lib/python3.7/site-packages/airflow/example_dags/example_python_operator.py
[2022-02-05 19:47:12,175] {processor.py:654} INFO - DAG(s) dict_keys(['example_python_operator']) retrieved from /home/airflow/.local/lib/python3.7/site-packages/airflow/example_dags/example_python_operator.py
[2022-02-05 19:47:12,185] {logging_mixin.py:109} INFO - [2022-02-05 19:47:12,185] {dag.py:2396} INFO - Sync 1 DAGs
[2022-02-05 19:47:12,201] {logging_mixin.py:109} INFO - [2022-02-05 19:47:12,201] {dag.py:2935} INFO - Setting next_dagrun for example_python_operator to None
[2022-02-05 19:47:12,211] {processor.py:171} INFO - Processing /home/airflow/.local/lib/python3.7/site-packages/airflow/example_dags/example_python_operator.py took 0.076 seconds
[2022-02-05 19:47:42,881] {processor.py:163} INFO - Started process (PID=3067) to work on /home/airflow/.local/lib/python3.7/site-packages/airflow/example_dags/example_python_operator.py
[2022-02-05 19:47:42,882] {processor.py:642} INFO - Processing file /home/airflow/.local/lib/python3.7/site-packages/airflow/example_dags/example_python_operator.py for tasks to queue
[2022-02-05 19:47:42,883] {logging_mixin.py:109} INFO - [2022-02-05 19:47:42,882] {dagbag.py:500} INFO - Filling up the DagBag from /home/airflow/.local/lib/python3.7/site-packages/airflow/example_dags/example_python_operator.py
[2022-02-05 19:47:42,909] {processor.py:654} INFO - DAG(s) dict_keys(['example_python_operator']) retrieved from /home/airflow/.local/lib/python3.7/site-packages/airflow/example_dags/example_python_operator.py
[2022-02-05 19:47:42,917] {logging_mixin.py:109} INFO - [2022-02-05 19:47:42,917] {dag.py:2396} INFO - Sync 1 DAGs
[2022-02-05 19:47:42,930] {logging_mixin.py:109} INFO - [2022-02-05 19:47:42,930] {dag.py:2935} INFO - Setting next_dagrun for example_python_operator to None
[2022-02-05 19:47:42,939] {processor.py:171} INFO - Processing /home/airflow/.local/lib/python3.7/site-packages/airflow/example_dags/example_python_operator.py took 0.060 seconds
[2022-02-05 19:48:14,217] {processor.py:163} INFO - Started process (PID=3120) to work on /home/airflow/.local/lib/python3.7/site-packages/airflow/example_dags/example_python_operator.py
[2022-02-05 19:48:14,219] {processor.py:642} INFO - Processing file /home/airflow/.local/lib/python3.7/site-packages/airflow/example_dags/example_python_operator.py for tasks to queue
[2022-02-05 19:48:14,220] {logging_mixin.py:109} INFO - [2022-02-05 19:48:14,220] {dagbag.py:500} INFO - Filling up the DagBag from /home/airflow/.local/lib/python3.7/site-packages/airflow/example_dags/example_python_operator.py
[2022-02-05 19:48:14,267] {processor.py:654} INFO - DAG(s) dict_keys(['example_python_operator']) retrieved from /home/airflow/.local/lib/python3.7/site-packages/airflow/example_dags/example_python_operator.py
[2022-02-05 19:48:14,283] {logging_mixin.py:109} INFO - [2022-02-05 19:48:14,283] {dag.py:2396} INFO - Sync 1 DAGs
[2022-02-05 19:48:14,304] {logging_mixin.py:109} INFO - [2022-02-05 19:48:14,304] {dag.py:2935} INFO - Setting next_dagrun for example_python_operator to None
[2022-02-05 19:48:14,317] {processor.py:171} INFO - Processing /home/airflow/.local/lib/python3.7/site-packages/airflow/example_dags/example_python_operator.py took 0.105 seconds
[2022-02-05 19:48:44,517] {processor.py:163} INFO - Started process (PID=3183) to work on /home/airflow/.local/lib/python3.7/site-packages/airflow/example_dags/example_python_operator.py
[2022-02-05 19:48:44,522] {processor.py:642} INFO - Processing file /home/airflow/.local/lib/python3.7/site-packages/airflow/example_dags/example_python_operator.py for tasks to queue
[2022-02-05 19:48:44,523] {logging_mixin.py:109} INFO - [2022-02-05 19:48:44,523] {dagbag.py:500} INFO - Filling up the DagBag from /home/airflow/.local/lib/python3.7/site-packages/airflow/example_dags/example_python_operator.py
[2022-02-05 19:48:44,550] {processor.py:654} INFO - DAG(s) dict_keys(['example_python_operator']) retrieved from /home/airflow/.local/lib/python3.7/site-packages/airflow/example_dags/example_python_operator.py
[2022-02-05 19:48:44,559] {logging_mixin.py:109} INFO - [2022-02-05 19:48:44,559] {dag.py:2396} INFO - Sync 1 DAGs
[2022-02-05 19:48:44,572] {logging_mixin.py:109} INFO - [2022-02-05 19:48:44,572] {dag.py:2935} INFO - Setting next_dagrun for example_python_operator to None
[2022-02-05 19:48:44,581] {processor.py:171} INFO - Processing /home/airflow/.local/lib/python3.7/site-packages/airflow/example_dags/example_python_operator.py took 0.067 seconds
[2022-02-05 19:49:15,185] {processor.py:163} INFO - Started process (PID=3238) to work on /home/airflow/.local/lib/python3.7/site-packages/airflow/example_dags/example_python_operator.py
[2022-02-05 19:49:15,186] {processor.py:642} INFO - Processing file /home/airflow/.local/lib/python3.7/site-packages/airflow/example_dags/example_python_operator.py for tasks to queue
[2022-02-05 19:49:15,187] {logging_mixin.py:109} INFO - [2022-02-05 19:49:15,187] {dagbag.py:500} INFO - Filling up the DagBag from /home/airflow/.local/lib/python3.7/site-packages/airflow/example_dags/example_python_operator.py
[2022-02-05 19:49:15,222] {processor.py:654} INFO - DAG(s) dict_keys(['example_python_operator']) retrieved from /home/airflow/.local/lib/python3.7/site-packages/airflow/example_dags/example_python_operator.py
[2022-02-05 19:49:15,233] {logging_mixin.py:109} INFO - [2022-02-05 19:49:15,233] {dag.py:2396} INFO - Sync 1 DAGs
[2022-02-05 19:49:15,249] {logging_mixin.py:109} INFO - [2022-02-05 19:49:15,248] {dag.py:2935} INFO - Setting next_dagrun for example_python_operator to None
[2022-02-05 19:49:15,261] {processor.py:171} INFO - Processing /home/airflow/.local/lib/python3.7/site-packages/airflow/example_dags/example_python_operator.py took 0.080 seconds
[2022-02-05 19:49:45,991] {processor.py:163} INFO - Started process (PID=3301) to work on /home/airflow/.local/lib/python3.7/site-packages/airflow/example_dags/example_python_operator.py
[2022-02-05 19:49:45,994] {processor.py:642} INFO - Processing file /home/airflow/.local/lib/python3.7/site-packages/airflow/example_dags/example_python_operator.py for tasks to queue
[2022-02-05 19:49:45,995] {logging_mixin.py:109} INFO - [2022-02-05 19:49:45,995] {dagbag.py:500} INFO - Filling up the DagBag from /home/airflow/.local/lib/python3.7/site-packages/airflow/example_dags/example_python_operator.py
[2022-02-05 19:49:46,049] {processor.py:654} INFO - DAG(s) dict_keys(['example_python_operator']) retrieved from /home/airflow/.local/lib/python3.7/site-packages/airflow/example_dags/example_python_operator.py
[2022-02-05 19:49:46,073] {logging_mixin.py:109} INFO - [2022-02-05 19:49:46,073] {dag.py:2396} INFO - Sync 1 DAGs
[2022-02-05 19:49:46,099] {logging_mixin.py:109} INFO - [2022-02-05 19:49:46,099] {dag.py:2935} INFO - Setting next_dagrun for example_python_operator to None
[2022-02-05 19:49:46,114] {processor.py:171} INFO - Processing /home/airflow/.local/lib/python3.7/site-packages/airflow/example_dags/example_python_operator.py took 0.128 seconds
[2022-02-05 19:50:16,886] {processor.py:163} INFO - Started process (PID=3354) to work on /home/airflow/.local/lib/python3.7/site-packages/airflow/example_dags/example_python_operator.py
[2022-02-05 19:50:16,888] {processor.py:642} INFO - Processing file /home/airflow/.local/lib/python3.7/site-packages/airflow/example_dags/example_python_operator.py for tasks to queue
[2022-02-05 19:50:16,888] {logging_mixin.py:109} INFO - [2022-02-05 19:50:16,888] {dagbag.py:500} INFO - Filling up the DagBag from /home/airflow/.local/lib/python3.7/site-packages/airflow/example_dags/example_python_operator.py
[2022-02-05 19:50:16,916] {processor.py:654} INFO - DAG(s) dict_keys(['example_python_operator']) retrieved from /home/airflow/.local/lib/python3.7/site-packages/airflow/example_dags/example_python_operator.py
[2022-02-05 19:50:16,925] {logging_mixin.py:109} INFO - [2022-02-05 19:50:16,925] {dag.py:2396} INFO - Sync 1 DAGs
[2022-02-05 19:50:16,937] {logging_mixin.py:109} INFO - [2022-02-05 19:50:16,937] {dag.py:2935} INFO - Setting next_dagrun for example_python_operator to None
[2022-02-05 19:50:16,947] {processor.py:171} INFO - Processing /home/airflow/.local/lib/python3.7/site-packages/airflow/example_dags/example_python_operator.py took 0.063 seconds
[2022-02-05 19:50:48,446] {processor.py:163} INFO - Started process (PID=3415) to work on /home/airflow/.local/lib/python3.7/site-packages/airflow/example_dags/example_python_operator.py
[2022-02-05 19:50:48,448] {processor.py:642} INFO - Processing file /home/airflow/.local/lib/python3.7/site-packages/airflow/example_dags/example_python_operator.py for tasks to queue
[2022-02-05 19:50:48,449] {logging_mixin.py:109} INFO - [2022-02-05 19:50:48,449] {dagbag.py:500} INFO - Filling up the DagBag from /home/airflow/.local/lib/python3.7/site-packages/airflow/example_dags/example_python_operator.py
[2022-02-05 19:50:48,532] {processor.py:654} INFO - DAG(s) dict_keys(['example_python_operator']) retrieved from /home/airflow/.local/lib/python3.7/site-packages/airflow/example_dags/example_python_operator.py
[2022-02-05 19:50:48,552] {logging_mixin.py:109} INFO - [2022-02-05 19:50:48,552] {dag.py:2396} INFO - Sync 1 DAGs
[2022-02-05 19:50:48,582] {logging_mixin.py:109} INFO - [2022-02-05 19:50:48,582] {dag.py:2935} INFO - Setting next_dagrun for example_python_operator to None
[2022-02-05 19:50:48,601] {processor.py:171} INFO - Processing /home/airflow/.local/lib/python3.7/site-packages/airflow/example_dags/example_python_operator.py took 0.163 seconds
[2022-02-05 19:51:18,755] {processor.py:163} INFO - Started process (PID=3467) to work on /home/airflow/.local/lib/python3.7/site-packages/airflow/example_dags/example_python_operator.py
[2022-02-05 19:51:18,757] {processor.py:642} INFO - Processing file /home/airflow/.local/lib/python3.7/site-packages/airflow/example_dags/example_python_operator.py for tasks to queue
[2022-02-05 19:51:18,758] {logging_mixin.py:109} INFO - [2022-02-05 19:51:18,758] {dagbag.py:500} INFO - Filling up the DagBag from /home/airflow/.local/lib/python3.7/site-packages/airflow/example_dags/example_python_operator.py
[2022-02-05 19:51:18,809] {processor.py:654} INFO - DAG(s) dict_keys(['example_python_operator']) retrieved from /home/airflow/.local/lib/python3.7/site-packages/airflow/example_dags/example_python_operator.py
[2022-02-05 19:51:18,829] {logging_mixin.py:109} INFO - [2022-02-05 19:51:18,828] {dag.py:2396} INFO - Sync 1 DAGs
[2022-02-05 19:51:18,864] {logging_mixin.py:109} INFO - [2022-02-05 19:51:18,864] {dag.py:2935} INFO - Setting next_dagrun for example_python_operator to None
[2022-02-05 19:51:18,884] {processor.py:171} INFO - Processing /home/airflow/.local/lib/python3.7/site-packages/airflow/example_dags/example_python_operator.py took 0.134 seconds
[2022-02-05 19:51:49,807] {processor.py:163} INFO - Started process (PID=3528) to work on /home/airflow/.local/lib/python3.7/site-packages/airflow/example_dags/example_python_operator.py
[2022-02-05 19:51:49,809] {processor.py:642} INFO - Processing file /home/airflow/.local/lib/python3.7/site-packages/airflow/example_dags/example_python_operator.py for tasks to queue
[2022-02-05 19:51:49,810] {logging_mixin.py:109} INFO - [2022-02-05 19:51:49,810] {dagbag.py:500} INFO - Filling up the DagBag from /home/airflow/.local/lib/python3.7/site-packages/airflow/example_dags/example_python_operator.py
[2022-02-05 19:51:49,837] {processor.py:654} INFO - DAG(s) dict_keys(['example_python_operator']) retrieved from /home/airflow/.local/lib/python3.7/site-packages/airflow/example_dags/example_python_operator.py
[2022-02-05 19:51:49,845] {logging_mixin.py:109} INFO - [2022-02-05 19:51:49,845] {dag.py:2396} INFO - Sync 1 DAGs
[2022-02-05 19:51:49,856] {logging_mixin.py:109} INFO - [2022-02-05 19:51:49,856] {dag.py:2935} INFO - Setting next_dagrun for example_python_operator to None
[2022-02-05 19:51:49,865] {processor.py:171} INFO - Processing /home/airflow/.local/lib/python3.7/site-packages/airflow/example_dags/example_python_operator.py took 0.061 seconds
[2022-02-05 19:52:20,295] {processor.py:163} INFO - Started process (PID=3580) to work on /home/airflow/.local/lib/python3.7/site-packages/airflow/example_dags/example_python_operator.py
[2022-02-05 19:52:20,296] {processor.py:642} INFO - Processing file /home/airflow/.local/lib/python3.7/site-packages/airflow/example_dags/example_python_operator.py for tasks to queue
[2022-02-05 19:52:20,297] {logging_mixin.py:109} INFO - [2022-02-05 19:52:20,297] {dagbag.py:500} INFO - Filling up the DagBag from /home/airflow/.local/lib/python3.7/site-packages/airflow/example_dags/example_python_operator.py
[2022-02-05 19:52:20,339] {processor.py:654} INFO - DAG(s) dict_keys(['example_python_operator']) retrieved from /home/airflow/.local/lib/python3.7/site-packages/airflow/example_dags/example_python_operator.py
[2022-02-05 19:52:20,352] {logging_mixin.py:109} INFO - [2022-02-05 19:52:20,352] {dag.py:2396} INFO - Sync 1 DAGs
[2022-02-05 19:52:20,374] {logging_mixin.py:109} INFO - [2022-02-05 19:52:20,374] {dag.py:2935} INFO - Setting next_dagrun for example_python_operator to None
[2022-02-05 19:52:20,386] {processor.py:171} INFO - Processing /home/airflow/.local/lib/python3.7/site-packages/airflow/example_dags/example_python_operator.py took 0.095 seconds
[2022-02-05 19:52:50,972] {processor.py:163} INFO - Started process (PID=3643) to work on /home/airflow/.local/lib/python3.7/site-packages/airflow/example_dags/example_python_operator.py
[2022-02-05 19:52:50,974] {processor.py:642} INFO - Processing file /home/airflow/.local/lib/python3.7/site-packages/airflow/example_dags/example_python_operator.py for tasks to queue
[2022-02-05 19:52:50,975] {logging_mixin.py:109} INFO - [2022-02-05 19:52:50,975] {dagbag.py:500} INFO - Filling up the DagBag from /home/airflow/.local/lib/python3.7/site-packages/airflow/example_dags/example_python_operator.py
[2022-02-05 19:52:51,030] {processor.py:654} INFO - DAG(s) dict_keys(['example_python_operator']) retrieved from /home/airflow/.local/lib/python3.7/site-packages/airflow/example_dags/example_python_operator.py
[2022-02-05 19:52:51,046] {logging_mixin.py:109} INFO - [2022-02-05 19:52:51,046] {dag.py:2396} INFO - Sync 1 DAGs
[2022-02-05 19:52:51,070] {logging_mixin.py:109} INFO - [2022-02-05 19:52:51,070] {dag.py:2935} INFO - Setting next_dagrun for example_python_operator to None
[2022-02-05 19:52:51,086] {processor.py:171} INFO - Processing /home/airflow/.local/lib/python3.7/site-packages/airflow/example_dags/example_python_operator.py took 0.119 seconds
[2022-02-05 19:53:21,972] {processor.py:163} INFO - Started process (PID=3696) to work on /home/airflow/.local/lib/python3.7/site-packages/airflow/example_dags/example_python_operator.py
[2022-02-05 19:53:21,974] {processor.py:642} INFO - Processing file /home/airflow/.local/lib/python3.7/site-packages/airflow/example_dags/example_python_operator.py for tasks to queue
[2022-02-05 19:53:21,975] {logging_mixin.py:109} INFO - [2022-02-05 19:53:21,974] {dagbag.py:500} INFO - Filling up the DagBag from /home/airflow/.local/lib/python3.7/site-packages/airflow/example_dags/example_python_operator.py
[2022-02-05 19:53:22,014] {processor.py:654} INFO - DAG(s) dict_keys(['example_python_operator']) retrieved from /home/airflow/.local/lib/python3.7/site-packages/airflow/example_dags/example_python_operator.py
[2022-02-05 19:53:22,027] {logging_mixin.py:109} INFO - [2022-02-05 19:53:22,027] {dag.py:2396} INFO - Sync 1 DAGs
[2022-02-05 19:53:22,048] {logging_mixin.py:109} INFO - [2022-02-05 19:53:22,048] {dag.py:2935} INFO - Setting next_dagrun for example_python_operator to None
[2022-02-05 19:53:22,059] {processor.py:171} INFO - Processing /home/airflow/.local/lib/python3.7/site-packages/airflow/example_dags/example_python_operator.py took 0.093 seconds
[2022-02-05 19:53:52,406] {processor.py:163} INFO - Started process (PID=3758) to work on /home/airflow/.local/lib/python3.7/site-packages/airflow/example_dags/example_python_operator.py
[2022-02-05 19:53:52,432] {processor.py:642} INFO - Processing file /home/airflow/.local/lib/python3.7/site-packages/airflow/example_dags/example_python_operator.py for tasks to queue
[2022-02-05 19:53:52,434] {logging_mixin.py:109} INFO - [2022-02-05 19:53:52,434] {dagbag.py:500} INFO - Filling up the DagBag from /home/airflow/.local/lib/python3.7/site-packages/airflow/example_dags/example_python_operator.py
[2022-02-05 19:53:52,478] {processor.py:654} INFO - DAG(s) dict_keys(['example_python_operator']) retrieved from /home/airflow/.local/lib/python3.7/site-packages/airflow/example_dags/example_python_operator.py
[2022-02-05 19:53:52,494] {logging_mixin.py:109} INFO - [2022-02-05 19:53:52,494] {dag.py:2396} INFO - Sync 1 DAGs
[2022-02-05 19:53:52,519] {logging_mixin.py:109} INFO - [2022-02-05 19:53:52,519] {dag.py:2935} INFO - Setting next_dagrun for example_python_operator to None
[2022-02-05 19:53:52,534] {processor.py:171} INFO - Processing /home/airflow/.local/lib/python3.7/site-packages/airflow/example_dags/example_python_operator.py took 0.132 seconds
[2022-02-05 19:54:23,474] {processor.py:163} INFO - Started process (PID=3811) to work on /home/airflow/.local/lib/python3.7/site-packages/airflow/example_dags/example_python_operator.py
[2022-02-05 19:54:23,475] {processor.py:642} INFO - Processing file /home/airflow/.local/lib/python3.7/site-packages/airflow/example_dags/example_python_operator.py for tasks to queue
[2022-02-05 19:54:23,476] {logging_mixin.py:109} INFO - [2022-02-05 19:54:23,476] {dagbag.py:500} INFO - Filling up the DagBag from /home/airflow/.local/lib/python3.7/site-packages/airflow/example_dags/example_python_operator.py
[2022-02-05 19:54:23,502] {processor.py:654} INFO - DAG(s) dict_keys(['example_python_operator']) retrieved from /home/airflow/.local/lib/python3.7/site-packages/airflow/example_dags/example_python_operator.py
[2022-02-05 19:54:23,511] {logging_mixin.py:109} INFO - [2022-02-05 19:54:23,511] {dag.py:2396} INFO - Sync 1 DAGs
[2022-02-05 19:54:23,524] {logging_mixin.py:109} INFO - [2022-02-05 19:54:23,524] {dag.py:2935} INFO - Setting next_dagrun for example_python_operator to None
[2022-02-05 19:54:23,532] {processor.py:171} INFO - Processing /home/airflow/.local/lib/python3.7/site-packages/airflow/example_dags/example_python_operator.py took 0.063 seconds
[2022-02-05 19:54:54,406] {processor.py:163} INFO - Started process (PID=3873) to work on /home/airflow/.local/lib/python3.7/site-packages/airflow/example_dags/example_python_operator.py
[2022-02-05 19:54:54,418] {processor.py:642} INFO - Processing file /home/airflow/.local/lib/python3.7/site-packages/airflow/example_dags/example_python_operator.py for tasks to queue
[2022-02-05 19:54:54,419] {logging_mixin.py:109} INFO - [2022-02-05 19:54:54,419] {dagbag.py:500} INFO - Filling up the DagBag from /home/airflow/.local/lib/python3.7/site-packages/airflow/example_dags/example_python_operator.py
[2022-02-05 19:54:54,479] {processor.py:654} INFO - DAG(s) dict_keys(['example_python_operator']) retrieved from /home/airflow/.local/lib/python3.7/site-packages/airflow/example_dags/example_python_operator.py
[2022-02-05 19:54:54,496] {logging_mixin.py:109} INFO - [2022-02-05 19:54:54,496] {dag.py:2396} INFO - Sync 1 DAGs
[2022-02-05 19:54:54,524] {logging_mixin.py:109} INFO - [2022-02-05 19:54:54,524] {dag.py:2935} INFO - Setting next_dagrun for example_python_operator to None
[2022-02-05 19:54:54,538] {processor.py:171} INFO - Processing /home/airflow/.local/lib/python3.7/site-packages/airflow/example_dags/example_python_operator.py took 0.138 seconds
[2022-02-05 19:55:25,432] {processor.py:163} INFO - Started process (PID=3927) to work on /home/airflow/.local/lib/python3.7/site-packages/airflow/example_dags/example_python_operator.py
[2022-02-05 19:55:25,434] {processor.py:642} INFO - Processing file /home/airflow/.local/lib/python3.7/site-packages/airflow/example_dags/example_python_operator.py for tasks to queue
[2022-02-05 19:55:25,434] {logging_mixin.py:109} INFO - [2022-02-05 19:55:25,434] {dagbag.py:500} INFO - Filling up the DagBag from /home/airflow/.local/lib/python3.7/site-packages/airflow/example_dags/example_python_operator.py
[2022-02-05 19:55:25,464] {processor.py:654} INFO - DAG(s) dict_keys(['example_python_operator']) retrieved from /home/airflow/.local/lib/python3.7/site-packages/airflow/example_dags/example_python_operator.py
[2022-02-05 19:55:25,473] {logging_mixin.py:109} INFO - [2022-02-05 19:55:25,473] {dag.py:2396} INFO - Sync 1 DAGs
[2022-02-05 19:55:25,489] {logging_mixin.py:109} INFO - [2022-02-05 19:55:25,489] {dag.py:2935} INFO - Setting next_dagrun for example_python_operator to None
[2022-02-05 19:55:25,500] {processor.py:171} INFO - Processing /home/airflow/.local/lib/python3.7/site-packages/airflow/example_dags/example_python_operator.py took 0.071 seconds
[2022-02-05 19:55:55,522] {processor.py:163} INFO - Started process (PID=3990) to work on /home/airflow/.local/lib/python3.7/site-packages/airflow/example_dags/example_python_operator.py
[2022-02-05 19:55:55,523] {processor.py:642} INFO - Processing file /home/airflow/.local/lib/python3.7/site-packages/airflow/example_dags/example_python_operator.py for tasks to queue
[2022-02-05 19:55:55,524] {logging_mixin.py:109} INFO - [2022-02-05 19:55:55,524] {dagbag.py:500} INFO - Filling up the DagBag from /home/airflow/.local/lib/python3.7/site-packages/airflow/example_dags/example_python_operator.py
[2022-02-05 19:55:55,549] {processor.py:654} INFO - DAG(s) dict_keys(['example_python_operator']) retrieved from /home/airflow/.local/lib/python3.7/site-packages/airflow/example_dags/example_python_operator.py
[2022-02-05 19:55:55,558] {logging_mixin.py:109} INFO - [2022-02-05 19:55:55,558] {dag.py:2396} INFO - Sync 1 DAGs
[2022-02-05 19:55:55,571] {logging_mixin.py:109} INFO - [2022-02-05 19:55:55,570] {dag.py:2935} INFO - Setting next_dagrun for example_python_operator to None
[2022-02-05 19:55:55,578] {processor.py:171} INFO - Processing /home/airflow/.local/lib/python3.7/site-packages/airflow/example_dags/example_python_operator.py took 0.059 seconds
[2022-02-05 19:56:25,666] {processor.py:163} INFO - Started process (PID=4041) to work on /home/airflow/.local/lib/python3.7/site-packages/airflow/example_dags/example_python_operator.py
[2022-02-05 19:56:25,667] {processor.py:642} INFO - Processing file /home/airflow/.local/lib/python3.7/site-packages/airflow/example_dags/example_python_operator.py for tasks to queue
[2022-02-05 19:56:25,667] {logging_mixin.py:109} INFO - [2022-02-05 19:56:25,667] {dagbag.py:500} INFO - Filling up the DagBag from /home/airflow/.local/lib/python3.7/site-packages/airflow/example_dags/example_python_operator.py
[2022-02-05 19:56:25,693] {processor.py:654} INFO - DAG(s) dict_keys(['example_python_operator']) retrieved from /home/airflow/.local/lib/python3.7/site-packages/airflow/example_dags/example_python_operator.py
[2022-02-05 19:56:25,701] {logging_mixin.py:109} INFO - [2022-02-05 19:56:25,701] {dag.py:2396} INFO - Sync 1 DAGs
[2022-02-05 19:56:25,712] {logging_mixin.py:109} INFO - [2022-02-05 19:56:25,712] {dag.py:2935} INFO - Setting next_dagrun for example_python_operator to None
[2022-02-05 19:56:25,721] {processor.py:171} INFO - Processing /home/airflow/.local/lib/python3.7/site-packages/airflow/example_dags/example_python_operator.py took 0.058 seconds
