[2022-02-05 19:21:03,013] {processor.py:163} INFO - Started process (PID=53) to work on /home/airflow/.local/lib/python3.7/site-packages/airflow/example_dags/example_latest_only.py
[2022-02-05 19:21:03,014] {processor.py:642} INFO - Processing file /home/airflow/.local/lib/python3.7/site-packages/airflow/example_dags/example_latest_only.py for tasks to queue
[2022-02-05 19:21:03,015] {logging_mixin.py:109} INFO - [2022-02-05 19:21:03,015] {dagbag.py:500} INFO - Filling up the DagBag from /home/airflow/.local/lib/python3.7/site-packages/airflow/example_dags/example_latest_only.py
[2022-02-05 19:21:03,057] {processor.py:654} INFO - DAG(s) dict_keys(['latest_only']) retrieved from /home/airflow/.local/lib/python3.7/site-packages/airflow/example_dags/example_latest_only.py
[2022-02-05 19:21:03,072] {logging_mixin.py:109} INFO - [2022-02-05 19:21:03,072] {dag.py:2396} INFO - Sync 1 DAGs
[2022-02-05 19:21:03,100] {logging_mixin.py:109} INFO - [2022-02-05 19:21:03,099] {dag.py:2935} INFO - Setting next_dagrun for latest_only to 2022-02-05T15:21:03.099219+00:00
[2022-02-05 19:21:03,117] {processor.py:171} INFO - Processing /home/airflow/.local/lib/python3.7/site-packages/airflow/example_dags/example_latest_only.py took 0.109 seconds
[2022-02-05 19:21:34,100] {processor.py:163} INFO - Started process (PID=113) to work on /home/airflow/.local/lib/python3.7/site-packages/airflow/example_dags/example_latest_only.py
[2022-02-05 19:21:34,102] {processor.py:642} INFO - Processing file /home/airflow/.local/lib/python3.7/site-packages/airflow/example_dags/example_latest_only.py for tasks to queue
[2022-02-05 19:21:34,104] {logging_mixin.py:109} INFO - [2022-02-05 19:21:34,104] {dagbag.py:500} INFO - Filling up the DagBag from /home/airflow/.local/lib/python3.7/site-packages/airflow/example_dags/example_latest_only.py
[2022-02-05 19:21:34,155] {processor.py:654} INFO - DAG(s) dict_keys(['latest_only']) retrieved from /home/airflow/.local/lib/python3.7/site-packages/airflow/example_dags/example_latest_only.py
[2022-02-05 19:21:34,173] {logging_mixin.py:109} INFO - [2022-02-05 19:21:34,172] {dag.py:2396} INFO - Sync 1 DAGs
[2022-02-05 19:21:34,206] {logging_mixin.py:109} INFO - [2022-02-05 19:21:34,206] {dag.py:2935} INFO - Setting next_dagrun for latest_only to 2022-02-05T15:21:34.205547+00:00
[2022-02-05 19:21:34,232] {processor.py:171} INFO - Processing /home/airflow/.local/lib/python3.7/site-packages/airflow/example_dags/example_latest_only.py took 0.137 seconds
[2022-02-05 19:22:06,868] {processor.py:163} INFO - Started process (PID=166) to work on /home/airflow/.local/lib/python3.7/site-packages/airflow/example_dags/example_latest_only.py
[2022-02-05 19:22:06,870] {processor.py:642} INFO - Processing file /home/airflow/.local/lib/python3.7/site-packages/airflow/example_dags/example_latest_only.py for tasks to queue
[2022-02-05 19:22:06,871] {logging_mixin.py:109} INFO - [2022-02-05 19:22:06,871] {dagbag.py:500} INFO - Filling up the DagBag from /home/airflow/.local/lib/python3.7/site-packages/airflow/example_dags/example_latest_only.py
[2022-02-05 19:22:06,915] {processor.py:654} INFO - DAG(s) dict_keys(['latest_only']) retrieved from /home/airflow/.local/lib/python3.7/site-packages/airflow/example_dags/example_latest_only.py
[2022-02-05 19:22:06,931] {logging_mixin.py:109} INFO - [2022-02-05 19:22:06,931] {dag.py:2396} INFO - Sync 1 DAGs
[2022-02-05 19:22:06,957] {logging_mixin.py:109} INFO - [2022-02-05 19:22:06,956] {dag.py:2935} INFO - Setting next_dagrun for latest_only to 2022-02-05T15:22:06.956480+00:00
[2022-02-05 19:22:06,970] {processor.py:171} INFO - Processing /home/airflow/.local/lib/python3.7/site-packages/airflow/example_dags/example_latest_only.py took 0.108 seconds
[2022-02-05 19:22:37,866] {processor.py:163} INFO - Started process (PID=223) to work on /home/airflow/.local/lib/python3.7/site-packages/airflow/example_dags/example_latest_only.py
[2022-02-05 19:22:37,868] {processor.py:642} INFO - Processing file /home/airflow/.local/lib/python3.7/site-packages/airflow/example_dags/example_latest_only.py for tasks to queue
[2022-02-05 19:22:37,869] {logging_mixin.py:109} INFO - [2022-02-05 19:22:37,869] {dagbag.py:500} INFO - Filling up the DagBag from /home/airflow/.local/lib/python3.7/site-packages/airflow/example_dags/example_latest_only.py
[2022-02-05 19:22:37,907] {processor.py:654} INFO - DAG(s) dict_keys(['latest_only']) retrieved from /home/airflow/.local/lib/python3.7/site-packages/airflow/example_dags/example_latest_only.py
[2022-02-05 19:22:37,922] {logging_mixin.py:109} INFO - [2022-02-05 19:22:37,921] {dag.py:2396} INFO - Sync 1 DAGs
[2022-02-05 19:22:37,947] {logging_mixin.py:109} INFO - [2022-02-05 19:22:37,947] {dag.py:2935} INFO - Setting next_dagrun for latest_only to 2022-02-05T15:22:37.947015+00:00
[2022-02-05 19:22:37,961] {processor.py:171} INFO - Processing /home/airflow/.local/lib/python3.7/site-packages/airflow/example_dags/example_latest_only.py took 0.101 seconds
[2022-02-05 19:23:08,553] {processor.py:163} INFO - Started process (PID=285) to work on /home/airflow/.local/lib/python3.7/site-packages/airflow/example_dags/example_latest_only.py
[2022-02-05 19:23:08,555] {processor.py:642} INFO - Processing file /home/airflow/.local/lib/python3.7/site-packages/airflow/example_dags/example_latest_only.py for tasks to queue
[2022-02-05 19:23:08,556] {logging_mixin.py:109} INFO - [2022-02-05 19:23:08,555] {dagbag.py:500} INFO - Filling up the DagBag from /home/airflow/.local/lib/python3.7/site-packages/airflow/example_dags/example_latest_only.py
[2022-02-05 19:23:08,582] {processor.py:654} INFO - DAG(s) dict_keys(['latest_only']) retrieved from /home/airflow/.local/lib/python3.7/site-packages/airflow/example_dags/example_latest_only.py
[2022-02-05 19:23:08,592] {logging_mixin.py:109} INFO - [2022-02-05 19:23:08,592] {dag.py:2396} INFO - Sync 1 DAGs
[2022-02-05 19:23:08,608] {logging_mixin.py:109} INFO - [2022-02-05 19:23:08,608] {dag.py:2935} INFO - Setting next_dagrun for latest_only to 2022-02-05T15:23:08.608303+00:00
[2022-02-05 19:23:08,618] {processor.py:171} INFO - Processing /home/airflow/.local/lib/python3.7/site-packages/airflow/example_dags/example_latest_only.py took 0.068 seconds
[2022-02-05 19:23:39,347] {processor.py:163} INFO - Started process (PID=338) to work on /home/airflow/.local/lib/python3.7/site-packages/airflow/example_dags/example_latest_only.py
[2022-02-05 19:23:39,349] {processor.py:642} INFO - Processing file /home/airflow/.local/lib/python3.7/site-packages/airflow/example_dags/example_latest_only.py for tasks to queue
[2022-02-05 19:23:39,350] {logging_mixin.py:109} INFO - [2022-02-05 19:23:39,350] {dagbag.py:500} INFO - Filling up the DagBag from /home/airflow/.local/lib/python3.7/site-packages/airflow/example_dags/example_latest_only.py
[2022-02-05 19:23:39,398] {processor.py:654} INFO - DAG(s) dict_keys(['latest_only']) retrieved from /home/airflow/.local/lib/python3.7/site-packages/airflow/example_dags/example_latest_only.py
[2022-02-05 19:23:39,412] {logging_mixin.py:109} INFO - [2022-02-05 19:23:39,411] {dag.py:2396} INFO - Sync 1 DAGs
[2022-02-05 19:23:39,442] {logging_mixin.py:109} INFO - [2022-02-05 19:23:39,442] {dag.py:2935} INFO - Setting next_dagrun for latest_only to 2022-02-05T15:23:39.441989+00:00
[2022-02-05 19:23:39,462] {processor.py:171} INFO - Processing /home/airflow/.local/lib/python3.7/site-packages/airflow/example_dags/example_latest_only.py took 0.121 seconds
[2022-02-05 19:24:10,080] {processor.py:163} INFO - Started process (PID=401) to work on /home/airflow/.local/lib/python3.7/site-packages/airflow/example_dags/example_latest_only.py
[2022-02-05 19:24:10,081] {processor.py:642} INFO - Processing file /home/airflow/.local/lib/python3.7/site-packages/airflow/example_dags/example_latest_only.py for tasks to queue
[2022-02-05 19:24:10,082] {logging_mixin.py:109} INFO - [2022-02-05 19:24:10,082] {dagbag.py:500} INFO - Filling up the DagBag from /home/airflow/.local/lib/python3.7/site-packages/airflow/example_dags/example_latest_only.py
[2022-02-05 19:24:10,109] {processor.py:654} INFO - DAG(s) dict_keys(['latest_only']) retrieved from /home/airflow/.local/lib/python3.7/site-packages/airflow/example_dags/example_latest_only.py
[2022-02-05 19:24:10,121] {logging_mixin.py:109} INFO - [2022-02-05 19:24:10,121] {dag.py:2396} INFO - Sync 1 DAGs
[2022-02-05 19:24:10,138] {logging_mixin.py:109} INFO - [2022-02-05 19:24:10,138] {dag.py:2935} INFO - Setting next_dagrun for latest_only to 2022-02-05T15:24:10.138417+00:00
[2022-02-05 19:24:10,150] {processor.py:171} INFO - Processing /home/airflow/.local/lib/python3.7/site-packages/airflow/example_dags/example_latest_only.py took 0.073 seconds
[2022-02-05 19:24:40,431] {processor.py:163} INFO - Started process (PID=453) to work on /home/airflow/.local/lib/python3.7/site-packages/airflow/example_dags/example_latest_only.py
[2022-02-05 19:24:40,433] {processor.py:642} INFO - Processing file /home/airflow/.local/lib/python3.7/site-packages/airflow/example_dags/example_latest_only.py for tasks to queue
[2022-02-05 19:24:40,433] {logging_mixin.py:109} INFO - [2022-02-05 19:24:40,433] {dagbag.py:500} INFO - Filling up the DagBag from /home/airflow/.local/lib/python3.7/site-packages/airflow/example_dags/example_latest_only.py
[2022-02-05 19:24:40,455] {processor.py:654} INFO - DAG(s) dict_keys(['latest_only']) retrieved from /home/airflow/.local/lib/python3.7/site-packages/airflow/example_dags/example_latest_only.py
[2022-02-05 19:24:40,464] {logging_mixin.py:109} INFO - [2022-02-05 19:24:40,464] {dag.py:2396} INFO - Sync 1 DAGs
[2022-02-05 19:24:40,480] {logging_mixin.py:109} INFO - [2022-02-05 19:24:40,479] {dag.py:2935} INFO - Setting next_dagrun for latest_only to 2022-02-05T15:24:40.479648+00:00
[2022-02-05 19:24:40,490] {processor.py:171} INFO - Processing /home/airflow/.local/lib/python3.7/site-packages/airflow/example_dags/example_latest_only.py took 0.061 seconds
[2022-02-05 19:25:10,589] {processor.py:163} INFO - Started process (PID=514) to work on /home/airflow/.local/lib/python3.7/site-packages/airflow/example_dags/example_latest_only.py
[2022-02-05 19:25:10,601] {processor.py:642} INFO - Processing file /home/airflow/.local/lib/python3.7/site-packages/airflow/example_dags/example_latest_only.py for tasks to queue
[2022-02-05 19:25:10,602] {logging_mixin.py:109} INFO - [2022-02-05 19:25:10,602] {dagbag.py:500} INFO - Filling up the DagBag from /home/airflow/.local/lib/python3.7/site-packages/airflow/example_dags/example_latest_only.py
[2022-02-05 19:25:10,641] {processor.py:654} INFO - DAG(s) dict_keys(['latest_only']) retrieved from /home/airflow/.local/lib/python3.7/site-packages/airflow/example_dags/example_latest_only.py
[2022-02-05 19:25:10,655] {logging_mixin.py:109} INFO - [2022-02-05 19:25:10,655] {dag.py:2396} INFO - Sync 1 DAGs
[2022-02-05 19:25:10,682] {logging_mixin.py:109} INFO - [2022-02-05 19:25:10,682] {dag.py:2935} INFO - Setting next_dagrun for latest_only to 2022-02-05T15:25:10.682180+00:00
[2022-02-05 19:25:10,700] {processor.py:171} INFO - Processing /home/airflow/.local/lib/python3.7/site-packages/airflow/example_dags/example_latest_only.py took 0.124 seconds
[2022-02-05 19:25:42,006] {processor.py:163} INFO - Started process (PID=568) to work on /home/airflow/.local/lib/python3.7/site-packages/airflow/example_dags/example_latest_only.py
[2022-02-05 19:25:42,008] {processor.py:642} INFO - Processing file /home/airflow/.local/lib/python3.7/site-packages/airflow/example_dags/example_latest_only.py for tasks to queue
[2022-02-05 19:25:42,009] {logging_mixin.py:109} INFO - [2022-02-05 19:25:42,009] {dagbag.py:500} INFO - Filling up the DagBag from /home/airflow/.local/lib/python3.7/site-packages/airflow/example_dags/example_latest_only.py
[2022-02-05 19:25:42,041] {processor.py:654} INFO - DAG(s) dict_keys(['latest_only']) retrieved from /home/airflow/.local/lib/python3.7/site-packages/airflow/example_dags/example_latest_only.py
[2022-02-05 19:25:42,053] {logging_mixin.py:109} INFO - [2022-02-05 19:25:42,053] {dag.py:2396} INFO - Sync 1 DAGs
[2022-02-05 19:25:42,073] {logging_mixin.py:109} INFO - [2022-02-05 19:25:42,073] {dag.py:2935} INFO - Setting next_dagrun for latest_only to 2022-02-05T15:25:42.072928+00:00
[2022-02-05 19:25:42,083] {processor.py:171} INFO - Processing /home/airflow/.local/lib/python3.7/site-packages/airflow/example_dags/example_latest_only.py took 0.081 seconds
[2022-02-05 19:26:13,480] {processor.py:163} INFO - Started process (PID=630) to work on /home/airflow/.local/lib/python3.7/site-packages/airflow/example_dags/example_latest_only.py
[2022-02-05 19:26:13,482] {processor.py:642} INFO - Processing file /home/airflow/.local/lib/python3.7/site-packages/airflow/example_dags/example_latest_only.py for tasks to queue
[2022-02-05 19:26:13,483] {logging_mixin.py:109} INFO - [2022-02-05 19:26:13,483] {dagbag.py:500} INFO - Filling up the DagBag from /home/airflow/.local/lib/python3.7/site-packages/airflow/example_dags/example_latest_only.py
[2022-02-05 19:26:13,529] {processor.py:654} INFO - DAG(s) dict_keys(['latest_only']) retrieved from /home/airflow/.local/lib/python3.7/site-packages/airflow/example_dags/example_latest_only.py
[2022-02-05 19:26:13,551] {logging_mixin.py:109} INFO - [2022-02-05 19:26:13,550] {dag.py:2396} INFO - Sync 1 DAGs
[2022-02-05 19:26:13,584] {logging_mixin.py:109} INFO - [2022-02-05 19:26:13,584] {dag.py:2935} INFO - Setting next_dagrun for latest_only to 2022-02-05T15:26:13.584102+00:00
[2022-02-05 19:26:13,597] {processor.py:171} INFO - Processing /home/airflow/.local/lib/python3.7/site-packages/airflow/example_dags/example_latest_only.py took 0.126 seconds
[2022-02-05 19:26:43,927] {processor.py:163} INFO - Started process (PID=685) to work on /home/airflow/.local/lib/python3.7/site-packages/airflow/example_dags/example_latest_only.py
[2022-02-05 19:26:43,928] {processor.py:642} INFO - Processing file /home/airflow/.local/lib/python3.7/site-packages/airflow/example_dags/example_latest_only.py for tasks to queue
[2022-02-05 19:26:43,929] {logging_mixin.py:109} INFO - [2022-02-05 19:26:43,928] {dagbag.py:500} INFO - Filling up the DagBag from /home/airflow/.local/lib/python3.7/site-packages/airflow/example_dags/example_latest_only.py
[2022-02-05 19:26:43,957] {processor.py:654} INFO - DAG(s) dict_keys(['latest_only']) retrieved from /home/airflow/.local/lib/python3.7/site-packages/airflow/example_dags/example_latest_only.py
[2022-02-05 19:26:43,968] {logging_mixin.py:109} INFO - [2022-02-05 19:26:43,968] {dag.py:2396} INFO - Sync 1 DAGs
[2022-02-05 19:26:43,985] {logging_mixin.py:109} INFO - [2022-02-05 19:26:43,985] {dag.py:2935} INFO - Setting next_dagrun for latest_only to 2022-02-05T15:26:43.985008+00:00
[2022-02-05 19:26:44,000] {processor.py:171} INFO - Processing /home/airflow/.local/lib/python3.7/site-packages/airflow/example_dags/example_latest_only.py took 0.077 seconds
[2022-02-05 19:27:14,157] {processor.py:163} INFO - Started process (PID=737) to work on /home/airflow/.local/lib/python3.7/site-packages/airflow/example_dags/example_latest_only.py
[2022-02-05 19:27:14,158] {processor.py:642} INFO - Processing file /home/airflow/.local/lib/python3.7/site-packages/airflow/example_dags/example_latest_only.py for tasks to queue
[2022-02-05 19:27:14,158] {logging_mixin.py:109} INFO - [2022-02-05 19:27:14,158] {dagbag.py:500} INFO - Filling up the DagBag from /home/airflow/.local/lib/python3.7/site-packages/airflow/example_dags/example_latest_only.py
[2022-02-05 19:27:14,180] {processor.py:654} INFO - DAG(s) dict_keys(['latest_only']) retrieved from /home/airflow/.local/lib/python3.7/site-packages/airflow/example_dags/example_latest_only.py
[2022-02-05 19:27:14,188] {logging_mixin.py:109} INFO - [2022-02-05 19:27:14,188] {dag.py:2396} INFO - Sync 1 DAGs
[2022-02-05 19:27:14,201] {logging_mixin.py:109} INFO - [2022-02-05 19:27:14,201] {dag.py:2935} INFO - Setting next_dagrun for latest_only to 2022-02-05T15:27:14.200896+00:00
[2022-02-05 19:27:14,210] {processor.py:171} INFO - Processing /home/airflow/.local/lib/python3.7/site-packages/airflow/example_dags/example_latest_only.py took 0.057 seconds
[2022-02-05 19:27:44,541] {processor.py:163} INFO - Started process (PID=799) to work on /home/airflow/.local/lib/python3.7/site-packages/airflow/example_dags/example_latest_only.py
[2022-02-05 19:27:44,542] {processor.py:642} INFO - Processing file /home/airflow/.local/lib/python3.7/site-packages/airflow/example_dags/example_latest_only.py for tasks to queue
[2022-02-05 19:27:44,543] {logging_mixin.py:109} INFO - [2022-02-05 19:27:44,543] {dagbag.py:500} INFO - Filling up the DagBag from /home/airflow/.local/lib/python3.7/site-packages/airflow/example_dags/example_latest_only.py
[2022-02-05 19:27:44,565] {processor.py:654} INFO - DAG(s) dict_keys(['latest_only']) retrieved from /home/airflow/.local/lib/python3.7/site-packages/airflow/example_dags/example_latest_only.py
[2022-02-05 19:27:44,573] {logging_mixin.py:109} INFO - [2022-02-05 19:27:44,573] {dag.py:2396} INFO - Sync 1 DAGs
[2022-02-05 19:27:44,586] {logging_mixin.py:109} INFO - [2022-02-05 19:27:44,586] {dag.py:2935} INFO - Setting next_dagrun for latest_only to 2022-02-05T15:27:44.586577+00:00
[2022-02-05 19:27:44,594] {processor.py:171} INFO - Processing /home/airflow/.local/lib/python3.7/site-packages/airflow/example_dags/example_latest_only.py took 0.056 seconds
[2022-02-05 19:28:15,231] {processor.py:163} INFO - Started process (PID=853) to work on /home/airflow/.local/lib/python3.7/site-packages/airflow/example_dags/example_latest_only.py
[2022-02-05 19:28:15,233] {processor.py:642} INFO - Processing file /home/airflow/.local/lib/python3.7/site-packages/airflow/example_dags/example_latest_only.py for tasks to queue
[2022-02-05 19:28:15,234] {logging_mixin.py:109} INFO - [2022-02-05 19:28:15,234] {dagbag.py:500} INFO - Filling up the DagBag from /home/airflow/.local/lib/python3.7/site-packages/airflow/example_dags/example_latest_only.py
[2022-02-05 19:28:15,266] {processor.py:654} INFO - DAG(s) dict_keys(['latest_only']) retrieved from /home/airflow/.local/lib/python3.7/site-packages/airflow/example_dags/example_latest_only.py
[2022-02-05 19:28:15,279] {logging_mixin.py:109} INFO - [2022-02-05 19:28:15,279] {dag.py:2396} INFO - Sync 1 DAGs
[2022-02-05 19:28:15,298] {logging_mixin.py:109} INFO - [2022-02-05 19:28:15,298] {dag.py:2935} INFO - Setting next_dagrun for latest_only to 2022-02-05T15:28:15.298094+00:00
[2022-02-05 19:28:15,311] {processor.py:171} INFO - Processing /home/airflow/.local/lib/python3.7/site-packages/airflow/example_dags/example_latest_only.py took 0.085 seconds
[2022-02-05 19:28:45,993] {processor.py:163} INFO - Started process (PID=916) to work on /home/airflow/.local/lib/python3.7/site-packages/airflow/example_dags/example_latest_only.py
[2022-02-05 19:28:45,995] {processor.py:642} INFO - Processing file /home/airflow/.local/lib/python3.7/site-packages/airflow/example_dags/example_latest_only.py for tasks to queue
[2022-02-05 19:28:45,995] {logging_mixin.py:109} INFO - [2022-02-05 19:28:45,995] {dagbag.py:500} INFO - Filling up the DagBag from /home/airflow/.local/lib/python3.7/site-packages/airflow/example_dags/example_latest_only.py
[2022-02-05 19:28:46,025] {processor.py:654} INFO - DAG(s) dict_keys(['latest_only']) retrieved from /home/airflow/.local/lib/python3.7/site-packages/airflow/example_dags/example_latest_only.py
[2022-02-05 19:28:46,039] {logging_mixin.py:109} INFO - [2022-02-05 19:28:46,039] {dag.py:2396} INFO - Sync 1 DAGs
[2022-02-05 19:28:46,058] {logging_mixin.py:109} INFO - [2022-02-05 19:28:46,058] {dag.py:2935} INFO - Setting next_dagrun for latest_only to 2022-02-05T15:28:46.057637+00:00
[2022-02-05 19:28:46,069] {processor.py:171} INFO - Processing /home/airflow/.local/lib/python3.7/site-packages/airflow/example_dags/example_latest_only.py took 0.079 seconds
[2022-02-05 19:29:16,607] {processor.py:163} INFO - Started process (PID=969) to work on /home/airflow/.local/lib/python3.7/site-packages/airflow/example_dags/example_latest_only.py
[2022-02-05 19:29:16,609] {processor.py:642} INFO - Processing file /home/airflow/.local/lib/python3.7/site-packages/airflow/example_dags/example_latest_only.py for tasks to queue
[2022-02-05 19:29:16,610] {logging_mixin.py:109} INFO - [2022-02-05 19:29:16,610] {dagbag.py:500} INFO - Filling up the DagBag from /home/airflow/.local/lib/python3.7/site-packages/airflow/example_dags/example_latest_only.py
[2022-02-05 19:29:16,641] {processor.py:654} INFO - DAG(s) dict_keys(['latest_only']) retrieved from /home/airflow/.local/lib/python3.7/site-packages/airflow/example_dags/example_latest_only.py
[2022-02-05 19:29:16,653] {logging_mixin.py:109} INFO - [2022-02-05 19:29:16,652] {dag.py:2396} INFO - Sync 1 DAGs
[2022-02-05 19:29:16,677] {logging_mixin.py:109} INFO - [2022-02-05 19:29:16,676] {dag.py:2935} INFO - Setting next_dagrun for latest_only to 2022-02-05T15:29:16.676607+00:00
[2022-02-05 19:29:16,689] {processor.py:171} INFO - Processing /home/airflow/.local/lib/python3.7/site-packages/airflow/example_dags/example_latest_only.py took 0.086 seconds
[2022-02-05 19:29:47,753] {processor.py:163} INFO - Started process (PID=1032) to work on /home/airflow/.local/lib/python3.7/site-packages/airflow/example_dags/example_latest_only.py
[2022-02-05 19:29:47,756] {processor.py:642} INFO - Processing file /home/airflow/.local/lib/python3.7/site-packages/airflow/example_dags/example_latest_only.py for tasks to queue
[2022-02-05 19:29:47,757] {logging_mixin.py:109} INFO - [2022-02-05 19:29:47,757] {dagbag.py:500} INFO - Filling up the DagBag from /home/airflow/.local/lib/python3.7/site-packages/airflow/example_dags/example_latest_only.py
[2022-02-05 19:29:47,807] {processor.py:654} INFO - DAG(s) dict_keys(['latest_only']) retrieved from /home/airflow/.local/lib/python3.7/site-packages/airflow/example_dags/example_latest_only.py
[2022-02-05 19:29:47,824] {logging_mixin.py:109} INFO - [2022-02-05 19:29:47,824] {dag.py:2396} INFO - Sync 1 DAGs
[2022-02-05 19:29:47,854] {logging_mixin.py:109} INFO - [2022-02-05 19:29:47,853] {dag.py:2935} INFO - Setting next_dagrun for latest_only to 2022-02-05T15:29:47.853450+00:00
[2022-02-05 19:29:47,868] {processor.py:171} INFO - Processing /home/airflow/.local/lib/python3.7/site-packages/airflow/example_dags/example_latest_only.py took 0.121 seconds
[2022-02-05 19:30:18,488] {processor.py:163} INFO - Started process (PID=1084) to work on /home/airflow/.local/lib/python3.7/site-packages/airflow/example_dags/example_latest_only.py
[2022-02-05 19:30:18,490] {processor.py:642} INFO - Processing file /home/airflow/.local/lib/python3.7/site-packages/airflow/example_dags/example_latest_only.py for tasks to queue
[2022-02-05 19:30:18,491] {logging_mixin.py:109} INFO - [2022-02-05 19:30:18,491] {dagbag.py:500} INFO - Filling up the DagBag from /home/airflow/.local/lib/python3.7/site-packages/airflow/example_dags/example_latest_only.py
[2022-02-05 19:30:18,535] {processor.py:654} INFO - DAG(s) dict_keys(['latest_only']) retrieved from /home/airflow/.local/lib/python3.7/site-packages/airflow/example_dags/example_latest_only.py
[2022-02-05 19:30:18,552] {logging_mixin.py:109} INFO - [2022-02-05 19:30:18,552] {dag.py:2396} INFO - Sync 1 DAGs
[2022-02-05 19:30:18,583] {logging_mixin.py:109} INFO - [2022-02-05 19:30:18,583] {dag.py:2935} INFO - Setting next_dagrun for latest_only to 2022-02-05T15:30:18.582617+00:00
[2022-02-05 19:30:18,598] {processor.py:171} INFO - Processing /home/airflow/.local/lib/python3.7/site-packages/airflow/example_dags/example_latest_only.py took 0.116 seconds
[2022-02-05 19:30:49,503] {processor.py:163} INFO - Started process (PID=1147) to work on /home/airflow/.local/lib/python3.7/site-packages/airflow/example_dags/example_latest_only.py
[2022-02-05 19:30:49,506] {processor.py:642} INFO - Processing file /home/airflow/.local/lib/python3.7/site-packages/airflow/example_dags/example_latest_only.py for tasks to queue
[2022-02-05 19:30:49,507] {logging_mixin.py:109} INFO - [2022-02-05 19:30:49,507] {dagbag.py:500} INFO - Filling up the DagBag from /home/airflow/.local/lib/python3.7/site-packages/airflow/example_dags/example_latest_only.py
[2022-02-05 19:30:49,550] {processor.py:654} INFO - DAG(s) dict_keys(['latest_only']) retrieved from /home/airflow/.local/lib/python3.7/site-packages/airflow/example_dags/example_latest_only.py
[2022-02-05 19:30:49,565] {logging_mixin.py:109} INFO - [2022-02-05 19:30:49,565] {dag.py:2396} INFO - Sync 1 DAGs
[2022-02-05 19:30:49,591] {logging_mixin.py:109} INFO - [2022-02-05 19:30:49,591] {dag.py:2935} INFO - Setting next_dagrun for latest_only to 2022-02-05T15:30:49.591190+00:00
[2022-02-05 19:30:49,606] {processor.py:171} INFO - Processing /home/airflow/.local/lib/python3.7/site-packages/airflow/example_dags/example_latest_only.py took 0.108 seconds
[2022-02-05 19:31:19,867] {processor.py:163} INFO - Started process (PID=1200) to work on /home/airflow/.local/lib/python3.7/site-packages/airflow/example_dags/example_latest_only.py
[2022-02-05 19:31:19,869] {processor.py:642} INFO - Processing file /home/airflow/.local/lib/python3.7/site-packages/airflow/example_dags/example_latest_only.py for tasks to queue
[2022-02-05 19:31:19,870] {logging_mixin.py:109} INFO - [2022-02-05 19:31:19,869] {dagbag.py:500} INFO - Filling up the DagBag from /home/airflow/.local/lib/python3.7/site-packages/airflow/example_dags/example_latest_only.py
[2022-02-05 19:31:19,955] {processor.py:654} INFO - DAG(s) dict_keys(['latest_only']) retrieved from /home/airflow/.local/lib/python3.7/site-packages/airflow/example_dags/example_latest_only.py
[2022-02-05 19:31:19,976] {logging_mixin.py:109} INFO - [2022-02-05 19:31:19,976] {dag.py:2396} INFO - Sync 1 DAGs
[2022-02-05 19:31:20,003] {logging_mixin.py:109} INFO - [2022-02-05 19:31:20,003] {dag.py:2935} INFO - Setting next_dagrun for latest_only to 2022-02-05T15:31:20.002695+00:00
[2022-02-05 19:31:20,019] {processor.py:171} INFO - Processing /home/airflow/.local/lib/python3.7/site-packages/airflow/example_dags/example_latest_only.py took 0.165 seconds
[2022-02-05 19:31:50,129] {processor.py:163} INFO - Started process (PID=1263) to work on /home/airflow/.local/lib/python3.7/site-packages/airflow/example_dags/example_latest_only.py
[2022-02-05 19:31:50,132] {processor.py:642} INFO - Processing file /home/airflow/.local/lib/python3.7/site-packages/airflow/example_dags/example_latest_only.py for tasks to queue
[2022-02-05 19:31:50,133] {logging_mixin.py:109} INFO - [2022-02-05 19:31:50,133] {dagbag.py:500} INFO - Filling up the DagBag from /home/airflow/.local/lib/python3.7/site-packages/airflow/example_dags/example_latest_only.py
[2022-02-05 19:31:50,173] {processor.py:654} INFO - DAG(s) dict_keys(['latest_only']) retrieved from /home/airflow/.local/lib/python3.7/site-packages/airflow/example_dags/example_latest_only.py
[2022-02-05 19:31:50,196] {logging_mixin.py:109} INFO - [2022-02-05 19:31:50,196] {dag.py:2396} INFO - Sync 1 DAGs
[2022-02-05 19:31:50,224] {logging_mixin.py:109} INFO - [2022-02-05 19:31:50,224] {dag.py:2935} INFO - Setting next_dagrun for latest_only to 2022-02-05T15:31:50.224331+00:00
[2022-02-05 19:31:50,240] {processor.py:171} INFO - Processing /home/airflow/.local/lib/python3.7/site-packages/airflow/example_dags/example_latest_only.py took 0.116 seconds
[2022-02-05 19:32:20,684] {processor.py:163} INFO - Started process (PID=1321) to work on /home/airflow/.local/lib/python3.7/site-packages/airflow/example_dags/example_latest_only.py
[2022-02-05 19:32:20,686] {processor.py:642} INFO - Processing file /home/airflow/.local/lib/python3.7/site-packages/airflow/example_dags/example_latest_only.py for tasks to queue
[2022-02-05 19:32:20,687] {logging_mixin.py:109} INFO - [2022-02-05 19:32:20,686] {dagbag.py:500} INFO - Filling up the DagBag from /home/airflow/.local/lib/python3.7/site-packages/airflow/example_dags/example_latest_only.py
[2022-02-05 19:32:20,711] {processor.py:654} INFO - DAG(s) dict_keys(['latest_only']) retrieved from /home/airflow/.local/lib/python3.7/site-packages/airflow/example_dags/example_latest_only.py
[2022-02-05 19:32:20,720] {logging_mixin.py:109} INFO - [2022-02-05 19:32:20,720] {dag.py:2396} INFO - Sync 1 DAGs
[2022-02-05 19:32:20,735] {logging_mixin.py:109} INFO - [2022-02-05 19:32:20,735] {dag.py:2935} INFO - Setting next_dagrun for latest_only to 2022-02-05T15:32:20.735071+00:00
[2022-02-05 19:32:20,746] {processor.py:171} INFO - Processing /home/airflow/.local/lib/python3.7/site-packages/airflow/example_dags/example_latest_only.py took 0.064 seconds
[2022-02-05 19:32:51,399] {processor.py:163} INFO - Started process (PID=1373) to work on /home/airflow/.local/lib/python3.7/site-packages/airflow/example_dags/example_latest_only.py
[2022-02-05 19:32:51,401] {processor.py:642} INFO - Processing file /home/airflow/.local/lib/python3.7/site-packages/airflow/example_dags/example_latest_only.py for tasks to queue
[2022-02-05 19:32:51,401] {logging_mixin.py:109} INFO - [2022-02-05 19:32:51,401] {dagbag.py:500} INFO - Filling up the DagBag from /home/airflow/.local/lib/python3.7/site-packages/airflow/example_dags/example_latest_only.py
[2022-02-05 19:32:51,473] {processor.py:654} INFO - DAG(s) dict_keys(['latest_only']) retrieved from /home/airflow/.local/lib/python3.7/site-packages/airflow/example_dags/example_latest_only.py
[2022-02-05 19:32:51,483] {logging_mixin.py:109} INFO - [2022-02-05 19:32:51,483] {dag.py:2396} INFO - Sync 1 DAGs
[2022-02-05 19:32:51,499] {logging_mixin.py:109} INFO - [2022-02-05 19:32:51,499] {dag.py:2935} INFO - Setting next_dagrun for latest_only to 2022-02-05T15:32:51.499089+00:00
[2022-02-05 19:32:51,509] {processor.py:171} INFO - Processing /home/airflow/.local/lib/python3.7/site-packages/airflow/example_dags/example_latest_only.py took 0.114 seconds
[2022-02-05 19:33:21,680] {processor.py:163} INFO - Started process (PID=1435) to work on /home/airflow/.local/lib/python3.7/site-packages/airflow/example_dags/example_latest_only.py
[2022-02-05 19:33:21,681] {processor.py:642} INFO - Processing file /home/airflow/.local/lib/python3.7/site-packages/airflow/example_dags/example_latest_only.py for tasks to queue
[2022-02-05 19:33:21,682] {logging_mixin.py:109} INFO - [2022-02-05 19:33:21,682] {dagbag.py:500} INFO - Filling up the DagBag from /home/airflow/.local/lib/python3.7/site-packages/airflow/example_dags/example_latest_only.py
[2022-02-05 19:33:21,703] {processor.py:654} INFO - DAG(s) dict_keys(['latest_only']) retrieved from /home/airflow/.local/lib/python3.7/site-packages/airflow/example_dags/example_latest_only.py
[2022-02-05 19:33:21,711] {logging_mixin.py:109} INFO - [2022-02-05 19:33:21,711] {dag.py:2396} INFO - Sync 1 DAGs
[2022-02-05 19:33:21,725] {logging_mixin.py:109} INFO - [2022-02-05 19:33:21,724] {dag.py:2935} INFO - Setting next_dagrun for latest_only to 2022-02-05T15:33:21.724734+00:00
[2022-02-05 19:33:21,735] {processor.py:171} INFO - Processing /home/airflow/.local/lib/python3.7/site-packages/airflow/example_dags/example_latest_only.py took 0.057 seconds
[2022-02-05 19:33:52,003] {processor.py:163} INFO - Started process (PID=1498) to work on /home/airflow/.local/lib/python3.7/site-packages/airflow/example_dags/example_latest_only.py
[2022-02-05 19:33:52,004] {processor.py:642} INFO - Processing file /home/airflow/.local/lib/python3.7/site-packages/airflow/example_dags/example_latest_only.py for tasks to queue
[2022-02-05 19:33:52,005] {logging_mixin.py:109} INFO - [2022-02-05 19:33:52,005] {dagbag.py:500} INFO - Filling up the DagBag from /home/airflow/.local/lib/python3.7/site-packages/airflow/example_dags/example_latest_only.py
[2022-02-05 19:33:52,028] {processor.py:654} INFO - DAG(s) dict_keys(['latest_only']) retrieved from /home/airflow/.local/lib/python3.7/site-packages/airflow/example_dags/example_latest_only.py
[2022-02-05 19:33:52,038] {logging_mixin.py:109} INFO - [2022-02-05 19:33:52,038] {dag.py:2396} INFO - Sync 1 DAGs
[2022-02-05 19:33:52,051] {logging_mixin.py:109} INFO - [2022-02-05 19:33:52,051] {dag.py:2935} INFO - Setting next_dagrun for latest_only to 2022-02-05T15:33:52.051499+00:00
[2022-02-05 19:33:52,061] {processor.py:171} INFO - Processing /home/airflow/.local/lib/python3.7/site-packages/airflow/example_dags/example_latest_only.py took 0.061 seconds
[2022-02-05 19:34:23,227] {processor.py:163} INFO - Started process (PID=1551) to work on /home/airflow/.local/lib/python3.7/site-packages/airflow/example_dags/example_latest_only.py
[2022-02-05 19:34:23,229] {processor.py:642} INFO - Processing file /home/airflow/.local/lib/python3.7/site-packages/airflow/example_dags/example_latest_only.py for tasks to queue
[2022-02-05 19:34:23,229] {logging_mixin.py:109} INFO - [2022-02-05 19:34:23,229] {dagbag.py:500} INFO - Filling up the DagBag from /home/airflow/.local/lib/python3.7/site-packages/airflow/example_dags/example_latest_only.py
[2022-02-05 19:34:23,251] {processor.py:654} INFO - DAG(s) dict_keys(['latest_only']) retrieved from /home/airflow/.local/lib/python3.7/site-packages/airflow/example_dags/example_latest_only.py
[2022-02-05 19:34:23,258] {logging_mixin.py:109} INFO - [2022-02-05 19:34:23,258] {dag.py:2396} INFO - Sync 1 DAGs
[2022-02-05 19:34:23,271] {logging_mixin.py:109} INFO - [2022-02-05 19:34:23,271] {dag.py:2935} INFO - Setting next_dagrun for latest_only to 2022-02-05T15:34:23.270910+00:00
[2022-02-05 19:34:23,282] {processor.py:171} INFO - Processing /home/airflow/.local/lib/python3.7/site-packages/airflow/example_dags/example_latest_only.py took 0.057 seconds
[2022-02-05 19:34:54,035] {processor.py:163} INFO - Started process (PID=1612) to work on /home/airflow/.local/lib/python3.7/site-packages/airflow/example_dags/example_latest_only.py
[2022-02-05 19:34:54,036] {processor.py:642} INFO - Processing file /home/airflow/.local/lib/python3.7/site-packages/airflow/example_dags/example_latest_only.py for tasks to queue
[2022-02-05 19:34:54,037] {logging_mixin.py:109} INFO - [2022-02-05 19:34:54,037] {dagbag.py:500} INFO - Filling up the DagBag from /home/airflow/.local/lib/python3.7/site-packages/airflow/example_dags/example_latest_only.py
[2022-02-05 19:34:54,059] {processor.py:654} INFO - DAG(s) dict_keys(['latest_only']) retrieved from /home/airflow/.local/lib/python3.7/site-packages/airflow/example_dags/example_latest_only.py
[2022-02-05 19:34:54,068] {logging_mixin.py:109} INFO - [2022-02-05 19:34:54,068] {dag.py:2396} INFO - Sync 1 DAGs
[2022-02-05 19:34:54,081] {logging_mixin.py:109} INFO - [2022-02-05 19:34:54,081] {dag.py:2935} INFO - Setting next_dagrun for latest_only to 2022-02-05T15:34:54.081217+00:00
[2022-02-05 19:34:54,091] {processor.py:171} INFO - Processing /home/airflow/.local/lib/python3.7/site-packages/airflow/example_dags/example_latest_only.py took 0.059 seconds
[2022-02-05 19:35:24,347] {processor.py:163} INFO - Started process (PID=1664) to work on /home/airflow/.local/lib/python3.7/site-packages/airflow/example_dags/example_latest_only.py
[2022-02-05 19:35:24,348] {processor.py:642} INFO - Processing file /home/airflow/.local/lib/python3.7/site-packages/airflow/example_dags/example_latest_only.py for tasks to queue
[2022-02-05 19:35:24,349] {logging_mixin.py:109} INFO - [2022-02-05 19:35:24,349] {dagbag.py:500} INFO - Filling up the DagBag from /home/airflow/.local/lib/python3.7/site-packages/airflow/example_dags/example_latest_only.py
[2022-02-05 19:35:24,370] {processor.py:654} INFO - DAG(s) dict_keys(['latest_only']) retrieved from /home/airflow/.local/lib/python3.7/site-packages/airflow/example_dags/example_latest_only.py
[2022-02-05 19:35:24,378] {logging_mixin.py:109} INFO - [2022-02-05 19:35:24,378] {dag.py:2396} INFO - Sync 1 DAGs
[2022-02-05 19:35:24,390] {logging_mixin.py:109} INFO - [2022-02-05 19:35:24,390] {dag.py:2935} INFO - Setting next_dagrun for latest_only to 2022-02-05T15:35:24.390488+00:00
[2022-02-05 19:35:24,398] {processor.py:171} INFO - Processing /home/airflow/.local/lib/python3.7/site-packages/airflow/example_dags/example_latest_only.py took 0.054 seconds
[2022-02-05 19:35:55,808] {processor.py:163} INFO - Started process (PID=1726) to work on /home/airflow/.local/lib/python3.7/site-packages/airflow/example_dags/example_latest_only.py
[2022-02-05 19:35:55,810] {processor.py:642} INFO - Processing file /home/airflow/.local/lib/python3.7/site-packages/airflow/example_dags/example_latest_only.py for tasks to queue
[2022-02-05 19:35:55,811] {logging_mixin.py:109} INFO - [2022-02-05 19:35:55,810] {dagbag.py:500} INFO - Filling up the DagBag from /home/airflow/.local/lib/python3.7/site-packages/airflow/example_dags/example_latest_only.py
[2022-02-05 19:35:55,862] {processor.py:654} INFO - DAG(s) dict_keys(['latest_only']) retrieved from /home/airflow/.local/lib/python3.7/site-packages/airflow/example_dags/example_latest_only.py
[2022-02-05 19:35:55,882] {logging_mixin.py:109} INFO - [2022-02-05 19:35:55,882] {dag.py:2396} INFO - Sync 1 DAGs
[2022-02-05 19:35:55,914] {logging_mixin.py:109} INFO - [2022-02-05 19:35:55,914] {dag.py:2935} INFO - Setting next_dagrun for latest_only to 2022-02-05T15:35:55.913895+00:00
[2022-02-05 19:35:55,934] {processor.py:171} INFO - Processing /home/airflow/.local/lib/python3.7/site-packages/airflow/example_dags/example_latest_only.py took 0.131 seconds
[2022-02-05 19:36:26,660] {processor.py:163} INFO - Started process (PID=1788) to work on /home/airflow/.local/lib/python3.7/site-packages/airflow/example_dags/example_latest_only.py
[2022-02-05 19:36:26,662] {processor.py:642} INFO - Processing file /home/airflow/.local/lib/python3.7/site-packages/airflow/example_dags/example_latest_only.py for tasks to queue
[2022-02-05 19:36:26,663] {logging_mixin.py:109} INFO - [2022-02-05 19:36:26,663] {dagbag.py:500} INFO - Filling up the DagBag from /home/airflow/.local/lib/python3.7/site-packages/airflow/example_dags/example_latest_only.py
[2022-02-05 19:36:26,703] {processor.py:654} INFO - DAG(s) dict_keys(['latest_only']) retrieved from /home/airflow/.local/lib/python3.7/site-packages/airflow/example_dags/example_latest_only.py
[2022-02-05 19:36:26,718] {logging_mixin.py:109} INFO - [2022-02-05 19:36:26,718] {dag.py:2396} INFO - Sync 1 DAGs
[2022-02-05 19:36:26,743] {logging_mixin.py:109} INFO - [2022-02-05 19:36:26,743] {dag.py:2935} INFO - Setting next_dagrun for latest_only to 2022-02-05T15:36:26.742811+00:00
[2022-02-05 19:36:26,759] {processor.py:171} INFO - Processing /home/airflow/.local/lib/python3.7/site-packages/airflow/example_dags/example_latest_only.py took 0.104 seconds
[2022-02-05 19:36:57,780] {processor.py:163} INFO - Started process (PID=1839) to work on /home/airflow/.local/lib/python3.7/site-packages/airflow/example_dags/example_latest_only.py
[2022-02-05 19:36:57,781] {processor.py:642} INFO - Processing file /home/airflow/.local/lib/python3.7/site-packages/airflow/example_dags/example_latest_only.py for tasks to queue
[2022-02-05 19:36:57,782] {logging_mixin.py:109} INFO - [2022-02-05 19:36:57,782] {dagbag.py:500} INFO - Filling up the DagBag from /home/airflow/.local/lib/python3.7/site-packages/airflow/example_dags/example_latest_only.py
[2022-02-05 19:36:57,802] {processor.py:654} INFO - DAG(s) dict_keys(['latest_only']) retrieved from /home/airflow/.local/lib/python3.7/site-packages/airflow/example_dags/example_latest_only.py
[2022-02-05 19:36:57,811] {logging_mixin.py:109} INFO - [2022-02-05 19:36:57,811] {dag.py:2396} INFO - Sync 1 DAGs
[2022-02-05 19:36:57,825] {logging_mixin.py:109} INFO - [2022-02-05 19:36:57,824] {dag.py:2935} INFO - Setting next_dagrun for latest_only to 2022-02-05T15:36:57.824636+00:00
[2022-02-05 19:36:57,832] {processor.py:171} INFO - Processing /home/airflow/.local/lib/python3.7/site-packages/airflow/example_dags/example_latest_only.py took 0.055 seconds
[2022-02-05 19:37:28,216] {processor.py:163} INFO - Started process (PID=1902) to work on /home/airflow/.local/lib/python3.7/site-packages/airflow/example_dags/example_latest_only.py
[2022-02-05 19:37:28,228] {processor.py:642} INFO - Processing file /home/airflow/.local/lib/python3.7/site-packages/airflow/example_dags/example_latest_only.py for tasks to queue
[2022-02-05 19:37:28,228] {logging_mixin.py:109} INFO - [2022-02-05 19:37:28,228] {dagbag.py:500} INFO - Filling up the DagBag from /home/airflow/.local/lib/python3.7/site-packages/airflow/example_dags/example_latest_only.py
[2022-02-05 19:37:28,251] {processor.py:654} INFO - DAG(s) dict_keys(['latest_only']) retrieved from /home/airflow/.local/lib/python3.7/site-packages/airflow/example_dags/example_latest_only.py
[2022-02-05 19:37:28,260] {logging_mixin.py:109} INFO - [2022-02-05 19:37:28,260] {dag.py:2396} INFO - Sync 1 DAGs
[2022-02-05 19:37:28,276] {logging_mixin.py:109} INFO - [2022-02-05 19:37:28,276] {dag.py:2935} INFO - Setting next_dagrun for latest_only to 2022-02-05T15:37:28.276136+00:00
[2022-02-05 19:37:28,285] {processor.py:171} INFO - Processing /home/airflow/.local/lib/python3.7/site-packages/airflow/example_dags/example_latest_only.py took 0.072 seconds
[2022-02-05 19:37:59,098] {processor.py:163} INFO - Started process (PID=1955) to work on /home/airflow/.local/lib/python3.7/site-packages/airflow/example_dags/example_latest_only.py
[2022-02-05 19:37:59,101] {processor.py:642} INFO - Processing file /home/airflow/.local/lib/python3.7/site-packages/airflow/example_dags/example_latest_only.py for tasks to queue
[2022-02-05 19:37:59,102] {logging_mixin.py:109} INFO - [2022-02-05 19:37:59,102] {dagbag.py:500} INFO - Filling up the DagBag from /home/airflow/.local/lib/python3.7/site-packages/airflow/example_dags/example_latest_only.py
[2022-02-05 19:37:59,138] {processor.py:654} INFO - DAG(s) dict_keys(['latest_only']) retrieved from /home/airflow/.local/lib/python3.7/site-packages/airflow/example_dags/example_latest_only.py
[2022-02-05 19:37:59,153] {logging_mixin.py:109} INFO - [2022-02-05 19:37:59,153] {dag.py:2396} INFO - Sync 1 DAGs
[2022-02-05 19:37:59,179] {logging_mixin.py:109} INFO - [2022-02-05 19:37:59,178] {dag.py:2935} INFO - Setting next_dagrun for latest_only to 2022-02-05T15:37:59.178497+00:00
[2022-02-05 19:37:59,191] {processor.py:171} INFO - Processing /home/airflow/.local/lib/python3.7/site-packages/airflow/example_dags/example_latest_only.py took 0.097 seconds
[2022-02-05 19:38:29,546] {processor.py:163} INFO - Started process (PID=2018) to work on /home/airflow/.local/lib/python3.7/site-packages/airflow/example_dags/example_latest_only.py
[2022-02-05 19:38:29,547] {processor.py:642} INFO - Processing file /home/airflow/.local/lib/python3.7/site-packages/airflow/example_dags/example_latest_only.py for tasks to queue
[2022-02-05 19:38:29,548] {logging_mixin.py:109} INFO - [2022-02-05 19:38:29,548] {dagbag.py:500} INFO - Filling up the DagBag from /home/airflow/.local/lib/python3.7/site-packages/airflow/example_dags/example_latest_only.py
[2022-02-05 19:38:29,578] {processor.py:654} INFO - DAG(s) dict_keys(['latest_only']) retrieved from /home/airflow/.local/lib/python3.7/site-packages/airflow/example_dags/example_latest_only.py
[2022-02-05 19:38:29,590] {logging_mixin.py:109} INFO - [2022-02-05 19:38:29,590] {dag.py:2396} INFO - Sync 1 DAGs
[2022-02-05 19:38:29,608] {logging_mixin.py:109} INFO - [2022-02-05 19:38:29,608] {dag.py:2935} INFO - Setting next_dagrun for latest_only to 2022-02-05T15:38:29.607988+00:00
[2022-02-05 19:38:29,619] {processor.py:171} INFO - Processing /home/airflow/.local/lib/python3.7/site-packages/airflow/example_dags/example_latest_only.py took 0.076 seconds
[2022-02-05 19:39:00,043] {processor.py:163} INFO - Started process (PID=2072) to work on /home/airflow/.local/lib/python3.7/site-packages/airflow/example_dags/example_latest_only.py
[2022-02-05 19:39:00,045] {processor.py:642} INFO - Processing file /home/airflow/.local/lib/python3.7/site-packages/airflow/example_dags/example_latest_only.py for tasks to queue
[2022-02-05 19:39:00,046] {logging_mixin.py:109} INFO - [2022-02-05 19:39:00,046] {dagbag.py:500} INFO - Filling up the DagBag from /home/airflow/.local/lib/python3.7/site-packages/airflow/example_dags/example_latest_only.py
[2022-02-05 19:39:00,083] {processor.py:654} INFO - DAG(s) dict_keys(['latest_only']) retrieved from /home/airflow/.local/lib/python3.7/site-packages/airflow/example_dags/example_latest_only.py
[2022-02-05 19:39:00,095] {logging_mixin.py:109} INFO - [2022-02-05 19:39:00,094] {dag.py:2396} INFO - Sync 1 DAGs
[2022-02-05 19:39:00,114] {logging_mixin.py:109} INFO - [2022-02-05 19:39:00,114] {dag.py:2935} INFO - Setting next_dagrun for latest_only to 2022-02-05T15:39:00.114118+00:00
[2022-02-05 19:39:00,125] {processor.py:171} INFO - Processing /home/airflow/.local/lib/python3.7/site-packages/airflow/example_dags/example_latest_only.py took 0.085 seconds
[2022-02-05 19:39:31,079] {processor.py:163} INFO - Started process (PID=2138) to work on /home/airflow/.local/lib/python3.7/site-packages/airflow/example_dags/example_latest_only.py
[2022-02-05 19:39:31,080] {processor.py:642} INFO - Processing file /home/airflow/.local/lib/python3.7/site-packages/airflow/example_dags/example_latest_only.py for tasks to queue
[2022-02-05 19:39:31,081] {logging_mixin.py:109} INFO - [2022-02-05 19:39:31,081] {dagbag.py:500} INFO - Filling up the DagBag from /home/airflow/.local/lib/python3.7/site-packages/airflow/example_dags/example_latest_only.py
[2022-02-05 19:39:31,116] {processor.py:654} INFO - DAG(s) dict_keys(['latest_only']) retrieved from /home/airflow/.local/lib/python3.7/site-packages/airflow/example_dags/example_latest_only.py
[2022-02-05 19:39:31,130] {logging_mixin.py:109} INFO - [2022-02-05 19:39:31,130] {dag.py:2396} INFO - Sync 1 DAGs
[2022-02-05 19:39:31,172] {logging_mixin.py:109} INFO - [2022-02-05 19:39:31,172] {dag.py:2935} INFO - Setting next_dagrun for latest_only to 2022-02-05T15:39:31.171963+00:00
[2022-02-05 19:39:31,196] {processor.py:171} INFO - Processing /home/airflow/.local/lib/python3.7/site-packages/airflow/example_dags/example_latest_only.py took 0.121 seconds
[2022-02-05 19:40:01,693] {processor.py:163} INFO - Started process (PID=2192) to work on /home/airflow/.local/lib/python3.7/site-packages/airflow/example_dags/example_latest_only.py
[2022-02-05 19:40:01,695] {processor.py:642} INFO - Processing file /home/airflow/.local/lib/python3.7/site-packages/airflow/example_dags/example_latest_only.py for tasks to queue
[2022-02-05 19:40:01,696] {logging_mixin.py:109} INFO - [2022-02-05 19:40:01,695] {dagbag.py:500} INFO - Filling up the DagBag from /home/airflow/.local/lib/python3.7/site-packages/airflow/example_dags/example_latest_only.py
[2022-02-05 19:40:01,726] {processor.py:654} INFO - DAG(s) dict_keys(['latest_only']) retrieved from /home/airflow/.local/lib/python3.7/site-packages/airflow/example_dags/example_latest_only.py
[2022-02-05 19:40:01,738] {logging_mixin.py:109} INFO - [2022-02-05 19:40:01,738] {dag.py:2396} INFO - Sync 1 DAGs
[2022-02-05 19:40:01,758] {logging_mixin.py:109} INFO - [2022-02-05 19:40:01,758] {dag.py:2935} INFO - Setting next_dagrun for latest_only to 2022-02-05T15:40:01.758106+00:00
[2022-02-05 19:40:01,769] {processor.py:171} INFO - Processing /home/airflow/.local/lib/python3.7/site-packages/airflow/example_dags/example_latest_only.py took 0.081 seconds
[2022-02-05 19:40:32,471] {processor.py:163} INFO - Started process (PID=2249) to work on /home/airflow/.local/lib/python3.7/site-packages/airflow/example_dags/example_latest_only.py
[2022-02-05 19:40:32,472] {processor.py:642} INFO - Processing file /home/airflow/.local/lib/python3.7/site-packages/airflow/example_dags/example_latest_only.py for tasks to queue
[2022-02-05 19:40:32,473] {logging_mixin.py:109} INFO - [2022-02-05 19:40:32,473] {dagbag.py:500} INFO - Filling up the DagBag from /home/airflow/.local/lib/python3.7/site-packages/airflow/example_dags/example_latest_only.py
[2022-02-05 19:40:32,503] {processor.py:654} INFO - DAG(s) dict_keys(['latest_only']) retrieved from /home/airflow/.local/lib/python3.7/site-packages/airflow/example_dags/example_latest_only.py
[2022-02-05 19:40:32,515] {logging_mixin.py:109} INFO - [2022-02-05 19:40:32,514] {dag.py:2396} INFO - Sync 1 DAGs
[2022-02-05 19:40:32,533] {logging_mixin.py:109} INFO - [2022-02-05 19:40:32,533] {dag.py:2935} INFO - Setting next_dagrun for latest_only to 2022-02-05T15:40:32.532852+00:00
[2022-02-05 19:40:32,638] {processor.py:171} INFO - Processing /home/airflow/.local/lib/python3.7/site-packages/airflow/example_dags/example_latest_only.py took 0.171 seconds
[2022-02-05 19:41:03,139] {processor.py:163} INFO - Started process (PID=2312) to work on /home/airflow/.local/lib/python3.7/site-packages/airflow/example_dags/example_latest_only.py
[2022-02-05 19:41:03,141] {processor.py:642} INFO - Processing file /home/airflow/.local/lib/python3.7/site-packages/airflow/example_dags/example_latest_only.py for tasks to queue
[2022-02-05 19:41:03,141] {logging_mixin.py:109} INFO - [2022-02-05 19:41:03,141] {dagbag.py:500} INFO - Filling up the DagBag from /home/airflow/.local/lib/python3.7/site-packages/airflow/example_dags/example_latest_only.py
[2022-02-05 19:41:03,164] {processor.py:654} INFO - DAG(s) dict_keys(['latest_only']) retrieved from /home/airflow/.local/lib/python3.7/site-packages/airflow/example_dags/example_latest_only.py
[2022-02-05 19:41:03,173] {logging_mixin.py:109} INFO - [2022-02-05 19:41:03,173] {dag.py:2396} INFO - Sync 1 DAGs
[2022-02-05 19:41:03,266] {logging_mixin.py:109} INFO - [2022-02-05 19:41:03,265] {dag.py:2935} INFO - Setting next_dagrun for latest_only to 2022-02-05T15:41:03.265634+00:00
[2022-02-05 19:41:03,275] {processor.py:171} INFO - Processing /home/airflow/.local/lib/python3.7/site-packages/airflow/example_dags/example_latest_only.py took 0.139 seconds
[2022-02-05 19:41:34,103] {processor.py:163} INFO - Started process (PID=2365) to work on /home/airflow/.local/lib/python3.7/site-packages/airflow/example_dags/example_latest_only.py
[2022-02-05 19:41:34,106] {processor.py:642} INFO - Processing file /home/airflow/.local/lib/python3.7/site-packages/airflow/example_dags/example_latest_only.py for tasks to queue
[2022-02-05 19:41:34,107] {logging_mixin.py:109} INFO - [2022-02-05 19:41:34,107] {dagbag.py:500} INFO - Filling up the DagBag from /home/airflow/.local/lib/python3.7/site-packages/airflow/example_dags/example_latest_only.py
[2022-02-05 19:41:34,149] {processor.py:654} INFO - DAG(s) dict_keys(['latest_only']) retrieved from /home/airflow/.local/lib/python3.7/site-packages/airflow/example_dags/example_latest_only.py
[2022-02-05 19:41:34,172] {logging_mixin.py:109} INFO - [2022-02-05 19:41:34,172] {dag.py:2396} INFO - Sync 1 DAGs
[2022-02-05 19:41:34,319] {logging_mixin.py:109} INFO - [2022-02-05 19:41:34,319] {dag.py:2935} INFO - Setting next_dagrun for latest_only to 2022-02-05T15:41:34.318701+00:00
[2022-02-05 19:41:34,340] {processor.py:171} INFO - Processing /home/airflow/.local/lib/python3.7/site-packages/airflow/example_dags/example_latest_only.py took 0.242 seconds
[2022-02-05 19:42:04,991] {processor.py:163} INFO - Started process (PID=2426) to work on /home/airflow/.local/lib/python3.7/site-packages/airflow/example_dags/example_latest_only.py
[2022-02-05 19:42:04,993] {processor.py:642} INFO - Processing file /home/airflow/.local/lib/python3.7/site-packages/airflow/example_dags/example_latest_only.py for tasks to queue
[2022-02-05 19:42:04,994] {logging_mixin.py:109} INFO - [2022-02-05 19:42:04,994] {dagbag.py:500} INFO - Filling up the DagBag from /home/airflow/.local/lib/python3.7/site-packages/airflow/example_dags/example_latest_only.py
[2022-02-05 19:42:05,024] {processor.py:654} INFO - DAG(s) dict_keys(['latest_only']) retrieved from /home/airflow/.local/lib/python3.7/site-packages/airflow/example_dags/example_latest_only.py
[2022-02-05 19:42:05,128] {logging_mixin.py:109} INFO - [2022-02-05 19:42:05,128] {dag.py:2396} INFO - Sync 1 DAGs
[2022-02-05 19:42:05,145] {logging_mixin.py:109} INFO - [2022-02-05 19:42:05,145] {dag.py:2935} INFO - Setting next_dagrun for latest_only to 2022-02-05T15:42:05.144745+00:00
[2022-02-05 19:42:05,157] {processor.py:171} INFO - Processing /home/airflow/.local/lib/python3.7/site-packages/airflow/example_dags/example_latest_only.py took 0.170 seconds
[2022-02-05 19:42:35,293] {processor.py:163} INFO - Started process (PID=2479) to work on /home/airflow/.local/lib/python3.7/site-packages/airflow/example_dags/example_latest_only.py
[2022-02-05 19:42:35,295] {processor.py:642} INFO - Processing file /home/airflow/.local/lib/python3.7/site-packages/airflow/example_dags/example_latest_only.py for tasks to queue
[2022-02-05 19:42:35,296] {logging_mixin.py:109} INFO - [2022-02-05 19:42:35,296] {dagbag.py:500} INFO - Filling up the DagBag from /home/airflow/.local/lib/python3.7/site-packages/airflow/example_dags/example_latest_only.py
[2022-02-05 19:42:35,440] {processor.py:654} INFO - DAG(s) dict_keys(['latest_only']) retrieved from /home/airflow/.local/lib/python3.7/site-packages/airflow/example_dags/example_latest_only.py
[2022-02-05 19:42:35,453] {logging_mixin.py:109} INFO - [2022-02-05 19:42:35,452] {dag.py:2396} INFO - Sync 1 DAGs
[2022-02-05 19:42:35,473] {logging_mixin.py:109} INFO - [2022-02-05 19:42:35,473] {dag.py:2935} INFO - Setting next_dagrun for latest_only to 2022-02-05T15:42:35.473119+00:00
[2022-02-05 19:42:35,493] {processor.py:171} INFO - Processing /home/airflow/.local/lib/python3.7/site-packages/airflow/example_dags/example_latest_only.py took 0.204 seconds
[2022-02-05 19:43:05,995] {processor.py:163} INFO - Started process (PID=2541) to work on /home/airflow/.local/lib/python3.7/site-packages/airflow/example_dags/example_latest_only.py
[2022-02-05 19:43:05,996] {processor.py:642} INFO - Processing file /home/airflow/.local/lib/python3.7/site-packages/airflow/example_dags/example_latest_only.py for tasks to queue
[2022-02-05 19:43:05,997] {logging_mixin.py:109} INFO - [2022-02-05 19:43:05,997] {dagbag.py:500} INFO - Filling up the DagBag from /home/airflow/.local/lib/python3.7/site-packages/airflow/example_dags/example_latest_only.py
[2022-02-05 19:43:06,129] {processor.py:654} INFO - DAG(s) dict_keys(['latest_only']) retrieved from /home/airflow/.local/lib/python3.7/site-packages/airflow/example_dags/example_latest_only.py
[2022-02-05 19:43:06,139] {logging_mixin.py:109} INFO - [2022-02-05 19:43:06,139] {dag.py:2396} INFO - Sync 1 DAGs
[2022-02-05 19:43:06,157] {logging_mixin.py:109} INFO - [2022-02-05 19:43:06,157] {dag.py:2935} INFO - Setting next_dagrun for latest_only to 2022-02-05T15:43:06.156871+00:00
[2022-02-05 19:43:06,170] {processor.py:171} INFO - Processing /home/airflow/.local/lib/python3.7/site-packages/airflow/example_dags/example_latest_only.py took 0.180 seconds
[2022-02-05 19:43:36,621] {processor.py:163} INFO - Started process (PID=2595) to work on /home/airflow/.local/lib/python3.7/site-packages/airflow/example_dags/example_latest_only.py
[2022-02-05 19:43:36,622] {processor.py:642} INFO - Processing file /home/airflow/.local/lib/python3.7/site-packages/airflow/example_dags/example_latest_only.py for tasks to queue
[2022-02-05 19:43:36,622] {logging_mixin.py:109} INFO - [2022-02-05 19:43:36,622] {dagbag.py:500} INFO - Filling up the DagBag from /home/airflow/.local/lib/python3.7/site-packages/airflow/example_dags/example_latest_only.py
[2022-02-05 19:43:36,715] {processor.py:654} INFO - DAG(s) dict_keys(['latest_only']) retrieved from /home/airflow/.local/lib/python3.7/site-packages/airflow/example_dags/example_latest_only.py
[2022-02-05 19:43:36,721] {logging_mixin.py:109} INFO - [2022-02-05 19:43:36,721] {dag.py:2396} INFO - Sync 1 DAGs
[2022-02-05 19:43:36,732] {logging_mixin.py:109} INFO - [2022-02-05 19:43:36,732] {dag.py:2935} INFO - Setting next_dagrun for latest_only to 2022-02-05T15:43:36.732295+00:00
[2022-02-05 19:43:36,742] {processor.py:171} INFO - Processing /home/airflow/.local/lib/python3.7/site-packages/airflow/example_dags/example_latest_only.py took 0.124 seconds
[2022-02-05 19:44:06,828] {processor.py:163} INFO - Started process (PID=2662) to work on /home/airflow/.local/lib/python3.7/site-packages/airflow/example_dags/example_latest_only.py
[2022-02-05 19:44:06,830] {processor.py:642} INFO - Processing file /home/airflow/.local/lib/python3.7/site-packages/airflow/example_dags/example_latest_only.py for tasks to queue
[2022-02-05 19:44:06,830] {logging_mixin.py:109} INFO - [2022-02-05 19:44:06,830] {dagbag.py:500} INFO - Filling up the DagBag from /home/airflow/.local/lib/python3.7/site-packages/airflow/example_dags/example_latest_only.py
[2022-02-05 19:44:06,923] {processor.py:654} INFO - DAG(s) dict_keys(['latest_only']) retrieved from /home/airflow/.local/lib/python3.7/site-packages/airflow/example_dags/example_latest_only.py
[2022-02-05 19:44:06,930] {logging_mixin.py:109} INFO - [2022-02-05 19:44:06,930] {dag.py:2396} INFO - Sync 1 DAGs
[2022-02-05 19:44:06,941] {logging_mixin.py:109} INFO - [2022-02-05 19:44:06,941] {dag.py:2935} INFO - Setting next_dagrun for latest_only to 2022-02-05T15:44:06.941665+00:00
[2022-02-05 19:44:06,949] {processor.py:171} INFO - Processing /home/airflow/.local/lib/python3.7/site-packages/airflow/example_dags/example_latest_only.py took 0.124 seconds
[2022-02-05 19:44:37,822] {processor.py:163} INFO - Started process (PID=2714) to work on /home/airflow/.local/lib/python3.7/site-packages/airflow/example_dags/example_latest_only.py
[2022-02-05 19:44:37,823] {processor.py:642} INFO - Processing file /home/airflow/.local/lib/python3.7/site-packages/airflow/example_dags/example_latest_only.py for tasks to queue
[2022-02-05 19:44:37,824] {logging_mixin.py:109} INFO - [2022-02-05 19:44:37,824] {dagbag.py:500} INFO - Filling up the DagBag from /home/airflow/.local/lib/python3.7/site-packages/airflow/example_dags/example_latest_only.py
[2022-02-05 19:44:37,844] {processor.py:654} INFO - DAG(s) dict_keys(['latest_only']) retrieved from /home/airflow/.local/lib/python3.7/site-packages/airflow/example_dags/example_latest_only.py
[2022-02-05 19:44:37,852] {logging_mixin.py:109} INFO - [2022-02-05 19:44:37,852] {dag.py:2396} INFO - Sync 1 DAGs
[2022-02-05 19:44:37,865] {logging_mixin.py:109} INFO - [2022-02-05 19:44:37,865] {dag.py:2935} INFO - Setting next_dagrun for latest_only to 2022-02-05T15:44:37.865055+00:00
[2022-02-05 19:44:37,873] {processor.py:171} INFO - Processing /home/airflow/.local/lib/python3.7/site-packages/airflow/example_dags/example_latest_only.py took 0.054 seconds
[2022-02-05 19:45:08,725] {processor.py:163} INFO - Started process (PID=2776) to work on /home/airflow/.local/lib/python3.7/site-packages/airflow/example_dags/example_latest_only.py
[2022-02-05 19:45:08,727] {processor.py:642} INFO - Processing file /home/airflow/.local/lib/python3.7/site-packages/airflow/example_dags/example_latest_only.py for tasks to queue
[2022-02-05 19:45:08,727] {logging_mixin.py:109} INFO - [2022-02-05 19:45:08,727] {dagbag.py:500} INFO - Filling up the DagBag from /home/airflow/.local/lib/python3.7/site-packages/airflow/example_dags/example_latest_only.py
[2022-02-05 19:45:08,748] {processor.py:654} INFO - DAG(s) dict_keys(['latest_only']) retrieved from /home/airflow/.local/lib/python3.7/site-packages/airflow/example_dags/example_latest_only.py
[2022-02-05 19:45:08,755] {logging_mixin.py:109} INFO - [2022-02-05 19:45:08,755] {dag.py:2396} INFO - Sync 1 DAGs
[2022-02-05 19:45:08,767] {logging_mixin.py:109} INFO - [2022-02-05 19:45:08,767] {dag.py:2935} INFO - Setting next_dagrun for latest_only to 2022-02-05T15:45:08.767280+00:00
[2022-02-05 19:45:08,775] {processor.py:171} INFO - Processing /home/airflow/.local/lib/python3.7/site-packages/airflow/example_dags/example_latest_only.py took 0.052 seconds
[2022-02-05 19:45:39,600] {processor.py:163} INFO - Started process (PID=2829) to work on /home/airflow/.local/lib/python3.7/site-packages/airflow/example_dags/example_latest_only.py
[2022-02-05 19:45:39,601] {processor.py:642} INFO - Processing file /home/airflow/.local/lib/python3.7/site-packages/airflow/example_dags/example_latest_only.py for tasks to queue
[2022-02-05 19:45:39,602] {logging_mixin.py:109} INFO - [2022-02-05 19:45:39,602] {dagbag.py:500} INFO - Filling up the DagBag from /home/airflow/.local/lib/python3.7/site-packages/airflow/example_dags/example_latest_only.py
[2022-02-05 19:45:39,623] {processor.py:654} INFO - DAG(s) dict_keys(['latest_only']) retrieved from /home/airflow/.local/lib/python3.7/site-packages/airflow/example_dags/example_latest_only.py
[2022-02-05 19:45:39,631] {logging_mixin.py:109} INFO - [2022-02-05 19:45:39,631] {dag.py:2396} INFO - Sync 1 DAGs
[2022-02-05 19:45:39,644] {logging_mixin.py:109} INFO - [2022-02-05 19:45:39,644] {dag.py:2935} INFO - Setting next_dagrun for latest_only to 2022-02-05T15:45:39.643808+00:00
[2022-02-05 19:45:39,653] {processor.py:171} INFO - Processing /home/airflow/.local/lib/python3.7/site-packages/airflow/example_dags/example_latest_only.py took 0.056 seconds
[2022-02-05 19:46:10,440] {processor.py:163} INFO - Started process (PID=2892) to work on /home/airflow/.local/lib/python3.7/site-packages/airflow/example_dags/example_latest_only.py
[2022-02-05 19:46:10,441] {processor.py:642} INFO - Processing file /home/airflow/.local/lib/python3.7/site-packages/airflow/example_dags/example_latest_only.py for tasks to queue
[2022-02-05 19:46:10,441] {logging_mixin.py:109} INFO - [2022-02-05 19:46:10,441] {dagbag.py:500} INFO - Filling up the DagBag from /home/airflow/.local/lib/python3.7/site-packages/airflow/example_dags/example_latest_only.py
[2022-02-05 19:46:10,463] {processor.py:654} INFO - DAG(s) dict_keys(['latest_only']) retrieved from /home/airflow/.local/lib/python3.7/site-packages/airflow/example_dags/example_latest_only.py
[2022-02-05 19:46:10,471] {logging_mixin.py:109} INFO - [2022-02-05 19:46:10,471] {dag.py:2396} INFO - Sync 1 DAGs
[2022-02-05 19:46:10,484] {logging_mixin.py:109} INFO - [2022-02-05 19:46:10,484] {dag.py:2935} INFO - Setting next_dagrun for latest_only to 2022-02-05T15:46:10.483917+00:00
[2022-02-05 19:46:10,493] {processor.py:171} INFO - Processing /home/airflow/.local/lib/python3.7/site-packages/airflow/example_dags/example_latest_only.py took 0.055 seconds
[2022-02-05 19:46:41,232] {processor.py:163} INFO - Started process (PID=2953) to work on /home/airflow/.local/lib/python3.7/site-packages/airflow/example_dags/example_latest_only.py
[2022-02-05 19:46:41,233] {processor.py:642} INFO - Processing file /home/airflow/.local/lib/python3.7/site-packages/airflow/example_dags/example_latest_only.py for tasks to queue
[2022-02-05 19:46:41,234] {logging_mixin.py:109} INFO - [2022-02-05 19:46:41,234] {dagbag.py:500} INFO - Filling up the DagBag from /home/airflow/.local/lib/python3.7/site-packages/airflow/example_dags/example_latest_only.py
[2022-02-05 19:46:41,254] {processor.py:654} INFO - DAG(s) dict_keys(['latest_only']) retrieved from /home/airflow/.local/lib/python3.7/site-packages/airflow/example_dags/example_latest_only.py
[2022-02-05 19:46:41,262] {logging_mixin.py:109} INFO - [2022-02-05 19:46:41,262] {dag.py:2396} INFO - Sync 1 DAGs
[2022-02-05 19:46:41,274] {logging_mixin.py:109} INFO - [2022-02-05 19:46:41,273] {dag.py:2935} INFO - Setting next_dagrun for latest_only to 2022-02-05T15:46:41.273681+00:00
[2022-02-05 19:46:41,282] {processor.py:171} INFO - Processing /home/airflow/.local/lib/python3.7/site-packages/airflow/example_dags/example_latest_only.py took 0.052 seconds
[2022-02-05 19:47:12,063] {processor.py:163} INFO - Started process (PID=3004) to work on /home/airflow/.local/lib/python3.7/site-packages/airflow/example_dags/example_latest_only.py
[2022-02-05 19:47:12,064] {processor.py:642} INFO - Processing file /home/airflow/.local/lib/python3.7/site-packages/airflow/example_dags/example_latest_only.py for tasks to queue
[2022-02-05 19:47:12,065] {logging_mixin.py:109} INFO - [2022-02-05 19:47:12,065] {dagbag.py:500} INFO - Filling up the DagBag from /home/airflow/.local/lib/python3.7/site-packages/airflow/example_dags/example_latest_only.py
[2022-02-05 19:47:12,090] {processor.py:654} INFO - DAG(s) dict_keys(['latest_only']) retrieved from /home/airflow/.local/lib/python3.7/site-packages/airflow/example_dags/example_latest_only.py
[2022-02-05 19:47:12,100] {logging_mixin.py:109} INFO - [2022-02-05 19:47:12,099] {dag.py:2396} INFO - Sync 1 DAGs
[2022-02-05 19:47:12,115] {logging_mixin.py:109} INFO - [2022-02-05 19:47:12,115] {dag.py:2935} INFO - Setting next_dagrun for latest_only to 2022-02-05T15:47:12.114909+00:00
[2022-02-05 19:47:12,125] {processor.py:171} INFO - Processing /home/airflow/.local/lib/python3.7/site-packages/airflow/example_dags/example_latest_only.py took 0.065 seconds
[2022-02-05 19:47:42,876] {processor.py:163} INFO - Started process (PID=3066) to work on /home/airflow/.local/lib/python3.7/site-packages/airflow/example_dags/example_latest_only.py
[2022-02-05 19:47:42,878] {processor.py:642} INFO - Processing file /home/airflow/.local/lib/python3.7/site-packages/airflow/example_dags/example_latest_only.py for tasks to queue
[2022-02-05 19:47:42,878] {logging_mixin.py:109} INFO - [2022-02-05 19:47:42,878] {dagbag.py:500} INFO - Filling up the DagBag from /home/airflow/.local/lib/python3.7/site-packages/airflow/example_dags/example_latest_only.py
[2022-02-05 19:47:42,900] {processor.py:654} INFO - DAG(s) dict_keys(['latest_only']) retrieved from /home/airflow/.local/lib/python3.7/site-packages/airflow/example_dags/example_latest_only.py
[2022-02-05 19:47:42,909] {logging_mixin.py:109} INFO - [2022-02-05 19:47:42,909] {dag.py:2396} INFO - Sync 1 DAGs
[2022-02-05 19:47:42,922] {logging_mixin.py:109} INFO - [2022-02-05 19:47:42,922] {dag.py:2935} INFO - Setting next_dagrun for latest_only to 2022-02-05T15:47:42.922052+00:00
[2022-02-05 19:47:42,930] {processor.py:171} INFO - Processing /home/airflow/.local/lib/python3.7/site-packages/airflow/example_dags/example_latest_only.py took 0.056 seconds
[2022-02-05 19:48:14,099] {processor.py:163} INFO - Started process (PID=3119) to work on /home/airflow/.local/lib/python3.7/site-packages/airflow/example_dags/example_latest_only.py
[2022-02-05 19:48:14,101] {processor.py:642} INFO - Processing file /home/airflow/.local/lib/python3.7/site-packages/airflow/example_dags/example_latest_only.py for tasks to queue
[2022-02-05 19:48:14,102] {logging_mixin.py:109} INFO - [2022-02-05 19:48:14,102] {dagbag.py:500} INFO - Filling up the DagBag from /home/airflow/.local/lib/python3.7/site-packages/airflow/example_dags/example_latest_only.py
[2022-02-05 19:48:14,141] {processor.py:654} INFO - DAG(s) dict_keys(['latest_only']) retrieved from /home/airflow/.local/lib/python3.7/site-packages/airflow/example_dags/example_latest_only.py
[2022-02-05 19:48:14,156] {logging_mixin.py:109} INFO - [2022-02-05 19:48:14,156] {dag.py:2396} INFO - Sync 1 DAGs
[2022-02-05 19:48:14,181] {logging_mixin.py:109} INFO - [2022-02-05 19:48:14,181] {dag.py:2935} INFO - Setting next_dagrun for latest_only to 2022-02-05T15:48:14.180883+00:00
[2022-02-05 19:48:14,197] {processor.py:171} INFO - Processing /home/airflow/.local/lib/python3.7/site-packages/airflow/example_dags/example_latest_only.py took 0.102 seconds
[2022-02-05 19:48:44,432] {processor.py:163} INFO - Started process (PID=3182) to work on /home/airflow/.local/lib/python3.7/site-packages/airflow/example_dags/example_latest_only.py
[2022-02-05 19:48:44,433] {processor.py:642} INFO - Processing file /home/airflow/.local/lib/python3.7/site-packages/airflow/example_dags/example_latest_only.py for tasks to queue
[2022-02-05 19:48:44,434] {logging_mixin.py:109} INFO - [2022-02-05 19:48:44,434] {dagbag.py:500} INFO - Filling up the DagBag from /home/airflow/.local/lib/python3.7/site-packages/airflow/example_dags/example_latest_only.py
[2022-02-05 19:48:44,456] {processor.py:654} INFO - DAG(s) dict_keys(['latest_only']) retrieved from /home/airflow/.local/lib/python3.7/site-packages/airflow/example_dags/example_latest_only.py
[2022-02-05 19:48:44,464] {logging_mixin.py:109} INFO - [2022-02-05 19:48:44,464] {dag.py:2396} INFO - Sync 1 DAGs
[2022-02-05 19:48:44,480] {logging_mixin.py:109} INFO - [2022-02-05 19:48:44,480] {dag.py:2935} INFO - Setting next_dagrun for latest_only to 2022-02-05T15:48:44.480572+00:00
[2022-02-05 19:48:44,506] {processor.py:171} INFO - Processing /home/airflow/.local/lib/python3.7/site-packages/airflow/example_dags/example_latest_only.py took 0.077 seconds
[2022-02-05 19:49:15,175] {processor.py:163} INFO - Started process (PID=3237) to work on /home/airflow/.local/lib/python3.7/site-packages/airflow/example_dags/example_latest_only.py
[2022-02-05 19:49:15,177] {processor.py:642} INFO - Processing file /home/airflow/.local/lib/python3.7/site-packages/airflow/example_dags/example_latest_only.py for tasks to queue
[2022-02-05 19:49:15,178] {logging_mixin.py:109} INFO - [2022-02-05 19:49:15,178] {dagbag.py:500} INFO - Filling up the DagBag from /home/airflow/.local/lib/python3.7/site-packages/airflow/example_dags/example_latest_only.py
[2022-02-05 19:49:15,207] {processor.py:654} INFO - DAG(s) dict_keys(['latest_only']) retrieved from /home/airflow/.local/lib/python3.7/site-packages/airflow/example_dags/example_latest_only.py
[2022-02-05 19:49:15,217] {logging_mixin.py:109} INFO - [2022-02-05 19:49:15,217] {dag.py:2396} INFO - Sync 1 DAGs
[2022-02-05 19:49:15,232] {logging_mixin.py:109} INFO - [2022-02-05 19:49:15,232] {dag.py:2935} INFO - Setting next_dagrun for latest_only to 2022-02-05T15:49:15.232213+00:00
[2022-02-05 19:49:15,244] {processor.py:171} INFO - Processing /home/airflow/.local/lib/python3.7/site-packages/airflow/example_dags/example_latest_only.py took 0.074 seconds
[2022-02-05 19:49:45,869] {processor.py:163} INFO - Started process (PID=3300) to work on /home/airflow/.local/lib/python3.7/site-packages/airflow/example_dags/example_latest_only.py
[2022-02-05 19:49:45,871] {processor.py:642} INFO - Processing file /home/airflow/.local/lib/python3.7/site-packages/airflow/example_dags/example_latest_only.py for tasks to queue
[2022-02-05 19:49:45,872] {logging_mixin.py:109} INFO - [2022-02-05 19:49:45,872] {dagbag.py:500} INFO - Filling up the DagBag from /home/airflow/.local/lib/python3.7/site-packages/airflow/example_dags/example_latest_only.py
[2022-02-05 19:49:45,910] {processor.py:654} INFO - DAG(s) dict_keys(['latest_only']) retrieved from /home/airflow/.local/lib/python3.7/site-packages/airflow/example_dags/example_latest_only.py
[2022-02-05 19:49:45,926] {logging_mixin.py:109} INFO - [2022-02-05 19:49:45,926] {dag.py:2396} INFO - Sync 1 DAGs
[2022-02-05 19:49:45,951] {logging_mixin.py:109} INFO - [2022-02-05 19:49:45,951] {dag.py:2935} INFO - Setting next_dagrun for latest_only to 2022-02-05T15:49:45.950630+00:00
[2022-02-05 19:49:45,967] {processor.py:171} INFO - Processing /home/airflow/.local/lib/python3.7/site-packages/airflow/example_dags/example_latest_only.py took 0.103 seconds
[2022-02-05 19:50:16,821] {processor.py:163} INFO - Started process (PID=3353) to work on /home/airflow/.local/lib/python3.7/site-packages/airflow/example_dags/example_latest_only.py
[2022-02-05 19:50:16,822] {processor.py:642} INFO - Processing file /home/airflow/.local/lib/python3.7/site-packages/airflow/example_dags/example_latest_only.py for tasks to queue
[2022-02-05 19:50:16,823] {logging_mixin.py:109} INFO - [2022-02-05 19:50:16,823] {dagbag.py:500} INFO - Filling up the DagBag from /home/airflow/.local/lib/python3.7/site-packages/airflow/example_dags/example_latest_only.py
[2022-02-05 19:50:16,844] {processor.py:654} INFO - DAG(s) dict_keys(['latest_only']) retrieved from /home/airflow/.local/lib/python3.7/site-packages/airflow/example_dags/example_latest_only.py
[2022-02-05 19:50:16,852] {logging_mixin.py:109} INFO - [2022-02-05 19:50:16,852] {dag.py:2396} INFO - Sync 1 DAGs
[2022-02-05 19:50:16,865] {logging_mixin.py:109} INFO - [2022-02-05 19:50:16,865] {dag.py:2935} INFO - Setting next_dagrun for latest_only to 2022-02-05T15:50:16.865244+00:00
[2022-02-05 19:50:16,875] {processor.py:171} INFO - Processing /home/airflow/.local/lib/python3.7/site-packages/airflow/example_dags/example_latest_only.py took 0.057 seconds
[2022-02-05 19:50:48,284] {processor.py:163} INFO - Started process (PID=3414) to work on /home/airflow/.local/lib/python3.7/site-packages/airflow/example_dags/example_latest_only.py
[2022-02-05 19:50:48,289] {processor.py:642} INFO - Processing file /home/airflow/.local/lib/python3.7/site-packages/airflow/example_dags/example_latest_only.py for tasks to queue
[2022-02-05 19:50:48,290] {logging_mixin.py:109} INFO - [2022-02-05 19:50:48,290] {dagbag.py:500} INFO - Filling up the DagBag from /home/airflow/.local/lib/python3.7/site-packages/airflow/example_dags/example_latest_only.py
[2022-02-05 19:50:48,344] {processor.py:654} INFO - DAG(s) dict_keys(['latest_only']) retrieved from /home/airflow/.local/lib/python3.7/site-packages/airflow/example_dags/example_latest_only.py
[2022-02-05 19:50:48,365] {logging_mixin.py:109} INFO - [2022-02-05 19:50:48,365] {dag.py:2396} INFO - Sync 1 DAGs
[2022-02-05 19:50:48,398] {logging_mixin.py:109} INFO - [2022-02-05 19:50:48,398] {dag.py:2935} INFO - Setting next_dagrun for latest_only to 2022-02-05T15:50:48.398093+00:00
[2022-02-05 19:50:48,424] {processor.py:171} INFO - Processing /home/airflow/.local/lib/python3.7/site-packages/airflow/example_dags/example_latest_only.py took 0.145 seconds
