[2022-02-05 19:21:04,719] {processor.py:163} INFO - Started process (PID=65) to work on /home/airflow/.local/lib/python3.7/site-packages/airflow/example_dags/example_latest_only_with_trigger.py
[2022-02-05 19:21:04,721] {processor.py:642} INFO - Processing file /home/airflow/.local/lib/python3.7/site-packages/airflow/example_dags/example_latest_only_with_trigger.py for tasks to queue
[2022-02-05 19:21:04,723] {logging_mixin.py:109} INFO - [2022-02-05 19:21:04,723] {dagbag.py:500} INFO - Filling up the DagBag from /home/airflow/.local/lib/python3.7/site-packages/airflow/example_dags/example_latest_only_with_trigger.py
[2022-02-05 19:21:04,773] {processor.py:654} INFO - DAG(s) dict_keys(['latest_only_with_trigger']) retrieved from /home/airflow/.local/lib/python3.7/site-packages/airflow/example_dags/example_latest_only_with_trigger.py
[2022-02-05 19:21:04,789] {logging_mixin.py:109} INFO - [2022-02-05 19:21:04,789] {dag.py:2396} INFO - Sync 1 DAGs
[2022-02-05 19:21:04,817] {logging_mixin.py:109} INFO - [2022-02-05 19:21:04,817] {dag.py:2935} INFO - Setting next_dagrun for latest_only_with_trigger to 2022-02-05T15:21:04.817280+00:00
[2022-02-05 19:21:04,832] {processor.py:171} INFO - Processing /home/airflow/.local/lib/python3.7/site-packages/airflow/example_dags/example_latest_only_with_trigger.py took 0.118 seconds
[2022-02-05 19:21:35,831] {processor.py:163} INFO - Started process (PID=125) to work on /home/airflow/.local/lib/python3.7/site-packages/airflow/example_dags/example_latest_only_with_trigger.py
[2022-02-05 19:21:35,833] {processor.py:642} INFO - Processing file /home/airflow/.local/lib/python3.7/site-packages/airflow/example_dags/example_latest_only_with_trigger.py for tasks to queue
[2022-02-05 19:21:35,834] {logging_mixin.py:109} INFO - [2022-02-05 19:21:35,834] {dagbag.py:500} INFO - Filling up the DagBag from /home/airflow/.local/lib/python3.7/site-packages/airflow/example_dags/example_latest_only_with_trigger.py
[2022-02-05 19:21:35,872] {processor.py:654} INFO - DAG(s) dict_keys(['latest_only_with_trigger']) retrieved from /home/airflow/.local/lib/python3.7/site-packages/airflow/example_dags/example_latest_only_with_trigger.py
[2022-02-05 19:21:35,890] {logging_mixin.py:109} INFO - [2022-02-05 19:21:35,889] {dag.py:2396} INFO - Sync 1 DAGs
[2022-02-05 19:21:35,928] {logging_mixin.py:109} INFO - [2022-02-05 19:21:35,928] {dag.py:2935} INFO - Setting next_dagrun for latest_only_with_trigger to 2022-02-05T15:21:35.928384+00:00
[2022-02-05 19:21:35,942] {processor.py:171} INFO - Processing /home/airflow/.local/lib/python3.7/site-packages/airflow/example_dags/example_latest_only_with_trigger.py took 0.118 seconds
[2022-02-05 19:22:08,143] {processor.py:163} INFO - Started process (PID=178) to work on /home/airflow/.local/lib/python3.7/site-packages/airflow/example_dags/example_latest_only_with_trigger.py
[2022-02-05 19:22:08,145] {processor.py:642} INFO - Processing file /home/airflow/.local/lib/python3.7/site-packages/airflow/example_dags/example_latest_only_with_trigger.py for tasks to queue
[2022-02-05 19:22:08,146] {logging_mixin.py:109} INFO - [2022-02-05 19:22:08,145] {dagbag.py:500} INFO - Filling up the DagBag from /home/airflow/.local/lib/python3.7/site-packages/airflow/example_dags/example_latest_only_with_trigger.py
[2022-02-05 19:22:08,187] {processor.py:654} INFO - DAG(s) dict_keys(['latest_only_with_trigger']) retrieved from /home/airflow/.local/lib/python3.7/site-packages/airflow/example_dags/example_latest_only_with_trigger.py
[2022-02-05 19:22:08,208] {logging_mixin.py:109} INFO - [2022-02-05 19:22:08,208] {dag.py:2396} INFO - Sync 1 DAGs
[2022-02-05 19:22:08,244] {logging_mixin.py:109} INFO - [2022-02-05 19:22:08,244] {dag.py:2935} INFO - Setting next_dagrun for latest_only_with_trigger to 2022-02-05T15:22:08.243502+00:00
[2022-02-05 19:22:08,263] {processor.py:171} INFO - Processing /home/airflow/.local/lib/python3.7/site-packages/airflow/example_dags/example_latest_only_with_trigger.py took 0.125 seconds
[2022-02-05 19:22:39,366] {processor.py:163} INFO - Started process (PID=243) to work on /home/airflow/.local/lib/python3.7/site-packages/airflow/example_dags/example_latest_only_with_trigger.py
[2022-02-05 19:22:39,368] {processor.py:642} INFO - Processing file /home/airflow/.local/lib/python3.7/site-packages/airflow/example_dags/example_latest_only_with_trigger.py for tasks to queue
[2022-02-05 19:22:39,370] {logging_mixin.py:109} INFO - [2022-02-05 19:22:39,369] {dagbag.py:500} INFO - Filling up the DagBag from /home/airflow/.local/lib/python3.7/site-packages/airflow/example_dags/example_latest_only_with_trigger.py
[2022-02-05 19:22:39,423] {processor.py:654} INFO - DAG(s) dict_keys(['latest_only_with_trigger']) retrieved from /home/airflow/.local/lib/python3.7/site-packages/airflow/example_dags/example_latest_only_with_trigger.py
[2022-02-05 19:22:39,440] {logging_mixin.py:109} INFO - [2022-02-05 19:22:39,439] {dag.py:2396} INFO - Sync 1 DAGs
[2022-02-05 19:22:39,473] {logging_mixin.py:109} INFO - [2022-02-05 19:22:39,473] {dag.py:2935} INFO - Setting next_dagrun for latest_only_with_trigger to 2022-02-05T15:22:39.472838+00:00
[2022-02-05 19:22:39,497] {processor.py:171} INFO - Processing /home/airflow/.local/lib/python3.7/site-packages/airflow/example_dags/example_latest_only_with_trigger.py took 0.137 seconds
[2022-02-05 19:23:10,280] {processor.py:163} INFO - Started process (PID=296) to work on /home/airflow/.local/lib/python3.7/site-packages/airflow/example_dags/example_latest_only_with_trigger.py
[2022-02-05 19:23:10,281] {processor.py:642} INFO - Processing file /home/airflow/.local/lib/python3.7/site-packages/airflow/example_dags/example_latest_only_with_trigger.py for tasks to queue
[2022-02-05 19:23:10,283] {logging_mixin.py:109} INFO - [2022-02-05 19:23:10,282] {dagbag.py:500} INFO - Filling up the DagBag from /home/airflow/.local/lib/python3.7/site-packages/airflow/example_dags/example_latest_only_with_trigger.py
[2022-02-05 19:23:10,314] {processor.py:654} INFO - DAG(s) dict_keys(['latest_only_with_trigger']) retrieved from /home/airflow/.local/lib/python3.7/site-packages/airflow/example_dags/example_latest_only_with_trigger.py
[2022-02-05 19:23:10,327] {logging_mixin.py:109} INFO - [2022-02-05 19:23:10,327] {dag.py:2396} INFO - Sync 1 DAGs
[2022-02-05 19:23:10,345] {logging_mixin.py:109} INFO - [2022-02-05 19:23:10,345] {dag.py:2935} INFO - Setting next_dagrun for latest_only_with_trigger to 2022-02-05T15:23:10.345297+00:00
[2022-02-05 19:23:10,359] {processor.py:171} INFO - Processing /home/airflow/.local/lib/python3.7/site-packages/airflow/example_dags/example_latest_only_with_trigger.py took 0.083 seconds
[2022-02-05 19:23:41,185] {processor.py:163} INFO - Started process (PID=349) to work on /home/airflow/.local/lib/python3.7/site-packages/airflow/example_dags/example_latest_only_with_trigger.py
[2022-02-05 19:23:41,187] {processor.py:642} INFO - Processing file /home/airflow/.local/lib/python3.7/site-packages/airflow/example_dags/example_latest_only_with_trigger.py for tasks to queue
[2022-02-05 19:23:41,189] {logging_mixin.py:109} INFO - [2022-02-05 19:23:41,188] {dagbag.py:500} INFO - Filling up the DagBag from /home/airflow/.local/lib/python3.7/site-packages/airflow/example_dags/example_latest_only_with_trigger.py
[2022-02-05 19:23:41,228] {processor.py:654} INFO - DAG(s) dict_keys(['latest_only_with_trigger']) retrieved from /home/airflow/.local/lib/python3.7/site-packages/airflow/example_dags/example_latest_only_with_trigger.py
[2022-02-05 19:23:41,244] {logging_mixin.py:109} INFO - [2022-02-05 19:23:41,244] {dag.py:2396} INFO - Sync 1 DAGs
[2022-02-05 19:23:41,273] {logging_mixin.py:109} INFO - [2022-02-05 19:23:41,273] {dag.py:2935} INFO - Setting next_dagrun for latest_only_with_trigger to 2022-02-05T15:23:41.272582+00:00
[2022-02-05 19:23:41,289] {processor.py:171} INFO - Processing /home/airflow/.local/lib/python3.7/site-packages/airflow/example_dags/example_latest_only_with_trigger.py took 0.110 seconds
[2022-02-05 19:24:11,730] {processor.py:163} INFO - Started process (PID=412) to work on /home/airflow/.local/lib/python3.7/site-packages/airflow/example_dags/example_latest_only_with_trigger.py
[2022-02-05 19:24:11,731] {processor.py:642} INFO - Processing file /home/airflow/.local/lib/python3.7/site-packages/airflow/example_dags/example_latest_only_with_trigger.py for tasks to queue
[2022-02-05 19:24:11,732] {logging_mixin.py:109} INFO - [2022-02-05 19:24:11,732] {dagbag.py:500} INFO - Filling up the DagBag from /home/airflow/.local/lib/python3.7/site-packages/airflow/example_dags/example_latest_only_with_trigger.py
[2022-02-05 19:24:11,761] {processor.py:654} INFO - DAG(s) dict_keys(['latest_only_with_trigger']) retrieved from /home/airflow/.local/lib/python3.7/site-packages/airflow/example_dags/example_latest_only_with_trigger.py
[2022-02-05 19:24:11,772] {logging_mixin.py:109} INFO - [2022-02-05 19:24:11,772] {dag.py:2396} INFO - Sync 1 DAGs
[2022-02-05 19:24:11,791] {logging_mixin.py:109} INFO - [2022-02-05 19:24:11,791] {dag.py:2935} INFO - Setting next_dagrun for latest_only_with_trigger to 2022-02-05T15:24:11.791359+00:00
[2022-02-05 19:24:11,806] {processor.py:171} INFO - Processing /home/airflow/.local/lib/python3.7/site-packages/airflow/example_dags/example_latest_only_with_trigger.py took 0.079 seconds
[2022-02-05 19:24:42,136] {processor.py:163} INFO - Started process (PID=464) to work on /home/airflow/.local/lib/python3.7/site-packages/airflow/example_dags/example_latest_only_with_trigger.py
[2022-02-05 19:24:42,138] {processor.py:642} INFO - Processing file /home/airflow/.local/lib/python3.7/site-packages/airflow/example_dags/example_latest_only_with_trigger.py for tasks to queue
[2022-02-05 19:24:42,139] {logging_mixin.py:109} INFO - [2022-02-05 19:24:42,138] {dagbag.py:500} INFO - Filling up the DagBag from /home/airflow/.local/lib/python3.7/site-packages/airflow/example_dags/example_latest_only_with_trigger.py
[2022-02-05 19:24:42,168] {processor.py:654} INFO - DAG(s) dict_keys(['latest_only_with_trigger']) retrieved from /home/airflow/.local/lib/python3.7/site-packages/airflow/example_dags/example_latest_only_with_trigger.py
[2022-02-05 19:24:42,179] {logging_mixin.py:109} INFO - [2022-02-05 19:24:42,178] {dag.py:2396} INFO - Sync 1 DAGs
[2022-02-05 19:24:42,195] {logging_mixin.py:109} INFO - [2022-02-05 19:24:42,195] {dag.py:2935} INFO - Setting next_dagrun for latest_only_with_trigger to 2022-02-05T15:24:42.195151+00:00
[2022-02-05 19:24:42,209] {processor.py:171} INFO - Processing /home/airflow/.local/lib/python3.7/site-packages/airflow/example_dags/example_latest_only_with_trigger.py took 0.076 seconds
[2022-02-05 19:25:12,424] {processor.py:163} INFO - Started process (PID=525) to work on /home/airflow/.local/lib/python3.7/site-packages/airflow/example_dags/example_latest_only_with_trigger.py
[2022-02-05 19:25:12,426] {processor.py:642} INFO - Processing file /home/airflow/.local/lib/python3.7/site-packages/airflow/example_dags/example_latest_only_with_trigger.py for tasks to queue
[2022-02-05 19:25:12,427] {logging_mixin.py:109} INFO - [2022-02-05 19:25:12,426] {dagbag.py:500} INFO - Filling up the DagBag from /home/airflow/.local/lib/python3.7/site-packages/airflow/example_dags/example_latest_only_with_trigger.py
[2022-02-05 19:25:12,454] {processor.py:654} INFO - DAG(s) dict_keys(['latest_only_with_trigger']) retrieved from /home/airflow/.local/lib/python3.7/site-packages/airflow/example_dags/example_latest_only_with_trigger.py
[2022-02-05 19:25:12,464] {logging_mixin.py:109} INFO - [2022-02-05 19:25:12,464] {dag.py:2396} INFO - Sync 1 DAGs
[2022-02-05 19:25:12,482] {logging_mixin.py:109} INFO - [2022-02-05 19:25:12,482] {dag.py:2935} INFO - Setting next_dagrun for latest_only_with_trigger to 2022-02-05T15:25:12.482323+00:00
[2022-02-05 19:25:12,493] {processor.py:171} INFO - Processing /home/airflow/.local/lib/python3.7/site-packages/airflow/example_dags/example_latest_only_with_trigger.py took 0.072 seconds
[2022-02-05 19:25:42,816] {processor.py:163} INFO - Started process (PID=579) to work on /home/airflow/.local/lib/python3.7/site-packages/airflow/example_dags/example_latest_only_with_trigger.py
[2022-02-05 19:25:42,818] {processor.py:642} INFO - Processing file /home/airflow/.local/lib/python3.7/site-packages/airflow/example_dags/example_latest_only_with_trigger.py for tasks to queue
[2022-02-05 19:25:42,819] {logging_mixin.py:109} INFO - [2022-02-05 19:25:42,818] {dagbag.py:500} INFO - Filling up the DagBag from /home/airflow/.local/lib/python3.7/site-packages/airflow/example_dags/example_latest_only_with_trigger.py
[2022-02-05 19:25:42,848] {processor.py:654} INFO - DAG(s) dict_keys(['latest_only_with_trigger']) retrieved from /home/airflow/.local/lib/python3.7/site-packages/airflow/example_dags/example_latest_only_with_trigger.py
[2022-02-05 19:25:42,860] {logging_mixin.py:109} INFO - [2022-02-05 19:25:42,860] {dag.py:2396} INFO - Sync 1 DAGs
[2022-02-05 19:25:42,879] {logging_mixin.py:109} INFO - [2022-02-05 19:25:42,879] {dag.py:2935} INFO - Setting next_dagrun for latest_only_with_trigger to 2022-02-05T15:25:42.879115+00:00
[2022-02-05 19:25:42,890] {processor.py:171} INFO - Processing /home/airflow/.local/lib/python3.7/site-packages/airflow/example_dags/example_latest_only_with_trigger.py took 0.078 seconds
[2022-02-05 19:26:15,012] {processor.py:163} INFO - Started process (PID=642) to work on /home/airflow/.local/lib/python3.7/site-packages/airflow/example_dags/example_latest_only_with_trigger.py
[2022-02-05 19:26:15,014] {processor.py:642} INFO - Processing file /home/airflow/.local/lib/python3.7/site-packages/airflow/example_dags/example_latest_only_with_trigger.py for tasks to queue
[2022-02-05 19:26:15,015] {logging_mixin.py:109} INFO - [2022-02-05 19:26:15,015] {dagbag.py:500} INFO - Filling up the DagBag from /home/airflow/.local/lib/python3.7/site-packages/airflow/example_dags/example_latest_only_with_trigger.py
[2022-02-05 19:26:15,054] {processor.py:654} INFO - DAG(s) dict_keys(['latest_only_with_trigger']) retrieved from /home/airflow/.local/lib/python3.7/site-packages/airflow/example_dags/example_latest_only_with_trigger.py
[2022-02-05 19:26:15,070] {logging_mixin.py:109} INFO - [2022-02-05 19:26:15,070] {dag.py:2396} INFO - Sync 1 DAGs
[2022-02-05 19:26:15,094] {logging_mixin.py:109} INFO - [2022-02-05 19:26:15,094] {dag.py:2935} INFO - Setting next_dagrun for latest_only_with_trigger to 2022-02-05T15:26:15.094237+00:00
[2022-02-05 19:26:15,108] {processor.py:171} INFO - Processing /home/airflow/.local/lib/python3.7/site-packages/airflow/example_dags/example_latest_only_with_trigger.py took 0.103 seconds
[2022-02-05 19:26:45,707] {processor.py:163} INFO - Started process (PID=697) to work on /home/airflow/.local/lib/python3.7/site-packages/airflow/example_dags/example_latest_only_with_trigger.py
[2022-02-05 19:26:45,707] {processor.py:642} INFO - Processing file /home/airflow/.local/lib/python3.7/site-packages/airflow/example_dags/example_latest_only_with_trigger.py for tasks to queue
[2022-02-05 19:26:45,708] {logging_mixin.py:109} INFO - [2022-02-05 19:26:45,708] {dagbag.py:500} INFO - Filling up the DagBag from /home/airflow/.local/lib/python3.7/site-packages/airflow/example_dags/example_latest_only_with_trigger.py
[2022-02-05 19:26:45,732] {processor.py:654} INFO - DAG(s) dict_keys(['latest_only_with_trigger']) retrieved from /home/airflow/.local/lib/python3.7/site-packages/airflow/example_dags/example_latest_only_with_trigger.py
[2022-02-05 19:26:45,741] {logging_mixin.py:109} INFO - [2022-02-05 19:26:45,741] {dag.py:2396} INFO - Sync 1 DAGs
[2022-02-05 19:26:45,755] {logging_mixin.py:109} INFO - [2022-02-05 19:26:45,755] {dag.py:2935} INFO - Setting next_dagrun for latest_only_with_trigger to 2022-02-05T15:26:45.754927+00:00
[2022-02-05 19:26:45,765] {processor.py:171} INFO - Processing /home/airflow/.local/lib/python3.7/site-packages/airflow/example_dags/example_latest_only_with_trigger.py took 0.061 seconds
[2022-02-05 19:27:17,253] {processor.py:163} INFO - Started process (PID=759) to work on /home/airflow/.local/lib/python3.7/site-packages/airflow/example_dags/example_latest_only_with_trigger.py
[2022-02-05 19:27:17,255] {processor.py:642} INFO - Processing file /home/airflow/.local/lib/python3.7/site-packages/airflow/example_dags/example_latest_only_with_trigger.py for tasks to queue
[2022-02-05 19:27:17,256] {logging_mixin.py:109} INFO - [2022-02-05 19:27:17,256] {dagbag.py:500} INFO - Filling up the DagBag from /home/airflow/.local/lib/python3.7/site-packages/airflow/example_dags/example_latest_only_with_trigger.py
[2022-02-05 19:27:17,323] {processor.py:654} INFO - DAG(s) dict_keys(['latest_only_with_trigger']) retrieved from /home/airflow/.local/lib/python3.7/site-packages/airflow/example_dags/example_latest_only_with_trigger.py
[2022-02-05 19:27:17,345] {logging_mixin.py:109} INFO - [2022-02-05 19:27:17,345] {dag.py:2396} INFO - Sync 1 DAGs
[2022-02-05 19:27:17,377] {logging_mixin.py:109} INFO - [2022-02-05 19:27:17,377] {dag.py:2935} INFO - Setting next_dagrun for latest_only_with_trigger to 2022-02-05T15:27:17.377241+00:00
[2022-02-05 19:27:17,394] {processor.py:171} INFO - Processing /home/airflow/.local/lib/python3.7/site-packages/airflow/example_dags/example_latest_only_with_trigger.py took 0.147 seconds
[2022-02-05 19:27:48,338] {processor.py:163} INFO - Started process (PID=811) to work on /home/airflow/.local/lib/python3.7/site-packages/airflow/example_dags/example_latest_only_with_trigger.py
[2022-02-05 19:27:48,339] {processor.py:642} INFO - Processing file /home/airflow/.local/lib/python3.7/site-packages/airflow/example_dags/example_latest_only_with_trigger.py for tasks to queue
[2022-02-05 19:27:48,340] {logging_mixin.py:109} INFO - [2022-02-05 19:27:48,340] {dagbag.py:500} INFO - Filling up the DagBag from /home/airflow/.local/lib/python3.7/site-packages/airflow/example_dags/example_latest_only_with_trigger.py
[2022-02-05 19:27:48,368] {processor.py:654} INFO - DAG(s) dict_keys(['latest_only_with_trigger']) retrieved from /home/airflow/.local/lib/python3.7/site-packages/airflow/example_dags/example_latest_only_with_trigger.py
[2022-02-05 19:27:48,378] {logging_mixin.py:109} INFO - [2022-02-05 19:27:48,378] {dag.py:2396} INFO - Sync 1 DAGs
[2022-02-05 19:27:48,395] {logging_mixin.py:109} INFO - [2022-02-05 19:27:48,395] {dag.py:2935} INFO - Setting next_dagrun for latest_only_with_trigger to 2022-02-05T15:27:48.394861+00:00
[2022-02-05 19:27:48,405] {processor.py:171} INFO - Processing /home/airflow/.local/lib/python3.7/site-packages/airflow/example_dags/example_latest_only_with_trigger.py took 0.071 seconds
[2022-02-05 19:28:19,206] {processor.py:163} INFO - Started process (PID=875) to work on /home/airflow/.local/lib/python3.7/site-packages/airflow/example_dags/example_latest_only_with_trigger.py
[2022-02-05 19:28:19,208] {processor.py:642} INFO - Processing file /home/airflow/.local/lib/python3.7/site-packages/airflow/example_dags/example_latest_only_with_trigger.py for tasks to queue
[2022-02-05 19:28:19,209] {logging_mixin.py:109} INFO - [2022-02-05 19:28:19,209] {dagbag.py:500} INFO - Filling up the DagBag from /home/airflow/.local/lib/python3.7/site-packages/airflow/example_dags/example_latest_only_with_trigger.py
[2022-02-05 19:28:19,245] {processor.py:654} INFO - DAG(s) dict_keys(['latest_only_with_trigger']) retrieved from /home/airflow/.local/lib/python3.7/site-packages/airflow/example_dags/example_latest_only_with_trigger.py
[2022-02-05 19:28:19,258] {logging_mixin.py:109} INFO - [2022-02-05 19:28:19,258] {dag.py:2396} INFO - Sync 1 DAGs
[2022-02-05 19:28:19,280] {logging_mixin.py:109} INFO - [2022-02-05 19:28:19,280] {dag.py:2935} INFO - Setting next_dagrun for latest_only_with_trigger to 2022-02-05T15:28:19.280407+00:00
[2022-02-05 19:28:19,294] {processor.py:171} INFO - Processing /home/airflow/.local/lib/python3.7/site-packages/airflow/example_dags/example_latest_only_with_trigger.py took 0.092 seconds
[2022-02-05 19:28:49,846] {processor.py:163} INFO - Started process (PID=928) to work on /home/airflow/.local/lib/python3.7/site-packages/airflow/example_dags/example_latest_only_with_trigger.py
[2022-02-05 19:28:49,847] {processor.py:642} INFO - Processing file /home/airflow/.local/lib/python3.7/site-packages/airflow/example_dags/example_latest_only_with_trigger.py for tasks to queue
[2022-02-05 19:28:49,848] {logging_mixin.py:109} INFO - [2022-02-05 19:28:49,848] {dagbag.py:500} INFO - Filling up the DagBag from /home/airflow/.local/lib/python3.7/site-packages/airflow/example_dags/example_latest_only_with_trigger.py
[2022-02-05 19:28:49,880] {processor.py:654} INFO - DAG(s) dict_keys(['latest_only_with_trigger']) retrieved from /home/airflow/.local/lib/python3.7/site-packages/airflow/example_dags/example_latest_only_with_trigger.py
[2022-02-05 19:28:49,892] {logging_mixin.py:109} INFO - [2022-02-05 19:28:49,892] {dag.py:2396} INFO - Sync 1 DAGs
[2022-02-05 19:28:49,913] {logging_mixin.py:109} INFO - [2022-02-05 19:28:49,913] {dag.py:2935} INFO - Setting next_dagrun for latest_only_with_trigger to 2022-02-05T15:28:49.913380+00:00
[2022-02-05 19:28:49,925] {processor.py:171} INFO - Processing /home/airflow/.local/lib/python3.7/site-packages/airflow/example_dags/example_latest_only_with_trigger.py took 0.084 seconds
[2022-02-05 19:29:20,512] {processor.py:163} INFO - Started process (PID=991) to work on /home/airflow/.local/lib/python3.7/site-packages/airflow/example_dags/example_latest_only_with_trigger.py
[2022-02-05 19:29:20,514] {processor.py:642} INFO - Processing file /home/airflow/.local/lib/python3.7/site-packages/airflow/example_dags/example_latest_only_with_trigger.py for tasks to queue
[2022-02-05 19:29:20,515] {logging_mixin.py:109} INFO - [2022-02-05 19:29:20,515] {dagbag.py:500} INFO - Filling up the DagBag from /home/airflow/.local/lib/python3.7/site-packages/airflow/example_dags/example_latest_only_with_trigger.py
[2022-02-05 19:29:20,553] {processor.py:654} INFO - DAG(s) dict_keys(['latest_only_with_trigger']) retrieved from /home/airflow/.local/lib/python3.7/site-packages/airflow/example_dags/example_latest_only_with_trigger.py
[2022-02-05 19:29:20,567] {logging_mixin.py:109} INFO - [2022-02-05 19:29:20,567] {dag.py:2396} INFO - Sync 1 DAGs
[2022-02-05 19:29:20,588] {logging_mixin.py:109} INFO - [2022-02-05 19:29:20,588] {dag.py:2935} INFO - Setting next_dagrun for latest_only_with_trigger to 2022-02-05T15:29:20.588339+00:00
[2022-02-05 19:29:20,603] {processor.py:171} INFO - Processing /home/airflow/.local/lib/python3.7/site-packages/airflow/example_dags/example_latest_only_with_trigger.py took 0.096 seconds
[2022-02-05 19:29:51,829] {processor.py:163} INFO - Started process (PID=1044) to work on /home/airflow/.local/lib/python3.7/site-packages/airflow/example_dags/example_latest_only_with_trigger.py
[2022-02-05 19:29:51,831] {processor.py:642} INFO - Processing file /home/airflow/.local/lib/python3.7/site-packages/airflow/example_dags/example_latest_only_with_trigger.py for tasks to queue
[2022-02-05 19:29:51,833] {logging_mixin.py:109} INFO - [2022-02-05 19:29:51,833] {dagbag.py:500} INFO - Filling up the DagBag from /home/airflow/.local/lib/python3.7/site-packages/airflow/example_dags/example_latest_only_with_trigger.py
[2022-02-05 19:29:51,877] {processor.py:654} INFO - DAG(s) dict_keys(['latest_only_with_trigger']) retrieved from /home/airflow/.local/lib/python3.7/site-packages/airflow/example_dags/example_latest_only_with_trigger.py
[2022-02-05 19:29:51,895] {logging_mixin.py:109} INFO - [2022-02-05 19:29:51,895] {dag.py:2396} INFO - Sync 1 DAGs
[2022-02-05 19:29:51,921] {logging_mixin.py:109} INFO - [2022-02-05 19:29:51,921] {dag.py:2935} INFO - Setting next_dagrun for latest_only_with_trigger to 2022-02-05T15:29:51.920939+00:00
[2022-02-05 19:29:51,936] {processor.py:171} INFO - Processing /home/airflow/.local/lib/python3.7/site-packages/airflow/example_dags/example_latest_only_with_trigger.py took 0.114 seconds
[2022-02-05 19:30:22,387] {processor.py:163} INFO - Started process (PID=1106) to work on /home/airflow/.local/lib/python3.7/site-packages/airflow/example_dags/example_latest_only_with_trigger.py
[2022-02-05 19:30:22,389] {processor.py:642} INFO - Processing file /home/airflow/.local/lib/python3.7/site-packages/airflow/example_dags/example_latest_only_with_trigger.py for tasks to queue
[2022-02-05 19:30:22,389] {logging_mixin.py:109} INFO - [2022-02-05 19:30:22,389] {dagbag.py:500} INFO - Filling up the DagBag from /home/airflow/.local/lib/python3.7/site-packages/airflow/example_dags/example_latest_only_with_trigger.py
[2022-02-05 19:30:22,417] {processor.py:654} INFO - DAG(s) dict_keys(['latest_only_with_trigger']) retrieved from /home/airflow/.local/lib/python3.7/site-packages/airflow/example_dags/example_latest_only_with_trigger.py
[2022-02-05 19:30:22,428] {logging_mixin.py:109} INFO - [2022-02-05 19:30:22,427] {dag.py:2396} INFO - Sync 1 DAGs
[2022-02-05 19:30:22,443] {logging_mixin.py:109} INFO - [2022-02-05 19:30:22,443] {dag.py:2935} INFO - Setting next_dagrun for latest_only_with_trigger to 2022-02-05T15:30:22.443415+00:00
[2022-02-05 19:30:22,454] {processor.py:171} INFO - Processing /home/airflow/.local/lib/python3.7/site-packages/airflow/example_dags/example_latest_only_with_trigger.py took 0.070 seconds
[2022-02-05 19:30:54,549] {processor.py:163} INFO - Started process (PID=1159) to work on /home/airflow/.local/lib/python3.7/site-packages/airflow/example_dags/example_latest_only_with_trigger.py
[2022-02-05 19:30:54,552] {processor.py:642} INFO - Processing file /home/airflow/.local/lib/python3.7/site-packages/airflow/example_dags/example_latest_only_with_trigger.py for tasks to queue
[2022-02-05 19:30:54,553] {logging_mixin.py:109} INFO - [2022-02-05 19:30:54,553] {dagbag.py:500} INFO - Filling up the DagBag from /home/airflow/.local/lib/python3.7/site-packages/airflow/example_dags/example_latest_only_with_trigger.py
[2022-02-05 19:30:54,614] {processor.py:654} INFO - DAG(s) dict_keys(['latest_only_with_trigger']) retrieved from /home/airflow/.local/lib/python3.7/site-packages/airflow/example_dags/example_latest_only_with_trigger.py
[2022-02-05 19:30:54,651] {logging_mixin.py:109} INFO - [2022-02-05 19:30:54,651] {dag.py:2396} INFO - Sync 1 DAGs
[2022-02-05 19:30:54,680] {logging_mixin.py:109} INFO - [2022-02-05 19:30:54,679] {dag.py:2935} INFO - Setting next_dagrun for latest_only_with_trigger to 2022-02-05T15:30:54.679285+00:00
[2022-02-05 19:30:54,703] {processor.py:171} INFO - Processing /home/airflow/.local/lib/python3.7/site-packages/airflow/example_dags/example_latest_only_with_trigger.py took 0.160 seconds
[2022-02-05 19:31:25,093] {processor.py:163} INFO - Started process (PID=1222) to work on /home/airflow/.local/lib/python3.7/site-packages/airflow/example_dags/example_latest_only_with_trigger.py
[2022-02-05 19:31:25,101] {processor.py:642} INFO - Processing file /home/airflow/.local/lib/python3.7/site-packages/airflow/example_dags/example_latest_only_with_trigger.py for tasks to queue
[2022-02-05 19:31:25,104] {logging_mixin.py:109} INFO - [2022-02-05 19:31:25,104] {dagbag.py:500} INFO - Filling up the DagBag from /home/airflow/.local/lib/python3.7/site-packages/airflow/example_dags/example_latest_only_with_trigger.py
[2022-02-05 19:31:25,147] {processor.py:654} INFO - DAG(s) dict_keys(['latest_only_with_trigger']) retrieved from /home/airflow/.local/lib/python3.7/site-packages/airflow/example_dags/example_latest_only_with_trigger.py
[2022-02-05 19:31:25,165] {logging_mixin.py:109} INFO - [2022-02-05 19:31:25,165] {dag.py:2396} INFO - Sync 1 DAGs
[2022-02-05 19:31:25,198] {logging_mixin.py:109} INFO - [2022-02-05 19:31:25,198] {dag.py:2935} INFO - Setting next_dagrun for latest_only_with_trigger to 2022-02-05T15:31:25.198163+00:00
[2022-02-05 19:31:25,213] {processor.py:171} INFO - Processing /home/airflow/.local/lib/python3.7/site-packages/airflow/example_dags/example_latest_only_with_trigger.py took 0.126 seconds
[2022-02-05 19:31:56,205] {processor.py:163} INFO - Started process (PID=1275) to work on /home/airflow/.local/lib/python3.7/site-packages/airflow/example_dags/example_latest_only_with_trigger.py
[2022-02-05 19:31:56,207] {processor.py:642} INFO - Processing file /home/airflow/.local/lib/python3.7/site-packages/airflow/example_dags/example_latest_only_with_trigger.py for tasks to queue
[2022-02-05 19:31:56,207] {logging_mixin.py:109} INFO - [2022-02-05 19:31:56,207] {dagbag.py:500} INFO - Filling up the DagBag from /home/airflow/.local/lib/python3.7/site-packages/airflow/example_dags/example_latest_only_with_trigger.py
[2022-02-05 19:31:56,231] {processor.py:654} INFO - DAG(s) dict_keys(['latest_only_with_trigger']) retrieved from /home/airflow/.local/lib/python3.7/site-packages/airflow/example_dags/example_latest_only_with_trigger.py
[2022-02-05 19:31:56,240] {logging_mixin.py:109} INFO - [2022-02-05 19:31:56,239] {dag.py:2396} INFO - Sync 1 DAGs
[2022-02-05 19:31:56,253] {logging_mixin.py:109} INFO - [2022-02-05 19:31:56,253] {dag.py:2935} INFO - Setting next_dagrun for latest_only_with_trigger to 2022-02-05T15:31:56.252908+00:00
[2022-02-05 19:31:56,262] {processor.py:171} INFO - Processing /home/airflow/.local/lib/python3.7/site-packages/airflow/example_dags/example_latest_only_with_trigger.py took 0.059 seconds
[2022-02-05 19:32:26,765] {processor.py:163} INFO - Started process (PID=1333) to work on /home/airflow/.local/lib/python3.7/site-packages/airflow/example_dags/example_latest_only_with_trigger.py
[2022-02-05 19:32:26,767] {processor.py:642} INFO - Processing file /home/airflow/.local/lib/python3.7/site-packages/airflow/example_dags/example_latest_only_with_trigger.py for tasks to queue
[2022-02-05 19:32:26,768] {logging_mixin.py:109} INFO - [2022-02-05 19:32:26,767] {dagbag.py:500} INFO - Filling up the DagBag from /home/airflow/.local/lib/python3.7/site-packages/airflow/example_dags/example_latest_only_with_trigger.py
[2022-02-05 19:32:26,806] {processor.py:654} INFO - DAG(s) dict_keys(['latest_only_with_trigger']) retrieved from /home/airflow/.local/lib/python3.7/site-packages/airflow/example_dags/example_latest_only_with_trigger.py
[2022-02-05 19:32:26,825] {logging_mixin.py:109} INFO - [2022-02-05 19:32:26,825] {dag.py:2396} INFO - Sync 1 DAGs
[2022-02-05 19:32:26,850] {logging_mixin.py:109} INFO - [2022-02-05 19:32:26,850] {dag.py:2935} INFO - Setting next_dagrun for latest_only_with_trigger to 2022-02-05T15:32:26.850014+00:00
[2022-02-05 19:32:26,868] {processor.py:171} INFO - Processing /home/airflow/.local/lib/python3.7/site-packages/airflow/example_dags/example_latest_only_with_trigger.py took 0.107 seconds
[2022-02-05 19:32:57,265] {processor.py:163} INFO - Started process (PID=1394) to work on /home/airflow/.local/lib/python3.7/site-packages/airflow/example_dags/example_latest_only_with_trigger.py
[2022-02-05 19:32:57,266] {processor.py:642} INFO - Processing file /home/airflow/.local/lib/python3.7/site-packages/airflow/example_dags/example_latest_only_with_trigger.py for tasks to queue
[2022-02-05 19:32:57,267] {logging_mixin.py:109} INFO - [2022-02-05 19:32:57,267] {dagbag.py:500} INFO - Filling up the DagBag from /home/airflow/.local/lib/python3.7/site-packages/airflow/example_dags/example_latest_only_with_trigger.py
[2022-02-05 19:32:57,290] {processor.py:654} INFO - DAG(s) dict_keys(['latest_only_with_trigger']) retrieved from /home/airflow/.local/lib/python3.7/site-packages/airflow/example_dags/example_latest_only_with_trigger.py
[2022-02-05 19:32:57,298] {logging_mixin.py:109} INFO - [2022-02-05 19:32:57,298] {dag.py:2396} INFO - Sync 1 DAGs
[2022-02-05 19:32:57,311] {logging_mixin.py:109} INFO - [2022-02-05 19:32:57,311] {dag.py:2935} INFO - Setting next_dagrun for latest_only_with_trigger to 2022-02-05T15:32:57.311633+00:00
[2022-02-05 19:32:57,321] {processor.py:171} INFO - Processing /home/airflow/.local/lib/python3.7/site-packages/airflow/example_dags/example_latest_only_with_trigger.py took 0.059 seconds
[2022-02-05 19:33:27,633] {processor.py:163} INFO - Started process (PID=1459) to work on /home/airflow/.local/lib/python3.7/site-packages/airflow/example_dags/example_latest_only_with_trigger.py
[2022-02-05 19:33:27,634] {processor.py:642} INFO - Processing file /home/airflow/.local/lib/python3.7/site-packages/airflow/example_dags/example_latest_only_with_trigger.py for tasks to queue
[2022-02-05 19:33:27,634] {logging_mixin.py:109} INFO - [2022-02-05 19:33:27,634] {dagbag.py:500} INFO - Filling up the DagBag from /home/airflow/.local/lib/python3.7/site-packages/airflow/example_dags/example_latest_only_with_trigger.py
[2022-02-05 19:33:27,658] {processor.py:654} INFO - DAG(s) dict_keys(['latest_only_with_trigger']) retrieved from /home/airflow/.local/lib/python3.7/site-packages/airflow/example_dags/example_latest_only_with_trigger.py
[2022-02-05 19:33:27,667] {logging_mixin.py:109} INFO - [2022-02-05 19:33:27,667] {dag.py:2396} INFO - Sync 1 DAGs
[2022-02-05 19:33:27,681] {logging_mixin.py:109} INFO - [2022-02-05 19:33:27,681] {dag.py:2935} INFO - Setting next_dagrun for latest_only_with_trigger to 2022-02-05T15:33:27.681125+00:00
[2022-02-05 19:33:27,698] {processor.py:171} INFO - Processing /home/airflow/.local/lib/python3.7/site-packages/airflow/example_dags/example_latest_only_with_trigger.py took 0.068 seconds
[2022-02-05 19:33:57,836] {processor.py:163} INFO - Started process (PID=1511) to work on /home/airflow/.local/lib/python3.7/site-packages/airflow/example_dags/example_latest_only_with_trigger.py
[2022-02-05 19:33:57,837] {processor.py:642} INFO - Processing file /home/airflow/.local/lib/python3.7/site-packages/airflow/example_dags/example_latest_only_with_trigger.py for tasks to queue
[2022-02-05 19:33:57,838] {logging_mixin.py:109} INFO - [2022-02-05 19:33:57,838] {dagbag.py:500} INFO - Filling up the DagBag from /home/airflow/.local/lib/python3.7/site-packages/airflow/example_dags/example_latest_only_with_trigger.py
[2022-02-05 19:33:57,859] {processor.py:654} INFO - DAG(s) dict_keys(['latest_only_with_trigger']) retrieved from /home/airflow/.local/lib/python3.7/site-packages/airflow/example_dags/example_latest_only_with_trigger.py
[2022-02-05 19:33:57,867] {logging_mixin.py:109} INFO - [2022-02-05 19:33:57,867] {dag.py:2396} INFO - Sync 1 DAGs
[2022-02-05 19:33:57,878] {logging_mixin.py:109} INFO - [2022-02-05 19:33:57,878] {dag.py:2935} INFO - Setting next_dagrun for latest_only_with_trigger to 2022-02-05T15:33:57.878622+00:00
[2022-02-05 19:33:57,887] {processor.py:171} INFO - Processing /home/airflow/.local/lib/python3.7/site-packages/airflow/example_dags/example_latest_only_with_trigger.py took 0.053 seconds
[2022-02-05 19:34:28,904] {processor.py:163} INFO - Started process (PID=1572) to work on /home/airflow/.local/lib/python3.7/site-packages/airflow/example_dags/example_latest_only_with_trigger.py
[2022-02-05 19:34:28,906] {processor.py:642} INFO - Processing file /home/airflow/.local/lib/python3.7/site-packages/airflow/example_dags/example_latest_only_with_trigger.py for tasks to queue
[2022-02-05 19:34:28,906] {logging_mixin.py:109} INFO - [2022-02-05 19:34:28,906] {dagbag.py:500} INFO - Filling up the DagBag from /home/airflow/.local/lib/python3.7/site-packages/airflow/example_dags/example_latest_only_with_trigger.py
[2022-02-05 19:34:28,929] {processor.py:654} INFO - DAG(s) dict_keys(['latest_only_with_trigger']) retrieved from /home/airflow/.local/lib/python3.7/site-packages/airflow/example_dags/example_latest_only_with_trigger.py
[2022-02-05 19:34:28,937] {logging_mixin.py:109} INFO - [2022-02-05 19:34:28,937] {dag.py:2396} INFO - Sync 1 DAGs
[2022-02-05 19:34:28,949] {logging_mixin.py:109} INFO - [2022-02-05 19:34:28,949] {dag.py:2935} INFO - Setting next_dagrun for latest_only_with_trigger to 2022-02-05T15:34:28.949573+00:00
[2022-02-05 19:34:28,964] {processor.py:171} INFO - Processing /home/airflow/.local/lib/python3.7/site-packages/airflow/example_dags/example_latest_only_with_trigger.py took 0.063 seconds
[2022-02-05 19:34:59,826] {processor.py:163} INFO - Started process (PID=1624) to work on /home/airflow/.local/lib/python3.7/site-packages/airflow/example_dags/example_latest_only_with_trigger.py
[2022-02-05 19:34:59,827] {processor.py:642} INFO - Processing file /home/airflow/.local/lib/python3.7/site-packages/airflow/example_dags/example_latest_only_with_trigger.py for tasks to queue
[2022-02-05 19:34:59,827] {logging_mixin.py:109} INFO - [2022-02-05 19:34:59,827] {dagbag.py:500} INFO - Filling up the DagBag from /home/airflow/.local/lib/python3.7/site-packages/airflow/example_dags/example_latest_only_with_trigger.py
[2022-02-05 19:34:59,849] {processor.py:654} INFO - DAG(s) dict_keys(['latest_only_with_trigger']) retrieved from /home/airflow/.local/lib/python3.7/site-packages/airflow/example_dags/example_latest_only_with_trigger.py
[2022-02-05 19:34:59,857] {logging_mixin.py:109} INFO - [2022-02-05 19:34:59,857] {dag.py:2396} INFO - Sync 1 DAGs
[2022-02-05 19:34:59,872] {logging_mixin.py:109} INFO - [2022-02-05 19:34:59,872] {dag.py:2935} INFO - Setting next_dagrun for latest_only_with_trigger to 2022-02-05T15:34:59.871854+00:00
[2022-02-05 19:34:59,880] {processor.py:171} INFO - Processing /home/airflow/.local/lib/python3.7/site-packages/airflow/example_dags/example_latest_only_with_trigger.py took 0.057 seconds
[2022-02-05 19:35:29,995] {processor.py:163} INFO - Started process (PID=1685) to work on /home/airflow/.local/lib/python3.7/site-packages/airflow/example_dags/example_latest_only_with_trigger.py
[2022-02-05 19:35:29,997] {processor.py:642} INFO - Processing file /home/airflow/.local/lib/python3.7/site-packages/airflow/example_dags/example_latest_only_with_trigger.py for tasks to queue
[2022-02-05 19:35:29,997] {logging_mixin.py:109} INFO - [2022-02-05 19:35:29,997] {dagbag.py:500} INFO - Filling up the DagBag from /home/airflow/.local/lib/python3.7/site-packages/airflow/example_dags/example_latest_only_with_trigger.py
[2022-02-05 19:35:30,042] {processor.py:654} INFO - DAG(s) dict_keys(['latest_only_with_trigger']) retrieved from /home/airflow/.local/lib/python3.7/site-packages/airflow/example_dags/example_latest_only_with_trigger.py
[2022-02-05 19:35:30,050] {logging_mixin.py:109} INFO - [2022-02-05 19:35:30,050] {dag.py:2396} INFO - Sync 1 DAGs
[2022-02-05 19:35:30,066] {logging_mixin.py:109} INFO - [2022-02-05 19:35:30,066] {dag.py:2935} INFO - Setting next_dagrun for latest_only_with_trigger to 2022-02-05T15:35:30.066368+00:00
[2022-02-05 19:35:30,075] {processor.py:171} INFO - Processing /home/airflow/.local/lib/python3.7/site-packages/airflow/example_dags/example_latest_only_with_trigger.py took 0.084 seconds
[2022-02-05 19:36:01,024] {processor.py:163} INFO - Started process (PID=1738) to work on /home/airflow/.local/lib/python3.7/site-packages/airflow/example_dags/example_latest_only_with_trigger.py
[2022-02-05 19:36:01,026] {processor.py:642} INFO - Processing file /home/airflow/.local/lib/python3.7/site-packages/airflow/example_dags/example_latest_only_with_trigger.py for tasks to queue
[2022-02-05 19:36:01,027] {logging_mixin.py:109} INFO - [2022-02-05 19:36:01,027] {dagbag.py:500} INFO - Filling up the DagBag from /home/airflow/.local/lib/python3.7/site-packages/airflow/example_dags/example_latest_only_with_trigger.py
[2022-02-05 19:36:01,071] {processor.py:654} INFO - DAG(s) dict_keys(['latest_only_with_trigger']) retrieved from /home/airflow/.local/lib/python3.7/site-packages/airflow/example_dags/example_latest_only_with_trigger.py
[2022-02-05 19:36:01,088] {logging_mixin.py:109} INFO - [2022-02-05 19:36:01,088] {dag.py:2396} INFO - Sync 1 DAGs
[2022-02-05 19:36:01,113] {logging_mixin.py:109} INFO - [2022-02-05 19:36:01,112] {dag.py:2935} INFO - Setting next_dagrun for latest_only_with_trigger to 2022-02-05T15:36:01.112504+00:00
[2022-02-05 19:36:01,127] {processor.py:171} INFO - Processing /home/airflow/.local/lib/python3.7/site-packages/airflow/example_dags/example_latest_only_with_trigger.py took 0.108 seconds
[2022-02-05 19:36:31,592] {processor.py:163} INFO - Started process (PID=1800) to work on /home/airflow/.local/lib/python3.7/site-packages/airflow/example_dags/example_latest_only_with_trigger.py
[2022-02-05 19:36:31,594] {processor.py:642} INFO - Processing file /home/airflow/.local/lib/python3.7/site-packages/airflow/example_dags/example_latest_only_with_trigger.py for tasks to queue
[2022-02-05 19:36:31,594] {logging_mixin.py:109} INFO - [2022-02-05 19:36:31,594] {dagbag.py:500} INFO - Filling up the DagBag from /home/airflow/.local/lib/python3.7/site-packages/airflow/example_dags/example_latest_only_with_trigger.py
[2022-02-05 19:36:31,617] {processor.py:654} INFO - DAG(s) dict_keys(['latest_only_with_trigger']) retrieved from /home/airflow/.local/lib/python3.7/site-packages/airflow/example_dags/example_latest_only_with_trigger.py
[2022-02-05 19:36:31,627] {logging_mixin.py:109} INFO - [2022-02-05 19:36:31,627] {dag.py:2396} INFO - Sync 1 DAGs
[2022-02-05 19:36:31,644] {logging_mixin.py:109} INFO - [2022-02-05 19:36:31,643] {dag.py:2935} INFO - Setting next_dagrun for latest_only_with_trigger to 2022-02-05T15:36:31.643654+00:00
[2022-02-05 19:36:31,653] {processor.py:171} INFO - Processing /home/airflow/.local/lib/python3.7/site-packages/airflow/example_dags/example_latest_only_with_trigger.py took 0.063 seconds
[2022-02-05 19:37:02,689] {processor.py:163} INFO - Started process (PID=1861) to work on /home/airflow/.local/lib/python3.7/site-packages/airflow/example_dags/example_latest_only_with_trigger.py
[2022-02-05 19:37:02,690] {processor.py:642} INFO - Processing file /home/airflow/.local/lib/python3.7/site-packages/airflow/example_dags/example_latest_only_with_trigger.py for tasks to queue
[2022-02-05 19:37:02,691] {logging_mixin.py:109} INFO - [2022-02-05 19:37:02,691] {dagbag.py:500} INFO - Filling up the DagBag from /home/airflow/.local/lib/python3.7/site-packages/airflow/example_dags/example_latest_only_with_trigger.py
[2022-02-05 19:37:02,715] {processor.py:654} INFO - DAG(s) dict_keys(['latest_only_with_trigger']) retrieved from /home/airflow/.local/lib/python3.7/site-packages/airflow/example_dags/example_latest_only_with_trigger.py
[2022-02-05 19:37:02,724] {logging_mixin.py:109} INFO - [2022-02-05 19:37:02,724] {dag.py:2396} INFO - Sync 1 DAGs
[2022-02-05 19:37:02,737] {logging_mixin.py:109} INFO - [2022-02-05 19:37:02,737] {dag.py:2935} INFO - Setting next_dagrun for latest_only_with_trigger to 2022-02-05T15:37:02.737410+00:00
[2022-02-05 19:37:02,746] {processor.py:171} INFO - Processing /home/airflow/.local/lib/python3.7/site-packages/airflow/example_dags/example_latest_only_with_trigger.py took 0.060 seconds
[2022-02-05 19:37:33,038] {processor.py:163} INFO - Started process (PID=1914) to work on /home/airflow/.local/lib/python3.7/site-packages/airflow/example_dags/example_latest_only_with_trigger.py
[2022-02-05 19:37:33,039] {processor.py:642} INFO - Processing file /home/airflow/.local/lib/python3.7/site-packages/airflow/example_dags/example_latest_only_with_trigger.py for tasks to queue
[2022-02-05 19:37:33,039] {logging_mixin.py:109} INFO - [2022-02-05 19:37:33,039] {dagbag.py:500} INFO - Filling up the DagBag from /home/airflow/.local/lib/python3.7/site-packages/airflow/example_dags/example_latest_only_with_trigger.py
[2022-02-05 19:37:33,069] {processor.py:654} INFO - DAG(s) dict_keys(['latest_only_with_trigger']) retrieved from /home/airflow/.local/lib/python3.7/site-packages/airflow/example_dags/example_latest_only_with_trigger.py
[2022-02-05 19:37:33,079] {logging_mixin.py:109} INFO - [2022-02-05 19:37:33,079] {dag.py:2396} INFO - Sync 1 DAGs
[2022-02-05 19:37:33,094] {logging_mixin.py:109} INFO - [2022-02-05 19:37:33,094] {dag.py:2935} INFO - Setting next_dagrun for latest_only_with_trigger to 2022-02-05T15:37:33.094294+00:00
[2022-02-05 19:37:33,104] {processor.py:171} INFO - Processing /home/airflow/.local/lib/python3.7/site-packages/airflow/example_dags/example_latest_only_with_trigger.py took 0.069 seconds
[2022-02-05 19:38:03,853] {processor.py:163} INFO - Started process (PID=1977) to work on /home/airflow/.local/lib/python3.7/site-packages/airflow/example_dags/example_latest_only_with_trigger.py
[2022-02-05 19:38:03,855] {processor.py:642} INFO - Processing file /home/airflow/.local/lib/python3.7/site-packages/airflow/example_dags/example_latest_only_with_trigger.py for tasks to queue
[2022-02-05 19:38:03,855] {logging_mixin.py:109} INFO - [2022-02-05 19:38:03,855] {dagbag.py:500} INFO - Filling up the DagBag from /home/airflow/.local/lib/python3.7/site-packages/airflow/example_dags/example_latest_only_with_trigger.py
[2022-02-05 19:38:03,884] {processor.py:654} INFO - DAG(s) dict_keys(['latest_only_with_trigger']) retrieved from /home/airflow/.local/lib/python3.7/site-packages/airflow/example_dags/example_latest_only_with_trigger.py
[2022-02-05 19:38:03,895] {logging_mixin.py:109} INFO - [2022-02-05 19:38:03,894] {dag.py:2396} INFO - Sync 1 DAGs
[2022-02-05 19:38:03,913] {logging_mixin.py:109} INFO - [2022-02-05 19:38:03,913] {dag.py:2935} INFO - Setting next_dagrun for latest_only_with_trigger to 2022-02-05T15:38:03.912711+00:00
[2022-02-05 19:38:03,927] {processor.py:171} INFO - Processing /home/airflow/.local/lib/python3.7/site-packages/airflow/example_dags/example_latest_only_with_trigger.py took 0.078 seconds
[2022-02-05 19:38:34,344] {processor.py:163} INFO - Started process (PID=2030) to work on /home/airflow/.local/lib/python3.7/site-packages/airflow/example_dags/example_latest_only_with_trigger.py
[2022-02-05 19:38:34,345] {processor.py:642} INFO - Processing file /home/airflow/.local/lib/python3.7/site-packages/airflow/example_dags/example_latest_only_with_trigger.py for tasks to queue
[2022-02-05 19:38:34,346] {logging_mixin.py:109} INFO - [2022-02-05 19:38:34,346] {dagbag.py:500} INFO - Filling up the DagBag from /home/airflow/.local/lib/python3.7/site-packages/airflow/example_dags/example_latest_only_with_trigger.py
[2022-02-05 19:38:34,370] {processor.py:654} INFO - DAG(s) dict_keys(['latest_only_with_trigger']) retrieved from /home/airflow/.local/lib/python3.7/site-packages/airflow/example_dags/example_latest_only_with_trigger.py
[2022-02-05 19:38:34,378] {logging_mixin.py:109} INFO - [2022-02-05 19:38:34,378] {dag.py:2396} INFO - Sync 1 DAGs
[2022-02-05 19:38:34,392] {logging_mixin.py:109} INFO - [2022-02-05 19:38:34,392] {dag.py:2935} INFO - Setting next_dagrun for latest_only_with_trigger to 2022-02-05T15:38:34.392533+00:00
[2022-02-05 19:38:34,402] {processor.py:171} INFO - Processing /home/airflow/.local/lib/python3.7/site-packages/airflow/example_dags/example_latest_only_with_trigger.py took 0.061 seconds
[2022-02-05 19:39:04,883] {processor.py:163} INFO - Started process (PID=2094) to work on /home/airflow/.local/lib/python3.7/site-packages/airflow/example_dags/example_latest_only_with_trigger.py
[2022-02-05 19:39:04,884] {processor.py:642} INFO - Processing file /home/airflow/.local/lib/python3.7/site-packages/airflow/example_dags/example_latest_only_with_trigger.py for tasks to queue
[2022-02-05 19:39:04,885] {logging_mixin.py:109} INFO - [2022-02-05 19:39:04,885] {dagbag.py:500} INFO - Filling up the DagBag from /home/airflow/.local/lib/python3.7/site-packages/airflow/example_dags/example_latest_only_with_trigger.py
[2022-02-05 19:39:04,921] {processor.py:654} INFO - DAG(s) dict_keys(['latest_only_with_trigger']) retrieved from /home/airflow/.local/lib/python3.7/site-packages/airflow/example_dags/example_latest_only_with_trigger.py
[2022-02-05 19:39:04,933] {logging_mixin.py:109} INFO - [2022-02-05 19:39:04,933] {dag.py:2396} INFO - Sync 1 DAGs
[2022-02-05 19:39:04,961] {logging_mixin.py:109} INFO - [2022-02-05 19:39:04,960] {dag.py:2935} INFO - Setting next_dagrun for latest_only_with_trigger to 2022-02-05T15:39:04.960466+00:00
[2022-02-05 19:39:04,977] {processor.py:171} INFO - Processing /home/airflow/.local/lib/python3.7/site-packages/airflow/example_dags/example_latest_only_with_trigger.py took 0.098 seconds
[2022-02-05 19:39:35,455] {processor.py:163} INFO - Started process (PID=2150) to work on /home/airflow/.local/lib/python3.7/site-packages/airflow/example_dags/example_latest_only_with_trigger.py
[2022-02-05 19:39:35,457] {processor.py:642} INFO - Processing file /home/airflow/.local/lib/python3.7/site-packages/airflow/example_dags/example_latest_only_with_trigger.py for tasks to queue
[2022-02-05 19:39:35,458] {logging_mixin.py:109} INFO - [2022-02-05 19:39:35,457] {dagbag.py:500} INFO - Filling up the DagBag from /home/airflow/.local/lib/python3.7/site-packages/airflow/example_dags/example_latest_only_with_trigger.py
[2022-02-05 19:39:35,494] {processor.py:654} INFO - DAG(s) dict_keys(['latest_only_with_trigger']) retrieved from /home/airflow/.local/lib/python3.7/site-packages/airflow/example_dags/example_latest_only_with_trigger.py
[2022-02-05 19:39:35,512] {logging_mixin.py:109} INFO - [2022-02-05 19:39:35,511] {dag.py:2396} INFO - Sync 1 DAGs
[2022-02-05 19:39:35,541] {logging_mixin.py:109} INFO - [2022-02-05 19:39:35,540] {dag.py:2935} INFO - Setting next_dagrun for latest_only_with_trigger to 2022-02-05T15:39:35.540322+00:00
[2022-02-05 19:39:35,560] {processor.py:171} INFO - Processing /home/airflow/.local/lib/python3.7/site-packages/airflow/example_dags/example_latest_only_with_trigger.py took 0.110 seconds
[2022-02-05 19:40:08,596] {processor.py:163} INFO - Started process (PID=2204) to work on /home/airflow/.local/lib/python3.7/site-packages/airflow/example_dags/example_latest_only_with_trigger.py
[2022-02-05 19:40:08,598] {processor.py:642} INFO - Processing file /home/airflow/.local/lib/python3.7/site-packages/airflow/example_dags/example_latest_only_with_trigger.py for tasks to queue
[2022-02-05 19:40:08,599] {logging_mixin.py:109} INFO - [2022-02-05 19:40:08,599] {dagbag.py:500} INFO - Filling up the DagBag from /home/airflow/.local/lib/python3.7/site-packages/airflow/example_dags/example_latest_only_with_trigger.py
[2022-02-05 19:40:08,640] {processor.py:654} INFO - DAG(s) dict_keys(['latest_only_with_trigger']) retrieved from /home/airflow/.local/lib/python3.7/site-packages/airflow/example_dags/example_latest_only_with_trigger.py
[2022-02-05 19:40:08,656] {logging_mixin.py:109} INFO - [2022-02-05 19:40:08,655] {dag.py:2396} INFO - Sync 1 DAGs
[2022-02-05 19:40:08,689] {logging_mixin.py:109} INFO - [2022-02-05 19:40:08,688] {dag.py:2935} INFO - Setting next_dagrun for latest_only_with_trigger to 2022-02-05T15:40:08.688359+00:00
[2022-02-05 19:40:08,707] {processor.py:171} INFO - Processing /home/airflow/.local/lib/python3.7/site-packages/airflow/example_dags/example_latest_only_with_trigger.py took 0.116 seconds
[2022-02-05 19:40:39,251] {processor.py:163} INFO - Started process (PID=2271) to work on /home/airflow/.local/lib/python3.7/site-packages/airflow/example_dags/example_latest_only_with_trigger.py
[2022-02-05 19:40:39,253] {processor.py:642} INFO - Processing file /home/airflow/.local/lib/python3.7/site-packages/airflow/example_dags/example_latest_only_with_trigger.py for tasks to queue
[2022-02-05 19:40:39,255] {logging_mixin.py:109} INFO - [2022-02-05 19:40:39,254] {dagbag.py:500} INFO - Filling up the DagBag from /home/airflow/.local/lib/python3.7/site-packages/airflow/example_dags/example_latest_only_with_trigger.py
[2022-02-05 19:40:39,306] {processor.py:654} INFO - DAG(s) dict_keys(['latest_only_with_trigger']) retrieved from /home/airflow/.local/lib/python3.7/site-packages/airflow/example_dags/example_latest_only_with_trigger.py
[2022-02-05 19:40:39,325] {logging_mixin.py:109} INFO - [2022-02-05 19:40:39,325] {dag.py:2396} INFO - Sync 1 DAGs
[2022-02-05 19:40:39,354] {logging_mixin.py:109} INFO - [2022-02-05 19:40:39,354] {dag.py:2935} INFO - Setting next_dagrun for latest_only_with_trigger to 2022-02-05T15:40:39.353852+00:00
[2022-02-05 19:40:39,516] {processor.py:171} INFO - Processing /home/airflow/.local/lib/python3.7/site-packages/airflow/example_dags/example_latest_only_with_trigger.py took 0.275 seconds
[2022-02-05 19:41:09,613] {processor.py:163} INFO - Started process (PID=2324) to work on /home/airflow/.local/lib/python3.7/site-packages/airflow/example_dags/example_latest_only_with_trigger.py
[2022-02-05 19:41:09,618] {processor.py:642} INFO - Processing file /home/airflow/.local/lib/python3.7/site-packages/airflow/example_dags/example_latest_only_with_trigger.py for tasks to queue
[2022-02-05 19:41:09,619] {logging_mixin.py:109} INFO - [2022-02-05 19:41:09,619] {dagbag.py:500} INFO - Filling up the DagBag from /home/airflow/.local/lib/python3.7/site-packages/airflow/example_dags/example_latest_only_with_trigger.py
[2022-02-05 19:41:09,645] {processor.py:654} INFO - DAG(s) dict_keys(['latest_only_with_trigger']) retrieved from /home/airflow/.local/lib/python3.7/site-packages/airflow/example_dags/example_latest_only_with_trigger.py
[2022-02-05 19:41:09,656] {logging_mixin.py:109} INFO - [2022-02-05 19:41:09,656] {dag.py:2396} INFO - Sync 1 DAGs
[2022-02-05 19:41:09,758] {logging_mixin.py:109} INFO - [2022-02-05 19:41:09,758] {dag.py:2935} INFO - Setting next_dagrun for latest_only_with_trigger to 2022-02-05T15:41:09.757807+00:00
[2022-02-05 19:41:09,768] {processor.py:171} INFO - Processing /home/airflow/.local/lib/python3.7/site-packages/airflow/example_dags/example_latest_only_with_trigger.py took 0.159 seconds
[2022-02-05 19:41:40,087] {processor.py:163} INFO - Started process (PID=2386) to work on /home/airflow/.local/lib/python3.7/site-packages/airflow/example_dags/example_latest_only_with_trigger.py
[2022-02-05 19:41:40,089] {processor.py:642} INFO - Processing file /home/airflow/.local/lib/python3.7/site-packages/airflow/example_dags/example_latest_only_with_trigger.py for tasks to queue
[2022-02-05 19:41:40,090] {logging_mixin.py:109} INFO - [2022-02-05 19:41:40,090] {dagbag.py:500} INFO - Filling up the DagBag from /home/airflow/.local/lib/python3.7/site-packages/airflow/example_dags/example_latest_only_with_trigger.py
[2022-02-05 19:41:40,127] {processor.py:654} INFO - DAG(s) dict_keys(['latest_only_with_trigger']) retrieved from /home/airflow/.local/lib/python3.7/site-packages/airflow/example_dags/example_latest_only_with_trigger.py
[2022-02-05 19:41:40,142] {logging_mixin.py:109} INFO - [2022-02-05 19:41:40,142] {dag.py:2396} INFO - Sync 1 DAGs
[2022-02-05 19:41:40,265] {logging_mixin.py:109} INFO - [2022-02-05 19:41:40,265] {dag.py:2935} INFO - Setting next_dagrun for latest_only_with_trigger to 2022-02-05T15:41:40.265128+00:00
[2022-02-05 19:41:40,277] {processor.py:171} INFO - Processing /home/airflow/.local/lib/python3.7/site-packages/airflow/example_dags/example_latest_only_with_trigger.py took 0.194 seconds
[2022-02-05 19:42:10,533] {processor.py:163} INFO - Started process (PID=2438) to work on /home/airflow/.local/lib/python3.7/site-packages/airflow/example_dags/example_latest_only_with_trigger.py
[2022-02-05 19:42:10,534] {processor.py:642} INFO - Processing file /home/airflow/.local/lib/python3.7/site-packages/airflow/example_dags/example_latest_only_with_trigger.py for tasks to queue
[2022-02-05 19:42:10,535] {logging_mixin.py:109} INFO - [2022-02-05 19:42:10,535] {dagbag.py:500} INFO - Filling up the DagBag from /home/airflow/.local/lib/python3.7/site-packages/airflow/example_dags/example_latest_only_with_trigger.py
[2022-02-05 19:42:10,574] {processor.py:654} INFO - DAG(s) dict_keys(['latest_only_with_trigger']) retrieved from /home/airflow/.local/lib/python3.7/site-packages/airflow/example_dags/example_latest_only_with_trigger.py
[2022-02-05 19:42:10,692] {logging_mixin.py:109} INFO - [2022-02-05 19:42:10,692] {dag.py:2396} INFO - Sync 1 DAGs
[2022-02-05 19:42:10,722] {logging_mixin.py:109} INFO - [2022-02-05 19:42:10,721] {dag.py:2935} INFO - Setting next_dagrun for latest_only_with_trigger to 2022-02-05T15:42:10.721531+00:00
[2022-02-05 19:42:10,736] {processor.py:171} INFO - Processing /home/airflow/.local/lib/python3.7/site-packages/airflow/example_dags/example_latest_only_with_trigger.py took 0.207 seconds
[2022-02-05 19:42:41,321] {processor.py:163} INFO - Started process (PID=2501) to work on /home/airflow/.local/lib/python3.7/site-packages/airflow/example_dags/example_latest_only_with_trigger.py
[2022-02-05 19:42:41,323] {processor.py:642} INFO - Processing file /home/airflow/.local/lib/python3.7/site-packages/airflow/example_dags/example_latest_only_with_trigger.py for tasks to queue
[2022-02-05 19:42:41,325] {logging_mixin.py:109} INFO - [2022-02-05 19:42:41,324] {dagbag.py:500} INFO - Filling up the DagBag from /home/airflow/.local/lib/python3.7/site-packages/airflow/example_dags/example_latest_only_with_trigger.py
[2022-02-05 19:42:41,497] {processor.py:654} INFO - DAG(s) dict_keys(['latest_only_with_trigger']) retrieved from /home/airflow/.local/lib/python3.7/site-packages/airflow/example_dags/example_latest_only_with_trigger.py
[2022-02-05 19:42:41,508] {logging_mixin.py:109} INFO - [2022-02-05 19:42:41,508] {dag.py:2396} INFO - Sync 1 DAGs
[2022-02-05 19:42:41,527] {logging_mixin.py:109} INFO - [2022-02-05 19:42:41,527] {dag.py:2935} INFO - Setting next_dagrun for latest_only_with_trigger to 2022-02-05T15:42:41.527384+00:00
[2022-02-05 19:42:41,540] {processor.py:171} INFO - Processing /home/airflow/.local/lib/python3.7/site-packages/airflow/example_dags/example_latest_only_with_trigger.py took 0.223 seconds
[2022-02-05 19:43:12,137] {processor.py:163} INFO - Started process (PID=2553) to work on /home/airflow/.local/lib/python3.7/site-packages/airflow/example_dags/example_latest_only_with_trigger.py
[2022-02-05 19:43:12,139] {processor.py:642} INFO - Processing file /home/airflow/.local/lib/python3.7/site-packages/airflow/example_dags/example_latest_only_with_trigger.py for tasks to queue
[2022-02-05 19:43:12,139] {logging_mixin.py:109} INFO - [2022-02-05 19:43:12,139] {dagbag.py:500} INFO - Filling up the DagBag from /home/airflow/.local/lib/python3.7/site-packages/airflow/example_dags/example_latest_only_with_trigger.py
[2022-02-05 19:43:12,272] {processor.py:654} INFO - DAG(s) dict_keys(['latest_only_with_trigger']) retrieved from /home/airflow/.local/lib/python3.7/site-packages/airflow/example_dags/example_latest_only_with_trigger.py
[2022-02-05 19:43:12,280] {logging_mixin.py:109} INFO - [2022-02-05 19:43:12,280] {dag.py:2396} INFO - Sync 1 DAGs
[2022-02-05 19:43:12,294] {logging_mixin.py:109} INFO - [2022-02-05 19:43:12,294] {dag.py:2935} INFO - Setting next_dagrun for latest_only_with_trigger to 2022-02-05T15:43:12.293935+00:00
[2022-02-05 19:43:12,304] {processor.py:171} INFO - Processing /home/airflow/.local/lib/python3.7/site-packages/airflow/example_dags/example_latest_only_with_trigger.py took 0.170 seconds
[2022-02-05 19:43:42,694] {processor.py:163} INFO - Started process (PID=2617) to work on /home/airflow/.local/lib/python3.7/site-packages/airflow/example_dags/example_latest_only_with_trigger.py
[2022-02-05 19:43:42,696] {processor.py:642} INFO - Processing file /home/airflow/.local/lib/python3.7/site-packages/airflow/example_dags/example_latest_only_with_trigger.py for tasks to queue
[2022-02-05 19:43:42,696] {logging_mixin.py:109} INFO - [2022-02-05 19:43:42,696] {dagbag.py:500} INFO - Filling up the DagBag from /home/airflow/.local/lib/python3.7/site-packages/airflow/example_dags/example_latest_only_with_trigger.py
[2022-02-05 19:43:42,811] {processor.py:654} INFO - DAG(s) dict_keys(['latest_only_with_trigger']) retrieved from /home/airflow/.local/lib/python3.7/site-packages/airflow/example_dags/example_latest_only_with_trigger.py
[2022-02-05 19:43:42,819] {logging_mixin.py:109} INFO - [2022-02-05 19:43:42,819] {dag.py:2396} INFO - Sync 1 DAGs
[2022-02-05 19:43:42,832] {logging_mixin.py:109} INFO - [2022-02-05 19:43:42,832] {dag.py:2935} INFO - Setting next_dagrun for latest_only_with_trigger to 2022-02-05T15:43:42.831803+00:00
[2022-02-05 19:43:42,840] {processor.py:171} INFO - Processing /home/airflow/.local/lib/python3.7/site-packages/airflow/example_dags/example_latest_only_with_trigger.py took 0.149 seconds
[2022-02-05 19:44:13,131] {processor.py:163} INFO - Started process (PID=2674) to work on /home/airflow/.local/lib/python3.7/site-packages/airflow/example_dags/example_latest_only_with_trigger.py
[2022-02-05 19:44:13,132] {processor.py:642} INFO - Processing file /home/airflow/.local/lib/python3.7/site-packages/airflow/example_dags/example_latest_only_with_trigger.py for tasks to queue
[2022-02-05 19:44:13,132] {logging_mixin.py:109} INFO - [2022-02-05 19:44:13,132] {dagbag.py:500} INFO - Filling up the DagBag from /home/airflow/.local/lib/python3.7/site-packages/airflow/example_dags/example_latest_only_with_trigger.py
[2022-02-05 19:44:13,223] {processor.py:654} INFO - DAG(s) dict_keys(['latest_only_with_trigger']) retrieved from /home/airflow/.local/lib/python3.7/site-packages/airflow/example_dags/example_latest_only_with_trigger.py
[2022-02-05 19:44:13,230] {logging_mixin.py:109} INFO - [2022-02-05 19:44:13,230] {dag.py:2396} INFO - Sync 1 DAGs
[2022-02-05 19:44:13,241] {logging_mixin.py:109} INFO - [2022-02-05 19:44:13,241] {dag.py:2935} INFO - Setting next_dagrun for latest_only_with_trigger to 2022-02-05T15:44:13.240899+00:00
[2022-02-05 19:44:13,250] {processor.py:171} INFO - Processing /home/airflow/.local/lib/python3.7/site-packages/airflow/example_dags/example_latest_only_with_trigger.py took 0.121 seconds
[2022-02-05 19:44:43,498] {processor.py:163} INFO - Started process (PID=2736) to work on /home/airflow/.local/lib/python3.7/site-packages/airflow/example_dags/example_latest_only_with_trigger.py
[2022-02-05 19:44:43,499] {processor.py:642} INFO - Processing file /home/airflow/.local/lib/python3.7/site-packages/airflow/example_dags/example_latest_only_with_trigger.py for tasks to queue
[2022-02-05 19:44:43,500] {logging_mixin.py:109} INFO - [2022-02-05 19:44:43,500] {dagbag.py:500} INFO - Filling up the DagBag from /home/airflow/.local/lib/python3.7/site-packages/airflow/example_dags/example_latest_only_with_trigger.py
[2022-02-05 19:44:43,524] {processor.py:654} INFO - DAG(s) dict_keys(['latest_only_with_trigger']) retrieved from /home/airflow/.local/lib/python3.7/site-packages/airflow/example_dags/example_latest_only_with_trigger.py
[2022-02-05 19:44:43,534] {logging_mixin.py:109} INFO - [2022-02-05 19:44:43,533] {dag.py:2396} INFO - Sync 1 DAGs
[2022-02-05 19:44:43,549] {logging_mixin.py:109} INFO - [2022-02-05 19:44:43,549] {dag.py:2935} INFO - Setting next_dagrun for latest_only_with_trigger to 2022-02-05T15:44:43.549301+00:00
[2022-02-05 19:44:43,560] {processor.py:171} INFO - Processing /home/airflow/.local/lib/python3.7/site-packages/airflow/example_dags/example_latest_only_with_trigger.py took 0.065 seconds
[2022-02-05 19:45:14,408] {processor.py:163} INFO - Started process (PID=2788) to work on /home/airflow/.local/lib/python3.7/site-packages/airflow/example_dags/example_latest_only_with_trigger.py
[2022-02-05 19:45:14,411] {processor.py:642} INFO - Processing file /home/airflow/.local/lib/python3.7/site-packages/airflow/example_dags/example_latest_only_with_trigger.py for tasks to queue
[2022-02-05 19:45:14,411] {logging_mixin.py:109} INFO - [2022-02-05 19:45:14,411] {dagbag.py:500} INFO - Filling up the DagBag from /home/airflow/.local/lib/python3.7/site-packages/airflow/example_dags/example_latest_only_with_trigger.py
[2022-02-05 19:45:14,433] {processor.py:654} INFO - DAG(s) dict_keys(['latest_only_with_trigger']) retrieved from /home/airflow/.local/lib/python3.7/site-packages/airflow/example_dags/example_latest_only_with_trigger.py
[2022-02-05 19:45:14,441] {logging_mixin.py:109} INFO - [2022-02-05 19:45:14,441] {dag.py:2396} INFO - Sync 1 DAGs
[2022-02-05 19:45:14,454] {logging_mixin.py:109} INFO - [2022-02-05 19:45:14,454] {dag.py:2935} INFO - Setting next_dagrun for latest_only_with_trigger to 2022-02-05T15:45:14.454314+00:00
[2022-02-05 19:45:14,462] {processor.py:171} INFO - Processing /home/airflow/.local/lib/python3.7/site-packages/airflow/example_dags/example_latest_only_with_trigger.py took 0.057 seconds
[2022-02-05 19:45:45,264] {processor.py:163} INFO - Started process (PID=2851) to work on /home/airflow/.local/lib/python3.7/site-packages/airflow/example_dags/example_latest_only_with_trigger.py
[2022-02-05 19:45:45,265] {processor.py:642} INFO - Processing file /home/airflow/.local/lib/python3.7/site-packages/airflow/example_dags/example_latest_only_with_trigger.py for tasks to queue
[2022-02-05 19:45:45,266] {logging_mixin.py:109} INFO - [2022-02-05 19:45:45,266] {dagbag.py:500} INFO - Filling up the DagBag from /home/airflow/.local/lib/python3.7/site-packages/airflow/example_dags/example_latest_only_with_trigger.py
[2022-02-05 19:45:45,288] {processor.py:654} INFO - DAG(s) dict_keys(['latest_only_with_trigger']) retrieved from /home/airflow/.local/lib/python3.7/site-packages/airflow/example_dags/example_latest_only_with_trigger.py
[2022-02-05 19:45:45,296] {logging_mixin.py:109} INFO - [2022-02-05 19:45:45,296] {dag.py:2396} INFO - Sync 1 DAGs
[2022-02-05 19:45:45,309] {logging_mixin.py:109} INFO - [2022-02-05 19:45:45,309] {dag.py:2935} INFO - Setting next_dagrun for latest_only_with_trigger to 2022-02-05T15:45:45.309593+00:00
[2022-02-05 19:45:45,318] {processor.py:171} INFO - Processing /home/airflow/.local/lib/python3.7/site-packages/airflow/example_dags/example_latest_only_with_trigger.py took 0.057 seconds
[2022-02-05 19:46:16,101] {processor.py:163} INFO - Started process (PID=2913) to work on /home/airflow/.local/lib/python3.7/site-packages/airflow/example_dags/example_latest_only_with_trigger.py
[2022-02-05 19:46:16,102] {processor.py:642} INFO - Processing file /home/airflow/.local/lib/python3.7/site-packages/airflow/example_dags/example_latest_only_with_trigger.py for tasks to queue
[2022-02-05 19:46:16,103] {logging_mixin.py:109} INFO - [2022-02-05 19:46:16,103] {dagbag.py:500} INFO - Filling up the DagBag from /home/airflow/.local/lib/python3.7/site-packages/airflow/example_dags/example_latest_only_with_trigger.py
[2022-02-05 19:46:16,126] {processor.py:654} INFO - DAG(s) dict_keys(['latest_only_with_trigger']) retrieved from /home/airflow/.local/lib/python3.7/site-packages/airflow/example_dags/example_latest_only_with_trigger.py
[2022-02-05 19:46:16,135] {logging_mixin.py:109} INFO - [2022-02-05 19:46:16,135] {dag.py:2396} INFO - Sync 1 DAGs
[2022-02-05 19:46:16,149] {logging_mixin.py:109} INFO - [2022-02-05 19:46:16,149] {dag.py:2935} INFO - Setting next_dagrun for latest_only_with_trigger to 2022-02-05T15:46:16.149263+00:00
[2022-02-05 19:46:16,159] {processor.py:171} INFO - Processing /home/airflow/.local/lib/python3.7/site-packages/airflow/example_dags/example_latest_only_with_trigger.py took 0.061 seconds
[2022-02-05 19:46:46,844] {processor.py:163} INFO - Started process (PID=2965) to work on /home/airflow/.local/lib/python3.7/site-packages/airflow/example_dags/example_latest_only_with_trigger.py
[2022-02-05 19:46:46,845] {processor.py:642} INFO - Processing file /home/airflow/.local/lib/python3.7/site-packages/airflow/example_dags/example_latest_only_with_trigger.py for tasks to queue
[2022-02-05 19:46:46,846] {logging_mixin.py:109} INFO - [2022-02-05 19:46:46,845] {dagbag.py:500} INFO - Filling up the DagBag from /home/airflow/.local/lib/python3.7/site-packages/airflow/example_dags/example_latest_only_with_trigger.py
[2022-02-05 19:46:46,868] {processor.py:654} INFO - DAG(s) dict_keys(['latest_only_with_trigger']) retrieved from /home/airflow/.local/lib/python3.7/site-packages/airflow/example_dags/example_latest_only_with_trigger.py
[2022-02-05 19:46:46,878] {logging_mixin.py:109} INFO - [2022-02-05 19:46:46,878] {dag.py:2396} INFO - Sync 1 DAGs
[2022-02-05 19:46:46,891] {logging_mixin.py:109} INFO - [2022-02-05 19:46:46,891] {dag.py:2935} INFO - Setting next_dagrun for latest_only_with_trigger to 2022-02-05T15:46:46.891048+00:00
[2022-02-05 19:46:46,899] {processor.py:171} INFO - Processing /home/airflow/.local/lib/python3.7/site-packages/airflow/example_dags/example_latest_only_with_trigger.py took 0.058 seconds
[2022-02-05 19:47:17,642] {processor.py:163} INFO - Started process (PID=3026) to work on /home/airflow/.local/lib/python3.7/site-packages/airflow/example_dags/example_latest_only_with_trigger.py
[2022-02-05 19:47:17,644] {processor.py:642} INFO - Processing file /home/airflow/.local/lib/python3.7/site-packages/airflow/example_dags/example_latest_only_with_trigger.py for tasks to queue
[2022-02-05 19:47:17,645] {logging_mixin.py:109} INFO - [2022-02-05 19:47:17,645] {dagbag.py:500} INFO - Filling up the DagBag from /home/airflow/.local/lib/python3.7/site-packages/airflow/example_dags/example_latest_only_with_trigger.py
[2022-02-05 19:47:17,685] {processor.py:654} INFO - DAG(s) dict_keys(['latest_only_with_trigger']) retrieved from /home/airflow/.local/lib/python3.7/site-packages/airflow/example_dags/example_latest_only_with_trigger.py
[2022-02-05 19:47:17,697] {logging_mixin.py:109} INFO - [2022-02-05 19:47:17,697] {dag.py:2396} INFO - Sync 1 DAGs
[2022-02-05 19:47:17,720] {logging_mixin.py:109} INFO - [2022-02-05 19:47:17,720] {dag.py:2935} INFO - Setting next_dagrun for latest_only_with_trigger to 2022-02-05T15:47:17.719625+00:00
[2022-02-05 19:47:17,737] {processor.py:171} INFO - Processing /home/airflow/.local/lib/python3.7/site-packages/airflow/example_dags/example_latest_only_with_trigger.py took 0.100 seconds
[2022-02-05 19:47:48,528] {processor.py:163} INFO - Started process (PID=3078) to work on /home/airflow/.local/lib/python3.7/site-packages/airflow/example_dags/example_latest_only_with_trigger.py
[2022-02-05 19:47:48,529] {processor.py:642} INFO - Processing file /home/airflow/.local/lib/python3.7/site-packages/airflow/example_dags/example_latest_only_with_trigger.py for tasks to queue
[2022-02-05 19:47:48,529] {logging_mixin.py:109} INFO - [2022-02-05 19:47:48,529] {dagbag.py:500} INFO - Filling up the DagBag from /home/airflow/.local/lib/python3.7/site-packages/airflow/example_dags/example_latest_only_with_trigger.py
[2022-02-05 19:47:48,553] {processor.py:654} INFO - DAG(s) dict_keys(['latest_only_with_trigger']) retrieved from /home/airflow/.local/lib/python3.7/site-packages/airflow/example_dags/example_latest_only_with_trigger.py
[2022-02-05 19:47:48,563] {logging_mixin.py:109} INFO - [2022-02-05 19:47:48,562] {dag.py:2396} INFO - Sync 1 DAGs
[2022-02-05 19:47:48,579] {logging_mixin.py:109} INFO - [2022-02-05 19:47:48,579] {dag.py:2935} INFO - Setting next_dagrun for latest_only_with_trigger to 2022-02-05T15:47:48.579168+00:00
[2022-02-05 19:47:48,589] {processor.py:171} INFO - Processing /home/airflow/.local/lib/python3.7/site-packages/airflow/example_dags/example_latest_only_with_trigger.py took 0.064 seconds
[2022-02-05 19:48:19,125] {processor.py:163} INFO - Started process (PID=3141) to work on /home/airflow/.local/lib/python3.7/site-packages/airflow/example_dags/example_latest_only_with_trigger.py
[2022-02-05 19:48:19,127] {processor.py:642} INFO - Processing file /home/airflow/.local/lib/python3.7/site-packages/airflow/example_dags/example_latest_only_with_trigger.py for tasks to queue
[2022-02-05 19:48:19,128] {logging_mixin.py:109} INFO - [2022-02-05 19:48:19,128] {dagbag.py:500} INFO - Filling up the DagBag from /home/airflow/.local/lib/python3.7/site-packages/airflow/example_dags/example_latest_only_with_trigger.py
[2022-02-05 19:48:19,179] {processor.py:654} INFO - DAG(s) dict_keys(['latest_only_with_trigger']) retrieved from /home/airflow/.local/lib/python3.7/site-packages/airflow/example_dags/example_latest_only_with_trigger.py
[2022-02-05 19:48:19,194] {logging_mixin.py:109} INFO - [2022-02-05 19:48:19,194] {dag.py:2396} INFO - Sync 1 DAGs
[2022-02-05 19:48:19,217] {logging_mixin.py:109} INFO - [2022-02-05 19:48:19,217] {dag.py:2935} INFO - Setting next_dagrun for latest_only_with_trigger to 2022-02-05T15:48:19.217237+00:00
[2022-02-05 19:48:19,232] {processor.py:171} INFO - Processing /home/airflow/.local/lib/python3.7/site-packages/airflow/example_dags/example_latest_only_with_trigger.py took 0.114 seconds
[2022-02-05 19:48:50,195] {processor.py:163} INFO - Started process (PID=3194) to work on /home/airflow/.local/lib/python3.7/site-packages/airflow/example_dags/example_latest_only_with_trigger.py
[2022-02-05 19:48:50,197] {processor.py:642} INFO - Processing file /home/airflow/.local/lib/python3.7/site-packages/airflow/example_dags/example_latest_only_with_trigger.py for tasks to queue
[2022-02-05 19:48:50,198] {logging_mixin.py:109} INFO - [2022-02-05 19:48:50,198] {dagbag.py:500} INFO - Filling up the DagBag from /home/airflow/.local/lib/python3.7/site-packages/airflow/example_dags/example_latest_only_with_trigger.py
[2022-02-05 19:48:50,257] {processor.py:654} INFO - DAG(s) dict_keys(['latest_only_with_trigger']) retrieved from /home/airflow/.local/lib/python3.7/site-packages/airflow/example_dags/example_latest_only_with_trigger.py
[2022-02-05 19:48:50,280] {logging_mixin.py:109} INFO - [2022-02-05 19:48:50,280] {dag.py:2396} INFO - Sync 1 DAGs
[2022-02-05 19:48:50,315] {logging_mixin.py:109} INFO - [2022-02-05 19:48:50,315] {dag.py:2935} INFO - Setting next_dagrun for latest_only_with_trigger to 2022-02-05T15:48:50.314489+00:00
[2022-02-05 19:48:50,337] {processor.py:171} INFO - Processing /home/airflow/.local/lib/python3.7/site-packages/airflow/example_dags/example_latest_only_with_trigger.py took 0.148 seconds
[2022-02-05 19:49:21,199] {processor.py:163} INFO - Started process (PID=3259) to work on /home/airflow/.local/lib/python3.7/site-packages/airflow/example_dags/example_latest_only_with_trigger.py
[2022-02-05 19:49:21,200] {processor.py:642} INFO - Processing file /home/airflow/.local/lib/python3.7/site-packages/airflow/example_dags/example_latest_only_with_trigger.py for tasks to queue
[2022-02-05 19:49:21,201] {logging_mixin.py:109} INFO - [2022-02-05 19:49:21,201] {dagbag.py:500} INFO - Filling up the DagBag from /home/airflow/.local/lib/python3.7/site-packages/airflow/example_dags/example_latest_only_with_trigger.py
[2022-02-05 19:49:21,228] {processor.py:654} INFO - DAG(s) dict_keys(['latest_only_with_trigger']) retrieved from /home/airflow/.local/lib/python3.7/site-packages/airflow/example_dags/example_latest_only_with_trigger.py
[2022-02-05 19:49:21,239] {logging_mixin.py:109} INFO - [2022-02-05 19:49:21,238] {dag.py:2396} INFO - Sync 1 DAGs
[2022-02-05 19:49:21,255] {logging_mixin.py:109} INFO - [2022-02-05 19:49:21,254] {dag.py:2935} INFO - Setting next_dagrun for latest_only_with_trigger to 2022-02-05T15:49:21.254599+00:00
[2022-02-05 19:49:21,265] {processor.py:171} INFO - Processing /home/airflow/.local/lib/python3.7/site-packages/airflow/example_dags/example_latest_only_with_trigger.py took 0.069 seconds
[2022-02-05 19:49:51,583] {processor.py:163} INFO - Started process (PID=3312) to work on /home/airflow/.local/lib/python3.7/site-packages/airflow/example_dags/example_latest_only_with_trigger.py
[2022-02-05 19:49:51,584] {processor.py:642} INFO - Processing file /home/airflow/.local/lib/python3.7/site-packages/airflow/example_dags/example_latest_only_with_trigger.py for tasks to queue
[2022-02-05 19:49:51,585] {logging_mixin.py:109} INFO - [2022-02-05 19:49:51,585] {dagbag.py:500} INFO - Filling up the DagBag from /home/airflow/.local/lib/python3.7/site-packages/airflow/example_dags/example_latest_only_with_trigger.py
[2022-02-05 19:49:51,608] {processor.py:654} INFO - DAG(s) dict_keys(['latest_only_with_trigger']) retrieved from /home/airflow/.local/lib/python3.7/site-packages/airflow/example_dags/example_latest_only_with_trigger.py
[2022-02-05 19:49:51,617] {logging_mixin.py:109} INFO - [2022-02-05 19:49:51,616] {dag.py:2396} INFO - Sync 1 DAGs
[2022-02-05 19:49:51,630] {logging_mixin.py:109} INFO - [2022-02-05 19:49:51,630] {dag.py:2935} INFO - Setting next_dagrun for latest_only_with_trigger to 2022-02-05T15:49:51.630322+00:00
[2022-02-05 19:49:51,643] {processor.py:171} INFO - Processing /home/airflow/.local/lib/python3.7/site-packages/airflow/example_dags/example_latest_only_with_trigger.py took 0.063 seconds
[2022-02-05 19:50:22,467] {processor.py:163} INFO - Started process (PID=3374) to work on /home/airflow/.local/lib/python3.7/site-packages/airflow/example_dags/example_latest_only_with_trigger.py
[2022-02-05 19:50:22,468] {processor.py:642} INFO - Processing file /home/airflow/.local/lib/python3.7/site-packages/airflow/example_dags/example_latest_only_with_trigger.py for tasks to queue
[2022-02-05 19:50:22,469] {logging_mixin.py:109} INFO - [2022-02-05 19:50:22,469] {dagbag.py:500} INFO - Filling up the DagBag from /home/airflow/.local/lib/python3.7/site-packages/airflow/example_dags/example_latest_only_with_trigger.py
[2022-02-05 19:50:22,495] {processor.py:654} INFO - DAG(s) dict_keys(['latest_only_with_trigger']) retrieved from /home/airflow/.local/lib/python3.7/site-packages/airflow/example_dags/example_latest_only_with_trigger.py
[2022-02-05 19:50:22,505] {logging_mixin.py:109} INFO - [2022-02-05 19:50:22,505] {dag.py:2396} INFO - Sync 1 DAGs
[2022-02-05 19:50:22,522] {logging_mixin.py:109} INFO - [2022-02-05 19:50:22,522] {dag.py:2935} INFO - Setting next_dagrun for latest_only_with_trigger to 2022-02-05T15:50:22.521958+00:00
[2022-02-05 19:50:22,532] {processor.py:171} INFO - Processing /home/airflow/.local/lib/python3.7/site-packages/airflow/example_dags/example_latest_only_with_trigger.py took 0.068 seconds
[2022-02-05 19:50:53,174] {processor.py:163} INFO - Started process (PID=3426) to work on /home/airflow/.local/lib/python3.7/site-packages/airflow/example_dags/example_latest_only_with_trigger.py
[2022-02-05 19:50:53,174] {processor.py:642} INFO - Processing file /home/airflow/.local/lib/python3.7/site-packages/airflow/example_dags/example_latest_only_with_trigger.py for tasks to queue
[2022-02-05 19:50:53,175] {logging_mixin.py:109} INFO - [2022-02-05 19:50:53,175] {dagbag.py:500} INFO - Filling up the DagBag from /home/airflow/.local/lib/python3.7/site-packages/airflow/example_dags/example_latest_only_with_trigger.py
[2022-02-05 19:50:53,196] {processor.py:654} INFO - DAG(s) dict_keys(['latest_only_with_trigger']) retrieved from /home/airflow/.local/lib/python3.7/site-packages/airflow/example_dags/example_latest_only_with_trigger.py
[2022-02-05 19:50:53,205] {logging_mixin.py:109} INFO - [2022-02-05 19:50:53,205] {dag.py:2396} INFO - Sync 1 DAGs
[2022-02-05 19:50:53,217] {logging_mixin.py:109} INFO - [2022-02-05 19:50:53,217] {dag.py:2935} INFO - Setting next_dagrun for latest_only_with_trigger to 2022-02-05T15:50:53.217252+00:00
[2022-02-05 19:50:53,225] {processor.py:171} INFO - Processing /home/airflow/.local/lib/python3.7/site-packages/airflow/example_dags/example_latest_only_with_trigger.py took 0.055 seconds
[2022-02-05 19:51:23,483] {processor.py:163} INFO - Started process (PID=3487) to work on /home/airflow/.local/lib/python3.7/site-packages/airflow/example_dags/example_latest_only_with_trigger.py
[2022-02-05 19:51:23,484] {processor.py:642} INFO - Processing file /home/airflow/.local/lib/python3.7/site-packages/airflow/example_dags/example_latest_only_with_trigger.py for tasks to queue
[2022-02-05 19:51:23,484] {logging_mixin.py:109} INFO - [2022-02-05 19:51:23,484] {dagbag.py:500} INFO - Filling up the DagBag from /home/airflow/.local/lib/python3.7/site-packages/airflow/example_dags/example_latest_only_with_trigger.py
[2022-02-05 19:51:23,508] {processor.py:654} INFO - DAG(s) dict_keys(['latest_only_with_trigger']) retrieved from /home/airflow/.local/lib/python3.7/site-packages/airflow/example_dags/example_latest_only_with_trigger.py
[2022-02-05 19:51:23,517] {logging_mixin.py:109} INFO - [2022-02-05 19:51:23,517] {dag.py:2396} INFO - Sync 1 DAGs
[2022-02-05 19:51:23,536] {logging_mixin.py:109} INFO - [2022-02-05 19:51:23,536] {dag.py:2935} INFO - Setting next_dagrun for latest_only_with_trigger to 2022-02-05T15:51:23.536072+00:00
[2022-02-05 19:51:23,546] {processor.py:171} INFO - Processing /home/airflow/.local/lib/python3.7/site-packages/airflow/example_dags/example_latest_only_with_trigger.py took 0.066 seconds
[2022-02-05 19:51:54,355] {processor.py:163} INFO - Started process (PID=3539) to work on /home/airflow/.local/lib/python3.7/site-packages/airflow/example_dags/example_latest_only_with_trigger.py
[2022-02-05 19:51:54,356] {processor.py:642} INFO - Processing file /home/airflow/.local/lib/python3.7/site-packages/airflow/example_dags/example_latest_only_with_trigger.py for tasks to queue
[2022-02-05 19:51:54,356] {logging_mixin.py:109} INFO - [2022-02-05 19:51:54,356] {dagbag.py:500} INFO - Filling up the DagBag from /home/airflow/.local/lib/python3.7/site-packages/airflow/example_dags/example_latest_only_with_trigger.py
[2022-02-05 19:51:54,381] {processor.py:654} INFO - DAG(s) dict_keys(['latest_only_with_trigger']) retrieved from /home/airflow/.local/lib/python3.7/site-packages/airflow/example_dags/example_latest_only_with_trigger.py
[2022-02-05 19:51:54,390] {logging_mixin.py:109} INFO - [2022-02-05 19:51:54,389] {dag.py:2396} INFO - Sync 1 DAGs
[2022-02-05 19:51:54,404] {logging_mixin.py:109} INFO - [2022-02-05 19:51:54,404] {dag.py:2935} INFO - Setting next_dagrun for latest_only_with_trigger to 2022-02-05T15:51:54.403982+00:00
[2022-02-05 19:51:54,416] {processor.py:171} INFO - Processing /home/airflow/.local/lib/python3.7/site-packages/airflow/example_dags/example_latest_only_with_trigger.py took 0.064 seconds
[2022-02-05 19:52:25,088] {processor.py:163} INFO - Started process (PID=3601) to work on /home/airflow/.local/lib/python3.7/site-packages/airflow/example_dags/example_latest_only_with_trigger.py
[2022-02-05 19:52:25,090] {processor.py:642} INFO - Processing file /home/airflow/.local/lib/python3.7/site-packages/airflow/example_dags/example_latest_only_with_trigger.py for tasks to queue
[2022-02-05 19:52:25,091] {logging_mixin.py:109} INFO - [2022-02-05 19:52:25,091] {dagbag.py:500} INFO - Filling up the DagBag from /home/airflow/.local/lib/python3.7/site-packages/airflow/example_dags/example_latest_only_with_trigger.py
[2022-02-05 19:52:25,125] {processor.py:654} INFO - DAG(s) dict_keys(['latest_only_with_trigger']) retrieved from /home/airflow/.local/lib/python3.7/site-packages/airflow/example_dags/example_latest_only_with_trigger.py
[2022-02-05 19:52:25,142] {logging_mixin.py:109} INFO - [2022-02-05 19:52:25,142] {dag.py:2396} INFO - Sync 1 DAGs
[2022-02-05 19:52:25,169] {logging_mixin.py:109} INFO - [2022-02-05 19:52:25,169] {dag.py:2935} INFO - Setting next_dagrun for latest_only_with_trigger to 2022-02-05T15:52:25.168978+00:00
[2022-02-05 19:52:25,185] {processor.py:171} INFO - Processing /home/airflow/.local/lib/python3.7/site-packages/airflow/example_dags/example_latest_only_with_trigger.py took 0.102 seconds
[2022-02-05 19:52:55,508] {processor.py:163} INFO - Started process (PID=3654) to work on /home/airflow/.local/lib/python3.7/site-packages/airflow/example_dags/example_latest_only_with_trigger.py
[2022-02-05 19:52:55,509] {processor.py:642} INFO - Processing file /home/airflow/.local/lib/python3.7/site-packages/airflow/example_dags/example_latest_only_with_trigger.py for tasks to queue
[2022-02-05 19:52:55,510] {logging_mixin.py:109} INFO - [2022-02-05 19:52:55,510] {dagbag.py:500} INFO - Filling up the DagBag from /home/airflow/.local/lib/python3.7/site-packages/airflow/example_dags/example_latest_only_with_trigger.py
[2022-02-05 19:52:55,534] {processor.py:654} INFO - DAG(s) dict_keys(['latest_only_with_trigger']) retrieved from /home/airflow/.local/lib/python3.7/site-packages/airflow/example_dags/example_latest_only_with_trigger.py
[2022-02-05 19:52:55,542] {logging_mixin.py:109} INFO - [2022-02-05 19:52:55,542] {dag.py:2396} INFO - Sync 1 DAGs
[2022-02-05 19:52:55,555] {logging_mixin.py:109} INFO - [2022-02-05 19:52:55,555] {dag.py:2935} INFO - Setting next_dagrun for latest_only_with_trigger to 2022-02-05T15:52:55.555406+00:00
[2022-02-05 19:52:55,565] {processor.py:171} INFO - Processing /home/airflow/.local/lib/python3.7/site-packages/airflow/example_dags/example_latest_only_with_trigger.py took 0.060 seconds
[2022-02-05 19:53:25,596] {processor.py:163} INFO - Started process (PID=3716) to work on /home/airflow/.local/lib/python3.7/site-packages/airflow/example_dags/example_latest_only_with_trigger.py
[2022-02-05 19:53:25,597] {processor.py:642} INFO - Processing file /home/airflow/.local/lib/python3.7/site-packages/airflow/example_dags/example_latest_only_with_trigger.py for tasks to queue
[2022-02-05 19:53:25,598] {logging_mixin.py:109} INFO - [2022-02-05 19:53:25,597] {dagbag.py:500} INFO - Filling up the DagBag from /home/airflow/.local/lib/python3.7/site-packages/airflow/example_dags/example_latest_only_with_trigger.py
[2022-02-05 19:53:25,622] {processor.py:654} INFO - DAG(s) dict_keys(['latest_only_with_trigger']) retrieved from /home/airflow/.local/lib/python3.7/site-packages/airflow/example_dags/example_latest_only_with_trigger.py
[2022-02-05 19:53:25,632] {logging_mixin.py:109} INFO - [2022-02-05 19:53:25,632] {dag.py:2396} INFO - Sync 1 DAGs
[2022-02-05 19:53:25,648] {logging_mixin.py:109} INFO - [2022-02-05 19:53:25,648] {dag.py:2935} INFO - Setting next_dagrun for latest_only_with_trigger to 2022-02-05T15:53:25.648392+00:00
[2022-02-05 19:53:25,659] {processor.py:171} INFO - Processing /home/airflow/.local/lib/python3.7/site-packages/airflow/example_dags/example_latest_only_with_trigger.py took 0.067 seconds
[2022-02-05 19:53:56,062] {processor.py:163} INFO - Started process (PID=3769) to work on /home/airflow/.local/lib/python3.7/site-packages/airflow/example_dags/example_latest_only_with_trigger.py
[2022-02-05 19:53:56,063] {processor.py:642} INFO - Processing file /home/airflow/.local/lib/python3.7/site-packages/airflow/example_dags/example_latest_only_with_trigger.py for tasks to queue
[2022-02-05 19:53:56,064] {logging_mixin.py:109} INFO - [2022-02-05 19:53:56,064] {dagbag.py:500} INFO - Filling up the DagBag from /home/airflow/.local/lib/python3.7/site-packages/airflow/example_dags/example_latest_only_with_trigger.py
[2022-02-05 19:53:56,086] {processor.py:654} INFO - DAG(s) dict_keys(['latest_only_with_trigger']) retrieved from /home/airflow/.local/lib/python3.7/site-packages/airflow/example_dags/example_latest_only_with_trigger.py
[2022-02-05 19:53:56,094] {logging_mixin.py:109} INFO - [2022-02-05 19:53:56,094] {dag.py:2396} INFO - Sync 1 DAGs
[2022-02-05 19:53:56,107] {logging_mixin.py:109} INFO - [2022-02-05 19:53:56,107] {dag.py:2935} INFO - Setting next_dagrun for latest_only_with_trigger to 2022-02-05T15:53:56.107497+00:00
[2022-02-05 19:53:56,115] {processor.py:171} INFO - Processing /home/airflow/.local/lib/python3.7/site-packages/airflow/example_dags/example_latest_only_with_trigger.py took 0.056 seconds
[2022-02-05 19:54:27,091] {processor.py:163} INFO - Started process (PID=3832) to work on /home/airflow/.local/lib/python3.7/site-packages/airflow/example_dags/example_latest_only_with_trigger.py
[2022-02-05 19:54:27,093] {processor.py:642} INFO - Processing file /home/airflow/.local/lib/python3.7/site-packages/airflow/example_dags/example_latest_only_with_trigger.py for tasks to queue
[2022-02-05 19:54:27,093] {logging_mixin.py:109} INFO - [2022-02-05 19:54:27,093] {dagbag.py:500} INFO - Filling up the DagBag from /home/airflow/.local/lib/python3.7/site-packages/airflow/example_dags/example_latest_only_with_trigger.py
[2022-02-05 19:54:27,116] {processor.py:654} INFO - DAG(s) dict_keys(['latest_only_with_trigger']) retrieved from /home/airflow/.local/lib/python3.7/site-packages/airflow/example_dags/example_latest_only_with_trigger.py
[2022-02-05 19:54:27,126] {logging_mixin.py:109} INFO - [2022-02-05 19:54:27,126] {dag.py:2396} INFO - Sync 1 DAGs
[2022-02-05 19:54:27,141] {logging_mixin.py:109} INFO - [2022-02-05 19:54:27,141] {dag.py:2935} INFO - Setting next_dagrun for latest_only_with_trigger to 2022-02-05T15:54:27.141522+00:00
[2022-02-05 19:54:27,152] {processor.py:171} INFO - Processing /home/airflow/.local/lib/python3.7/site-packages/airflow/example_dags/example_latest_only_with_trigger.py took 0.063 seconds
[2022-02-05 19:54:57,722] {processor.py:163} INFO - Started process (PID=3884) to work on /home/airflow/.local/lib/python3.7/site-packages/airflow/example_dags/example_latest_only_with_trigger.py
[2022-02-05 19:54:57,724] {processor.py:642} INFO - Processing file /home/airflow/.local/lib/python3.7/site-packages/airflow/example_dags/example_latest_only_with_trigger.py for tasks to queue
[2022-02-05 19:54:57,725] {logging_mixin.py:109} INFO - [2022-02-05 19:54:57,725] {dagbag.py:500} INFO - Filling up the DagBag from /home/airflow/.local/lib/python3.7/site-packages/airflow/example_dags/example_latest_only_with_trigger.py
[2022-02-05 19:54:57,774] {processor.py:654} INFO - DAG(s) dict_keys(['latest_only_with_trigger']) retrieved from /home/airflow/.local/lib/python3.7/site-packages/airflow/example_dags/example_latest_only_with_trigger.py
[2022-02-05 19:54:57,790] {logging_mixin.py:109} INFO - [2022-02-05 19:54:57,790] {dag.py:2396} INFO - Sync 1 DAGs
[2022-02-05 19:54:57,817] {logging_mixin.py:109} INFO - [2022-02-05 19:54:57,817] {dag.py:2935} INFO - Setting next_dagrun for latest_only_with_trigger to 2022-02-05T15:54:57.817278+00:00
[2022-02-05 19:54:57,833] {processor.py:171} INFO - Processing /home/airflow/.local/lib/python3.7/site-packages/airflow/example_dags/example_latest_only_with_trigger.py took 0.116 seconds
[2022-02-05 19:55:28,240] {processor.py:163} INFO - Started process (PID=3948) to work on /home/airflow/.local/lib/python3.7/site-packages/airflow/example_dags/example_latest_only_with_trigger.py
[2022-02-05 19:55:28,242] {processor.py:642} INFO - Processing file /home/airflow/.local/lib/python3.7/site-packages/airflow/example_dags/example_latest_only_with_trigger.py for tasks to queue
[2022-02-05 19:55:28,243] {logging_mixin.py:109} INFO - [2022-02-05 19:55:28,242] {dagbag.py:500} INFO - Filling up the DagBag from /home/airflow/.local/lib/python3.7/site-packages/airflow/example_dags/example_latest_only_with_trigger.py
[2022-02-05 19:55:28,276] {processor.py:654} INFO - DAG(s) dict_keys(['latest_only_with_trigger']) retrieved from /home/airflow/.local/lib/python3.7/site-packages/airflow/example_dags/example_latest_only_with_trigger.py
[2022-02-05 19:55:28,291] {logging_mixin.py:109} INFO - [2022-02-05 19:55:28,291] {dag.py:2396} INFO - Sync 1 DAGs
[2022-02-05 19:55:28,312] {logging_mixin.py:109} INFO - [2022-02-05 19:55:28,312] {dag.py:2935} INFO - Setting next_dagrun for latest_only_with_trigger to 2022-02-05T15:55:28.312053+00:00
[2022-02-05 19:55:28,325] {processor.py:171} INFO - Processing /home/airflow/.local/lib/python3.7/site-packages/airflow/example_dags/example_latest_only_with_trigger.py took 0.091 seconds
[2022-02-05 19:55:59,349] {processor.py:163} INFO - Started process (PID=4001) to work on /home/airflow/.local/lib/python3.7/site-packages/airflow/example_dags/example_latest_only_with_trigger.py
[2022-02-05 19:55:59,350] {processor.py:642} INFO - Processing file /home/airflow/.local/lib/python3.7/site-packages/airflow/example_dags/example_latest_only_with_trigger.py for tasks to queue
[2022-02-05 19:55:59,350] {logging_mixin.py:109} INFO - [2022-02-05 19:55:59,350] {dagbag.py:500} INFO - Filling up the DagBag from /home/airflow/.local/lib/python3.7/site-packages/airflow/example_dags/example_latest_only_with_trigger.py
[2022-02-05 19:55:59,375] {processor.py:654} INFO - DAG(s) dict_keys(['latest_only_with_trigger']) retrieved from /home/airflow/.local/lib/python3.7/site-packages/airflow/example_dags/example_latest_only_with_trigger.py
[2022-02-05 19:55:59,386] {logging_mixin.py:109} INFO - [2022-02-05 19:55:59,386] {dag.py:2396} INFO - Sync 1 DAGs
[2022-02-05 19:55:59,401] {logging_mixin.py:109} INFO - [2022-02-05 19:55:59,401] {dag.py:2935} INFO - Setting next_dagrun for latest_only_with_trigger to 2022-02-05T15:55:59.401012+00:00
[2022-02-05 19:55:59,411] {processor.py:171} INFO - Processing /home/airflow/.local/lib/python3.7/site-packages/airflow/example_dags/example_latest_only_with_trigger.py took 0.066 seconds
