[2022-02-05 19:21:00,695] {processor.py:163} INFO - Started process (PID=41) to work on /home/airflow/.local/lib/python3.7/site-packages/airflow/example_dags/example_short_circuit_operator.py
[2022-02-05 19:21:00,697] {processor.py:642} INFO - Processing file /home/airflow/.local/lib/python3.7/site-packages/airflow/example_dags/example_short_circuit_operator.py for tasks to queue
[2022-02-05 19:21:00,698] {logging_mixin.py:109} INFO - [2022-02-05 19:21:00,698] {dagbag.py:500} INFO - Filling up the DagBag from /home/airflow/.local/lib/python3.7/site-packages/airflow/example_dags/example_short_circuit_operator.py
[2022-02-05 19:21:00,736] {processor.py:654} INFO - DAG(s) dict_keys(['example_short_circuit_operator']) retrieved from /home/airflow/.local/lib/python3.7/site-packages/airflow/example_dags/example_short_circuit_operator.py
[2022-02-05 19:21:00,750] {logging_mixin.py:109} INFO - [2022-02-05 19:21:00,750] {dag.py:2396} INFO - Sync 1 DAGs
[2022-02-05 19:21:00,776] {logging_mixin.py:109} INFO - [2022-02-05 19:21:00,775] {dag.py:2935} INFO - Setting next_dagrun for example_short_circuit_operator to 2022-02-04T19:21:00.775546+00:00
[2022-02-05 19:21:00,791] {processor.py:171} INFO - Processing /home/airflow/.local/lib/python3.7/site-packages/airflow/example_dags/example_short_circuit_operator.py took 0.101 seconds
[2022-02-05 19:21:31,711] {processor.py:163} INFO - Started process (PID=93) to work on /home/airflow/.local/lib/python3.7/site-packages/airflow/example_dags/example_short_circuit_operator.py
[2022-02-05 19:21:31,712] {processor.py:642} INFO - Processing file /home/airflow/.local/lib/python3.7/site-packages/airflow/example_dags/example_short_circuit_operator.py for tasks to queue
[2022-02-05 19:21:31,713] {logging_mixin.py:109} INFO - [2022-02-05 19:21:31,713] {dagbag.py:500} INFO - Filling up the DagBag from /home/airflow/.local/lib/python3.7/site-packages/airflow/example_dags/example_short_circuit_operator.py
[2022-02-05 19:21:31,736] {processor.py:654} INFO - DAG(s) dict_keys(['example_short_circuit_operator']) retrieved from /home/airflow/.local/lib/python3.7/site-packages/airflow/example_dags/example_short_circuit_operator.py
[2022-02-05 19:21:31,745] {logging_mixin.py:109} INFO - [2022-02-05 19:21:31,745] {dag.py:2396} INFO - Sync 1 DAGs
[2022-02-05 19:21:31,758] {logging_mixin.py:109} INFO - [2022-02-05 19:21:31,758] {dag.py:2935} INFO - Setting next_dagrun for example_short_circuit_operator to 2022-02-04T19:21:31.758568+00:00
[2022-02-05 19:21:31,767] {processor.py:171} INFO - Processing /home/airflow/.local/lib/python3.7/site-packages/airflow/example_dags/example_short_circuit_operator.py took 0.058 seconds
[2022-02-05 19:22:02,092] {processor.py:163} INFO - Started process (PID=154) to work on /home/airflow/.local/lib/python3.7/site-packages/airflow/example_dags/example_short_circuit_operator.py
[2022-02-05 19:22:02,093] {processor.py:642} INFO - Processing file /home/airflow/.local/lib/python3.7/site-packages/airflow/example_dags/example_short_circuit_operator.py for tasks to queue
[2022-02-05 19:22:02,095] {logging_mixin.py:109} INFO - [2022-02-05 19:22:02,094] {dagbag.py:500} INFO - Filling up the DagBag from /home/airflow/.local/lib/python3.7/site-packages/airflow/example_dags/example_short_circuit_operator.py
[2022-02-05 19:22:02,165] {processor.py:654} INFO - DAG(s) dict_keys(['example_short_circuit_operator']) retrieved from /home/airflow/.local/lib/python3.7/site-packages/airflow/example_dags/example_short_circuit_operator.py
[2022-02-05 19:22:02,210] {logging_mixin.py:109} INFO - [2022-02-05 19:22:02,210] {dag.py:2396} INFO - Sync 1 DAGs
[2022-02-05 19:22:02,284] {logging_mixin.py:109} INFO - [2022-02-05 19:22:02,284] {dag.py:2935} INFO - Setting next_dagrun for example_short_circuit_operator to 2022-02-04T19:22:02.284198+00:00
[2022-02-05 19:22:02,309] {processor.py:171} INFO - Processing /home/airflow/.local/lib/python3.7/site-packages/airflow/example_dags/example_short_circuit_operator.py took 0.223 seconds
[2022-02-05 19:22:32,541] {processor.py:163} INFO - Started process (PID=210) to work on /home/airflow/.local/lib/python3.7/site-packages/airflow/example_dags/example_short_circuit_operator.py
[2022-02-05 19:22:32,544] {processor.py:642} INFO - Processing file /home/airflow/.local/lib/python3.7/site-packages/airflow/example_dags/example_short_circuit_operator.py for tasks to queue
[2022-02-05 19:22:32,546] {logging_mixin.py:109} INFO - [2022-02-05 19:22:32,546] {dagbag.py:500} INFO - Filling up the DagBag from /home/airflow/.local/lib/python3.7/site-packages/airflow/example_dags/example_short_circuit_operator.py
[2022-02-05 19:22:32,586] {processor.py:654} INFO - DAG(s) dict_keys(['example_short_circuit_operator']) retrieved from /home/airflow/.local/lib/python3.7/site-packages/airflow/example_dags/example_short_circuit_operator.py
[2022-02-05 19:22:32,605] {logging_mixin.py:109} INFO - [2022-02-05 19:22:32,605] {dag.py:2396} INFO - Sync 1 DAGs
[2022-02-05 19:22:32,635] {logging_mixin.py:109} INFO - [2022-02-05 19:22:32,635] {dag.py:2935} INFO - Setting next_dagrun for example_short_circuit_operator to 2022-02-04T19:22:32.635094+00:00
[2022-02-05 19:22:32,650] {processor.py:171} INFO - Processing /home/airflow/.local/lib/python3.7/site-packages/airflow/example_dags/example_short_circuit_operator.py took 0.115 seconds
[2022-02-05 19:23:03,420] {processor.py:163} INFO - Started process (PID=263) to work on /home/airflow/.local/lib/python3.7/site-packages/airflow/example_dags/example_short_circuit_operator.py
[2022-02-05 19:23:03,421] {processor.py:642} INFO - Processing file /home/airflow/.local/lib/python3.7/site-packages/airflow/example_dags/example_short_circuit_operator.py for tasks to queue
[2022-02-05 19:23:03,421] {logging_mixin.py:109} INFO - [2022-02-05 19:23:03,421] {dagbag.py:500} INFO - Filling up the DagBag from /home/airflow/.local/lib/python3.7/site-packages/airflow/example_dags/example_short_circuit_operator.py
[2022-02-05 19:23:03,448] {processor.py:654} INFO - DAG(s) dict_keys(['example_short_circuit_operator']) retrieved from /home/airflow/.local/lib/python3.7/site-packages/airflow/example_dags/example_short_circuit_operator.py
[2022-02-05 19:23:03,460] {logging_mixin.py:109} INFO - [2022-02-05 19:23:03,460] {dag.py:2396} INFO - Sync 1 DAGs
[2022-02-05 19:23:03,476] {logging_mixin.py:109} INFO - [2022-02-05 19:23:03,476] {dag.py:2935} INFO - Setting next_dagrun for example_short_circuit_operator to 2022-02-04T19:23:03.476275+00:00
[2022-02-05 19:23:03,488] {processor.py:171} INFO - Processing /home/airflow/.local/lib/python3.7/site-packages/airflow/example_dags/example_short_circuit_operator.py took 0.072 seconds
[2022-02-05 19:23:34,406] {processor.py:163} INFO - Started process (PID=326) to work on /home/airflow/.local/lib/python3.7/site-packages/airflow/example_dags/example_short_circuit_operator.py
[2022-02-05 19:23:34,410] {processor.py:642} INFO - Processing file /home/airflow/.local/lib/python3.7/site-packages/airflow/example_dags/example_short_circuit_operator.py for tasks to queue
[2022-02-05 19:23:34,412] {logging_mixin.py:109} INFO - [2022-02-05 19:23:34,412] {dagbag.py:500} INFO - Filling up the DagBag from /home/airflow/.local/lib/python3.7/site-packages/airflow/example_dags/example_short_circuit_operator.py
[2022-02-05 19:23:34,464] {processor.py:654} INFO - DAG(s) dict_keys(['example_short_circuit_operator']) retrieved from /home/airflow/.local/lib/python3.7/site-packages/airflow/example_dags/example_short_circuit_operator.py
[2022-02-05 19:23:34,483] {logging_mixin.py:109} INFO - [2022-02-05 19:23:34,483] {dag.py:2396} INFO - Sync 1 DAGs
[2022-02-05 19:23:34,505] {logging_mixin.py:109} INFO - [2022-02-05 19:23:34,504] {dag.py:2935} INFO - Setting next_dagrun for example_short_circuit_operator to 2022-02-04T19:23:34.504660+00:00
[2022-02-05 19:23:34,523] {processor.py:171} INFO - Processing /home/airflow/.local/lib/python3.7/site-packages/airflow/example_dags/example_short_circuit_operator.py took 0.121 seconds
[2022-02-05 19:24:04,599] {processor.py:163} INFO - Started process (PID=378) to work on /home/airflow/.local/lib/python3.7/site-packages/airflow/example_dags/example_short_circuit_operator.py
[2022-02-05 19:24:04,601] {processor.py:642} INFO - Processing file /home/airflow/.local/lib/python3.7/site-packages/airflow/example_dags/example_short_circuit_operator.py for tasks to queue
[2022-02-05 19:24:04,602] {logging_mixin.py:109} INFO - [2022-02-05 19:24:04,601] {dagbag.py:500} INFO - Filling up the DagBag from /home/airflow/.local/lib/python3.7/site-packages/airflow/example_dags/example_short_circuit_operator.py
[2022-02-05 19:24:04,641] {processor.py:654} INFO - DAG(s) dict_keys(['example_short_circuit_operator']) retrieved from /home/airflow/.local/lib/python3.7/site-packages/airflow/example_dags/example_short_circuit_operator.py
[2022-02-05 19:24:04,657] {logging_mixin.py:109} INFO - [2022-02-05 19:24:04,657] {dag.py:2396} INFO - Sync 1 DAGs
[2022-02-05 19:24:04,681] {logging_mixin.py:109} INFO - [2022-02-05 19:24:04,681] {dag.py:2935} INFO - Setting next_dagrun for example_short_circuit_operator to 2022-02-04T19:24:04.681207+00:00
[2022-02-05 19:24:04,694] {processor.py:171} INFO - Processing /home/airflow/.local/lib/python3.7/site-packages/airflow/example_dags/example_short_circuit_operator.py took 0.101 seconds
[2022-02-05 19:24:35,515] {processor.py:163} INFO - Started process (PID=441) to work on /home/airflow/.local/lib/python3.7/site-packages/airflow/example_dags/example_short_circuit_operator.py
[2022-02-05 19:24:35,517] {processor.py:642} INFO - Processing file /home/airflow/.local/lib/python3.7/site-packages/airflow/example_dags/example_short_circuit_operator.py for tasks to queue
[2022-02-05 19:24:35,518] {logging_mixin.py:109} INFO - [2022-02-05 19:24:35,518] {dagbag.py:500} INFO - Filling up the DagBag from /home/airflow/.local/lib/python3.7/site-packages/airflow/example_dags/example_short_circuit_operator.py
[2022-02-05 19:24:35,548] {processor.py:654} INFO - DAG(s) dict_keys(['example_short_circuit_operator']) retrieved from /home/airflow/.local/lib/python3.7/site-packages/airflow/example_dags/example_short_circuit_operator.py
[2022-02-05 19:24:35,561] {logging_mixin.py:109} INFO - [2022-02-05 19:24:35,560] {dag.py:2396} INFO - Sync 1 DAGs
[2022-02-05 19:24:35,581] {logging_mixin.py:109} INFO - [2022-02-05 19:24:35,581] {dag.py:2935} INFO - Setting next_dagrun for example_short_circuit_operator to 2022-02-04T19:24:35.581520+00:00
[2022-02-05 19:24:35,596] {processor.py:171} INFO - Processing /home/airflow/.local/lib/python3.7/site-packages/airflow/example_dags/example_short_circuit_operator.py took 0.084 seconds
[2022-02-05 19:25:06,190] {processor.py:163} INFO - Started process (PID=495) to work on /home/airflow/.local/lib/python3.7/site-packages/airflow/example_dags/example_short_circuit_operator.py
[2022-02-05 19:25:06,191] {processor.py:642} INFO - Processing file /home/airflow/.local/lib/python3.7/site-packages/airflow/example_dags/example_short_circuit_operator.py for tasks to queue
[2022-02-05 19:25:06,192] {logging_mixin.py:109} INFO - [2022-02-05 19:25:06,192] {dagbag.py:500} INFO - Filling up the DagBag from /home/airflow/.local/lib/python3.7/site-packages/airflow/example_dags/example_short_circuit_operator.py
[2022-02-05 19:25:06,214] {processor.py:654} INFO - DAG(s) dict_keys(['example_short_circuit_operator']) retrieved from /home/airflow/.local/lib/python3.7/site-packages/airflow/example_dags/example_short_circuit_operator.py
[2022-02-05 19:25:06,223] {logging_mixin.py:109} INFO - [2022-02-05 19:25:06,223] {dag.py:2396} INFO - Sync 1 DAGs
[2022-02-05 19:25:06,236] {logging_mixin.py:109} INFO - [2022-02-05 19:25:06,236] {dag.py:2935} INFO - Setting next_dagrun for example_short_circuit_operator to 2022-02-04T19:25:06.236532+00:00
[2022-02-05 19:25:06,245] {processor.py:171} INFO - Processing /home/airflow/.local/lib/python3.7/site-packages/airflow/example_dags/example_short_circuit_operator.py took 0.058 seconds
[2022-02-05 19:25:36,388] {processor.py:163} INFO - Started process (PID=556) to work on /home/airflow/.local/lib/python3.7/site-packages/airflow/example_dags/example_short_circuit_operator.py
[2022-02-05 19:25:36,390] {processor.py:642} INFO - Processing file /home/airflow/.local/lib/python3.7/site-packages/airflow/example_dags/example_short_circuit_operator.py for tasks to queue
[2022-02-05 19:25:36,391] {logging_mixin.py:109} INFO - [2022-02-05 19:25:36,391] {dagbag.py:500} INFO - Filling up the DagBag from /home/airflow/.local/lib/python3.7/site-packages/airflow/example_dags/example_short_circuit_operator.py
[2022-02-05 19:25:36,431] {processor.py:654} INFO - DAG(s) dict_keys(['example_short_circuit_operator']) retrieved from /home/airflow/.local/lib/python3.7/site-packages/airflow/example_dags/example_short_circuit_operator.py
[2022-02-05 19:25:36,448] {logging_mixin.py:109} INFO - [2022-02-05 19:25:36,447] {dag.py:2396} INFO - Sync 1 DAGs
[2022-02-05 19:25:36,472] {logging_mixin.py:109} INFO - [2022-02-05 19:25:36,472] {dag.py:2935} INFO - Setting next_dagrun for example_short_circuit_operator to 2022-02-04T19:25:36.472070+00:00
[2022-02-05 19:25:36,486] {processor.py:171} INFO - Processing /home/airflow/.local/lib/python3.7/site-packages/airflow/example_dags/example_short_circuit_operator.py took 0.102 seconds
[2022-02-05 19:26:06,764] {processor.py:163} INFO - Started process (PID=609) to work on /home/airflow/.local/lib/python3.7/site-packages/airflow/example_dags/example_short_circuit_operator.py
[2022-02-05 19:26:06,765] {processor.py:642} INFO - Processing file /home/airflow/.local/lib/python3.7/site-packages/airflow/example_dags/example_short_circuit_operator.py for tasks to queue
[2022-02-05 19:26:06,766] {logging_mixin.py:109} INFO - [2022-02-05 19:26:06,766] {dagbag.py:500} INFO - Filling up the DagBag from /home/airflow/.local/lib/python3.7/site-packages/airflow/example_dags/example_short_circuit_operator.py
[2022-02-05 19:26:06,792] {processor.py:654} INFO - DAG(s) dict_keys(['example_short_circuit_operator']) retrieved from /home/airflow/.local/lib/python3.7/site-packages/airflow/example_dags/example_short_circuit_operator.py
[2022-02-05 19:26:06,802] {logging_mixin.py:109} INFO - [2022-02-05 19:26:06,802] {dag.py:2396} INFO - Sync 1 DAGs
[2022-02-05 19:26:06,818] {logging_mixin.py:109} INFO - [2022-02-05 19:26:06,818] {dag.py:2935} INFO - Setting next_dagrun for example_short_circuit_operator to 2022-02-04T19:26:06.817949+00:00
[2022-02-05 19:26:06,828] {processor.py:171} INFO - Processing /home/airflow/.local/lib/python3.7/site-packages/airflow/example_dags/example_short_circuit_operator.py took 0.067 seconds
[2022-02-05 19:26:36,846] {processor.py:163} INFO - Started process (PID=661) to work on /home/airflow/.local/lib/python3.7/site-packages/airflow/example_dags/example_short_circuit_operator.py
[2022-02-05 19:26:36,846] {processor.py:642} INFO - Processing file /home/airflow/.local/lib/python3.7/site-packages/airflow/example_dags/example_short_circuit_operator.py for tasks to queue
[2022-02-05 19:26:36,847] {logging_mixin.py:109} INFO - [2022-02-05 19:26:36,847] {dagbag.py:500} INFO - Filling up the DagBag from /home/airflow/.local/lib/python3.7/site-packages/airflow/example_dags/example_short_circuit_operator.py
[2022-02-05 19:26:36,873] {processor.py:654} INFO - DAG(s) dict_keys(['example_short_circuit_operator']) retrieved from /home/airflow/.local/lib/python3.7/site-packages/airflow/example_dags/example_short_circuit_operator.py
[2022-02-05 19:26:36,882] {logging_mixin.py:109} INFO - [2022-02-05 19:26:36,882] {dag.py:2396} INFO - Sync 1 DAGs
[2022-02-05 19:26:36,896] {logging_mixin.py:109} INFO - [2022-02-05 19:26:36,896] {dag.py:2935} INFO - Setting next_dagrun for example_short_circuit_operator to 2022-02-04T19:26:36.895806+00:00
[2022-02-05 19:26:36,906] {processor.py:171} INFO - Processing /home/airflow/.local/lib/python3.7/site-packages/airflow/example_dags/example_short_circuit_operator.py took 0.063 seconds
[2022-02-05 19:27:07,307] {processor.py:163} INFO - Started process (PID=725) to work on /home/airflow/.local/lib/python3.7/site-packages/airflow/example_dags/example_short_circuit_operator.py
[2022-02-05 19:27:07,308] {processor.py:642} INFO - Processing file /home/airflow/.local/lib/python3.7/site-packages/airflow/example_dags/example_short_circuit_operator.py for tasks to queue
[2022-02-05 19:27:07,308] {logging_mixin.py:109} INFO - [2022-02-05 19:27:07,308] {dagbag.py:500} INFO - Filling up the DagBag from /home/airflow/.local/lib/python3.7/site-packages/airflow/example_dags/example_short_circuit_operator.py
[2022-02-05 19:27:07,338] {processor.py:654} INFO - DAG(s) dict_keys(['example_short_circuit_operator']) retrieved from /home/airflow/.local/lib/python3.7/site-packages/airflow/example_dags/example_short_circuit_operator.py
[2022-02-05 19:27:07,347] {logging_mixin.py:109} INFO - [2022-02-05 19:27:07,347] {dag.py:2396} INFO - Sync 1 DAGs
[2022-02-05 19:27:07,363] {logging_mixin.py:109} INFO - [2022-02-05 19:27:07,363] {dag.py:2935} INFO - Setting next_dagrun for example_short_circuit_operator to 2022-02-04T19:27:07.363530+00:00
[2022-02-05 19:27:07,377] {processor.py:171} INFO - Processing /home/airflow/.local/lib/python3.7/site-packages/airflow/example_dags/example_short_circuit_operator.py took 0.073 seconds
[2022-02-05 19:27:37,687] {processor.py:163} INFO - Started process (PID=777) to work on /home/airflow/.local/lib/python3.7/site-packages/airflow/example_dags/example_short_circuit_operator.py
[2022-02-05 19:27:37,687] {processor.py:642} INFO - Processing file /home/airflow/.local/lib/python3.7/site-packages/airflow/example_dags/example_short_circuit_operator.py for tasks to queue
[2022-02-05 19:27:37,688] {logging_mixin.py:109} INFO - [2022-02-05 19:27:37,688] {dagbag.py:500} INFO - Filling up the DagBag from /home/airflow/.local/lib/python3.7/site-packages/airflow/example_dags/example_short_circuit_operator.py
[2022-02-05 19:27:37,714] {processor.py:654} INFO - DAG(s) dict_keys(['example_short_circuit_operator']) retrieved from /home/airflow/.local/lib/python3.7/site-packages/airflow/example_dags/example_short_circuit_operator.py
[2022-02-05 19:27:37,724] {logging_mixin.py:109} INFO - [2022-02-05 19:27:37,724] {dag.py:2396} INFO - Sync 1 DAGs
[2022-02-05 19:27:37,739] {logging_mixin.py:109} INFO - [2022-02-05 19:27:37,738] {dag.py:2935} INFO - Setting next_dagrun for example_short_circuit_operator to 2022-02-04T19:27:37.738625+00:00
[2022-02-05 19:27:37,747] {processor.py:171} INFO - Processing /home/airflow/.local/lib/python3.7/site-packages/airflow/example_dags/example_short_circuit_operator.py took 0.064 seconds
[2022-02-05 19:28:08,074] {processor.py:163} INFO - Started process (PID=840) to work on /home/airflow/.local/lib/python3.7/site-packages/airflow/example_dags/example_short_circuit_operator.py
[2022-02-05 19:28:08,075] {processor.py:642} INFO - Processing file /home/airflow/.local/lib/python3.7/site-packages/airflow/example_dags/example_short_circuit_operator.py for tasks to queue
[2022-02-05 19:28:08,075] {logging_mixin.py:109} INFO - [2022-02-05 19:28:08,075] {dagbag.py:500} INFO - Filling up the DagBag from /home/airflow/.local/lib/python3.7/site-packages/airflow/example_dags/example_short_circuit_operator.py
[2022-02-05 19:28:08,101] {processor.py:654} INFO - DAG(s) dict_keys(['example_short_circuit_operator']) retrieved from /home/airflow/.local/lib/python3.7/site-packages/airflow/example_dags/example_short_circuit_operator.py
[2022-02-05 19:28:08,110] {logging_mixin.py:109} INFO - [2022-02-05 19:28:08,110] {dag.py:2396} INFO - Sync 1 DAGs
[2022-02-05 19:28:08,124] {logging_mixin.py:109} INFO - [2022-02-05 19:28:08,124] {dag.py:2935} INFO - Setting next_dagrun for example_short_circuit_operator to 2022-02-04T19:28:08.123760+00:00
[2022-02-05 19:28:08,132] {processor.py:171} INFO - Processing /home/airflow/.local/lib/python3.7/site-packages/airflow/example_dags/example_short_circuit_operator.py took 0.061 seconds
[2022-02-05 19:28:38,896] {processor.py:163} INFO - Started process (PID=894) to work on /home/airflow/.local/lib/python3.7/site-packages/airflow/example_dags/example_short_circuit_operator.py
[2022-02-05 19:28:38,898] {processor.py:642} INFO - Processing file /home/airflow/.local/lib/python3.7/site-packages/airflow/example_dags/example_short_circuit_operator.py for tasks to queue
[2022-02-05 19:28:38,898] {logging_mixin.py:109} INFO - [2022-02-05 19:28:38,898] {dagbag.py:500} INFO - Filling up the DagBag from /home/airflow/.local/lib/python3.7/site-packages/airflow/example_dags/example_short_circuit_operator.py
[2022-02-05 19:28:38,935] {processor.py:654} INFO - DAG(s) dict_keys(['example_short_circuit_operator']) retrieved from /home/airflow/.local/lib/python3.7/site-packages/airflow/example_dags/example_short_circuit_operator.py
[2022-02-05 19:28:38,949] {logging_mixin.py:109} INFO - [2022-02-05 19:28:38,949] {dag.py:2396} INFO - Sync 1 DAGs
[2022-02-05 19:28:38,970] {logging_mixin.py:109} INFO - [2022-02-05 19:28:38,969] {dag.py:2935} INFO - Setting next_dagrun for example_short_circuit_operator to 2022-02-04T19:28:38.969519+00:00
[2022-02-05 19:28:38,990] {processor.py:171} INFO - Processing /home/airflow/.local/lib/python3.7/site-packages/airflow/example_dags/example_short_circuit_operator.py took 0.099 seconds
[2022-02-05 19:29:09,666] {processor.py:163} INFO - Started process (PID=957) to work on /home/airflow/.local/lib/python3.7/site-packages/airflow/example_dags/example_short_circuit_operator.py
[2022-02-05 19:29:09,667] {processor.py:642} INFO - Processing file /home/airflow/.local/lib/python3.7/site-packages/airflow/example_dags/example_short_circuit_operator.py for tasks to queue
[2022-02-05 19:29:09,668] {logging_mixin.py:109} INFO - [2022-02-05 19:29:09,668] {dagbag.py:500} INFO - Filling up the DagBag from /home/airflow/.local/lib/python3.7/site-packages/airflow/example_dags/example_short_circuit_operator.py
[2022-02-05 19:29:09,694] {processor.py:654} INFO - DAG(s) dict_keys(['example_short_circuit_operator']) retrieved from /home/airflow/.local/lib/python3.7/site-packages/airflow/example_dags/example_short_circuit_operator.py
[2022-02-05 19:29:09,703] {logging_mixin.py:109} INFO - [2022-02-05 19:29:09,703] {dag.py:2396} INFO - Sync 1 DAGs
[2022-02-05 19:29:09,719] {logging_mixin.py:109} INFO - [2022-02-05 19:29:09,719] {dag.py:2935} INFO - Setting next_dagrun for example_short_circuit_operator to 2022-02-04T19:29:09.718787+00:00
[2022-02-05 19:29:09,728] {processor.py:171} INFO - Processing /home/airflow/.local/lib/python3.7/site-packages/airflow/example_dags/example_short_circuit_operator.py took 0.064 seconds
[2022-02-05 19:29:40,383] {processor.py:163} INFO - Started process (PID=1010) to work on /home/airflow/.local/lib/python3.7/site-packages/airflow/example_dags/example_short_circuit_operator.py
[2022-02-05 19:29:40,394] {processor.py:642} INFO - Processing file /home/airflow/.local/lib/python3.7/site-packages/airflow/example_dags/example_short_circuit_operator.py for tasks to queue
[2022-02-05 19:29:40,395] {logging_mixin.py:109} INFO - [2022-02-05 19:29:40,395] {dagbag.py:500} INFO - Filling up the DagBag from /home/airflow/.local/lib/python3.7/site-packages/airflow/example_dags/example_short_circuit_operator.py
[2022-02-05 19:29:40,426] {processor.py:654} INFO - DAG(s) dict_keys(['example_short_circuit_operator']) retrieved from /home/airflow/.local/lib/python3.7/site-packages/airflow/example_dags/example_short_circuit_operator.py
[2022-02-05 19:29:40,438] {logging_mixin.py:109} INFO - [2022-02-05 19:29:40,438] {dag.py:2396} INFO - Sync 1 DAGs
[2022-02-05 19:29:40,458] {logging_mixin.py:109} INFO - [2022-02-05 19:29:40,457] {dag.py:2935} INFO - Setting next_dagrun for example_short_circuit_operator to 2022-02-04T19:29:40.457625+00:00
[2022-02-05 19:29:40,471] {processor.py:171} INFO - Processing /home/airflow/.local/lib/python3.7/site-packages/airflow/example_dags/example_short_circuit_operator.py took 0.091 seconds
[2022-02-05 19:30:10,928] {processor.py:163} INFO - Started process (PID=1072) to work on /home/airflow/.local/lib/python3.7/site-packages/airflow/example_dags/example_short_circuit_operator.py
[2022-02-05 19:30:10,929] {processor.py:642} INFO - Processing file /home/airflow/.local/lib/python3.7/site-packages/airflow/example_dags/example_short_circuit_operator.py for tasks to queue
[2022-02-05 19:30:10,930] {logging_mixin.py:109} INFO - [2022-02-05 19:30:10,930] {dagbag.py:500} INFO - Filling up the DagBag from /home/airflow/.local/lib/python3.7/site-packages/airflow/example_dags/example_short_circuit_operator.py
[2022-02-05 19:30:10,967] {processor.py:654} INFO - DAG(s) dict_keys(['example_short_circuit_operator']) retrieved from /home/airflow/.local/lib/python3.7/site-packages/airflow/example_dags/example_short_circuit_operator.py
[2022-02-05 19:30:10,981] {logging_mixin.py:109} INFO - [2022-02-05 19:30:10,981] {dag.py:2396} INFO - Sync 1 DAGs
[2022-02-05 19:30:11,002] {logging_mixin.py:109} INFO - [2022-02-05 19:30:11,002] {dag.py:2935} INFO - Setting next_dagrun for example_short_circuit_operator to 2022-02-04T19:30:11.001901+00:00
[2022-02-05 19:30:11,017] {processor.py:171} INFO - Processing /home/airflow/.local/lib/python3.7/site-packages/airflow/example_dags/example_short_circuit_operator.py took 0.092 seconds
[2022-02-05 19:30:41,086] {processor.py:163} INFO - Started process (PID=1125) to work on /home/airflow/.local/lib/python3.7/site-packages/airflow/example_dags/example_short_circuit_operator.py
[2022-02-05 19:30:41,087] {processor.py:642} INFO - Processing file /home/airflow/.local/lib/python3.7/site-packages/airflow/example_dags/example_short_circuit_operator.py for tasks to queue
[2022-02-05 19:30:41,088] {logging_mixin.py:109} INFO - [2022-02-05 19:30:41,088] {dagbag.py:500} INFO - Filling up the DagBag from /home/airflow/.local/lib/python3.7/site-packages/airflow/example_dags/example_short_circuit_operator.py
[2022-02-05 19:30:41,115] {processor.py:654} INFO - DAG(s) dict_keys(['example_short_circuit_operator']) retrieved from /home/airflow/.local/lib/python3.7/site-packages/airflow/example_dags/example_short_circuit_operator.py
[2022-02-05 19:30:41,125] {logging_mixin.py:109} INFO - [2022-02-05 19:30:41,125] {dag.py:2396} INFO - Sync 1 DAGs
[2022-02-05 19:30:41,142] {logging_mixin.py:109} INFO - [2022-02-05 19:30:41,142] {dag.py:2935} INFO - Setting next_dagrun for example_short_circuit_operator to 2022-02-04T19:30:41.141921+00:00
[2022-02-05 19:30:41,153] {processor.py:171} INFO - Processing /home/airflow/.local/lib/python3.7/site-packages/airflow/example_dags/example_short_circuit_operator.py took 0.070 seconds
[2022-02-05 19:31:11,645] {processor.py:163} INFO - Started process (PID=1188) to work on /home/airflow/.local/lib/python3.7/site-packages/airflow/example_dags/example_short_circuit_operator.py
[2022-02-05 19:31:11,646] {processor.py:642} INFO - Processing file /home/airflow/.local/lib/python3.7/site-packages/airflow/example_dags/example_short_circuit_operator.py for tasks to queue
[2022-02-05 19:31:11,647] {logging_mixin.py:109} INFO - [2022-02-05 19:31:11,647] {dagbag.py:500} INFO - Filling up the DagBag from /home/airflow/.local/lib/python3.7/site-packages/airflow/example_dags/example_short_circuit_operator.py
[2022-02-05 19:31:11,671] {processor.py:654} INFO - DAG(s) dict_keys(['example_short_circuit_operator']) retrieved from /home/airflow/.local/lib/python3.7/site-packages/airflow/example_dags/example_short_circuit_operator.py
[2022-02-05 19:31:11,680] {logging_mixin.py:109} INFO - [2022-02-05 19:31:11,680] {dag.py:2396} INFO - Sync 1 DAGs
[2022-02-05 19:31:11,695] {logging_mixin.py:109} INFO - [2022-02-05 19:31:11,695] {dag.py:2935} INFO - Setting next_dagrun for example_short_circuit_operator to 2022-02-04T19:31:11.695022+00:00
[2022-02-05 19:31:11,704] {processor.py:171} INFO - Processing /home/airflow/.local/lib/python3.7/site-packages/airflow/example_dags/example_short_circuit_operator.py took 0.062 seconds
[2022-02-05 19:31:42,003] {processor.py:163} INFO - Started process (PID=1241) to work on /home/airflow/.local/lib/python3.7/site-packages/airflow/example_dags/example_short_circuit_operator.py
[2022-02-05 19:31:42,015] {processor.py:642} INFO - Processing file /home/airflow/.local/lib/python3.7/site-packages/airflow/example_dags/example_short_circuit_operator.py for tasks to queue
[2022-02-05 19:31:42,016] {logging_mixin.py:109} INFO - [2022-02-05 19:31:42,016] {dagbag.py:500} INFO - Filling up the DagBag from /home/airflow/.local/lib/python3.7/site-packages/airflow/example_dags/example_short_circuit_operator.py
[2022-02-05 19:31:42,039] {processor.py:654} INFO - DAG(s) dict_keys(['example_short_circuit_operator']) retrieved from /home/airflow/.local/lib/python3.7/site-packages/airflow/example_dags/example_short_circuit_operator.py
[2022-02-05 19:31:42,050] {logging_mixin.py:109} INFO - [2022-02-05 19:31:42,050] {dag.py:2396} INFO - Sync 1 DAGs
[2022-02-05 19:31:42,064] {logging_mixin.py:109} INFO - [2022-02-05 19:31:42,064] {dag.py:2935} INFO - Setting next_dagrun for example_short_circuit_operator to 2022-02-04T19:31:42.064402+00:00
[2022-02-05 19:31:42,073] {processor.py:171} INFO - Processing /home/airflow/.local/lib/python3.7/site-packages/airflow/example_dags/example_short_circuit_operator.py took 0.072 seconds
[2022-02-05 19:32:12,832] {processor.py:163} INFO - Started process (PID=1299) to work on /home/airflow/.local/lib/python3.7/site-packages/airflow/example_dags/example_short_circuit_operator.py
[2022-02-05 19:32:12,834] {processor.py:642} INFO - Processing file /home/airflow/.local/lib/python3.7/site-packages/airflow/example_dags/example_short_circuit_operator.py for tasks to queue
[2022-02-05 19:32:12,835] {logging_mixin.py:109} INFO - [2022-02-05 19:32:12,835] {dagbag.py:500} INFO - Filling up the DagBag from /home/airflow/.local/lib/python3.7/site-packages/airflow/example_dags/example_short_circuit_operator.py
[2022-02-05 19:32:12,868] {processor.py:654} INFO - DAG(s) dict_keys(['example_short_circuit_operator']) retrieved from /home/airflow/.local/lib/python3.7/site-packages/airflow/example_dags/example_short_circuit_operator.py
[2022-02-05 19:32:12,885] {logging_mixin.py:109} INFO - [2022-02-05 19:32:12,885] {dag.py:2396} INFO - Sync 1 DAGs
[2022-02-05 19:32:12,908] {logging_mixin.py:109} INFO - [2022-02-05 19:32:12,908] {dag.py:2935} INFO - Setting next_dagrun for example_short_circuit_operator to 2022-02-04T19:32:12.907751+00:00
[2022-02-05 19:32:12,929] {processor.py:171} INFO - Processing /home/airflow/.local/lib/python3.7/site-packages/airflow/example_dags/example_short_circuit_operator.py took 0.100 seconds
[2022-02-05 19:32:43,634] {processor.py:163} INFO - Started process (PID=1361) to work on /home/airflow/.local/lib/python3.7/site-packages/airflow/example_dags/example_short_circuit_operator.py
[2022-02-05 19:32:43,643] {processor.py:642} INFO - Processing file /home/airflow/.local/lib/python3.7/site-packages/airflow/example_dags/example_short_circuit_operator.py for tasks to queue
[2022-02-05 19:32:43,644] {logging_mixin.py:109} INFO - [2022-02-05 19:32:43,643] {dagbag.py:500} INFO - Filling up the DagBag from /home/airflow/.local/lib/python3.7/site-packages/airflow/example_dags/example_short_circuit_operator.py
[2022-02-05 19:32:43,666] {processor.py:654} INFO - DAG(s) dict_keys(['example_short_circuit_operator']) retrieved from /home/airflow/.local/lib/python3.7/site-packages/airflow/example_dags/example_short_circuit_operator.py
[2022-02-05 19:32:43,674] {logging_mixin.py:109} INFO - [2022-02-05 19:32:43,674] {dag.py:2396} INFO - Sync 1 DAGs
[2022-02-05 19:32:43,687] {logging_mixin.py:109} INFO - [2022-02-05 19:32:43,686] {dag.py:2935} INFO - Setting next_dagrun for example_short_circuit_operator to 2022-02-04T19:32:43.686592+00:00
[2022-02-05 19:32:43,717] {processor.py:171} INFO - Processing /home/airflow/.local/lib/python3.7/site-packages/airflow/example_dags/example_short_circuit_operator.py took 0.086 seconds
[2022-02-05 19:33:13,905] {processor.py:163} INFO - Started process (PID=1413) to work on /home/airflow/.local/lib/python3.7/site-packages/airflow/example_dags/example_short_circuit_operator.py
[2022-02-05 19:33:13,912] {processor.py:642} INFO - Processing file /home/airflow/.local/lib/python3.7/site-packages/airflow/example_dags/example_short_circuit_operator.py for tasks to queue
[2022-02-05 19:33:13,913] {logging_mixin.py:109} INFO - [2022-02-05 19:33:13,913] {dagbag.py:500} INFO - Filling up the DagBag from /home/airflow/.local/lib/python3.7/site-packages/airflow/example_dags/example_short_circuit_operator.py
[2022-02-05 19:33:13,939] {processor.py:654} INFO - DAG(s) dict_keys(['example_short_circuit_operator']) retrieved from /home/airflow/.local/lib/python3.7/site-packages/airflow/example_dags/example_short_circuit_operator.py
[2022-02-05 19:33:13,953] {logging_mixin.py:109} INFO - [2022-02-05 19:33:13,953] {dag.py:2396} INFO - Sync 1 DAGs
[2022-02-05 19:33:13,971] {logging_mixin.py:109} INFO - [2022-02-05 19:33:13,970] {dag.py:2935} INFO - Setting next_dagrun for example_short_circuit_operator to 2022-02-04T19:33:13.970633+00:00
[2022-02-05 19:33:13,980] {processor.py:171} INFO - Processing /home/airflow/.local/lib/python3.7/site-packages/airflow/example_dags/example_short_circuit_operator.py took 0.078 seconds
[2022-02-05 19:33:44,230] {processor.py:163} INFO - Started process (PID=1477) to work on /home/airflow/.local/lib/python3.7/site-packages/airflow/example_dags/example_short_circuit_operator.py
[2022-02-05 19:33:44,231] {processor.py:642} INFO - Processing file /home/airflow/.local/lib/python3.7/site-packages/airflow/example_dags/example_short_circuit_operator.py for tasks to queue
[2022-02-05 19:33:44,231] {logging_mixin.py:109} INFO - [2022-02-05 19:33:44,231] {dagbag.py:500} INFO - Filling up the DagBag from /home/airflow/.local/lib/python3.7/site-packages/airflow/example_dags/example_short_circuit_operator.py
[2022-02-05 19:33:44,254] {processor.py:654} INFO - DAG(s) dict_keys(['example_short_circuit_operator']) retrieved from /home/airflow/.local/lib/python3.7/site-packages/airflow/example_dags/example_short_circuit_operator.py
[2022-02-05 19:33:44,262] {logging_mixin.py:109} INFO - [2022-02-05 19:33:44,262] {dag.py:2396} INFO - Sync 1 DAGs
[2022-02-05 19:33:44,275] {logging_mixin.py:109} INFO - [2022-02-05 19:33:44,274] {dag.py:2935} INFO - Setting next_dagrun for example_short_circuit_operator to 2022-02-04T19:33:44.274681+00:00
[2022-02-05 19:33:44,283] {processor.py:171} INFO - Processing /home/airflow/.local/lib/python3.7/site-packages/airflow/example_dags/example_short_circuit_operator.py took 0.055 seconds
[2022-02-05 19:34:14,410] {processor.py:163} INFO - Started process (PID=1529) to work on /home/airflow/.local/lib/python3.7/site-packages/airflow/example_dags/example_short_circuit_operator.py
[2022-02-05 19:34:14,411] {processor.py:642} INFO - Processing file /home/airflow/.local/lib/python3.7/site-packages/airflow/example_dags/example_short_circuit_operator.py for tasks to queue
[2022-02-05 19:34:14,412] {logging_mixin.py:109} INFO - [2022-02-05 19:34:14,412] {dagbag.py:500} INFO - Filling up the DagBag from /home/airflow/.local/lib/python3.7/site-packages/airflow/example_dags/example_short_circuit_operator.py
[2022-02-05 19:34:14,434] {processor.py:654} INFO - DAG(s) dict_keys(['example_short_circuit_operator']) retrieved from /home/airflow/.local/lib/python3.7/site-packages/airflow/example_dags/example_short_circuit_operator.py
[2022-02-05 19:34:14,442] {logging_mixin.py:109} INFO - [2022-02-05 19:34:14,442] {dag.py:2396} INFO - Sync 1 DAGs
[2022-02-05 19:34:14,454] {logging_mixin.py:109} INFO - [2022-02-05 19:34:14,454] {dag.py:2935} INFO - Setting next_dagrun for example_short_circuit_operator to 2022-02-04T19:34:14.454329+00:00
[2022-02-05 19:34:14,462] {processor.py:171} INFO - Processing /home/airflow/.local/lib/python3.7/site-packages/airflow/example_dags/example_short_circuit_operator.py took 0.055 seconds
[2022-02-05 19:34:45,280] {processor.py:163} INFO - Started process (PID=1590) to work on /home/airflow/.local/lib/python3.7/site-packages/airflow/example_dags/example_short_circuit_operator.py
[2022-02-05 19:34:45,281] {processor.py:642} INFO - Processing file /home/airflow/.local/lib/python3.7/site-packages/airflow/example_dags/example_short_circuit_operator.py for tasks to queue
[2022-02-05 19:34:45,281] {logging_mixin.py:109} INFO - [2022-02-05 19:34:45,281] {dagbag.py:500} INFO - Filling up the DagBag from /home/airflow/.local/lib/python3.7/site-packages/airflow/example_dags/example_short_circuit_operator.py
[2022-02-05 19:34:45,304] {processor.py:654} INFO - DAG(s) dict_keys(['example_short_circuit_operator']) retrieved from /home/airflow/.local/lib/python3.7/site-packages/airflow/example_dags/example_short_circuit_operator.py
[2022-02-05 19:34:45,314] {logging_mixin.py:109} INFO - [2022-02-05 19:34:45,314] {dag.py:2396} INFO - Sync 1 DAGs
[2022-02-05 19:34:45,327] {logging_mixin.py:109} INFO - [2022-02-05 19:34:45,327] {dag.py:2935} INFO - Setting next_dagrun for example_short_circuit_operator to 2022-02-04T19:34:45.327556+00:00
[2022-02-05 19:34:45,335] {processor.py:171} INFO - Processing /home/airflow/.local/lib/python3.7/site-packages/airflow/example_dags/example_short_circuit_operator.py took 0.058 seconds
[2022-02-05 19:35:15,560] {processor.py:163} INFO - Started process (PID=1652) to work on /home/airflow/.local/lib/python3.7/site-packages/airflow/example_dags/example_short_circuit_operator.py
[2022-02-05 19:35:15,561] {processor.py:642} INFO - Processing file /home/airflow/.local/lib/python3.7/site-packages/airflow/example_dags/example_short_circuit_operator.py for tasks to queue
[2022-02-05 19:35:15,562] {logging_mixin.py:109} INFO - [2022-02-05 19:35:15,562] {dagbag.py:500} INFO - Filling up the DagBag from /home/airflow/.local/lib/python3.7/site-packages/airflow/example_dags/example_short_circuit_operator.py
[2022-02-05 19:35:15,585] {processor.py:654} INFO - DAG(s) dict_keys(['example_short_circuit_operator']) retrieved from /home/airflow/.local/lib/python3.7/site-packages/airflow/example_dags/example_short_circuit_operator.py
[2022-02-05 19:35:15,596] {logging_mixin.py:109} INFO - [2022-02-05 19:35:15,596] {dag.py:2396} INFO - Sync 1 DAGs
[2022-02-05 19:35:15,610] {logging_mixin.py:109} INFO - [2022-02-05 19:35:15,609] {dag.py:2935} INFO - Setting next_dagrun for example_short_circuit_operator to 2022-02-04T19:35:15.609634+00:00
[2022-02-05 19:35:15,618] {processor.py:171} INFO - Processing /home/airflow/.local/lib/python3.7/site-packages/airflow/example_dags/example_short_circuit_operator.py took 0.061 seconds
[2022-02-05 19:35:45,691] {processor.py:163} INFO - Started process (PID=1704) to work on /home/airflow/.local/lib/python3.7/site-packages/airflow/example_dags/example_short_circuit_operator.py
[2022-02-05 19:35:45,692] {processor.py:642} INFO - Processing file /home/airflow/.local/lib/python3.7/site-packages/airflow/example_dags/example_short_circuit_operator.py for tasks to queue
[2022-02-05 19:35:45,692] {logging_mixin.py:109} INFO - [2022-02-05 19:35:45,692] {dagbag.py:500} INFO - Filling up the DagBag from /home/airflow/.local/lib/python3.7/site-packages/airflow/example_dags/example_short_circuit_operator.py
[2022-02-05 19:35:45,719] {processor.py:654} INFO - DAG(s) dict_keys(['example_short_circuit_operator']) retrieved from /home/airflow/.local/lib/python3.7/site-packages/airflow/example_dags/example_short_circuit_operator.py
[2022-02-05 19:35:45,728] {logging_mixin.py:109} INFO - [2022-02-05 19:35:45,728] {dag.py:2396} INFO - Sync 1 DAGs
[2022-02-05 19:35:45,741] {logging_mixin.py:109} INFO - [2022-02-05 19:35:45,741] {dag.py:2935} INFO - Setting next_dagrun for example_short_circuit_operator to 2022-02-04T19:35:45.740925+00:00
[2022-02-05 19:35:45,749] {processor.py:171} INFO - Processing /home/airflow/.local/lib/python3.7/site-packages/airflow/example_dags/example_short_circuit_operator.py took 0.061 seconds
[2022-02-05 19:36:15,842] {processor.py:163} INFO - Started process (PID=1767) to work on /home/airflow/.local/lib/python3.7/site-packages/airflow/example_dags/example_short_circuit_operator.py
[2022-02-05 19:36:15,843] {processor.py:642} INFO - Processing file /home/airflow/.local/lib/python3.7/site-packages/airflow/example_dags/example_short_circuit_operator.py for tasks to queue
[2022-02-05 19:36:15,844] {logging_mixin.py:109} INFO - [2022-02-05 19:36:15,844] {dagbag.py:500} INFO - Filling up the DagBag from /home/airflow/.local/lib/python3.7/site-packages/airflow/example_dags/example_short_circuit_operator.py
[2022-02-05 19:36:15,865] {processor.py:654} INFO - DAG(s) dict_keys(['example_short_circuit_operator']) retrieved from /home/airflow/.local/lib/python3.7/site-packages/airflow/example_dags/example_short_circuit_operator.py
[2022-02-05 19:36:15,872] {logging_mixin.py:109} INFO - [2022-02-05 19:36:15,872] {dag.py:2396} INFO - Sync 1 DAGs
[2022-02-05 19:36:15,890] {logging_mixin.py:109} INFO - [2022-02-05 19:36:15,890] {dag.py:2935} INFO - Setting next_dagrun for example_short_circuit_operator to 2022-02-04T19:36:15.889728+00:00
[2022-02-05 19:36:15,899] {processor.py:171} INFO - Processing /home/airflow/.local/lib/python3.7/site-packages/airflow/example_dags/example_short_circuit_operator.py took 0.060 seconds
[2022-02-05 19:36:45,949] {processor.py:163} INFO - Started process (PID=1818) to work on /home/airflow/.local/lib/python3.7/site-packages/airflow/example_dags/example_short_circuit_operator.py
[2022-02-05 19:36:45,955] {processor.py:642} INFO - Processing file /home/airflow/.local/lib/python3.7/site-packages/airflow/example_dags/example_short_circuit_operator.py for tasks to queue
[2022-02-05 19:36:45,955] {logging_mixin.py:109} INFO - [2022-02-05 19:36:45,955] {dagbag.py:500} INFO - Filling up the DagBag from /home/airflow/.local/lib/python3.7/site-packages/airflow/example_dags/example_short_circuit_operator.py
[2022-02-05 19:36:45,979] {processor.py:654} INFO - DAG(s) dict_keys(['example_short_circuit_operator']) retrieved from /home/airflow/.local/lib/python3.7/site-packages/airflow/example_dags/example_short_circuit_operator.py
[2022-02-05 19:36:45,989] {logging_mixin.py:109} INFO - [2022-02-05 19:36:45,989] {dag.py:2396} INFO - Sync 1 DAGs
[2022-02-05 19:36:46,003] {logging_mixin.py:109} INFO - [2022-02-05 19:36:46,003] {dag.py:2935} INFO - Setting next_dagrun for example_short_circuit_operator to 2022-02-04T19:36:46.002985+00:00
[2022-02-05 19:36:46,013] {processor.py:171} INFO - Processing /home/airflow/.local/lib/python3.7/site-packages/airflow/example_dags/example_short_circuit_operator.py took 0.066 seconds
[2022-02-05 19:37:16,194] {processor.py:163} INFO - Started process (PID=1880) to work on /home/airflow/.local/lib/python3.7/site-packages/airflow/example_dags/example_short_circuit_operator.py
[2022-02-05 19:37:16,195] {processor.py:642} INFO - Processing file /home/airflow/.local/lib/python3.7/site-packages/airflow/example_dags/example_short_circuit_operator.py for tasks to queue
[2022-02-05 19:37:16,196] {logging_mixin.py:109} INFO - [2022-02-05 19:37:16,196] {dagbag.py:500} INFO - Filling up the DagBag from /home/airflow/.local/lib/python3.7/site-packages/airflow/example_dags/example_short_circuit_operator.py
[2022-02-05 19:37:16,223] {processor.py:654} INFO - DAG(s) dict_keys(['example_short_circuit_operator']) retrieved from /home/airflow/.local/lib/python3.7/site-packages/airflow/example_dags/example_short_circuit_operator.py
[2022-02-05 19:37:16,234] {logging_mixin.py:109} INFO - [2022-02-05 19:37:16,234] {dag.py:2396} INFO - Sync 1 DAGs
[2022-02-05 19:37:16,250] {logging_mixin.py:109} INFO - [2022-02-05 19:37:16,250] {dag.py:2935} INFO - Setting next_dagrun for example_short_circuit_operator to 2022-02-04T19:37:16.250045+00:00
[2022-02-05 19:37:16,264] {processor.py:171} INFO - Processing /home/airflow/.local/lib/python3.7/site-packages/airflow/example_dags/example_short_circuit_operator.py took 0.073 seconds
[2022-02-05 19:37:46,746] {processor.py:163} INFO - Started process (PID=1933) to work on /home/airflow/.local/lib/python3.7/site-packages/airflow/example_dags/example_short_circuit_operator.py
[2022-02-05 19:37:46,748] {processor.py:642} INFO - Processing file /home/airflow/.local/lib/python3.7/site-packages/airflow/example_dags/example_short_circuit_operator.py for tasks to queue
[2022-02-05 19:37:46,749] {logging_mixin.py:109} INFO - [2022-02-05 19:37:46,749] {dagbag.py:500} INFO - Filling up the DagBag from /home/airflow/.local/lib/python3.7/site-packages/airflow/example_dags/example_short_circuit_operator.py
[2022-02-05 19:37:46,777] {processor.py:654} INFO - DAG(s) dict_keys(['example_short_circuit_operator']) retrieved from /home/airflow/.local/lib/python3.7/site-packages/airflow/example_dags/example_short_circuit_operator.py
[2022-02-05 19:37:46,787] {logging_mixin.py:109} INFO - [2022-02-05 19:37:46,787] {dag.py:2396} INFO - Sync 1 DAGs
[2022-02-05 19:37:46,805] {logging_mixin.py:109} INFO - [2022-02-05 19:37:46,805] {dag.py:2935} INFO - Setting next_dagrun for example_short_circuit_operator to 2022-02-04T19:37:46.805355+00:00
[2022-02-05 19:37:46,817] {processor.py:171} INFO - Processing /home/airflow/.local/lib/python3.7/site-packages/airflow/example_dags/example_short_circuit_operator.py took 0.074 seconds
[2022-02-05 19:38:17,418] {processor.py:163} INFO - Started process (PID=1996) to work on /home/airflow/.local/lib/python3.7/site-packages/airflow/example_dags/example_short_circuit_operator.py
[2022-02-05 19:38:17,420] {processor.py:642} INFO - Processing file /home/airflow/.local/lib/python3.7/site-packages/airflow/example_dags/example_short_circuit_operator.py for tasks to queue
[2022-02-05 19:38:17,420] {logging_mixin.py:109} INFO - [2022-02-05 19:38:17,420] {dagbag.py:500} INFO - Filling up the DagBag from /home/airflow/.local/lib/python3.7/site-packages/airflow/example_dags/example_short_circuit_operator.py
[2022-02-05 19:38:17,447] {processor.py:654} INFO - DAG(s) dict_keys(['example_short_circuit_operator']) retrieved from /home/airflow/.local/lib/python3.7/site-packages/airflow/example_dags/example_short_circuit_operator.py
[2022-02-05 19:38:17,456] {logging_mixin.py:109} INFO - [2022-02-05 19:38:17,456] {dag.py:2396} INFO - Sync 1 DAGs
[2022-02-05 19:38:17,473] {logging_mixin.py:109} INFO - [2022-02-05 19:38:17,473] {dag.py:2935} INFO - Setting next_dagrun for example_short_circuit_operator to 2022-02-04T19:38:17.473253+00:00
[2022-02-05 19:38:17,482] {processor.py:171} INFO - Processing /home/airflow/.local/lib/python3.7/site-packages/airflow/example_dags/example_short_circuit_operator.py took 0.067 seconds
[2022-02-05 19:38:48,032] {processor.py:163} INFO - Started process (PID=2050) to work on /home/airflow/.local/lib/python3.7/site-packages/airflow/example_dags/example_short_circuit_operator.py
[2022-02-05 19:38:48,035] {processor.py:642} INFO - Processing file /home/airflow/.local/lib/python3.7/site-packages/airflow/example_dags/example_short_circuit_operator.py for tasks to queue
[2022-02-05 19:38:48,036] {logging_mixin.py:109} INFO - [2022-02-05 19:38:48,036] {dagbag.py:500} INFO - Filling up the DagBag from /home/airflow/.local/lib/python3.7/site-packages/airflow/example_dags/example_short_circuit_operator.py
[2022-02-05 19:38:48,060] {processor.py:654} INFO - DAG(s) dict_keys(['example_short_circuit_operator']) retrieved from /home/airflow/.local/lib/python3.7/site-packages/airflow/example_dags/example_short_circuit_operator.py
[2022-02-05 19:38:48,069] {logging_mixin.py:109} INFO - [2022-02-05 19:38:48,069] {dag.py:2396} INFO - Sync 1 DAGs
[2022-02-05 19:38:48,082] {logging_mixin.py:109} INFO - [2022-02-05 19:38:48,082] {dag.py:2935} INFO - Setting next_dagrun for example_short_circuit_operator to 2022-02-04T19:38:48.082578+00:00
[2022-02-05 19:38:48,092] {processor.py:171} INFO - Processing /home/airflow/.local/lib/python3.7/site-packages/airflow/example_dags/example_short_circuit_operator.py took 0.062 seconds
[2022-02-05 19:39:18,521] {processor.py:163} INFO - Started process (PID=2113) to work on /home/airflow/.local/lib/python3.7/site-packages/airflow/example_dags/example_short_circuit_operator.py
[2022-02-05 19:39:18,522] {processor.py:642} INFO - Processing file /home/airflow/.local/lib/python3.7/site-packages/airflow/example_dags/example_short_circuit_operator.py for tasks to queue
[2022-02-05 19:39:18,523] {logging_mixin.py:109} INFO - [2022-02-05 19:39:18,523] {dagbag.py:500} INFO - Filling up the DagBag from /home/airflow/.local/lib/python3.7/site-packages/airflow/example_dags/example_short_circuit_operator.py
[2022-02-05 19:39:18,560] {processor.py:654} INFO - DAG(s) dict_keys(['example_short_circuit_operator']) retrieved from /home/airflow/.local/lib/python3.7/site-packages/airflow/example_dags/example_short_circuit_operator.py
[2022-02-05 19:39:18,573] {logging_mixin.py:109} INFO - [2022-02-05 19:39:18,573] {dag.py:2396} INFO - Sync 1 DAGs
[2022-02-05 19:39:18,599] {logging_mixin.py:109} INFO - [2022-02-05 19:39:18,599] {dag.py:2935} INFO - Setting next_dagrun for example_short_circuit_operator to 2022-02-04T19:39:18.598641+00:00
[2022-02-05 19:39:18,611] {processor.py:171} INFO - Processing /home/airflow/.local/lib/python3.7/site-packages/airflow/example_dags/example_short_circuit_operator.py took 0.094 seconds
[2022-02-05 19:39:50,111] {processor.py:163} INFO - Started process (PID=2170) to work on /home/airflow/.local/lib/python3.7/site-packages/airflow/example_dags/example_short_circuit_operator.py
[2022-02-05 19:39:50,118] {processor.py:642} INFO - Processing file /home/airflow/.local/lib/python3.7/site-packages/airflow/example_dags/example_short_circuit_operator.py for tasks to queue
[2022-02-05 19:39:50,119] {logging_mixin.py:109} INFO - [2022-02-05 19:39:50,119] {dagbag.py:500} INFO - Filling up the DagBag from /home/airflow/.local/lib/python3.7/site-packages/airflow/example_dags/example_short_circuit_operator.py
[2022-02-05 19:39:50,171] {processor.py:654} INFO - DAG(s) dict_keys(['example_short_circuit_operator']) retrieved from /home/airflow/.local/lib/python3.7/site-packages/airflow/example_dags/example_short_circuit_operator.py
[2022-02-05 19:39:50,190] {logging_mixin.py:109} INFO - [2022-02-05 19:39:50,190] {dag.py:2396} INFO - Sync 1 DAGs
[2022-02-05 19:39:50,220] {logging_mixin.py:109} INFO - [2022-02-05 19:39:50,220] {dag.py:2935} INFO - Setting next_dagrun for example_short_circuit_operator to 2022-02-04T19:39:50.219821+00:00
[2022-02-05 19:39:50,366] {processor.py:171} INFO - Processing /home/airflow/.local/lib/python3.7/site-packages/airflow/example_dags/example_short_circuit_operator.py took 0.263 seconds
[2022-02-05 19:40:20,467] {processor.py:163} INFO - Started process (PID=2227) to work on /home/airflow/.local/lib/python3.7/site-packages/airflow/example_dags/example_short_circuit_operator.py
[2022-02-05 19:40:20,469] {processor.py:642} INFO - Processing file /home/airflow/.local/lib/python3.7/site-packages/airflow/example_dags/example_short_circuit_operator.py for tasks to queue
[2022-02-05 19:40:20,470] {logging_mixin.py:109} INFO - [2022-02-05 19:40:20,470] {dagbag.py:500} INFO - Filling up the DagBag from /home/airflow/.local/lib/python3.7/site-packages/airflow/example_dags/example_short_circuit_operator.py
[2022-02-05 19:40:20,517] {processor.py:654} INFO - DAG(s) dict_keys(['example_short_circuit_operator']) retrieved from /home/airflow/.local/lib/python3.7/site-packages/airflow/example_dags/example_short_circuit_operator.py
[2022-02-05 19:40:20,536] {logging_mixin.py:109} INFO - [2022-02-05 19:40:20,535] {dag.py:2396} INFO - Sync 1 DAGs
[2022-02-05 19:40:20,701] {logging_mixin.py:109} INFO - [2022-02-05 19:40:20,701] {dag.py:2935} INFO - Setting next_dagrun for example_short_circuit_operator to 2022-02-04T19:40:20.701303+00:00
[2022-02-05 19:40:20,718] {processor.py:171} INFO - Processing /home/airflow/.local/lib/python3.7/site-packages/airflow/example_dags/example_short_circuit_operator.py took 0.256 seconds
[2022-02-05 19:40:50,741] {processor.py:163} INFO - Started process (PID=2290) to work on /home/airflow/.local/lib/python3.7/site-packages/airflow/example_dags/example_short_circuit_operator.py
[2022-02-05 19:40:50,742] {processor.py:642} INFO - Processing file /home/airflow/.local/lib/python3.7/site-packages/airflow/example_dags/example_short_circuit_operator.py for tasks to queue
[2022-02-05 19:40:50,743] {logging_mixin.py:109} INFO - [2022-02-05 19:40:50,743] {dagbag.py:500} INFO - Filling up the DagBag from /home/airflow/.local/lib/python3.7/site-packages/airflow/example_dags/example_short_circuit_operator.py
[2022-02-05 19:40:50,774] {processor.py:654} INFO - DAG(s) dict_keys(['example_short_circuit_operator']) retrieved from /home/airflow/.local/lib/python3.7/site-packages/airflow/example_dags/example_short_circuit_operator.py
[2022-02-05 19:40:50,787] {logging_mixin.py:109} INFO - [2022-02-05 19:40:50,786] {dag.py:2396} INFO - Sync 1 DAGs
[2022-02-05 19:40:50,892] {logging_mixin.py:109} INFO - [2022-02-05 19:40:50,892] {dag.py:2935} INFO - Setting next_dagrun for example_short_circuit_operator to 2022-02-04T19:40:50.891759+00:00
[2022-02-05 19:40:50,904] {processor.py:171} INFO - Processing /home/airflow/.local/lib/python3.7/site-packages/airflow/example_dags/example_short_circuit_operator.py took 0.167 seconds
[2022-02-05 19:41:21,419] {processor.py:163} INFO - Started process (PID=2343) to work on /home/airflow/.local/lib/python3.7/site-packages/airflow/example_dags/example_short_circuit_operator.py
[2022-02-05 19:41:21,422] {processor.py:642} INFO - Processing file /home/airflow/.local/lib/python3.7/site-packages/airflow/example_dags/example_short_circuit_operator.py for tasks to queue
[2022-02-05 19:41:21,422] {logging_mixin.py:109} INFO - [2022-02-05 19:41:21,422] {dagbag.py:500} INFO - Filling up the DagBag from /home/airflow/.local/lib/python3.7/site-packages/airflow/example_dags/example_short_circuit_operator.py
[2022-02-05 19:41:21,447] {processor.py:654} INFO - DAG(s) dict_keys(['example_short_circuit_operator']) retrieved from /home/airflow/.local/lib/python3.7/site-packages/airflow/example_dags/example_short_circuit_operator.py
[2022-02-05 19:41:21,456] {logging_mixin.py:109} INFO - [2022-02-05 19:41:21,456] {dag.py:2396} INFO - Sync 1 DAGs
[2022-02-05 19:41:21,550] {logging_mixin.py:109} INFO - [2022-02-05 19:41:21,550] {dag.py:2935} INFO - Setting next_dagrun for example_short_circuit_operator to 2022-02-04T19:41:21.550545+00:00
[2022-02-05 19:41:21,562] {processor.py:171} INFO - Processing /home/airflow/.local/lib/python3.7/site-packages/airflow/example_dags/example_short_circuit_operator.py took 0.146 seconds
[2022-02-05 19:41:52,107] {processor.py:163} INFO - Started process (PID=2405) to work on /home/airflow/.local/lib/python3.7/site-packages/airflow/example_dags/example_short_circuit_operator.py
[2022-02-05 19:41:52,109] {processor.py:642} INFO - Processing file /home/airflow/.local/lib/python3.7/site-packages/airflow/example_dags/example_short_circuit_operator.py for tasks to queue
[2022-02-05 19:41:52,109] {logging_mixin.py:109} INFO - [2022-02-05 19:41:52,109] {dagbag.py:500} INFO - Filling up the DagBag from /home/airflow/.local/lib/python3.7/site-packages/airflow/example_dags/example_short_circuit_operator.py
[2022-02-05 19:41:52,133] {processor.py:654} INFO - DAG(s) dict_keys(['example_short_circuit_operator']) retrieved from /home/airflow/.local/lib/python3.7/site-packages/airflow/example_dags/example_short_circuit_operator.py
[2022-02-05 19:41:52,219] {logging_mixin.py:109} INFO - [2022-02-05 19:41:52,219] {dag.py:2396} INFO - Sync 1 DAGs
[2022-02-05 19:41:52,229] {logging_mixin.py:109} INFO - [2022-02-05 19:41:52,229] {dag.py:2935} INFO - Setting next_dagrun for example_short_circuit_operator to 2022-02-04T19:41:52.229676+00:00
[2022-02-05 19:41:52,239] {processor.py:171} INFO - Processing /home/airflow/.local/lib/python3.7/site-packages/airflow/example_dags/example_short_circuit_operator.py took 0.135 seconds
[2022-02-05 19:42:22,736] {processor.py:163} INFO - Started process (PID=2457) to work on /home/airflow/.local/lib/python3.7/site-packages/airflow/example_dags/example_short_circuit_operator.py
[2022-02-05 19:42:22,740] {processor.py:642} INFO - Processing file /home/airflow/.local/lib/python3.7/site-packages/airflow/example_dags/example_short_circuit_operator.py for tasks to queue
[2022-02-05 19:42:22,741] {logging_mixin.py:109} INFO - [2022-02-05 19:42:22,741] {dagbag.py:500} INFO - Filling up the DagBag from /home/airflow/.local/lib/python3.7/site-packages/airflow/example_dags/example_short_circuit_operator.py
[2022-02-05 19:42:23,047] {processor.py:654} INFO - DAG(s) dict_keys(['example_short_circuit_operator']) retrieved from /home/airflow/.local/lib/python3.7/site-packages/airflow/example_dags/example_short_circuit_operator.py
[2022-02-05 19:42:23,083] {logging_mixin.py:109} INFO - [2022-02-05 19:42:23,083] {dag.py:2396} INFO - Sync 1 DAGs
[2022-02-05 19:42:23,118] {logging_mixin.py:109} INFO - [2022-02-05 19:42:23,117] {dag.py:2935} INFO - Setting next_dagrun for example_short_circuit_operator to 2022-02-04T19:42:23.117454+00:00
[2022-02-05 19:42:23,156] {processor.py:171} INFO - Processing /home/airflow/.local/lib/python3.7/site-packages/airflow/example_dags/example_short_circuit_operator.py took 0.432 seconds
[2022-02-05 19:42:53,224] {processor.py:163} INFO - Started process (PID=2520) to work on /home/airflow/.local/lib/python3.7/site-packages/airflow/example_dags/example_short_circuit_operator.py
[2022-02-05 19:42:53,225] {processor.py:642} INFO - Processing file /home/airflow/.local/lib/python3.7/site-packages/airflow/example_dags/example_short_circuit_operator.py for tasks to queue
[2022-02-05 19:42:53,225] {logging_mixin.py:109} INFO - [2022-02-05 19:42:53,225] {dagbag.py:500} INFO - Filling up the DagBag from /home/airflow/.local/lib/python3.7/site-packages/airflow/example_dags/example_short_circuit_operator.py
[2022-02-05 19:42:53,335] {processor.py:654} INFO - DAG(s) dict_keys(['example_short_circuit_operator']) retrieved from /home/airflow/.local/lib/python3.7/site-packages/airflow/example_dags/example_short_circuit_operator.py
[2022-02-05 19:42:53,343] {logging_mixin.py:109} INFO - [2022-02-05 19:42:53,343] {dag.py:2396} INFO - Sync 1 DAGs
[2022-02-05 19:42:53,356] {logging_mixin.py:109} INFO - [2022-02-05 19:42:53,356] {dag.py:2935} INFO - Setting next_dagrun for example_short_circuit_operator to 2022-02-04T19:42:53.356556+00:00
[2022-02-05 19:42:53,368] {processor.py:171} INFO - Processing /home/airflow/.local/lib/python3.7/site-packages/airflow/example_dags/example_short_circuit_operator.py took 0.147 seconds
[2022-02-05 19:43:24,220] {processor.py:163} INFO - Started process (PID=2572) to work on /home/airflow/.local/lib/python3.7/site-packages/airflow/example_dags/example_short_circuit_operator.py
[2022-02-05 19:43:24,221] {processor.py:642} INFO - Processing file /home/airflow/.local/lib/python3.7/site-packages/airflow/example_dags/example_short_circuit_operator.py for tasks to queue
[2022-02-05 19:43:24,222] {logging_mixin.py:109} INFO - [2022-02-05 19:43:24,221] {dagbag.py:500} INFO - Filling up the DagBag from /home/airflow/.local/lib/python3.7/site-packages/airflow/example_dags/example_short_circuit_operator.py
[2022-02-05 19:43:24,333] {processor.py:654} INFO - DAG(s) dict_keys(['example_short_circuit_operator']) retrieved from /home/airflow/.local/lib/python3.7/site-packages/airflow/example_dags/example_short_circuit_operator.py
[2022-02-05 19:43:24,341] {logging_mixin.py:109} INFO - [2022-02-05 19:43:24,341] {dag.py:2396} INFO - Sync 1 DAGs
[2022-02-05 19:43:24,355] {logging_mixin.py:109} INFO - [2022-02-05 19:43:24,355] {dag.py:2935} INFO - Setting next_dagrun for example_short_circuit_operator to 2022-02-04T19:43:24.355600+00:00
[2022-02-05 19:43:24,376] {processor.py:171} INFO - Processing /home/airflow/.local/lib/python3.7/site-packages/airflow/example_dags/example_short_circuit_operator.py took 0.159 seconds
[2022-02-05 19:43:54,513] {processor.py:163} INFO - Started process (PID=2638) to work on /home/airflow/.local/lib/python3.7/site-packages/airflow/example_dags/example_short_circuit_operator.py
[2022-02-05 19:43:54,515] {processor.py:642} INFO - Processing file /home/airflow/.local/lib/python3.7/site-packages/airflow/example_dags/example_short_circuit_operator.py for tasks to queue
[2022-02-05 19:43:54,515] {logging_mixin.py:109} INFO - [2022-02-05 19:43:54,515] {dagbag.py:500} INFO - Filling up the DagBag from /home/airflow/.local/lib/python3.7/site-packages/airflow/example_dags/example_short_circuit_operator.py
[2022-02-05 19:43:54,617] {processor.py:654} INFO - DAG(s) dict_keys(['example_short_circuit_operator']) retrieved from /home/airflow/.local/lib/python3.7/site-packages/airflow/example_dags/example_short_circuit_operator.py
[2022-02-05 19:43:54,625] {logging_mixin.py:109} INFO - [2022-02-05 19:43:54,625] {dag.py:2396} INFO - Sync 1 DAGs
[2022-02-05 19:43:54,637] {logging_mixin.py:109} INFO - [2022-02-05 19:43:54,637] {dag.py:2935} INFO - Setting next_dagrun for example_short_circuit_operator to 2022-02-04T19:43:54.637211+00:00
[2022-02-05 19:43:54,647] {processor.py:171} INFO - Processing /home/airflow/.local/lib/python3.7/site-packages/airflow/example_dags/example_short_circuit_operator.py took 0.137 seconds
[2022-02-05 19:44:24,830] {processor.py:163} INFO - Started process (PID=2693) to work on /home/airflow/.local/lib/python3.7/site-packages/airflow/example_dags/example_short_circuit_operator.py
[2022-02-05 19:44:24,831] {processor.py:642} INFO - Processing file /home/airflow/.local/lib/python3.7/site-packages/airflow/example_dags/example_short_circuit_operator.py for tasks to queue
[2022-02-05 19:44:24,831] {logging_mixin.py:109} INFO - [2022-02-05 19:44:24,831] {dagbag.py:500} INFO - Filling up the DagBag from /home/airflow/.local/lib/python3.7/site-packages/airflow/example_dags/example_short_circuit_operator.py
[2022-02-05 19:44:24,929] {processor.py:654} INFO - DAG(s) dict_keys(['example_short_circuit_operator']) retrieved from /home/airflow/.local/lib/python3.7/site-packages/airflow/example_dags/example_short_circuit_operator.py
[2022-02-05 19:44:24,936] {logging_mixin.py:109} INFO - [2022-02-05 19:44:24,936] {dag.py:2396} INFO - Sync 1 DAGs
[2022-02-05 19:44:24,947] {logging_mixin.py:109} INFO - [2022-02-05 19:44:24,947] {dag.py:2935} INFO - Setting next_dagrun for example_short_circuit_operator to 2022-02-04T19:44:24.947465+00:00
[2022-02-05 19:44:24,955] {processor.py:171} INFO - Processing /home/airflow/.local/lib/python3.7/site-packages/airflow/example_dags/example_short_circuit_operator.py took 0.128 seconds
[2022-02-05 19:44:55,030] {processor.py:163} INFO - Started process (PID=2755) to work on /home/airflow/.local/lib/python3.7/site-packages/airflow/example_dags/example_short_circuit_operator.py
[2022-02-05 19:44:55,032] {processor.py:642} INFO - Processing file /home/airflow/.local/lib/python3.7/site-packages/airflow/example_dags/example_short_circuit_operator.py for tasks to queue
[2022-02-05 19:44:55,033] {logging_mixin.py:109} INFO - [2022-02-05 19:44:55,033] {dagbag.py:500} INFO - Filling up the DagBag from /home/airflow/.local/lib/python3.7/site-packages/airflow/example_dags/example_short_circuit_operator.py
[2022-02-05 19:44:55,064] {processor.py:654} INFO - DAG(s) dict_keys(['example_short_circuit_operator']) retrieved from /home/airflow/.local/lib/python3.7/site-packages/airflow/example_dags/example_short_circuit_operator.py
[2022-02-05 19:44:55,077] {logging_mixin.py:109} INFO - [2022-02-05 19:44:55,076] {dag.py:2396} INFO - Sync 1 DAGs
[2022-02-05 19:44:55,101] {logging_mixin.py:109} INFO - [2022-02-05 19:44:55,101] {dag.py:2935} INFO - Setting next_dagrun for example_short_circuit_operator to 2022-02-04T19:44:55.101017+00:00
[2022-02-05 19:44:55,133] {processor.py:171} INFO - Processing /home/airflow/.local/lib/python3.7/site-packages/airflow/example_dags/example_short_circuit_operator.py took 0.107 seconds
[2022-02-05 19:45:25,897] {processor.py:163} INFO - Started process (PID=2807) to work on /home/airflow/.local/lib/python3.7/site-packages/airflow/example_dags/example_short_circuit_operator.py
[2022-02-05 19:45:25,897] {processor.py:642} INFO - Processing file /home/airflow/.local/lib/python3.7/site-packages/airflow/example_dags/example_short_circuit_operator.py for tasks to queue
[2022-02-05 19:45:25,898] {logging_mixin.py:109} INFO - [2022-02-05 19:45:25,898] {dagbag.py:500} INFO - Filling up the DagBag from /home/airflow/.local/lib/python3.7/site-packages/airflow/example_dags/example_short_circuit_operator.py
[2022-02-05 19:45:25,921] {processor.py:654} INFO - DAG(s) dict_keys(['example_short_circuit_operator']) retrieved from /home/airflow/.local/lib/python3.7/site-packages/airflow/example_dags/example_short_circuit_operator.py
[2022-02-05 19:45:25,931] {logging_mixin.py:109} INFO - [2022-02-05 19:45:25,930] {dag.py:2396} INFO - Sync 1 DAGs
[2022-02-05 19:45:25,943] {logging_mixin.py:109} INFO - [2022-02-05 19:45:25,943] {dag.py:2935} INFO - Setting next_dagrun for example_short_circuit_operator to 2022-02-04T19:45:25.942800+00:00
[2022-02-05 19:45:25,951] {processor.py:171} INFO - Processing /home/airflow/.local/lib/python3.7/site-packages/airflow/example_dags/example_short_circuit_operator.py took 0.056 seconds
[2022-02-05 19:45:56,734] {processor.py:163} INFO - Started process (PID=2870) to work on /home/airflow/.local/lib/python3.7/site-packages/airflow/example_dags/example_short_circuit_operator.py
[2022-02-05 19:45:56,735] {processor.py:642} INFO - Processing file /home/airflow/.local/lib/python3.7/site-packages/airflow/example_dags/example_short_circuit_operator.py for tasks to queue
[2022-02-05 19:45:56,736] {logging_mixin.py:109} INFO - [2022-02-05 19:45:56,736] {dagbag.py:500} INFO - Filling up the DagBag from /home/airflow/.local/lib/python3.7/site-packages/airflow/example_dags/example_short_circuit_operator.py
[2022-02-05 19:45:56,759] {processor.py:654} INFO - DAG(s) dict_keys(['example_short_circuit_operator']) retrieved from /home/airflow/.local/lib/python3.7/site-packages/airflow/example_dags/example_short_circuit_operator.py
[2022-02-05 19:45:56,768] {logging_mixin.py:109} INFO - [2022-02-05 19:45:56,768] {dag.py:2396} INFO - Sync 1 DAGs
[2022-02-05 19:45:56,781] {logging_mixin.py:109} INFO - [2022-02-05 19:45:56,780] {dag.py:2935} INFO - Setting next_dagrun for example_short_circuit_operator to 2022-02-04T19:45:56.780733+00:00
[2022-02-05 19:45:56,790] {processor.py:171} INFO - Processing /home/airflow/.local/lib/python3.7/site-packages/airflow/example_dags/example_short_circuit_operator.py took 0.058 seconds
[2022-02-05 19:46:27,581] {processor.py:163} INFO - Started process (PID=2931) to work on /home/airflow/.local/lib/python3.7/site-packages/airflow/example_dags/example_short_circuit_operator.py
[2022-02-05 19:46:27,582] {processor.py:642} INFO - Processing file /home/airflow/.local/lib/python3.7/site-packages/airflow/example_dags/example_short_circuit_operator.py for tasks to queue
[2022-02-05 19:46:27,582] {logging_mixin.py:109} INFO - [2022-02-05 19:46:27,582] {dagbag.py:500} INFO - Filling up the DagBag from /home/airflow/.local/lib/python3.7/site-packages/airflow/example_dags/example_short_circuit_operator.py
[2022-02-05 19:46:27,605] {processor.py:654} INFO - DAG(s) dict_keys(['example_short_circuit_operator']) retrieved from /home/airflow/.local/lib/python3.7/site-packages/airflow/example_dags/example_short_circuit_operator.py
[2022-02-05 19:46:27,614] {logging_mixin.py:109} INFO - [2022-02-05 19:46:27,614] {dag.py:2396} INFO - Sync 1 DAGs
[2022-02-05 19:46:27,628] {logging_mixin.py:109} INFO - [2022-02-05 19:46:27,628] {dag.py:2935} INFO - Setting next_dagrun for example_short_circuit_operator to 2022-02-04T19:46:27.628070+00:00
[2022-02-05 19:46:27,636] {processor.py:171} INFO - Processing /home/airflow/.local/lib/python3.7/site-packages/airflow/example_dags/example_short_circuit_operator.py took 0.058 seconds
[2022-02-05 19:46:58,332] {processor.py:163} INFO - Started process (PID=2983) to work on /home/airflow/.local/lib/python3.7/site-packages/airflow/example_dags/example_short_circuit_operator.py
[2022-02-05 19:46:58,335] {processor.py:642} INFO - Processing file /home/airflow/.local/lib/python3.7/site-packages/airflow/example_dags/example_short_circuit_operator.py for tasks to queue
[2022-02-05 19:46:58,336] {logging_mixin.py:109} INFO - [2022-02-05 19:46:58,336] {dagbag.py:500} INFO - Filling up the DagBag from /home/airflow/.local/lib/python3.7/site-packages/airflow/example_dags/example_short_circuit_operator.py
[2022-02-05 19:46:58,371] {processor.py:654} INFO - DAG(s) dict_keys(['example_short_circuit_operator']) retrieved from /home/airflow/.local/lib/python3.7/site-packages/airflow/example_dags/example_short_circuit_operator.py
[2022-02-05 19:46:58,384] {logging_mixin.py:109} INFO - [2022-02-05 19:46:58,384] {dag.py:2396} INFO - Sync 1 DAGs
[2022-02-05 19:46:58,402] {logging_mixin.py:109} INFO - [2022-02-05 19:46:58,402] {dag.py:2935} INFO - Setting next_dagrun for example_short_circuit_operator to 2022-02-04T19:46:58.402454+00:00
[2022-02-05 19:46:58,416] {processor.py:171} INFO - Processing /home/airflow/.local/lib/python3.7/site-packages/airflow/example_dags/example_short_circuit_operator.py took 0.087 seconds
[2022-02-05 19:47:29,224] {processor.py:163} INFO - Started process (PID=3044) to work on /home/airflow/.local/lib/python3.7/site-packages/airflow/example_dags/example_short_circuit_operator.py
[2022-02-05 19:47:29,225] {processor.py:642} INFO - Processing file /home/airflow/.local/lib/python3.7/site-packages/airflow/example_dags/example_short_circuit_operator.py for tasks to queue
[2022-02-05 19:47:29,226] {logging_mixin.py:109} INFO - [2022-02-05 19:47:29,225] {dagbag.py:500} INFO - Filling up the DagBag from /home/airflow/.local/lib/python3.7/site-packages/airflow/example_dags/example_short_circuit_operator.py
[2022-02-05 19:47:29,249] {processor.py:654} INFO - DAG(s) dict_keys(['example_short_circuit_operator']) retrieved from /home/airflow/.local/lib/python3.7/site-packages/airflow/example_dags/example_short_circuit_operator.py
[2022-02-05 19:47:29,259] {logging_mixin.py:109} INFO - [2022-02-05 19:47:29,259] {dag.py:2396} INFO - Sync 1 DAGs
[2022-02-05 19:47:29,273] {logging_mixin.py:109} INFO - [2022-02-05 19:47:29,272] {dag.py:2935} INFO - Setting next_dagrun for example_short_circuit_operator to 2022-02-04T19:47:29.272648+00:00
[2022-02-05 19:47:29,281] {processor.py:171} INFO - Processing /home/airflow/.local/lib/python3.7/site-packages/airflow/example_dags/example_short_circuit_operator.py took 0.060 seconds
[2022-02-05 19:48:00,156] {processor.py:163} INFO - Started process (PID=3097) to work on /home/airflow/.local/lib/python3.7/site-packages/airflow/example_dags/example_short_circuit_operator.py
[2022-02-05 19:48:00,157] {processor.py:642} INFO - Processing file /home/airflow/.local/lib/python3.7/site-packages/airflow/example_dags/example_short_circuit_operator.py for tasks to queue
[2022-02-05 19:48:00,157] {logging_mixin.py:109} INFO - [2022-02-05 19:48:00,157] {dagbag.py:500} INFO - Filling up the DagBag from /home/airflow/.local/lib/python3.7/site-packages/airflow/example_dags/example_short_circuit_operator.py
[2022-02-05 19:48:00,181] {processor.py:654} INFO - DAG(s) dict_keys(['example_short_circuit_operator']) retrieved from /home/airflow/.local/lib/python3.7/site-packages/airflow/example_dags/example_short_circuit_operator.py
[2022-02-05 19:48:00,190] {logging_mixin.py:109} INFO - [2022-02-05 19:48:00,190] {dag.py:2396} INFO - Sync 1 DAGs
[2022-02-05 19:48:00,202] {logging_mixin.py:109} INFO - [2022-02-05 19:48:00,202] {dag.py:2935} INFO - Setting next_dagrun for example_short_circuit_operator to 2022-02-04T19:48:00.202575+00:00
[2022-02-05 19:48:00,212] {processor.py:171} INFO - Processing /home/airflow/.local/lib/python3.7/site-packages/airflow/example_dags/example_short_circuit_operator.py took 0.059 seconds
[2022-02-05 19:48:30,787] {processor.py:163} INFO - Started process (PID=3160) to work on /home/airflow/.local/lib/python3.7/site-packages/airflow/example_dags/example_short_circuit_operator.py
[2022-02-05 19:48:30,789] {processor.py:642} INFO - Processing file /home/airflow/.local/lib/python3.7/site-packages/airflow/example_dags/example_short_circuit_operator.py for tasks to queue
[2022-02-05 19:48:30,789] {logging_mixin.py:109} INFO - [2022-02-05 19:48:30,789] {dagbag.py:500} INFO - Filling up the DagBag from /home/airflow/.local/lib/python3.7/site-packages/airflow/example_dags/example_short_circuit_operator.py
[2022-02-05 19:48:30,814] {processor.py:654} INFO - DAG(s) dict_keys(['example_short_circuit_operator']) retrieved from /home/airflow/.local/lib/python3.7/site-packages/airflow/example_dags/example_short_circuit_operator.py
[2022-02-05 19:48:30,823] {logging_mixin.py:109} INFO - [2022-02-05 19:48:30,823] {dag.py:2396} INFO - Sync 1 DAGs
[2022-02-05 19:48:30,837] {logging_mixin.py:109} INFO - [2022-02-05 19:48:30,837] {dag.py:2935} INFO - Setting next_dagrun for example_short_circuit_operator to 2022-02-04T19:48:30.836933+00:00
[2022-02-05 19:48:30,845] {processor.py:171} INFO - Processing /home/airflow/.local/lib/python3.7/site-packages/airflow/example_dags/example_short_circuit_operator.py took 0.061 seconds
[2022-02-05 19:49:01,305] {processor.py:163} INFO - Started process (PID=3214) to work on /home/airflow/.local/lib/python3.7/site-packages/airflow/example_dags/example_short_circuit_operator.py
[2022-02-05 19:49:01,306] {processor.py:642} INFO - Processing file /home/airflow/.local/lib/python3.7/site-packages/airflow/example_dags/example_short_circuit_operator.py for tasks to queue
[2022-02-05 19:49:01,306] {logging_mixin.py:109} INFO - [2022-02-05 19:49:01,306] {dagbag.py:500} INFO - Filling up the DagBag from /home/airflow/.local/lib/python3.7/site-packages/airflow/example_dags/example_short_circuit_operator.py
[2022-02-05 19:49:01,330] {processor.py:654} INFO - DAG(s) dict_keys(['example_short_circuit_operator']) retrieved from /home/airflow/.local/lib/python3.7/site-packages/airflow/example_dags/example_short_circuit_operator.py
[2022-02-05 19:49:01,340] {logging_mixin.py:109} INFO - [2022-02-05 19:49:01,340] {dag.py:2396} INFO - Sync 1 DAGs
[2022-02-05 19:49:01,352] {logging_mixin.py:109} INFO - [2022-02-05 19:49:01,352] {dag.py:2935} INFO - Setting next_dagrun for example_short_circuit_operator to 2022-02-04T19:49:01.352304+00:00
[2022-02-05 19:49:01,361] {processor.py:171} INFO - Processing /home/airflow/.local/lib/python3.7/site-packages/airflow/example_dags/example_short_circuit_operator.py took 0.058 seconds
[2022-02-05 19:49:31,719] {processor.py:163} INFO - Started process (PID=3278) to work on /home/airflow/.local/lib/python3.7/site-packages/airflow/example_dags/example_short_circuit_operator.py
[2022-02-05 19:49:31,721] {processor.py:642} INFO - Processing file /home/airflow/.local/lib/python3.7/site-packages/airflow/example_dags/example_short_circuit_operator.py for tasks to queue
[2022-02-05 19:49:31,722] {logging_mixin.py:109} INFO - [2022-02-05 19:49:31,721] {dagbag.py:500} INFO - Filling up the DagBag from /home/airflow/.local/lib/python3.7/site-packages/airflow/example_dags/example_short_circuit_operator.py
[2022-02-05 19:49:31,751] {processor.py:654} INFO - DAG(s) dict_keys(['example_short_circuit_operator']) retrieved from /home/airflow/.local/lib/python3.7/site-packages/airflow/example_dags/example_short_circuit_operator.py
[2022-02-05 19:49:31,765] {logging_mixin.py:109} INFO - [2022-02-05 19:49:31,765] {dag.py:2396} INFO - Sync 1 DAGs
[2022-02-05 19:49:31,787] {logging_mixin.py:109} INFO - [2022-02-05 19:49:31,787] {dag.py:2935} INFO - Setting next_dagrun for example_short_circuit_operator to 2022-02-04T19:49:31.787016+00:00
[2022-02-05 19:49:31,798] {processor.py:171} INFO - Processing /home/airflow/.local/lib/python3.7/site-packages/airflow/example_dags/example_short_circuit_operator.py took 0.083 seconds
[2022-02-05 19:50:02,085] {processor.py:163} INFO - Started process (PID=3331) to work on /home/airflow/.local/lib/python3.7/site-packages/airflow/example_dags/example_short_circuit_operator.py
[2022-02-05 19:50:02,086] {processor.py:642} INFO - Processing file /home/airflow/.local/lib/python3.7/site-packages/airflow/example_dags/example_short_circuit_operator.py for tasks to queue
[2022-02-05 19:50:02,086] {logging_mixin.py:109} INFO - [2022-02-05 19:50:02,086] {dagbag.py:500} INFO - Filling up the DagBag from /home/airflow/.local/lib/python3.7/site-packages/airflow/example_dags/example_short_circuit_operator.py
[2022-02-05 19:50:02,110] {processor.py:654} INFO - DAG(s) dict_keys(['example_short_circuit_operator']) retrieved from /home/airflow/.local/lib/python3.7/site-packages/airflow/example_dags/example_short_circuit_operator.py
[2022-02-05 19:50:02,119] {logging_mixin.py:109} INFO - [2022-02-05 19:50:02,119] {dag.py:2396} INFO - Sync 1 DAGs
[2022-02-05 19:50:02,132] {logging_mixin.py:109} INFO - [2022-02-05 19:50:02,132] {dag.py:2935} INFO - Setting next_dagrun for example_short_circuit_operator to 2022-02-04T19:50:02.131971+00:00
[2022-02-05 19:50:02,141] {processor.py:171} INFO - Processing /home/airflow/.local/lib/python3.7/site-packages/airflow/example_dags/example_short_circuit_operator.py took 0.058 seconds
[2022-02-05 19:50:32,188] {processor.py:163} INFO - Started process (PID=3383) to work on /home/airflow/.local/lib/python3.7/site-packages/airflow/example_dags/example_short_circuit_operator.py
[2022-02-05 19:50:32,192] {processor.py:642} INFO - Processing file /home/airflow/.local/lib/python3.7/site-packages/airflow/example_dags/example_short_circuit_operator.py for tasks to queue
[2022-02-05 19:50:32,195] {logging_mixin.py:109} INFO - [2022-02-05 19:50:32,195] {dagbag.py:500} INFO - Filling up the DagBag from /home/airflow/.local/lib/python3.7/site-packages/airflow/example_dags/example_short_circuit_operator.py
[2022-02-05 19:50:32,260] {processor.py:654} INFO - DAG(s) dict_keys(['example_short_circuit_operator']) retrieved from /home/airflow/.local/lib/python3.7/site-packages/airflow/example_dags/example_short_circuit_operator.py
[2022-02-05 19:50:32,277] {logging_mixin.py:109} INFO - [2022-02-05 19:50:32,276] {dag.py:2396} INFO - Sync 1 DAGs
[2022-02-05 19:50:32,301] {logging_mixin.py:109} INFO - [2022-02-05 19:50:32,301] {dag.py:2935} INFO - Setting next_dagrun for example_short_circuit_operator to 2022-02-04T19:50:32.300578+00:00
[2022-02-05 19:50:32,318] {processor.py:171} INFO - Processing /home/airflow/.local/lib/python3.7/site-packages/airflow/example_dags/example_short_circuit_operator.py took 0.137 seconds
