[2022-02-05 19:21:00,813] {processor.py:163} INFO - Started process (PID=42) to work on /home/airflow/.local/lib/python3.7/site-packages/airflow/example_dags/example_xcom.py
[2022-02-05 19:21:00,815] {processor.py:642} INFO - Processing file /home/airflow/.local/lib/python3.7/site-packages/airflow/example_dags/example_xcom.py for tasks to queue
[2022-02-05 19:21:00,816] {logging_mixin.py:109} INFO - [2022-02-05 19:21:00,816] {dagbag.py:500} INFO - Filling up the DagBag from /home/airflow/.local/lib/python3.7/site-packages/airflow/example_dags/example_xcom.py
[2022-02-05 19:21:00,860] {processor.py:654} INFO - DAG(s) dict_keys(['example_xcom']) retrieved from /home/airflow/.local/lib/python3.7/site-packages/airflow/example_dags/example_xcom.py
[2022-02-05 19:21:01,980] {logging_mixin.py:109} INFO - [2022-02-05 19:21:01,979] {dag.py:2396} INFO - Sync 1 DAGs
[2022-02-05 19:21:02,000] {logging_mixin.py:109} INFO - [2022-02-05 19:21:02,000] {dag.py:2935} INFO - Setting next_dagrun for example_xcom to 2021-01-01T00:00:00+00:00
[2022-02-05 19:21:02,029] {processor.py:171} INFO - Processing /home/airflow/.local/lib/python3.7/site-packages/airflow/example_dags/example_xcom.py took 1.221 seconds
[2022-02-05 19:21:32,956] {processor.py:163} INFO - Started process (PID=96) to work on /home/airflow/.local/lib/python3.7/site-packages/airflow/example_dags/example_xcom.py
[2022-02-05 19:21:32,963] {processor.py:642} INFO - Processing file /home/airflow/.local/lib/python3.7/site-packages/airflow/example_dags/example_xcom.py for tasks to queue
[2022-02-05 19:21:32,965] {logging_mixin.py:109} INFO - [2022-02-05 19:21:32,964] {dagbag.py:500} INFO - Filling up the DagBag from /home/airflow/.local/lib/python3.7/site-packages/airflow/example_dags/example_xcom.py
[2022-02-05 19:21:33,023] {processor.py:654} INFO - DAG(s) dict_keys(['example_xcom']) retrieved from /home/airflow/.local/lib/python3.7/site-packages/airflow/example_dags/example_xcom.py
[2022-02-05 19:21:33,418] {logging_mixin.py:109} INFO - [2022-02-05 19:21:33,418] {dag.py:2396} INFO - Sync 1 DAGs
[2022-02-05 19:21:33,438] {logging_mixin.py:109} INFO - [2022-02-05 19:21:33,438] {dag.py:2935} INFO - Setting next_dagrun for example_xcom to 2021-01-01T00:00:00+00:00
[2022-02-05 19:21:33,452] {processor.py:171} INFO - Processing /home/airflow/.local/lib/python3.7/site-packages/airflow/example_dags/example_xcom.py took 0.503 seconds
[2022-02-05 19:22:03,741] {processor.py:163} INFO - Started process (PID=157) to work on /home/airflow/.local/lib/python3.7/site-packages/airflow/example_dags/example_xcom.py
[2022-02-05 19:22:03,744] {processor.py:642} INFO - Processing file /home/airflow/.local/lib/python3.7/site-packages/airflow/example_dags/example_xcom.py for tasks to queue
[2022-02-05 19:22:03,746] {logging_mixin.py:109} INFO - [2022-02-05 19:22:03,745] {dagbag.py:500} INFO - Filling up the DagBag from /home/airflow/.local/lib/python3.7/site-packages/airflow/example_dags/example_xcom.py
[2022-02-05 19:22:03,852] {processor.py:654} INFO - DAG(s) dict_keys(['example_xcom']) retrieved from /home/airflow/.local/lib/python3.7/site-packages/airflow/example_dags/example_xcom.py
[2022-02-05 19:22:05,241] {logging_mixin.py:109} INFO - [2022-02-05 19:22:05,241] {dag.py:2396} INFO - Sync 1 DAGs
[2022-02-05 19:22:05,311] {logging_mixin.py:109} INFO - [2022-02-05 19:22:05,311] {dag.py:2935} INFO - Setting next_dagrun for example_xcom to 2021-01-01T00:00:00+00:00
[2022-02-05 19:22:05,352] {processor.py:171} INFO - Processing /home/airflow/.local/lib/python3.7/site-packages/airflow/example_dags/example_xcom.py took 1.620 seconds
[2022-02-05 19:22:35,987] {processor.py:163} INFO - Started process (PID=214) to work on /home/airflow/.local/lib/python3.7/site-packages/airflow/example_dags/example_xcom.py
[2022-02-05 19:22:35,990] {processor.py:642} INFO - Processing file /home/airflow/.local/lib/python3.7/site-packages/airflow/example_dags/example_xcom.py for tasks to queue
[2022-02-05 19:22:35,991] {logging_mixin.py:109} INFO - [2022-02-05 19:22:35,990] {dagbag.py:500} INFO - Filling up the DagBag from /home/airflow/.local/lib/python3.7/site-packages/airflow/example_dags/example_xcom.py
[2022-02-05 19:22:36,025] {processor.py:654} INFO - DAG(s) dict_keys(['example_xcom']) retrieved from /home/airflow/.local/lib/python3.7/site-packages/airflow/example_dags/example_xcom.py
[2022-02-05 19:22:36,355] {logging_mixin.py:109} INFO - [2022-02-05 19:22:36,355] {dag.py:2396} INFO - Sync 1 DAGs
[2022-02-05 19:22:36,372] {logging_mixin.py:109} INFO - [2022-02-05 19:22:36,372] {dag.py:2935} INFO - Setting next_dagrun for example_xcom to 2021-01-01T00:00:00+00:00
[2022-02-05 19:22:36,384] {processor.py:171} INFO - Processing /home/airflow/.local/lib/python3.7/site-packages/airflow/example_dags/example_xcom.py took 0.400 seconds
[2022-02-05 19:23:06,742] {processor.py:163} INFO - Started process (PID=276) to work on /home/airflow/.local/lib/python3.7/site-packages/airflow/example_dags/example_xcom.py
[2022-02-05 19:23:06,745] {processor.py:642} INFO - Processing file /home/airflow/.local/lib/python3.7/site-packages/airflow/example_dags/example_xcom.py for tasks to queue
[2022-02-05 19:23:06,746] {logging_mixin.py:109} INFO - [2022-02-05 19:23:06,746] {dagbag.py:500} INFO - Filling up the DagBag from /home/airflow/.local/lib/python3.7/site-packages/airflow/example_dags/example_xcom.py
[2022-02-05 19:23:06,786] {processor.py:654} INFO - DAG(s) dict_keys(['example_xcom']) retrieved from /home/airflow/.local/lib/python3.7/site-packages/airflow/example_dags/example_xcom.py
[2022-02-05 19:23:07,109] {logging_mixin.py:109} INFO - [2022-02-05 19:23:07,109] {dag.py:2396} INFO - Sync 1 DAGs
[2022-02-05 19:23:07,125] {logging_mixin.py:109} INFO - [2022-02-05 19:23:07,125] {dag.py:2935} INFO - Setting next_dagrun for example_xcom to 2021-01-01T00:00:00+00:00
[2022-02-05 19:23:07,140] {processor.py:171} INFO - Processing /home/airflow/.local/lib/python3.7/site-packages/airflow/example_dags/example_xcom.py took 0.401 seconds
[2022-02-05 19:23:37,723] {processor.py:163} INFO - Started process (PID=329) to work on /home/airflow/.local/lib/python3.7/site-packages/airflow/example_dags/example_xcom.py
[2022-02-05 19:23:37,725] {processor.py:642} INFO - Processing file /home/airflow/.local/lib/python3.7/site-packages/airflow/example_dags/example_xcom.py for tasks to queue
[2022-02-05 19:23:37,725] {logging_mixin.py:109} INFO - [2022-02-05 19:23:37,725] {dagbag.py:500} INFO - Filling up the DagBag from /home/airflow/.local/lib/python3.7/site-packages/airflow/example_dags/example_xcom.py
[2022-02-05 19:23:37,757] {processor.py:654} INFO - DAG(s) dict_keys(['example_xcom']) retrieved from /home/airflow/.local/lib/python3.7/site-packages/airflow/example_dags/example_xcom.py
[2022-02-05 19:23:37,994] {logging_mixin.py:109} INFO - [2022-02-05 19:23:37,994] {dag.py:2396} INFO - Sync 1 DAGs
[2022-02-05 19:23:38,006] {logging_mixin.py:109} INFO - [2022-02-05 19:23:38,006] {dag.py:2935} INFO - Setting next_dagrun for example_xcom to 2021-01-01T00:00:00+00:00
[2022-02-05 19:23:38,020] {processor.py:171} INFO - Processing /home/airflow/.local/lib/python3.7/site-packages/airflow/example_dags/example_xcom.py took 0.299 seconds
[2022-02-05 19:24:08,138] {processor.py:163} INFO - Started process (PID=392) to work on /home/airflow/.local/lib/python3.7/site-packages/airflow/example_dags/example_xcom.py
[2022-02-05 19:24:08,139] {processor.py:642} INFO - Processing file /home/airflow/.local/lib/python3.7/site-packages/airflow/example_dags/example_xcom.py for tasks to queue
[2022-02-05 19:24:08,140] {logging_mixin.py:109} INFO - [2022-02-05 19:24:08,140] {dagbag.py:500} INFO - Filling up the DagBag from /home/airflow/.local/lib/python3.7/site-packages/airflow/example_dags/example_xcom.py
[2022-02-05 19:24:08,176] {processor.py:654} INFO - DAG(s) dict_keys(['example_xcom']) retrieved from /home/airflow/.local/lib/python3.7/site-packages/airflow/example_dags/example_xcom.py
[2022-02-05 19:24:08,578] {logging_mixin.py:109} INFO - [2022-02-05 19:24:08,578] {dag.py:2396} INFO - Sync 1 DAGs
[2022-02-05 19:24:08,596] {logging_mixin.py:109} INFO - [2022-02-05 19:24:08,596] {dag.py:2935} INFO - Setting next_dagrun for example_xcom to 2021-01-01T00:00:00+00:00
[2022-02-05 19:24:08,614] {processor.py:171} INFO - Processing /home/airflow/.local/lib/python3.7/site-packages/airflow/example_dags/example_xcom.py took 0.479 seconds
[2022-02-05 19:24:38,830] {processor.py:163} INFO - Started process (PID=444) to work on /home/airflow/.local/lib/python3.7/site-packages/airflow/example_dags/example_xcom.py
[2022-02-05 19:24:38,832] {processor.py:642} INFO - Processing file /home/airflow/.local/lib/python3.7/site-packages/airflow/example_dags/example_xcom.py for tasks to queue
[2022-02-05 19:24:38,833] {logging_mixin.py:109} INFO - [2022-02-05 19:24:38,832] {dagbag.py:500} INFO - Filling up the DagBag from /home/airflow/.local/lib/python3.7/site-packages/airflow/example_dags/example_xcom.py
[2022-02-05 19:24:38,882] {processor.py:654} INFO - DAG(s) dict_keys(['example_xcom']) retrieved from /home/airflow/.local/lib/python3.7/site-packages/airflow/example_dags/example_xcom.py
[2022-02-05 19:24:39,137] {logging_mixin.py:109} INFO - [2022-02-05 19:24:39,137] {dag.py:2396} INFO - Sync 1 DAGs
[2022-02-05 19:24:39,148] {logging_mixin.py:109} INFO - [2022-02-05 19:24:39,148] {dag.py:2935} INFO - Setting next_dagrun for example_xcom to 2021-01-01T00:00:00+00:00
[2022-02-05 19:24:39,157] {processor.py:171} INFO - Processing /home/airflow/.local/lib/python3.7/site-packages/airflow/example_dags/example_xcom.py took 0.330 seconds
[2022-02-05 19:25:09,542] {processor.py:163} INFO - Started process (PID=498) to work on /home/airflow/.local/lib/python3.7/site-packages/airflow/example_dags/example_xcom.py
[2022-02-05 19:25:09,543] {processor.py:642} INFO - Processing file /home/airflow/.local/lib/python3.7/site-packages/airflow/example_dags/example_xcom.py for tasks to queue
[2022-02-05 19:25:09,544] {logging_mixin.py:109} INFO - [2022-02-05 19:25:09,544] {dagbag.py:500} INFO - Filling up the DagBag from /home/airflow/.local/lib/python3.7/site-packages/airflow/example_dags/example_xcom.py
[2022-02-05 19:25:09,607] {processor.py:654} INFO - DAG(s) dict_keys(['example_xcom']) retrieved from /home/airflow/.local/lib/python3.7/site-packages/airflow/example_dags/example_xcom.py
[2022-02-05 19:25:09,988] {logging_mixin.py:109} INFO - [2022-02-05 19:25:09,988] {dag.py:2396} INFO - Sync 1 DAGs
[2022-02-05 19:25:10,003] {logging_mixin.py:109} INFO - [2022-02-05 19:25:10,003] {dag.py:2935} INFO - Setting next_dagrun for example_xcom to 2021-01-01T00:00:00+00:00
[2022-02-05 19:25:10,018] {processor.py:171} INFO - Processing /home/airflow/.local/lib/python3.7/site-packages/airflow/example_dags/example_xcom.py took 0.483 seconds
[2022-02-05 19:25:40,920] {processor.py:163} INFO - Started process (PID=560) to work on /home/airflow/.local/lib/python3.7/site-packages/airflow/example_dags/example_xcom.py
[2022-02-05 19:25:40,926] {processor.py:642} INFO - Processing file /home/airflow/.local/lib/python3.7/site-packages/airflow/example_dags/example_xcom.py for tasks to queue
[2022-02-05 19:25:40,930] {logging_mixin.py:109} INFO - [2022-02-05 19:25:40,929] {dagbag.py:500} INFO - Filling up the DagBag from /home/airflow/.local/lib/python3.7/site-packages/airflow/example_dags/example_xcom.py
[2022-02-05 19:25:41,086] {processor.py:654} INFO - DAG(s) dict_keys(['example_xcom']) retrieved from /home/airflow/.local/lib/python3.7/site-packages/airflow/example_dags/example_xcom.py
[2022-02-05 19:25:41,588] {logging_mixin.py:109} INFO - [2022-02-05 19:25:41,587] {dag.py:2396} INFO - Sync 1 DAGs
[2022-02-05 19:25:41,614] {logging_mixin.py:109} INFO - [2022-02-05 19:25:41,614] {dag.py:2935} INFO - Setting next_dagrun for example_xcom to 2021-01-01T00:00:00+00:00
[2022-02-05 19:25:41,632] {processor.py:171} INFO - Processing /home/airflow/.local/lib/python3.7/site-packages/airflow/example_dags/example_xcom.py took 0.720 seconds
[2022-02-05 19:26:12,210] {processor.py:163} INFO - Started process (PID=613) to work on /home/airflow/.local/lib/python3.7/site-packages/airflow/example_dags/example_xcom.py
[2022-02-05 19:26:12,212] {processor.py:642} INFO - Processing file /home/airflow/.local/lib/python3.7/site-packages/airflow/example_dags/example_xcom.py for tasks to queue
[2022-02-05 19:26:12,213] {logging_mixin.py:109} INFO - [2022-02-05 19:26:12,213] {dagbag.py:500} INFO - Filling up the DagBag from /home/airflow/.local/lib/python3.7/site-packages/airflow/example_dags/example_xcom.py
[2022-02-05 19:26:12,258] {processor.py:654} INFO - DAG(s) dict_keys(['example_xcom']) retrieved from /home/airflow/.local/lib/python3.7/site-packages/airflow/example_dags/example_xcom.py
[2022-02-05 19:26:12,740] {logging_mixin.py:109} INFO - [2022-02-05 19:26:12,740] {dag.py:2396} INFO - Sync 1 DAGs
[2022-02-05 19:26:12,764] {logging_mixin.py:109} INFO - [2022-02-05 19:26:12,764] {dag.py:2935} INFO - Setting next_dagrun for example_xcom to 2021-01-01T00:00:00+00:00
[2022-02-05 19:26:12,796] {processor.py:171} INFO - Processing /home/airflow/.local/lib/python3.7/site-packages/airflow/example_dags/example_xcom.py took 0.590 seconds
[2022-02-05 19:26:43,109] {processor.py:163} INFO - Started process (PID=677) to work on /home/airflow/.local/lib/python3.7/site-packages/airflow/example_dags/example_xcom.py
[2022-02-05 19:26:43,110] {processor.py:642} INFO - Processing file /home/airflow/.local/lib/python3.7/site-packages/airflow/example_dags/example_xcom.py for tasks to queue
[2022-02-05 19:26:43,111] {logging_mixin.py:109} INFO - [2022-02-05 19:26:43,111] {dagbag.py:500} INFO - Filling up the DagBag from /home/airflow/.local/lib/python3.7/site-packages/airflow/example_dags/example_xcom.py
[2022-02-05 19:26:43,155] {processor.py:654} INFO - DAG(s) dict_keys(['example_xcom']) retrieved from /home/airflow/.local/lib/python3.7/site-packages/airflow/example_dags/example_xcom.py
[2022-02-05 19:26:43,477] {logging_mixin.py:109} INFO - [2022-02-05 19:26:43,477] {dag.py:2396} INFO - Sync 1 DAGs
[2022-02-05 19:26:43,493] {logging_mixin.py:109} INFO - [2022-02-05 19:26:43,493] {dag.py:2935} INFO - Setting next_dagrun for example_xcom to 2021-01-01T00:00:00+00:00
[2022-02-05 19:26:43,506] {processor.py:171} INFO - Processing /home/airflow/.local/lib/python3.7/site-packages/airflow/example_dags/example_xcom.py took 0.401 seconds
[2022-02-05 19:27:13,597] {processor.py:163} INFO - Started process (PID=729) to work on /home/airflow/.local/lib/python3.7/site-packages/airflow/example_dags/example_xcom.py
[2022-02-05 19:27:13,599] {processor.py:642} INFO - Processing file /home/airflow/.local/lib/python3.7/site-packages/airflow/example_dags/example_xcom.py for tasks to queue
[2022-02-05 19:27:13,600] {logging_mixin.py:109} INFO - [2022-02-05 19:27:13,600] {dagbag.py:500} INFO - Filling up the DagBag from /home/airflow/.local/lib/python3.7/site-packages/airflow/example_dags/example_xcom.py
[2022-02-05 19:27:13,630] {processor.py:654} INFO - DAG(s) dict_keys(['example_xcom']) retrieved from /home/airflow/.local/lib/python3.7/site-packages/airflow/example_dags/example_xcom.py
[2022-02-05 19:27:13,895] {logging_mixin.py:109} INFO - [2022-02-05 19:27:13,895] {dag.py:2396} INFO - Sync 1 DAGs
[2022-02-05 19:27:13,905] {logging_mixin.py:109} INFO - [2022-02-05 19:27:13,905] {dag.py:2935} INFO - Setting next_dagrun for example_xcom to 2021-01-01T00:00:00+00:00
[2022-02-05 19:27:13,916] {processor.py:171} INFO - Processing /home/airflow/.local/lib/python3.7/site-packages/airflow/example_dags/example_xcom.py took 0.322 seconds
[2022-02-05 19:27:43,949] {processor.py:163} INFO - Started process (PID=791) to work on /home/airflow/.local/lib/python3.7/site-packages/airflow/example_dags/example_xcom.py
[2022-02-05 19:27:43,949] {processor.py:642} INFO - Processing file /home/airflow/.local/lib/python3.7/site-packages/airflow/example_dags/example_xcom.py for tasks to queue
[2022-02-05 19:27:43,950] {logging_mixin.py:109} INFO - [2022-02-05 19:27:43,950] {dagbag.py:500} INFO - Filling up the DagBag from /home/airflow/.local/lib/python3.7/site-packages/airflow/example_dags/example_xcom.py
[2022-02-05 19:27:43,979] {processor.py:654} INFO - DAG(s) dict_keys(['example_xcom']) retrieved from /home/airflow/.local/lib/python3.7/site-packages/airflow/example_dags/example_xcom.py
[2022-02-05 19:27:44,222] {logging_mixin.py:109} INFO - [2022-02-05 19:27:44,222] {dag.py:2396} INFO - Sync 1 DAGs
[2022-02-05 19:27:44,235] {logging_mixin.py:109} INFO - [2022-02-05 19:27:44,235] {dag.py:2935} INFO - Setting next_dagrun for example_xcom to 2021-01-01T00:00:00+00:00
[2022-02-05 19:27:44,248] {processor.py:171} INFO - Processing /home/airflow/.local/lib/python3.7/site-packages/airflow/example_dags/example_xcom.py took 0.302 seconds
[2022-02-05 19:28:14,331] {processor.py:163} INFO - Started process (PID=845) to work on /home/airflow/.local/lib/python3.7/site-packages/airflow/example_dags/example_xcom.py
[2022-02-05 19:28:14,332] {processor.py:642} INFO - Processing file /home/airflow/.local/lib/python3.7/site-packages/airflow/example_dags/example_xcom.py for tasks to queue
[2022-02-05 19:28:14,333] {logging_mixin.py:109} INFO - [2022-02-05 19:28:14,333] {dagbag.py:500} INFO - Filling up the DagBag from /home/airflow/.local/lib/python3.7/site-packages/airflow/example_dags/example_xcom.py
[2022-02-05 19:28:14,370] {processor.py:654} INFO - DAG(s) dict_keys(['example_xcom']) retrieved from /home/airflow/.local/lib/python3.7/site-packages/airflow/example_dags/example_xcom.py
[2022-02-05 19:28:14,672] {logging_mixin.py:109} INFO - [2022-02-05 19:28:14,672] {dag.py:2396} INFO - Sync 1 DAGs
[2022-02-05 19:28:14,688] {logging_mixin.py:109} INFO - [2022-02-05 19:28:14,688] {dag.py:2935} INFO - Setting next_dagrun for example_xcom to 2021-01-01T00:00:00+00:00
[2022-02-05 19:28:14,701] {processor.py:171} INFO - Processing /home/airflow/.local/lib/python3.7/site-packages/airflow/example_dags/example_xcom.py took 0.374 seconds
[2022-02-05 19:28:45,103] {processor.py:163} INFO - Started process (PID=908) to work on /home/airflow/.local/lib/python3.7/site-packages/airflow/example_dags/example_xcom.py
[2022-02-05 19:28:45,104] {processor.py:642} INFO - Processing file /home/airflow/.local/lib/python3.7/site-packages/airflow/example_dags/example_xcom.py for tasks to queue
[2022-02-05 19:28:45,105] {logging_mixin.py:109} INFO - [2022-02-05 19:28:45,104] {dagbag.py:500} INFO - Filling up the DagBag from /home/airflow/.local/lib/python3.7/site-packages/airflow/example_dags/example_xcom.py
[2022-02-05 19:28:45,141] {processor.py:654} INFO - DAG(s) dict_keys(['example_xcom']) retrieved from /home/airflow/.local/lib/python3.7/site-packages/airflow/example_dags/example_xcom.py
[2022-02-05 19:28:45,451] {logging_mixin.py:109} INFO - [2022-02-05 19:28:45,451] {dag.py:2396} INFO - Sync 1 DAGs
[2022-02-05 19:28:45,468] {logging_mixin.py:109} INFO - [2022-02-05 19:28:45,467] {dag.py:2935} INFO - Setting next_dagrun for example_xcom to 2021-01-01T00:00:00+00:00
[2022-02-05 19:28:45,481] {processor.py:171} INFO - Processing /home/airflow/.local/lib/python3.7/site-packages/airflow/example_dags/example_xcom.py took 0.382 seconds
[2022-02-05 19:29:15,853] {processor.py:163} INFO - Started process (PID=961) to work on /home/airflow/.local/lib/python3.7/site-packages/airflow/example_dags/example_xcom.py
[2022-02-05 19:29:15,854] {processor.py:642} INFO - Processing file /home/airflow/.local/lib/python3.7/site-packages/airflow/example_dags/example_xcom.py for tasks to queue
[2022-02-05 19:29:15,855] {logging_mixin.py:109} INFO - [2022-02-05 19:29:15,855] {dagbag.py:500} INFO - Filling up the DagBag from /home/airflow/.local/lib/python3.7/site-packages/airflow/example_dags/example_xcom.py
[2022-02-05 19:29:15,886] {processor.py:654} INFO - DAG(s) dict_keys(['example_xcom']) retrieved from /home/airflow/.local/lib/python3.7/site-packages/airflow/example_dags/example_xcom.py
[2022-02-05 19:29:16,161] {logging_mixin.py:109} INFO - [2022-02-05 19:29:16,160] {dag.py:2396} INFO - Sync 1 DAGs
[2022-02-05 19:29:16,174] {logging_mixin.py:109} INFO - [2022-02-05 19:29:16,174] {dag.py:2935} INFO - Setting next_dagrun for example_xcom to 2021-01-01T00:00:00+00:00
[2022-02-05 19:29:16,184] {processor.py:171} INFO - Processing /home/airflow/.local/lib/python3.7/site-packages/airflow/example_dags/example_xcom.py took 0.335 seconds
[2022-02-05 19:29:46,620] {processor.py:163} INFO - Started process (PID=1024) to work on /home/airflow/.local/lib/python3.7/site-packages/airflow/example_dags/example_xcom.py
[2022-02-05 19:29:46,622] {processor.py:642} INFO - Processing file /home/airflow/.local/lib/python3.7/site-packages/airflow/example_dags/example_xcom.py for tasks to queue
[2022-02-05 19:29:46,623] {logging_mixin.py:109} INFO - [2022-02-05 19:29:46,623] {dagbag.py:500} INFO - Filling up the DagBag from /home/airflow/.local/lib/python3.7/site-packages/airflow/example_dags/example_xcom.py
[2022-02-05 19:29:46,665] {processor.py:654} INFO - DAG(s) dict_keys(['example_xcom']) retrieved from /home/airflow/.local/lib/python3.7/site-packages/airflow/example_dags/example_xcom.py
[2022-02-05 19:29:47,070] {logging_mixin.py:109} INFO - [2022-02-05 19:29:47,070] {dag.py:2396} INFO - Sync 1 DAGs
[2022-02-05 19:29:47,092] {logging_mixin.py:109} INFO - [2022-02-05 19:29:47,092] {dag.py:2935} INFO - Setting next_dagrun for example_xcom to 2021-01-01T00:00:00+00:00
[2022-02-05 19:29:47,143] {processor.py:171} INFO - Processing /home/airflow/.local/lib/python3.7/site-packages/airflow/example_dags/example_xcom.py took 0.527 seconds
[2022-02-05 19:30:17,468] {processor.py:163} INFO - Started process (PID=1076) to work on /home/airflow/.local/lib/python3.7/site-packages/airflow/example_dags/example_xcom.py
[2022-02-05 19:30:17,470] {processor.py:642} INFO - Processing file /home/airflow/.local/lib/python3.7/site-packages/airflow/example_dags/example_xcom.py for tasks to queue
[2022-02-05 19:30:17,470] {logging_mixin.py:109} INFO - [2022-02-05 19:30:17,470] {dagbag.py:500} INFO - Filling up the DagBag from /home/airflow/.local/lib/python3.7/site-packages/airflow/example_dags/example_xcom.py
[2022-02-05 19:30:17,512] {processor.py:654} INFO - DAG(s) dict_keys(['example_xcom']) retrieved from /home/airflow/.local/lib/python3.7/site-packages/airflow/example_dags/example_xcom.py
[2022-02-05 19:30:17,917] {logging_mixin.py:109} INFO - [2022-02-05 19:30:17,917] {dag.py:2396} INFO - Sync 1 DAGs
[2022-02-05 19:30:17,942] {logging_mixin.py:109} INFO - [2022-02-05 19:30:17,942] {dag.py:2935} INFO - Setting next_dagrun for example_xcom to 2021-01-01T00:00:00+00:00
[2022-02-05 19:30:17,958] {processor.py:171} INFO - Processing /home/airflow/.local/lib/python3.7/site-packages/airflow/example_dags/example_xcom.py took 0.493 seconds
[2022-02-05 19:30:48,291] {processor.py:163} INFO - Started process (PID=1139) to work on /home/airflow/.local/lib/python3.7/site-packages/airflow/example_dags/example_xcom.py
[2022-02-05 19:30:48,292] {processor.py:642} INFO - Processing file /home/airflow/.local/lib/python3.7/site-packages/airflow/example_dags/example_xcom.py for tasks to queue
[2022-02-05 19:30:48,293] {logging_mixin.py:109} INFO - [2022-02-05 19:30:48,293] {dagbag.py:500} INFO - Filling up the DagBag from /home/airflow/.local/lib/python3.7/site-packages/airflow/example_dags/example_xcom.py
[2022-02-05 19:30:48,324] {processor.py:654} INFO - DAG(s) dict_keys(['example_xcom']) retrieved from /home/airflow/.local/lib/python3.7/site-packages/airflow/example_dags/example_xcom.py
[2022-02-05 19:30:48,609] {logging_mixin.py:109} INFO - [2022-02-05 19:30:48,609] {dag.py:2396} INFO - Sync 1 DAGs
[2022-02-05 19:30:48,624] {logging_mixin.py:109} INFO - [2022-02-05 19:30:48,624] {dag.py:2935} INFO - Setting next_dagrun for example_xcom to 2021-01-01T00:00:00+00:00
[2022-02-05 19:30:48,637] {processor.py:171} INFO - Processing /home/airflow/.local/lib/python3.7/site-packages/airflow/example_dags/example_xcom.py took 0.351 seconds
[2022-02-05 19:31:18,754] {processor.py:163} INFO - Started process (PID=1192) to work on /home/airflow/.local/lib/python3.7/site-packages/airflow/example_dags/example_xcom.py
[2022-02-05 19:31:18,755] {processor.py:642} INFO - Processing file /home/airflow/.local/lib/python3.7/site-packages/airflow/example_dags/example_xcom.py for tasks to queue
[2022-02-05 19:31:18,755] {logging_mixin.py:109} INFO - [2022-02-05 19:31:18,755] {dagbag.py:500} INFO - Filling up the DagBag from /home/airflow/.local/lib/python3.7/site-packages/airflow/example_dags/example_xcom.py
[2022-02-05 19:31:18,786] {processor.py:654} INFO - DAG(s) dict_keys(['example_xcom']) retrieved from /home/airflow/.local/lib/python3.7/site-packages/airflow/example_dags/example_xcom.py
[2022-02-05 19:31:19,143] {logging_mixin.py:109} INFO - [2022-02-05 19:31:19,143] {dag.py:2396} INFO - Sync 1 DAGs
[2022-02-05 19:31:19,171] {logging_mixin.py:109} INFO - [2022-02-05 19:31:19,171] {dag.py:2935} INFO - Setting next_dagrun for example_xcom to 2021-01-01T00:00:00+00:00
[2022-02-05 19:31:19,188] {processor.py:171} INFO - Processing /home/airflow/.local/lib/python3.7/site-packages/airflow/example_dags/example_xcom.py took 0.437 seconds
[2022-02-05 19:31:49,324] {processor.py:163} INFO - Started process (PID=1256) to work on /home/airflow/.local/lib/python3.7/site-packages/airflow/example_dags/example_xcom.py
[2022-02-05 19:31:49,327] {processor.py:642} INFO - Processing file /home/airflow/.local/lib/python3.7/site-packages/airflow/example_dags/example_xcom.py for tasks to queue
[2022-02-05 19:31:49,327] {logging_mixin.py:109} INFO - [2022-02-05 19:31:49,327] {dagbag.py:500} INFO - Filling up the DagBag from /home/airflow/.local/lib/python3.7/site-packages/airflow/example_dags/example_xcom.py
[2022-02-05 19:31:49,373] {processor.py:654} INFO - DAG(s) dict_keys(['example_xcom']) retrieved from /home/airflow/.local/lib/python3.7/site-packages/airflow/example_dags/example_xcom.py
[2022-02-05 19:31:49,731] {logging_mixin.py:109} INFO - [2022-02-05 19:31:49,730] {dag.py:2396} INFO - Sync 1 DAGs
[2022-02-05 19:31:49,746] {logging_mixin.py:109} INFO - [2022-02-05 19:31:49,746] {dag.py:2935} INFO - Setting next_dagrun for example_xcom to 2021-01-01T00:00:00+00:00
[2022-02-05 19:31:49,758] {processor.py:171} INFO - Processing /home/airflow/.local/lib/python3.7/site-packages/airflow/example_dags/example_xcom.py took 0.439 seconds
[2022-02-05 19:32:20,086] {processor.py:163} INFO - Started process (PID=1313) to work on /home/airflow/.local/lib/python3.7/site-packages/airflow/example_dags/example_xcom.py
[2022-02-05 19:32:20,091] {processor.py:642} INFO - Processing file /home/airflow/.local/lib/python3.7/site-packages/airflow/example_dags/example_xcom.py for tasks to queue
[2022-02-05 19:32:20,091] {logging_mixin.py:109} INFO - [2022-02-05 19:32:20,091] {dagbag.py:500} INFO - Filling up the DagBag from /home/airflow/.local/lib/python3.7/site-packages/airflow/example_dags/example_xcom.py
[2022-02-05 19:32:20,118] {processor.py:654} INFO - DAG(s) dict_keys(['example_xcom']) retrieved from /home/airflow/.local/lib/python3.7/site-packages/airflow/example_dags/example_xcom.py
[2022-02-05 19:32:20,360] {logging_mixin.py:109} INFO - [2022-02-05 19:32:20,360] {dag.py:2396} INFO - Sync 1 DAGs
[2022-02-05 19:32:20,371] {logging_mixin.py:109} INFO - [2022-02-05 19:32:20,371] {dag.py:2935} INFO - Setting next_dagrun for example_xcom to 2021-01-01T00:00:00+00:00
[2022-02-05 19:32:20,383] {processor.py:171} INFO - Processing /home/airflow/.local/lib/python3.7/site-packages/airflow/example_dags/example_xcom.py took 0.299 seconds
[2022-02-05 19:32:50,683] {processor.py:163} INFO - Started process (PID=1365) to work on /home/airflow/.local/lib/python3.7/site-packages/airflow/example_dags/example_xcom.py
[2022-02-05 19:32:50,689] {processor.py:642} INFO - Processing file /home/airflow/.local/lib/python3.7/site-packages/airflow/example_dags/example_xcom.py for tasks to queue
[2022-02-05 19:32:50,689] {logging_mixin.py:109} INFO - [2022-02-05 19:32:50,689] {dagbag.py:500} INFO - Filling up the DagBag from /home/airflow/.local/lib/python3.7/site-packages/airflow/example_dags/example_xcom.py
[2022-02-05 19:32:50,716] {processor.py:654} INFO - DAG(s) dict_keys(['example_xcom']) retrieved from /home/airflow/.local/lib/python3.7/site-packages/airflow/example_dags/example_xcom.py
[2022-02-05 19:32:51,002] {logging_mixin.py:109} INFO - [2022-02-05 19:32:51,002] {dag.py:2396} INFO - Sync 1 DAGs
[2022-02-05 19:32:51,014] {logging_mixin.py:109} INFO - [2022-02-05 19:32:51,014] {dag.py:2935} INFO - Setting next_dagrun for example_xcom to 2021-01-01T00:00:00+00:00
[2022-02-05 19:32:51,023] {processor.py:171} INFO - Processing /home/airflow/.local/lib/python3.7/site-packages/airflow/example_dags/example_xcom.py took 0.343 seconds
[2022-02-05 19:33:21,105] {processor.py:163} INFO - Started process (PID=1427) to work on /home/airflow/.local/lib/python3.7/site-packages/airflow/example_dags/example_xcom.py
[2022-02-05 19:33:21,106] {processor.py:642} INFO - Processing file /home/airflow/.local/lib/python3.7/site-packages/airflow/example_dags/example_xcom.py for tasks to queue
[2022-02-05 19:33:21,107] {logging_mixin.py:109} INFO - [2022-02-05 19:33:21,107] {dagbag.py:500} INFO - Filling up the DagBag from /home/airflow/.local/lib/python3.7/site-packages/airflow/example_dags/example_xcom.py
[2022-02-05 19:33:21,135] {processor.py:654} INFO - DAG(s) dict_keys(['example_xcom']) retrieved from /home/airflow/.local/lib/python3.7/site-packages/airflow/example_dags/example_xcom.py
[2022-02-05 19:33:21,371] {logging_mixin.py:109} INFO - [2022-02-05 19:33:21,370] {dag.py:2396} INFO - Sync 1 DAGs
[2022-02-05 19:33:21,382] {logging_mixin.py:109} INFO - [2022-02-05 19:33:21,382] {dag.py:2935} INFO - Setting next_dagrun for example_xcom to 2021-01-01T00:00:00+00:00
[2022-02-05 19:33:21,391] {processor.py:171} INFO - Processing /home/airflow/.local/lib/python3.7/site-packages/airflow/example_dags/example_xcom.py took 0.289 seconds
[2022-02-05 19:33:51,640] {processor.py:163} INFO - Started process (PID=1491) to work on /home/airflow/.local/lib/python3.7/site-packages/airflow/example_dags/example_xcom.py
[2022-02-05 19:33:51,641] {processor.py:642} INFO - Processing file /home/airflow/.local/lib/python3.7/site-packages/airflow/example_dags/example_xcom.py for tasks to queue
[2022-02-05 19:33:51,642] {logging_mixin.py:109} INFO - [2022-02-05 19:33:51,642] {dagbag.py:500} INFO - Filling up the DagBag from /home/airflow/.local/lib/python3.7/site-packages/airflow/example_dags/example_xcom.py
[2022-02-05 19:33:51,667] {processor.py:654} INFO - DAG(s) dict_keys(['example_xcom']) retrieved from /home/airflow/.local/lib/python3.7/site-packages/airflow/example_dags/example_xcom.py
[2022-02-05 19:33:51,894] {logging_mixin.py:109} INFO - [2022-02-05 19:33:51,894] {dag.py:2396} INFO - Sync 1 DAGs
[2022-02-05 19:33:51,905] {logging_mixin.py:109} INFO - [2022-02-05 19:33:51,904] {dag.py:2935} INFO - Setting next_dagrun for example_xcom to 2021-01-01T00:00:00+00:00
[2022-02-05 19:33:51,913] {processor.py:171} INFO - Processing /home/airflow/.local/lib/python3.7/site-packages/airflow/example_dags/example_xcom.py took 0.276 seconds
[2022-02-05 19:34:22,589] {processor.py:163} INFO - Started process (PID=1543) to work on /home/airflow/.local/lib/python3.7/site-packages/airflow/example_dags/example_xcom.py
[2022-02-05 19:34:22,594] {processor.py:642} INFO - Processing file /home/airflow/.local/lib/python3.7/site-packages/airflow/example_dags/example_xcom.py for tasks to queue
[2022-02-05 19:34:22,594] {logging_mixin.py:109} INFO - [2022-02-05 19:34:22,594] {dagbag.py:500} INFO - Filling up the DagBag from /home/airflow/.local/lib/python3.7/site-packages/airflow/example_dags/example_xcom.py
[2022-02-05 19:34:22,621] {processor.py:654} INFO - DAG(s) dict_keys(['example_xcom']) retrieved from /home/airflow/.local/lib/python3.7/site-packages/airflow/example_dags/example_xcom.py
[2022-02-05 19:34:22,840] {logging_mixin.py:109} INFO - [2022-02-05 19:34:22,839] {dag.py:2396} INFO - Sync 1 DAGs
[2022-02-05 19:34:22,850] {logging_mixin.py:109} INFO - [2022-02-05 19:34:22,850] {dag.py:2935} INFO - Setting next_dagrun for example_xcom to 2021-01-01T00:00:00+00:00
[2022-02-05 19:34:22,858] {processor.py:171} INFO - Processing /home/airflow/.local/lib/python3.7/site-packages/airflow/example_dags/example_xcom.py took 0.272 seconds
[2022-02-05 19:34:53,449] {processor.py:163} INFO - Started process (PID=1604) to work on /home/airflow/.local/lib/python3.7/site-packages/airflow/example_dags/example_xcom.py
[2022-02-05 19:34:53,450] {processor.py:642} INFO - Processing file /home/airflow/.local/lib/python3.7/site-packages/airflow/example_dags/example_xcom.py for tasks to queue
[2022-02-05 19:34:53,451] {logging_mixin.py:109} INFO - [2022-02-05 19:34:53,451] {dagbag.py:500} INFO - Filling up the DagBag from /home/airflow/.local/lib/python3.7/site-packages/airflow/example_dags/example_xcom.py
[2022-02-05 19:34:53,483] {processor.py:654} INFO - DAG(s) dict_keys(['example_xcom']) retrieved from /home/airflow/.local/lib/python3.7/site-packages/airflow/example_dags/example_xcom.py
[2022-02-05 19:34:53,726] {logging_mixin.py:109} INFO - [2022-02-05 19:34:53,726] {dag.py:2396} INFO - Sync 1 DAGs
[2022-02-05 19:34:53,736] {logging_mixin.py:109} INFO - [2022-02-05 19:34:53,736] {dag.py:2935} INFO - Setting next_dagrun for example_xcom to 2021-01-01T00:00:00+00:00
[2022-02-05 19:34:53,746] {processor.py:171} INFO - Processing /home/airflow/.local/lib/python3.7/site-packages/airflow/example_dags/example_xcom.py took 0.300 seconds
[2022-02-05 19:35:23,771] {processor.py:163} INFO - Started process (PID=1656) to work on /home/airflow/.local/lib/python3.7/site-packages/airflow/example_dags/example_xcom.py
[2022-02-05 19:35:23,772] {processor.py:642} INFO - Processing file /home/airflow/.local/lib/python3.7/site-packages/airflow/example_dags/example_xcom.py for tasks to queue
[2022-02-05 19:35:23,773] {logging_mixin.py:109} INFO - [2022-02-05 19:35:23,773] {dagbag.py:500} INFO - Filling up the DagBag from /home/airflow/.local/lib/python3.7/site-packages/airflow/example_dags/example_xcom.py
[2022-02-05 19:35:23,801] {processor.py:654} INFO - DAG(s) dict_keys(['example_xcom']) retrieved from /home/airflow/.local/lib/python3.7/site-packages/airflow/example_dags/example_xcom.py
[2022-02-05 19:35:24,033] {logging_mixin.py:109} INFO - [2022-02-05 19:35:24,033] {dag.py:2396} INFO - Sync 1 DAGs
[2022-02-05 19:35:24,044] {logging_mixin.py:109} INFO - [2022-02-05 19:35:24,043] {dag.py:2935} INFO - Setting next_dagrun for example_xcom to 2021-01-01T00:00:00+00:00
[2022-02-05 19:35:24,054] {processor.py:171} INFO - Processing /home/airflow/.local/lib/python3.7/site-packages/airflow/example_dags/example_xcom.py took 0.286 seconds
[2022-02-05 19:35:54,806] {processor.py:163} INFO - Started process (PID=1718) to work on /home/airflow/.local/lib/python3.7/site-packages/airflow/example_dags/example_xcom.py
[2022-02-05 19:35:54,808] {processor.py:642} INFO - Processing file /home/airflow/.local/lib/python3.7/site-packages/airflow/example_dags/example_xcom.py for tasks to queue
[2022-02-05 19:35:54,808] {logging_mixin.py:109} INFO - [2022-02-05 19:35:54,808] {dagbag.py:500} INFO - Filling up the DagBag from /home/airflow/.local/lib/python3.7/site-packages/airflow/example_dags/example_xcom.py
[2022-02-05 19:35:54,848] {processor.py:654} INFO - DAG(s) dict_keys(['example_xcom']) retrieved from /home/airflow/.local/lib/python3.7/site-packages/airflow/example_dags/example_xcom.py
[2022-02-05 19:35:55,194] {logging_mixin.py:109} INFO - [2022-02-05 19:35:55,194] {dag.py:2396} INFO - Sync 1 DAGs
[2022-02-05 19:35:55,212] {logging_mixin.py:109} INFO - [2022-02-05 19:35:55,212] {dag.py:2935} INFO - Setting next_dagrun for example_xcom to 2021-01-01T00:00:00+00:00
[2022-02-05 19:35:55,226] {processor.py:171} INFO - Processing /home/airflow/.local/lib/python3.7/site-packages/airflow/example_dags/example_xcom.py took 0.424 seconds
[2022-02-05 19:36:25,963] {processor.py:163} INFO - Started process (PID=1771) to work on /home/airflow/.local/lib/python3.7/site-packages/airflow/example_dags/example_xcom.py
[2022-02-05 19:36:25,965] {processor.py:642} INFO - Processing file /home/airflow/.local/lib/python3.7/site-packages/airflow/example_dags/example_xcom.py for tasks to queue
[2022-02-05 19:36:25,965] {logging_mixin.py:109} INFO - [2022-02-05 19:36:25,965] {dagbag.py:500} INFO - Filling up the DagBag from /home/airflow/.local/lib/python3.7/site-packages/airflow/example_dags/example_xcom.py
[2022-02-05 19:36:25,995] {processor.py:654} INFO - DAG(s) dict_keys(['example_xcom']) retrieved from /home/airflow/.local/lib/python3.7/site-packages/airflow/example_dags/example_xcom.py
[2022-02-05 19:36:26,228] {logging_mixin.py:109} INFO - [2022-02-05 19:36:26,227] {dag.py:2396} INFO - Sync 1 DAGs
[2022-02-05 19:36:26,240] {logging_mixin.py:109} INFO - [2022-02-05 19:36:26,240] {dag.py:2935} INFO - Setting next_dagrun for example_xcom to 2021-01-01T00:00:00+00:00
[2022-02-05 19:36:26,253] {processor.py:171} INFO - Processing /home/airflow/.local/lib/python3.7/site-packages/airflow/example_dags/example_xcom.py took 0.293 seconds
[2022-02-05 19:36:57,147] {processor.py:163} INFO - Started process (PID=1831) to work on /home/airflow/.local/lib/python3.7/site-packages/airflow/example_dags/example_xcom.py
[2022-02-05 19:36:57,150] {processor.py:642} INFO - Processing file /home/airflow/.local/lib/python3.7/site-packages/airflow/example_dags/example_xcom.py for tasks to queue
[2022-02-05 19:36:57,150] {logging_mixin.py:109} INFO - [2022-02-05 19:36:57,150] {dagbag.py:500} INFO - Filling up the DagBag from /home/airflow/.local/lib/python3.7/site-packages/airflow/example_dags/example_xcom.py
[2022-02-05 19:36:57,176] {processor.py:654} INFO - DAG(s) dict_keys(['example_xcom']) retrieved from /home/airflow/.local/lib/python3.7/site-packages/airflow/example_dags/example_xcom.py
[2022-02-05 19:36:57,431] {logging_mixin.py:109} INFO - [2022-02-05 19:36:57,431] {dag.py:2396} INFO - Sync 1 DAGs
[2022-02-05 19:36:57,443] {logging_mixin.py:109} INFO - [2022-02-05 19:36:57,443] {dag.py:2935} INFO - Setting next_dagrun for example_xcom to 2021-01-01T00:00:00+00:00
[2022-02-05 19:36:57,453] {processor.py:171} INFO - Processing /home/airflow/.local/lib/python3.7/site-packages/airflow/example_dags/example_xcom.py took 0.308 seconds
[2022-02-05 19:37:27,673] {processor.py:163} INFO - Started process (PID=1894) to work on /home/airflow/.local/lib/python3.7/site-packages/airflow/example_dags/example_xcom.py
[2022-02-05 19:37:27,678] {processor.py:642} INFO - Processing file /home/airflow/.local/lib/python3.7/site-packages/airflow/example_dags/example_xcom.py for tasks to queue
[2022-02-05 19:37:27,678] {logging_mixin.py:109} INFO - [2022-02-05 19:37:27,678] {dagbag.py:500} INFO - Filling up the DagBag from /home/airflow/.local/lib/python3.7/site-packages/airflow/example_dags/example_xcom.py
[2022-02-05 19:37:27,705] {processor.py:654} INFO - DAG(s) dict_keys(['example_xcom']) retrieved from /home/airflow/.local/lib/python3.7/site-packages/airflow/example_dags/example_xcom.py
[2022-02-05 19:37:27,946] {logging_mixin.py:109} INFO - [2022-02-05 19:37:27,946] {dag.py:2396} INFO - Sync 1 DAGs
[2022-02-05 19:37:27,959] {logging_mixin.py:109} INFO - [2022-02-05 19:37:27,959] {dag.py:2935} INFO - Setting next_dagrun for example_xcom to 2021-01-01T00:00:00+00:00
[2022-02-05 19:37:27,971] {processor.py:171} INFO - Processing /home/airflow/.local/lib/python3.7/site-packages/airflow/example_dags/example_xcom.py took 0.301 seconds
[2022-02-05 19:37:58,038] {processor.py:163} INFO - Started process (PID=1947) to work on /home/airflow/.local/lib/python3.7/site-packages/airflow/example_dags/example_xcom.py
[2022-02-05 19:37:58,040] {processor.py:642} INFO - Processing file /home/airflow/.local/lib/python3.7/site-packages/airflow/example_dags/example_xcom.py for tasks to queue
[2022-02-05 19:37:58,040] {logging_mixin.py:109} INFO - [2022-02-05 19:37:58,040] {dagbag.py:500} INFO - Filling up the DagBag from /home/airflow/.local/lib/python3.7/site-packages/airflow/example_dags/example_xcom.py
[2022-02-05 19:37:58,082] {processor.py:654} INFO - DAG(s) dict_keys(['example_xcom']) retrieved from /home/airflow/.local/lib/python3.7/site-packages/airflow/example_dags/example_xcom.py
[2022-02-05 19:37:58,471] {logging_mixin.py:109} INFO - [2022-02-05 19:37:58,471] {dag.py:2396} INFO - Sync 1 DAGs
[2022-02-05 19:37:58,489] {logging_mixin.py:109} INFO - [2022-02-05 19:37:58,489] {dag.py:2935} INFO - Setting next_dagrun for example_xcom to 2021-01-01T00:00:00+00:00
[2022-02-05 19:37:58,503] {processor.py:171} INFO - Processing /home/airflow/.local/lib/python3.7/site-packages/airflow/example_dags/example_xcom.py took 0.468 seconds
[2022-02-05 19:38:28,789] {processor.py:163} INFO - Started process (PID=2010) to work on /home/airflow/.local/lib/python3.7/site-packages/airflow/example_dags/example_xcom.py
[2022-02-05 19:38:28,790] {processor.py:642} INFO - Processing file /home/airflow/.local/lib/python3.7/site-packages/airflow/example_dags/example_xcom.py for tasks to queue
[2022-02-05 19:38:28,791] {logging_mixin.py:109} INFO - [2022-02-05 19:38:28,791] {dagbag.py:500} INFO - Filling up the DagBag from /home/airflow/.local/lib/python3.7/site-packages/airflow/example_dags/example_xcom.py
[2022-02-05 19:38:28,831] {processor.py:654} INFO - DAG(s) dict_keys(['example_xcom']) retrieved from /home/airflow/.local/lib/python3.7/site-packages/airflow/example_dags/example_xcom.py
[2022-02-05 19:38:29,112] {logging_mixin.py:109} INFO - [2022-02-05 19:38:29,112] {dag.py:2396} INFO - Sync 1 DAGs
[2022-02-05 19:38:29,126] {logging_mixin.py:109} INFO - [2022-02-05 19:38:29,126] {dag.py:2935} INFO - Setting next_dagrun for example_xcom to 2021-01-01T00:00:00+00:00
[2022-02-05 19:38:29,142] {processor.py:171} INFO - Processing /home/airflow/.local/lib/python3.7/site-packages/airflow/example_dags/example_xcom.py took 0.358 seconds
[2022-02-05 19:38:59,297] {processor.py:163} INFO - Started process (PID=2064) to work on /home/airflow/.local/lib/python3.7/site-packages/airflow/example_dags/example_xcom.py
[2022-02-05 19:38:59,302] {processor.py:642} INFO - Processing file /home/airflow/.local/lib/python3.7/site-packages/airflow/example_dags/example_xcom.py for tasks to queue
[2022-02-05 19:38:59,303] {logging_mixin.py:109} INFO - [2022-02-05 19:38:59,303] {dagbag.py:500} INFO - Filling up the DagBag from /home/airflow/.local/lib/python3.7/site-packages/airflow/example_dags/example_xcom.py
[2022-02-05 19:38:59,334] {processor.py:654} INFO - DAG(s) dict_keys(['example_xcom']) retrieved from /home/airflow/.local/lib/python3.7/site-packages/airflow/example_dags/example_xcom.py
[2022-02-05 19:38:59,601] {logging_mixin.py:109} INFO - [2022-02-05 19:38:59,601] {dag.py:2396} INFO - Sync 1 DAGs
[2022-02-05 19:38:59,614] {logging_mixin.py:109} INFO - [2022-02-05 19:38:59,613] {dag.py:2935} INFO - Setting next_dagrun for example_xcom to 2021-01-01T00:00:00+00:00
[2022-02-05 19:38:59,622] {processor.py:171} INFO - Processing /home/airflow/.local/lib/python3.7/site-packages/airflow/example_dags/example_xcom.py took 0.328 seconds
[2022-02-05 19:39:29,806] {processor.py:163} INFO - Started process (PID=2117) to work on /home/airflow/.local/lib/python3.7/site-packages/airflow/example_dags/example_xcom.py
[2022-02-05 19:39:29,807] {processor.py:642} INFO - Processing file /home/airflow/.local/lib/python3.7/site-packages/airflow/example_dags/example_xcom.py for tasks to queue
[2022-02-05 19:39:29,807] {logging_mixin.py:109} INFO - [2022-02-05 19:39:29,807] {dagbag.py:500} INFO - Filling up the DagBag from /home/airflow/.local/lib/python3.7/site-packages/airflow/example_dags/example_xcom.py
[2022-02-05 19:39:29,839] {processor.py:654} INFO - DAG(s) dict_keys(['example_xcom']) retrieved from /home/airflow/.local/lib/python3.7/site-packages/airflow/example_dags/example_xcom.py
[2022-02-05 19:39:30,213] {logging_mixin.py:109} INFO - [2022-02-05 19:39:30,213] {dag.py:2396} INFO - Sync 1 DAGs
[2022-02-05 19:39:30,236] {logging_mixin.py:109} INFO - [2022-02-05 19:39:30,234] {dag.py:2935} INFO - Setting next_dagrun for example_xcom to 2021-01-01T00:00:00+00:00
[2022-02-05 19:39:30,254] {processor.py:171} INFO - Processing /home/airflow/.local/lib/python3.7/site-packages/airflow/example_dags/example_xcom.py took 0.451 seconds
[2022-02-05 19:40:00,695] {processor.py:163} INFO - Started process (PID=2184) to work on /home/airflow/.local/lib/python3.7/site-packages/airflow/example_dags/example_xcom.py
[2022-02-05 19:40:00,697] {processor.py:642} INFO - Processing file /home/airflow/.local/lib/python3.7/site-packages/airflow/example_dags/example_xcom.py for tasks to queue
[2022-02-05 19:40:00,698] {logging_mixin.py:109} INFO - [2022-02-05 19:40:00,698] {dagbag.py:500} INFO - Filling up the DagBag from /home/airflow/.local/lib/python3.7/site-packages/airflow/example_dags/example_xcom.py
[2022-02-05 19:40:00,734] {processor.py:654} INFO - DAG(s) dict_keys(['example_xcom']) retrieved from /home/airflow/.local/lib/python3.7/site-packages/airflow/example_dags/example_xcom.py
[2022-02-05 19:40:01,064] {logging_mixin.py:109} INFO - [2022-02-05 19:40:01,063] {dag.py:2396} INFO - Sync 1 DAGs
[2022-02-05 19:40:01,084] {logging_mixin.py:109} INFO - [2022-02-05 19:40:01,083] {dag.py:2935} INFO - Setting next_dagrun for example_xcom to 2021-01-01T00:00:00+00:00
[2022-02-05 19:40:01,099] {processor.py:171} INFO - Processing /home/airflow/.local/lib/python3.7/site-packages/airflow/example_dags/example_xcom.py took 0.407 seconds
[2022-02-05 19:40:31,189] {processor.py:163} INFO - Started process (PID=2241) to work on /home/airflow/.local/lib/python3.7/site-packages/airflow/example_dags/example_xcom.py
[2022-02-05 19:40:31,190] {processor.py:642} INFO - Processing file /home/airflow/.local/lib/python3.7/site-packages/airflow/example_dags/example_xcom.py for tasks to queue
[2022-02-05 19:40:31,191] {logging_mixin.py:109} INFO - [2022-02-05 19:40:31,191] {dagbag.py:500} INFO - Filling up the DagBag from /home/airflow/.local/lib/python3.7/site-packages/airflow/example_dags/example_xcom.py
[2022-02-05 19:40:31,228] {processor.py:654} INFO - DAG(s) dict_keys(['example_xcom']) retrieved from /home/airflow/.local/lib/python3.7/site-packages/airflow/example_dags/example_xcom.py
[2022-02-05 19:40:31,648] {logging_mixin.py:109} INFO - [2022-02-05 19:40:31,648] {dag.py:2396} INFO - Sync 1 DAGs
[2022-02-05 19:40:31,683] {logging_mixin.py:109} INFO - [2022-02-05 19:40:31,683] {dag.py:2935} INFO - Setting next_dagrun for example_xcom to 2021-01-01T00:00:00+00:00
[2022-02-05 19:40:31,735] {processor.py:171} INFO - Processing /home/airflow/.local/lib/python3.7/site-packages/airflow/example_dags/example_xcom.py took 0.550 seconds
[2022-02-05 19:41:02,454] {processor.py:163} INFO - Started process (PID=2305) to work on /home/airflow/.local/lib/python3.7/site-packages/airflow/example_dags/example_xcom.py
[2022-02-05 19:41:02,458] {processor.py:642} INFO - Processing file /home/airflow/.local/lib/python3.7/site-packages/airflow/example_dags/example_xcom.py for tasks to queue
[2022-02-05 19:41:02,458] {logging_mixin.py:109} INFO - [2022-02-05 19:41:02,458] {dagbag.py:500} INFO - Filling up the DagBag from /home/airflow/.local/lib/python3.7/site-packages/airflow/example_dags/example_xcom.py
[2022-02-05 19:41:02,489] {processor.py:654} INFO - DAG(s) dict_keys(['example_xcom']) retrieved from /home/airflow/.local/lib/python3.7/site-packages/airflow/example_dags/example_xcom.py
[2022-02-05 19:41:02,719] {logging_mixin.py:109} INFO - [2022-02-05 19:41:02,719] {dag.py:2396} INFO - Sync 1 DAGs
[2022-02-05 19:41:02,732] {logging_mixin.py:109} INFO - [2022-02-05 19:41:02,731] {dag.py:2935} INFO - Setting next_dagrun for example_xcom to 2021-01-01T00:00:00+00:00
[2022-02-05 19:41:02,745] {processor.py:171} INFO - Processing /home/airflow/.local/lib/python3.7/site-packages/airflow/example_dags/example_xcom.py took 0.293 seconds
[2022-02-05 19:41:32,944] {processor.py:163} INFO - Started process (PID=2358) to work on /home/airflow/.local/lib/python3.7/site-packages/airflow/example_dags/example_xcom.py
[2022-02-05 19:41:32,946] {processor.py:642} INFO - Processing file /home/airflow/.local/lib/python3.7/site-packages/airflow/example_dags/example_xcom.py for tasks to queue
[2022-02-05 19:41:32,946] {logging_mixin.py:109} INFO - [2022-02-05 19:41:32,946] {dagbag.py:500} INFO - Filling up the DagBag from /home/airflow/.local/lib/python3.7/site-packages/airflow/example_dags/example_xcom.py
[2022-02-05 19:41:33,093] {processor.py:654} INFO - DAG(s) dict_keys(['example_xcom']) retrieved from /home/airflow/.local/lib/python3.7/site-packages/airflow/example_dags/example_xcom.py
[2022-02-05 19:41:33,440] {logging_mixin.py:109} INFO - [2022-02-05 19:41:33,440] {dag.py:2396} INFO - Sync 1 DAGs
[2022-02-05 19:41:33,463] {logging_mixin.py:109} INFO - [2022-02-05 19:41:33,462] {dag.py:2935} INFO - Setting next_dagrun for example_xcom to 2021-01-01T00:00:00+00:00
[2022-02-05 19:41:33,489] {processor.py:171} INFO - Processing /home/airflow/.local/lib/python3.7/site-packages/airflow/example_dags/example_xcom.py took 0.548 seconds
[2022-02-05 19:42:03,587] {processor.py:163} INFO - Started process (PID=2419) to work on /home/airflow/.local/lib/python3.7/site-packages/airflow/example_dags/example_xcom.py
[2022-02-05 19:42:03,590] {processor.py:642} INFO - Processing file /home/airflow/.local/lib/python3.7/site-packages/airflow/example_dags/example_xcom.py for tasks to queue
[2022-02-05 19:42:03,591] {logging_mixin.py:109} INFO - [2022-02-05 19:42:03,590] {dagbag.py:500} INFO - Filling up the DagBag from /home/airflow/.local/lib/python3.7/site-packages/airflow/example_dags/example_xcom.py
[2022-02-05 19:42:03,726] {processor.py:654} INFO - DAG(s) dict_keys(['example_xcom']) retrieved from /home/airflow/.local/lib/python3.7/site-packages/airflow/example_dags/example_xcom.py
[2022-02-05 19:42:03,993] {logging_mixin.py:109} INFO - [2022-02-05 19:42:03,993] {dag.py:2396} INFO - Sync 1 DAGs
[2022-02-05 19:42:04,015] {logging_mixin.py:109} INFO - [2022-02-05 19:42:04,015] {dag.py:2935} INFO - Setting next_dagrun for example_xcom to 2021-01-01T00:00:00+00:00
[2022-02-05 19:42:04,031] {processor.py:171} INFO - Processing /home/airflow/.local/lib/python3.7/site-packages/airflow/example_dags/example_xcom.py took 0.447 seconds
[2022-02-05 19:42:34,429] {processor.py:163} INFO - Started process (PID=2472) to work on /home/airflow/.local/lib/python3.7/site-packages/airflow/example_dags/example_xcom.py
[2022-02-05 19:42:34,436] {processor.py:642} INFO - Processing file /home/airflow/.local/lib/python3.7/site-packages/airflow/example_dags/example_xcom.py for tasks to queue
[2022-02-05 19:42:34,437] {logging_mixin.py:109} INFO - [2022-02-05 19:42:34,437] {dagbag.py:500} INFO - Filling up the DagBag from /home/airflow/.local/lib/python3.7/site-packages/airflow/example_dags/example_xcom.py
[2022-02-05 19:42:34,549] {processor.py:654} INFO - DAG(s) dict_keys(['example_xcom']) retrieved from /home/airflow/.local/lib/python3.7/site-packages/airflow/example_dags/example_xcom.py
[2022-02-05 19:42:34,736] {logging_mixin.py:109} INFO - [2022-02-05 19:42:34,736] {dag.py:2396} INFO - Sync 1 DAGs
[2022-02-05 19:42:34,755] {logging_mixin.py:109} INFO - [2022-02-05 19:42:34,755] {dag.py:2935} INFO - Setting next_dagrun for example_xcom to 2021-01-01T00:00:00+00:00
[2022-02-05 19:42:34,772] {processor.py:171} INFO - Processing /home/airflow/.local/lib/python3.7/site-packages/airflow/example_dags/example_xcom.py took 0.346 seconds
[2022-02-05 19:43:04,868] {processor.py:163} INFO - Started process (PID=2534) to work on /home/airflow/.local/lib/python3.7/site-packages/airflow/example_dags/example_xcom.py
[2022-02-05 19:43:04,869] {processor.py:642} INFO - Processing file /home/airflow/.local/lib/python3.7/site-packages/airflow/example_dags/example_xcom.py for tasks to queue
[2022-02-05 19:43:04,870] {logging_mixin.py:109} INFO - [2022-02-05 19:43:04,870] {dagbag.py:500} INFO - Filling up the DagBag from /home/airflow/.local/lib/python3.7/site-packages/airflow/example_dags/example_xcom.py
[2022-02-05 19:43:04,987] {processor.py:654} INFO - DAG(s) dict_keys(['example_xcom']) retrieved from /home/airflow/.local/lib/python3.7/site-packages/airflow/example_dags/example_xcom.py
[2022-02-05 19:43:05,236] {logging_mixin.py:109} INFO - [2022-02-05 19:43:05,236] {dag.py:2396} INFO - Sync 1 DAGs
[2022-02-05 19:43:05,252] {logging_mixin.py:109} INFO - [2022-02-05 19:43:05,252] {dag.py:2935} INFO - Setting next_dagrun for example_xcom to 2021-01-01T00:00:00+00:00
[2022-02-05 19:43:05,267] {processor.py:171} INFO - Processing /home/airflow/.local/lib/python3.7/site-packages/airflow/example_dags/example_xcom.py took 0.402 seconds
[2022-02-05 19:43:35,887] {processor.py:163} INFO - Started process (PID=2588) to work on /home/airflow/.local/lib/python3.7/site-packages/airflow/example_dags/example_xcom.py
[2022-02-05 19:43:35,888] {processor.py:642} INFO - Processing file /home/airflow/.local/lib/python3.7/site-packages/airflow/example_dags/example_xcom.py for tasks to queue
[2022-02-05 19:43:35,889] {logging_mixin.py:109} INFO - [2022-02-05 19:43:35,889] {dagbag.py:500} INFO - Filling up the DagBag from /home/airflow/.local/lib/python3.7/site-packages/airflow/example_dags/example_xcom.py
[2022-02-05 19:43:36,001] {processor.py:654} INFO - DAG(s) dict_keys(['example_xcom']) retrieved from /home/airflow/.local/lib/python3.7/site-packages/airflow/example_dags/example_xcom.py
[2022-02-05 19:43:36,141] {logging_mixin.py:109} INFO - [2022-02-05 19:43:36,141] {dag.py:2396} INFO - Sync 1 DAGs
[2022-02-05 19:43:36,152] {logging_mixin.py:109} INFO - [2022-02-05 19:43:36,152] {dag.py:2935} INFO - Setting next_dagrun for example_xcom to 2021-01-01T00:00:00+00:00
[2022-02-05 19:43:36,164] {processor.py:171} INFO - Processing /home/airflow/.local/lib/python3.7/site-packages/airflow/example_dags/example_xcom.py took 0.280 seconds
[2022-02-05 19:44:06,193] {processor.py:163} INFO - Started process (PID=2655) to work on /home/airflow/.local/lib/python3.7/site-packages/airflow/example_dags/example_xcom.py
[2022-02-05 19:44:06,217] {processor.py:642} INFO - Processing file /home/airflow/.local/lib/python3.7/site-packages/airflow/example_dags/example_xcom.py for tasks to queue
[2022-02-05 19:44:06,218] {logging_mixin.py:109} INFO - [2022-02-05 19:44:06,218] {dagbag.py:500} INFO - Filling up the DagBag from /home/airflow/.local/lib/python3.7/site-packages/airflow/example_dags/example_xcom.py
[2022-02-05 19:44:06,320] {processor.py:654} INFO - DAG(s) dict_keys(['example_xcom']) retrieved from /home/airflow/.local/lib/python3.7/site-packages/airflow/example_dags/example_xcom.py
[2022-02-05 19:44:06,475] {logging_mixin.py:109} INFO - [2022-02-05 19:44:06,475] {dag.py:2396} INFO - Sync 1 DAGs
[2022-02-05 19:44:06,485] {logging_mixin.py:109} INFO - [2022-02-05 19:44:06,485] {dag.py:2935} INFO - Setting next_dagrun for example_xcom to 2021-01-01T00:00:00+00:00
[2022-02-05 19:44:06,499] {processor.py:171} INFO - Processing /home/airflow/.local/lib/python3.7/site-packages/airflow/example_dags/example_xcom.py took 0.309 seconds
[2022-02-05 19:44:37,442] {processor.py:163} INFO - Started process (PID=2707) to work on /home/airflow/.local/lib/python3.7/site-packages/airflow/example_dags/example_xcom.py
[2022-02-05 19:44:37,443] {processor.py:642} INFO - Processing file /home/airflow/.local/lib/python3.7/site-packages/airflow/example_dags/example_xcom.py for tasks to queue
[2022-02-05 19:44:37,444] {logging_mixin.py:109} INFO - [2022-02-05 19:44:37,444] {dagbag.py:500} INFO - Filling up the DagBag from /home/airflow/.local/lib/python3.7/site-packages/airflow/example_dags/example_xcom.py
[2022-02-05 19:44:37,472] {processor.py:654} INFO - DAG(s) dict_keys(['example_xcom']) retrieved from /home/airflow/.local/lib/python3.7/site-packages/airflow/example_dags/example_xcom.py
[2022-02-05 19:44:37,635] {logging_mixin.py:109} INFO - [2022-02-05 19:44:37,635] {dag.py:2396} INFO - Sync 1 DAGs
[2022-02-05 19:44:37,647] {logging_mixin.py:109} INFO - [2022-02-05 19:44:37,647] {dag.py:2935} INFO - Setting next_dagrun for example_xcom to 2021-01-01T00:00:00+00:00
[2022-02-05 19:44:37,658] {processor.py:171} INFO - Processing /home/airflow/.local/lib/python3.7/site-packages/airflow/example_dags/example_xcom.py took 0.218 seconds
[2022-02-05 19:45:08,345] {processor.py:163} INFO - Started process (PID=2769) to work on /home/airflow/.local/lib/python3.7/site-packages/airflow/example_dags/example_xcom.py
[2022-02-05 19:45:08,347] {processor.py:642} INFO - Processing file /home/airflow/.local/lib/python3.7/site-packages/airflow/example_dags/example_xcom.py for tasks to queue
[2022-02-05 19:45:08,347] {logging_mixin.py:109} INFO - [2022-02-05 19:45:08,347] {dagbag.py:500} INFO - Filling up the DagBag from /home/airflow/.local/lib/python3.7/site-packages/airflow/example_dags/example_xcom.py
[2022-02-05 19:45:08,375] {processor.py:654} INFO - DAG(s) dict_keys(['example_xcom']) retrieved from /home/airflow/.local/lib/python3.7/site-packages/airflow/example_dags/example_xcom.py
[2022-02-05 19:45:08,528] {logging_mixin.py:109} INFO - [2022-02-05 19:45:08,528] {dag.py:2396} INFO - Sync 1 DAGs
[2022-02-05 19:45:08,540] {logging_mixin.py:109} INFO - [2022-02-05 19:45:08,540] {dag.py:2935} INFO - Setting next_dagrun for example_xcom to 2021-01-01T00:00:00+00:00
[2022-02-05 19:45:08,572] {processor.py:171} INFO - Processing /home/airflow/.local/lib/python3.7/site-packages/airflow/example_dags/example_xcom.py took 0.229 seconds
[2022-02-05 19:45:39,147] {processor.py:163} INFO - Started process (PID=2822) to work on /home/airflow/.local/lib/python3.7/site-packages/airflow/example_dags/example_xcom.py
[2022-02-05 19:45:39,148] {processor.py:642} INFO - Processing file /home/airflow/.local/lib/python3.7/site-packages/airflow/example_dags/example_xcom.py for tasks to queue
[2022-02-05 19:45:39,149] {logging_mixin.py:109} INFO - [2022-02-05 19:45:39,149] {dagbag.py:500} INFO - Filling up the DagBag from /home/airflow/.local/lib/python3.7/site-packages/airflow/example_dags/example_xcom.py
[2022-02-05 19:45:39,177] {processor.py:654} INFO - DAG(s) dict_keys(['example_xcom']) retrieved from /home/airflow/.local/lib/python3.7/site-packages/airflow/example_dags/example_xcom.py
[2022-02-05 19:45:39,335] {logging_mixin.py:109} INFO - [2022-02-05 19:45:39,335] {dag.py:2396} INFO - Sync 1 DAGs
[2022-02-05 19:45:39,347] {logging_mixin.py:109} INFO - [2022-02-05 19:45:39,347] {dag.py:2935} INFO - Setting next_dagrun for example_xcom to 2021-01-01T00:00:00+00:00
[2022-02-05 19:45:39,357] {processor.py:171} INFO - Processing /home/airflow/.local/lib/python3.7/site-packages/airflow/example_dags/example_xcom.py took 0.213 seconds
[2022-02-05 19:46:10,014] {processor.py:163} INFO - Started process (PID=2885) to work on /home/airflow/.local/lib/python3.7/site-packages/airflow/example_dags/example_xcom.py
[2022-02-05 19:46:10,016] {processor.py:642} INFO - Processing file /home/airflow/.local/lib/python3.7/site-packages/airflow/example_dags/example_xcom.py for tasks to queue
[2022-02-05 19:46:10,016] {logging_mixin.py:109} INFO - [2022-02-05 19:46:10,016] {dagbag.py:500} INFO - Filling up the DagBag from /home/airflow/.local/lib/python3.7/site-packages/airflow/example_dags/example_xcom.py
[2022-02-05 19:46:10,043] {processor.py:654} INFO - DAG(s) dict_keys(['example_xcom']) retrieved from /home/airflow/.local/lib/python3.7/site-packages/airflow/example_dags/example_xcom.py
[2022-02-05 19:46:10,196] {logging_mixin.py:109} INFO - [2022-02-05 19:46:10,196] {dag.py:2396} INFO - Sync 1 DAGs
[2022-02-05 19:46:10,207] {logging_mixin.py:109} INFO - [2022-02-05 19:46:10,207] {dag.py:2935} INFO - Setting next_dagrun for example_xcom to 2021-01-01T00:00:00+00:00
[2022-02-05 19:46:10,218] {processor.py:171} INFO - Processing /home/airflow/.local/lib/python3.7/site-packages/airflow/example_dags/example_xcom.py took 0.207 seconds
[2022-02-05 19:46:40,859] {processor.py:163} INFO - Started process (PID=2946) to work on /home/airflow/.local/lib/python3.7/site-packages/airflow/example_dags/example_xcom.py
[2022-02-05 19:46:40,860] {processor.py:642} INFO - Processing file /home/airflow/.local/lib/python3.7/site-packages/airflow/example_dags/example_xcom.py for tasks to queue
[2022-02-05 19:46:40,861] {logging_mixin.py:109} INFO - [2022-02-05 19:46:40,861] {dagbag.py:500} INFO - Filling up the DagBag from /home/airflow/.local/lib/python3.7/site-packages/airflow/example_dags/example_xcom.py
[2022-02-05 19:46:40,889] {processor.py:654} INFO - DAG(s) dict_keys(['example_xcom']) retrieved from /home/airflow/.local/lib/python3.7/site-packages/airflow/example_dags/example_xcom.py
[2022-02-05 19:46:41,058] {logging_mixin.py:109} INFO - [2022-02-05 19:46:41,058] {dag.py:2396} INFO - Sync 1 DAGs
[2022-02-05 19:46:41,069] {logging_mixin.py:109} INFO - [2022-02-05 19:46:41,069] {dag.py:2935} INFO - Setting next_dagrun for example_xcom to 2021-01-01T00:00:00+00:00
[2022-02-05 19:46:41,079] {processor.py:171} INFO - Processing /home/airflow/.local/lib/python3.7/site-packages/airflow/example_dags/example_xcom.py took 0.222 seconds
[2022-02-05 19:47:11,575] {processor.py:163} INFO - Started process (PID=2997) to work on /home/airflow/.local/lib/python3.7/site-packages/airflow/example_dags/example_xcom.py
[2022-02-05 19:47:11,581] {processor.py:642} INFO - Processing file /home/airflow/.local/lib/python3.7/site-packages/airflow/example_dags/example_xcom.py for tasks to queue
[2022-02-05 19:47:11,582] {logging_mixin.py:109} INFO - [2022-02-05 19:47:11,582] {dagbag.py:500} INFO - Filling up the DagBag from /home/airflow/.local/lib/python3.7/site-packages/airflow/example_dags/example_xcom.py
[2022-02-05 19:47:11,615] {processor.py:654} INFO - DAG(s) dict_keys(['example_xcom']) retrieved from /home/airflow/.local/lib/python3.7/site-packages/airflow/example_dags/example_xcom.py
[2022-02-05 19:47:11,791] {logging_mixin.py:109} INFO - [2022-02-05 19:47:11,791] {dag.py:2396} INFO - Sync 1 DAGs
[2022-02-05 19:47:11,802] {logging_mixin.py:109} INFO - [2022-02-05 19:47:11,802] {dag.py:2935} INFO - Setting next_dagrun for example_xcom to 2021-01-01T00:00:00+00:00
[2022-02-05 19:47:11,812] {processor.py:171} INFO - Processing /home/airflow/.local/lib/python3.7/site-packages/airflow/example_dags/example_xcom.py took 0.240 seconds
[2022-02-05 19:47:42,442] {processor.py:163} INFO - Started process (PID=3059) to work on /home/airflow/.local/lib/python3.7/site-packages/airflow/example_dags/example_xcom.py
[2022-02-05 19:47:42,443] {processor.py:642} INFO - Processing file /home/airflow/.local/lib/python3.7/site-packages/airflow/example_dags/example_xcom.py for tasks to queue
[2022-02-05 19:47:42,444] {logging_mixin.py:109} INFO - [2022-02-05 19:47:42,443] {dagbag.py:500} INFO - Filling up the DagBag from /home/airflow/.local/lib/python3.7/site-packages/airflow/example_dags/example_xcom.py
[2022-02-05 19:47:42,470] {processor.py:654} INFO - DAG(s) dict_keys(['example_xcom']) retrieved from /home/airflow/.local/lib/python3.7/site-packages/airflow/example_dags/example_xcom.py
[2022-02-05 19:47:42,627] {logging_mixin.py:109} INFO - [2022-02-05 19:47:42,627] {dag.py:2396} INFO - Sync 1 DAGs
[2022-02-05 19:47:42,638] {logging_mixin.py:109} INFO - [2022-02-05 19:47:42,638] {dag.py:2935} INFO - Setting next_dagrun for example_xcom to 2021-01-01T00:00:00+00:00
[2022-02-05 19:47:42,650] {processor.py:171} INFO - Processing /home/airflow/.local/lib/python3.7/site-packages/airflow/example_dags/example_xcom.py took 0.211 seconds
[2022-02-05 19:48:13,435] {processor.py:163} INFO - Started process (PID=3112) to work on /home/airflow/.local/lib/python3.7/site-packages/airflow/example_dags/example_xcom.py
[2022-02-05 19:48:13,437] {processor.py:642} INFO - Processing file /home/airflow/.local/lib/python3.7/site-packages/airflow/example_dags/example_xcom.py for tasks to queue
[2022-02-05 19:48:13,438] {logging_mixin.py:109} INFO - [2022-02-05 19:48:13,438] {dagbag.py:500} INFO - Filling up the DagBag from /home/airflow/.local/lib/python3.7/site-packages/airflow/example_dags/example_xcom.py
[2022-02-05 19:48:13,472] {processor.py:654} INFO - DAG(s) dict_keys(['example_xcom']) retrieved from /home/airflow/.local/lib/python3.7/site-packages/airflow/example_dags/example_xcom.py
[2022-02-05 19:48:13,703] {logging_mixin.py:109} INFO - [2022-02-05 19:48:13,703] {dag.py:2396} INFO - Sync 1 DAGs
[2022-02-05 19:48:13,719] {logging_mixin.py:109} INFO - [2022-02-05 19:48:13,719] {dag.py:2935} INFO - Setting next_dagrun for example_xcom to 2021-01-01T00:00:00+00:00
[2022-02-05 19:48:13,735] {processor.py:171} INFO - Processing /home/airflow/.local/lib/python3.7/site-packages/airflow/example_dags/example_xcom.py took 0.305 seconds
[2022-02-05 19:48:44,049] {processor.py:163} INFO - Started process (PID=3175) to work on /home/airflow/.local/lib/python3.7/site-packages/airflow/example_dags/example_xcom.py
[2022-02-05 19:48:44,051] {processor.py:642} INFO - Processing file /home/airflow/.local/lib/python3.7/site-packages/airflow/example_dags/example_xcom.py for tasks to queue
[2022-02-05 19:48:44,052] {logging_mixin.py:109} INFO - [2022-02-05 19:48:44,052] {dagbag.py:500} INFO - Filling up the DagBag from /home/airflow/.local/lib/python3.7/site-packages/airflow/example_dags/example_xcom.py
[2022-02-05 19:48:44,079] {processor.py:654} INFO - DAG(s) dict_keys(['example_xcom']) retrieved from /home/airflow/.local/lib/python3.7/site-packages/airflow/example_dags/example_xcom.py
[2022-02-05 19:48:44,242] {logging_mixin.py:109} INFO - [2022-02-05 19:48:44,242] {dag.py:2396} INFO - Sync 1 DAGs
[2022-02-05 19:48:44,254] {logging_mixin.py:109} INFO - [2022-02-05 19:48:44,254] {dag.py:2935} INFO - Setting next_dagrun for example_xcom to 2021-01-01T00:00:00+00:00
[2022-02-05 19:48:44,265] {processor.py:171} INFO - Processing /home/airflow/.local/lib/python3.7/site-packages/airflow/example_dags/example_xcom.py took 0.219 seconds
[2022-02-05 19:49:14,565] {processor.py:163} INFO - Started process (PID=3230) to work on /home/airflow/.local/lib/python3.7/site-packages/airflow/example_dags/example_xcom.py
[2022-02-05 19:49:14,566] {processor.py:642} INFO - Processing file /home/airflow/.local/lib/python3.7/site-packages/airflow/example_dags/example_xcom.py for tasks to queue
[2022-02-05 19:49:14,566] {logging_mixin.py:109} INFO - [2022-02-05 19:49:14,566] {dagbag.py:500} INFO - Filling up the DagBag from /home/airflow/.local/lib/python3.7/site-packages/airflow/example_dags/example_xcom.py
[2022-02-05 19:49:14,595] {processor.py:654} INFO - DAG(s) dict_keys(['example_xcom']) retrieved from /home/airflow/.local/lib/python3.7/site-packages/airflow/example_dags/example_xcom.py
[2022-02-05 19:49:14,804] {logging_mixin.py:109} INFO - [2022-02-05 19:49:14,804] {dag.py:2396} INFO - Sync 1 DAGs
[2022-02-05 19:49:14,818] {logging_mixin.py:109} INFO - [2022-02-05 19:49:14,817] {dag.py:2935} INFO - Setting next_dagrun for example_xcom to 2021-01-01T00:00:00+00:00
[2022-02-05 19:49:14,829] {processor.py:171} INFO - Processing /home/airflow/.local/lib/python3.7/site-packages/airflow/example_dags/example_xcom.py took 0.267 seconds
[2022-02-05 19:49:45,016] {processor.py:163} INFO - Started process (PID=3293) to work on /home/airflow/.local/lib/python3.7/site-packages/airflow/example_dags/example_xcom.py
[2022-02-05 19:49:45,019] {processor.py:642} INFO - Processing file /home/airflow/.local/lib/python3.7/site-packages/airflow/example_dags/example_xcom.py for tasks to queue
[2022-02-05 19:49:45,019] {logging_mixin.py:109} INFO - [2022-02-05 19:49:45,019] {dagbag.py:500} INFO - Filling up the DagBag from /home/airflow/.local/lib/python3.7/site-packages/airflow/example_dags/example_xcom.py
[2022-02-05 19:49:45,068] {processor.py:654} INFO - DAG(s) dict_keys(['example_xcom']) retrieved from /home/airflow/.local/lib/python3.7/site-packages/airflow/example_dags/example_xcom.py
[2022-02-05 19:49:45,486] {logging_mixin.py:109} INFO - [2022-02-05 19:49:45,486] {dag.py:2396} INFO - Sync 1 DAGs
[2022-02-05 19:49:45,517] {logging_mixin.py:109} INFO - [2022-02-05 19:49:45,517] {dag.py:2935} INFO - Setting next_dagrun for example_xcom to 2021-01-01T00:00:00+00:00
[2022-02-05 19:49:45,540] {processor.py:171} INFO - Processing /home/airflow/.local/lib/python3.7/site-packages/airflow/example_dags/example_xcom.py took 0.528 seconds
[2022-02-05 19:50:16,387] {processor.py:163} INFO - Started process (PID=3346) to work on /home/airflow/.local/lib/python3.7/site-packages/airflow/example_dags/example_xcom.py
[2022-02-05 19:50:16,389] {processor.py:642} INFO - Processing file /home/airflow/.local/lib/python3.7/site-packages/airflow/example_dags/example_xcom.py for tasks to queue
[2022-02-05 19:50:16,389] {logging_mixin.py:109} INFO - [2022-02-05 19:50:16,389] {dagbag.py:500} INFO - Filling up the DagBag from /home/airflow/.local/lib/python3.7/site-packages/airflow/example_dags/example_xcom.py
[2022-02-05 19:50:16,418] {processor.py:654} INFO - DAG(s) dict_keys(['example_xcom']) retrieved from /home/airflow/.local/lib/python3.7/site-packages/airflow/example_dags/example_xcom.py
[2022-02-05 19:50:16,576] {logging_mixin.py:109} INFO - [2022-02-05 19:50:16,576] {dag.py:2396} INFO - Sync 1 DAGs
[2022-02-05 19:50:16,588] {logging_mixin.py:109} INFO - [2022-02-05 19:50:16,588] {dag.py:2935} INFO - Setting next_dagrun for example_xcom to 2021-01-01T00:00:00+00:00
[2022-02-05 19:50:16,600] {processor.py:171} INFO - Processing /home/airflow/.local/lib/python3.7/site-packages/airflow/example_dags/example_xcom.py took 0.217 seconds
[2022-02-05 19:50:47,513] {processor.py:163} INFO - Started process (PID=3407) to work on /home/airflow/.local/lib/python3.7/site-packages/airflow/example_dags/example_xcom.py
[2022-02-05 19:50:47,516] {processor.py:642} INFO - Processing file /home/airflow/.local/lib/python3.7/site-packages/airflow/example_dags/example_xcom.py for tasks to queue
[2022-02-05 19:50:47,518] {logging_mixin.py:109} INFO - [2022-02-05 19:50:47,517] {dagbag.py:500} INFO - Filling up the DagBag from /home/airflow/.local/lib/python3.7/site-packages/airflow/example_dags/example_xcom.py
[2022-02-05 19:50:47,555] {processor.py:654} INFO - DAG(s) dict_keys(['example_xcom']) retrieved from /home/airflow/.local/lib/python3.7/site-packages/airflow/example_dags/example_xcom.py
[2022-02-05 19:50:47,755] {logging_mixin.py:109} INFO - [2022-02-05 19:50:47,755] {dag.py:2396} INFO - Sync 1 DAGs
[2022-02-05 19:50:47,770] {logging_mixin.py:109} INFO - [2022-02-05 19:50:47,769] {dag.py:2935} INFO - Setting next_dagrun for example_xcom to 2021-01-01T00:00:00+00:00
[2022-02-05 19:50:47,783] {processor.py:171} INFO - Processing /home/airflow/.local/lib/python3.7/site-packages/airflow/example_dags/example_xcom.py took 0.273 seconds
[2022-02-05 19:51:18,007] {processor.py:163} INFO - Started process (PID=3459) to work on /home/airflow/.local/lib/python3.7/site-packages/airflow/example_dags/example_xcom.py
[2022-02-05 19:51:18,008] {processor.py:642} INFO - Processing file /home/airflow/.local/lib/python3.7/site-packages/airflow/example_dags/example_xcom.py for tasks to queue
[2022-02-05 19:51:18,009] {logging_mixin.py:109} INFO - [2022-02-05 19:51:18,009] {dagbag.py:500} INFO - Filling up the DagBag from /home/airflow/.local/lib/python3.7/site-packages/airflow/example_dags/example_xcom.py
[2022-02-05 19:51:18,045] {processor.py:654} INFO - DAG(s) dict_keys(['example_xcom']) retrieved from /home/airflow/.local/lib/python3.7/site-packages/airflow/example_dags/example_xcom.py
[2022-02-05 19:51:18,263] {logging_mixin.py:109} INFO - [2022-02-05 19:51:18,263] {dag.py:2396} INFO - Sync 1 DAGs
[2022-02-05 19:51:18,278] {logging_mixin.py:109} INFO - [2022-02-05 19:51:18,277] {dag.py:2935} INFO - Setting next_dagrun for example_xcom to 2021-01-01T00:00:00+00:00
[2022-02-05 19:51:18,288] {processor.py:171} INFO - Processing /home/airflow/.local/lib/python3.7/site-packages/airflow/example_dags/example_xcom.py took 0.287 seconds
[2022-02-05 19:51:48,305] {processor.py:163} INFO - Started process (PID=3520) to work on /home/airflow/.local/lib/python3.7/site-packages/airflow/example_dags/example_xcom.py
[2022-02-05 19:51:48,307] {processor.py:642} INFO - Processing file /home/airflow/.local/lib/python3.7/site-packages/airflow/example_dags/example_xcom.py for tasks to queue
[2022-02-05 19:51:48,307] {logging_mixin.py:109} INFO - [2022-02-05 19:51:48,307] {dagbag.py:500} INFO - Filling up the DagBag from /home/airflow/.local/lib/python3.7/site-packages/airflow/example_dags/example_xcom.py
[2022-02-05 19:51:48,334] {processor.py:654} INFO - DAG(s) dict_keys(['example_xcom']) retrieved from /home/airflow/.local/lib/python3.7/site-packages/airflow/example_dags/example_xcom.py
[2022-02-05 19:51:48,483] {logging_mixin.py:109} INFO - [2022-02-05 19:51:48,483] {dag.py:2396} INFO - Sync 1 DAGs
[2022-02-05 19:51:48,494] {logging_mixin.py:109} INFO - [2022-02-05 19:51:48,494] {dag.py:2935} INFO - Setting next_dagrun for example_xcom to 2021-01-01T00:00:00+00:00
[2022-02-05 19:51:48,505] {processor.py:171} INFO - Processing /home/airflow/.local/lib/python3.7/site-packages/airflow/example_dags/example_xcom.py took 0.202 seconds
[2022-02-05 19:52:19,415] {processor.py:163} INFO - Started process (PID=3572) to work on /home/airflow/.local/lib/python3.7/site-packages/airflow/example_dags/example_xcom.py
[2022-02-05 19:52:19,416] {processor.py:642} INFO - Processing file /home/airflow/.local/lib/python3.7/site-packages/airflow/example_dags/example_xcom.py for tasks to queue
[2022-02-05 19:52:19,417] {logging_mixin.py:109} INFO - [2022-02-05 19:52:19,417] {dagbag.py:500} INFO - Filling up the DagBag from /home/airflow/.local/lib/python3.7/site-packages/airflow/example_dags/example_xcom.py
[2022-02-05 19:52:19,471] {processor.py:654} INFO - DAG(s) dict_keys(['example_xcom']) retrieved from /home/airflow/.local/lib/python3.7/site-packages/airflow/example_dags/example_xcom.py
[2022-02-05 19:52:19,774] {logging_mixin.py:109} INFO - [2022-02-05 19:52:19,774] {dag.py:2396} INFO - Sync 1 DAGs
[2022-02-05 19:52:19,796] {logging_mixin.py:109} INFO - [2022-02-05 19:52:19,796] {dag.py:2935} INFO - Setting next_dagrun for example_xcom to 2021-01-01T00:00:00+00:00
[2022-02-05 19:52:19,813] {processor.py:171} INFO - Processing /home/airflow/.local/lib/python3.7/site-packages/airflow/example_dags/example_xcom.py took 0.403 seconds
[2022-02-05 19:52:49,960] {processor.py:163} INFO - Started process (PID=3635) to work on /home/airflow/.local/lib/python3.7/site-packages/airflow/example_dags/example_xcom.py
[2022-02-05 19:52:49,961] {processor.py:642} INFO - Processing file /home/airflow/.local/lib/python3.7/site-packages/airflow/example_dags/example_xcom.py for tasks to queue
[2022-02-05 19:52:49,962] {logging_mixin.py:109} INFO - [2022-02-05 19:52:49,962] {dagbag.py:500} INFO - Filling up the DagBag from /home/airflow/.local/lib/python3.7/site-packages/airflow/example_dags/example_xcom.py
[2022-02-05 19:52:49,994] {processor.py:654} INFO - DAG(s) dict_keys(['example_xcom']) retrieved from /home/airflow/.local/lib/python3.7/site-packages/airflow/example_dags/example_xcom.py
[2022-02-05 19:52:50,365] {logging_mixin.py:109} INFO - [2022-02-05 19:52:50,365] {dag.py:2396} INFO - Sync 1 DAGs
[2022-02-05 19:52:50,385] {logging_mixin.py:109} INFO - [2022-02-05 19:52:50,385] {dag.py:2935} INFO - Setting next_dagrun for example_xcom to 2021-01-01T00:00:00+00:00
[2022-02-05 19:52:50,404] {processor.py:171} INFO - Processing /home/airflow/.local/lib/python3.7/site-packages/airflow/example_dags/example_xcom.py took 0.447 seconds
[2022-02-05 19:53:21,408] {processor.py:163} INFO - Started process (PID=3688) to work on /home/airflow/.local/lib/python3.7/site-packages/airflow/example_dags/example_xcom.py
[2022-02-05 19:53:21,409] {processor.py:642} INFO - Processing file /home/airflow/.local/lib/python3.7/site-packages/airflow/example_dags/example_xcom.py for tasks to queue
[2022-02-05 19:53:21,410] {logging_mixin.py:109} INFO - [2022-02-05 19:53:21,409] {dagbag.py:500} INFO - Filling up the DagBag from /home/airflow/.local/lib/python3.7/site-packages/airflow/example_dags/example_xcom.py
[2022-02-05 19:53:21,456] {processor.py:654} INFO - DAG(s) dict_keys(['example_xcom']) retrieved from /home/airflow/.local/lib/python3.7/site-packages/airflow/example_dags/example_xcom.py
[2022-02-05 19:53:21,706] {logging_mixin.py:109} INFO - [2022-02-05 19:53:21,706] {dag.py:2396} INFO - Sync 1 DAGs
[2022-02-05 19:53:21,726] {logging_mixin.py:109} INFO - [2022-02-05 19:53:21,726] {dag.py:2935} INFO - Setting next_dagrun for example_xcom to 2021-01-01T00:00:00+00:00
[2022-02-05 19:53:21,749] {processor.py:171} INFO - Processing /home/airflow/.local/lib/python3.7/site-packages/airflow/example_dags/example_xcom.py took 0.345 seconds
[2022-02-05 19:53:51,905] {processor.py:163} INFO - Started process (PID=3751) to work on /home/airflow/.local/lib/python3.7/site-packages/airflow/example_dags/example_xcom.py
[2022-02-05 19:53:51,929] {processor.py:642} INFO - Processing file /home/airflow/.local/lib/python3.7/site-packages/airflow/example_dags/example_xcom.py for tasks to queue
[2022-02-05 19:53:51,930] {logging_mixin.py:109} INFO - [2022-02-05 19:53:51,930] {dagbag.py:500} INFO - Filling up the DagBag from /home/airflow/.local/lib/python3.7/site-packages/airflow/example_dags/example_xcom.py
[2022-02-05 19:53:51,973] {processor.py:654} INFO - DAG(s) dict_keys(['example_xcom']) retrieved from /home/airflow/.local/lib/python3.7/site-packages/airflow/example_dags/example_xcom.py
[2022-02-05 19:53:52,232] {logging_mixin.py:109} INFO - [2022-02-05 19:53:52,232] {dag.py:2396} INFO - Sync 1 DAGs
[2022-02-05 19:53:52,256] {logging_mixin.py:109} INFO - [2022-02-05 19:53:52,256] {dag.py:2935} INFO - Setting next_dagrun for example_xcom to 2021-01-01T00:00:00+00:00
[2022-02-05 19:53:52,272] {processor.py:171} INFO - Processing /home/airflow/.local/lib/python3.7/site-packages/airflow/example_dags/example_xcom.py took 0.372 seconds
[2022-02-05 19:54:23,260] {processor.py:163} INFO - Started process (PID=3806) to work on /home/airflow/.local/lib/python3.7/site-packages/airflow/example_dags/example_xcom.py
[2022-02-05 19:54:23,260] {processor.py:642} INFO - Processing file /home/airflow/.local/lib/python3.7/site-packages/airflow/example_dags/example_xcom.py for tasks to queue
[2022-02-05 19:54:23,261] {logging_mixin.py:109} INFO - [2022-02-05 19:54:23,261] {dagbag.py:500} INFO - Filling up the DagBag from /home/airflow/.local/lib/python3.7/site-packages/airflow/example_dags/example_xcom.py
[2022-02-05 19:54:23,287] {processor.py:654} INFO - DAG(s) dict_keys(['example_xcom']) retrieved from /home/airflow/.local/lib/python3.7/site-packages/airflow/example_dags/example_xcom.py
[2022-02-05 19:54:23,436] {logging_mixin.py:109} INFO - [2022-02-05 19:54:23,436] {dag.py:2396} INFO - Sync 1 DAGs
[2022-02-05 19:54:23,449] {logging_mixin.py:109} INFO - [2022-02-05 19:54:23,448] {dag.py:2935} INFO - Setting next_dagrun for example_xcom to 2021-01-01T00:00:00+00:00
[2022-02-05 19:54:23,458] {processor.py:171} INFO - Processing /home/airflow/.local/lib/python3.7/site-packages/airflow/example_dags/example_xcom.py took 0.201 seconds
[2022-02-05 19:54:54,041] {processor.py:163} INFO - Started process (PID=3868) to work on /home/airflow/.local/lib/python3.7/site-packages/airflow/example_dags/example_xcom.py
[2022-02-05 19:54:54,044] {processor.py:642} INFO - Processing file /home/airflow/.local/lib/python3.7/site-packages/airflow/example_dags/example_xcom.py for tasks to queue
[2022-02-05 19:54:54,045] {logging_mixin.py:109} INFO - [2022-02-05 19:54:54,044] {dagbag.py:500} INFO - Filling up the DagBag from /home/airflow/.local/lib/python3.7/site-packages/airflow/example_dags/example_xcom.py
[2022-02-05 19:54:54,078] {processor.py:654} INFO - DAG(s) dict_keys(['example_xcom']) retrieved from /home/airflow/.local/lib/python3.7/site-packages/airflow/example_dags/example_xcom.py
[2022-02-05 19:54:54,300] {logging_mixin.py:109} INFO - [2022-02-05 19:54:54,300] {dag.py:2396} INFO - Sync 1 DAGs
[2022-02-05 19:54:54,326] {logging_mixin.py:109} INFO - [2022-02-05 19:54:54,326] {dag.py:2935} INFO - Setting next_dagrun for example_xcom to 2021-01-01T00:00:00+00:00
[2022-02-05 19:54:54,346] {processor.py:171} INFO - Processing /home/airflow/.local/lib/python3.7/site-packages/airflow/example_dags/example_xcom.py took 0.308 seconds
[2022-02-05 19:55:25,288] {processor.py:163} INFO - Started process (PID=3924) to work on /home/airflow/.local/lib/python3.7/site-packages/airflow/example_dags/example_xcom.py
[2022-02-05 19:55:25,292] {processor.py:642} INFO - Processing file /home/airflow/.local/lib/python3.7/site-packages/airflow/example_dags/example_xcom.py for tasks to queue
[2022-02-05 19:55:25,292] {logging_mixin.py:109} INFO - [2022-02-05 19:55:25,292] {dagbag.py:500} INFO - Filling up the DagBag from /home/airflow/.local/lib/python3.7/site-packages/airflow/example_dags/example_xcom.py
[2022-02-05 19:55:25,318] {processor.py:654} INFO - DAG(s) dict_keys(['example_xcom']) retrieved from /home/airflow/.local/lib/python3.7/site-packages/airflow/example_dags/example_xcom.py
[2022-02-05 19:55:25,480] {logging_mixin.py:109} INFO - [2022-02-05 19:55:25,479] {dag.py:2396} INFO - Sync 1 DAGs
[2022-02-05 19:55:25,496] {logging_mixin.py:109} INFO - [2022-02-05 19:55:25,496] {dag.py:2935} INFO - Setting next_dagrun for example_xcom to 2021-01-01T00:00:00+00:00
[2022-02-05 19:55:25,505] {processor.py:171} INFO - Processing /home/airflow/.local/lib/python3.7/site-packages/airflow/example_dags/example_xcom.py took 0.220 seconds
[2022-02-05 19:55:55,519] {processor.py:163} INFO - Started process (PID=3989) to work on /home/airflow/.local/lib/python3.7/site-packages/airflow/example_dags/example_xcom.py
[2022-02-05 19:55:55,520] {processor.py:642} INFO - Processing file /home/airflow/.local/lib/python3.7/site-packages/airflow/example_dags/example_xcom.py for tasks to queue
[2022-02-05 19:55:55,521] {logging_mixin.py:109} INFO - [2022-02-05 19:55:55,521] {dagbag.py:500} INFO - Filling up the DagBag from /home/airflow/.local/lib/python3.7/site-packages/airflow/example_dags/example_xcom.py
[2022-02-05 19:55:55,548] {processor.py:654} INFO - DAG(s) dict_keys(['example_xcom']) retrieved from /home/airflow/.local/lib/python3.7/site-packages/airflow/example_dags/example_xcom.py
[2022-02-05 19:55:55,716] {logging_mixin.py:109} INFO - [2022-02-05 19:55:55,716] {dag.py:2396} INFO - Sync 1 DAGs
[2022-02-05 19:55:55,728] {logging_mixin.py:109} INFO - [2022-02-05 19:55:55,728] {dag.py:2935} INFO - Setting next_dagrun for example_xcom to 2021-01-01T00:00:00+00:00
[2022-02-05 19:55:55,739] {processor.py:171} INFO - Processing /home/airflow/.local/lib/python3.7/site-packages/airflow/example_dags/example_xcom.py took 0.222 seconds
[2022-02-05 19:56:25,800] {processor.py:163} INFO - Started process (PID=4043) to work on /home/airflow/.local/lib/python3.7/site-packages/airflow/example_dags/example_xcom.py
[2022-02-05 19:56:25,804] {processor.py:642} INFO - Processing file /home/airflow/.local/lib/python3.7/site-packages/airflow/example_dags/example_xcom.py for tasks to queue
[2022-02-05 19:56:25,805] {logging_mixin.py:109} INFO - [2022-02-05 19:56:25,805] {dagbag.py:500} INFO - Filling up the DagBag from /home/airflow/.local/lib/python3.7/site-packages/airflow/example_dags/example_xcom.py
[2022-02-05 19:56:25,832] {processor.py:654} INFO - DAG(s) dict_keys(['example_xcom']) retrieved from /home/airflow/.local/lib/python3.7/site-packages/airflow/example_dags/example_xcom.py
[2022-02-05 19:56:25,986] {logging_mixin.py:109} INFO - [2022-02-05 19:56:25,986] {dag.py:2396} INFO - Sync 1 DAGs
[2022-02-05 19:56:25,998] {logging_mixin.py:109} INFO - [2022-02-05 19:56:25,998] {dag.py:2935} INFO - Setting next_dagrun for example_xcom to 2021-01-01T00:00:00+00:00
[2022-02-05 19:56:26,010] {processor.py:171} INFO - Processing /home/airflow/.local/lib/python3.7/site-packages/airflow/example_dags/example_xcom.py took 0.212 seconds
