[2022-02-05 19:21:03,384] {processor.py:163} INFO - Started process (PID=57) to work on /home/airflow/.local/lib/python3.7/site-packages/airflow/example_dags/example_branch_operator.py
[2022-02-05 19:21:03,385] {processor.py:642} INFO - Processing file /home/airflow/.local/lib/python3.7/site-packages/airflow/example_dags/example_branch_operator.py for tasks to queue
[2022-02-05 19:21:03,387] {logging_mixin.py:109} INFO - [2022-02-05 19:21:03,387] {dagbag.py:500} INFO - Filling up the DagBag from /home/airflow/.local/lib/python3.7/site-packages/airflow/example_dags/example_branch_operator.py
[2022-02-05 19:21:03,432] {processor.py:654} INFO - DAG(s) dict_keys(['example_branch_operator']) retrieved from /home/airflow/.local/lib/python3.7/site-packages/airflow/example_dags/example_branch_operator.py
[2022-02-05 19:21:03,449] {logging_mixin.py:109} INFO - [2022-02-05 19:21:03,449] {dag.py:2396} INFO - Sync 1 DAGs
[2022-02-05 19:21:03,474] {logging_mixin.py:109} INFO - [2022-02-05 19:21:03,474] {dag.py:2935} INFO - Setting next_dagrun for example_branch_operator to 2022-02-04 00:00:00+00:00
[2022-02-05 19:21:03,489] {processor.py:171} INFO - Processing /home/airflow/.local/lib/python3.7/site-packages/airflow/example_dags/example_branch_operator.py took 0.112 seconds
[2022-02-05 19:21:34,597] {processor.py:163} INFO - Started process (PID=116) to work on /home/airflow/.local/lib/python3.7/site-packages/airflow/example_dags/example_branch_operator.py
[2022-02-05 19:21:34,599] {processor.py:642} INFO - Processing file /home/airflow/.local/lib/python3.7/site-packages/airflow/example_dags/example_branch_operator.py for tasks to queue
[2022-02-05 19:21:34,600] {logging_mixin.py:109} INFO - [2022-02-05 19:21:34,599] {dagbag.py:500} INFO - Filling up the DagBag from /home/airflow/.local/lib/python3.7/site-packages/airflow/example_dags/example_branch_operator.py
[2022-02-05 19:21:34,662] {processor.py:654} INFO - DAG(s) dict_keys(['example_branch_operator']) retrieved from /home/airflow/.local/lib/python3.7/site-packages/airflow/example_dags/example_branch_operator.py
[2022-02-05 19:21:34,679] {logging_mixin.py:109} INFO - [2022-02-05 19:21:34,679] {dag.py:2396} INFO - Sync 1 DAGs
[2022-02-05 19:21:34,719] {logging_mixin.py:109} INFO - [2022-02-05 19:21:34,718] {dag.py:2935} INFO - Setting next_dagrun for example_branch_operator to 2022-02-04 00:00:00+00:00
[2022-02-05 19:21:34,744] {processor.py:171} INFO - Processing /home/airflow/.local/lib/python3.7/site-packages/airflow/example_dags/example_branch_operator.py took 0.152 seconds
[2022-02-05 19:22:07,232] {processor.py:163} INFO - Started process (PID=170) to work on /home/airflow/.local/lib/python3.7/site-packages/airflow/example_dags/example_branch_operator.py
[2022-02-05 19:22:07,238] {processor.py:642} INFO - Processing file /home/airflow/.local/lib/python3.7/site-packages/airflow/example_dags/example_branch_operator.py for tasks to queue
[2022-02-05 19:22:07,239] {logging_mixin.py:109} INFO - [2022-02-05 19:22:07,239] {dagbag.py:500} INFO - Filling up the DagBag from /home/airflow/.local/lib/python3.7/site-packages/airflow/example_dags/example_branch_operator.py
[2022-02-05 19:22:07,319] {processor.py:654} INFO - DAG(s) dict_keys(['example_branch_operator']) retrieved from /home/airflow/.local/lib/python3.7/site-packages/airflow/example_dags/example_branch_operator.py
[2022-02-05 19:22:07,335] {logging_mixin.py:109} INFO - [2022-02-05 19:22:07,335] {dag.py:2396} INFO - Sync 1 DAGs
[2022-02-05 19:22:07,361] {logging_mixin.py:109} INFO - [2022-02-05 19:22:07,361] {dag.py:2935} INFO - Setting next_dagrun for example_branch_operator to 2022-02-04 00:00:00+00:00
[2022-02-05 19:22:07,376] {processor.py:171} INFO - Processing /home/airflow/.local/lib/python3.7/site-packages/airflow/example_dags/example_branch_operator.py took 0.149 seconds
[2022-02-05 19:22:38,276] {processor.py:163} INFO - Started process (PID=235) to work on /home/airflow/.local/lib/python3.7/site-packages/airflow/example_dags/example_branch_operator.py
[2022-02-05 19:22:38,278] {processor.py:642} INFO - Processing file /home/airflow/.local/lib/python3.7/site-packages/airflow/example_dags/example_branch_operator.py for tasks to queue
[2022-02-05 19:22:38,279] {logging_mixin.py:109} INFO - [2022-02-05 19:22:38,279] {dagbag.py:500} INFO - Filling up the DagBag from /home/airflow/.local/lib/python3.7/site-packages/airflow/example_dags/example_branch_operator.py
[2022-02-05 19:22:38,338] {processor.py:654} INFO - DAG(s) dict_keys(['example_branch_operator']) retrieved from /home/airflow/.local/lib/python3.7/site-packages/airflow/example_dags/example_branch_operator.py
[2022-02-05 19:22:38,354] {logging_mixin.py:109} INFO - [2022-02-05 19:22:38,353] {dag.py:2396} INFO - Sync 1 DAGs
[2022-02-05 19:22:38,377] {logging_mixin.py:109} INFO - [2022-02-05 19:22:38,377] {dag.py:2935} INFO - Setting next_dagrun for example_branch_operator to 2022-02-04 00:00:00+00:00
[2022-02-05 19:22:38,391] {processor.py:171} INFO - Processing /home/airflow/.local/lib/python3.7/site-packages/airflow/example_dags/example_branch_operator.py took 0.119 seconds
[2022-02-05 19:23:08,844] {processor.py:163} INFO - Started process (PID=288) to work on /home/airflow/.local/lib/python3.7/site-packages/airflow/example_dags/example_branch_operator.py
[2022-02-05 19:23:08,845] {processor.py:642} INFO - Processing file /home/airflow/.local/lib/python3.7/site-packages/airflow/example_dags/example_branch_operator.py for tasks to queue
[2022-02-05 19:23:08,846] {logging_mixin.py:109} INFO - [2022-02-05 19:23:08,846] {dagbag.py:500} INFO - Filling up the DagBag from /home/airflow/.local/lib/python3.7/site-packages/airflow/example_dags/example_branch_operator.py
[2022-02-05 19:23:08,881] {processor.py:654} INFO - DAG(s) dict_keys(['example_branch_operator']) retrieved from /home/airflow/.local/lib/python3.7/site-packages/airflow/example_dags/example_branch_operator.py
[2022-02-05 19:23:08,893] {logging_mixin.py:109} INFO - [2022-02-05 19:23:08,892] {dag.py:2396} INFO - Sync 1 DAGs
[2022-02-05 19:23:08,912] {logging_mixin.py:109} INFO - [2022-02-05 19:23:08,912] {dag.py:2935} INFO - Setting next_dagrun for example_branch_operator to 2022-02-04 00:00:00+00:00
[2022-02-05 19:23:08,922] {processor.py:171} INFO - Processing /home/airflow/.local/lib/python3.7/site-packages/airflow/example_dags/example_branch_operator.py took 0.082 seconds
[2022-02-05 19:23:39,668] {processor.py:163} INFO - Started process (PID=341) to work on /home/airflow/.local/lib/python3.7/site-packages/airflow/example_dags/example_branch_operator.py
[2022-02-05 19:23:39,672] {processor.py:642} INFO - Processing file /home/airflow/.local/lib/python3.7/site-packages/airflow/example_dags/example_branch_operator.py for tasks to queue
[2022-02-05 19:23:39,673] {logging_mixin.py:109} INFO - [2022-02-05 19:23:39,673] {dagbag.py:500} INFO - Filling up the DagBag from /home/airflow/.local/lib/python3.7/site-packages/airflow/example_dags/example_branch_operator.py
[2022-02-05 19:23:39,719] {processor.py:654} INFO - DAG(s) dict_keys(['example_branch_operator']) retrieved from /home/airflow/.local/lib/python3.7/site-packages/airflow/example_dags/example_branch_operator.py
[2022-02-05 19:23:39,735] {logging_mixin.py:109} INFO - [2022-02-05 19:23:39,735] {dag.py:2396} INFO - Sync 1 DAGs
[2022-02-05 19:23:39,761] {logging_mixin.py:109} INFO - [2022-02-05 19:23:39,761] {dag.py:2935} INFO - Setting next_dagrun for example_branch_operator to 2022-02-04 00:00:00+00:00
[2022-02-05 19:23:39,777] {processor.py:171} INFO - Processing /home/airflow/.local/lib/python3.7/site-packages/airflow/example_dags/example_branch_operator.py took 0.114 seconds
[2022-02-05 19:24:10,345] {processor.py:163} INFO - Started process (PID=404) to work on /home/airflow/.local/lib/python3.7/site-packages/airflow/example_dags/example_branch_operator.py
[2022-02-05 19:24:10,346] {processor.py:642} INFO - Processing file /home/airflow/.local/lib/python3.7/site-packages/airflow/example_dags/example_branch_operator.py for tasks to queue
[2022-02-05 19:24:10,347] {logging_mixin.py:109} INFO - [2022-02-05 19:24:10,347] {dagbag.py:500} INFO - Filling up the DagBag from /home/airflow/.local/lib/python3.7/site-packages/airflow/example_dags/example_branch_operator.py
[2022-02-05 19:24:10,379] {processor.py:654} INFO - DAG(s) dict_keys(['example_branch_operator']) retrieved from /home/airflow/.local/lib/python3.7/site-packages/airflow/example_dags/example_branch_operator.py
[2022-02-05 19:24:10,390] {logging_mixin.py:109} INFO - [2022-02-05 19:24:10,390] {dag.py:2396} INFO - Sync 1 DAGs
[2022-02-05 19:24:10,409] {logging_mixin.py:109} INFO - [2022-02-05 19:24:10,409] {dag.py:2935} INFO - Setting next_dagrun for example_branch_operator to 2022-02-04 00:00:00+00:00
[2022-02-05 19:24:10,419] {processor.py:171} INFO - Processing /home/airflow/.local/lib/python3.7/site-packages/airflow/example_dags/example_branch_operator.py took 0.077 seconds
[2022-02-05 19:24:40,665] {processor.py:163} INFO - Started process (PID=456) to work on /home/airflow/.local/lib/python3.7/site-packages/airflow/example_dags/example_branch_operator.py
[2022-02-05 19:24:40,667] {processor.py:642} INFO - Processing file /home/airflow/.local/lib/python3.7/site-packages/airflow/example_dags/example_branch_operator.py for tasks to queue
[2022-02-05 19:24:40,667] {logging_mixin.py:109} INFO - [2022-02-05 19:24:40,667] {dagbag.py:500} INFO - Filling up the DagBag from /home/airflow/.local/lib/python3.7/site-packages/airflow/example_dags/example_branch_operator.py
[2022-02-05 19:24:40,695] {processor.py:654} INFO - DAG(s) dict_keys(['example_branch_operator']) retrieved from /home/airflow/.local/lib/python3.7/site-packages/airflow/example_dags/example_branch_operator.py
[2022-02-05 19:24:40,705] {logging_mixin.py:109} INFO - [2022-02-05 19:24:40,705] {dag.py:2396} INFO - Sync 1 DAGs
[2022-02-05 19:24:40,722] {logging_mixin.py:109} INFO - [2022-02-05 19:24:40,722] {dag.py:2935} INFO - Setting next_dagrun for example_branch_operator to 2022-02-04 00:00:00+00:00
[2022-02-05 19:24:40,731] {processor.py:171} INFO - Processing /home/airflow/.local/lib/python3.7/site-packages/airflow/example_dags/example_branch_operator.py took 0.069 seconds
[2022-02-05 19:25:10,881] {processor.py:163} INFO - Started process (PID=518) to work on /home/airflow/.local/lib/python3.7/site-packages/airflow/example_dags/example_branch_operator.py
[2022-02-05 19:25:10,884] {processor.py:642} INFO - Processing file /home/airflow/.local/lib/python3.7/site-packages/airflow/example_dags/example_branch_operator.py for tasks to queue
[2022-02-05 19:25:10,884] {logging_mixin.py:109} INFO - [2022-02-05 19:25:10,884] {dagbag.py:500} INFO - Filling up the DagBag from /home/airflow/.local/lib/python3.7/site-packages/airflow/example_dags/example_branch_operator.py
[2022-02-05 19:25:10,930] {processor.py:654} INFO - DAG(s) dict_keys(['example_branch_operator']) retrieved from /home/airflow/.local/lib/python3.7/site-packages/airflow/example_dags/example_branch_operator.py
[2022-02-05 19:25:10,946] {logging_mixin.py:109} INFO - [2022-02-05 19:25:10,946] {dag.py:2396} INFO - Sync 1 DAGs
[2022-02-05 19:25:10,972] {logging_mixin.py:109} INFO - [2022-02-05 19:25:10,972] {dag.py:2935} INFO - Setting next_dagrun for example_branch_operator to 2022-02-04 00:00:00+00:00
[2022-02-05 19:25:10,987] {processor.py:171} INFO - Processing /home/airflow/.local/lib/python3.7/site-packages/airflow/example_dags/example_branch_operator.py took 0.110 seconds
[2022-02-05 19:25:42,213] {processor.py:163} INFO - Started process (PID=572) to work on /home/airflow/.local/lib/python3.7/site-packages/airflow/example_dags/example_branch_operator.py
[2022-02-05 19:25:42,220] {processor.py:642} INFO - Processing file /home/airflow/.local/lib/python3.7/site-packages/airflow/example_dags/example_branch_operator.py for tasks to queue
[2022-02-05 19:25:42,221] {logging_mixin.py:109} INFO - [2022-02-05 19:25:42,221] {dagbag.py:500} INFO - Filling up the DagBag from /home/airflow/.local/lib/python3.7/site-packages/airflow/example_dags/example_branch_operator.py
[2022-02-05 19:25:42,290] {processor.py:654} INFO - DAG(s) dict_keys(['example_branch_operator']) retrieved from /home/airflow/.local/lib/python3.7/site-packages/airflow/example_dags/example_branch_operator.py
[2022-02-05 19:25:42,303] {logging_mixin.py:109} INFO - [2022-02-05 19:25:42,303] {dag.py:2396} INFO - Sync 1 DAGs
[2022-02-05 19:25:42,326] {logging_mixin.py:109} INFO - [2022-02-05 19:25:42,326] {dag.py:2935} INFO - Setting next_dagrun for example_branch_operator to 2022-02-04 00:00:00+00:00
[2022-02-05 19:25:42,336] {processor.py:171} INFO - Processing /home/airflow/.local/lib/python3.7/site-packages/airflow/example_dags/example_branch_operator.py took 0.127 seconds
[2022-02-05 19:26:14,351] {processor.py:163} INFO - Started process (PID=635) to work on /home/airflow/.local/lib/python3.7/site-packages/airflow/example_dags/example_branch_operator.py
[2022-02-05 19:26:14,354] {processor.py:642} INFO - Processing file /home/airflow/.local/lib/python3.7/site-packages/airflow/example_dags/example_branch_operator.py for tasks to queue
[2022-02-05 19:26:14,355] {logging_mixin.py:109} INFO - [2022-02-05 19:26:14,355] {dagbag.py:500} INFO - Filling up the DagBag from /home/airflow/.local/lib/python3.7/site-packages/airflow/example_dags/example_branch_operator.py
[2022-02-05 19:26:14,423] {processor.py:654} INFO - DAG(s) dict_keys(['example_branch_operator']) retrieved from /home/airflow/.local/lib/python3.7/site-packages/airflow/example_dags/example_branch_operator.py
[2022-02-05 19:26:14,449] {logging_mixin.py:109} INFO - [2022-02-05 19:26:14,449] {dag.py:2396} INFO - Sync 1 DAGs
[2022-02-05 19:26:14,499] {logging_mixin.py:109} INFO - [2022-02-05 19:26:14,499] {dag.py:2935} INFO - Setting next_dagrun for example_branch_operator to 2022-02-04 00:00:00+00:00
[2022-02-05 19:26:14,538] {processor.py:171} INFO - Processing /home/airflow/.local/lib/python3.7/site-packages/airflow/example_dags/example_branch_operator.py took 0.194 seconds
[2022-02-05 19:26:45,422] {processor.py:163} INFO - Started process (PID=690) to work on /home/airflow/.local/lib/python3.7/site-packages/airflow/example_dags/example_branch_operator.py
[2022-02-05 19:26:45,423] {processor.py:642} INFO - Processing file /home/airflow/.local/lib/python3.7/site-packages/airflow/example_dags/example_branch_operator.py for tasks to queue
[2022-02-05 19:26:45,423] {logging_mixin.py:109} INFO - [2022-02-05 19:26:45,423] {dagbag.py:500} INFO - Filling up the DagBag from /home/airflow/.local/lib/python3.7/site-packages/airflow/example_dags/example_branch_operator.py
[2022-02-05 19:26:45,448] {processor.py:654} INFO - DAG(s) dict_keys(['example_branch_operator']) retrieved from /home/airflow/.local/lib/python3.7/site-packages/airflow/example_dags/example_branch_operator.py
[2022-02-05 19:26:45,457] {logging_mixin.py:109} INFO - [2022-02-05 19:26:45,457] {dag.py:2396} INFO - Sync 1 DAGs
[2022-02-05 19:26:45,471] {logging_mixin.py:109} INFO - [2022-02-05 19:26:45,470] {dag.py:2935} INFO - Setting next_dagrun for example_branch_operator to 2022-02-04 00:00:00+00:00
[2022-02-05 19:26:45,478] {processor.py:171} INFO - Processing /home/airflow/.local/lib/python3.7/site-packages/airflow/example_dags/example_branch_operator.py took 0.059 seconds
[2022-02-05 19:27:16,730] {processor.py:163} INFO - Started process (PID=752) to work on /home/airflow/.local/lib/python3.7/site-packages/airflow/example_dags/example_branch_operator.py
[2022-02-05 19:27:16,732] {processor.py:642} INFO - Processing file /home/airflow/.local/lib/python3.7/site-packages/airflow/example_dags/example_branch_operator.py for tasks to queue
[2022-02-05 19:27:16,733] {logging_mixin.py:109} INFO - [2022-02-05 19:27:16,733] {dagbag.py:500} INFO - Filling up the DagBag from /home/airflow/.local/lib/python3.7/site-packages/airflow/example_dags/example_branch_operator.py
[2022-02-05 19:27:16,770] {processor.py:654} INFO - DAG(s) dict_keys(['example_branch_operator']) retrieved from /home/airflow/.local/lib/python3.7/site-packages/airflow/example_dags/example_branch_operator.py
[2022-02-05 19:27:16,787] {logging_mixin.py:109} INFO - [2022-02-05 19:27:16,787] {dag.py:2396} INFO - Sync 1 DAGs
[2022-02-05 19:27:16,817] {logging_mixin.py:109} INFO - [2022-02-05 19:27:16,816] {dag.py:2935} INFO - Setting next_dagrun for example_branch_operator to 2022-02-04 00:00:00+00:00
[2022-02-05 19:27:16,844] {processor.py:171} INFO - Processing /home/airflow/.local/lib/python3.7/site-packages/airflow/example_dags/example_branch_operator.py took 0.118 seconds
[2022-02-05 19:27:48,001] {processor.py:163} INFO - Started process (PID=804) to work on /home/airflow/.local/lib/python3.7/site-packages/airflow/example_dags/example_branch_operator.py
[2022-02-05 19:27:48,003] {processor.py:642} INFO - Processing file /home/airflow/.local/lib/python3.7/site-packages/airflow/example_dags/example_branch_operator.py for tasks to queue
[2022-02-05 19:27:48,004] {logging_mixin.py:109} INFO - [2022-02-05 19:27:48,004] {dagbag.py:500} INFO - Filling up the DagBag from /home/airflow/.local/lib/python3.7/site-packages/airflow/example_dags/example_branch_operator.py
[2022-02-05 19:27:48,033] {processor.py:654} INFO - DAG(s) dict_keys(['example_branch_operator']) retrieved from /home/airflow/.local/lib/python3.7/site-packages/airflow/example_dags/example_branch_operator.py
[2022-02-05 19:27:48,044] {logging_mixin.py:109} INFO - [2022-02-05 19:27:48,044] {dag.py:2396} INFO - Sync 1 DAGs
[2022-02-05 19:27:48,060] {logging_mixin.py:109} INFO - [2022-02-05 19:27:48,060] {dag.py:2935} INFO - Setting next_dagrun for example_branch_operator to 2022-02-04 00:00:00+00:00
[2022-02-05 19:27:48,070] {processor.py:171} INFO - Processing /home/airflow/.local/lib/python3.7/site-packages/airflow/example_dags/example_branch_operator.py took 0.072 seconds
[2022-02-05 19:28:18,817] {processor.py:163} INFO - Started process (PID=868) to work on /home/airflow/.local/lib/python3.7/site-packages/airflow/example_dags/example_branch_operator.py
[2022-02-05 19:28:18,819] {processor.py:642} INFO - Processing file /home/airflow/.local/lib/python3.7/site-packages/airflow/example_dags/example_branch_operator.py for tasks to queue
[2022-02-05 19:28:18,820] {logging_mixin.py:109} INFO - [2022-02-05 19:28:18,820] {dagbag.py:500} INFO - Filling up the DagBag from /home/airflow/.local/lib/python3.7/site-packages/airflow/example_dags/example_branch_operator.py
[2022-02-05 19:28:18,856] {processor.py:654} INFO - DAG(s) dict_keys(['example_branch_operator']) retrieved from /home/airflow/.local/lib/python3.7/site-packages/airflow/example_dags/example_branch_operator.py
[2022-02-05 19:28:18,871] {logging_mixin.py:109} INFO - [2022-02-05 19:28:18,871] {dag.py:2396} INFO - Sync 1 DAGs
[2022-02-05 19:28:18,897] {logging_mixin.py:109} INFO - [2022-02-05 19:28:18,897] {dag.py:2935} INFO - Setting next_dagrun for example_branch_operator to 2022-02-04 00:00:00+00:00
[2022-02-05 19:28:18,922] {processor.py:171} INFO - Processing /home/airflow/.local/lib/python3.7/site-packages/airflow/example_dags/example_branch_operator.py took 0.108 seconds
[2022-02-05 19:28:49,507] {processor.py:163} INFO - Started process (PID=921) to work on /home/airflow/.local/lib/python3.7/site-packages/airflow/example_dags/example_branch_operator.py
[2022-02-05 19:28:49,508] {processor.py:642} INFO - Processing file /home/airflow/.local/lib/python3.7/site-packages/airflow/example_dags/example_branch_operator.py for tasks to queue
[2022-02-05 19:28:49,509] {logging_mixin.py:109} INFO - [2022-02-05 19:28:49,509] {dagbag.py:500} INFO - Filling up the DagBag from /home/airflow/.local/lib/python3.7/site-packages/airflow/example_dags/example_branch_operator.py
[2022-02-05 19:28:49,545] {processor.py:654} INFO - DAG(s) dict_keys(['example_branch_operator']) retrieved from /home/airflow/.local/lib/python3.7/site-packages/airflow/example_dags/example_branch_operator.py
[2022-02-05 19:28:49,558] {logging_mixin.py:109} INFO - [2022-02-05 19:28:49,558] {dag.py:2396} INFO - Sync 1 DAGs
[2022-02-05 19:28:49,579] {logging_mixin.py:109} INFO - [2022-02-05 19:28:49,579] {dag.py:2935} INFO - Setting next_dagrun for example_branch_operator to 2022-02-04 00:00:00+00:00
[2022-02-05 19:28:49,591] {processor.py:171} INFO - Processing /home/airflow/.local/lib/python3.7/site-packages/airflow/example_dags/example_branch_operator.py took 0.089 seconds
[2022-02-05 19:29:20,135] {processor.py:163} INFO - Started process (PID=984) to work on /home/airflow/.local/lib/python3.7/site-packages/airflow/example_dags/example_branch_operator.py
[2022-02-05 19:29:20,137] {processor.py:642} INFO - Processing file /home/airflow/.local/lib/python3.7/site-packages/airflow/example_dags/example_branch_operator.py for tasks to queue
[2022-02-05 19:29:20,137] {logging_mixin.py:109} INFO - [2022-02-05 19:29:20,137] {dagbag.py:500} INFO - Filling up the DagBag from /home/airflow/.local/lib/python3.7/site-packages/airflow/example_dags/example_branch_operator.py
[2022-02-05 19:29:20,167] {processor.py:654} INFO - DAG(s) dict_keys(['example_branch_operator']) retrieved from /home/airflow/.local/lib/python3.7/site-packages/airflow/example_dags/example_branch_operator.py
[2022-02-05 19:29:20,179] {logging_mixin.py:109} INFO - [2022-02-05 19:29:20,179] {dag.py:2396} INFO - Sync 1 DAGs
[2022-02-05 19:29:20,202] {logging_mixin.py:109} INFO - [2022-02-05 19:29:20,202] {dag.py:2935} INFO - Setting next_dagrun for example_branch_operator to 2022-02-04 00:00:00+00:00
[2022-02-05 19:29:20,214] {processor.py:171} INFO - Processing /home/airflow/.local/lib/python3.7/site-packages/airflow/example_dags/example_branch_operator.py took 0.083 seconds
[2022-02-05 19:29:51,407] {processor.py:163} INFO - Started process (PID=1037) to work on /home/airflow/.local/lib/python3.7/site-packages/airflow/example_dags/example_branch_operator.py
[2022-02-05 19:29:51,409] {processor.py:642} INFO - Processing file /home/airflow/.local/lib/python3.7/site-packages/airflow/example_dags/example_branch_operator.py for tasks to queue
[2022-02-05 19:29:51,409] {logging_mixin.py:109} INFO - [2022-02-05 19:29:51,409] {dagbag.py:500} INFO - Filling up the DagBag from /home/airflow/.local/lib/python3.7/site-packages/airflow/example_dags/example_branch_operator.py
[2022-02-05 19:29:51,443] {processor.py:654} INFO - DAG(s) dict_keys(['example_branch_operator']) retrieved from /home/airflow/.local/lib/python3.7/site-packages/airflow/example_dags/example_branch_operator.py
[2022-02-05 19:29:51,456] {logging_mixin.py:109} INFO - [2022-02-05 19:29:51,456] {dag.py:2396} INFO - Sync 1 DAGs
[2022-02-05 19:29:51,475] {logging_mixin.py:109} INFO - [2022-02-05 19:29:51,475] {dag.py:2935} INFO - Setting next_dagrun for example_branch_operator to 2022-02-04 00:00:00+00:00
[2022-02-05 19:29:51,487] {processor.py:171} INFO - Processing /home/airflow/.local/lib/python3.7/site-packages/airflow/example_dags/example_branch_operator.py took 0.084 seconds
[2022-02-05 19:30:22,054] {processor.py:163} INFO - Started process (PID=1099) to work on /home/airflow/.local/lib/python3.7/site-packages/airflow/example_dags/example_branch_operator.py
[2022-02-05 19:30:22,055] {processor.py:642} INFO - Processing file /home/airflow/.local/lib/python3.7/site-packages/airflow/example_dags/example_branch_operator.py for tasks to queue
[2022-02-05 19:30:22,056] {logging_mixin.py:109} INFO - [2022-02-05 19:30:22,056] {dagbag.py:500} INFO - Filling up the DagBag from /home/airflow/.local/lib/python3.7/site-packages/airflow/example_dags/example_branch_operator.py
[2022-02-05 19:30:22,085] {processor.py:654} INFO - DAG(s) dict_keys(['example_branch_operator']) retrieved from /home/airflow/.local/lib/python3.7/site-packages/airflow/example_dags/example_branch_operator.py
[2022-02-05 19:30:22,095] {logging_mixin.py:109} INFO - [2022-02-05 19:30:22,095] {dag.py:2396} INFO - Sync 1 DAGs
[2022-02-05 19:30:22,111] {logging_mixin.py:109} INFO - [2022-02-05 19:30:22,111] {dag.py:2935} INFO - Setting next_dagrun for example_branch_operator to 2022-02-04 00:00:00+00:00
[2022-02-05 19:30:22,125] {processor.py:171} INFO - Processing /home/airflow/.local/lib/python3.7/site-packages/airflow/example_dags/example_branch_operator.py took 0.074 seconds
[2022-02-05 19:30:53,387] {processor.py:163} INFO - Started process (PID=1152) to work on /home/airflow/.local/lib/python3.7/site-packages/airflow/example_dags/example_branch_operator.py
[2022-02-05 19:30:53,390] {processor.py:642} INFO - Processing file /home/airflow/.local/lib/python3.7/site-packages/airflow/example_dags/example_branch_operator.py for tasks to queue
[2022-02-05 19:30:53,391] {logging_mixin.py:109} INFO - [2022-02-05 19:30:53,391] {dagbag.py:500} INFO - Filling up the DagBag from /home/airflow/.local/lib/python3.7/site-packages/airflow/example_dags/example_branch_operator.py
[2022-02-05 19:30:53,488] {processor.py:654} INFO - DAG(s) dict_keys(['example_branch_operator']) retrieved from /home/airflow/.local/lib/python3.7/site-packages/airflow/example_dags/example_branch_operator.py
[2022-02-05 19:30:53,515] {logging_mixin.py:109} INFO - [2022-02-05 19:30:53,514] {dag.py:2396} INFO - Sync 1 DAGs
[2022-02-05 19:30:53,570] {logging_mixin.py:109} INFO - [2022-02-05 19:30:53,570] {dag.py:2935} INFO - Setting next_dagrun for example_branch_operator to 2022-02-04 00:00:00+00:00
[2022-02-05 19:30:53,603] {processor.py:171} INFO - Processing /home/airflow/.local/lib/python3.7/site-packages/airflow/example_dags/example_branch_operator.py took 0.228 seconds
[2022-02-05 19:31:24,535] {processor.py:163} INFO - Started process (PID=1215) to work on /home/airflow/.local/lib/python3.7/site-packages/airflow/example_dags/example_branch_operator.py
[2022-02-05 19:31:24,537] {processor.py:642} INFO - Processing file /home/airflow/.local/lib/python3.7/site-packages/airflow/example_dags/example_branch_operator.py for tasks to queue
[2022-02-05 19:31:24,538] {logging_mixin.py:109} INFO - [2022-02-05 19:31:24,537] {dagbag.py:500} INFO - Filling up the DagBag from /home/airflow/.local/lib/python3.7/site-packages/airflow/example_dags/example_branch_operator.py
[2022-02-05 19:31:24,586] {processor.py:654} INFO - DAG(s) dict_keys(['example_branch_operator']) retrieved from /home/airflow/.local/lib/python3.7/site-packages/airflow/example_dags/example_branch_operator.py
[2022-02-05 19:31:24,600] {logging_mixin.py:109} INFO - [2022-02-05 19:31:24,600] {dag.py:2396} INFO - Sync 1 DAGs
[2022-02-05 19:31:24,623] {logging_mixin.py:109} INFO - [2022-02-05 19:31:24,622] {dag.py:2935} INFO - Setting next_dagrun for example_branch_operator to 2022-02-04 00:00:00+00:00
[2022-02-05 19:31:24,636] {processor.py:171} INFO - Processing /home/airflow/.local/lib/python3.7/site-packages/airflow/example_dags/example_branch_operator.py took 0.106 seconds
[2022-02-05 19:31:55,842] {processor.py:163} INFO - Started process (PID=1268) to work on /home/airflow/.local/lib/python3.7/site-packages/airflow/example_dags/example_branch_operator.py
[2022-02-05 19:31:55,843] {processor.py:642} INFO - Processing file /home/airflow/.local/lib/python3.7/site-packages/airflow/example_dags/example_branch_operator.py for tasks to queue
[2022-02-05 19:31:55,843] {logging_mixin.py:109} INFO - [2022-02-05 19:31:55,843] {dagbag.py:500} INFO - Filling up the DagBag from /home/airflow/.local/lib/python3.7/site-packages/airflow/example_dags/example_branch_operator.py
[2022-02-05 19:31:55,868] {processor.py:654} INFO - DAG(s) dict_keys(['example_branch_operator']) retrieved from /home/airflow/.local/lib/python3.7/site-packages/airflow/example_dags/example_branch_operator.py
[2022-02-05 19:31:55,877] {logging_mixin.py:109} INFO - [2022-02-05 19:31:55,877] {dag.py:2396} INFO - Sync 1 DAGs
[2022-02-05 19:31:55,890] {logging_mixin.py:109} INFO - [2022-02-05 19:31:55,890] {dag.py:2935} INFO - Setting next_dagrun for example_branch_operator to 2022-02-04 00:00:00+00:00
[2022-02-05 19:31:55,898] {processor.py:171} INFO - Processing /home/airflow/.local/lib/python3.7/site-packages/airflow/example_dags/example_branch_operator.py took 0.059 seconds
[2022-02-05 19:32:26,094] {processor.py:163} INFO - Started process (PID=1326) to work on /home/airflow/.local/lib/python3.7/site-packages/airflow/example_dags/example_branch_operator.py
[2022-02-05 19:32:26,104] {processor.py:642} INFO - Processing file /home/airflow/.local/lib/python3.7/site-packages/airflow/example_dags/example_branch_operator.py for tasks to queue
[2022-02-05 19:32:26,104] {logging_mixin.py:109} INFO - [2022-02-05 19:32:26,104] {dagbag.py:500} INFO - Filling up the DagBag from /home/airflow/.local/lib/python3.7/site-packages/airflow/example_dags/example_branch_operator.py
[2022-02-05 19:32:26,171] {processor.py:654} INFO - DAG(s) dict_keys(['example_branch_operator']) retrieved from /home/airflow/.local/lib/python3.7/site-packages/airflow/example_dags/example_branch_operator.py
[2022-02-05 19:32:26,203] {logging_mixin.py:109} INFO - [2022-02-05 19:32:26,203] {dag.py:2396} INFO - Sync 1 DAGs
[2022-02-05 19:32:26,234] {logging_mixin.py:109} INFO - [2022-02-05 19:32:26,234] {dag.py:2935} INFO - Setting next_dagrun for example_branch_operator to 2022-02-04 00:00:00+00:00
[2022-02-05 19:32:26,247] {processor.py:171} INFO - Processing /home/airflow/.local/lib/python3.7/site-packages/airflow/example_dags/example_branch_operator.py took 0.156 seconds
[2022-02-05 19:32:56,932] {processor.py:163} INFO - Started process (PID=1387) to work on /home/airflow/.local/lib/python3.7/site-packages/airflow/example_dags/example_branch_operator.py
[2022-02-05 19:32:56,933] {processor.py:642} INFO - Processing file /home/airflow/.local/lib/python3.7/site-packages/airflow/example_dags/example_branch_operator.py for tasks to queue
[2022-02-05 19:32:56,933] {logging_mixin.py:109} INFO - [2022-02-05 19:32:56,933] {dagbag.py:500} INFO - Filling up the DagBag from /home/airflow/.local/lib/python3.7/site-packages/airflow/example_dags/example_branch_operator.py
[2022-02-05 19:32:56,959] {processor.py:654} INFO - DAG(s) dict_keys(['example_branch_operator']) retrieved from /home/airflow/.local/lib/python3.7/site-packages/airflow/example_dags/example_branch_operator.py
[2022-02-05 19:32:56,969] {logging_mixin.py:109} INFO - [2022-02-05 19:32:56,969] {dag.py:2396} INFO - Sync 1 DAGs
[2022-02-05 19:32:56,983] {logging_mixin.py:109} INFO - [2022-02-05 19:32:56,983] {dag.py:2935} INFO - Setting next_dagrun for example_branch_operator to 2022-02-04 00:00:00+00:00
[2022-02-05 19:32:56,993] {processor.py:171} INFO - Processing /home/airflow/.local/lib/python3.7/site-packages/airflow/example_dags/example_branch_operator.py took 0.064 seconds
[2022-02-05 19:33:27,327] {processor.py:163} INFO - Started process (PID=1452) to work on /home/airflow/.local/lib/python3.7/site-packages/airflow/example_dags/example_branch_operator.py
[2022-02-05 19:33:27,328] {processor.py:642} INFO - Processing file /home/airflow/.local/lib/python3.7/site-packages/airflow/example_dags/example_branch_operator.py for tasks to queue
[2022-02-05 19:33:27,328] {logging_mixin.py:109} INFO - [2022-02-05 19:33:27,328] {dagbag.py:500} INFO - Filling up the DagBag from /home/airflow/.local/lib/python3.7/site-packages/airflow/example_dags/example_branch_operator.py
[2022-02-05 19:33:27,354] {processor.py:654} INFO - DAG(s) dict_keys(['example_branch_operator']) retrieved from /home/airflow/.local/lib/python3.7/site-packages/airflow/example_dags/example_branch_operator.py
[2022-02-05 19:33:27,362] {logging_mixin.py:109} INFO - [2022-02-05 19:33:27,362] {dag.py:2396} INFO - Sync 1 DAGs
[2022-02-05 19:33:27,377] {logging_mixin.py:109} INFO - [2022-02-05 19:33:27,377] {dag.py:2935} INFO - Setting next_dagrun for example_branch_operator to 2022-02-04 00:00:00+00:00
[2022-02-05 19:33:27,386] {processor.py:171} INFO - Processing /home/airflow/.local/lib/python3.7/site-packages/airflow/example_dags/example_branch_operator.py took 0.062 seconds
[2022-02-05 19:33:57,483] {processor.py:163} INFO - Started process (PID=1504) to work on /home/airflow/.local/lib/python3.7/site-packages/airflow/example_dags/example_branch_operator.py
[2022-02-05 19:33:57,484] {processor.py:642} INFO - Processing file /home/airflow/.local/lib/python3.7/site-packages/airflow/example_dags/example_branch_operator.py for tasks to queue
[2022-02-05 19:33:57,484] {logging_mixin.py:109} INFO - [2022-02-05 19:33:57,484] {dagbag.py:500} INFO - Filling up the DagBag from /home/airflow/.local/lib/python3.7/site-packages/airflow/example_dags/example_branch_operator.py
[2022-02-05 19:33:57,509] {processor.py:654} INFO - DAG(s) dict_keys(['example_branch_operator']) retrieved from /home/airflow/.local/lib/python3.7/site-packages/airflow/example_dags/example_branch_operator.py
[2022-02-05 19:33:57,519] {logging_mixin.py:109} INFO - [2022-02-05 19:33:57,519] {dag.py:2396} INFO - Sync 1 DAGs
[2022-02-05 19:33:57,535] {logging_mixin.py:109} INFO - [2022-02-05 19:33:57,535] {dag.py:2935} INFO - Setting next_dagrun for example_branch_operator to 2022-02-04 00:00:00+00:00
[2022-02-05 19:33:57,544] {processor.py:171} INFO - Processing /home/airflow/.local/lib/python3.7/site-packages/airflow/example_dags/example_branch_operator.py took 0.065 seconds
[2022-02-05 19:34:28,604] {processor.py:163} INFO - Started process (PID=1565) to work on /home/airflow/.local/lib/python3.7/site-packages/airflow/example_dags/example_branch_operator.py
[2022-02-05 19:34:28,605] {processor.py:642} INFO - Processing file /home/airflow/.local/lib/python3.7/site-packages/airflow/example_dags/example_branch_operator.py for tasks to queue
[2022-02-05 19:34:28,605] {logging_mixin.py:109} INFO - [2022-02-05 19:34:28,605] {dagbag.py:500} INFO - Filling up the DagBag from /home/airflow/.local/lib/python3.7/site-packages/airflow/example_dags/example_branch_operator.py
[2022-02-05 19:34:28,630] {processor.py:654} INFO - DAG(s) dict_keys(['example_branch_operator']) retrieved from /home/airflow/.local/lib/python3.7/site-packages/airflow/example_dags/example_branch_operator.py
[2022-02-05 19:34:28,640] {logging_mixin.py:109} INFO - [2022-02-05 19:34:28,640] {dag.py:2396} INFO - Sync 1 DAGs
[2022-02-05 19:34:28,654] {logging_mixin.py:109} INFO - [2022-02-05 19:34:28,653] {dag.py:2935} INFO - Setting next_dagrun for example_branch_operator to 2022-02-04 00:00:00+00:00
[2022-02-05 19:34:28,663] {processor.py:171} INFO - Processing /home/airflow/.local/lib/python3.7/site-packages/airflow/example_dags/example_branch_operator.py took 0.062 seconds
[2022-02-05 19:34:59,537] {processor.py:163} INFO - Started process (PID=1617) to work on /home/airflow/.local/lib/python3.7/site-packages/airflow/example_dags/example_branch_operator.py
[2022-02-05 19:34:59,538] {processor.py:642} INFO - Processing file /home/airflow/.local/lib/python3.7/site-packages/airflow/example_dags/example_branch_operator.py for tasks to queue
[2022-02-05 19:34:59,539] {logging_mixin.py:109} INFO - [2022-02-05 19:34:59,539] {dagbag.py:500} INFO - Filling up the DagBag from /home/airflow/.local/lib/python3.7/site-packages/airflow/example_dags/example_branch_operator.py
[2022-02-05 19:34:59,571] {processor.py:654} INFO - DAG(s) dict_keys(['example_branch_operator']) retrieved from /home/airflow/.local/lib/python3.7/site-packages/airflow/example_dags/example_branch_operator.py
[2022-02-05 19:34:59,580] {logging_mixin.py:109} INFO - [2022-02-05 19:34:59,580] {dag.py:2396} INFO - Sync 1 DAGs
[2022-02-05 19:34:59,594] {logging_mixin.py:109} INFO - [2022-02-05 19:34:59,594] {dag.py:2935} INFO - Setting next_dagrun for example_branch_operator to 2022-02-04 00:00:00+00:00
[2022-02-05 19:34:59,602] {processor.py:171} INFO - Processing /home/airflow/.local/lib/python3.7/site-packages/airflow/example_dags/example_branch_operator.py took 0.068 seconds
[2022-02-05 19:35:29,643] {processor.py:163} INFO - Started process (PID=1678) to work on /home/airflow/.local/lib/python3.7/site-packages/airflow/example_dags/example_branch_operator.py
[2022-02-05 19:35:29,644] {processor.py:642} INFO - Processing file /home/airflow/.local/lib/python3.7/site-packages/airflow/example_dags/example_branch_operator.py for tasks to queue
[2022-02-05 19:35:29,645] {logging_mixin.py:109} INFO - [2022-02-05 19:35:29,645] {dagbag.py:500} INFO - Filling up the DagBag from /home/airflow/.local/lib/python3.7/site-packages/airflow/example_dags/example_branch_operator.py
[2022-02-05 19:35:29,670] {processor.py:654} INFO - DAG(s) dict_keys(['example_branch_operator']) retrieved from /home/airflow/.local/lib/python3.7/site-packages/airflow/example_dags/example_branch_operator.py
[2022-02-05 19:35:29,680] {logging_mixin.py:109} INFO - [2022-02-05 19:35:29,680] {dag.py:2396} INFO - Sync 1 DAGs
[2022-02-05 19:35:29,695] {logging_mixin.py:109} INFO - [2022-02-05 19:35:29,695] {dag.py:2935} INFO - Setting next_dagrun for example_branch_operator to 2022-02-04 00:00:00+00:00
[2022-02-05 19:35:29,704] {processor.py:171} INFO - Processing /home/airflow/.local/lib/python3.7/site-packages/airflow/example_dags/example_branch_operator.py took 0.064 seconds
[2022-02-05 19:36:00,508] {processor.py:163} INFO - Started process (PID=1731) to work on /home/airflow/.local/lib/python3.7/site-packages/airflow/example_dags/example_branch_operator.py
[2022-02-05 19:36:00,510] {processor.py:642} INFO - Processing file /home/airflow/.local/lib/python3.7/site-packages/airflow/example_dags/example_branch_operator.py for tasks to queue
[2022-02-05 19:36:00,511] {logging_mixin.py:109} INFO - [2022-02-05 19:36:00,510] {dagbag.py:500} INFO - Filling up the DagBag from /home/airflow/.local/lib/python3.7/site-packages/airflow/example_dags/example_branch_operator.py
[2022-02-05 19:36:00,545] {processor.py:654} INFO - DAG(s) dict_keys(['example_branch_operator']) retrieved from /home/airflow/.local/lib/python3.7/site-packages/airflow/example_dags/example_branch_operator.py
[2022-02-05 19:36:00,558] {logging_mixin.py:109} INFO - [2022-02-05 19:36:00,558] {dag.py:2396} INFO - Sync 1 DAGs
[2022-02-05 19:36:00,579] {logging_mixin.py:109} INFO - [2022-02-05 19:36:00,579] {dag.py:2935} INFO - Setting next_dagrun for example_branch_operator to 2022-02-04 00:00:00+00:00
[2022-02-05 19:36:00,593] {processor.py:171} INFO - Processing /home/airflow/.local/lib/python3.7/site-packages/airflow/example_dags/example_branch_operator.py took 0.089 seconds
[2022-02-05 19:36:31,191] {processor.py:163} INFO - Started process (PID=1793) to work on /home/airflow/.local/lib/python3.7/site-packages/airflow/example_dags/example_branch_operator.py
[2022-02-05 19:36:31,193] {processor.py:642} INFO - Processing file /home/airflow/.local/lib/python3.7/site-packages/airflow/example_dags/example_branch_operator.py for tasks to queue
[2022-02-05 19:36:31,193] {logging_mixin.py:109} INFO - [2022-02-05 19:36:31,193] {dagbag.py:500} INFO - Filling up the DagBag from /home/airflow/.local/lib/python3.7/site-packages/airflow/example_dags/example_branch_operator.py
[2022-02-05 19:36:31,218] {processor.py:654} INFO - DAG(s) dict_keys(['example_branch_operator']) retrieved from /home/airflow/.local/lib/python3.7/site-packages/airflow/example_dags/example_branch_operator.py
[2022-02-05 19:36:31,227] {logging_mixin.py:109} INFO - [2022-02-05 19:36:31,227] {dag.py:2396} INFO - Sync 1 DAGs
[2022-02-05 19:36:31,240] {logging_mixin.py:109} INFO - [2022-02-05 19:36:31,240] {dag.py:2935} INFO - Setting next_dagrun for example_branch_operator to 2022-02-04 00:00:00+00:00
[2022-02-05 19:36:31,249] {processor.py:171} INFO - Processing /home/airflow/.local/lib/python3.7/site-packages/airflow/example_dags/example_branch_operator.py took 0.060 seconds
[2022-02-05 19:37:02,298] {processor.py:163} INFO - Started process (PID=1844) to work on /home/airflow/.local/lib/python3.7/site-packages/airflow/example_dags/example_branch_operator.py
[2022-02-05 19:37:02,300] {processor.py:642} INFO - Processing file /home/airflow/.local/lib/python3.7/site-packages/airflow/example_dags/example_branch_operator.py for tasks to queue
[2022-02-05 19:37:02,300] {logging_mixin.py:109} INFO - [2022-02-05 19:37:02,300] {dagbag.py:500} INFO - Filling up the DagBag from /home/airflow/.local/lib/python3.7/site-packages/airflow/example_dags/example_branch_operator.py
[2022-02-05 19:37:02,326] {processor.py:654} INFO - DAG(s) dict_keys(['example_branch_operator']) retrieved from /home/airflow/.local/lib/python3.7/site-packages/airflow/example_dags/example_branch_operator.py
[2022-02-05 19:37:02,336] {logging_mixin.py:109} INFO - [2022-02-05 19:37:02,335] {dag.py:2396} INFO - Sync 1 DAGs
[2022-02-05 19:37:02,349] {logging_mixin.py:109} INFO - [2022-02-05 19:37:02,349] {dag.py:2935} INFO - Setting next_dagrun for example_branch_operator to 2022-02-04 00:00:00+00:00
[2022-02-05 19:37:02,358] {processor.py:171} INFO - Processing /home/airflow/.local/lib/python3.7/site-packages/airflow/example_dags/example_branch_operator.py took 0.063 seconds
[2022-02-05 19:37:32,639] {processor.py:163} INFO - Started process (PID=1907) to work on /home/airflow/.local/lib/python3.7/site-packages/airflow/example_dags/example_branch_operator.py
[2022-02-05 19:37:32,641] {processor.py:642} INFO - Processing file /home/airflow/.local/lib/python3.7/site-packages/airflow/example_dags/example_branch_operator.py for tasks to queue
[2022-02-05 19:37:32,641] {logging_mixin.py:109} INFO - [2022-02-05 19:37:32,641] {dagbag.py:500} INFO - Filling up the DagBag from /home/airflow/.local/lib/python3.7/site-packages/airflow/example_dags/example_branch_operator.py
[2022-02-05 19:37:32,666] {processor.py:654} INFO - DAG(s) dict_keys(['example_branch_operator']) retrieved from /home/airflow/.local/lib/python3.7/site-packages/airflow/example_dags/example_branch_operator.py
[2022-02-05 19:37:32,675] {logging_mixin.py:109} INFO - [2022-02-05 19:37:32,675] {dag.py:2396} INFO - Sync 1 DAGs
[2022-02-05 19:37:32,688] {logging_mixin.py:109} INFO - [2022-02-05 19:37:32,688] {dag.py:2935} INFO - Setting next_dagrun for example_branch_operator to 2022-02-04 00:00:00+00:00
[2022-02-05 19:37:32,705] {processor.py:171} INFO - Processing /home/airflow/.local/lib/python3.7/site-packages/airflow/example_dags/example_branch_operator.py took 0.068 seconds
[2022-02-05 19:38:03,402] {processor.py:163} INFO - Started process (PID=1970) to work on /home/airflow/.local/lib/python3.7/site-packages/airflow/example_dags/example_branch_operator.py
[2022-02-05 19:38:03,403] {processor.py:642} INFO - Processing file /home/airflow/.local/lib/python3.7/site-packages/airflow/example_dags/example_branch_operator.py for tasks to queue
[2022-02-05 19:38:03,404] {logging_mixin.py:109} INFO - [2022-02-05 19:38:03,404] {dagbag.py:500} INFO - Filling up the DagBag from /home/airflow/.local/lib/python3.7/site-packages/airflow/example_dags/example_branch_operator.py
[2022-02-05 19:38:03,435] {processor.py:654} INFO - DAG(s) dict_keys(['example_branch_operator']) retrieved from /home/airflow/.local/lib/python3.7/site-packages/airflow/example_dags/example_branch_operator.py
[2022-02-05 19:38:03,446] {logging_mixin.py:109} INFO - [2022-02-05 19:38:03,446] {dag.py:2396} INFO - Sync 1 DAGs
[2022-02-05 19:38:03,463] {logging_mixin.py:109} INFO - [2022-02-05 19:38:03,462] {dag.py:2935} INFO - Setting next_dagrun for example_branch_operator to 2022-02-04 00:00:00+00:00
[2022-02-05 19:38:03,473] {processor.py:171} INFO - Processing /home/airflow/.local/lib/python3.7/site-packages/airflow/example_dags/example_branch_operator.py took 0.074 seconds
[2022-02-05 19:38:34,042] {processor.py:163} INFO - Started process (PID=2023) to work on /home/airflow/.local/lib/python3.7/site-packages/airflow/example_dags/example_branch_operator.py
[2022-02-05 19:38:34,043] {processor.py:642} INFO - Processing file /home/airflow/.local/lib/python3.7/site-packages/airflow/example_dags/example_branch_operator.py for tasks to queue
[2022-02-05 19:38:34,044] {logging_mixin.py:109} INFO - [2022-02-05 19:38:34,044] {dagbag.py:500} INFO - Filling up the DagBag from /home/airflow/.local/lib/python3.7/site-packages/airflow/example_dags/example_branch_operator.py
[2022-02-05 19:38:34,068] {processor.py:654} INFO - DAG(s) dict_keys(['example_branch_operator']) retrieved from /home/airflow/.local/lib/python3.7/site-packages/airflow/example_dags/example_branch_operator.py
[2022-02-05 19:38:34,077] {logging_mixin.py:109} INFO - [2022-02-05 19:38:34,077] {dag.py:2396} INFO - Sync 1 DAGs
[2022-02-05 19:38:34,090] {logging_mixin.py:109} INFO - [2022-02-05 19:38:34,090] {dag.py:2935} INFO - Setting next_dagrun for example_branch_operator to 2022-02-04 00:00:00+00:00
[2022-02-05 19:38:34,099] {processor.py:171} INFO - Processing /home/airflow/.local/lib/python3.7/site-packages/airflow/example_dags/example_branch_operator.py took 0.059 seconds
[2022-02-05 19:39:04,299] {processor.py:163} INFO - Started process (PID=2077) to work on /home/airflow/.local/lib/python3.7/site-packages/airflow/example_dags/example_branch_operator.py
[2022-02-05 19:39:04,300] {processor.py:642} INFO - Processing file /home/airflow/.local/lib/python3.7/site-packages/airflow/example_dags/example_branch_operator.py for tasks to queue
[2022-02-05 19:39:04,301] {logging_mixin.py:109} INFO - [2022-02-05 19:39:04,300] {dagbag.py:500} INFO - Filling up the DagBag from /home/airflow/.local/lib/python3.7/site-packages/airflow/example_dags/example_branch_operator.py
[2022-02-05 19:39:04,331] {processor.py:654} INFO - DAG(s) dict_keys(['example_branch_operator']) retrieved from /home/airflow/.local/lib/python3.7/site-packages/airflow/example_dags/example_branch_operator.py
[2022-02-05 19:39:04,344] {logging_mixin.py:109} INFO - [2022-02-05 19:39:04,343] {dag.py:2396} INFO - Sync 1 DAGs
[2022-02-05 19:39:04,361] {logging_mixin.py:109} INFO - [2022-02-05 19:39:04,361] {dag.py:2935} INFO - Setting next_dagrun for example_branch_operator to 2022-02-04 00:00:00+00:00
[2022-02-05 19:39:04,372] {processor.py:171} INFO - Processing /home/airflow/.local/lib/python3.7/site-packages/airflow/example_dags/example_branch_operator.py took 0.076 seconds
[2022-02-05 19:39:34,454] {processor.py:163} INFO - Started process (PID=2142) to work on /home/airflow/.local/lib/python3.7/site-packages/airflow/example_dags/example_branch_operator.py
[2022-02-05 19:39:34,457] {processor.py:642} INFO - Processing file /home/airflow/.local/lib/python3.7/site-packages/airflow/example_dags/example_branch_operator.py for tasks to queue
[2022-02-05 19:39:34,458] {logging_mixin.py:109} INFO - [2022-02-05 19:39:34,458] {dagbag.py:500} INFO - Filling up the DagBag from /home/airflow/.local/lib/python3.7/site-packages/airflow/example_dags/example_branch_operator.py
[2022-02-05 19:39:34,505] {processor.py:654} INFO - DAG(s) dict_keys(['example_branch_operator']) retrieved from /home/airflow/.local/lib/python3.7/site-packages/airflow/example_dags/example_branch_operator.py
[2022-02-05 19:39:34,522] {logging_mixin.py:109} INFO - [2022-02-05 19:39:34,522] {dag.py:2396} INFO - Sync 1 DAGs
[2022-02-05 19:39:34,551] {logging_mixin.py:109} INFO - [2022-02-05 19:39:34,551] {dag.py:2935} INFO - Setting next_dagrun for example_branch_operator to 2022-02-04 00:00:00+00:00
[2022-02-05 19:39:34,680] {processor.py:171} INFO - Processing /home/airflow/.local/lib/python3.7/site-packages/airflow/example_dags/example_branch_operator.py took 0.231 seconds
[2022-02-05 19:40:05,226] {processor.py:163} INFO - Started process (PID=2196) to work on /home/airflow/.local/lib/python3.7/site-packages/airflow/example_dags/example_branch_operator.py
[2022-02-05 19:40:05,250] {processor.py:642} INFO - Processing file /home/airflow/.local/lib/python3.7/site-packages/airflow/example_dags/example_branch_operator.py for tasks to queue
[2022-02-05 19:40:05,264] {logging_mixin.py:109} INFO - [2022-02-05 19:40:05,260] {dagbag.py:500} INFO - Filling up the DagBag from /home/airflow/.local/lib/python3.7/site-packages/airflow/example_dags/example_branch_operator.py
[2022-02-05 19:40:05,692] {processor.py:654} INFO - DAG(s) dict_keys(['example_branch_operator']) retrieved from /home/airflow/.local/lib/python3.7/site-packages/airflow/example_dags/example_branch_operator.py
[2022-02-05 19:40:05,777] {logging_mixin.py:109} INFO - [2022-02-05 19:40:05,775] {dag.py:2396} INFO - Sync 1 DAGs
[2022-02-05 19:40:06,581] {logging_mixin.py:109} INFO - [2022-02-05 19:40:06,581] {dag.py:2935} INFO - Setting next_dagrun for example_branch_operator to 2022-02-04 00:00:00+00:00
[2022-02-05 19:40:06,688] {processor.py:171} INFO - Processing /home/airflow/.local/lib/python3.7/site-packages/airflow/example_dags/example_branch_operator.py took 1.547 seconds
[2022-02-05 19:40:36,911] {processor.py:163} INFO - Started process (PID=2262) to work on /home/airflow/.local/lib/python3.7/site-packages/airflow/example_dags/example_branch_operator.py
[2022-02-05 19:40:36,913] {processor.py:642} INFO - Processing file /home/airflow/.local/lib/python3.7/site-packages/airflow/example_dags/example_branch_operator.py for tasks to queue
[2022-02-05 19:40:36,914] {logging_mixin.py:109} INFO - [2022-02-05 19:40:36,914] {dagbag.py:500} INFO - Filling up the DagBag from /home/airflow/.local/lib/python3.7/site-packages/airflow/example_dags/example_branch_operator.py
[2022-02-05 19:40:36,952] {processor.py:654} INFO - DAG(s) dict_keys(['example_branch_operator']) retrieved from /home/airflow/.local/lib/python3.7/site-packages/airflow/example_dags/example_branch_operator.py
[2022-02-05 19:40:36,965] {logging_mixin.py:109} INFO - [2022-02-05 19:40:36,964] {dag.py:2396} INFO - Sync 1 DAGs
[2022-02-05 19:40:37,070] {logging_mixin.py:109} INFO - [2022-02-05 19:40:37,070] {dag.py:2935} INFO - Setting next_dagrun for example_branch_operator to 2022-02-04 00:00:00+00:00
[2022-02-05 19:40:37,082] {processor.py:171} INFO - Processing /home/airflow/.local/lib/python3.7/site-packages/airflow/example_dags/example_branch_operator.py took 0.174 seconds
[2022-02-05 19:41:07,457] {processor.py:163} INFO - Started process (PID=2315) to work on /home/airflow/.local/lib/python3.7/site-packages/airflow/example_dags/example_branch_operator.py
[2022-02-05 19:41:07,458] {processor.py:642} INFO - Processing file /home/airflow/.local/lib/python3.7/site-packages/airflow/example_dags/example_branch_operator.py for tasks to queue
[2022-02-05 19:41:07,459] {logging_mixin.py:109} INFO - [2022-02-05 19:41:07,459] {dagbag.py:500} INFO - Filling up the DagBag from /home/airflow/.local/lib/python3.7/site-packages/airflow/example_dags/example_branch_operator.py
[2022-02-05 19:41:07,484] {processor.py:654} INFO - DAG(s) dict_keys(['example_branch_operator']) retrieved from /home/airflow/.local/lib/python3.7/site-packages/airflow/example_dags/example_branch_operator.py
[2022-02-05 19:41:07,493] {logging_mixin.py:109} INFO - [2022-02-05 19:41:07,493] {dag.py:2396} INFO - Sync 1 DAGs
[2022-02-05 19:41:07,574] {logging_mixin.py:109} INFO - [2022-02-05 19:41:07,574] {dag.py:2935} INFO - Setting next_dagrun for example_branch_operator to 2022-02-04 00:00:00+00:00
[2022-02-05 19:41:07,583] {processor.py:171} INFO - Processing /home/airflow/.local/lib/python3.7/site-packages/airflow/example_dags/example_branch_operator.py took 0.130 seconds
[2022-02-05 19:41:37,684] {processor.py:163} INFO - Started process (PID=2375) to work on /home/airflow/.local/lib/python3.7/site-packages/airflow/example_dags/example_branch_operator.py
[2022-02-05 19:41:37,687] {processor.py:642} INFO - Processing file /home/airflow/.local/lib/python3.7/site-packages/airflow/example_dags/example_branch_operator.py for tasks to queue
[2022-02-05 19:41:37,687] {logging_mixin.py:109} INFO - [2022-02-05 19:41:37,687] {dagbag.py:500} INFO - Filling up the DagBag from /home/airflow/.local/lib/python3.7/site-packages/airflow/example_dags/example_branch_operator.py
[2022-02-05 19:41:37,717] {processor.py:654} INFO - DAG(s) dict_keys(['example_branch_operator']) retrieved from /home/airflow/.local/lib/python3.7/site-packages/airflow/example_dags/example_branch_operator.py
[2022-02-05 19:41:37,811] {logging_mixin.py:109} INFO - [2022-02-05 19:41:37,811] {dag.py:2396} INFO - Sync 1 DAGs
[2022-02-05 19:41:37,827] {logging_mixin.py:109} INFO - [2022-02-05 19:41:37,827] {dag.py:2935} INFO - Setting next_dagrun for example_branch_operator to 2022-02-04 00:00:00+00:00
[2022-02-05 19:41:37,848] {processor.py:171} INFO - Processing /home/airflow/.local/lib/python3.7/site-packages/airflow/example_dags/example_branch_operator.py took 0.167 seconds
[2022-02-05 19:42:08,197] {processor.py:163} INFO - Started process (PID=2429) to work on /home/airflow/.local/lib/python3.7/site-packages/airflow/example_dags/example_branch_operator.py
[2022-02-05 19:42:08,200] {processor.py:642} INFO - Processing file /home/airflow/.local/lib/python3.7/site-packages/airflow/example_dags/example_branch_operator.py for tasks to queue
[2022-02-05 19:42:08,200] {logging_mixin.py:109} INFO - [2022-02-05 19:42:08,200] {dagbag.py:500} INFO - Filling up the DagBag from /home/airflow/.local/lib/python3.7/site-packages/airflow/example_dags/example_branch_operator.py
[2022-02-05 19:42:08,298] {processor.py:654} INFO - DAG(s) dict_keys(['example_branch_operator']) retrieved from /home/airflow/.local/lib/python3.7/site-packages/airflow/example_dags/example_branch_operator.py
[2022-02-05 19:42:08,306] {logging_mixin.py:109} INFO - [2022-02-05 19:42:08,306] {dag.py:2396} INFO - Sync 1 DAGs
[2022-02-05 19:42:08,319] {logging_mixin.py:109} INFO - [2022-02-05 19:42:08,319] {dag.py:2935} INFO - Setting next_dagrun for example_branch_operator to 2022-02-04 00:00:00+00:00
[2022-02-05 19:42:08,327] {processor.py:171} INFO - Processing /home/airflow/.local/lib/python3.7/site-packages/airflow/example_dags/example_branch_operator.py took 0.133 seconds
[2022-02-05 19:42:38,523] {processor.py:163} INFO - Started process (PID=2482) to work on /home/airflow/.local/lib/python3.7/site-packages/airflow/example_dags/example_branch_operator.py
[2022-02-05 19:42:38,524] {processor.py:642} INFO - Processing file /home/airflow/.local/lib/python3.7/site-packages/airflow/example_dags/example_branch_operator.py for tasks to queue
[2022-02-05 19:42:38,525] {logging_mixin.py:109} INFO - [2022-02-05 19:42:38,525] {dagbag.py:500} INFO - Filling up the DagBag from /home/airflow/.local/lib/python3.7/site-packages/airflow/example_dags/example_branch_operator.py
[2022-02-05 19:42:38,629] {processor.py:654} INFO - DAG(s) dict_keys(['example_branch_operator']) retrieved from /home/airflow/.local/lib/python3.7/site-packages/airflow/example_dags/example_branch_operator.py
[2022-02-05 19:42:38,638] {logging_mixin.py:109} INFO - [2022-02-05 19:42:38,638] {dag.py:2396} INFO - Sync 1 DAGs
[2022-02-05 19:42:38,652] {logging_mixin.py:109} INFO - [2022-02-05 19:42:38,652] {dag.py:2935} INFO - Setting next_dagrun for example_branch_operator to 2022-02-04 00:00:00+00:00
[2022-02-05 19:42:38,663] {processor.py:171} INFO - Processing /home/airflow/.local/lib/python3.7/site-packages/airflow/example_dags/example_branch_operator.py took 0.143 seconds
[2022-02-05 19:43:09,204] {processor.py:163} INFO - Started process (PID=2544) to work on /home/airflow/.local/lib/python3.7/site-packages/airflow/example_dags/example_branch_operator.py
[2022-02-05 19:43:09,206] {processor.py:642} INFO - Processing file /home/airflow/.local/lib/python3.7/site-packages/airflow/example_dags/example_branch_operator.py for tasks to queue
[2022-02-05 19:43:09,207] {logging_mixin.py:109} INFO - [2022-02-05 19:43:09,207] {dagbag.py:500} INFO - Filling up the DagBag from /home/airflow/.local/lib/python3.7/site-packages/airflow/example_dags/example_branch_operator.py
[2022-02-05 19:43:09,327] {processor.py:654} INFO - DAG(s) dict_keys(['example_branch_operator']) retrieved from /home/airflow/.local/lib/python3.7/site-packages/airflow/example_dags/example_branch_operator.py
[2022-02-05 19:43:09,337] {logging_mixin.py:109} INFO - [2022-02-05 19:43:09,337] {dag.py:2396} INFO - Sync 1 DAGs
[2022-02-05 19:43:09,352] {logging_mixin.py:109} INFO - [2022-02-05 19:43:09,352] {dag.py:2935} INFO - Setting next_dagrun for example_branch_operator to 2022-02-04 00:00:00+00:00
[2022-02-05 19:43:09,363] {processor.py:171} INFO - Processing /home/airflow/.local/lib/python3.7/site-packages/airflow/example_dags/example_branch_operator.py took 0.162 seconds
[2022-02-05 19:43:39,908] {processor.py:163} INFO - Started process (PID=2598) to work on /home/airflow/.local/lib/python3.7/site-packages/airflow/example_dags/example_branch_operator.py
[2022-02-05 19:43:39,909] {processor.py:642} INFO - Processing file /home/airflow/.local/lib/python3.7/site-packages/airflow/example_dags/example_branch_operator.py for tasks to queue
[2022-02-05 19:43:39,910] {logging_mixin.py:109} INFO - [2022-02-05 19:43:39,910] {dagbag.py:500} INFO - Filling up the DagBag from /home/airflow/.local/lib/python3.7/site-packages/airflow/example_dags/example_branch_operator.py
[2022-02-05 19:43:40,014] {processor.py:654} INFO - DAG(s) dict_keys(['example_branch_operator']) retrieved from /home/airflow/.local/lib/python3.7/site-packages/airflow/example_dags/example_branch_operator.py
[2022-02-05 19:43:40,022] {logging_mixin.py:109} INFO - [2022-02-05 19:43:40,022] {dag.py:2396} INFO - Sync 1 DAGs
[2022-02-05 19:43:40,035] {logging_mixin.py:109} INFO - [2022-02-05 19:43:40,035] {dag.py:2935} INFO - Setting next_dagrun for example_branch_operator to 2022-02-04 00:00:00+00:00
[2022-02-05 19:43:40,045] {processor.py:171} INFO - Processing /home/airflow/.local/lib/python3.7/site-packages/airflow/example_dags/example_branch_operator.py took 0.139 seconds
[2022-02-05 19:44:10,144] {processor.py:163} INFO - Started process (PID=2665) to work on /home/airflow/.local/lib/python3.7/site-packages/airflow/example_dags/example_branch_operator.py
[2022-02-05 19:44:10,145] {processor.py:642} INFO - Processing file /home/airflow/.local/lib/python3.7/site-packages/airflow/example_dags/example_branch_operator.py for tasks to queue
[2022-02-05 19:44:10,145] {logging_mixin.py:109} INFO - [2022-02-05 19:44:10,145] {dagbag.py:500} INFO - Filling up the DagBag from /home/airflow/.local/lib/python3.7/site-packages/airflow/example_dags/example_branch_operator.py
[2022-02-05 19:44:10,243] {processor.py:654} INFO - DAG(s) dict_keys(['example_branch_operator']) retrieved from /home/airflow/.local/lib/python3.7/site-packages/airflow/example_dags/example_branch_operator.py
[2022-02-05 19:44:10,251] {logging_mixin.py:109} INFO - [2022-02-05 19:44:10,251] {dag.py:2396} INFO - Sync 1 DAGs
[2022-02-05 19:44:10,262] {logging_mixin.py:109} INFO - [2022-02-05 19:44:10,262] {dag.py:2935} INFO - Setting next_dagrun for example_branch_operator to 2022-02-04 00:00:00+00:00
[2022-02-05 19:44:10,271] {processor.py:171} INFO - Processing /home/airflow/.local/lib/python3.7/site-packages/airflow/example_dags/example_branch_operator.py took 0.130 seconds
[2022-02-05 19:44:40,971] {processor.py:163} INFO - Started process (PID=2727) to work on /home/airflow/.local/lib/python3.7/site-packages/airflow/example_dags/example_branch_operator.py
[2022-02-05 19:44:40,973] {processor.py:642} INFO - Processing file /home/airflow/.local/lib/python3.7/site-packages/airflow/example_dags/example_branch_operator.py for tasks to queue
[2022-02-05 19:44:40,974] {logging_mixin.py:109} INFO - [2022-02-05 19:44:40,974] {dagbag.py:500} INFO - Filling up the DagBag from /home/airflow/.local/lib/python3.7/site-packages/airflow/example_dags/example_branch_operator.py
[2022-02-05 19:44:40,997] {processor.py:654} INFO - DAG(s) dict_keys(['example_branch_operator']) retrieved from /home/airflow/.local/lib/python3.7/site-packages/airflow/example_dags/example_branch_operator.py
[2022-02-05 19:44:41,007] {logging_mixin.py:109} INFO - [2022-02-05 19:44:41,007] {dag.py:2396} INFO - Sync 1 DAGs
[2022-02-05 19:44:41,021] {logging_mixin.py:109} INFO - [2022-02-05 19:44:41,021] {dag.py:2935} INFO - Setting next_dagrun for example_branch_operator to 2022-02-04 00:00:00+00:00
[2022-02-05 19:44:41,029] {processor.py:171} INFO - Processing /home/airflow/.local/lib/python3.7/site-packages/airflow/example_dags/example_branch_operator.py took 0.061 seconds
[2022-02-05 19:45:11,884] {processor.py:163} INFO - Started process (PID=2779) to work on /home/airflow/.local/lib/python3.7/site-packages/airflow/example_dags/example_branch_operator.py
[2022-02-05 19:45:11,885] {processor.py:642} INFO - Processing file /home/airflow/.local/lib/python3.7/site-packages/airflow/example_dags/example_branch_operator.py for tasks to queue
[2022-02-05 19:45:11,886] {logging_mixin.py:109} INFO - [2022-02-05 19:45:11,886] {dagbag.py:500} INFO - Filling up the DagBag from /home/airflow/.local/lib/python3.7/site-packages/airflow/example_dags/example_branch_operator.py
[2022-02-05 19:45:11,911] {processor.py:654} INFO - DAG(s) dict_keys(['example_branch_operator']) retrieved from /home/airflow/.local/lib/python3.7/site-packages/airflow/example_dags/example_branch_operator.py
[2022-02-05 19:45:11,919] {logging_mixin.py:109} INFO - [2022-02-05 19:45:11,919] {dag.py:2396} INFO - Sync 1 DAGs
[2022-02-05 19:45:11,932] {logging_mixin.py:109} INFO - [2022-02-05 19:45:11,932] {dag.py:2935} INFO - Setting next_dagrun for example_branch_operator to 2022-02-04 00:00:00+00:00
[2022-02-05 19:45:11,941] {processor.py:171} INFO - Processing /home/airflow/.local/lib/python3.7/site-packages/airflow/example_dags/example_branch_operator.py took 0.059 seconds
[2022-02-05 19:45:42,752] {processor.py:163} INFO - Started process (PID=2842) to work on /home/airflow/.local/lib/python3.7/site-packages/airflow/example_dags/example_branch_operator.py
[2022-02-05 19:45:42,754] {processor.py:642} INFO - Processing file /home/airflow/.local/lib/python3.7/site-packages/airflow/example_dags/example_branch_operator.py for tasks to queue
[2022-02-05 19:45:42,755] {logging_mixin.py:109} INFO - [2022-02-05 19:45:42,754] {dagbag.py:500} INFO - Filling up the DagBag from /home/airflow/.local/lib/python3.7/site-packages/airflow/example_dags/example_branch_operator.py
[2022-02-05 19:45:42,783] {processor.py:654} INFO - DAG(s) dict_keys(['example_branch_operator']) retrieved from /home/airflow/.local/lib/python3.7/site-packages/airflow/example_dags/example_branch_operator.py
[2022-02-05 19:45:42,791] {logging_mixin.py:109} INFO - [2022-02-05 19:45:42,791] {dag.py:2396} INFO - Sync 1 DAGs
[2022-02-05 19:45:42,805] {logging_mixin.py:109} INFO - [2022-02-05 19:45:42,805] {dag.py:2935} INFO - Setting next_dagrun for example_branch_operator to 2022-02-04 00:00:00+00:00
[2022-02-05 19:45:42,812] {processor.py:171} INFO - Processing /home/airflow/.local/lib/python3.7/site-packages/airflow/example_dags/example_branch_operator.py took 0.063 seconds
[2022-02-05 19:46:13,584] {processor.py:163} INFO - Started process (PID=2895) to work on /home/airflow/.local/lib/python3.7/site-packages/airflow/example_dags/example_branch_operator.py
[2022-02-05 19:46:13,584] {processor.py:642} INFO - Processing file /home/airflow/.local/lib/python3.7/site-packages/airflow/example_dags/example_branch_operator.py for tasks to queue
[2022-02-05 19:46:13,585] {logging_mixin.py:109} INFO - [2022-02-05 19:46:13,585] {dagbag.py:500} INFO - Filling up the DagBag from /home/airflow/.local/lib/python3.7/site-packages/airflow/example_dags/example_branch_operator.py
[2022-02-05 19:46:13,611] {processor.py:654} INFO - DAG(s) dict_keys(['example_branch_operator']) retrieved from /home/airflow/.local/lib/python3.7/site-packages/airflow/example_dags/example_branch_operator.py
[2022-02-05 19:46:13,620] {logging_mixin.py:109} INFO - [2022-02-05 19:46:13,620] {dag.py:2396} INFO - Sync 1 DAGs
[2022-02-05 19:46:13,633] {logging_mixin.py:109} INFO - [2022-02-05 19:46:13,633] {dag.py:2935} INFO - Setting next_dagrun for example_branch_operator to 2022-02-04 00:00:00+00:00
[2022-02-05 19:46:13,642] {processor.py:171} INFO - Processing /home/airflow/.local/lib/python3.7/site-packages/airflow/example_dags/example_branch_operator.py took 0.061 seconds
[2022-02-05 19:46:44,373] {processor.py:163} INFO - Started process (PID=2956) to work on /home/airflow/.local/lib/python3.7/site-packages/airflow/example_dags/example_branch_operator.py
[2022-02-05 19:46:44,376] {processor.py:642} INFO - Processing file /home/airflow/.local/lib/python3.7/site-packages/airflow/example_dags/example_branch_operator.py for tasks to queue
[2022-02-05 19:46:44,376] {logging_mixin.py:109} INFO - [2022-02-05 19:46:44,376] {dagbag.py:500} INFO - Filling up the DagBag from /home/airflow/.local/lib/python3.7/site-packages/airflow/example_dags/example_branch_operator.py
[2022-02-05 19:46:44,400] {processor.py:654} INFO - DAG(s) dict_keys(['example_branch_operator']) retrieved from /home/airflow/.local/lib/python3.7/site-packages/airflow/example_dags/example_branch_operator.py
[2022-02-05 19:46:44,408] {logging_mixin.py:109} INFO - [2022-02-05 19:46:44,408] {dag.py:2396} INFO - Sync 1 DAGs
[2022-02-05 19:46:44,420] {logging_mixin.py:109} INFO - [2022-02-05 19:46:44,420] {dag.py:2935} INFO - Setting next_dagrun for example_branch_operator to 2022-02-04 00:00:00+00:00
[2022-02-05 19:46:44,428] {processor.py:171} INFO - Processing /home/airflow/.local/lib/python3.7/site-packages/airflow/example_dags/example_branch_operator.py took 0.057 seconds
[2022-02-05 19:47:15,236] {processor.py:163} INFO - Started process (PID=3007) to work on /home/airflow/.local/lib/python3.7/site-packages/airflow/example_dags/example_branch_operator.py
[2022-02-05 19:47:15,238] {processor.py:642} INFO - Processing file /home/airflow/.local/lib/python3.7/site-packages/airflow/example_dags/example_branch_operator.py for tasks to queue
[2022-02-05 19:47:15,238] {logging_mixin.py:109} INFO - [2022-02-05 19:47:15,238] {dagbag.py:500} INFO - Filling up the DagBag from /home/airflow/.local/lib/python3.7/site-packages/airflow/example_dags/example_branch_operator.py
[2022-02-05 19:47:15,264] {processor.py:654} INFO - DAG(s) dict_keys(['example_branch_operator']) retrieved from /home/airflow/.local/lib/python3.7/site-packages/airflow/example_dags/example_branch_operator.py
[2022-02-05 19:47:15,276] {logging_mixin.py:109} INFO - [2022-02-05 19:47:15,275] {dag.py:2396} INFO - Sync 1 DAGs
[2022-02-05 19:47:15,289] {logging_mixin.py:109} INFO - [2022-02-05 19:47:15,289] {dag.py:2935} INFO - Setting next_dagrun for example_branch_operator to 2022-02-04 00:00:00+00:00
[2022-02-05 19:47:15,298] {processor.py:171} INFO - Processing /home/airflow/.local/lib/python3.7/site-packages/airflow/example_dags/example_branch_operator.py took 0.066 seconds
[2022-02-05 19:47:45,967] {processor.py:163} INFO - Started process (PID=3069) to work on /home/airflow/.local/lib/python3.7/site-packages/airflow/example_dags/example_branch_operator.py
[2022-02-05 19:47:45,968] {processor.py:642} INFO - Processing file /home/airflow/.local/lib/python3.7/site-packages/airflow/example_dags/example_branch_operator.py for tasks to queue
[2022-02-05 19:47:45,969] {logging_mixin.py:109} INFO - [2022-02-05 19:47:45,969] {dagbag.py:500} INFO - Filling up the DagBag from /home/airflow/.local/lib/python3.7/site-packages/airflow/example_dags/example_branch_operator.py
[2022-02-05 19:47:45,995] {processor.py:654} INFO - DAG(s) dict_keys(['example_branch_operator']) retrieved from /home/airflow/.local/lib/python3.7/site-packages/airflow/example_dags/example_branch_operator.py
[2022-02-05 19:47:46,004] {logging_mixin.py:109} INFO - [2022-02-05 19:47:46,004] {dag.py:2396} INFO - Sync 1 DAGs
[2022-02-05 19:47:46,017] {logging_mixin.py:109} INFO - [2022-02-05 19:47:46,016] {dag.py:2935} INFO - Setting next_dagrun for example_branch_operator to 2022-02-04 00:00:00+00:00
[2022-02-05 19:47:46,026] {processor.py:171} INFO - Processing /home/airflow/.local/lib/python3.7/site-packages/airflow/example_dags/example_branch_operator.py took 0.061 seconds
[2022-02-05 19:48:16,342] {processor.py:163} INFO - Started process (PID=3122) to work on /home/airflow/.local/lib/python3.7/site-packages/airflow/example_dags/example_branch_operator.py
[2022-02-05 19:48:16,344] {processor.py:642} INFO - Processing file /home/airflow/.local/lib/python3.7/site-packages/airflow/example_dags/example_branch_operator.py for tasks to queue
[2022-02-05 19:48:16,345] {logging_mixin.py:109} INFO - [2022-02-05 19:48:16,345] {dagbag.py:500} INFO - Filling up the DagBag from /home/airflow/.local/lib/python3.7/site-packages/airflow/example_dags/example_branch_operator.py
[2022-02-05 19:48:16,372] {processor.py:654} INFO - DAG(s) dict_keys(['example_branch_operator']) retrieved from /home/airflow/.local/lib/python3.7/site-packages/airflow/example_dags/example_branch_operator.py
[2022-02-05 19:48:16,381] {logging_mixin.py:109} INFO - [2022-02-05 19:48:16,381] {dag.py:2396} INFO - Sync 1 DAGs
[2022-02-05 19:48:16,397] {logging_mixin.py:109} INFO - [2022-02-05 19:48:16,397] {dag.py:2935} INFO - Setting next_dagrun for example_branch_operator to 2022-02-04 00:00:00+00:00
[2022-02-05 19:48:16,405] {processor.py:171} INFO - Processing /home/airflow/.local/lib/python3.7/site-packages/airflow/example_dags/example_branch_operator.py took 0.066 seconds
[2022-02-05 19:48:46,605] {processor.py:163} INFO - Started process (PID=3185) to work on /home/airflow/.local/lib/python3.7/site-packages/airflow/example_dags/example_branch_operator.py
[2022-02-05 19:48:46,607] {processor.py:642} INFO - Processing file /home/airflow/.local/lib/python3.7/site-packages/airflow/example_dags/example_branch_operator.py for tasks to queue
[2022-02-05 19:48:46,608] {logging_mixin.py:109} INFO - [2022-02-05 19:48:46,608] {dagbag.py:500} INFO - Filling up the DagBag from /home/airflow/.local/lib/python3.7/site-packages/airflow/example_dags/example_branch_operator.py
[2022-02-05 19:48:46,646] {processor.py:654} INFO - DAG(s) dict_keys(['example_branch_operator']) retrieved from /home/airflow/.local/lib/python3.7/site-packages/airflow/example_dags/example_branch_operator.py
[2022-02-05 19:48:46,659] {logging_mixin.py:109} INFO - [2022-02-05 19:48:46,659] {dag.py:2396} INFO - Sync 1 DAGs
[2022-02-05 19:48:46,680] {logging_mixin.py:109} INFO - [2022-02-05 19:48:46,680] {dag.py:2935} INFO - Setting next_dagrun for example_branch_operator to 2022-02-04 00:00:00+00:00
[2022-02-05 19:48:46,691] {processor.py:171} INFO - Processing /home/airflow/.local/lib/python3.7/site-packages/airflow/example_dags/example_branch_operator.py took 0.090 seconds
[2022-02-05 19:49:17,292] {processor.py:163} INFO - Started process (PID=3240) to work on /home/airflow/.local/lib/python3.7/site-packages/airflow/example_dags/example_branch_operator.py
[2022-02-05 19:49:17,294] {processor.py:642} INFO - Processing file /home/airflow/.local/lib/python3.7/site-packages/airflow/example_dags/example_branch_operator.py for tasks to queue
[2022-02-05 19:49:17,295] {logging_mixin.py:109} INFO - [2022-02-05 19:49:17,295] {dagbag.py:500} INFO - Filling up the DagBag from /home/airflow/.local/lib/python3.7/site-packages/airflow/example_dags/example_branch_operator.py
[2022-02-05 19:49:17,362] {processor.py:654} INFO - DAG(s) dict_keys(['example_branch_operator']) retrieved from /home/airflow/.local/lib/python3.7/site-packages/airflow/example_dags/example_branch_operator.py
[2022-02-05 19:49:17,384] {logging_mixin.py:109} INFO - [2022-02-05 19:49:17,384] {dag.py:2396} INFO - Sync 1 DAGs
[2022-02-05 19:49:17,417] {logging_mixin.py:109} INFO - [2022-02-05 19:49:17,417] {dag.py:2935} INFO - Setting next_dagrun for example_branch_operator to 2022-02-04 00:00:00+00:00
[2022-02-05 19:49:17,430] {processor.py:171} INFO - Processing /home/airflow/.local/lib/python3.7/site-packages/airflow/example_dags/example_branch_operator.py took 0.145 seconds
[2022-02-05 19:49:48,145] {processor.py:163} INFO - Started process (PID=3303) to work on /home/airflow/.local/lib/python3.7/site-packages/airflow/example_dags/example_branch_operator.py
[2022-02-05 19:49:48,148] {processor.py:642} INFO - Processing file /home/airflow/.local/lib/python3.7/site-packages/airflow/example_dags/example_branch_operator.py for tasks to queue
[2022-02-05 19:49:48,148] {logging_mixin.py:109} INFO - [2022-02-05 19:49:48,148] {dagbag.py:500} INFO - Filling up the DagBag from /home/airflow/.local/lib/python3.7/site-packages/airflow/example_dags/example_branch_operator.py
[2022-02-05 19:49:48,173] {processor.py:654} INFO - DAG(s) dict_keys(['example_branch_operator']) retrieved from /home/airflow/.local/lib/python3.7/site-packages/airflow/example_dags/example_branch_operator.py
[2022-02-05 19:49:48,182] {logging_mixin.py:109} INFO - [2022-02-05 19:49:48,182] {dag.py:2396} INFO - Sync 1 DAGs
[2022-02-05 19:49:48,195] {logging_mixin.py:109} INFO - [2022-02-05 19:49:48,195] {dag.py:2935} INFO - Setting next_dagrun for example_branch_operator to 2022-02-04 00:00:00+00:00
[2022-02-05 19:49:48,203] {processor.py:171} INFO - Processing /home/airflow/.local/lib/python3.7/site-packages/airflow/example_dags/example_branch_operator.py took 0.061 seconds
[2022-02-05 19:50:18,971] {processor.py:163} INFO - Started process (PID=3356) to work on /home/airflow/.local/lib/python3.7/site-packages/airflow/example_dags/example_branch_operator.py
[2022-02-05 19:50:18,972] {processor.py:642} INFO - Processing file /home/airflow/.local/lib/python3.7/site-packages/airflow/example_dags/example_branch_operator.py for tasks to queue
[2022-02-05 19:50:18,972] {logging_mixin.py:109} INFO - [2022-02-05 19:50:18,972] {dagbag.py:500} INFO - Filling up the DagBag from /home/airflow/.local/lib/python3.7/site-packages/airflow/example_dags/example_branch_operator.py
[2022-02-05 19:50:18,997] {processor.py:654} INFO - DAG(s) dict_keys(['example_branch_operator']) retrieved from /home/airflow/.local/lib/python3.7/site-packages/airflow/example_dags/example_branch_operator.py
[2022-02-05 19:50:19,006] {logging_mixin.py:109} INFO - [2022-02-05 19:50:19,006] {dag.py:2396} INFO - Sync 1 DAGs
[2022-02-05 19:50:19,019] {logging_mixin.py:109} INFO - [2022-02-05 19:50:19,019] {dag.py:2935} INFO - Setting next_dagrun for example_branch_operator to 2022-02-04 00:00:00+00:00
[2022-02-05 19:50:19,027] {processor.py:171} INFO - Processing /home/airflow/.local/lib/python3.7/site-packages/airflow/example_dags/example_branch_operator.py took 0.060 seconds
[2022-02-05 19:50:49,626] {processor.py:163} INFO - Started process (PID=3417) to work on /home/airflow/.local/lib/python3.7/site-packages/airflow/example_dags/example_branch_operator.py
[2022-02-05 19:50:49,629] {processor.py:642} INFO - Processing file /home/airflow/.local/lib/python3.7/site-packages/airflow/example_dags/example_branch_operator.py for tasks to queue
[2022-02-05 19:50:49,630] {logging_mixin.py:109} INFO - [2022-02-05 19:50:49,630] {dagbag.py:500} INFO - Filling up the DagBag from /home/airflow/.local/lib/python3.7/site-packages/airflow/example_dags/example_branch_operator.py
[2022-02-05 19:50:49,669] {processor.py:654} INFO - DAG(s) dict_keys(['example_branch_operator']) retrieved from /home/airflow/.local/lib/python3.7/site-packages/airflow/example_dags/example_branch_operator.py
[2022-02-05 19:50:49,684] {logging_mixin.py:109} INFO - [2022-02-05 19:50:49,684] {dag.py:2396} INFO - Sync 1 DAGs
[2022-02-05 19:50:49,706] {logging_mixin.py:109} INFO - [2022-02-05 19:50:49,705] {dag.py:2935} INFO - Setting next_dagrun for example_branch_operator to 2022-02-04 00:00:00+00:00
[2022-02-05 19:50:49,719] {processor.py:171} INFO - Processing /home/airflow/.local/lib/python3.7/site-packages/airflow/example_dags/example_branch_operator.py took 0.096 seconds
[2022-02-05 19:51:19,912] {processor.py:163} INFO - Started process (PID=3469) to work on /home/airflow/.local/lib/python3.7/site-packages/airflow/example_dags/example_branch_operator.py
[2022-02-05 19:51:19,914] {processor.py:642} INFO - Processing file /home/airflow/.local/lib/python3.7/site-packages/airflow/example_dags/example_branch_operator.py for tasks to queue
[2022-02-05 19:51:19,915] {logging_mixin.py:109} INFO - [2022-02-05 19:51:19,914] {dagbag.py:500} INFO - Filling up the DagBag from /home/airflow/.local/lib/python3.7/site-packages/airflow/example_dags/example_branch_operator.py
[2022-02-05 19:51:19,962] {processor.py:654} INFO - DAG(s) dict_keys(['example_branch_operator']) retrieved from /home/airflow/.local/lib/python3.7/site-packages/airflow/example_dags/example_branch_operator.py
[2022-02-05 19:51:19,986] {logging_mixin.py:109} INFO - [2022-02-05 19:51:19,986] {dag.py:2396} INFO - Sync 1 DAGs
[2022-02-05 19:51:20,009] {logging_mixin.py:109} INFO - [2022-02-05 19:51:20,009] {dag.py:2935} INFO - Setting next_dagrun for example_branch_operator to 2022-02-04 00:00:00+00:00
[2022-02-05 19:51:20,021] {processor.py:171} INFO - Processing /home/airflow/.local/lib/python3.7/site-packages/airflow/example_dags/example_branch_operator.py took 0.113 seconds
[2022-02-05 19:51:50,891] {processor.py:163} INFO - Started process (PID=3530) to work on /home/airflow/.local/lib/python3.7/site-packages/airflow/example_dags/example_branch_operator.py
[2022-02-05 19:51:50,892] {processor.py:642} INFO - Processing file /home/airflow/.local/lib/python3.7/site-packages/airflow/example_dags/example_branch_operator.py for tasks to queue
[2022-02-05 19:51:50,893] {logging_mixin.py:109} INFO - [2022-02-05 19:51:50,893] {dagbag.py:500} INFO - Filling up the DagBag from /home/airflow/.local/lib/python3.7/site-packages/airflow/example_dags/example_branch_operator.py
[2022-02-05 19:51:50,918] {processor.py:654} INFO - DAG(s) dict_keys(['example_branch_operator']) retrieved from /home/airflow/.local/lib/python3.7/site-packages/airflow/example_dags/example_branch_operator.py
[2022-02-05 19:51:50,927] {logging_mixin.py:109} INFO - [2022-02-05 19:51:50,927] {dag.py:2396} INFO - Sync 1 DAGs
[2022-02-05 19:51:50,940] {logging_mixin.py:109} INFO - [2022-02-05 19:51:50,940] {dag.py:2935} INFO - Setting next_dagrun for example_branch_operator to 2022-02-04 00:00:00+00:00
[2022-02-05 19:51:50,949] {processor.py:171} INFO - Processing /home/airflow/.local/lib/python3.7/site-packages/airflow/example_dags/example_branch_operator.py took 0.061 seconds
[2022-02-05 19:52:21,414] {processor.py:163} INFO - Started process (PID=3582) to work on /home/airflow/.local/lib/python3.7/site-packages/airflow/example_dags/example_branch_operator.py
[2022-02-05 19:52:21,415] {processor.py:642} INFO - Processing file /home/airflow/.local/lib/python3.7/site-packages/airflow/example_dags/example_branch_operator.py for tasks to queue
[2022-02-05 19:52:21,417] {logging_mixin.py:109} INFO - [2022-02-05 19:52:21,416] {dagbag.py:500} INFO - Filling up the DagBag from /home/airflow/.local/lib/python3.7/site-packages/airflow/example_dags/example_branch_operator.py
[2022-02-05 19:52:21,469] {processor.py:654} INFO - DAG(s) dict_keys(['example_branch_operator']) retrieved from /home/airflow/.local/lib/python3.7/site-packages/airflow/example_dags/example_branch_operator.py
[2022-02-05 19:52:21,491] {logging_mixin.py:109} INFO - [2022-02-05 19:52:21,490] {dag.py:2396} INFO - Sync 1 DAGs
[2022-02-05 19:52:21,520] {logging_mixin.py:109} INFO - [2022-02-05 19:52:21,520] {dag.py:2935} INFO - Setting next_dagrun for example_branch_operator to 2022-02-04 00:00:00+00:00
[2022-02-05 19:52:21,537] {processor.py:171} INFO - Processing /home/airflow/.local/lib/python3.7/site-packages/airflow/example_dags/example_branch_operator.py took 0.129 seconds
[2022-02-05 19:52:52,113] {processor.py:163} INFO - Started process (PID=3645) to work on /home/airflow/.local/lib/python3.7/site-packages/airflow/example_dags/example_branch_operator.py
[2022-02-05 19:52:52,115] {processor.py:642} INFO - Processing file /home/airflow/.local/lib/python3.7/site-packages/airflow/example_dags/example_branch_operator.py for tasks to queue
[2022-02-05 19:52:52,115] {logging_mixin.py:109} INFO - [2022-02-05 19:52:52,115] {dagbag.py:500} INFO - Filling up the DagBag from /home/airflow/.local/lib/python3.7/site-packages/airflow/example_dags/example_branch_operator.py
[2022-02-05 19:52:52,141] {processor.py:654} INFO - DAG(s) dict_keys(['example_branch_operator']) retrieved from /home/airflow/.local/lib/python3.7/site-packages/airflow/example_dags/example_branch_operator.py
[2022-02-05 19:52:52,152] {logging_mixin.py:109} INFO - [2022-02-05 19:52:52,152] {dag.py:2396} INFO - Sync 1 DAGs
[2022-02-05 19:52:52,168] {logging_mixin.py:109} INFO - [2022-02-05 19:52:52,168] {dag.py:2935} INFO - Setting next_dagrun for example_branch_operator to 2022-02-04 00:00:00+00:00
[2022-02-05 19:52:52,176] {processor.py:171} INFO - Processing /home/airflow/.local/lib/python3.7/site-packages/airflow/example_dags/example_branch_operator.py took 0.066 seconds
[2022-02-05 19:53:23,084] {processor.py:163} INFO - Started process (PID=3698) to work on /home/airflow/.local/lib/python3.7/site-packages/airflow/example_dags/example_branch_operator.py
[2022-02-05 19:53:23,085] {processor.py:642} INFO - Processing file /home/airflow/.local/lib/python3.7/site-packages/airflow/example_dags/example_branch_operator.py for tasks to queue
[2022-02-05 19:53:23,086] {logging_mixin.py:109} INFO - [2022-02-05 19:53:23,086] {dagbag.py:500} INFO - Filling up the DagBag from /home/airflow/.local/lib/python3.7/site-packages/airflow/example_dags/example_branch_operator.py
[2022-02-05 19:53:23,124] {processor.py:654} INFO - DAG(s) dict_keys(['example_branch_operator']) retrieved from /home/airflow/.local/lib/python3.7/site-packages/airflow/example_dags/example_branch_operator.py
[2022-02-05 19:53:23,137] {logging_mixin.py:109} INFO - [2022-02-05 19:53:23,137] {dag.py:2396} INFO - Sync 1 DAGs
[2022-02-05 19:53:23,158] {logging_mixin.py:109} INFO - [2022-02-05 19:53:23,158] {dag.py:2935} INFO - Setting next_dagrun for example_branch_operator to 2022-02-04 00:00:00+00:00
[2022-02-05 19:53:23,169] {processor.py:171} INFO - Processing /home/airflow/.local/lib/python3.7/site-packages/airflow/example_dags/example_branch_operator.py took 0.090 seconds
[2022-02-05 19:53:53,557] {processor.py:163} INFO - Started process (PID=3760) to work on /home/airflow/.local/lib/python3.7/site-packages/airflow/example_dags/example_branch_operator.py
[2022-02-05 19:53:53,559] {processor.py:642} INFO - Processing file /home/airflow/.local/lib/python3.7/site-packages/airflow/example_dags/example_branch_operator.py for tasks to queue
[2022-02-05 19:53:53,560] {logging_mixin.py:109} INFO - [2022-02-05 19:53:53,560] {dagbag.py:500} INFO - Filling up the DagBag from /home/airflow/.local/lib/python3.7/site-packages/airflow/example_dags/example_branch_operator.py
[2022-02-05 19:53:53,584] {processor.py:654} INFO - DAG(s) dict_keys(['example_branch_operator']) retrieved from /home/airflow/.local/lib/python3.7/site-packages/airflow/example_dags/example_branch_operator.py
[2022-02-05 19:53:53,593] {logging_mixin.py:109} INFO - [2022-02-05 19:53:53,593] {dag.py:2396} INFO - Sync 1 DAGs
[2022-02-05 19:53:53,606] {logging_mixin.py:109} INFO - [2022-02-05 19:53:53,606] {dag.py:2935} INFO - Setting next_dagrun for example_branch_operator to 2022-02-04 00:00:00+00:00
[2022-02-05 19:53:53,615] {processor.py:171} INFO - Processing /home/airflow/.local/lib/python3.7/site-packages/airflow/example_dags/example_branch_operator.py took 0.061 seconds
[2022-02-05 19:54:24,548] {processor.py:163} INFO - Started process (PID=3813) to work on /home/airflow/.local/lib/python3.7/site-packages/airflow/example_dags/example_branch_operator.py
[2022-02-05 19:54:24,550] {processor.py:642} INFO - Processing file /home/airflow/.local/lib/python3.7/site-packages/airflow/example_dags/example_branch_operator.py for tasks to queue
[2022-02-05 19:54:24,550] {logging_mixin.py:109} INFO - [2022-02-05 19:54:24,550] {dagbag.py:500} INFO - Filling up the DagBag from /home/airflow/.local/lib/python3.7/site-packages/airflow/example_dags/example_branch_operator.py
[2022-02-05 19:54:24,576] {processor.py:654} INFO - DAG(s) dict_keys(['example_branch_operator']) retrieved from /home/airflow/.local/lib/python3.7/site-packages/airflow/example_dags/example_branch_operator.py
[2022-02-05 19:54:24,586] {logging_mixin.py:109} INFO - [2022-02-05 19:54:24,585] {dag.py:2396} INFO - Sync 1 DAGs
[2022-02-05 19:54:24,600] {logging_mixin.py:109} INFO - [2022-02-05 19:54:24,600] {dag.py:2935} INFO - Setting next_dagrun for example_branch_operator to 2022-02-04 00:00:00+00:00
[2022-02-05 19:54:24,609] {processor.py:171} INFO - Processing /home/airflow/.local/lib/python3.7/site-packages/airflow/example_dags/example_branch_operator.py took 0.063 seconds
[2022-02-05 19:54:54,659] {processor.py:163} INFO - Started process (PID=3875) to work on /home/airflow/.local/lib/python3.7/site-packages/airflow/example_dags/example_branch_operator.py
[2022-02-05 19:54:54,661] {processor.py:642} INFO - Processing file /home/airflow/.local/lib/python3.7/site-packages/airflow/example_dags/example_branch_operator.py for tasks to queue
[2022-02-05 19:54:54,662] {logging_mixin.py:109} INFO - [2022-02-05 19:54:54,662] {dagbag.py:500} INFO - Filling up the DagBag from /home/airflow/.local/lib/python3.7/site-packages/airflow/example_dags/example_branch_operator.py
[2022-02-05 19:54:54,704] {processor.py:654} INFO - DAG(s) dict_keys(['example_branch_operator']) retrieved from /home/airflow/.local/lib/python3.7/site-packages/airflow/example_dags/example_branch_operator.py
[2022-02-05 19:54:54,720] {logging_mixin.py:109} INFO - [2022-02-05 19:54:54,720] {dag.py:2396} INFO - Sync 1 DAGs
[2022-02-05 19:54:54,743] {logging_mixin.py:109} INFO - [2022-02-05 19:54:54,743] {dag.py:2935} INFO - Setting next_dagrun for example_branch_operator to 2022-02-04 00:00:00+00:00
[2022-02-05 19:54:54,756] {processor.py:171} INFO - Processing /home/airflow/.local/lib/python3.7/site-packages/airflow/example_dags/example_branch_operator.py took 0.103 seconds
[2022-02-05 19:55:25,520] {processor.py:163} INFO - Started process (PID=3929) to work on /home/airflow/.local/lib/python3.7/site-packages/airflow/example_dags/example_branch_operator.py
[2022-02-05 19:55:25,522] {processor.py:642} INFO - Processing file /home/airflow/.local/lib/python3.7/site-packages/airflow/example_dags/example_branch_operator.py for tasks to queue
[2022-02-05 19:55:25,522] {logging_mixin.py:109} INFO - [2022-02-05 19:55:25,522] {dagbag.py:500} INFO - Filling up the DagBag from /home/airflow/.local/lib/python3.7/site-packages/airflow/example_dags/example_branch_operator.py
[2022-02-05 19:55:25,550] {processor.py:654} INFO - DAG(s) dict_keys(['example_branch_operator']) retrieved from /home/airflow/.local/lib/python3.7/site-packages/airflow/example_dags/example_branch_operator.py
[2022-02-05 19:55:25,562] {logging_mixin.py:109} INFO - [2022-02-05 19:55:25,562] {dag.py:2396} INFO - Sync 1 DAGs
[2022-02-05 19:55:25,581] {logging_mixin.py:109} INFO - [2022-02-05 19:55:25,581] {dag.py:2935} INFO - Setting next_dagrun for example_branch_operator to 2022-02-04 00:00:00+00:00
[2022-02-05 19:55:25,588] {processor.py:171} INFO - Processing /home/airflow/.local/lib/python3.7/site-packages/airflow/example_dags/example_branch_operator.py took 0.071 seconds
[2022-02-05 19:55:55,668] {processor.py:163} INFO - Started process (PID=3992) to work on /home/airflow/.local/lib/python3.7/site-packages/airflow/example_dags/example_branch_operator.py
[2022-02-05 19:55:55,669] {processor.py:642} INFO - Processing file /home/airflow/.local/lib/python3.7/site-packages/airflow/example_dags/example_branch_operator.py for tasks to queue
[2022-02-05 19:55:55,670] {logging_mixin.py:109} INFO - [2022-02-05 19:55:55,670] {dagbag.py:500} INFO - Filling up the DagBag from /home/airflow/.local/lib/python3.7/site-packages/airflow/example_dags/example_branch_operator.py
[2022-02-05 19:55:55,698] {processor.py:654} INFO - DAG(s) dict_keys(['example_branch_operator']) retrieved from /home/airflow/.local/lib/python3.7/site-packages/airflow/example_dags/example_branch_operator.py
[2022-02-05 19:55:55,708] {logging_mixin.py:109} INFO - [2022-02-05 19:55:55,708] {dag.py:2396} INFO - Sync 1 DAGs
[2022-02-05 19:55:55,723] {logging_mixin.py:109} INFO - [2022-02-05 19:55:55,723] {dag.py:2935} INFO - Setting next_dagrun for example_branch_operator to 2022-02-04 00:00:00+00:00
[2022-02-05 19:55:55,733] {processor.py:171} INFO - Processing /home/airflow/.local/lib/python3.7/site-packages/airflow/example_dags/example_branch_operator.py took 0.068 seconds
[2022-02-05 19:56:25,803] {processor.py:163} INFO - Started process (PID=4044) to work on /home/airflow/.local/lib/python3.7/site-packages/airflow/example_dags/example_branch_operator.py
[2022-02-05 19:56:25,804] {processor.py:642} INFO - Processing file /home/airflow/.local/lib/python3.7/site-packages/airflow/example_dags/example_branch_operator.py for tasks to queue
[2022-02-05 19:56:25,805] {logging_mixin.py:109} INFO - [2022-02-05 19:56:25,805] {dagbag.py:500} INFO - Filling up the DagBag from /home/airflow/.local/lib/python3.7/site-packages/airflow/example_dags/example_branch_operator.py
[2022-02-05 19:56:25,831] {processor.py:654} INFO - DAG(s) dict_keys(['example_branch_operator']) retrieved from /home/airflow/.local/lib/python3.7/site-packages/airflow/example_dags/example_branch_operator.py
[2022-02-05 19:56:25,840] {logging_mixin.py:109} INFO - [2022-02-05 19:56:25,840] {dag.py:2396} INFO - Sync 1 DAGs
[2022-02-05 19:56:25,855] {logging_mixin.py:109} INFO - [2022-02-05 19:56:25,855] {dag.py:2935} INFO - Setting next_dagrun for example_branch_operator to 2022-02-04 00:00:00+00:00
[2022-02-05 19:56:25,863] {processor.py:171} INFO - Processing /home/airflow/.local/lib/python3.7/site-packages/airflow/example_dags/example_branch_operator.py took 0.063 seconds
