[2022-02-05 19:21:04,192] {processor.py:163} INFO - Started process (PID=62) to work on /home/airflow/.local/lib/python3.7/site-packages/airflow/example_dags/example_task_group_decorator.py
[2022-02-05 19:21:04,204] {processor.py:642} INFO - Processing file /home/airflow/.local/lib/python3.7/site-packages/airflow/example_dags/example_task_group_decorator.py for tasks to queue
[2022-02-05 19:21:04,205] {logging_mixin.py:109} INFO - [2022-02-05 19:21:04,205] {dagbag.py:500} INFO - Filling up the DagBag from /home/airflow/.local/lib/python3.7/site-packages/airflow/example_dags/example_task_group_decorator.py
[2022-02-05 19:21:04,289] {processor.py:654} INFO - DAG(s) dict_keys(['example_task_group_decorator']) retrieved from /home/airflow/.local/lib/python3.7/site-packages/airflow/example_dags/example_task_group_decorator.py
[2022-02-05 19:21:04,828] {logging_mixin.py:109} INFO - [2022-02-05 19:21:04,828] {dag.py:2396} INFO - Sync 1 DAGs
[2022-02-05 19:21:04,848] {logging_mixin.py:109} INFO - [2022-02-05 19:21:04,848] {dag.py:2935} INFO - Setting next_dagrun for example_task_group_decorator to 2022-02-04T19:21:04.848481+00:00
[2022-02-05 19:21:04,864] {processor.py:171} INFO - Processing /home/airflow/.local/lib/python3.7/site-packages/airflow/example_dags/example_task_group_decorator.py took 0.678 seconds
[2022-02-05 19:21:35,764] {processor.py:163} INFO - Started process (PID=124) to work on /home/airflow/.local/lib/python3.7/site-packages/airflow/example_dags/example_task_group_decorator.py
[2022-02-05 19:21:35,766] {processor.py:642} INFO - Processing file /home/airflow/.local/lib/python3.7/site-packages/airflow/example_dags/example_task_group_decorator.py for tasks to queue
[2022-02-05 19:21:35,767] {logging_mixin.py:109} INFO - [2022-02-05 19:21:35,766] {dagbag.py:500} INFO - Filling up the DagBag from /home/airflow/.local/lib/python3.7/site-packages/airflow/example_dags/example_task_group_decorator.py
[2022-02-05 19:21:35,830] {processor.py:654} INFO - DAG(s) dict_keys(['example_task_group_decorator']) retrieved from /home/airflow/.local/lib/python3.7/site-packages/airflow/example_dags/example_task_group_decorator.py
[2022-02-05 19:21:36,304] {logging_mixin.py:109} INFO - [2022-02-05 19:21:36,304] {dag.py:2396} INFO - Sync 1 DAGs
[2022-02-05 19:21:36,328] {logging_mixin.py:109} INFO - [2022-02-05 19:21:36,328] {dag.py:2935} INFO - Setting next_dagrun for example_task_group_decorator to 2022-02-04T19:21:36.327809+00:00
[2022-02-05 19:21:36,343] {processor.py:171} INFO - Processing /home/airflow/.local/lib/python3.7/site-packages/airflow/example_dags/example_task_group_decorator.py took 0.583 seconds
[2022-02-05 19:22:08,136] {processor.py:163} INFO - Started process (PID=177) to work on /home/airflow/.local/lib/python3.7/site-packages/airflow/example_dags/example_task_group_decorator.py
[2022-02-05 19:22:08,138] {processor.py:642} INFO - Processing file /home/airflow/.local/lib/python3.7/site-packages/airflow/example_dags/example_task_group_decorator.py for tasks to queue
[2022-02-05 19:22:08,140] {logging_mixin.py:109} INFO - [2022-02-05 19:22:08,140] {dagbag.py:500} INFO - Filling up the DagBag from /home/airflow/.local/lib/python3.7/site-packages/airflow/example_dags/example_task_group_decorator.py
[2022-02-05 19:22:08,239] {processor.py:654} INFO - DAG(s) dict_keys(['example_task_group_decorator']) retrieved from /home/airflow/.local/lib/python3.7/site-packages/airflow/example_dags/example_task_group_decorator.py
[2022-02-05 19:22:08,753] {logging_mixin.py:109} INFO - [2022-02-05 19:22:08,752] {dag.py:2396} INFO - Sync 1 DAGs
[2022-02-05 19:22:08,779] {logging_mixin.py:109} INFO - [2022-02-05 19:22:08,778] {dag.py:2935} INFO - Setting next_dagrun for example_task_group_decorator to 2022-02-04T19:22:08.778461+00:00
[2022-02-05 19:22:08,804] {processor.py:171} INFO - Processing /home/airflow/.local/lib/python3.7/site-packages/airflow/example_dags/example_task_group_decorator.py took 0.674 seconds
[2022-02-05 19:22:39,533] {processor.py:163} INFO - Started process (PID=245) to work on /home/airflow/.local/lib/python3.7/site-packages/airflow/example_dags/example_task_group_decorator.py
[2022-02-05 19:22:39,537] {processor.py:642} INFO - Processing file /home/airflow/.local/lib/python3.7/site-packages/airflow/example_dags/example_task_group_decorator.py for tasks to queue
[2022-02-05 19:22:39,538] {logging_mixin.py:109} INFO - [2022-02-05 19:22:39,538] {dagbag.py:500} INFO - Filling up the DagBag from /home/airflow/.local/lib/python3.7/site-packages/airflow/example_dags/example_task_group_decorator.py
[2022-02-05 19:22:39,635] {processor.py:654} INFO - DAG(s) dict_keys(['example_task_group_decorator']) retrieved from /home/airflow/.local/lib/python3.7/site-packages/airflow/example_dags/example_task_group_decorator.py
[2022-02-05 19:22:40,152] {logging_mixin.py:109} INFO - [2022-02-05 19:22:40,152] {dag.py:2396} INFO - Sync 1 DAGs
[2022-02-05 19:22:40,179] {logging_mixin.py:109} INFO - [2022-02-05 19:22:40,178] {dag.py:2935} INFO - Setting next_dagrun for example_task_group_decorator to 2022-02-04T19:22:40.178439+00:00
[2022-02-05 19:22:40,195] {processor.py:171} INFO - Processing /home/airflow/.local/lib/python3.7/site-packages/airflow/example_dags/example_task_group_decorator.py took 0.669 seconds
[2022-02-05 19:23:10,627] {processor.py:163} INFO - Started process (PID=300) to work on /home/airflow/.local/lib/python3.7/site-packages/airflow/example_dags/example_task_group_decorator.py
[2022-02-05 19:23:10,630] {processor.py:642} INFO - Processing file /home/airflow/.local/lib/python3.7/site-packages/airflow/example_dags/example_task_group_decorator.py for tasks to queue
[2022-02-05 19:23:10,631] {logging_mixin.py:109} INFO - [2022-02-05 19:23:10,631] {dagbag.py:500} INFO - Filling up the DagBag from /home/airflow/.local/lib/python3.7/site-packages/airflow/example_dags/example_task_group_decorator.py
[2022-02-05 19:23:10,706] {processor.py:654} INFO - DAG(s) dict_keys(['example_task_group_decorator']) retrieved from /home/airflow/.local/lib/python3.7/site-packages/airflow/example_dags/example_task_group_decorator.py
[2022-02-05 19:23:11,219] {logging_mixin.py:109} INFO - [2022-02-05 19:23:11,219] {dag.py:2396} INFO - Sync 1 DAGs
[2022-02-05 19:23:11,243] {logging_mixin.py:109} INFO - [2022-02-05 19:23:11,243] {dag.py:2935} INFO - Setting next_dagrun for example_task_group_decorator to 2022-02-04T19:23:11.243506+00:00
[2022-02-05 19:23:11,260] {processor.py:171} INFO - Processing /home/airflow/.local/lib/python3.7/site-packages/airflow/example_dags/example_task_group_decorator.py took 0.638 seconds
[2022-02-05 19:23:41,703] {processor.py:163} INFO - Started process (PID=353) to work on /home/airflow/.local/lib/python3.7/site-packages/airflow/example_dags/example_task_group_decorator.py
[2022-02-05 19:23:41,705] {processor.py:642} INFO - Processing file /home/airflow/.local/lib/python3.7/site-packages/airflow/example_dags/example_task_group_decorator.py for tasks to queue
[2022-02-05 19:23:41,706] {logging_mixin.py:109} INFO - [2022-02-05 19:23:41,706] {dagbag.py:500} INFO - Filling up the DagBag from /home/airflow/.local/lib/python3.7/site-packages/airflow/example_dags/example_task_group_decorator.py
[2022-02-05 19:23:41,811] {processor.py:654} INFO - DAG(s) dict_keys(['example_task_group_decorator']) retrieved from /home/airflow/.local/lib/python3.7/site-packages/airflow/example_dags/example_task_group_decorator.py
[2022-02-05 19:23:42,381] {logging_mixin.py:109} INFO - [2022-02-05 19:23:42,381] {dag.py:2396} INFO - Sync 1 DAGs
[2022-02-05 19:23:42,404] {logging_mixin.py:109} INFO - [2022-02-05 19:23:42,404] {dag.py:2935} INFO - Setting next_dagrun for example_task_group_decorator to 2022-02-04T19:23:42.403795+00:00
[2022-02-05 19:23:42,420] {processor.py:171} INFO - Processing /home/airflow/.local/lib/python3.7/site-packages/airflow/example_dags/example_task_group_decorator.py took 0.724 seconds
[2022-02-05 19:24:13,025] {processor.py:163} INFO - Started process (PID=416) to work on /home/airflow/.local/lib/python3.7/site-packages/airflow/example_dags/example_task_group_decorator.py
[2022-02-05 19:24:13,027] {processor.py:642} INFO - Processing file /home/airflow/.local/lib/python3.7/site-packages/airflow/example_dags/example_task_group_decorator.py for tasks to queue
[2022-02-05 19:24:13,028] {logging_mixin.py:109} INFO - [2022-02-05 19:24:13,028] {dagbag.py:500} INFO - Filling up the DagBag from /home/airflow/.local/lib/python3.7/site-packages/airflow/example_dags/example_task_group_decorator.py
[2022-02-05 19:24:13,061] {processor.py:654} INFO - DAG(s) dict_keys(['example_task_group_decorator']) retrieved from /home/airflow/.local/lib/python3.7/site-packages/airflow/example_dags/example_task_group_decorator.py
[2022-02-05 19:24:13,328] {logging_mixin.py:109} INFO - [2022-02-05 19:24:13,328] {dag.py:2396} INFO - Sync 1 DAGs
[2022-02-05 19:24:13,340] {logging_mixin.py:109} INFO - [2022-02-05 19:24:13,340] {dag.py:2935} INFO - Setting next_dagrun for example_task_group_decorator to 2022-02-04T19:24:13.339830+00:00
[2022-02-05 19:24:13,352] {processor.py:171} INFO - Processing /home/airflow/.local/lib/python3.7/site-packages/airflow/example_dags/example_task_group_decorator.py took 0.330 seconds
[2022-02-05 19:24:43,488] {processor.py:163} INFO - Started process (PID=469) to work on /home/airflow/.local/lib/python3.7/site-packages/airflow/example_dags/example_task_group_decorator.py
[2022-02-05 19:24:43,489] {processor.py:642} INFO - Processing file /home/airflow/.local/lib/python3.7/site-packages/airflow/example_dags/example_task_group_decorator.py for tasks to queue
[2022-02-05 19:24:43,490] {logging_mixin.py:109} INFO - [2022-02-05 19:24:43,490] {dagbag.py:500} INFO - Filling up the DagBag from /home/airflow/.local/lib/python3.7/site-packages/airflow/example_dags/example_task_group_decorator.py
[2022-02-05 19:24:43,564] {processor.py:654} INFO - DAG(s) dict_keys(['example_task_group_decorator']) retrieved from /home/airflow/.local/lib/python3.7/site-packages/airflow/example_dags/example_task_group_decorator.py
[2022-02-05 19:24:44,029] {logging_mixin.py:109} INFO - [2022-02-05 19:24:44,029] {dag.py:2396} INFO - Sync 1 DAGs
[2022-02-05 19:24:44,054] {logging_mixin.py:109} INFO - [2022-02-05 19:24:44,054] {dag.py:2935} INFO - Setting next_dagrun for example_task_group_decorator to 2022-02-04T19:24:44.053802+00:00
[2022-02-05 19:24:44,089] {processor.py:171} INFO - Processing /home/airflow/.local/lib/python3.7/site-packages/airflow/example_dags/example_task_group_decorator.py took 0.608 seconds
[2022-02-05 19:25:14,735] {processor.py:163} INFO - Started process (PID=530) to work on /home/airflow/.local/lib/python3.7/site-packages/airflow/example_dags/example_task_group_decorator.py
[2022-02-05 19:25:14,738] {processor.py:642} INFO - Processing file /home/airflow/.local/lib/python3.7/site-packages/airflow/example_dags/example_task_group_decorator.py for tasks to queue
[2022-02-05 19:25:14,738] {logging_mixin.py:109} INFO - [2022-02-05 19:25:14,738] {dagbag.py:500} INFO - Filling up the DagBag from /home/airflow/.local/lib/python3.7/site-packages/airflow/example_dags/example_task_group_decorator.py
[2022-02-05 19:25:14,780] {processor.py:654} INFO - DAG(s) dict_keys(['example_task_group_decorator']) retrieved from /home/airflow/.local/lib/python3.7/site-packages/airflow/example_dags/example_task_group_decorator.py
[2022-02-05 19:25:15,057] {logging_mixin.py:109} INFO - [2022-02-05 19:25:15,057] {dag.py:2396} INFO - Sync 1 DAGs
[2022-02-05 19:25:15,073] {logging_mixin.py:109} INFO - [2022-02-05 19:25:15,073] {dag.py:2935} INFO - Setting next_dagrun for example_task_group_decorator to 2022-02-04T19:25:15.072883+00:00
[2022-02-05 19:25:15,088] {processor.py:171} INFO - Processing /home/airflow/.local/lib/python3.7/site-packages/airflow/example_dags/example_task_group_decorator.py took 0.356 seconds
[2022-02-05 19:25:45,122] {processor.py:163} INFO - Started process (PID=584) to work on /home/airflow/.local/lib/python3.7/site-packages/airflow/example_dags/example_task_group_decorator.py
[2022-02-05 19:25:45,129] {processor.py:642} INFO - Processing file /home/airflow/.local/lib/python3.7/site-packages/airflow/example_dags/example_task_group_decorator.py for tasks to queue
[2022-02-05 19:25:45,130] {logging_mixin.py:109} INFO - [2022-02-05 19:25:45,130] {dagbag.py:500} INFO - Filling up the DagBag from /home/airflow/.local/lib/python3.7/site-packages/airflow/example_dags/example_task_group_decorator.py
[2022-02-05 19:25:45,183] {processor.py:654} INFO - DAG(s) dict_keys(['example_task_group_decorator']) retrieved from /home/airflow/.local/lib/python3.7/site-packages/airflow/example_dags/example_task_group_decorator.py
[2022-02-05 19:25:45,554] {logging_mixin.py:109} INFO - [2022-02-05 19:25:45,554] {dag.py:2396} INFO - Sync 1 DAGs
[2022-02-05 19:25:45,571] {logging_mixin.py:109} INFO - [2022-02-05 19:25:45,571] {dag.py:2935} INFO - Setting next_dagrun for example_task_group_decorator to 2022-02-04T19:25:45.570838+00:00
[2022-02-05 19:25:45,584] {processor.py:171} INFO - Processing /home/airflow/.local/lib/python3.7/site-packages/airflow/example_dags/example_task_group_decorator.py took 0.465 seconds
[2022-02-05 19:26:16,284] {processor.py:163} INFO - Started process (PID=646) to work on /home/airflow/.local/lib/python3.7/site-packages/airflow/example_dags/example_task_group_decorator.py
[2022-02-05 19:26:16,290] {processor.py:642} INFO - Processing file /home/airflow/.local/lib/python3.7/site-packages/airflow/example_dags/example_task_group_decorator.py for tasks to queue
[2022-02-05 19:26:16,291] {logging_mixin.py:109} INFO - [2022-02-05 19:26:16,291] {dagbag.py:500} INFO - Filling up the DagBag from /home/airflow/.local/lib/python3.7/site-packages/airflow/example_dags/example_task_group_decorator.py
[2022-02-05 19:26:16,341] {processor.py:654} INFO - DAG(s) dict_keys(['example_task_group_decorator']) retrieved from /home/airflow/.local/lib/python3.7/site-packages/airflow/example_dags/example_task_group_decorator.py
[2022-02-05 19:26:16,705] {logging_mixin.py:109} INFO - [2022-02-05 19:26:16,705] {dag.py:2396} INFO - Sync 1 DAGs
[2022-02-05 19:26:16,721] {logging_mixin.py:109} INFO - [2022-02-05 19:26:16,721] {dag.py:2935} INFO - Setting next_dagrun for example_task_group_decorator to 2022-02-04T19:26:16.720771+00:00
[2022-02-05 19:26:16,735] {processor.py:171} INFO - Processing /home/airflow/.local/lib/python3.7/site-packages/airflow/example_dags/example_task_group_decorator.py took 0.455 seconds
[2022-02-05 19:26:46,887] {processor.py:163} INFO - Started process (PID=701) to work on /home/airflow/.local/lib/python3.7/site-packages/airflow/example_dags/example_task_group_decorator.py
[2022-02-05 19:26:46,888] {processor.py:642} INFO - Processing file /home/airflow/.local/lib/python3.7/site-packages/airflow/example_dags/example_task_group_decorator.py for tasks to queue
[2022-02-05 19:26:46,888] {logging_mixin.py:109} INFO - [2022-02-05 19:26:46,888] {dagbag.py:500} INFO - Filling up the DagBag from /home/airflow/.local/lib/python3.7/site-packages/airflow/example_dags/example_task_group_decorator.py
[2022-02-05 19:26:46,921] {processor.py:654} INFO - DAG(s) dict_keys(['example_task_group_decorator']) retrieved from /home/airflow/.local/lib/python3.7/site-packages/airflow/example_dags/example_task_group_decorator.py
[2022-02-05 19:26:47,155] {logging_mixin.py:109} INFO - [2022-02-05 19:26:47,154] {dag.py:2396} INFO - Sync 1 DAGs
[2022-02-05 19:26:47,166] {logging_mixin.py:109} INFO - [2022-02-05 19:26:47,166] {dag.py:2935} INFO - Setting next_dagrun for example_task_group_decorator to 2022-02-04T19:26:47.166265+00:00
[2022-02-05 19:26:47,177] {processor.py:171} INFO - Processing /home/airflow/.local/lib/python3.7/site-packages/airflow/example_dags/example_task_group_decorator.py took 0.293 seconds
[2022-02-05 19:27:17,700] {processor.py:163} INFO - Started process (PID=763) to work on /home/airflow/.local/lib/python3.7/site-packages/airflow/example_dags/example_task_group_decorator.py
[2022-02-05 19:27:17,703] {processor.py:642} INFO - Processing file /home/airflow/.local/lib/python3.7/site-packages/airflow/example_dags/example_task_group_decorator.py for tasks to queue
[2022-02-05 19:27:17,704] {logging_mixin.py:109} INFO - [2022-02-05 19:27:17,704] {dagbag.py:500} INFO - Filling up the DagBag from /home/airflow/.local/lib/python3.7/site-packages/airflow/example_dags/example_task_group_decorator.py
[2022-02-05 19:27:17,901] {processor.py:654} INFO - DAG(s) dict_keys(['example_task_group_decorator']) retrieved from /home/airflow/.local/lib/python3.7/site-packages/airflow/example_dags/example_task_group_decorator.py
[2022-02-05 19:27:18,444] {logging_mixin.py:109} INFO - [2022-02-05 19:27:18,444] {dag.py:2396} INFO - Sync 1 DAGs
[2022-02-05 19:27:18,466] {logging_mixin.py:109} INFO - [2022-02-05 19:27:18,466] {dag.py:2935} INFO - Setting next_dagrun for example_task_group_decorator to 2022-02-04T19:27:18.465902+00:00
[2022-02-05 19:27:18,490] {processor.py:171} INFO - Processing /home/airflow/.local/lib/python3.7/site-packages/airflow/example_dags/example_task_group_decorator.py took 0.812 seconds
[2022-02-05 19:27:48,516] {processor.py:163} INFO - Started process (PID=814) to work on /home/airflow/.local/lib/python3.7/site-packages/airflow/example_dags/example_task_group_decorator.py
[2022-02-05 19:27:48,517] {processor.py:642} INFO - Processing file /home/airflow/.local/lib/python3.7/site-packages/airflow/example_dags/example_task_group_decorator.py for tasks to queue
[2022-02-05 19:27:48,518] {logging_mixin.py:109} INFO - [2022-02-05 19:27:48,518] {dagbag.py:500} INFO - Filling up the DagBag from /home/airflow/.local/lib/python3.7/site-packages/airflow/example_dags/example_task_group_decorator.py
[2022-02-05 19:27:48,562] {processor.py:654} INFO - DAG(s) dict_keys(['example_task_group_decorator']) retrieved from /home/airflow/.local/lib/python3.7/site-packages/airflow/example_dags/example_task_group_decorator.py
[2022-02-05 19:27:48,893] {logging_mixin.py:109} INFO - [2022-02-05 19:27:48,893] {dag.py:2396} INFO - Sync 1 DAGs
[2022-02-05 19:27:48,908] {logging_mixin.py:109} INFO - [2022-02-05 19:27:48,908] {dag.py:2935} INFO - Setting next_dagrun for example_task_group_decorator to 2022-02-04T19:27:48.908253+00:00
[2022-02-05 19:27:48,922] {processor.py:171} INFO - Processing /home/airflow/.local/lib/python3.7/site-packages/airflow/example_dags/example_task_group_decorator.py took 0.410 seconds
[2022-02-05 19:28:19,287] {processor.py:163} INFO - Started process (PID=876) to work on /home/airflow/.local/lib/python3.7/site-packages/airflow/example_dags/example_task_group_decorator.py
[2022-02-05 19:28:19,289] {processor.py:642} INFO - Processing file /home/airflow/.local/lib/python3.7/site-packages/airflow/example_dags/example_task_group_decorator.py for tasks to queue
[2022-02-05 19:28:19,290] {logging_mixin.py:109} INFO - [2022-02-05 19:28:19,290] {dagbag.py:500} INFO - Filling up the DagBag from /home/airflow/.local/lib/python3.7/site-packages/airflow/example_dags/example_task_group_decorator.py
[2022-02-05 19:28:19,344] {processor.py:654} INFO - DAG(s) dict_keys(['example_task_group_decorator']) retrieved from /home/airflow/.local/lib/python3.7/site-packages/airflow/example_dags/example_task_group_decorator.py
[2022-02-05 19:28:19,682] {logging_mixin.py:109} INFO - [2022-02-05 19:28:19,682] {dag.py:2396} INFO - Sync 1 DAGs
[2022-02-05 19:28:19,698] {logging_mixin.py:109} INFO - [2022-02-05 19:28:19,698] {dag.py:2935} INFO - Setting next_dagrun for example_task_group_decorator to 2022-02-04T19:28:19.698381+00:00
[2022-02-05 19:28:19,712] {processor.py:171} INFO - Processing /home/airflow/.local/lib/python3.7/site-packages/airflow/example_dags/example_task_group_decorator.py took 0.429 seconds
[2022-02-05 19:28:50,078] {processor.py:163} INFO - Started process (PID=932) to work on /home/airflow/.local/lib/python3.7/site-packages/airflow/example_dags/example_task_group_decorator.py
[2022-02-05 19:28:50,080] {processor.py:642} INFO - Processing file /home/airflow/.local/lib/python3.7/site-packages/airflow/example_dags/example_task_group_decorator.py for tasks to queue
[2022-02-05 19:28:50,081] {logging_mixin.py:109} INFO - [2022-02-05 19:28:50,081] {dagbag.py:500} INFO - Filling up the DagBag from /home/airflow/.local/lib/python3.7/site-packages/airflow/example_dags/example_task_group_decorator.py
[2022-02-05 19:28:50,132] {processor.py:654} INFO - DAG(s) dict_keys(['example_task_group_decorator']) retrieved from /home/airflow/.local/lib/python3.7/site-packages/airflow/example_dags/example_task_group_decorator.py
[2022-02-05 19:28:50,491] {logging_mixin.py:109} INFO - [2022-02-05 19:28:50,491] {dag.py:2396} INFO - Sync 1 DAGs
[2022-02-05 19:28:50,507] {logging_mixin.py:109} INFO - [2022-02-05 19:28:50,507] {dag.py:2935} INFO - Setting next_dagrun for example_task_group_decorator to 2022-02-04T19:28:50.506983+00:00
[2022-02-05 19:28:50,521] {processor.py:171} INFO - Processing /home/airflow/.local/lib/python3.7/site-packages/airflow/example_dags/example_task_group_decorator.py took 0.449 seconds
[2022-02-05 19:29:20,769] {processor.py:163} INFO - Started process (PID=995) to work on /home/airflow/.local/lib/python3.7/site-packages/airflow/example_dags/example_task_group_decorator.py
[2022-02-05 19:29:20,771] {processor.py:642} INFO - Processing file /home/airflow/.local/lib/python3.7/site-packages/airflow/example_dags/example_task_group_decorator.py for tasks to queue
[2022-02-05 19:29:20,772] {logging_mixin.py:109} INFO - [2022-02-05 19:29:20,772] {dagbag.py:500} INFO - Filling up the DagBag from /home/airflow/.local/lib/python3.7/site-packages/airflow/example_dags/example_task_group_decorator.py
[2022-02-05 19:29:20,824] {processor.py:654} INFO - DAG(s) dict_keys(['example_task_group_decorator']) retrieved from /home/airflow/.local/lib/python3.7/site-packages/airflow/example_dags/example_task_group_decorator.py
[2022-02-05 19:29:21,166] {logging_mixin.py:109} INFO - [2022-02-05 19:29:21,166] {dag.py:2396} INFO - Sync 1 DAGs
[2022-02-05 19:29:21,184] {logging_mixin.py:109} INFO - [2022-02-05 19:29:21,184] {dag.py:2935} INFO - Setting next_dagrun for example_task_group_decorator to 2022-02-04T19:29:21.183842+00:00
[2022-02-05 19:29:21,199] {processor.py:171} INFO - Processing /home/airflow/.local/lib/python3.7/site-packages/airflow/example_dags/example_task_group_decorator.py took 0.435 seconds
[2022-02-05 19:29:52,117] {processor.py:163} INFO - Started process (PID=1048) to work on /home/airflow/.local/lib/python3.7/site-packages/airflow/example_dags/example_task_group_decorator.py
[2022-02-05 19:29:52,119] {processor.py:642} INFO - Processing file /home/airflow/.local/lib/python3.7/site-packages/airflow/example_dags/example_task_group_decorator.py for tasks to queue
[2022-02-05 19:29:52,120] {logging_mixin.py:109} INFO - [2022-02-05 19:29:52,120] {dagbag.py:500} INFO - Filling up the DagBag from /home/airflow/.local/lib/python3.7/site-packages/airflow/example_dags/example_task_group_decorator.py
[2022-02-05 19:29:52,186] {processor.py:654} INFO - DAG(s) dict_keys(['example_task_group_decorator']) retrieved from /home/airflow/.local/lib/python3.7/site-packages/airflow/example_dags/example_task_group_decorator.py
[2022-02-05 19:29:52,686] {logging_mixin.py:109} INFO - [2022-02-05 19:29:52,685] {dag.py:2396} INFO - Sync 1 DAGs
[2022-02-05 19:29:52,715] {logging_mixin.py:109} INFO - [2022-02-05 19:29:52,714] {dag.py:2935} INFO - Setting next_dagrun for example_task_group_decorator to 2022-02-04T19:29:52.714584+00:00
[2022-02-05 19:29:52,731] {processor.py:171} INFO - Processing /home/airflow/.local/lib/python3.7/site-packages/airflow/example_dags/example_task_group_decorator.py took 0.619 seconds
[2022-02-05 19:30:23,576] {processor.py:163} INFO - Started process (PID=1110) to work on /home/airflow/.local/lib/python3.7/site-packages/airflow/example_dags/example_task_group_decorator.py
[2022-02-05 19:30:23,577] {processor.py:642} INFO - Processing file /home/airflow/.local/lib/python3.7/site-packages/airflow/example_dags/example_task_group_decorator.py for tasks to queue
[2022-02-05 19:30:23,578] {logging_mixin.py:109} INFO - [2022-02-05 19:30:23,578] {dagbag.py:500} INFO - Filling up the DagBag from /home/airflow/.local/lib/python3.7/site-packages/airflow/example_dags/example_task_group_decorator.py
[2022-02-05 19:30:23,633] {processor.py:654} INFO - DAG(s) dict_keys(['example_task_group_decorator']) retrieved from /home/airflow/.local/lib/python3.7/site-packages/airflow/example_dags/example_task_group_decorator.py
[2022-02-05 19:30:23,921] {logging_mixin.py:109} INFO - [2022-02-05 19:30:23,921] {dag.py:2396} INFO - Sync 1 DAGs
[2022-02-05 19:30:23,937] {logging_mixin.py:109} INFO - [2022-02-05 19:30:23,937] {dag.py:2935} INFO - Setting next_dagrun for example_task_group_decorator to 2022-02-04T19:30:23.937376+00:00
[2022-02-05 19:30:23,951] {processor.py:171} INFO - Processing /home/airflow/.local/lib/python3.7/site-packages/airflow/example_dags/example_task_group_decorator.py took 0.378 seconds
[2022-02-05 19:30:54,949] {processor.py:163} INFO - Started process (PID=1163) to work on /home/airflow/.local/lib/python3.7/site-packages/airflow/example_dags/example_task_group_decorator.py
[2022-02-05 19:30:54,951] {processor.py:642} INFO - Processing file /home/airflow/.local/lib/python3.7/site-packages/airflow/example_dags/example_task_group_decorator.py for tasks to queue
[2022-02-05 19:30:54,952] {logging_mixin.py:109} INFO - [2022-02-05 19:30:54,952] {dagbag.py:500} INFO - Filling up the DagBag from /home/airflow/.local/lib/python3.7/site-packages/airflow/example_dags/example_task_group_decorator.py
[2022-02-05 19:30:55,018] {processor.py:654} INFO - DAG(s) dict_keys(['example_task_group_decorator']) retrieved from /home/airflow/.local/lib/python3.7/site-packages/airflow/example_dags/example_task_group_decorator.py
[2022-02-05 19:30:55,404] {logging_mixin.py:109} INFO - [2022-02-05 19:30:55,404] {dag.py:2396} INFO - Sync 1 DAGs
[2022-02-05 19:30:55,420] {logging_mixin.py:109} INFO - [2022-02-05 19:30:55,420] {dag.py:2935} INFO - Setting next_dagrun for example_task_group_decorator to 2022-02-04T19:30:55.420256+00:00
[2022-02-05 19:30:55,434] {processor.py:171} INFO - Processing /home/airflow/.local/lib/python3.7/site-packages/airflow/example_dags/example_task_group_decorator.py took 0.489 seconds
[2022-02-05 19:31:26,393] {processor.py:163} INFO - Started process (PID=1226) to work on /home/airflow/.local/lib/python3.7/site-packages/airflow/example_dags/example_task_group_decorator.py
[2022-02-05 19:31:26,397] {processor.py:642} INFO - Processing file /home/airflow/.local/lib/python3.7/site-packages/airflow/example_dags/example_task_group_decorator.py for tasks to queue
[2022-02-05 19:31:26,397] {logging_mixin.py:109} INFO - [2022-02-05 19:31:26,397] {dagbag.py:500} INFO - Filling up the DagBag from /home/airflow/.local/lib/python3.7/site-packages/airflow/example_dags/example_task_group_decorator.py
[2022-02-05 19:31:26,454] {processor.py:654} INFO - DAG(s) dict_keys(['example_task_group_decorator']) retrieved from /home/airflow/.local/lib/python3.7/site-packages/airflow/example_dags/example_task_group_decorator.py
[2022-02-05 19:31:26,843] {logging_mixin.py:109} INFO - [2022-02-05 19:31:26,843] {dag.py:2396} INFO - Sync 1 DAGs
[2022-02-05 19:31:26,865] {logging_mixin.py:109} INFO - [2022-02-05 19:31:26,865] {dag.py:2935} INFO - Setting next_dagrun for example_task_group_decorator to 2022-02-04T19:31:26.865348+00:00
[2022-02-05 19:31:26,883] {processor.py:171} INFO - Processing /home/airflow/.local/lib/python3.7/site-packages/airflow/example_dags/example_task_group_decorator.py took 0.493 seconds
[2022-02-05 19:31:57,355] {processor.py:163} INFO - Started process (PID=1279) to work on /home/airflow/.local/lib/python3.7/site-packages/airflow/example_dags/example_task_group_decorator.py
[2022-02-05 19:31:57,361] {processor.py:642} INFO - Processing file /home/airflow/.local/lib/python3.7/site-packages/airflow/example_dags/example_task_group_decorator.py for tasks to queue
[2022-02-05 19:31:57,361] {logging_mixin.py:109} INFO - [2022-02-05 19:31:57,361] {dagbag.py:500} INFO - Filling up the DagBag from /home/airflow/.local/lib/python3.7/site-packages/airflow/example_dags/example_task_group_decorator.py
[2022-02-05 19:31:57,394] {processor.py:654} INFO - DAG(s) dict_keys(['example_task_group_decorator']) retrieved from /home/airflow/.local/lib/python3.7/site-packages/airflow/example_dags/example_task_group_decorator.py
[2022-02-05 19:31:57,674] {logging_mixin.py:109} INFO - [2022-02-05 19:31:57,674] {dag.py:2396} INFO - Sync 1 DAGs
[2022-02-05 19:31:57,698] {logging_mixin.py:109} INFO - [2022-02-05 19:31:57,698] {dag.py:2935} INFO - Setting next_dagrun for example_task_group_decorator to 2022-02-04T19:31:57.698162+00:00
[2022-02-05 19:31:57,715] {processor.py:171} INFO - Processing /home/airflow/.local/lib/python3.7/site-packages/airflow/example_dags/example_task_group_decorator.py took 0.362 seconds
[2022-02-05 19:32:28,040] {processor.py:163} INFO - Started process (PID=1347) to work on /home/airflow/.local/lib/python3.7/site-packages/airflow/example_dags/example_task_group_decorator.py
[2022-02-05 19:32:28,042] {processor.py:642} INFO - Processing file /home/airflow/.local/lib/python3.7/site-packages/airflow/example_dags/example_task_group_decorator.py for tasks to queue
[2022-02-05 19:32:28,043] {logging_mixin.py:109} INFO - [2022-02-05 19:32:28,043] {dagbag.py:500} INFO - Filling up the DagBag from /home/airflow/.local/lib/python3.7/site-packages/airflow/example_dags/example_task_group_decorator.py
[2022-02-05 19:32:28,088] {processor.py:654} INFO - DAG(s) dict_keys(['example_task_group_decorator']) retrieved from /home/airflow/.local/lib/python3.7/site-packages/airflow/example_dags/example_task_group_decorator.py
[2022-02-05 19:32:28,445] {logging_mixin.py:109} INFO - [2022-02-05 19:32:28,444] {dag.py:2396} INFO - Sync 1 DAGs
[2022-02-05 19:32:28,459] {logging_mixin.py:109} INFO - [2022-02-05 19:32:28,459] {dag.py:2935} INFO - Setting next_dagrun for example_task_group_decorator to 2022-02-04T19:32:28.459623+00:00
[2022-02-05 19:32:28,488] {processor.py:171} INFO - Processing /home/airflow/.local/lib/python3.7/site-packages/airflow/example_dags/example_task_group_decorator.py took 0.453 seconds
[2022-02-05 19:32:59,433] {processor.py:163} INFO - Started process (PID=1398) to work on /home/airflow/.local/lib/python3.7/site-packages/airflow/example_dags/example_task_group_decorator.py
[2022-02-05 19:32:59,434] {processor.py:642} INFO - Processing file /home/airflow/.local/lib/python3.7/site-packages/airflow/example_dags/example_task_group_decorator.py for tasks to queue
[2022-02-05 19:32:59,434] {logging_mixin.py:109} INFO - [2022-02-05 19:32:59,434] {dagbag.py:500} INFO - Filling up the DagBag from /home/airflow/.local/lib/python3.7/site-packages/airflow/example_dags/example_task_group_decorator.py
[2022-02-05 19:32:59,468] {processor.py:654} INFO - DAG(s) dict_keys(['example_task_group_decorator']) retrieved from /home/airflow/.local/lib/python3.7/site-packages/airflow/example_dags/example_task_group_decorator.py
[2022-02-05 19:32:59,702] {logging_mixin.py:109} INFO - [2022-02-05 19:32:59,701] {dag.py:2396} INFO - Sync 1 DAGs
[2022-02-05 19:32:59,711] {logging_mixin.py:109} INFO - [2022-02-05 19:32:59,711] {dag.py:2935} INFO - Setting next_dagrun for example_task_group_decorator to 2022-02-04T19:32:59.711702+00:00
[2022-02-05 19:32:59,724] {processor.py:171} INFO - Processing /home/airflow/.local/lib/python3.7/site-packages/airflow/example_dags/example_task_group_decorator.py took 0.294 seconds
[2022-02-05 19:33:29,831] {processor.py:163} INFO - Started process (PID=1463) to work on /home/airflow/.local/lib/python3.7/site-packages/airflow/example_dags/example_task_group_decorator.py
[2022-02-05 19:33:29,834] {processor.py:642} INFO - Processing file /home/airflow/.local/lib/python3.7/site-packages/airflow/example_dags/example_task_group_decorator.py for tasks to queue
[2022-02-05 19:33:29,834] {logging_mixin.py:109} INFO - [2022-02-05 19:33:29,834] {dagbag.py:500} INFO - Filling up the DagBag from /home/airflow/.local/lib/python3.7/site-packages/airflow/example_dags/example_task_group_decorator.py
[2022-02-05 19:33:29,869] {processor.py:654} INFO - DAG(s) dict_keys(['example_task_group_decorator']) retrieved from /home/airflow/.local/lib/python3.7/site-packages/airflow/example_dags/example_task_group_decorator.py
[2022-02-05 19:33:30,092] {logging_mixin.py:109} INFO - [2022-02-05 19:33:30,092] {dag.py:2396} INFO - Sync 1 DAGs
[2022-02-05 19:33:30,103] {logging_mixin.py:109} INFO - [2022-02-05 19:33:30,103] {dag.py:2935} INFO - Setting next_dagrun for example_task_group_decorator to 2022-02-04T19:33:30.103415+00:00
[2022-02-05 19:33:30,114] {processor.py:171} INFO - Processing /home/airflow/.local/lib/python3.7/site-packages/airflow/example_dags/example_task_group_decorator.py took 0.286 seconds
[2022-02-05 19:34:01,007] {processor.py:163} INFO - Started process (PID=1515) to work on /home/airflow/.local/lib/python3.7/site-packages/airflow/example_dags/example_task_group_decorator.py
[2022-02-05 19:34:01,007] {processor.py:642} INFO - Processing file /home/airflow/.local/lib/python3.7/site-packages/airflow/example_dags/example_task_group_decorator.py for tasks to queue
[2022-02-05 19:34:01,008] {logging_mixin.py:109} INFO - [2022-02-05 19:34:01,008] {dagbag.py:500} INFO - Filling up the DagBag from /home/airflow/.local/lib/python3.7/site-packages/airflow/example_dags/example_task_group_decorator.py
[2022-02-05 19:34:01,041] {processor.py:654} INFO - DAG(s) dict_keys(['example_task_group_decorator']) retrieved from /home/airflow/.local/lib/python3.7/site-packages/airflow/example_dags/example_task_group_decorator.py
[2022-02-05 19:34:01,274] {logging_mixin.py:109} INFO - [2022-02-05 19:34:01,273] {dag.py:2396} INFO - Sync 1 DAGs
[2022-02-05 19:34:01,284] {logging_mixin.py:109} INFO - [2022-02-05 19:34:01,284] {dag.py:2935} INFO - Setting next_dagrun for example_task_group_decorator to 2022-02-04T19:34:01.284477+00:00
[2022-02-05 19:34:01,296] {processor.py:171} INFO - Processing /home/airflow/.local/lib/python3.7/site-packages/airflow/example_dags/example_task_group_decorator.py took 0.292 seconds
[2022-02-05 19:34:32,097] {processor.py:163} INFO - Started process (PID=1576) to work on /home/airflow/.local/lib/python3.7/site-packages/airflow/example_dags/example_task_group_decorator.py
[2022-02-05 19:34:32,099] {processor.py:642} INFO - Processing file /home/airflow/.local/lib/python3.7/site-packages/airflow/example_dags/example_task_group_decorator.py for tasks to queue
[2022-02-05 19:34:32,100] {logging_mixin.py:109} INFO - [2022-02-05 19:34:32,100] {dagbag.py:500} INFO - Filling up the DagBag from /home/airflow/.local/lib/python3.7/site-packages/airflow/example_dags/example_task_group_decorator.py
[2022-02-05 19:34:32,132] {processor.py:654} INFO - DAG(s) dict_keys(['example_task_group_decorator']) retrieved from /home/airflow/.local/lib/python3.7/site-packages/airflow/example_dags/example_task_group_decorator.py
[2022-02-05 19:34:32,348] {logging_mixin.py:109} INFO - [2022-02-05 19:34:32,348] {dag.py:2396} INFO - Sync 1 DAGs
[2022-02-05 19:34:32,358] {logging_mixin.py:109} INFO - [2022-02-05 19:34:32,358] {dag.py:2935} INFO - Setting next_dagrun for example_task_group_decorator to 2022-02-04T19:34:32.358153+00:00
[2022-02-05 19:34:32,369] {processor.py:171} INFO - Processing /home/airflow/.local/lib/python3.7/site-packages/airflow/example_dags/example_task_group_decorator.py took 0.275 seconds
[2022-02-05 19:35:03,051] {processor.py:163} INFO - Started process (PID=1638) to work on /home/airflow/.local/lib/python3.7/site-packages/airflow/example_dags/example_task_group_decorator.py
[2022-02-05 19:35:03,052] {processor.py:642} INFO - Processing file /home/airflow/.local/lib/python3.7/site-packages/airflow/example_dags/example_task_group_decorator.py for tasks to queue
[2022-02-05 19:35:03,053] {logging_mixin.py:109} INFO - [2022-02-05 19:35:03,052] {dagbag.py:500} INFO - Filling up the DagBag from /home/airflow/.local/lib/python3.7/site-packages/airflow/example_dags/example_task_group_decorator.py
[2022-02-05 19:35:03,095] {processor.py:654} INFO - DAG(s) dict_keys(['example_task_group_decorator']) retrieved from /home/airflow/.local/lib/python3.7/site-packages/airflow/example_dags/example_task_group_decorator.py
[2022-02-05 19:35:03,435] {logging_mixin.py:109} INFO - [2022-02-05 19:35:03,435] {dag.py:2396} INFO - Sync 1 DAGs
[2022-02-05 19:35:03,459] {logging_mixin.py:109} INFO - [2022-02-05 19:35:03,459] {dag.py:2935} INFO - Setting next_dagrun for example_task_group_decorator to 2022-02-04T19:35:03.458980+00:00
[2022-02-05 19:35:03,477] {processor.py:171} INFO - Processing /home/airflow/.local/lib/python3.7/site-packages/airflow/example_dags/example_task_group_decorator.py took 0.430 seconds
[2022-02-05 19:35:34,266] {processor.py:163} INFO - Started process (PID=1689) to work on /home/airflow/.local/lib/python3.7/site-packages/airflow/example_dags/example_task_group_decorator.py
[2022-02-05 19:35:34,271] {processor.py:642} INFO - Processing file /home/airflow/.local/lib/python3.7/site-packages/airflow/example_dags/example_task_group_decorator.py for tasks to queue
[2022-02-05 19:35:34,272] {logging_mixin.py:109} INFO - [2022-02-05 19:35:34,272] {dagbag.py:500} INFO - Filling up the DagBag from /home/airflow/.local/lib/python3.7/site-packages/airflow/example_dags/example_task_group_decorator.py
[2022-02-05 19:35:34,311] {processor.py:654} INFO - DAG(s) dict_keys(['example_task_group_decorator']) retrieved from /home/airflow/.local/lib/python3.7/site-packages/airflow/example_dags/example_task_group_decorator.py
[2022-02-05 19:35:34,567] {logging_mixin.py:109} INFO - [2022-02-05 19:35:34,567] {dag.py:2396} INFO - Sync 1 DAGs
[2022-02-05 19:35:34,580] {logging_mixin.py:109} INFO - [2022-02-05 19:35:34,579] {dag.py:2935} INFO - Setting next_dagrun for example_task_group_decorator to 2022-02-04T19:35:34.579744+00:00
[2022-02-05 19:35:34,593] {processor.py:171} INFO - Processing /home/airflow/.local/lib/python3.7/site-packages/airflow/example_dags/example_task_group_decorator.py took 0.330 seconds
[2022-02-05 19:36:05,348] {processor.py:163} INFO - Started process (PID=1752) to work on /home/airflow/.local/lib/python3.7/site-packages/airflow/example_dags/example_task_group_decorator.py
[2022-02-05 19:36:05,350] {processor.py:642} INFO - Processing file /home/airflow/.local/lib/python3.7/site-packages/airflow/example_dags/example_task_group_decorator.py for tasks to queue
[2022-02-05 19:36:05,350] {logging_mixin.py:109} INFO - [2022-02-05 19:36:05,350] {dagbag.py:500} INFO - Filling up the DagBag from /home/airflow/.local/lib/python3.7/site-packages/airflow/example_dags/example_task_group_decorator.py
[2022-02-05 19:36:05,393] {processor.py:654} INFO - DAG(s) dict_keys(['example_task_group_decorator']) retrieved from /home/airflow/.local/lib/python3.7/site-packages/airflow/example_dags/example_task_group_decorator.py
[2022-02-05 19:36:05,701] {logging_mixin.py:109} INFO - [2022-02-05 19:36:05,701] {dag.py:2396} INFO - Sync 1 DAGs
[2022-02-05 19:36:05,718] {logging_mixin.py:109} INFO - [2022-02-05 19:36:05,718] {dag.py:2935} INFO - Setting next_dagrun for example_task_group_decorator to 2022-02-04T19:36:05.718592+00:00
[2022-02-05 19:36:05,732] {processor.py:171} INFO - Processing /home/airflow/.local/lib/python3.7/site-packages/airflow/example_dags/example_task_group_decorator.py took 0.388 seconds
[2022-02-05 19:36:35,761] {processor.py:163} INFO - Started process (PID=1804) to work on /home/airflow/.local/lib/python3.7/site-packages/airflow/example_dags/example_task_group_decorator.py
[2022-02-05 19:36:35,766] {processor.py:642} INFO - Processing file /home/airflow/.local/lib/python3.7/site-packages/airflow/example_dags/example_task_group_decorator.py for tasks to queue
[2022-02-05 19:36:35,767] {logging_mixin.py:109} INFO - [2022-02-05 19:36:35,767] {dagbag.py:500} INFO - Filling up the DagBag from /home/airflow/.local/lib/python3.7/site-packages/airflow/example_dags/example_task_group_decorator.py
[2022-02-05 19:36:35,799] {processor.py:654} INFO - DAG(s) dict_keys(['example_task_group_decorator']) retrieved from /home/airflow/.local/lib/python3.7/site-packages/airflow/example_dags/example_task_group_decorator.py
[2022-02-05 19:36:36,026] {logging_mixin.py:109} INFO - [2022-02-05 19:36:36,026] {dag.py:2396} INFO - Sync 1 DAGs
[2022-02-05 19:36:36,038] {logging_mixin.py:109} INFO - [2022-02-05 19:36:36,038] {dag.py:2935} INFO - Setting next_dagrun for example_task_group_decorator to 2022-02-04T19:36:36.038102+00:00
[2022-02-05 19:36:36,049] {processor.py:171} INFO - Processing /home/airflow/.local/lib/python3.7/site-packages/airflow/example_dags/example_task_group_decorator.py took 0.290 seconds
[2022-02-05 19:37:06,150] {processor.py:163} INFO - Started process (PID=1868) to work on /home/airflow/.local/lib/python3.7/site-packages/airflow/example_dags/example_task_group_decorator.py
[2022-02-05 19:37:06,151] {processor.py:642} INFO - Processing file /home/airflow/.local/lib/python3.7/site-packages/airflow/example_dags/example_task_group_decorator.py for tasks to queue
[2022-02-05 19:37:06,152] {logging_mixin.py:109} INFO - [2022-02-05 19:37:06,151] {dagbag.py:500} INFO - Filling up the DagBag from /home/airflow/.local/lib/python3.7/site-packages/airflow/example_dags/example_task_group_decorator.py
[2022-02-05 19:37:06,185] {processor.py:654} INFO - DAG(s) dict_keys(['example_task_group_decorator']) retrieved from /home/airflow/.local/lib/python3.7/site-packages/airflow/example_dags/example_task_group_decorator.py
[2022-02-05 19:37:06,407] {logging_mixin.py:109} INFO - [2022-02-05 19:37:06,407] {dag.py:2396} INFO - Sync 1 DAGs
[2022-02-05 19:37:06,417] {logging_mixin.py:109} INFO - [2022-02-05 19:37:06,417] {dag.py:2935} INFO - Setting next_dagrun for example_task_group_decorator to 2022-02-04T19:37:06.416883+00:00
[2022-02-05 19:37:06,425] {processor.py:171} INFO - Processing /home/airflow/.local/lib/python3.7/site-packages/airflow/example_dags/example_task_group_decorator.py took 0.279 seconds
[2022-02-05 19:37:36,702] {processor.py:163} INFO - Started process (PID=1921) to work on /home/airflow/.local/lib/python3.7/site-packages/airflow/example_dags/example_task_group_decorator.py
[2022-02-05 19:37:36,704] {processor.py:642} INFO - Processing file /home/airflow/.local/lib/python3.7/site-packages/airflow/example_dags/example_task_group_decorator.py for tasks to queue
[2022-02-05 19:37:36,704] {logging_mixin.py:109} INFO - [2022-02-05 19:37:36,704] {dagbag.py:500} INFO - Filling up the DagBag from /home/airflow/.local/lib/python3.7/site-packages/airflow/example_dags/example_task_group_decorator.py
[2022-02-05 19:37:36,751] {processor.py:654} INFO - DAG(s) dict_keys(['example_task_group_decorator']) retrieved from /home/airflow/.local/lib/python3.7/site-packages/airflow/example_dags/example_task_group_decorator.py
[2022-02-05 19:37:37,038] {logging_mixin.py:109} INFO - [2022-02-05 19:37:37,037] {dag.py:2396} INFO - Sync 1 DAGs
[2022-02-05 19:37:37,056] {logging_mixin.py:109} INFO - [2022-02-05 19:37:37,055] {dag.py:2935} INFO - Setting next_dagrun for example_task_group_decorator to 2022-02-04T19:37:37.055564+00:00
[2022-02-05 19:37:37,072] {processor.py:171} INFO - Processing /home/airflow/.local/lib/python3.7/site-packages/airflow/example_dags/example_task_group_decorator.py took 0.374 seconds
[2022-02-05 19:38:07,152] {processor.py:163} INFO - Started process (PID=1984) to work on /home/airflow/.local/lib/python3.7/site-packages/airflow/example_dags/example_task_group_decorator.py
[2022-02-05 19:38:07,154] {processor.py:642} INFO - Processing file /home/airflow/.local/lib/python3.7/site-packages/airflow/example_dags/example_task_group_decorator.py for tasks to queue
[2022-02-05 19:38:07,154] {logging_mixin.py:109} INFO - [2022-02-05 19:38:07,154] {dagbag.py:500} INFO - Filling up the DagBag from /home/airflow/.local/lib/python3.7/site-packages/airflow/example_dags/example_task_group_decorator.py
[2022-02-05 19:38:07,188] {processor.py:654} INFO - DAG(s) dict_keys(['example_task_group_decorator']) retrieved from /home/airflow/.local/lib/python3.7/site-packages/airflow/example_dags/example_task_group_decorator.py
[2022-02-05 19:38:07,405] {logging_mixin.py:109} INFO - [2022-02-05 19:38:07,405] {dag.py:2396} INFO - Sync 1 DAGs
[2022-02-05 19:38:07,415] {logging_mixin.py:109} INFO - [2022-02-05 19:38:07,415] {dag.py:2935} INFO - Setting next_dagrun for example_task_group_decorator to 2022-02-04T19:38:07.414885+00:00
[2022-02-05 19:38:07,424] {processor.py:171} INFO - Processing /home/airflow/.local/lib/python3.7/site-packages/airflow/example_dags/example_task_group_decorator.py took 0.274 seconds
[2022-02-05 19:38:37,512] {processor.py:163} INFO - Started process (PID=2034) to work on /home/airflow/.local/lib/python3.7/site-packages/airflow/example_dags/example_task_group_decorator.py
[2022-02-05 19:38:37,518] {processor.py:642} INFO - Processing file /home/airflow/.local/lib/python3.7/site-packages/airflow/example_dags/example_task_group_decorator.py for tasks to queue
[2022-02-05 19:38:37,519] {logging_mixin.py:109} INFO - [2022-02-05 19:38:37,518] {dagbag.py:500} INFO - Filling up the DagBag from /home/airflow/.local/lib/python3.7/site-packages/airflow/example_dags/example_task_group_decorator.py
[2022-02-05 19:38:37,557] {processor.py:654} INFO - DAG(s) dict_keys(['example_task_group_decorator']) retrieved from /home/airflow/.local/lib/python3.7/site-packages/airflow/example_dags/example_task_group_decorator.py
[2022-02-05 19:38:37,900] {logging_mixin.py:109} INFO - [2022-02-05 19:38:37,900] {dag.py:2396} INFO - Sync 1 DAGs
[2022-02-05 19:38:37,917] {logging_mixin.py:109} INFO - [2022-02-05 19:38:37,917] {dag.py:2935} INFO - Setting next_dagrun for example_task_group_decorator to 2022-02-04T19:38:37.917416+00:00
[2022-02-05 19:38:37,933] {processor.py:171} INFO - Processing /home/airflow/.local/lib/python3.7/site-packages/airflow/example_dags/example_task_group_decorator.py took 0.424 seconds
[2022-02-05 19:39:08,187] {processor.py:163} INFO - Started process (PID=2098) to work on /home/airflow/.local/lib/python3.7/site-packages/airflow/example_dags/example_task_group_decorator.py
[2022-02-05 19:39:08,190] {processor.py:642} INFO - Processing file /home/airflow/.local/lib/python3.7/site-packages/airflow/example_dags/example_task_group_decorator.py for tasks to queue
[2022-02-05 19:39:08,191] {logging_mixin.py:109} INFO - [2022-02-05 19:39:08,190] {dagbag.py:500} INFO - Filling up the DagBag from /home/airflow/.local/lib/python3.7/site-packages/airflow/example_dags/example_task_group_decorator.py
[2022-02-05 19:39:08,226] {processor.py:654} INFO - DAG(s) dict_keys(['example_task_group_decorator']) retrieved from /home/airflow/.local/lib/python3.7/site-packages/airflow/example_dags/example_task_group_decorator.py
[2022-02-05 19:39:08,579] {logging_mixin.py:109} INFO - [2022-02-05 19:39:08,579] {dag.py:2396} INFO - Sync 1 DAGs
[2022-02-05 19:39:08,597] {logging_mixin.py:109} INFO - [2022-02-05 19:39:08,597] {dag.py:2935} INFO - Setting next_dagrun for example_task_group_decorator to 2022-02-04T19:39:08.597028+00:00
[2022-02-05 19:39:08,610] {processor.py:171} INFO - Processing /home/airflow/.local/lib/python3.7/site-packages/airflow/example_dags/example_task_group_decorator.py took 0.426 seconds
[2022-02-05 19:39:38,901] {processor.py:163} INFO - Started process (PID=2154) to work on /home/airflow/.local/lib/python3.7/site-packages/airflow/example_dags/example_task_group_decorator.py
[2022-02-05 19:39:38,902] {processor.py:642} INFO - Processing file /home/airflow/.local/lib/python3.7/site-packages/airflow/example_dags/example_task_group_decorator.py for tasks to queue
[2022-02-05 19:39:38,905] {logging_mixin.py:109} INFO - [2022-02-05 19:39:38,904] {dagbag.py:500} INFO - Filling up the DagBag from /home/airflow/.local/lib/python3.7/site-packages/airflow/example_dags/example_task_group_decorator.py
[2022-02-05 19:39:38,970] {processor.py:654} INFO - DAG(s) dict_keys(['example_task_group_decorator']) retrieved from /home/airflow/.local/lib/python3.7/site-packages/airflow/example_dags/example_task_group_decorator.py
[2022-02-05 19:39:39,360] {logging_mixin.py:109} INFO - [2022-02-05 19:39:39,360] {dag.py:2396} INFO - Sync 1 DAGs
[2022-02-05 19:39:39,391] {logging_mixin.py:109} INFO - [2022-02-05 19:39:39,391] {dag.py:2935} INFO - Setting next_dagrun for example_task_group_decorator to 2022-02-04T19:39:39.390944+00:00
[2022-02-05 19:39:39,413] {processor.py:171} INFO - Processing /home/airflow/.local/lib/python3.7/site-packages/airflow/example_dags/example_task_group_decorator.py took 0.517 seconds
[2022-02-05 19:40:10,105] {processor.py:163} INFO - Started process (PID=2218) to work on /home/airflow/.local/lib/python3.7/site-packages/airflow/example_dags/example_task_group_decorator.py
[2022-02-05 19:40:10,125] {processor.py:642} INFO - Processing file /home/airflow/.local/lib/python3.7/site-packages/airflow/example_dags/example_task_group_decorator.py for tasks to queue
[2022-02-05 19:40:10,126] {logging_mixin.py:109} INFO - [2022-02-05 19:40:10,126] {dagbag.py:500} INFO - Filling up the DagBag from /home/airflow/.local/lib/python3.7/site-packages/airflow/example_dags/example_task_group_decorator.py
[2022-02-05 19:40:10,365] {processor.py:654} INFO - DAG(s) dict_keys(['example_task_group_decorator']) retrieved from /home/airflow/.local/lib/python3.7/site-packages/airflow/example_dags/example_task_group_decorator.py
[2022-02-05 19:40:11,133] {logging_mixin.py:109} INFO - [2022-02-05 19:40:11,133] {dag.py:2396} INFO - Sync 1 DAGs
[2022-02-05 19:40:11,159] {logging_mixin.py:109} INFO - [2022-02-05 19:40:11,159] {dag.py:2935} INFO - Setting next_dagrun for example_task_group_decorator to 2022-02-04T19:40:11.158836+00:00
[2022-02-05 19:40:11,181] {processor.py:171} INFO - Processing /home/airflow/.local/lib/python3.7/site-packages/airflow/example_dags/example_task_group_decorator.py took 1.092 seconds
[2022-02-05 19:40:41,402] {processor.py:163} INFO - Started process (PID=2276) to work on /home/airflow/.local/lib/python3.7/site-packages/airflow/example_dags/example_task_group_decorator.py
[2022-02-05 19:40:41,403] {processor.py:642} INFO - Processing file /home/airflow/.local/lib/python3.7/site-packages/airflow/example_dags/example_task_group_decorator.py for tasks to queue
[2022-02-05 19:40:41,404] {logging_mixin.py:109} INFO - [2022-02-05 19:40:41,404] {dagbag.py:500} INFO - Filling up the DagBag from /home/airflow/.local/lib/python3.7/site-packages/airflow/example_dags/example_task_group_decorator.py
[2022-02-05 19:40:41,460] {processor.py:654} INFO - DAG(s) dict_keys(['example_task_group_decorator']) retrieved from /home/airflow/.local/lib/python3.7/site-packages/airflow/example_dags/example_task_group_decorator.py
[2022-02-05 19:40:41,806] {logging_mixin.py:109} INFO - [2022-02-05 19:40:41,806] {dag.py:2396} INFO - Sync 1 DAGs
[2022-02-05 19:40:41,822] {logging_mixin.py:109} INFO - [2022-02-05 19:40:41,822] {dag.py:2935} INFO - Setting next_dagrun for example_task_group_decorator to 2022-02-04T19:40:41.821905+00:00
[2022-02-05 19:40:41,836] {processor.py:171} INFO - Processing /home/airflow/.local/lib/python3.7/site-packages/airflow/example_dags/example_task_group_decorator.py took 0.440 seconds
[2022-02-05 19:41:11,970] {processor.py:163} INFO - Started process (PID=2328) to work on /home/airflow/.local/lib/python3.7/site-packages/airflow/example_dags/example_task_group_decorator.py
[2022-02-05 19:41:11,973] {processor.py:642} INFO - Processing file /home/airflow/.local/lib/python3.7/site-packages/airflow/example_dags/example_task_group_decorator.py for tasks to queue
[2022-02-05 19:41:11,973] {logging_mixin.py:109} INFO - [2022-02-05 19:41:11,973] {dagbag.py:500} INFO - Filling up the DagBag from /home/airflow/.local/lib/python3.7/site-packages/airflow/example_dags/example_task_group_decorator.py
[2022-02-05 19:41:12,098] {processor.py:654} INFO - DAG(s) dict_keys(['example_task_group_decorator']) retrieved from /home/airflow/.local/lib/python3.7/site-packages/airflow/example_dags/example_task_group_decorator.py
[2022-02-05 19:41:12,295] {logging_mixin.py:109} INFO - [2022-02-05 19:41:12,295] {dag.py:2396} INFO - Sync 1 DAGs
[2022-02-05 19:41:12,313] {logging_mixin.py:109} INFO - [2022-02-05 19:41:12,313] {dag.py:2935} INFO - Setting next_dagrun for example_task_group_decorator to 2022-02-04T19:41:12.313203+00:00
[2022-02-05 19:41:12,328] {processor.py:171} INFO - Processing /home/airflow/.local/lib/python3.7/site-packages/airflow/example_dags/example_task_group_decorator.py took 0.361 seconds
[2022-02-05 19:41:42,521] {processor.py:163} INFO - Started process (PID=2390) to work on /home/airflow/.local/lib/python3.7/site-packages/airflow/example_dags/example_task_group_decorator.py
[2022-02-05 19:41:42,525] {processor.py:642} INFO - Processing file /home/airflow/.local/lib/python3.7/site-packages/airflow/example_dags/example_task_group_decorator.py for tasks to queue
[2022-02-05 19:41:42,526] {logging_mixin.py:109} INFO - [2022-02-05 19:41:42,526] {dagbag.py:500} INFO - Filling up the DagBag from /home/airflow/.local/lib/python3.7/site-packages/airflow/example_dags/example_task_group_decorator.py
[2022-02-05 19:41:42,710] {processor.py:654} INFO - DAG(s) dict_keys(['example_task_group_decorator']) retrieved from /home/airflow/.local/lib/python3.7/site-packages/airflow/example_dags/example_task_group_decorator.py
[2022-02-05 19:41:42,961] {logging_mixin.py:109} INFO - [2022-02-05 19:41:42,961] {dag.py:2396} INFO - Sync 1 DAGs
[2022-02-05 19:41:42,977] {logging_mixin.py:109} INFO - [2022-02-05 19:41:42,977] {dag.py:2935} INFO - Setting next_dagrun for example_task_group_decorator to 2022-02-04T19:41:42.977215+00:00
[2022-02-05 19:41:42,990] {processor.py:171} INFO - Processing /home/airflow/.local/lib/python3.7/site-packages/airflow/example_dags/example_task_group_decorator.py took 0.473 seconds
[2022-02-05 19:42:13,305] {processor.py:163} INFO - Started process (PID=2442) to work on /home/airflow/.local/lib/python3.7/site-packages/airflow/example_dags/example_task_group_decorator.py
[2022-02-05 19:42:13,308] {processor.py:642} INFO - Processing file /home/airflow/.local/lib/python3.7/site-packages/airflow/example_dags/example_task_group_decorator.py for tasks to queue
[2022-02-05 19:42:13,308] {logging_mixin.py:109} INFO - [2022-02-05 19:42:13,308] {dagbag.py:500} INFO - Filling up the DagBag from /home/airflow/.local/lib/python3.7/site-packages/airflow/example_dags/example_task_group_decorator.py
[2022-02-05 19:42:13,430] {processor.py:654} INFO - DAG(s) dict_keys(['example_task_group_decorator']) retrieved from /home/airflow/.local/lib/python3.7/site-packages/airflow/example_dags/example_task_group_decorator.py
[2022-02-05 19:42:13,609] {logging_mixin.py:109} INFO - [2022-02-05 19:42:13,609] {dag.py:2396} INFO - Sync 1 DAGs
[2022-02-05 19:42:13,622] {logging_mixin.py:109} INFO - [2022-02-05 19:42:13,621] {dag.py:2935} INFO - Setting next_dagrun for example_task_group_decorator to 2022-02-04T19:42:13.621764+00:00
[2022-02-05 19:42:13,632] {processor.py:171} INFO - Processing /home/airflow/.local/lib/python3.7/site-packages/airflow/example_dags/example_task_group_decorator.py took 0.330 seconds
[2022-02-05 19:42:43,744] {processor.py:163} INFO - Started process (PID=2505) to work on /home/airflow/.local/lib/python3.7/site-packages/airflow/example_dags/example_task_group_decorator.py
[2022-02-05 19:42:43,745] {processor.py:642} INFO - Processing file /home/airflow/.local/lib/python3.7/site-packages/airflow/example_dags/example_task_group_decorator.py for tasks to queue
[2022-02-05 19:42:43,745] {logging_mixin.py:109} INFO - [2022-02-05 19:42:43,745] {dagbag.py:500} INFO - Filling up the DagBag from /home/airflow/.local/lib/python3.7/site-packages/airflow/example_dags/example_task_group_decorator.py
[2022-02-05 19:42:43,873] {processor.py:654} INFO - DAG(s) dict_keys(['example_task_group_decorator']) retrieved from /home/airflow/.local/lib/python3.7/site-packages/airflow/example_dags/example_task_group_decorator.py
[2022-02-05 19:42:44,058] {logging_mixin.py:109} INFO - [2022-02-05 19:42:44,057] {dag.py:2396} INFO - Sync 1 DAGs
[2022-02-05 19:42:44,071] {logging_mixin.py:109} INFO - [2022-02-05 19:42:44,071] {dag.py:2935} INFO - Setting next_dagrun for example_task_group_decorator to 2022-02-04T19:42:44.070946+00:00
[2022-02-05 19:42:44,084] {processor.py:171} INFO - Processing /home/airflow/.local/lib/python3.7/site-packages/airflow/example_dags/example_task_group_decorator.py took 0.345 seconds
[2022-02-05 19:43:14,548] {processor.py:163} INFO - Started process (PID=2557) to work on /home/airflow/.local/lib/python3.7/site-packages/airflow/example_dags/example_task_group_decorator.py
[2022-02-05 19:43:14,554] {processor.py:642} INFO - Processing file /home/airflow/.local/lib/python3.7/site-packages/airflow/example_dags/example_task_group_decorator.py for tasks to queue
[2022-02-05 19:43:14,555] {logging_mixin.py:109} INFO - [2022-02-05 19:43:14,555] {dagbag.py:500} INFO - Filling up the DagBag from /home/airflow/.local/lib/python3.7/site-packages/airflow/example_dags/example_task_group_decorator.py
[2022-02-05 19:43:14,697] {processor.py:654} INFO - DAG(s) dict_keys(['example_task_group_decorator']) retrieved from /home/airflow/.local/lib/python3.7/site-packages/airflow/example_dags/example_task_group_decorator.py
[2022-02-05 19:43:14,945] {logging_mixin.py:109} INFO - [2022-02-05 19:43:14,945] {dag.py:2396} INFO - Sync 1 DAGs
[2022-02-05 19:43:14,972] {logging_mixin.py:109} INFO - [2022-02-05 19:43:14,971] {dag.py:2935} INFO - Setting next_dagrun for example_task_group_decorator to 2022-02-04T19:43:14.971353+00:00
[2022-02-05 19:43:15,008] {processor.py:171} INFO - Processing /home/airflow/.local/lib/python3.7/site-packages/airflow/example_dags/example_task_group_decorator.py took 0.464 seconds
[2022-02-05 19:43:46,013] {processor.py:163} INFO - Started process (PID=2621) to work on /home/airflow/.local/lib/python3.7/site-packages/airflow/example_dags/example_task_group_decorator.py
[2022-02-05 19:43:46,019] {processor.py:642} INFO - Processing file /home/airflow/.local/lib/python3.7/site-packages/airflow/example_dags/example_task_group_decorator.py for tasks to queue
[2022-02-05 19:43:46,020] {logging_mixin.py:109} INFO - [2022-02-05 19:43:46,019] {dagbag.py:500} INFO - Filling up the DagBag from /home/airflow/.local/lib/python3.7/site-packages/airflow/example_dags/example_task_group_decorator.py
[2022-02-05 19:43:46,136] {processor.py:654} INFO - DAG(s) dict_keys(['example_task_group_decorator']) retrieved from /home/airflow/.local/lib/python3.7/site-packages/airflow/example_dags/example_task_group_decorator.py
[2022-02-05 19:43:46,285] {logging_mixin.py:109} INFO - [2022-02-05 19:43:46,285] {dag.py:2396} INFO - Sync 1 DAGs
[2022-02-05 19:43:46,294] {logging_mixin.py:109} INFO - [2022-02-05 19:43:46,294] {dag.py:2935} INFO - Setting next_dagrun for example_task_group_decorator to 2022-02-04T19:43:46.294590+00:00
[2022-02-05 19:43:46,307] {processor.py:171} INFO - Processing /home/airflow/.local/lib/python3.7/site-packages/airflow/example_dags/example_task_group_decorator.py took 0.297 seconds
[2022-02-05 19:44:16,420] {processor.py:163} INFO - Started process (PID=2688) to work on /home/airflow/.local/lib/python3.7/site-packages/airflow/example_dags/example_task_group_decorator.py
[2022-02-05 19:44:16,421] {processor.py:642} INFO - Processing file /home/airflow/.local/lib/python3.7/site-packages/airflow/example_dags/example_task_group_decorator.py for tasks to queue
[2022-02-05 19:44:16,421] {logging_mixin.py:109} INFO - [2022-02-05 19:44:16,421] {dagbag.py:500} INFO - Filling up the DagBag from /home/airflow/.local/lib/python3.7/site-packages/airflow/example_dags/example_task_group_decorator.py
[2022-02-05 19:44:16,550] {processor.py:654} INFO - DAG(s) dict_keys(['example_task_group_decorator']) retrieved from /home/airflow/.local/lib/python3.7/site-packages/airflow/example_dags/example_task_group_decorator.py
[2022-02-05 19:44:16,733] {logging_mixin.py:109} INFO - [2022-02-05 19:44:16,733] {dag.py:2396} INFO - Sync 1 DAGs
[2022-02-05 19:44:16,750] {logging_mixin.py:109} INFO - [2022-02-05 19:44:16,750] {dag.py:2935} INFO - Setting next_dagrun for example_task_group_decorator to 2022-02-04T19:44:16.750150+00:00
[2022-02-05 19:44:16,760] {processor.py:171} INFO - Processing /home/airflow/.local/lib/python3.7/site-packages/airflow/example_dags/example_task_group_decorator.py took 0.343 seconds
[2022-02-05 19:44:47,663] {processor.py:163} INFO - Started process (PID=2740) to work on /home/airflow/.local/lib/python3.7/site-packages/airflow/example_dags/example_task_group_decorator.py
[2022-02-05 19:44:47,668] {processor.py:642} INFO - Processing file /home/airflow/.local/lib/python3.7/site-packages/airflow/example_dags/example_task_group_decorator.py for tasks to queue
[2022-02-05 19:44:47,669] {logging_mixin.py:109} INFO - [2022-02-05 19:44:47,669] {dagbag.py:500} INFO - Filling up the DagBag from /home/airflow/.local/lib/python3.7/site-packages/airflow/example_dags/example_task_group_decorator.py
[2022-02-05 19:44:47,722] {processor.py:654} INFO - DAG(s) dict_keys(['example_task_group_decorator']) retrieved from /home/airflow/.local/lib/python3.7/site-packages/airflow/example_dags/example_task_group_decorator.py
[2022-02-05 19:44:47,908] {logging_mixin.py:109} INFO - [2022-02-05 19:44:47,908] {dag.py:2396} INFO - Sync 1 DAGs
[2022-02-05 19:44:47,924] {logging_mixin.py:109} INFO - [2022-02-05 19:44:47,924] {dag.py:2935} INFO - Setting next_dagrun for example_task_group_decorator to 2022-02-04T19:44:47.924529+00:00
[2022-02-05 19:44:47,946] {processor.py:171} INFO - Processing /home/airflow/.local/lib/python3.7/site-packages/airflow/example_dags/example_task_group_decorator.py took 0.286 seconds
[2022-02-05 19:45:18,565] {processor.py:163} INFO - Started process (PID=2802) to work on /home/airflow/.local/lib/python3.7/site-packages/airflow/example_dags/example_task_group_decorator.py
[2022-02-05 19:45:18,566] {processor.py:642} INFO - Processing file /home/airflow/.local/lib/python3.7/site-packages/airflow/example_dags/example_task_group_decorator.py for tasks to queue
[2022-02-05 19:45:18,566] {logging_mixin.py:109} INFO - [2022-02-05 19:45:18,566] {dagbag.py:500} INFO - Filling up the DagBag from /home/airflow/.local/lib/python3.7/site-packages/airflow/example_dags/example_task_group_decorator.py
[2022-02-05 19:45:18,603] {processor.py:654} INFO - DAG(s) dict_keys(['example_task_group_decorator']) retrieved from /home/airflow/.local/lib/python3.7/site-packages/airflow/example_dags/example_task_group_decorator.py
[2022-02-05 19:45:18,781] {logging_mixin.py:109} INFO - [2022-02-05 19:45:18,781] {dag.py:2396} INFO - Sync 1 DAGs
[2022-02-05 19:45:18,794] {logging_mixin.py:109} INFO - [2022-02-05 19:45:18,794] {dag.py:2935} INFO - Setting next_dagrun for example_task_group_decorator to 2022-02-04T19:45:18.794641+00:00
[2022-02-05 19:45:18,807] {processor.py:171} INFO - Processing /home/airflow/.local/lib/python3.7/site-packages/airflow/example_dags/example_task_group_decorator.py took 0.246 seconds
[2022-02-05 19:45:49,430] {processor.py:163} INFO - Started process (PID=2855) to work on /home/airflow/.local/lib/python3.7/site-packages/airflow/example_dags/example_task_group_decorator.py
[2022-02-05 19:45:49,431] {processor.py:642} INFO - Processing file /home/airflow/.local/lib/python3.7/site-packages/airflow/example_dags/example_task_group_decorator.py for tasks to queue
[2022-02-05 19:45:49,432] {logging_mixin.py:109} INFO - [2022-02-05 19:45:49,432] {dagbag.py:500} INFO - Filling up the DagBag from /home/airflow/.local/lib/python3.7/site-packages/airflow/example_dags/example_task_group_decorator.py
[2022-02-05 19:45:49,465] {processor.py:654} INFO - DAG(s) dict_keys(['example_task_group_decorator']) retrieved from /home/airflow/.local/lib/python3.7/site-packages/airflow/example_dags/example_task_group_decorator.py
[2022-02-05 19:45:49,629] {logging_mixin.py:109} INFO - [2022-02-05 19:45:49,629] {dag.py:2396} INFO - Sync 1 DAGs
[2022-02-05 19:45:49,641] {logging_mixin.py:109} INFO - [2022-02-05 19:45:49,641] {dag.py:2935} INFO - Setting next_dagrun for example_task_group_decorator to 2022-02-04T19:45:49.640746+00:00
[2022-02-05 19:45:49,650] {processor.py:171} INFO - Processing /home/airflow/.local/lib/python3.7/site-packages/airflow/example_dags/example_task_group_decorator.py took 0.223 seconds
[2022-02-05 19:46:20,267] {processor.py:163} INFO - Started process (PID=2917) to work on /home/airflow/.local/lib/python3.7/site-packages/airflow/example_dags/example_task_group_decorator.py
[2022-02-05 19:46:20,268] {processor.py:642} INFO - Processing file /home/airflow/.local/lib/python3.7/site-packages/airflow/example_dags/example_task_group_decorator.py for tasks to queue
[2022-02-05 19:46:20,269] {logging_mixin.py:109} INFO - [2022-02-05 19:46:20,269] {dagbag.py:500} INFO - Filling up the DagBag from /home/airflow/.local/lib/python3.7/site-packages/airflow/example_dags/example_task_group_decorator.py
[2022-02-05 19:46:20,302] {processor.py:654} INFO - DAG(s) dict_keys(['example_task_group_decorator']) retrieved from /home/airflow/.local/lib/python3.7/site-packages/airflow/example_dags/example_task_group_decorator.py
[2022-02-05 19:46:20,496] {logging_mixin.py:109} INFO - [2022-02-05 19:46:20,495] {dag.py:2396} INFO - Sync 1 DAGs
[2022-02-05 19:46:20,510] {logging_mixin.py:109} INFO - [2022-02-05 19:46:20,510] {dag.py:2935} INFO - Setting next_dagrun for example_task_group_decorator to 2022-02-04T19:46:20.510276+00:00
[2022-02-05 19:46:20,521] {processor.py:171} INFO - Processing /home/airflow/.local/lib/python3.7/site-packages/airflow/example_dags/example_task_group_decorator.py took 0.257 seconds
[2022-02-05 19:46:51,020] {processor.py:163} INFO - Started process (PID=2978) to work on /home/airflow/.local/lib/python3.7/site-packages/airflow/example_dags/example_task_group_decorator.py
[2022-02-05 19:46:51,022] {processor.py:642} INFO - Processing file /home/airflow/.local/lib/python3.7/site-packages/airflow/example_dags/example_task_group_decorator.py for tasks to queue
[2022-02-05 19:46:51,023] {logging_mixin.py:109} INFO - [2022-02-05 19:46:51,023] {dagbag.py:500} INFO - Filling up the DagBag from /home/airflow/.local/lib/python3.7/site-packages/airflow/example_dags/example_task_group_decorator.py
[2022-02-05 19:46:51,055] {processor.py:654} INFO - DAG(s) dict_keys(['example_task_group_decorator']) retrieved from /home/airflow/.local/lib/python3.7/site-packages/airflow/example_dags/example_task_group_decorator.py
[2022-02-05 19:46:51,222] {logging_mixin.py:109} INFO - [2022-02-05 19:46:51,221] {dag.py:2396} INFO - Sync 1 DAGs
[2022-02-05 19:46:51,235] {logging_mixin.py:109} INFO - [2022-02-05 19:46:51,235] {dag.py:2935} INFO - Setting next_dagrun for example_task_group_decorator to 2022-02-04T19:46:51.235457+00:00
[2022-02-05 19:46:51,247] {processor.py:171} INFO - Processing /home/airflow/.local/lib/python3.7/site-packages/airflow/example_dags/example_task_group_decorator.py took 0.230 seconds
[2022-02-05 19:47:21,855] {processor.py:163} INFO - Started process (PID=3030) to work on /home/airflow/.local/lib/python3.7/site-packages/airflow/example_dags/example_task_group_decorator.py
[2022-02-05 19:47:21,856] {processor.py:642} INFO - Processing file /home/airflow/.local/lib/python3.7/site-packages/airflow/example_dags/example_task_group_decorator.py for tasks to queue
[2022-02-05 19:47:21,856] {logging_mixin.py:109} INFO - [2022-02-05 19:47:21,856] {dagbag.py:500} INFO - Filling up the DagBag from /home/airflow/.local/lib/python3.7/site-packages/airflow/example_dags/example_task_group_decorator.py
[2022-02-05 19:47:21,891] {processor.py:654} INFO - DAG(s) dict_keys(['example_task_group_decorator']) retrieved from /home/airflow/.local/lib/python3.7/site-packages/airflow/example_dags/example_task_group_decorator.py
[2022-02-05 19:47:22,101] {logging_mixin.py:109} INFO - [2022-02-05 19:47:22,101] {dag.py:2396} INFO - Sync 1 DAGs
[2022-02-05 19:47:22,117] {logging_mixin.py:109} INFO - [2022-02-05 19:47:22,116] {dag.py:2935} INFO - Setting next_dagrun for example_task_group_decorator to 2022-02-04T19:47:22.116652+00:00
[2022-02-05 19:47:22,134] {processor.py:171} INFO - Processing /home/airflow/.local/lib/python3.7/site-packages/airflow/example_dags/example_task_group_decorator.py took 0.282 seconds
[2022-02-05 19:47:52,699] {processor.py:163} INFO - Started process (PID=3092) to work on /home/airflow/.local/lib/python3.7/site-packages/airflow/example_dags/example_task_group_decorator.py
[2022-02-05 19:47:52,708] {processor.py:642} INFO - Processing file /home/airflow/.local/lib/python3.7/site-packages/airflow/example_dags/example_task_group_decorator.py for tasks to queue
[2022-02-05 19:47:52,708] {logging_mixin.py:109} INFO - [2022-02-05 19:47:52,708] {dagbag.py:500} INFO - Filling up the DagBag from /home/airflow/.local/lib/python3.7/site-packages/airflow/example_dags/example_task_group_decorator.py
[2022-02-05 19:47:52,759] {processor.py:654} INFO - DAG(s) dict_keys(['example_task_group_decorator']) retrieved from /home/airflow/.local/lib/python3.7/site-packages/airflow/example_dags/example_task_group_decorator.py
[2022-02-05 19:47:53,017] {logging_mixin.py:109} INFO - [2022-02-05 19:47:53,017] {dag.py:2396} INFO - Sync 1 DAGs
[2022-02-05 19:47:53,035] {logging_mixin.py:109} INFO - [2022-02-05 19:47:53,035] {dag.py:2935} INFO - Setting next_dagrun for example_task_group_decorator to 2022-02-04T19:47:53.035211+00:00
[2022-02-05 19:47:53,050] {processor.py:171} INFO - Processing /home/airflow/.local/lib/python3.7/site-packages/airflow/example_dags/example_task_group_decorator.py took 0.356 seconds
[2022-02-05 19:48:23,378] {processor.py:163} INFO - Started process (PID=3145) to work on /home/airflow/.local/lib/python3.7/site-packages/airflow/example_dags/example_task_group_decorator.py
[2022-02-05 19:48:23,379] {processor.py:642} INFO - Processing file /home/airflow/.local/lib/python3.7/site-packages/airflow/example_dags/example_task_group_decorator.py for tasks to queue
[2022-02-05 19:48:23,379] {logging_mixin.py:109} INFO - [2022-02-05 19:48:23,379] {dagbag.py:500} INFO - Filling up the DagBag from /home/airflow/.local/lib/python3.7/site-packages/airflow/example_dags/example_task_group_decorator.py
[2022-02-05 19:48:23,411] {processor.py:654} INFO - DAG(s) dict_keys(['example_task_group_decorator']) retrieved from /home/airflow/.local/lib/python3.7/site-packages/airflow/example_dags/example_task_group_decorator.py
[2022-02-05 19:48:23,624] {logging_mixin.py:109} INFO - [2022-02-05 19:48:23,624] {dag.py:2396} INFO - Sync 1 DAGs
[2022-02-05 19:48:23,647] {logging_mixin.py:109} INFO - [2022-02-05 19:48:23,647] {dag.py:2935} INFO - Setting next_dagrun for example_task_group_decorator to 2022-02-04T19:48:23.647458+00:00
[2022-02-05 19:48:23,666] {processor.py:171} INFO - Processing /home/airflow/.local/lib/python3.7/site-packages/airflow/example_dags/example_task_group_decorator.py took 0.290 seconds
[2022-02-05 19:48:53,756] {processor.py:163} INFO - Started process (PID=3209) to work on /home/airflow/.local/lib/python3.7/site-packages/airflow/example_dags/example_task_group_decorator.py
[2022-02-05 19:48:53,771] {processor.py:642} INFO - Processing file /home/airflow/.local/lib/python3.7/site-packages/airflow/example_dags/example_task_group_decorator.py for tasks to queue
[2022-02-05 19:48:53,772] {logging_mixin.py:109} INFO - [2022-02-05 19:48:53,772] {dagbag.py:500} INFO - Filling up the DagBag from /home/airflow/.local/lib/python3.7/site-packages/airflow/example_dags/example_task_group_decorator.py
[2022-02-05 19:48:53,825] {processor.py:654} INFO - DAG(s) dict_keys(['example_task_group_decorator']) retrieved from /home/airflow/.local/lib/python3.7/site-packages/airflow/example_dags/example_task_group_decorator.py
[2022-02-05 19:48:54,174] {logging_mixin.py:109} INFO - [2022-02-05 19:48:54,174] {dag.py:2396} INFO - Sync 1 DAGs
[2022-02-05 19:48:54,199] {logging_mixin.py:109} INFO - [2022-02-05 19:48:54,199] {dag.py:2935} INFO - Setting next_dagrun for example_task_group_decorator to 2022-02-04T19:48:54.198772+00:00
[2022-02-05 19:48:54,221] {processor.py:171} INFO - Processing /home/airflow/.local/lib/python3.7/site-packages/airflow/example_dags/example_task_group_decorator.py took 0.470 seconds
[2022-02-05 19:49:24,402] {processor.py:163} INFO - Started process (PID=3263) to work on /home/airflow/.local/lib/python3.7/site-packages/airflow/example_dags/example_task_group_decorator.py
[2022-02-05 19:49:24,403] {processor.py:642} INFO - Processing file /home/airflow/.local/lib/python3.7/site-packages/airflow/example_dags/example_task_group_decorator.py for tasks to queue
[2022-02-05 19:49:24,403] {logging_mixin.py:109} INFO - [2022-02-05 19:49:24,403] {dagbag.py:500} INFO - Filling up the DagBag from /home/airflow/.local/lib/python3.7/site-packages/airflow/example_dags/example_task_group_decorator.py
[2022-02-05 19:49:24,435] {processor.py:654} INFO - DAG(s) dict_keys(['example_task_group_decorator']) retrieved from /home/airflow/.local/lib/python3.7/site-packages/airflow/example_dags/example_task_group_decorator.py
[2022-02-05 19:49:24,606] {logging_mixin.py:109} INFO - [2022-02-05 19:49:24,606] {dag.py:2396} INFO - Sync 1 DAGs
[2022-02-05 19:49:24,618] {logging_mixin.py:109} INFO - [2022-02-05 19:49:24,618] {dag.py:2935} INFO - Setting next_dagrun for example_task_group_decorator to 2022-02-04T19:49:24.618044+00:00
[2022-02-05 19:49:24,630] {processor.py:171} INFO - Processing /home/airflow/.local/lib/python3.7/site-packages/airflow/example_dags/example_task_group_decorator.py took 0.231 seconds
[2022-02-05 19:49:54,768] {processor.py:163} INFO - Started process (PID=3316) to work on /home/airflow/.local/lib/python3.7/site-packages/airflow/example_dags/example_task_group_decorator.py
[2022-02-05 19:49:54,774] {processor.py:642} INFO - Processing file /home/airflow/.local/lib/python3.7/site-packages/airflow/example_dags/example_task_group_decorator.py for tasks to queue
[2022-02-05 19:49:54,775] {logging_mixin.py:109} INFO - [2022-02-05 19:49:54,774] {dagbag.py:500} INFO - Filling up the DagBag from /home/airflow/.local/lib/python3.7/site-packages/airflow/example_dags/example_task_group_decorator.py
[2022-02-05 19:49:54,809] {processor.py:654} INFO - DAG(s) dict_keys(['example_task_group_decorator']) retrieved from /home/airflow/.local/lib/python3.7/site-packages/airflow/example_dags/example_task_group_decorator.py
[2022-02-05 19:49:54,992] {logging_mixin.py:109} INFO - [2022-02-05 19:49:54,991] {dag.py:2396} INFO - Sync 1 DAGs
[2022-02-05 19:49:55,006] {logging_mixin.py:109} INFO - [2022-02-05 19:49:55,006] {dag.py:2935} INFO - Setting next_dagrun for example_task_group_decorator to 2022-02-04T19:49:55.005940+00:00
[2022-02-05 19:49:55,020] {processor.py:171} INFO - Processing /home/airflow/.local/lib/python3.7/site-packages/airflow/example_dags/example_task_group_decorator.py took 0.254 seconds
[2022-02-05 19:50:25,665] {processor.py:163} INFO - Started process (PID=3378) to work on /home/airflow/.local/lib/python3.7/site-packages/airflow/example_dags/example_task_group_decorator.py
[2022-02-05 19:50:25,666] {processor.py:642} INFO - Processing file /home/airflow/.local/lib/python3.7/site-packages/airflow/example_dags/example_task_group_decorator.py for tasks to queue
[2022-02-05 19:50:25,667] {logging_mixin.py:109} INFO - [2022-02-05 19:50:25,666] {dagbag.py:500} INFO - Filling up the DagBag from /home/airflow/.local/lib/python3.7/site-packages/airflow/example_dags/example_task_group_decorator.py
[2022-02-05 19:50:25,712] {processor.py:654} INFO - DAG(s) dict_keys(['example_task_group_decorator']) retrieved from /home/airflow/.local/lib/python3.7/site-packages/airflow/example_dags/example_task_group_decorator.py
[2022-02-05 19:50:25,997] {logging_mixin.py:109} INFO - [2022-02-05 19:50:25,996] {dag.py:2396} INFO - Sync 1 DAGs
[2022-02-05 19:50:26,018] {logging_mixin.py:109} INFO - [2022-02-05 19:50:26,018] {dag.py:2935} INFO - Setting next_dagrun for example_task_group_decorator to 2022-02-04T19:50:26.018189+00:00
[2022-02-05 19:50:26,036] {processor.py:171} INFO - Processing /home/airflow/.local/lib/python3.7/site-packages/airflow/example_dags/example_task_group_decorator.py took 0.375 seconds
[2022-02-05 19:50:56,394] {processor.py:163} INFO - Started process (PID=3430) to work on /home/airflow/.local/lib/python3.7/site-packages/airflow/example_dags/example_task_group_decorator.py
[2022-02-05 19:50:56,395] {processor.py:642} INFO - Processing file /home/airflow/.local/lib/python3.7/site-packages/airflow/example_dags/example_task_group_decorator.py for tasks to queue
[2022-02-05 19:50:56,396] {logging_mixin.py:109} INFO - [2022-02-05 19:50:56,396] {dagbag.py:500} INFO - Filling up the DagBag from /home/airflow/.local/lib/python3.7/site-packages/airflow/example_dags/example_task_group_decorator.py
[2022-02-05 19:50:56,429] {processor.py:654} INFO - DAG(s) dict_keys(['example_task_group_decorator']) retrieved from /home/airflow/.local/lib/python3.7/site-packages/airflow/example_dags/example_task_group_decorator.py
[2022-02-05 19:50:56,583] {logging_mixin.py:109} INFO - [2022-02-05 19:50:56,582] {dag.py:2396} INFO - Sync 1 DAGs
[2022-02-05 19:50:56,594] {logging_mixin.py:109} INFO - [2022-02-05 19:50:56,594] {dag.py:2935} INFO - Setting next_dagrun for example_task_group_decorator to 2022-02-04T19:50:56.594444+00:00
[2022-02-05 19:50:56,606] {processor.py:171} INFO - Processing /home/airflow/.local/lib/python3.7/site-packages/airflow/example_dags/example_task_group_decorator.py took 0.215 seconds
[2022-02-05 19:51:26,701] {processor.py:163} INFO - Started process (PID=3491) to work on /home/airflow/.local/lib/python3.7/site-packages/airflow/example_dags/example_task_group_decorator.py
[2022-02-05 19:51:26,702] {processor.py:642} INFO - Processing file /home/airflow/.local/lib/python3.7/site-packages/airflow/example_dags/example_task_group_decorator.py for tasks to queue
[2022-02-05 19:51:26,702] {logging_mixin.py:109} INFO - [2022-02-05 19:51:26,702] {dagbag.py:500} INFO - Filling up the DagBag from /home/airflow/.local/lib/python3.7/site-packages/airflow/example_dags/example_task_group_decorator.py
[2022-02-05 19:51:26,734] {processor.py:654} INFO - DAG(s) dict_keys(['example_task_group_decorator']) retrieved from /home/airflow/.local/lib/python3.7/site-packages/airflow/example_dags/example_task_group_decorator.py
[2022-02-05 19:51:26,890] {logging_mixin.py:109} INFO - [2022-02-05 19:51:26,890] {dag.py:2396} INFO - Sync 1 DAGs
[2022-02-05 19:51:26,902] {logging_mixin.py:109} INFO - [2022-02-05 19:51:26,901] {dag.py:2935} INFO - Setting next_dagrun for example_task_group_decorator to 2022-02-04T19:51:26.901755+00:00
[2022-02-05 19:51:26,924] {processor.py:171} INFO - Processing /home/airflow/.local/lib/python3.7/site-packages/airflow/example_dags/example_task_group_decorator.py took 0.226 seconds
[2022-02-05 19:51:57,551] {processor.py:163} INFO - Started process (PID=3543) to work on /home/airflow/.local/lib/python3.7/site-packages/airflow/example_dags/example_task_group_decorator.py
[2022-02-05 19:51:57,555] {processor.py:642} INFO - Processing file /home/airflow/.local/lib/python3.7/site-packages/airflow/example_dags/example_task_group_decorator.py for tasks to queue
[2022-02-05 19:51:57,556] {logging_mixin.py:109} INFO - [2022-02-05 19:51:57,556] {dagbag.py:500} INFO - Filling up the DagBag from /home/airflow/.local/lib/python3.7/site-packages/airflow/example_dags/example_task_group_decorator.py
[2022-02-05 19:51:57,628] {processor.py:654} INFO - DAG(s) dict_keys(['example_task_group_decorator']) retrieved from /home/airflow/.local/lib/python3.7/site-packages/airflow/example_dags/example_task_group_decorator.py
[2022-02-05 19:51:57,870] {logging_mixin.py:109} INFO - [2022-02-05 19:51:57,870] {dag.py:2396} INFO - Sync 1 DAGs
[2022-02-05 19:51:57,894] {logging_mixin.py:109} INFO - [2022-02-05 19:51:57,894] {dag.py:2935} INFO - Setting next_dagrun for example_task_group_decorator to 2022-02-04T19:51:57.893743+00:00
[2022-02-05 19:51:57,915] {processor.py:171} INFO - Processing /home/airflow/.local/lib/python3.7/site-packages/airflow/example_dags/example_task_group_decorator.py took 0.367 seconds
[2022-02-05 19:52:28,490] {processor.py:163} INFO - Started process (PID=3605) to work on /home/airflow/.local/lib/python3.7/site-packages/airflow/example_dags/example_task_group_decorator.py
[2022-02-05 19:52:28,493] {processor.py:642} INFO - Processing file /home/airflow/.local/lib/python3.7/site-packages/airflow/example_dags/example_task_group_decorator.py for tasks to queue
[2022-02-05 19:52:28,494] {logging_mixin.py:109} INFO - [2022-02-05 19:52:28,493] {dagbag.py:500} INFO - Filling up the DagBag from /home/airflow/.local/lib/python3.7/site-packages/airflow/example_dags/example_task_group_decorator.py
[2022-02-05 19:52:28,527] {processor.py:654} INFO - DAG(s) dict_keys(['example_task_group_decorator']) retrieved from /home/airflow/.local/lib/python3.7/site-packages/airflow/example_dags/example_task_group_decorator.py
[2022-02-05 19:52:28,682] {logging_mixin.py:109} INFO - [2022-02-05 19:52:28,682] {dag.py:2396} INFO - Sync 1 DAGs
[2022-02-05 19:52:28,696] {logging_mixin.py:109} INFO - [2022-02-05 19:52:28,696] {dag.py:2935} INFO - Setting next_dagrun for example_task_group_decorator to 2022-02-04T19:52:28.695838+00:00
[2022-02-05 19:52:28,707] {processor.py:171} INFO - Processing /home/airflow/.local/lib/python3.7/site-packages/airflow/example_dags/example_task_group_decorator.py took 0.220 seconds
[2022-02-05 19:52:58,769] {processor.py:163} INFO - Started process (PID=3658) to work on /home/airflow/.local/lib/python3.7/site-packages/airflow/example_dags/example_task_group_decorator.py
[2022-02-05 19:52:58,770] {processor.py:642} INFO - Processing file /home/airflow/.local/lib/python3.7/site-packages/airflow/example_dags/example_task_group_decorator.py for tasks to queue
[2022-02-05 19:52:58,771] {logging_mixin.py:109} INFO - [2022-02-05 19:52:58,771] {dagbag.py:500} INFO - Filling up the DagBag from /home/airflow/.local/lib/python3.7/site-packages/airflow/example_dags/example_task_group_decorator.py
[2022-02-05 19:52:58,813] {processor.py:654} INFO - DAG(s) dict_keys(['example_task_group_decorator']) retrieved from /home/airflow/.local/lib/python3.7/site-packages/airflow/example_dags/example_task_group_decorator.py
[2022-02-05 19:52:59,010] {logging_mixin.py:109} INFO - [2022-02-05 19:52:59,010] {dag.py:2396} INFO - Sync 1 DAGs
[2022-02-05 19:52:59,025] {logging_mixin.py:109} INFO - [2022-02-05 19:52:59,025] {dag.py:2935} INFO - Setting next_dagrun for example_task_group_decorator to 2022-02-04T19:52:59.025510+00:00
[2022-02-05 19:52:59,037] {processor.py:171} INFO - Processing /home/airflow/.local/lib/python3.7/site-packages/airflow/example_dags/example_task_group_decorator.py took 0.272 seconds
[2022-02-05 19:53:29,959] {processor.py:163} INFO - Started process (PID=3720) to work on /home/airflow/.local/lib/python3.7/site-packages/airflow/example_dags/example_task_group_decorator.py
[2022-02-05 19:53:29,965] {processor.py:642} INFO - Processing file /home/airflow/.local/lib/python3.7/site-packages/airflow/example_dags/example_task_group_decorator.py for tasks to queue
[2022-02-05 19:53:29,966] {logging_mixin.py:109} INFO - [2022-02-05 19:53:29,966] {dagbag.py:500} INFO - Filling up the DagBag from /home/airflow/.local/lib/python3.7/site-packages/airflow/example_dags/example_task_group_decorator.py
[2022-02-05 19:53:30,010] {processor.py:654} INFO - DAG(s) dict_keys(['example_task_group_decorator']) retrieved from /home/airflow/.local/lib/python3.7/site-packages/airflow/example_dags/example_task_group_decorator.py
[2022-02-05 19:53:30,168] {logging_mixin.py:109} INFO - [2022-02-05 19:53:30,167] {dag.py:2396} INFO - Sync 1 DAGs
[2022-02-05 19:53:30,180] {logging_mixin.py:109} INFO - [2022-02-05 19:53:30,180] {dag.py:2935} INFO - Setting next_dagrun for example_task_group_decorator to 2022-02-04T19:53:30.180147+00:00
[2022-02-05 19:53:30,190] {processor.py:171} INFO - Processing /home/airflow/.local/lib/python3.7/site-packages/airflow/example_dags/example_task_group_decorator.py took 0.234 seconds
[2022-02-05 19:54:00,279] {processor.py:163} INFO - Started process (PID=3773) to work on /home/airflow/.local/lib/python3.7/site-packages/airflow/example_dags/example_task_group_decorator.py
[2022-02-05 19:54:00,281] {processor.py:642} INFO - Processing file /home/airflow/.local/lib/python3.7/site-packages/airflow/example_dags/example_task_group_decorator.py for tasks to queue
[2022-02-05 19:54:00,281] {logging_mixin.py:109} INFO - [2022-02-05 19:54:00,281] {dagbag.py:500} INFO - Filling up the DagBag from /home/airflow/.local/lib/python3.7/site-packages/airflow/example_dags/example_task_group_decorator.py
[2022-02-05 19:54:00,343] {processor.py:654} INFO - DAG(s) dict_keys(['example_task_group_decorator']) retrieved from /home/airflow/.local/lib/python3.7/site-packages/airflow/example_dags/example_task_group_decorator.py
[2022-02-05 19:54:00,592] {logging_mixin.py:109} INFO - [2022-02-05 19:54:00,591] {dag.py:2396} INFO - Sync 1 DAGs
[2022-02-05 19:54:00,611] {logging_mixin.py:109} INFO - [2022-02-05 19:54:00,611] {dag.py:2935} INFO - Setting next_dagrun for example_task_group_decorator to 2022-02-04T19:54:00.611355+00:00
[2022-02-05 19:54:00,630] {processor.py:171} INFO - Processing /home/airflow/.local/lib/python3.7/site-packages/airflow/example_dags/example_task_group_decorator.py took 0.354 seconds
[2022-02-05 19:54:31,208] {processor.py:163} INFO - Started process (PID=3836) to work on /home/airflow/.local/lib/python3.7/site-packages/airflow/example_dags/example_task_group_decorator.py
[2022-02-05 19:54:31,210] {processor.py:642} INFO - Processing file /home/airflow/.local/lib/python3.7/site-packages/airflow/example_dags/example_task_group_decorator.py for tasks to queue
[2022-02-05 19:54:31,211] {logging_mixin.py:109} INFO - [2022-02-05 19:54:31,211] {dagbag.py:500} INFO - Filling up the DagBag from /home/airflow/.local/lib/python3.7/site-packages/airflow/example_dags/example_task_group_decorator.py
[2022-02-05 19:54:31,248] {processor.py:654} INFO - DAG(s) dict_keys(['example_task_group_decorator']) retrieved from /home/airflow/.local/lib/python3.7/site-packages/airflow/example_dags/example_task_group_decorator.py
[2022-02-05 19:54:31,434] {logging_mixin.py:109} INFO - [2022-02-05 19:54:31,433] {dag.py:2396} INFO - Sync 1 DAGs
[2022-02-05 19:54:31,446] {logging_mixin.py:109} INFO - [2022-02-05 19:54:31,446] {dag.py:2935} INFO - Setting next_dagrun for example_task_group_decorator to 2022-02-04T19:54:31.446291+00:00
[2022-02-05 19:54:31,457] {processor.py:171} INFO - Processing /home/airflow/.local/lib/python3.7/site-packages/airflow/example_dags/example_task_group_decorator.py took 0.252 seconds
[2022-02-05 19:55:02,068] {processor.py:163} INFO - Started process (PID=3899) to work on /home/airflow/.local/lib/python3.7/site-packages/airflow/example_dags/example_task_group_decorator.py
[2022-02-05 19:55:02,070] {processor.py:642} INFO - Processing file /home/airflow/.local/lib/python3.7/site-packages/airflow/example_dags/example_task_group_decorator.py for tasks to queue
[2022-02-05 19:55:02,071] {logging_mixin.py:109} INFO - [2022-02-05 19:55:02,071] {dagbag.py:500} INFO - Filling up the DagBag from /home/airflow/.local/lib/python3.7/site-packages/airflow/example_dags/example_task_group_decorator.py
[2022-02-05 19:55:02,113] {processor.py:654} INFO - DAG(s) dict_keys(['example_task_group_decorator']) retrieved from /home/airflow/.local/lib/python3.7/site-packages/airflow/example_dags/example_task_group_decorator.py
[2022-02-05 19:55:02,388] {logging_mixin.py:109} INFO - [2022-02-05 19:55:02,388] {dag.py:2396} INFO - Sync 1 DAGs
[2022-02-05 19:55:02,407] {logging_mixin.py:109} INFO - [2022-02-05 19:55:02,407] {dag.py:2935} INFO - Setting next_dagrun for example_task_group_decorator to 2022-02-04T19:55:02.407168+00:00
[2022-02-05 19:55:02,440] {processor.py:171} INFO - Processing /home/airflow/.local/lib/python3.7/site-packages/airflow/example_dags/example_task_group_decorator.py took 0.375 seconds
[2022-02-05 19:55:32,493] {processor.py:163} INFO - Started process (PID=3952) to work on /home/airflow/.local/lib/python3.7/site-packages/airflow/example_dags/example_task_group_decorator.py
[2022-02-05 19:55:32,494] {processor.py:642} INFO - Processing file /home/airflow/.local/lib/python3.7/site-packages/airflow/example_dags/example_task_group_decorator.py for tasks to queue
[2022-02-05 19:55:32,495] {logging_mixin.py:109} INFO - [2022-02-05 19:55:32,495] {dagbag.py:500} INFO - Filling up the DagBag from /home/airflow/.local/lib/python3.7/site-packages/airflow/example_dags/example_task_group_decorator.py
[2022-02-05 19:55:32,527] {processor.py:654} INFO - DAG(s) dict_keys(['example_task_group_decorator']) retrieved from /home/airflow/.local/lib/python3.7/site-packages/airflow/example_dags/example_task_group_decorator.py
[2022-02-05 19:55:32,682] {logging_mixin.py:109} INFO - [2022-02-05 19:55:32,682] {dag.py:2396} INFO - Sync 1 DAGs
[2022-02-05 19:55:32,694] {logging_mixin.py:109} INFO - [2022-02-05 19:55:32,694] {dag.py:2935} INFO - Setting next_dagrun for example_task_group_decorator to 2022-02-04T19:55:32.694475+00:00
[2022-02-05 19:55:32,706] {processor.py:171} INFO - Processing /home/airflow/.local/lib/python3.7/site-packages/airflow/example_dags/example_task_group_decorator.py took 0.215 seconds
[2022-02-05 19:56:03,539] {processor.py:163} INFO - Started process (PID=4014) to work on /home/airflow/.local/lib/python3.7/site-packages/airflow/example_dags/example_task_group_decorator.py
[2022-02-05 19:56:03,541] {processor.py:642} INFO - Processing file /home/airflow/.local/lib/python3.7/site-packages/airflow/example_dags/example_task_group_decorator.py for tasks to queue
[2022-02-05 19:56:03,541] {logging_mixin.py:109} INFO - [2022-02-05 19:56:03,541] {dagbag.py:500} INFO - Filling up the DagBag from /home/airflow/.local/lib/python3.7/site-packages/airflow/example_dags/example_task_group_decorator.py
[2022-02-05 19:56:03,575] {processor.py:654} INFO - DAG(s) dict_keys(['example_task_group_decorator']) retrieved from /home/airflow/.local/lib/python3.7/site-packages/airflow/example_dags/example_task_group_decorator.py
[2022-02-05 19:56:03,767] {logging_mixin.py:109} INFO - [2022-02-05 19:56:03,767] {dag.py:2396} INFO - Sync 1 DAGs
[2022-02-05 19:56:03,783] {logging_mixin.py:109} INFO - [2022-02-05 19:56:03,783] {dag.py:2935} INFO - Setting next_dagrun for example_task_group_decorator to 2022-02-04T19:56:03.783126+00:00
[2022-02-05 19:56:03,796] {processor.py:171} INFO - Processing /home/airflow/.local/lib/python3.7/site-packages/airflow/example_dags/example_task_group_decorator.py took 0.260 seconds
