[2022-02-05 19:21:03,519] {processor.py:163} INFO - Started process (PID=58) to work on /home/airflow/.local/lib/python3.7/site-packages/airflow/example_dags/example_nested_branch_dag.py
[2022-02-05 19:21:03,521] {processor.py:642} INFO - Processing file /home/airflow/.local/lib/python3.7/site-packages/airflow/example_dags/example_nested_branch_dag.py for tasks to queue
[2022-02-05 19:21:03,530] {logging_mixin.py:109} INFO - [2022-02-05 19:21:03,530] {dagbag.py:500} INFO - Filling up the DagBag from /home/airflow/.local/lib/python3.7/site-packages/airflow/example_dags/example_nested_branch_dag.py
[2022-02-05 19:21:03,616] {processor.py:654} INFO - DAG(s) dict_keys(['example_nested_branch_dag']) retrieved from /home/airflow/.local/lib/python3.7/site-packages/airflow/example_dags/example_nested_branch_dag.py
[2022-02-05 19:21:03,633] {logging_mixin.py:109} INFO - [2022-02-05 19:21:03,633] {dag.py:2396} INFO - Sync 1 DAGs
[2022-02-05 19:21:03,660] {logging_mixin.py:109} INFO - [2022-02-05 19:21:03,660] {dag.py:2935} INFO - Setting next_dagrun for example_nested_branch_dag to 2022-02-04 00:00:00+00:00
[2022-02-05 19:21:03,674] {processor.py:171} INFO - Processing /home/airflow/.local/lib/python3.7/site-packages/airflow/example_dags/example_nested_branch_dag.py took 0.166 seconds
[2022-02-05 19:21:34,706] {processor.py:163} INFO - Started process (PID=117) to work on /home/airflow/.local/lib/python3.7/site-packages/airflow/example_dags/example_nested_branch_dag.py
[2022-02-05 19:21:34,707] {processor.py:642} INFO - Processing file /home/airflow/.local/lib/python3.7/site-packages/airflow/example_dags/example_nested_branch_dag.py for tasks to queue
[2022-02-05 19:21:34,708] {logging_mixin.py:109} INFO - [2022-02-05 19:21:34,708] {dagbag.py:500} INFO - Filling up the DagBag from /home/airflow/.local/lib/python3.7/site-packages/airflow/example_dags/example_nested_branch_dag.py
[2022-02-05 19:21:34,785] {processor.py:654} INFO - DAG(s) dict_keys(['example_nested_branch_dag']) retrieved from /home/airflow/.local/lib/python3.7/site-packages/airflow/example_dags/example_nested_branch_dag.py
[2022-02-05 19:21:34,819] {logging_mixin.py:109} INFO - [2022-02-05 19:21:34,819] {dag.py:2396} INFO - Sync 1 DAGs
[2022-02-05 19:21:34,856] {logging_mixin.py:109} INFO - [2022-02-05 19:21:34,856] {dag.py:2935} INFO - Setting next_dagrun for example_nested_branch_dag to 2022-02-04 00:00:00+00:00
[2022-02-05 19:21:34,907] {processor.py:171} INFO - Processing /home/airflow/.local/lib/python3.7/site-packages/airflow/example_dags/example_nested_branch_dag.py took 0.206 seconds
[2022-02-05 19:22:07,405] {processor.py:163} INFO - Started process (PID=171) to work on /home/airflow/.local/lib/python3.7/site-packages/airflow/example_dags/example_nested_branch_dag.py
[2022-02-05 19:22:07,415] {processor.py:642} INFO - Processing file /home/airflow/.local/lib/python3.7/site-packages/airflow/example_dags/example_nested_branch_dag.py for tasks to queue
[2022-02-05 19:22:07,416] {logging_mixin.py:109} INFO - [2022-02-05 19:22:07,416] {dagbag.py:500} INFO - Filling up the DagBag from /home/airflow/.local/lib/python3.7/site-packages/airflow/example_dags/example_nested_branch_dag.py
[2022-02-05 19:22:07,466] {processor.py:654} INFO - DAG(s) dict_keys(['example_nested_branch_dag']) retrieved from /home/airflow/.local/lib/python3.7/site-packages/airflow/example_dags/example_nested_branch_dag.py
[2022-02-05 19:22:07,484] {logging_mixin.py:109} INFO - [2022-02-05 19:22:07,483] {dag.py:2396} INFO - Sync 1 DAGs
[2022-02-05 19:22:07,512] {logging_mixin.py:109} INFO - [2022-02-05 19:22:07,512] {dag.py:2935} INFO - Setting next_dagrun for example_nested_branch_dag to 2022-02-04 00:00:00+00:00
[2022-02-05 19:22:07,527] {processor.py:171} INFO - Processing /home/airflow/.local/lib/python3.7/site-packages/airflow/example_dags/example_nested_branch_dag.py took 0.129 seconds
[2022-02-05 19:22:38,422] {processor.py:163} INFO - Started process (PID=236) to work on /home/airflow/.local/lib/python3.7/site-packages/airflow/example_dags/example_nested_branch_dag.py
[2022-02-05 19:22:38,427] {processor.py:642} INFO - Processing file /home/airflow/.local/lib/python3.7/site-packages/airflow/example_dags/example_nested_branch_dag.py for tasks to queue
[2022-02-05 19:22:38,428] {logging_mixin.py:109} INFO - [2022-02-05 19:22:38,428] {dagbag.py:500} INFO - Filling up the DagBag from /home/airflow/.local/lib/python3.7/site-packages/airflow/example_dags/example_nested_branch_dag.py
[2022-02-05 19:22:38,554] {processor.py:654} INFO - DAG(s) dict_keys(['example_nested_branch_dag']) retrieved from /home/airflow/.local/lib/python3.7/site-packages/airflow/example_dags/example_nested_branch_dag.py
[2022-02-05 19:22:38,568] {logging_mixin.py:109} INFO - [2022-02-05 19:22:38,568] {dag.py:2396} INFO - Sync 1 DAGs
[2022-02-05 19:22:38,592] {logging_mixin.py:109} INFO - [2022-02-05 19:22:38,591] {dag.py:2935} INFO - Setting next_dagrun for example_nested_branch_dag to 2022-02-04 00:00:00+00:00
[2022-02-05 19:22:38,641] {processor.py:171} INFO - Processing /home/airflow/.local/lib/python3.7/site-packages/airflow/example_dags/example_nested_branch_dag.py took 0.230 seconds
[2022-02-05 19:23:08,889] {processor.py:163} INFO - Started process (PID=289) to work on /home/airflow/.local/lib/python3.7/site-packages/airflow/example_dags/example_nested_branch_dag.py
[2022-02-05 19:23:08,890] {processor.py:642} INFO - Processing file /home/airflow/.local/lib/python3.7/site-packages/airflow/example_dags/example_nested_branch_dag.py for tasks to queue
[2022-02-05 19:23:08,891] {logging_mixin.py:109} INFO - [2022-02-05 19:23:08,891] {dagbag.py:500} INFO - Filling up the DagBag from /home/airflow/.local/lib/python3.7/site-packages/airflow/example_dags/example_nested_branch_dag.py
[2022-02-05 19:23:08,922] {processor.py:654} INFO - DAG(s) dict_keys(['example_nested_branch_dag']) retrieved from /home/airflow/.local/lib/python3.7/site-packages/airflow/example_dags/example_nested_branch_dag.py
[2022-02-05 19:23:08,934] {logging_mixin.py:109} INFO - [2022-02-05 19:23:08,934] {dag.py:2396} INFO - Sync 1 DAGs
[2022-02-05 19:23:08,954] {logging_mixin.py:109} INFO - [2022-02-05 19:23:08,954] {dag.py:2935} INFO - Setting next_dagrun for example_nested_branch_dag to 2022-02-04 00:00:00+00:00
[2022-02-05 19:23:08,964] {processor.py:171} INFO - Processing /home/airflow/.local/lib/python3.7/site-packages/airflow/example_dags/example_nested_branch_dag.py took 0.079 seconds
[2022-02-05 19:23:39,677] {processor.py:163} INFO - Started process (PID=342) to work on /home/airflow/.local/lib/python3.7/site-packages/airflow/example_dags/example_nested_branch_dag.py
[2022-02-05 19:23:39,680] {processor.py:642} INFO - Processing file /home/airflow/.local/lib/python3.7/site-packages/airflow/example_dags/example_nested_branch_dag.py for tasks to queue
[2022-02-05 19:23:39,681] {logging_mixin.py:109} INFO - [2022-02-05 19:23:39,681] {dagbag.py:500} INFO - Filling up the DagBag from /home/airflow/.local/lib/python3.7/site-packages/airflow/example_dags/example_nested_branch_dag.py
[2022-02-05 19:23:39,733] {processor.py:654} INFO - DAG(s) dict_keys(['example_nested_branch_dag']) retrieved from /home/airflow/.local/lib/python3.7/site-packages/airflow/example_dags/example_nested_branch_dag.py
[2022-02-05 19:23:39,749] {logging_mixin.py:109} INFO - [2022-02-05 19:23:39,748] {dag.py:2396} INFO - Sync 1 DAGs
[2022-02-05 19:23:39,774] {logging_mixin.py:109} INFO - [2022-02-05 19:23:39,774] {dag.py:2935} INFO - Setting next_dagrun for example_nested_branch_dag to 2022-02-04 00:00:00+00:00
[2022-02-05 19:23:39,788] {processor.py:171} INFO - Processing /home/airflow/.local/lib/python3.7/site-packages/airflow/example_dags/example_nested_branch_dag.py took 0.118 seconds
[2022-02-05 19:24:10,368] {processor.py:163} INFO - Started process (PID=405) to work on /home/airflow/.local/lib/python3.7/site-packages/airflow/example_dags/example_nested_branch_dag.py
[2022-02-05 19:24:10,369] {processor.py:642} INFO - Processing file /home/airflow/.local/lib/python3.7/site-packages/airflow/example_dags/example_nested_branch_dag.py for tasks to queue
[2022-02-05 19:24:10,370] {logging_mixin.py:109} INFO - [2022-02-05 19:24:10,370] {dagbag.py:500} INFO - Filling up the DagBag from /home/airflow/.local/lib/python3.7/site-packages/airflow/example_dags/example_nested_branch_dag.py
[2022-02-05 19:24:10,401] {processor.py:654} INFO - DAG(s) dict_keys(['example_nested_branch_dag']) retrieved from /home/airflow/.local/lib/python3.7/site-packages/airflow/example_dags/example_nested_branch_dag.py
[2022-02-05 19:24:10,412] {logging_mixin.py:109} INFO - [2022-02-05 19:24:10,412] {dag.py:2396} INFO - Sync 1 DAGs
[2022-02-05 19:24:10,432] {logging_mixin.py:109} INFO - [2022-02-05 19:24:10,432] {dag.py:2935} INFO - Setting next_dagrun for example_nested_branch_dag to 2022-02-04 00:00:00+00:00
[2022-02-05 19:24:10,442] {processor.py:171} INFO - Processing /home/airflow/.local/lib/python3.7/site-packages/airflow/example_dags/example_nested_branch_dag.py took 0.078 seconds
[2022-02-05 19:24:40,744] {processor.py:163} INFO - Started process (PID=457) to work on /home/airflow/.local/lib/python3.7/site-packages/airflow/example_dags/example_nested_branch_dag.py
[2022-02-05 19:24:40,745] {processor.py:642} INFO - Processing file /home/airflow/.local/lib/python3.7/site-packages/airflow/example_dags/example_nested_branch_dag.py for tasks to queue
[2022-02-05 19:24:40,746] {logging_mixin.py:109} INFO - [2022-02-05 19:24:40,746] {dagbag.py:500} INFO - Filling up the DagBag from /home/airflow/.local/lib/python3.7/site-packages/airflow/example_dags/example_nested_branch_dag.py
[2022-02-05 19:24:40,772] {processor.py:654} INFO - DAG(s) dict_keys(['example_nested_branch_dag']) retrieved from /home/airflow/.local/lib/python3.7/site-packages/airflow/example_dags/example_nested_branch_dag.py
[2022-02-05 19:24:40,782] {logging_mixin.py:109} INFO - [2022-02-05 19:24:40,782] {dag.py:2396} INFO - Sync 1 DAGs
[2022-02-05 19:24:40,801] {logging_mixin.py:109} INFO - [2022-02-05 19:24:40,801] {dag.py:2935} INFO - Setting next_dagrun for example_nested_branch_dag to 2022-02-04 00:00:00+00:00
[2022-02-05 19:24:40,810] {processor.py:171} INFO - Processing /home/airflow/.local/lib/python3.7/site-packages/airflow/example_dags/example_nested_branch_dag.py took 0.069 seconds
[2022-02-05 19:25:11,010] {processor.py:163} INFO - Started process (PID=519) to work on /home/airflow/.local/lib/python3.7/site-packages/airflow/example_dags/example_nested_branch_dag.py
[2022-02-05 19:25:11,013] {processor.py:642} INFO - Processing file /home/airflow/.local/lib/python3.7/site-packages/airflow/example_dags/example_nested_branch_dag.py for tasks to queue
[2022-02-05 19:25:11,013] {logging_mixin.py:109} INFO - [2022-02-05 19:25:11,013] {dagbag.py:500} INFO - Filling up the DagBag from /home/airflow/.local/lib/python3.7/site-packages/airflow/example_dags/example_nested_branch_dag.py
[2022-02-05 19:25:11,052] {processor.py:654} INFO - DAG(s) dict_keys(['example_nested_branch_dag']) retrieved from /home/airflow/.local/lib/python3.7/site-packages/airflow/example_dags/example_nested_branch_dag.py
[2022-02-05 19:25:11,071] {logging_mixin.py:109} INFO - [2022-02-05 19:25:11,070] {dag.py:2396} INFO - Sync 1 DAGs
[2022-02-05 19:25:11,095] {logging_mixin.py:109} INFO - [2022-02-05 19:25:11,095] {dag.py:2935} INFO - Setting next_dagrun for example_nested_branch_dag to 2022-02-04 00:00:00+00:00
[2022-02-05 19:25:11,108] {processor.py:171} INFO - Processing /home/airflow/.local/lib/python3.7/site-packages/airflow/example_dags/example_nested_branch_dag.py took 0.102 seconds
[2022-02-05 19:25:42,351] {processor.py:163} INFO - Started process (PID=573) to work on /home/airflow/.local/lib/python3.7/site-packages/airflow/example_dags/example_nested_branch_dag.py
[2022-02-05 19:25:42,353] {processor.py:642} INFO - Processing file /home/airflow/.local/lib/python3.7/site-packages/airflow/example_dags/example_nested_branch_dag.py for tasks to queue
[2022-02-05 19:25:42,354] {logging_mixin.py:109} INFO - [2022-02-05 19:25:42,354] {dagbag.py:500} INFO - Filling up the DagBag from /home/airflow/.local/lib/python3.7/site-packages/airflow/example_dags/example_nested_branch_dag.py
[2022-02-05 19:25:42,387] {processor.py:654} INFO - DAG(s) dict_keys(['example_nested_branch_dag']) retrieved from /home/airflow/.local/lib/python3.7/site-packages/airflow/example_dags/example_nested_branch_dag.py
[2022-02-05 19:25:42,400] {logging_mixin.py:109} INFO - [2022-02-05 19:25:42,399] {dag.py:2396} INFO - Sync 1 DAGs
[2022-02-05 19:25:42,421] {logging_mixin.py:109} INFO - [2022-02-05 19:25:42,420] {dag.py:2935} INFO - Setting next_dagrun for example_nested_branch_dag to 2022-02-04 00:00:00+00:00
[2022-02-05 19:25:42,435] {processor.py:171} INFO - Processing /home/airflow/.local/lib/python3.7/site-packages/airflow/example_dags/example_nested_branch_dag.py took 0.087 seconds
[2022-02-05 19:26:14,520] {processor.py:163} INFO - Started process (PID=636) to work on /home/airflow/.local/lib/python3.7/site-packages/airflow/example_dags/example_nested_branch_dag.py
[2022-02-05 19:26:14,525] {processor.py:642} INFO - Processing file /home/airflow/.local/lib/python3.7/site-packages/airflow/example_dags/example_nested_branch_dag.py for tasks to queue
[2022-02-05 19:26:14,526] {logging_mixin.py:109} INFO - [2022-02-05 19:26:14,526] {dagbag.py:500} INFO - Filling up the DagBag from /home/airflow/.local/lib/python3.7/site-packages/airflow/example_dags/example_nested_branch_dag.py
[2022-02-05 19:26:14,592] {processor.py:654} INFO - DAG(s) dict_keys(['example_nested_branch_dag']) retrieved from /home/airflow/.local/lib/python3.7/site-packages/airflow/example_dags/example_nested_branch_dag.py
[2022-02-05 19:26:14,608] {logging_mixin.py:109} INFO - [2022-02-05 19:26:14,608] {dag.py:2396} INFO - Sync 1 DAGs
[2022-02-05 19:26:14,651] {logging_mixin.py:109} INFO - [2022-02-05 19:26:14,651] {dag.py:2935} INFO - Setting next_dagrun for example_nested_branch_dag to 2022-02-04 00:00:00+00:00
[2022-02-05 19:26:14,667] {processor.py:171} INFO - Processing /home/airflow/.local/lib/python3.7/site-packages/airflow/example_dags/example_nested_branch_dag.py took 0.154 seconds
[2022-02-05 19:26:45,490] {processor.py:163} INFO - Started process (PID=691) to work on /home/airflow/.local/lib/python3.7/site-packages/airflow/example_dags/example_nested_branch_dag.py
[2022-02-05 19:26:45,491] {processor.py:642} INFO - Processing file /home/airflow/.local/lib/python3.7/site-packages/airflow/example_dags/example_nested_branch_dag.py for tasks to queue
[2022-02-05 19:26:45,491] {logging_mixin.py:109} INFO - [2022-02-05 19:26:45,491] {dagbag.py:500} INFO - Filling up the DagBag from /home/airflow/.local/lib/python3.7/site-packages/airflow/example_dags/example_nested_branch_dag.py
[2022-02-05 19:26:45,516] {processor.py:654} INFO - DAG(s) dict_keys(['example_nested_branch_dag']) retrieved from /home/airflow/.local/lib/python3.7/site-packages/airflow/example_dags/example_nested_branch_dag.py
[2022-02-05 19:26:45,524] {logging_mixin.py:109} INFO - [2022-02-05 19:26:45,524] {dag.py:2396} INFO - Sync 1 DAGs
[2022-02-05 19:26:45,539] {logging_mixin.py:109} INFO - [2022-02-05 19:26:45,539] {dag.py:2935} INFO - Setting next_dagrun for example_nested_branch_dag to 2022-02-04 00:00:00+00:00
[2022-02-05 19:26:45,548] {processor.py:171} INFO - Processing /home/airflow/.local/lib/python3.7/site-packages/airflow/example_dags/example_nested_branch_dag.py took 0.061 seconds
[2022-02-05 19:27:16,752] {processor.py:163} INFO - Started process (PID=753) to work on /home/airflow/.local/lib/python3.7/site-packages/airflow/example_dags/example_nested_branch_dag.py
[2022-02-05 19:27:16,753] {processor.py:642} INFO - Processing file /home/airflow/.local/lib/python3.7/site-packages/airflow/example_dags/example_nested_branch_dag.py for tasks to queue
[2022-02-05 19:27:16,754] {logging_mixin.py:109} INFO - [2022-02-05 19:27:16,754] {dagbag.py:500} INFO - Filling up the DagBag from /home/airflow/.local/lib/python3.7/site-packages/airflow/example_dags/example_nested_branch_dag.py
[2022-02-05 19:27:16,790] {processor.py:654} INFO - DAG(s) dict_keys(['example_nested_branch_dag']) retrieved from /home/airflow/.local/lib/python3.7/site-packages/airflow/example_dags/example_nested_branch_dag.py
[2022-02-05 19:27:16,802] {logging_mixin.py:109} INFO - [2022-02-05 19:27:16,802] {dag.py:2396} INFO - Sync 1 DAGs
[2022-02-05 19:27:16,837] {logging_mixin.py:109} INFO - [2022-02-05 19:27:16,837] {dag.py:2935} INFO - Setting next_dagrun for example_nested_branch_dag to 2022-02-04 00:00:00+00:00
[2022-02-05 19:27:16,852] {processor.py:171} INFO - Processing /home/airflow/.local/lib/python3.7/site-packages/airflow/example_dags/example_nested_branch_dag.py took 0.104 seconds
[2022-02-05 19:27:48,084] {processor.py:163} INFO - Started process (PID=805) to work on /home/airflow/.local/lib/python3.7/site-packages/airflow/example_dags/example_nested_branch_dag.py
[2022-02-05 19:27:48,086] {processor.py:642} INFO - Processing file /home/airflow/.local/lib/python3.7/site-packages/airflow/example_dags/example_nested_branch_dag.py for tasks to queue
[2022-02-05 19:27:48,086] {logging_mixin.py:109} INFO - [2022-02-05 19:27:48,086] {dagbag.py:500} INFO - Filling up the DagBag from /home/airflow/.local/lib/python3.7/site-packages/airflow/example_dags/example_nested_branch_dag.py
[2022-02-05 19:27:48,115] {processor.py:654} INFO - DAG(s) dict_keys(['example_nested_branch_dag']) retrieved from /home/airflow/.local/lib/python3.7/site-packages/airflow/example_dags/example_nested_branch_dag.py
[2022-02-05 19:27:48,126] {logging_mixin.py:109} INFO - [2022-02-05 19:27:48,125] {dag.py:2396} INFO - Sync 1 DAGs
[2022-02-05 19:27:48,142] {logging_mixin.py:109} INFO - [2022-02-05 19:27:48,142] {dag.py:2935} INFO - Setting next_dagrun for example_nested_branch_dag to 2022-02-04 00:00:00+00:00
[2022-02-05 19:27:48,152] {processor.py:171} INFO - Processing /home/airflow/.local/lib/python3.7/site-packages/airflow/example_dags/example_nested_branch_dag.py took 0.070 seconds
[2022-02-05 19:28:18,825] {processor.py:163} INFO - Started process (PID=869) to work on /home/airflow/.local/lib/python3.7/site-packages/airflow/example_dags/example_nested_branch_dag.py
[2022-02-05 19:28:18,827] {processor.py:642} INFO - Processing file /home/airflow/.local/lib/python3.7/site-packages/airflow/example_dags/example_nested_branch_dag.py for tasks to queue
[2022-02-05 19:28:18,827] {logging_mixin.py:109} INFO - [2022-02-05 19:28:18,827] {dagbag.py:500} INFO - Filling up the DagBag from /home/airflow/.local/lib/python3.7/site-packages/airflow/example_dags/example_nested_branch_dag.py
[2022-02-05 19:28:18,864] {processor.py:654} INFO - DAG(s) dict_keys(['example_nested_branch_dag']) retrieved from /home/airflow/.local/lib/python3.7/site-packages/airflow/example_dags/example_nested_branch_dag.py
[2022-02-05 19:28:18,880] {logging_mixin.py:109} INFO - [2022-02-05 19:28:18,880] {dag.py:2396} INFO - Sync 1 DAGs
[2022-02-05 19:28:18,909] {logging_mixin.py:109} INFO - [2022-02-05 19:28:18,909] {dag.py:2935} INFO - Setting next_dagrun for example_nested_branch_dag to 2022-02-04 00:00:00+00:00
[2022-02-05 19:28:18,929] {processor.py:171} INFO - Processing /home/airflow/.local/lib/python3.7/site-packages/airflow/example_dags/example_nested_branch_dag.py took 0.108 seconds
[2022-02-05 19:28:49,532] {processor.py:163} INFO - Started process (PID=922) to work on /home/airflow/.local/lib/python3.7/site-packages/airflow/example_dags/example_nested_branch_dag.py
[2022-02-05 19:28:49,534] {processor.py:642} INFO - Processing file /home/airflow/.local/lib/python3.7/site-packages/airflow/example_dags/example_nested_branch_dag.py for tasks to queue
[2022-02-05 19:28:49,535] {logging_mixin.py:109} INFO - [2022-02-05 19:28:49,535] {dagbag.py:500} INFO - Filling up the DagBag from /home/airflow/.local/lib/python3.7/site-packages/airflow/example_dags/example_nested_branch_dag.py
[2022-02-05 19:28:49,579] {processor.py:654} INFO - DAG(s) dict_keys(['example_nested_branch_dag']) retrieved from /home/airflow/.local/lib/python3.7/site-packages/airflow/example_dags/example_nested_branch_dag.py
[2022-02-05 19:28:49,592] {logging_mixin.py:109} INFO - [2022-02-05 19:28:49,591] {dag.py:2396} INFO - Sync 1 DAGs
[2022-02-05 19:28:49,613] {logging_mixin.py:109} INFO - [2022-02-05 19:28:49,613] {dag.py:2935} INFO - Setting next_dagrun for example_nested_branch_dag to 2022-02-04 00:00:00+00:00
[2022-02-05 19:28:49,624] {processor.py:171} INFO - Processing /home/airflow/.local/lib/python3.7/site-packages/airflow/example_dags/example_nested_branch_dag.py took 0.097 seconds
[2022-02-05 19:29:20,232] {processor.py:163} INFO - Started process (PID=985) to work on /home/airflow/.local/lib/python3.7/site-packages/airflow/example_dags/example_nested_branch_dag.py
[2022-02-05 19:29:20,239] {processor.py:642} INFO - Processing file /home/airflow/.local/lib/python3.7/site-packages/airflow/example_dags/example_nested_branch_dag.py for tasks to queue
[2022-02-05 19:29:20,239] {logging_mixin.py:109} INFO - [2022-02-05 19:29:20,239] {dagbag.py:500} INFO - Filling up the DagBag from /home/airflow/.local/lib/python3.7/site-packages/airflow/example_dags/example_nested_branch_dag.py
[2022-02-05 19:29:20,270] {processor.py:654} INFO - DAG(s) dict_keys(['example_nested_branch_dag']) retrieved from /home/airflow/.local/lib/python3.7/site-packages/airflow/example_dags/example_nested_branch_dag.py
[2022-02-05 19:29:20,281] {logging_mixin.py:109} INFO - [2022-02-05 19:29:20,281] {dag.py:2396} INFO - Sync 1 DAGs
[2022-02-05 19:29:20,299] {logging_mixin.py:109} INFO - [2022-02-05 19:29:20,299] {dag.py:2935} INFO - Setting next_dagrun for example_nested_branch_dag to 2022-02-04 00:00:00+00:00
[2022-02-05 19:29:20,311] {processor.py:171} INFO - Processing /home/airflow/.local/lib/python3.7/site-packages/airflow/example_dags/example_nested_branch_dag.py took 0.082 seconds
[2022-02-05 19:29:51,503] {processor.py:163} INFO - Started process (PID=1038) to work on /home/airflow/.local/lib/python3.7/site-packages/airflow/example_dags/example_nested_branch_dag.py
[2022-02-05 19:29:51,509] {processor.py:642} INFO - Processing file /home/airflow/.local/lib/python3.7/site-packages/airflow/example_dags/example_nested_branch_dag.py for tasks to queue
[2022-02-05 19:29:51,510] {logging_mixin.py:109} INFO - [2022-02-05 19:29:51,510] {dagbag.py:500} INFO - Filling up the DagBag from /home/airflow/.local/lib/python3.7/site-packages/airflow/example_dags/example_nested_branch_dag.py
[2022-02-05 19:29:51,547] {processor.py:654} INFO - DAG(s) dict_keys(['example_nested_branch_dag']) retrieved from /home/airflow/.local/lib/python3.7/site-packages/airflow/example_dags/example_nested_branch_dag.py
[2022-02-05 19:29:51,560] {logging_mixin.py:109} INFO - [2022-02-05 19:29:51,560] {dag.py:2396} INFO - Sync 1 DAGs
[2022-02-05 19:29:51,580] {logging_mixin.py:109} INFO - [2022-02-05 19:29:51,580] {dag.py:2935} INFO - Setting next_dagrun for example_nested_branch_dag to 2022-02-04 00:00:00+00:00
[2022-02-05 19:29:51,592] {processor.py:171} INFO - Processing /home/airflow/.local/lib/python3.7/site-packages/airflow/example_dags/example_nested_branch_dag.py took 0.093 seconds
[2022-02-05 19:30:22,139] {processor.py:163} INFO - Started process (PID=1100) to work on /home/airflow/.local/lib/python3.7/site-packages/airflow/example_dags/example_nested_branch_dag.py
[2022-02-05 19:30:22,140] {processor.py:642} INFO - Processing file /home/airflow/.local/lib/python3.7/site-packages/airflow/example_dags/example_nested_branch_dag.py for tasks to queue
[2022-02-05 19:30:22,140] {logging_mixin.py:109} INFO - [2022-02-05 19:30:22,140] {dagbag.py:500} INFO - Filling up the DagBag from /home/airflow/.local/lib/python3.7/site-packages/airflow/example_dags/example_nested_branch_dag.py
[2022-02-05 19:30:22,168] {processor.py:654} INFO - DAG(s) dict_keys(['example_nested_branch_dag']) retrieved from /home/airflow/.local/lib/python3.7/site-packages/airflow/example_dags/example_nested_branch_dag.py
[2022-02-05 19:30:22,179] {logging_mixin.py:109} INFO - [2022-02-05 19:30:22,179] {dag.py:2396} INFO - Sync 1 DAGs
[2022-02-05 19:30:22,194] {logging_mixin.py:109} INFO - [2022-02-05 19:30:22,194] {dag.py:2935} INFO - Setting next_dagrun for example_nested_branch_dag to 2022-02-04 00:00:00+00:00
[2022-02-05 19:30:22,205] {processor.py:171} INFO - Processing /home/airflow/.local/lib/python3.7/site-packages/airflow/example_dags/example_nested_branch_dag.py took 0.069 seconds
[2022-02-05 19:30:53,651] {processor.py:163} INFO - Started process (PID=1153) to work on /home/airflow/.local/lib/python3.7/site-packages/airflow/example_dags/example_nested_branch_dag.py
[2022-02-05 19:30:53,659] {processor.py:642} INFO - Processing file /home/airflow/.local/lib/python3.7/site-packages/airflow/example_dags/example_nested_branch_dag.py for tasks to queue
[2022-02-05 19:30:53,665] {logging_mixin.py:109} INFO - [2022-02-05 19:30:53,664] {dagbag.py:500} INFO - Filling up the DagBag from /home/airflow/.local/lib/python3.7/site-packages/airflow/example_dags/example_nested_branch_dag.py
[2022-02-05 19:30:53,757] {processor.py:654} INFO - DAG(s) dict_keys(['example_nested_branch_dag']) retrieved from /home/airflow/.local/lib/python3.7/site-packages/airflow/example_dags/example_nested_branch_dag.py
[2022-02-05 19:30:53,803] {logging_mixin.py:109} INFO - [2022-02-05 19:30:53,802] {dag.py:2396} INFO - Sync 1 DAGs
[2022-02-05 19:30:53,943] {logging_mixin.py:109} INFO - [2022-02-05 19:30:53,942] {dag.py:2935} INFO - Setting next_dagrun for example_nested_branch_dag to 2022-02-04 00:00:00+00:00
[2022-02-05 19:30:53,971] {processor.py:171} INFO - Processing /home/airflow/.local/lib/python3.7/site-packages/airflow/example_dags/example_nested_branch_dag.py took 0.328 seconds
[2022-02-05 19:31:24,654] {processor.py:163} INFO - Started process (PID=1216) to work on /home/airflow/.local/lib/python3.7/site-packages/airflow/example_dags/example_nested_branch_dag.py
[2022-02-05 19:31:24,655] {processor.py:642} INFO - Processing file /home/airflow/.local/lib/python3.7/site-packages/airflow/example_dags/example_nested_branch_dag.py for tasks to queue
[2022-02-05 19:31:24,656] {logging_mixin.py:109} INFO - [2022-02-05 19:31:24,656] {dagbag.py:500} INFO - Filling up the DagBag from /home/airflow/.local/lib/python3.7/site-packages/airflow/example_dags/example_nested_branch_dag.py
[2022-02-05 19:31:24,700] {processor.py:654} INFO - DAG(s) dict_keys(['example_nested_branch_dag']) retrieved from /home/airflow/.local/lib/python3.7/site-packages/airflow/example_dags/example_nested_branch_dag.py
[2022-02-05 19:31:24,715] {logging_mixin.py:109} INFO - [2022-02-05 19:31:24,715] {dag.py:2396} INFO - Sync 1 DAGs
[2022-02-05 19:31:24,743] {logging_mixin.py:109} INFO - [2022-02-05 19:31:24,743] {dag.py:2935} INFO - Setting next_dagrun for example_nested_branch_dag to 2022-02-04 00:00:00+00:00
[2022-02-05 19:31:24,755] {processor.py:171} INFO - Processing /home/airflow/.local/lib/python3.7/site-packages/airflow/example_dags/example_nested_branch_dag.py took 0.105 seconds
[2022-02-05 19:31:55,910] {processor.py:163} INFO - Started process (PID=1269) to work on /home/airflow/.local/lib/python3.7/site-packages/airflow/example_dags/example_nested_branch_dag.py
[2022-02-05 19:31:55,911] {processor.py:642} INFO - Processing file /home/airflow/.local/lib/python3.7/site-packages/airflow/example_dags/example_nested_branch_dag.py for tasks to queue
[2022-02-05 19:31:55,912] {logging_mixin.py:109} INFO - [2022-02-05 19:31:55,912] {dagbag.py:500} INFO - Filling up the DagBag from /home/airflow/.local/lib/python3.7/site-packages/airflow/example_dags/example_nested_branch_dag.py
[2022-02-05 19:31:55,936] {processor.py:654} INFO - DAG(s) dict_keys(['example_nested_branch_dag']) retrieved from /home/airflow/.local/lib/python3.7/site-packages/airflow/example_dags/example_nested_branch_dag.py
[2022-02-05 19:31:55,945] {logging_mixin.py:109} INFO - [2022-02-05 19:31:55,945] {dag.py:2396} INFO - Sync 1 DAGs
[2022-02-05 19:31:55,958] {logging_mixin.py:109} INFO - [2022-02-05 19:31:55,958] {dag.py:2935} INFO - Setting next_dagrun for example_nested_branch_dag to 2022-02-04 00:00:00+00:00
[2022-02-05 19:31:55,966] {processor.py:171} INFO - Processing /home/airflow/.local/lib/python3.7/site-packages/airflow/example_dags/example_nested_branch_dag.py took 0.058 seconds
[2022-02-05 19:32:26,266] {processor.py:163} INFO - Started process (PID=1327) to work on /home/airflow/.local/lib/python3.7/site-packages/airflow/example_dags/example_nested_branch_dag.py
[2022-02-05 19:32:26,285] {processor.py:642} INFO - Processing file /home/airflow/.local/lib/python3.7/site-packages/airflow/example_dags/example_nested_branch_dag.py for tasks to queue
[2022-02-05 19:32:26,285] {logging_mixin.py:109} INFO - [2022-02-05 19:32:26,285] {dagbag.py:500} INFO - Filling up the DagBag from /home/airflow/.local/lib/python3.7/site-packages/airflow/example_dags/example_nested_branch_dag.py
[2022-02-05 19:32:26,323] {processor.py:654} INFO - DAG(s) dict_keys(['example_nested_branch_dag']) retrieved from /home/airflow/.local/lib/python3.7/site-packages/airflow/example_dags/example_nested_branch_dag.py
[2022-02-05 19:32:26,337] {logging_mixin.py:109} INFO - [2022-02-05 19:32:26,337] {dag.py:2396} INFO - Sync 1 DAGs
[2022-02-05 19:32:26,358] {logging_mixin.py:109} INFO - [2022-02-05 19:32:26,358] {dag.py:2935} INFO - Setting next_dagrun for example_nested_branch_dag to 2022-02-04 00:00:00+00:00
[2022-02-05 19:32:26,370] {processor.py:171} INFO - Processing /home/airflow/.local/lib/python3.7/site-packages/airflow/example_dags/example_nested_branch_dag.py took 0.109 seconds
[2022-02-05 19:32:57,007] {processor.py:163} INFO - Started process (PID=1388) to work on /home/airflow/.local/lib/python3.7/site-packages/airflow/example_dags/example_nested_branch_dag.py
[2022-02-05 19:32:57,007] {processor.py:642} INFO - Processing file /home/airflow/.local/lib/python3.7/site-packages/airflow/example_dags/example_nested_branch_dag.py for tasks to queue
[2022-02-05 19:32:57,008] {logging_mixin.py:109} INFO - [2022-02-05 19:32:57,008] {dagbag.py:500} INFO - Filling up the DagBag from /home/airflow/.local/lib/python3.7/site-packages/airflow/example_dags/example_nested_branch_dag.py
[2022-02-05 19:32:57,034] {processor.py:654} INFO - DAG(s) dict_keys(['example_nested_branch_dag']) retrieved from /home/airflow/.local/lib/python3.7/site-packages/airflow/example_dags/example_nested_branch_dag.py
[2022-02-05 19:32:57,045] {logging_mixin.py:109} INFO - [2022-02-05 19:32:57,045] {dag.py:2396} INFO - Sync 1 DAGs
[2022-02-05 19:32:57,061] {logging_mixin.py:109} INFO - [2022-02-05 19:32:57,061] {dag.py:2935} INFO - Setting next_dagrun for example_nested_branch_dag to 2022-02-04 00:00:00+00:00
[2022-02-05 19:32:57,072] {processor.py:171} INFO - Processing /home/airflow/.local/lib/python3.7/site-packages/airflow/example_dags/example_nested_branch_dag.py took 0.068 seconds
[2022-02-05 19:33:27,332] {processor.py:163} INFO - Started process (PID=1453) to work on /home/airflow/.local/lib/python3.7/site-packages/airflow/example_dags/example_nested_branch_dag.py
[2022-02-05 19:33:27,334] {processor.py:642} INFO - Processing file /home/airflow/.local/lib/python3.7/site-packages/airflow/example_dags/example_nested_branch_dag.py for tasks to queue
[2022-02-05 19:33:27,334] {logging_mixin.py:109} INFO - [2022-02-05 19:33:27,334] {dagbag.py:500} INFO - Filling up the DagBag from /home/airflow/.local/lib/python3.7/site-packages/airflow/example_dags/example_nested_branch_dag.py
[2022-02-05 19:33:27,358] {processor.py:654} INFO - DAG(s) dict_keys(['example_nested_branch_dag']) retrieved from /home/airflow/.local/lib/python3.7/site-packages/airflow/example_dags/example_nested_branch_dag.py
[2022-02-05 19:33:27,367] {logging_mixin.py:109} INFO - [2022-02-05 19:33:27,367] {dag.py:2396} INFO - Sync 1 DAGs
[2022-02-05 19:33:27,384] {logging_mixin.py:109} INFO - [2022-02-05 19:33:27,383] {dag.py:2935} INFO - Setting next_dagrun for example_nested_branch_dag to 2022-02-04 00:00:00+00:00
[2022-02-05 19:33:27,392] {processor.py:171} INFO - Processing /home/airflow/.local/lib/python3.7/site-packages/airflow/example_dags/example_nested_branch_dag.py took 0.062 seconds
[2022-02-05 19:33:57,558] {processor.py:163} INFO - Started process (PID=1505) to work on /home/airflow/.local/lib/python3.7/site-packages/airflow/example_dags/example_nested_branch_dag.py
[2022-02-05 19:33:57,558] {processor.py:642} INFO - Processing file /home/airflow/.local/lib/python3.7/site-packages/airflow/example_dags/example_nested_branch_dag.py for tasks to queue
[2022-02-05 19:33:57,559] {logging_mixin.py:109} INFO - [2022-02-05 19:33:57,559] {dagbag.py:500} INFO - Filling up the DagBag from /home/airflow/.local/lib/python3.7/site-packages/airflow/example_dags/example_nested_branch_dag.py
[2022-02-05 19:33:57,584] {processor.py:654} INFO - DAG(s) dict_keys(['example_nested_branch_dag']) retrieved from /home/airflow/.local/lib/python3.7/site-packages/airflow/example_dags/example_nested_branch_dag.py
[2022-02-05 19:33:57,593] {logging_mixin.py:109} INFO - [2022-02-05 19:33:57,592] {dag.py:2396} INFO - Sync 1 DAGs
[2022-02-05 19:33:57,609] {logging_mixin.py:109} INFO - [2022-02-05 19:33:57,609] {dag.py:2935} INFO - Setting next_dagrun for example_nested_branch_dag to 2022-02-04 00:00:00+00:00
[2022-02-05 19:33:57,618] {processor.py:171} INFO - Processing /home/airflow/.local/lib/python3.7/site-packages/airflow/example_dags/example_nested_branch_dag.py took 0.063 seconds
[2022-02-05 19:34:28,639] {processor.py:163} INFO - Started process (PID=1566) to work on /home/airflow/.local/lib/python3.7/site-packages/airflow/example_dags/example_nested_branch_dag.py
[2022-02-05 19:34:28,640] {processor.py:642} INFO - Processing file /home/airflow/.local/lib/python3.7/site-packages/airflow/example_dags/example_nested_branch_dag.py for tasks to queue
[2022-02-05 19:34:28,641] {logging_mixin.py:109} INFO - [2022-02-05 19:34:28,641] {dagbag.py:500} INFO - Filling up the DagBag from /home/airflow/.local/lib/python3.7/site-packages/airflow/example_dags/example_nested_branch_dag.py
[2022-02-05 19:34:28,667] {processor.py:654} INFO - DAG(s) dict_keys(['example_nested_branch_dag']) retrieved from /home/airflow/.local/lib/python3.7/site-packages/airflow/example_dags/example_nested_branch_dag.py
[2022-02-05 19:34:28,677] {logging_mixin.py:109} INFO - [2022-02-05 19:34:28,677] {dag.py:2396} INFO - Sync 1 DAGs
[2022-02-05 19:34:28,692] {logging_mixin.py:109} INFO - [2022-02-05 19:34:28,692] {dag.py:2935} INFO - Setting next_dagrun for example_nested_branch_dag to 2022-02-04 00:00:00+00:00
[2022-02-05 19:34:28,700] {processor.py:171} INFO - Processing /home/airflow/.local/lib/python3.7/site-packages/airflow/example_dags/example_nested_branch_dag.py took 0.064 seconds
[2022-02-05 19:34:59,615] {processor.py:163} INFO - Started process (PID=1618) to work on /home/airflow/.local/lib/python3.7/site-packages/airflow/example_dags/example_nested_branch_dag.py
[2022-02-05 19:34:59,616] {processor.py:642} INFO - Processing file /home/airflow/.local/lib/python3.7/site-packages/airflow/example_dags/example_nested_branch_dag.py for tasks to queue
[2022-02-05 19:34:59,616] {logging_mixin.py:109} INFO - [2022-02-05 19:34:59,616] {dagbag.py:500} INFO - Filling up the DagBag from /home/airflow/.local/lib/python3.7/site-packages/airflow/example_dags/example_nested_branch_dag.py
[2022-02-05 19:34:59,640] {processor.py:654} INFO - DAG(s) dict_keys(['example_nested_branch_dag']) retrieved from /home/airflow/.local/lib/python3.7/site-packages/airflow/example_dags/example_nested_branch_dag.py
[2022-02-05 19:34:59,648] {logging_mixin.py:109} INFO - [2022-02-05 19:34:59,648] {dag.py:2396} INFO - Sync 1 DAGs
[2022-02-05 19:34:59,665] {logging_mixin.py:109} INFO - [2022-02-05 19:34:59,665] {dag.py:2935} INFO - Setting next_dagrun for example_nested_branch_dag to 2022-02-04 00:00:00+00:00
[2022-02-05 19:34:59,675] {processor.py:171} INFO - Processing /home/airflow/.local/lib/python3.7/site-packages/airflow/example_dags/example_nested_branch_dag.py took 0.063 seconds
[2022-02-05 19:35:29,718] {processor.py:163} INFO - Started process (PID=1679) to work on /home/airflow/.local/lib/python3.7/site-packages/airflow/example_dags/example_nested_branch_dag.py
[2022-02-05 19:35:29,719] {processor.py:642} INFO - Processing file /home/airflow/.local/lib/python3.7/site-packages/airflow/example_dags/example_nested_branch_dag.py for tasks to queue
[2022-02-05 19:35:29,720] {logging_mixin.py:109} INFO - [2022-02-05 19:35:29,720] {dagbag.py:500} INFO - Filling up the DagBag from /home/airflow/.local/lib/python3.7/site-packages/airflow/example_dags/example_nested_branch_dag.py
[2022-02-05 19:35:29,744] {processor.py:654} INFO - DAG(s) dict_keys(['example_nested_branch_dag']) retrieved from /home/airflow/.local/lib/python3.7/site-packages/airflow/example_dags/example_nested_branch_dag.py
[2022-02-05 19:35:29,753] {logging_mixin.py:109} INFO - [2022-02-05 19:35:29,753] {dag.py:2396} INFO - Sync 1 DAGs
[2022-02-05 19:35:29,766] {logging_mixin.py:109} INFO - [2022-02-05 19:35:29,766] {dag.py:2935} INFO - Setting next_dagrun for example_nested_branch_dag to 2022-02-04 00:00:00+00:00
[2022-02-05 19:35:29,776] {processor.py:171} INFO - Processing /home/airflow/.local/lib/python3.7/site-packages/airflow/example_dags/example_nested_branch_dag.py took 0.061 seconds
[2022-02-05 19:36:00,611] {processor.py:163} INFO - Started process (PID=1732) to work on /home/airflow/.local/lib/python3.7/site-packages/airflow/example_dags/example_nested_branch_dag.py
[2022-02-05 19:36:00,613] {processor.py:642} INFO - Processing file /home/airflow/.local/lib/python3.7/site-packages/airflow/example_dags/example_nested_branch_dag.py for tasks to queue
[2022-02-05 19:36:00,614] {logging_mixin.py:109} INFO - [2022-02-05 19:36:00,613] {dagbag.py:500} INFO - Filling up the DagBag from /home/airflow/.local/lib/python3.7/site-packages/airflow/example_dags/example_nested_branch_dag.py
[2022-02-05 19:36:00,649] {processor.py:654} INFO - DAG(s) dict_keys(['example_nested_branch_dag']) retrieved from /home/airflow/.local/lib/python3.7/site-packages/airflow/example_dags/example_nested_branch_dag.py
[2022-02-05 19:36:00,662] {logging_mixin.py:109} INFO - [2022-02-05 19:36:00,662] {dag.py:2396} INFO - Sync 1 DAGs
[2022-02-05 19:36:00,694] {logging_mixin.py:109} INFO - [2022-02-05 19:36:00,693] {dag.py:2935} INFO - Setting next_dagrun for example_nested_branch_dag to 2022-02-04 00:00:00+00:00
[2022-02-05 19:36:00,709] {processor.py:171} INFO - Processing /home/airflow/.local/lib/python3.7/site-packages/airflow/example_dags/example_nested_branch_dag.py took 0.102 seconds
[2022-02-05 19:36:31,262] {processor.py:163} INFO - Started process (PID=1794) to work on /home/airflow/.local/lib/python3.7/site-packages/airflow/example_dags/example_nested_branch_dag.py
[2022-02-05 19:36:31,266] {processor.py:642} INFO - Processing file /home/airflow/.local/lib/python3.7/site-packages/airflow/example_dags/example_nested_branch_dag.py for tasks to queue
[2022-02-05 19:36:31,267] {logging_mixin.py:109} INFO - [2022-02-05 19:36:31,267] {dagbag.py:500} INFO - Filling up the DagBag from /home/airflow/.local/lib/python3.7/site-packages/airflow/example_dags/example_nested_branch_dag.py
[2022-02-05 19:36:31,291] {processor.py:654} INFO - DAG(s) dict_keys(['example_nested_branch_dag']) retrieved from /home/airflow/.local/lib/python3.7/site-packages/airflow/example_dags/example_nested_branch_dag.py
[2022-02-05 19:36:31,301] {logging_mixin.py:109} INFO - [2022-02-05 19:36:31,301] {dag.py:2396} INFO - Sync 1 DAGs
[2022-02-05 19:36:31,316] {logging_mixin.py:109} INFO - [2022-02-05 19:36:31,316] {dag.py:2935} INFO - Setting next_dagrun for example_nested_branch_dag to 2022-02-04 00:00:00+00:00
[2022-02-05 19:36:31,324] {processor.py:171} INFO - Processing /home/airflow/.local/lib/python3.7/site-packages/airflow/example_dags/example_nested_branch_dag.py took 0.065 seconds
[2022-02-05 19:37:02,370] {processor.py:163} INFO - Started process (PID=1845) to work on /home/airflow/.local/lib/python3.7/site-packages/airflow/example_dags/example_nested_branch_dag.py
[2022-02-05 19:37:02,372] {processor.py:642} INFO - Processing file /home/airflow/.local/lib/python3.7/site-packages/airflow/example_dags/example_nested_branch_dag.py for tasks to queue
[2022-02-05 19:37:02,372] {logging_mixin.py:109} INFO - [2022-02-05 19:37:02,372] {dagbag.py:500} INFO - Filling up the DagBag from /home/airflow/.local/lib/python3.7/site-packages/airflow/example_dags/example_nested_branch_dag.py
[2022-02-05 19:37:02,397] {processor.py:654} INFO - DAG(s) dict_keys(['example_nested_branch_dag']) retrieved from /home/airflow/.local/lib/python3.7/site-packages/airflow/example_dags/example_nested_branch_dag.py
[2022-02-05 19:37:02,405] {logging_mixin.py:109} INFO - [2022-02-05 19:37:02,405] {dag.py:2396} INFO - Sync 1 DAGs
[2022-02-05 19:37:02,418] {logging_mixin.py:109} INFO - [2022-02-05 19:37:02,418] {dag.py:2935} INFO - Setting next_dagrun for example_nested_branch_dag to 2022-02-04 00:00:00+00:00
[2022-02-05 19:37:02,426] {processor.py:171} INFO - Processing /home/airflow/.local/lib/python3.7/site-packages/airflow/example_dags/example_nested_branch_dag.py took 0.058 seconds
[2022-02-05 19:37:32,718] {processor.py:163} INFO - Started process (PID=1908) to work on /home/airflow/.local/lib/python3.7/site-packages/airflow/example_dags/example_nested_branch_dag.py
[2022-02-05 19:37:32,720] {processor.py:642} INFO - Processing file /home/airflow/.local/lib/python3.7/site-packages/airflow/example_dags/example_nested_branch_dag.py for tasks to queue
[2022-02-05 19:37:32,720] {logging_mixin.py:109} INFO - [2022-02-05 19:37:32,720] {dagbag.py:500} INFO - Filling up the DagBag from /home/airflow/.local/lib/python3.7/site-packages/airflow/example_dags/example_nested_branch_dag.py
[2022-02-05 19:37:32,746] {processor.py:654} INFO - DAG(s) dict_keys(['example_nested_branch_dag']) retrieved from /home/airflow/.local/lib/python3.7/site-packages/airflow/example_dags/example_nested_branch_dag.py
[2022-02-05 19:37:32,756] {logging_mixin.py:109} INFO - [2022-02-05 19:37:32,756] {dag.py:2396} INFO - Sync 1 DAGs
[2022-02-05 19:37:32,770] {logging_mixin.py:109} INFO - [2022-02-05 19:37:32,770] {dag.py:2935} INFO - Setting next_dagrun for example_nested_branch_dag to 2022-02-04 00:00:00+00:00
[2022-02-05 19:37:32,779] {processor.py:171} INFO - Processing /home/airflow/.local/lib/python3.7/site-packages/airflow/example_dags/example_nested_branch_dag.py took 0.063 seconds
[2022-02-05 19:38:03,488] {processor.py:163} INFO - Started process (PID=1971) to work on /home/airflow/.local/lib/python3.7/site-packages/airflow/example_dags/example_nested_branch_dag.py
[2022-02-05 19:38:03,489] {processor.py:642} INFO - Processing file /home/airflow/.local/lib/python3.7/site-packages/airflow/example_dags/example_nested_branch_dag.py for tasks to queue
[2022-02-05 19:38:03,490] {logging_mixin.py:109} INFO - [2022-02-05 19:38:03,490] {dagbag.py:500} INFO - Filling up the DagBag from /home/airflow/.local/lib/python3.7/site-packages/airflow/example_dags/example_nested_branch_dag.py
[2022-02-05 19:38:03,527] {processor.py:654} INFO - DAG(s) dict_keys(['example_nested_branch_dag']) retrieved from /home/airflow/.local/lib/python3.7/site-packages/airflow/example_dags/example_nested_branch_dag.py
[2022-02-05 19:38:03,538] {logging_mixin.py:109} INFO - [2022-02-05 19:38:03,538] {dag.py:2396} INFO - Sync 1 DAGs
[2022-02-05 19:38:03,555] {logging_mixin.py:109} INFO - [2022-02-05 19:38:03,555] {dag.py:2935} INFO - Setting next_dagrun for example_nested_branch_dag to 2022-02-04 00:00:00+00:00
[2022-02-05 19:38:03,565] {processor.py:171} INFO - Processing /home/airflow/.local/lib/python3.7/site-packages/airflow/example_dags/example_nested_branch_dag.py took 0.081 seconds
[2022-02-05 19:38:34,110] {processor.py:163} INFO - Started process (PID=2024) to work on /home/airflow/.local/lib/python3.7/site-packages/airflow/example_dags/example_nested_branch_dag.py
[2022-02-05 19:38:34,112] {processor.py:642} INFO - Processing file /home/airflow/.local/lib/python3.7/site-packages/airflow/example_dags/example_nested_branch_dag.py for tasks to queue
[2022-02-05 19:38:34,112] {logging_mixin.py:109} INFO - [2022-02-05 19:38:34,112] {dagbag.py:500} INFO - Filling up the DagBag from /home/airflow/.local/lib/python3.7/site-packages/airflow/example_dags/example_nested_branch_dag.py
[2022-02-05 19:38:34,136] {processor.py:654} INFO - DAG(s) dict_keys(['example_nested_branch_dag']) retrieved from /home/airflow/.local/lib/python3.7/site-packages/airflow/example_dags/example_nested_branch_dag.py
[2022-02-05 19:38:34,144] {logging_mixin.py:109} INFO - [2022-02-05 19:38:34,144] {dag.py:2396} INFO - Sync 1 DAGs
[2022-02-05 19:38:34,158] {logging_mixin.py:109} INFO - [2022-02-05 19:38:34,158] {dag.py:2935} INFO - Setting next_dagrun for example_nested_branch_dag to 2022-02-04 00:00:00+00:00
[2022-02-05 19:38:34,166] {processor.py:171} INFO - Processing /home/airflow/.local/lib/python3.7/site-packages/airflow/example_dags/example_nested_branch_dag.py took 0.058 seconds
[2022-02-05 19:39:04,386] {processor.py:163} INFO - Started process (PID=2078) to work on /home/airflow/.local/lib/python3.7/site-packages/airflow/example_dags/example_nested_branch_dag.py
[2022-02-05 19:39:04,387] {processor.py:642} INFO - Processing file /home/airflow/.local/lib/python3.7/site-packages/airflow/example_dags/example_nested_branch_dag.py for tasks to queue
[2022-02-05 19:39:04,388] {logging_mixin.py:109} INFO - [2022-02-05 19:39:04,388] {dagbag.py:500} INFO - Filling up the DagBag from /home/airflow/.local/lib/python3.7/site-packages/airflow/example_dags/example_nested_branch_dag.py
[2022-02-05 19:39:04,416] {processor.py:654} INFO - DAG(s) dict_keys(['example_nested_branch_dag']) retrieved from /home/airflow/.local/lib/python3.7/site-packages/airflow/example_dags/example_nested_branch_dag.py
[2022-02-05 19:39:04,426] {logging_mixin.py:109} INFO - [2022-02-05 19:39:04,426] {dag.py:2396} INFO - Sync 1 DAGs
[2022-02-05 19:39:04,445] {logging_mixin.py:109} INFO - [2022-02-05 19:39:04,445] {dag.py:2935} INFO - Setting next_dagrun for example_nested_branch_dag to 2022-02-04 00:00:00+00:00
[2022-02-05 19:39:04,455] {processor.py:171} INFO - Processing /home/airflow/.local/lib/python3.7/site-packages/airflow/example_dags/example_nested_branch_dag.py took 0.072 seconds
[2022-02-05 19:39:34,829] {processor.py:163} INFO - Started process (PID=2144) to work on /home/airflow/.local/lib/python3.7/site-packages/airflow/example_dags/example_nested_branch_dag.py
[2022-02-05 19:39:34,833] {processor.py:642} INFO - Processing file /home/airflow/.local/lib/python3.7/site-packages/airflow/example_dags/example_nested_branch_dag.py for tasks to queue
[2022-02-05 19:39:34,834] {logging_mixin.py:109} INFO - [2022-02-05 19:39:34,834] {dagbag.py:500} INFO - Filling up the DagBag from /home/airflow/.local/lib/python3.7/site-packages/airflow/example_dags/example_nested_branch_dag.py
[2022-02-05 19:39:34,878] {processor.py:654} INFO - DAG(s) dict_keys(['example_nested_branch_dag']) retrieved from /home/airflow/.local/lib/python3.7/site-packages/airflow/example_dags/example_nested_branch_dag.py
[2022-02-05 19:39:34,895] {logging_mixin.py:109} INFO - [2022-02-05 19:39:34,895] {dag.py:2396} INFO - Sync 1 DAGs
[2022-02-05 19:39:34,923] {logging_mixin.py:109} INFO - [2022-02-05 19:39:34,922] {dag.py:2935} INFO - Setting next_dagrun for example_nested_branch_dag to 2022-02-04 00:00:00+00:00
[2022-02-05 19:39:35,045] {processor.py:171} INFO - Processing /home/airflow/.local/lib/python3.7/site-packages/airflow/example_dags/example_nested_branch_dag.py took 0.220 seconds
[2022-02-05 19:40:06,879] {processor.py:163} INFO - Started process (PID=2197) to work on /home/airflow/.local/lib/python3.7/site-packages/airflow/example_dags/example_nested_branch_dag.py
[2022-02-05 19:40:06,908] {processor.py:642} INFO - Processing file /home/airflow/.local/lib/python3.7/site-packages/airflow/example_dags/example_nested_branch_dag.py for tasks to queue
[2022-02-05 19:40:06,915] {logging_mixin.py:109} INFO - [2022-02-05 19:40:06,915] {dagbag.py:500} INFO - Filling up the DagBag from /home/airflow/.local/lib/python3.7/site-packages/airflow/example_dags/example_nested_branch_dag.py
[2022-02-05 19:40:07,152] {processor.py:654} INFO - DAG(s) dict_keys(['example_nested_branch_dag']) retrieved from /home/airflow/.local/lib/python3.7/site-packages/airflow/example_dags/example_nested_branch_dag.py
[2022-02-05 19:40:07,179] {logging_mixin.py:109} INFO - [2022-02-05 19:40:07,178] {dag.py:2396} INFO - Sync 1 DAGs
[2022-02-05 19:40:07,381] {logging_mixin.py:109} INFO - [2022-02-05 19:40:07,381] {dag.py:2935} INFO - Setting next_dagrun for example_nested_branch_dag to 2022-02-04 00:00:00+00:00
[2022-02-05 19:40:07,397] {processor.py:171} INFO - Processing /home/airflow/.local/lib/python3.7/site-packages/airflow/example_dags/example_nested_branch_dag.py took 0.538 seconds
[2022-02-05 19:40:37,925] {processor.py:163} INFO - Started process (PID=2264) to work on /home/airflow/.local/lib/python3.7/site-packages/airflow/example_dags/example_nested_branch_dag.py
[2022-02-05 19:40:37,939] {processor.py:642} INFO - Processing file /home/airflow/.local/lib/python3.7/site-packages/airflow/example_dags/example_nested_branch_dag.py for tasks to queue
[2022-02-05 19:40:37,940] {logging_mixin.py:109} INFO - [2022-02-05 19:40:37,940] {dagbag.py:500} INFO - Filling up the DagBag from /home/airflow/.local/lib/python3.7/site-packages/airflow/example_dags/example_nested_branch_dag.py
[2022-02-05 19:40:37,969] {processor.py:654} INFO - DAG(s) dict_keys(['example_nested_branch_dag']) retrieved from /home/airflow/.local/lib/python3.7/site-packages/airflow/example_dags/example_nested_branch_dag.py
[2022-02-05 19:40:37,981] {logging_mixin.py:109} INFO - [2022-02-05 19:40:37,980] {dag.py:2396} INFO - Sync 1 DAGs
[2022-02-05 19:40:38,101] {logging_mixin.py:109} INFO - [2022-02-05 19:40:38,101] {dag.py:2935} INFO - Setting next_dagrun for example_nested_branch_dag to 2022-02-04 00:00:00+00:00
[2022-02-05 19:40:38,114] {processor.py:171} INFO - Processing /home/airflow/.local/lib/python3.7/site-packages/airflow/example_dags/example_nested_branch_dag.py took 0.192 seconds
[2022-02-05 19:41:08,477] {processor.py:163} INFO - Started process (PID=2317) to work on /home/airflow/.local/lib/python3.7/site-packages/airflow/example_dags/example_nested_branch_dag.py
[2022-02-05 19:41:08,479] {processor.py:642} INFO - Processing file /home/airflow/.local/lib/python3.7/site-packages/airflow/example_dags/example_nested_branch_dag.py for tasks to queue
[2022-02-05 19:41:08,479] {logging_mixin.py:109} INFO - [2022-02-05 19:41:08,479] {dagbag.py:500} INFO - Filling up the DagBag from /home/airflow/.local/lib/python3.7/site-packages/airflow/example_dags/example_nested_branch_dag.py
[2022-02-05 19:41:08,504] {processor.py:654} INFO - DAG(s) dict_keys(['example_nested_branch_dag']) retrieved from /home/airflow/.local/lib/python3.7/site-packages/airflow/example_dags/example_nested_branch_dag.py
[2022-02-05 19:41:08,513] {logging_mixin.py:109} INFO - [2022-02-05 19:41:08,513] {dag.py:2396} INFO - Sync 1 DAGs
[2022-02-05 19:41:08,605] {logging_mixin.py:109} INFO - [2022-02-05 19:41:08,605] {dag.py:2935} INFO - Setting next_dagrun for example_nested_branch_dag to 2022-02-04 00:00:00+00:00
[2022-02-05 19:41:08,618] {processor.py:171} INFO - Processing /home/airflow/.local/lib/python3.7/site-packages/airflow/example_dags/example_nested_branch_dag.py took 0.144 seconds
[2022-02-05 19:41:38,699] {processor.py:163} INFO - Started process (PID=2378) to work on /home/airflow/.local/lib/python3.7/site-packages/airflow/example_dags/example_nested_branch_dag.py
[2022-02-05 19:41:38,702] {processor.py:642} INFO - Processing file /home/airflow/.local/lib/python3.7/site-packages/airflow/example_dags/example_nested_branch_dag.py for tasks to queue
[2022-02-05 19:41:38,702] {logging_mixin.py:109} INFO - [2022-02-05 19:41:38,702] {dagbag.py:500} INFO - Filling up the DagBag from /home/airflow/.local/lib/python3.7/site-packages/airflow/example_dags/example_nested_branch_dag.py
[2022-02-05 19:41:38,740] {processor.py:654} INFO - DAG(s) dict_keys(['example_nested_branch_dag']) retrieved from /home/airflow/.local/lib/python3.7/site-packages/airflow/example_dags/example_nested_branch_dag.py
[2022-02-05 19:41:38,857] {logging_mixin.py:109} INFO - [2022-02-05 19:41:38,857] {dag.py:2396} INFO - Sync 1 DAGs
[2022-02-05 19:41:38,882] {logging_mixin.py:109} INFO - [2022-02-05 19:41:38,882] {dag.py:2935} INFO - Setting next_dagrun for example_nested_branch_dag to 2022-02-04 00:00:00+00:00
[2022-02-05 19:41:38,897] {processor.py:171} INFO - Processing /home/airflow/.local/lib/python3.7/site-packages/airflow/example_dags/example_nested_branch_dag.py took 0.202 seconds
[2022-02-05 19:42:09,203] {processor.py:163} INFO - Started process (PID=2430) to work on /home/airflow/.local/lib/python3.7/site-packages/airflow/example_dags/example_nested_branch_dag.py
[2022-02-05 19:42:09,205] {processor.py:642} INFO - Processing file /home/airflow/.local/lib/python3.7/site-packages/airflow/example_dags/example_nested_branch_dag.py for tasks to queue
[2022-02-05 19:42:09,205] {logging_mixin.py:109} INFO - [2022-02-05 19:42:09,205] {dagbag.py:500} INFO - Filling up the DagBag from /home/airflow/.local/lib/python3.7/site-packages/airflow/example_dags/example_nested_branch_dag.py
[2022-02-05 19:42:09,317] {processor.py:654} INFO - DAG(s) dict_keys(['example_nested_branch_dag']) retrieved from /home/airflow/.local/lib/python3.7/site-packages/airflow/example_dags/example_nested_branch_dag.py
[2022-02-05 19:42:09,326] {logging_mixin.py:109} INFO - [2022-02-05 19:42:09,326] {dag.py:2396} INFO - Sync 1 DAGs
[2022-02-05 19:42:09,340] {logging_mixin.py:109} INFO - [2022-02-05 19:42:09,340] {dag.py:2935} INFO - Setting next_dagrun for example_nested_branch_dag to 2022-02-04 00:00:00+00:00
[2022-02-05 19:42:09,351] {processor.py:171} INFO - Processing /home/airflow/.local/lib/python3.7/site-packages/airflow/example_dags/example_nested_branch_dag.py took 0.151 seconds
[2022-02-05 19:42:39,528] {processor.py:163} INFO - Started process (PID=2493) to work on /home/airflow/.local/lib/python3.7/site-packages/airflow/example_dags/example_nested_branch_dag.py
[2022-02-05 19:42:39,529] {processor.py:642} INFO - Processing file /home/airflow/.local/lib/python3.7/site-packages/airflow/example_dags/example_nested_branch_dag.py for tasks to queue
[2022-02-05 19:42:39,530] {logging_mixin.py:109} INFO - [2022-02-05 19:42:39,530] {dagbag.py:500} INFO - Filling up the DagBag from /home/airflow/.local/lib/python3.7/site-packages/airflow/example_dags/example_nested_branch_dag.py
[2022-02-05 19:42:39,626] {processor.py:654} INFO - DAG(s) dict_keys(['example_nested_branch_dag']) retrieved from /home/airflow/.local/lib/python3.7/site-packages/airflow/example_dags/example_nested_branch_dag.py
[2022-02-05 19:42:39,634] {logging_mixin.py:109} INFO - [2022-02-05 19:42:39,634] {dag.py:2396} INFO - Sync 1 DAGs
[2022-02-05 19:42:39,647] {logging_mixin.py:109} INFO - [2022-02-05 19:42:39,647] {dag.py:2935} INFO - Setting next_dagrun for example_nested_branch_dag to 2022-02-04 00:00:00+00:00
[2022-02-05 19:42:39,655] {processor.py:171} INFO - Processing /home/airflow/.local/lib/python3.7/site-packages/airflow/example_dags/example_nested_branch_dag.py took 0.130 seconds
[2022-02-05 19:43:10,211] {processor.py:163} INFO - Started process (PID=2545) to work on /home/airflow/.local/lib/python3.7/site-packages/airflow/example_dags/example_nested_branch_dag.py
[2022-02-05 19:43:10,214] {processor.py:642} INFO - Processing file /home/airflow/.local/lib/python3.7/site-packages/airflow/example_dags/example_nested_branch_dag.py for tasks to queue
[2022-02-05 19:43:10,214] {logging_mixin.py:109} INFO - [2022-02-05 19:43:10,214] {dagbag.py:500} INFO - Filling up the DagBag from /home/airflow/.local/lib/python3.7/site-packages/airflow/example_dags/example_nested_branch_dag.py
[2022-02-05 19:43:10,319] {processor.py:654} INFO - DAG(s) dict_keys(['example_nested_branch_dag']) retrieved from /home/airflow/.local/lib/python3.7/site-packages/airflow/example_dags/example_nested_branch_dag.py
[2022-02-05 19:43:10,328] {logging_mixin.py:109} INFO - [2022-02-05 19:43:10,328] {dag.py:2396} INFO - Sync 1 DAGs
[2022-02-05 19:43:10,343] {logging_mixin.py:109} INFO - [2022-02-05 19:43:10,342] {dag.py:2935} INFO - Setting next_dagrun for example_nested_branch_dag to 2022-02-04 00:00:00+00:00
[2022-02-05 19:43:10,353] {processor.py:171} INFO - Processing /home/airflow/.local/lib/python3.7/site-packages/airflow/example_dags/example_nested_branch_dag.py took 0.145 seconds
[2022-02-05 19:43:41,048] {processor.py:163} INFO - Started process (PID=2609) to work on /home/airflow/.local/lib/python3.7/site-packages/airflow/example_dags/example_nested_branch_dag.py
[2022-02-05 19:43:41,050] {processor.py:642} INFO - Processing file /home/airflow/.local/lib/python3.7/site-packages/airflow/example_dags/example_nested_branch_dag.py for tasks to queue
[2022-02-05 19:43:41,051] {logging_mixin.py:109} INFO - [2022-02-05 19:43:41,051] {dagbag.py:500} INFO - Filling up the DagBag from /home/airflow/.local/lib/python3.7/site-packages/airflow/example_dags/example_nested_branch_dag.py
[2022-02-05 19:43:41,151] {processor.py:654} INFO - DAG(s) dict_keys(['example_nested_branch_dag']) retrieved from /home/airflow/.local/lib/python3.7/site-packages/airflow/example_dags/example_nested_branch_dag.py
[2022-02-05 19:43:41,158] {logging_mixin.py:109} INFO - [2022-02-05 19:43:41,158] {dag.py:2396} INFO - Sync 1 DAGs
[2022-02-05 19:43:41,169] {logging_mixin.py:109} INFO - [2022-02-05 19:43:41,169] {dag.py:2935} INFO - Setting next_dagrun for example_nested_branch_dag to 2022-02-04 00:00:00+00:00
[2022-02-05 19:43:41,177] {processor.py:171} INFO - Processing /home/airflow/.local/lib/python3.7/site-packages/airflow/example_dags/example_nested_branch_dag.py took 0.132 seconds
[2022-02-05 19:44:11,279] {processor.py:163} INFO - Started process (PID=2666) to work on /home/airflow/.local/lib/python3.7/site-packages/airflow/example_dags/example_nested_branch_dag.py
[2022-02-05 19:44:11,280] {processor.py:642} INFO - Processing file /home/airflow/.local/lib/python3.7/site-packages/airflow/example_dags/example_nested_branch_dag.py for tasks to queue
[2022-02-05 19:44:11,280] {logging_mixin.py:109} INFO - [2022-02-05 19:44:11,280] {dagbag.py:500} INFO - Filling up the DagBag from /home/airflow/.local/lib/python3.7/site-packages/airflow/example_dags/example_nested_branch_dag.py
[2022-02-05 19:44:11,372] {processor.py:654} INFO - DAG(s) dict_keys(['example_nested_branch_dag']) retrieved from /home/airflow/.local/lib/python3.7/site-packages/airflow/example_dags/example_nested_branch_dag.py
[2022-02-05 19:44:11,379] {logging_mixin.py:109} INFO - [2022-02-05 19:44:11,379] {dag.py:2396} INFO - Sync 1 DAGs
[2022-02-05 19:44:11,390] {logging_mixin.py:109} INFO - [2022-02-05 19:44:11,390] {dag.py:2935} INFO - Setting next_dagrun for example_nested_branch_dag to 2022-02-04 00:00:00+00:00
[2022-02-05 19:44:11,400] {processor.py:171} INFO - Processing /home/airflow/.local/lib/python3.7/site-packages/airflow/example_dags/example_nested_branch_dag.py took 0.124 seconds
[2022-02-05 19:44:42,031] {processor.py:163} INFO - Started process (PID=2728) to work on /home/airflow/.local/lib/python3.7/site-packages/airflow/example_dags/example_nested_branch_dag.py
[2022-02-05 19:44:42,034] {processor.py:642} INFO - Processing file /home/airflow/.local/lib/python3.7/site-packages/airflow/example_dags/example_nested_branch_dag.py for tasks to queue
[2022-02-05 19:44:42,034] {logging_mixin.py:109} INFO - [2022-02-05 19:44:42,034] {dagbag.py:500} INFO - Filling up the DagBag from /home/airflow/.local/lib/python3.7/site-packages/airflow/example_dags/example_nested_branch_dag.py
[2022-02-05 19:44:42,059] {processor.py:654} INFO - DAG(s) dict_keys(['example_nested_branch_dag']) retrieved from /home/airflow/.local/lib/python3.7/site-packages/airflow/example_dags/example_nested_branch_dag.py
[2022-02-05 19:44:42,067] {logging_mixin.py:109} INFO - [2022-02-05 19:44:42,067] {dag.py:2396} INFO - Sync 1 DAGs
[2022-02-05 19:44:42,081] {logging_mixin.py:109} INFO - [2022-02-05 19:44:42,081] {dag.py:2935} INFO - Setting next_dagrun for example_nested_branch_dag to 2022-02-04 00:00:00+00:00
[2022-02-05 19:44:42,091] {processor.py:171} INFO - Processing /home/airflow/.local/lib/python3.7/site-packages/airflow/example_dags/example_nested_branch_dag.py took 0.062 seconds
[2022-02-05 19:45:12,897] {processor.py:163} INFO - Started process (PID=2780) to work on /home/airflow/.local/lib/python3.7/site-packages/airflow/example_dags/example_nested_branch_dag.py
[2022-02-05 19:45:12,897] {processor.py:642} INFO - Processing file /home/airflow/.local/lib/python3.7/site-packages/airflow/example_dags/example_nested_branch_dag.py for tasks to queue
[2022-02-05 19:45:12,898] {logging_mixin.py:109} INFO - [2022-02-05 19:45:12,898] {dagbag.py:500} INFO - Filling up the DagBag from /home/airflow/.local/lib/python3.7/site-packages/airflow/example_dags/example_nested_branch_dag.py
[2022-02-05 19:45:12,923] {processor.py:654} INFO - DAG(s) dict_keys(['example_nested_branch_dag']) retrieved from /home/airflow/.local/lib/python3.7/site-packages/airflow/example_dags/example_nested_branch_dag.py
[2022-02-05 19:45:12,931] {logging_mixin.py:109} INFO - [2022-02-05 19:45:12,931] {dag.py:2396} INFO - Sync 1 DAGs
[2022-02-05 19:45:12,944] {logging_mixin.py:109} INFO - [2022-02-05 19:45:12,944] {dag.py:2935} INFO - Setting next_dagrun for example_nested_branch_dag to 2022-02-04 00:00:00+00:00
[2022-02-05 19:45:12,953] {processor.py:171} INFO - Processing /home/airflow/.local/lib/python3.7/site-packages/airflow/example_dags/example_nested_branch_dag.py took 0.059 seconds
[2022-02-05 19:45:43,816] {processor.py:163} INFO - Started process (PID=2843) to work on /home/airflow/.local/lib/python3.7/site-packages/airflow/example_dags/example_nested_branch_dag.py
[2022-02-05 19:45:43,818] {processor.py:642} INFO - Processing file /home/airflow/.local/lib/python3.7/site-packages/airflow/example_dags/example_nested_branch_dag.py for tasks to queue
[2022-02-05 19:45:43,818] {logging_mixin.py:109} INFO - [2022-02-05 19:45:43,818] {dagbag.py:500} INFO - Filling up the DagBag from /home/airflow/.local/lib/python3.7/site-packages/airflow/example_dags/example_nested_branch_dag.py
[2022-02-05 19:45:43,841] {processor.py:654} INFO - DAG(s) dict_keys(['example_nested_branch_dag']) retrieved from /home/airflow/.local/lib/python3.7/site-packages/airflow/example_dags/example_nested_branch_dag.py
[2022-02-05 19:45:43,849] {logging_mixin.py:109} INFO - [2022-02-05 19:45:43,849] {dag.py:2396} INFO - Sync 1 DAGs
[2022-02-05 19:45:43,862] {logging_mixin.py:109} INFO - [2022-02-05 19:45:43,862] {dag.py:2935} INFO - Setting next_dagrun for example_nested_branch_dag to 2022-02-04 00:00:00+00:00
[2022-02-05 19:45:43,869] {processor.py:171} INFO - Processing /home/airflow/.local/lib/python3.7/site-packages/airflow/example_dags/example_nested_branch_dag.py took 0.056 seconds
[2022-02-05 19:46:14,655] {processor.py:163} INFO - Started process (PID=2896) to work on /home/airflow/.local/lib/python3.7/site-packages/airflow/example_dags/example_nested_branch_dag.py
[2022-02-05 19:46:14,657] {processor.py:642} INFO - Processing file /home/airflow/.local/lib/python3.7/site-packages/airflow/example_dags/example_nested_branch_dag.py for tasks to queue
[2022-02-05 19:46:14,658] {logging_mixin.py:109} INFO - [2022-02-05 19:46:14,658] {dagbag.py:500} INFO - Filling up the DagBag from /home/airflow/.local/lib/python3.7/site-packages/airflow/example_dags/example_nested_branch_dag.py
[2022-02-05 19:46:14,682] {processor.py:654} INFO - DAG(s) dict_keys(['example_nested_branch_dag']) retrieved from /home/airflow/.local/lib/python3.7/site-packages/airflow/example_dags/example_nested_branch_dag.py
[2022-02-05 19:46:14,690] {logging_mixin.py:109} INFO - [2022-02-05 19:46:14,690] {dag.py:2396} INFO - Sync 1 DAGs
[2022-02-05 19:46:14,702] {logging_mixin.py:109} INFO - [2022-02-05 19:46:14,702] {dag.py:2935} INFO - Setting next_dagrun for example_nested_branch_dag to 2022-02-04 00:00:00+00:00
[2022-02-05 19:46:14,711] {processor.py:171} INFO - Processing /home/airflow/.local/lib/python3.7/site-packages/airflow/example_dags/example_nested_branch_dag.py took 0.059 seconds
[2022-02-05 19:46:45,382] {processor.py:163} INFO - Started process (PID=2957) to work on /home/airflow/.local/lib/python3.7/site-packages/airflow/example_dags/example_nested_branch_dag.py
[2022-02-05 19:46:45,383] {processor.py:642} INFO - Processing file /home/airflow/.local/lib/python3.7/site-packages/airflow/example_dags/example_nested_branch_dag.py for tasks to queue
[2022-02-05 19:46:45,384] {logging_mixin.py:109} INFO - [2022-02-05 19:46:45,384] {dagbag.py:500} INFO - Filling up the DagBag from /home/airflow/.local/lib/python3.7/site-packages/airflow/example_dags/example_nested_branch_dag.py
[2022-02-05 19:46:45,410] {processor.py:654} INFO - DAG(s) dict_keys(['example_nested_branch_dag']) retrieved from /home/airflow/.local/lib/python3.7/site-packages/airflow/example_dags/example_nested_branch_dag.py
[2022-02-05 19:46:45,419] {logging_mixin.py:109} INFO - [2022-02-05 19:46:45,419] {dag.py:2396} INFO - Sync 1 DAGs
[2022-02-05 19:46:45,434] {logging_mixin.py:109} INFO - [2022-02-05 19:46:45,433] {dag.py:2935} INFO - Setting next_dagrun for example_nested_branch_dag to 2022-02-04 00:00:00+00:00
[2022-02-05 19:46:45,442] {processor.py:171} INFO - Processing /home/airflow/.local/lib/python3.7/site-packages/airflow/example_dags/example_nested_branch_dag.py took 0.063 seconds
[2022-02-05 19:47:16,251] {processor.py:163} INFO - Started process (PID=3018) to work on /home/airflow/.local/lib/python3.7/site-packages/airflow/example_dags/example_nested_branch_dag.py
[2022-02-05 19:47:16,253] {processor.py:642} INFO - Processing file /home/airflow/.local/lib/python3.7/site-packages/airflow/example_dags/example_nested_branch_dag.py for tasks to queue
[2022-02-05 19:47:16,254] {logging_mixin.py:109} INFO - [2022-02-05 19:47:16,254] {dagbag.py:500} INFO - Filling up the DagBag from /home/airflow/.local/lib/python3.7/site-packages/airflow/example_dags/example_nested_branch_dag.py
[2022-02-05 19:47:16,288] {processor.py:654} INFO - DAG(s) dict_keys(['example_nested_branch_dag']) retrieved from /home/airflow/.local/lib/python3.7/site-packages/airflow/example_dags/example_nested_branch_dag.py
[2022-02-05 19:47:16,300] {logging_mixin.py:109} INFO - [2022-02-05 19:47:16,300] {dag.py:2396} INFO - Sync 1 DAGs
[2022-02-05 19:47:16,321] {logging_mixin.py:109} INFO - [2022-02-05 19:47:16,321] {dag.py:2935} INFO - Setting next_dagrun for example_nested_branch_dag to 2022-02-04 00:00:00+00:00
[2022-02-05 19:47:16,332] {processor.py:171} INFO - Processing /home/airflow/.local/lib/python3.7/site-packages/airflow/example_dags/example_nested_branch_dag.py took 0.085 seconds
[2022-02-05 19:47:47,021] {processor.py:163} INFO - Started process (PID=3070) to work on /home/airflow/.local/lib/python3.7/site-packages/airflow/example_dags/example_nested_branch_dag.py
[2022-02-05 19:47:47,021] {processor.py:642} INFO - Processing file /home/airflow/.local/lib/python3.7/site-packages/airflow/example_dags/example_nested_branch_dag.py for tasks to queue
[2022-02-05 19:47:47,022] {logging_mixin.py:109} INFO - [2022-02-05 19:47:47,022] {dagbag.py:500} INFO - Filling up the DagBag from /home/airflow/.local/lib/python3.7/site-packages/airflow/example_dags/example_nested_branch_dag.py
[2022-02-05 19:47:47,046] {processor.py:654} INFO - DAG(s) dict_keys(['example_nested_branch_dag']) retrieved from /home/airflow/.local/lib/python3.7/site-packages/airflow/example_dags/example_nested_branch_dag.py
[2022-02-05 19:47:47,055] {logging_mixin.py:109} INFO - [2022-02-05 19:47:47,055] {dag.py:2396} INFO - Sync 1 DAGs
[2022-02-05 19:47:47,068] {logging_mixin.py:109} INFO - [2022-02-05 19:47:47,068] {dag.py:2935} INFO - Setting next_dagrun for example_nested_branch_dag to 2022-02-04 00:00:00+00:00
[2022-02-05 19:47:47,076] {processor.py:171} INFO - Processing /home/airflow/.local/lib/python3.7/site-packages/airflow/example_dags/example_nested_branch_dag.py took 0.058 seconds
[2022-02-05 19:48:17,349] {processor.py:163} INFO - Started process (PID=3133) to work on /home/airflow/.local/lib/python3.7/site-packages/airflow/example_dags/example_nested_branch_dag.py
[2022-02-05 19:48:17,350] {processor.py:642} INFO - Processing file /home/airflow/.local/lib/python3.7/site-packages/airflow/example_dags/example_nested_branch_dag.py for tasks to queue
[2022-02-05 19:48:17,351] {logging_mixin.py:109} INFO - [2022-02-05 19:48:17,351] {dagbag.py:500} INFO - Filling up the DagBag from /home/airflow/.local/lib/python3.7/site-packages/airflow/example_dags/example_nested_branch_dag.py
[2022-02-05 19:48:17,380] {processor.py:654} INFO - DAG(s) dict_keys(['example_nested_branch_dag']) retrieved from /home/airflow/.local/lib/python3.7/site-packages/airflow/example_dags/example_nested_branch_dag.py
[2022-02-05 19:48:17,389] {logging_mixin.py:109} INFO - [2022-02-05 19:48:17,389] {dag.py:2396} INFO - Sync 1 DAGs
[2022-02-05 19:48:17,405] {logging_mixin.py:109} INFO - [2022-02-05 19:48:17,405] {dag.py:2935} INFO - Setting next_dagrun for example_nested_branch_dag to 2022-02-04 00:00:00+00:00
[2022-02-05 19:48:17,414] {processor.py:171} INFO - Processing /home/airflow/.local/lib/python3.7/site-packages/airflow/example_dags/example_nested_branch_dag.py took 0.068 seconds
[2022-02-05 19:48:47,693] {processor.py:163} INFO - Started process (PID=3186) to work on /home/airflow/.local/lib/python3.7/site-packages/airflow/example_dags/example_nested_branch_dag.py
[2022-02-05 19:48:47,694] {processor.py:642} INFO - Processing file /home/airflow/.local/lib/python3.7/site-packages/airflow/example_dags/example_nested_branch_dag.py for tasks to queue
[2022-02-05 19:48:47,695] {logging_mixin.py:109} INFO - [2022-02-05 19:48:47,695] {dagbag.py:500} INFO - Filling up the DagBag from /home/airflow/.local/lib/python3.7/site-packages/airflow/example_dags/example_nested_branch_dag.py
[2022-02-05 19:48:47,724] {processor.py:654} INFO - DAG(s) dict_keys(['example_nested_branch_dag']) retrieved from /home/airflow/.local/lib/python3.7/site-packages/airflow/example_dags/example_nested_branch_dag.py
[2022-02-05 19:48:47,735] {logging_mixin.py:109} INFO - [2022-02-05 19:48:47,734] {dag.py:2396} INFO - Sync 1 DAGs
[2022-02-05 19:48:47,750] {logging_mixin.py:109} INFO - [2022-02-05 19:48:47,750] {dag.py:2935} INFO - Setting next_dagrun for example_nested_branch_dag to 2022-02-04 00:00:00+00:00
[2022-02-05 19:48:47,762] {processor.py:171} INFO - Processing /home/airflow/.local/lib/python3.7/site-packages/airflow/example_dags/example_nested_branch_dag.py took 0.072 seconds
[2022-02-05 19:49:18,363] {processor.py:163} INFO - Started process (PID=3251) to work on /home/airflow/.local/lib/python3.7/site-packages/airflow/example_dags/example_nested_branch_dag.py
[2022-02-05 19:49:18,364] {processor.py:642} INFO - Processing file /home/airflow/.local/lib/python3.7/site-packages/airflow/example_dags/example_nested_branch_dag.py for tasks to queue
[2022-02-05 19:49:18,365] {logging_mixin.py:109} INFO - [2022-02-05 19:49:18,365] {dagbag.py:500} INFO - Filling up the DagBag from /home/airflow/.local/lib/python3.7/site-packages/airflow/example_dags/example_nested_branch_dag.py
[2022-02-05 19:49:18,405] {processor.py:654} INFO - DAG(s) dict_keys(['example_nested_branch_dag']) retrieved from /home/airflow/.local/lib/python3.7/site-packages/airflow/example_dags/example_nested_branch_dag.py
[2022-02-05 19:49:18,420] {logging_mixin.py:109} INFO - [2022-02-05 19:49:18,420] {dag.py:2396} INFO - Sync 1 DAGs
[2022-02-05 19:49:18,468] {logging_mixin.py:109} INFO - [2022-02-05 19:49:18,468] {dag.py:2935} INFO - Setting next_dagrun for example_nested_branch_dag to 2022-02-04 00:00:00+00:00
[2022-02-05 19:49:18,499] {processor.py:171} INFO - Processing /home/airflow/.local/lib/python3.7/site-packages/airflow/example_dags/example_nested_branch_dag.py took 0.140 seconds
[2022-02-05 19:49:49,151] {processor.py:163} INFO - Started process (PID=3304) to work on /home/airflow/.local/lib/python3.7/site-packages/airflow/example_dags/example_nested_branch_dag.py
[2022-02-05 19:49:49,152] {processor.py:642} INFO - Processing file /home/airflow/.local/lib/python3.7/site-packages/airflow/example_dags/example_nested_branch_dag.py for tasks to queue
[2022-02-05 19:49:49,152] {logging_mixin.py:109} INFO - [2022-02-05 19:49:49,152] {dagbag.py:500} INFO - Filling up the DagBag from /home/airflow/.local/lib/python3.7/site-packages/airflow/example_dags/example_nested_branch_dag.py
[2022-02-05 19:49:49,178] {processor.py:654} INFO - DAG(s) dict_keys(['example_nested_branch_dag']) retrieved from /home/airflow/.local/lib/python3.7/site-packages/airflow/example_dags/example_nested_branch_dag.py
[2022-02-05 19:49:49,187] {logging_mixin.py:109} INFO - [2022-02-05 19:49:49,187] {dag.py:2396} INFO - Sync 1 DAGs
[2022-02-05 19:49:49,201] {logging_mixin.py:109} INFO - [2022-02-05 19:49:49,201] {dag.py:2935} INFO - Setting next_dagrun for example_nested_branch_dag to 2022-02-04 00:00:00+00:00
[2022-02-05 19:49:49,210] {processor.py:171} INFO - Processing /home/airflow/.local/lib/python3.7/site-packages/airflow/example_dags/example_nested_branch_dag.py took 0.062 seconds
[2022-02-05 19:50:19,978] {processor.py:163} INFO - Started process (PID=3357) to work on /home/airflow/.local/lib/python3.7/site-packages/airflow/example_dags/example_nested_branch_dag.py
[2022-02-05 19:50:19,979] {processor.py:642} INFO - Processing file /home/airflow/.local/lib/python3.7/site-packages/airflow/example_dags/example_nested_branch_dag.py for tasks to queue
[2022-02-05 19:50:19,979] {logging_mixin.py:109} INFO - [2022-02-05 19:50:19,979] {dagbag.py:500} INFO - Filling up the DagBag from /home/airflow/.local/lib/python3.7/site-packages/airflow/example_dags/example_nested_branch_dag.py
[2022-02-05 19:50:20,005] {processor.py:654} INFO - DAG(s) dict_keys(['example_nested_branch_dag']) retrieved from /home/airflow/.local/lib/python3.7/site-packages/airflow/example_dags/example_nested_branch_dag.py
[2022-02-05 19:50:20,014] {logging_mixin.py:109} INFO - [2022-02-05 19:50:20,014] {dag.py:2396} INFO - Sync 1 DAGs
[2022-02-05 19:50:20,028] {logging_mixin.py:109} INFO - [2022-02-05 19:50:20,028] {dag.py:2935} INFO - Setting next_dagrun for example_nested_branch_dag to 2022-02-04 00:00:00+00:00
[2022-02-05 19:50:20,037] {processor.py:171} INFO - Processing /home/airflow/.local/lib/python3.7/site-packages/airflow/example_dags/example_nested_branch_dag.py took 0.062 seconds
[2022-02-05 19:50:50,635] {processor.py:163} INFO - Started process (PID=3418) to work on /home/airflow/.local/lib/python3.7/site-packages/airflow/example_dags/example_nested_branch_dag.py
[2022-02-05 19:50:50,638] {processor.py:642} INFO - Processing file /home/airflow/.local/lib/python3.7/site-packages/airflow/example_dags/example_nested_branch_dag.py for tasks to queue
[2022-02-05 19:50:50,638] {logging_mixin.py:109} INFO - [2022-02-05 19:50:50,638] {dagbag.py:500} INFO - Filling up the DagBag from /home/airflow/.local/lib/python3.7/site-packages/airflow/example_dags/example_nested_branch_dag.py
[2022-02-05 19:50:50,670] {processor.py:654} INFO - DAG(s) dict_keys(['example_nested_branch_dag']) retrieved from /home/airflow/.local/lib/python3.7/site-packages/airflow/example_dags/example_nested_branch_dag.py
[2022-02-05 19:50:50,681] {logging_mixin.py:109} INFO - [2022-02-05 19:50:50,681] {dag.py:2396} INFO - Sync 1 DAGs
[2022-02-05 19:50:50,700] {logging_mixin.py:109} INFO - [2022-02-05 19:50:50,700] {dag.py:2935} INFO - Setting next_dagrun for example_nested_branch_dag to 2022-02-04 00:00:00+00:00
[2022-02-05 19:50:50,712] {processor.py:171} INFO - Processing /home/airflow/.local/lib/python3.7/site-packages/airflow/example_dags/example_nested_branch_dag.py took 0.081 seconds
[2022-02-05 19:51:20,949] {processor.py:163} INFO - Started process (PID=3470) to work on /home/airflow/.local/lib/python3.7/site-packages/airflow/example_dags/example_nested_branch_dag.py
[2022-02-05 19:51:20,950] {processor.py:642} INFO - Processing file /home/airflow/.local/lib/python3.7/site-packages/airflow/example_dags/example_nested_branch_dag.py for tasks to queue
[2022-02-05 19:51:20,951] {logging_mixin.py:109} INFO - [2022-02-05 19:51:20,951] {dagbag.py:500} INFO - Filling up the DagBag from /home/airflow/.local/lib/python3.7/site-packages/airflow/example_dags/example_nested_branch_dag.py
[2022-02-05 19:51:20,994] {processor.py:654} INFO - DAG(s) dict_keys(['example_nested_branch_dag']) retrieved from /home/airflow/.local/lib/python3.7/site-packages/airflow/example_dags/example_nested_branch_dag.py
[2022-02-05 19:51:21,011] {logging_mixin.py:109} INFO - [2022-02-05 19:51:21,011] {dag.py:2396} INFO - Sync 1 DAGs
[2022-02-05 19:51:21,038] {logging_mixin.py:109} INFO - [2022-02-05 19:51:21,038] {dag.py:2935} INFO - Setting next_dagrun for example_nested_branch_dag to 2022-02-04 00:00:00+00:00
[2022-02-05 19:51:21,051] {processor.py:171} INFO - Processing /home/airflow/.local/lib/python3.7/site-packages/airflow/example_dags/example_nested_branch_dag.py took 0.106 seconds
[2022-02-05 19:51:51,900] {processor.py:163} INFO - Started process (PID=3531) to work on /home/airflow/.local/lib/python3.7/site-packages/airflow/example_dags/example_nested_branch_dag.py
[2022-02-05 19:51:51,902] {processor.py:642} INFO - Processing file /home/airflow/.local/lib/python3.7/site-packages/airflow/example_dags/example_nested_branch_dag.py for tasks to queue
[2022-02-05 19:51:51,902] {logging_mixin.py:109} INFO - [2022-02-05 19:51:51,902] {dagbag.py:500} INFO - Filling up the DagBag from /home/airflow/.local/lib/python3.7/site-packages/airflow/example_dags/example_nested_branch_dag.py
[2022-02-05 19:51:51,927] {processor.py:654} INFO - DAG(s) dict_keys(['example_nested_branch_dag']) retrieved from /home/airflow/.local/lib/python3.7/site-packages/airflow/example_dags/example_nested_branch_dag.py
[2022-02-05 19:51:51,935] {logging_mixin.py:109} INFO - [2022-02-05 19:51:51,935] {dag.py:2396} INFO - Sync 1 DAGs
[2022-02-05 19:51:51,948] {logging_mixin.py:109} INFO - [2022-02-05 19:51:51,948] {dag.py:2935} INFO - Setting next_dagrun for example_nested_branch_dag to 2022-02-04 00:00:00+00:00
[2022-02-05 19:51:51,956] {processor.py:171} INFO - Processing /home/airflow/.local/lib/python3.7/site-packages/airflow/example_dags/example_nested_branch_dag.py took 0.059 seconds
[2022-02-05 19:52:22,473] {processor.py:163} INFO - Started process (PID=3583) to work on /home/airflow/.local/lib/python3.7/site-packages/airflow/example_dags/example_nested_branch_dag.py
[2022-02-05 19:52:22,474] {processor.py:642} INFO - Processing file /home/airflow/.local/lib/python3.7/site-packages/airflow/example_dags/example_nested_branch_dag.py for tasks to queue
[2022-02-05 19:52:22,475] {logging_mixin.py:109} INFO - [2022-02-05 19:52:22,475] {dagbag.py:500} INFO - Filling up the DagBag from /home/airflow/.local/lib/python3.7/site-packages/airflow/example_dags/example_nested_branch_dag.py
[2022-02-05 19:52:22,511] {processor.py:654} INFO - DAG(s) dict_keys(['example_nested_branch_dag']) retrieved from /home/airflow/.local/lib/python3.7/site-packages/airflow/example_dags/example_nested_branch_dag.py
[2022-02-05 19:52:22,523] {logging_mixin.py:109} INFO - [2022-02-05 19:52:22,523] {dag.py:2396} INFO - Sync 1 DAGs
[2022-02-05 19:52:22,543] {logging_mixin.py:109} INFO - [2022-02-05 19:52:22,543] {dag.py:2935} INFO - Setting next_dagrun for example_nested_branch_dag to 2022-02-04 00:00:00+00:00
[2022-02-05 19:52:22,556] {processor.py:171} INFO - Processing /home/airflow/.local/lib/python3.7/site-packages/airflow/example_dags/example_nested_branch_dag.py took 0.087 seconds
[2022-02-05 19:52:53,118] {processor.py:163} INFO - Started process (PID=3646) to work on /home/airflow/.local/lib/python3.7/site-packages/airflow/example_dags/example_nested_branch_dag.py
[2022-02-05 19:52:53,119] {processor.py:642} INFO - Processing file /home/airflow/.local/lib/python3.7/site-packages/airflow/example_dags/example_nested_branch_dag.py for tasks to queue
[2022-02-05 19:52:53,120] {logging_mixin.py:109} INFO - [2022-02-05 19:52:53,120] {dagbag.py:500} INFO - Filling up the DagBag from /home/airflow/.local/lib/python3.7/site-packages/airflow/example_dags/example_nested_branch_dag.py
[2022-02-05 19:52:53,145] {processor.py:654} INFO - DAG(s) dict_keys(['example_nested_branch_dag']) retrieved from /home/airflow/.local/lib/python3.7/site-packages/airflow/example_dags/example_nested_branch_dag.py
[2022-02-05 19:52:53,153] {logging_mixin.py:109} INFO - [2022-02-05 19:52:53,153] {dag.py:2396} INFO - Sync 1 DAGs
[2022-02-05 19:52:53,167] {logging_mixin.py:109} INFO - [2022-02-05 19:52:53,167] {dag.py:2935} INFO - Setting next_dagrun for example_nested_branch_dag to 2022-02-04 00:00:00+00:00
[2022-02-05 19:52:53,176] {processor.py:171} INFO - Processing /home/airflow/.local/lib/python3.7/site-packages/airflow/example_dags/example_nested_branch_dag.py took 0.061 seconds
[2022-02-05 19:53:24,125] {processor.py:163} INFO - Started process (PID=3699) to work on /home/airflow/.local/lib/python3.7/site-packages/airflow/example_dags/example_nested_branch_dag.py
[2022-02-05 19:53:24,127] {processor.py:642} INFO - Processing file /home/airflow/.local/lib/python3.7/site-packages/airflow/example_dags/example_nested_branch_dag.py for tasks to queue
[2022-02-05 19:53:24,127] {logging_mixin.py:109} INFO - [2022-02-05 19:53:24,127] {dagbag.py:500} INFO - Filling up the DagBag from /home/airflow/.local/lib/python3.7/site-packages/airflow/example_dags/example_nested_branch_dag.py
[2022-02-05 19:53:24,153] {processor.py:654} INFO - DAG(s) dict_keys(['example_nested_branch_dag']) retrieved from /home/airflow/.local/lib/python3.7/site-packages/airflow/example_dags/example_nested_branch_dag.py
[2022-02-05 19:53:24,161] {logging_mixin.py:109} INFO - [2022-02-05 19:53:24,161] {dag.py:2396} INFO - Sync 1 DAGs
[2022-02-05 19:53:24,175] {logging_mixin.py:109} INFO - [2022-02-05 19:53:24,175] {dag.py:2935} INFO - Setting next_dagrun for example_nested_branch_dag to 2022-02-04 00:00:00+00:00
[2022-02-05 19:53:24,183] {processor.py:171} INFO - Processing /home/airflow/.local/lib/python3.7/site-packages/airflow/example_dags/example_nested_branch_dag.py took 0.062 seconds
[2022-02-05 19:53:54,629] {processor.py:163} INFO - Started process (PID=3761) to work on /home/airflow/.local/lib/python3.7/site-packages/airflow/example_dags/example_nested_branch_dag.py
[2022-02-05 19:53:54,630] {processor.py:642} INFO - Processing file /home/airflow/.local/lib/python3.7/site-packages/airflow/example_dags/example_nested_branch_dag.py for tasks to queue
[2022-02-05 19:53:54,630] {logging_mixin.py:109} INFO - [2022-02-05 19:53:54,630] {dagbag.py:500} INFO - Filling up the DagBag from /home/airflow/.local/lib/python3.7/site-packages/airflow/example_dags/example_nested_branch_dag.py
[2022-02-05 19:53:54,654] {processor.py:654} INFO - DAG(s) dict_keys(['example_nested_branch_dag']) retrieved from /home/airflow/.local/lib/python3.7/site-packages/airflow/example_dags/example_nested_branch_dag.py
[2022-02-05 19:53:54,662] {logging_mixin.py:109} INFO - [2022-02-05 19:53:54,662] {dag.py:2396} INFO - Sync 1 DAGs
[2022-02-05 19:53:54,675] {logging_mixin.py:109} INFO - [2022-02-05 19:53:54,675] {dag.py:2935} INFO - Setting next_dagrun for example_nested_branch_dag to 2022-02-04 00:00:00+00:00
[2022-02-05 19:53:54,684] {processor.py:171} INFO - Processing /home/airflow/.local/lib/python3.7/site-packages/airflow/example_dags/example_nested_branch_dag.py took 0.058 seconds
[2022-02-05 19:54:25,604] {processor.py:163} INFO - Started process (PID=3814) to work on /home/airflow/.local/lib/python3.7/site-packages/airflow/example_dags/example_nested_branch_dag.py
[2022-02-05 19:54:25,606] {processor.py:642} INFO - Processing file /home/airflow/.local/lib/python3.7/site-packages/airflow/example_dags/example_nested_branch_dag.py for tasks to queue
[2022-02-05 19:54:25,606] {logging_mixin.py:109} INFO - [2022-02-05 19:54:25,606] {dagbag.py:500} INFO - Filling up the DagBag from /home/airflow/.local/lib/python3.7/site-packages/airflow/example_dags/example_nested_branch_dag.py
[2022-02-05 19:54:25,663] {processor.py:654} INFO - DAG(s) dict_keys(['example_nested_branch_dag']) retrieved from /home/airflow/.local/lib/python3.7/site-packages/airflow/example_dags/example_nested_branch_dag.py
[2022-02-05 19:54:25,673] {logging_mixin.py:109} INFO - [2022-02-05 19:54:25,673] {dag.py:2396} INFO - Sync 1 DAGs
[2022-02-05 19:54:25,689] {logging_mixin.py:109} INFO - [2022-02-05 19:54:25,689] {dag.py:2935} INFO - Setting next_dagrun for example_nested_branch_dag to 2022-02-04 00:00:00+00:00
[2022-02-05 19:54:25,699] {processor.py:171} INFO - Processing /home/airflow/.local/lib/python3.7/site-packages/airflow/example_dags/example_nested_branch_dag.py took 0.098 seconds
[2022-02-05 19:54:55,776] {processor.py:163} INFO - Started process (PID=3876) to work on /home/airflow/.local/lib/python3.7/site-packages/airflow/example_dags/example_nested_branch_dag.py
[2022-02-05 19:54:55,778] {processor.py:642} INFO - Processing file /home/airflow/.local/lib/python3.7/site-packages/airflow/example_dags/example_nested_branch_dag.py for tasks to queue
[2022-02-05 19:54:55,779] {logging_mixin.py:109} INFO - [2022-02-05 19:54:55,779] {dagbag.py:500} INFO - Filling up the DagBag from /home/airflow/.local/lib/python3.7/site-packages/airflow/example_dags/example_nested_branch_dag.py
[2022-02-05 19:54:55,811] {processor.py:654} INFO - DAG(s) dict_keys(['example_nested_branch_dag']) retrieved from /home/airflow/.local/lib/python3.7/site-packages/airflow/example_dags/example_nested_branch_dag.py
[2022-02-05 19:54:55,824] {logging_mixin.py:109} INFO - [2022-02-05 19:54:55,824] {dag.py:2396} INFO - Sync 1 DAGs
[2022-02-05 19:54:55,843] {logging_mixin.py:109} INFO - [2022-02-05 19:54:55,843] {dag.py:2935} INFO - Setting next_dagrun for example_nested_branch_dag to 2022-02-04 00:00:00+00:00
[2022-02-05 19:54:55,854] {processor.py:171} INFO - Processing /home/airflow/.local/lib/python3.7/site-packages/airflow/example_dags/example_nested_branch_dag.py took 0.082 seconds
[2022-02-05 19:55:26,598] {processor.py:163} INFO - Started process (PID=3940) to work on /home/airflow/.local/lib/python3.7/site-packages/airflow/example_dags/example_nested_branch_dag.py
[2022-02-05 19:55:26,602] {processor.py:642} INFO - Processing file /home/airflow/.local/lib/python3.7/site-packages/airflow/example_dags/example_nested_branch_dag.py for tasks to queue
[2022-02-05 19:55:26,603] {logging_mixin.py:109} INFO - [2022-02-05 19:55:26,603] {dagbag.py:500} INFO - Filling up the DagBag from /home/airflow/.local/lib/python3.7/site-packages/airflow/example_dags/example_nested_branch_dag.py
[2022-02-05 19:55:26,648] {processor.py:654} INFO - DAG(s) dict_keys(['example_nested_branch_dag']) retrieved from /home/airflow/.local/lib/python3.7/site-packages/airflow/example_dags/example_nested_branch_dag.py
[2022-02-05 19:55:26,667] {logging_mixin.py:109} INFO - [2022-02-05 19:55:26,667] {dag.py:2396} INFO - Sync 1 DAGs
[2022-02-05 19:55:26,692] {logging_mixin.py:109} INFO - [2022-02-05 19:55:26,692] {dag.py:2935} INFO - Setting next_dagrun for example_nested_branch_dag to 2022-02-04 00:00:00+00:00
[2022-02-05 19:55:26,706] {processor.py:171} INFO - Processing /home/airflow/.local/lib/python3.7/site-packages/airflow/example_dags/example_nested_branch_dag.py took 0.113 seconds
[2022-02-05 19:55:56,752] {processor.py:163} INFO - Started process (PID=3993) to work on /home/airflow/.local/lib/python3.7/site-packages/airflow/example_dags/example_nested_branch_dag.py
[2022-02-05 19:55:56,753] {processor.py:642} INFO - Processing file /home/airflow/.local/lib/python3.7/site-packages/airflow/example_dags/example_nested_branch_dag.py for tasks to queue
[2022-02-05 19:55:56,754] {logging_mixin.py:109} INFO - [2022-02-05 19:55:56,754] {dagbag.py:500} INFO - Filling up the DagBag from /home/airflow/.local/lib/python3.7/site-packages/airflow/example_dags/example_nested_branch_dag.py
[2022-02-05 19:55:56,780] {processor.py:654} INFO - DAG(s) dict_keys(['example_nested_branch_dag']) retrieved from /home/airflow/.local/lib/python3.7/site-packages/airflow/example_dags/example_nested_branch_dag.py
[2022-02-05 19:55:56,789] {logging_mixin.py:109} INFO - [2022-02-05 19:55:56,789] {dag.py:2396} INFO - Sync 1 DAGs
[2022-02-05 19:55:56,804] {logging_mixin.py:109} INFO - [2022-02-05 19:55:56,803] {dag.py:2935} INFO - Setting next_dagrun for example_nested_branch_dag to 2022-02-04 00:00:00+00:00
[2022-02-05 19:55:56,812] {processor.py:171} INFO - Processing /home/airflow/.local/lib/python3.7/site-packages/airflow/example_dags/example_nested_branch_dag.py took 0.063 seconds
[2022-02-05 19:56:26,880] {processor.py:163} INFO - Started process (PID=4045) to work on /home/airflow/.local/lib/python3.7/site-packages/airflow/example_dags/example_nested_branch_dag.py
[2022-02-05 19:56:26,882] {processor.py:642} INFO - Processing file /home/airflow/.local/lib/python3.7/site-packages/airflow/example_dags/example_nested_branch_dag.py for tasks to queue
[2022-02-05 19:56:26,882] {logging_mixin.py:109} INFO - [2022-02-05 19:56:26,882] {dagbag.py:500} INFO - Filling up the DagBag from /home/airflow/.local/lib/python3.7/site-packages/airflow/example_dags/example_nested_branch_dag.py
[2022-02-05 19:56:26,973] {processor.py:654} INFO - DAG(s) dict_keys(['example_nested_branch_dag']) retrieved from /home/airflow/.local/lib/python3.7/site-packages/airflow/example_dags/example_nested_branch_dag.py
[2022-02-05 19:56:27,003] {logging_mixin.py:109} INFO - [2022-02-05 19:56:27,003] {dag.py:2396} INFO - Sync 1 DAGs
[2022-02-05 19:56:27,039] {logging_mixin.py:109} INFO - [2022-02-05 19:56:27,039] {dag.py:2935} INFO - Setting next_dagrun for example_nested_branch_dag to 2022-02-04 00:00:00+00:00
[2022-02-05 19:56:27,053] {processor.py:171} INFO - Processing /home/airflow/.local/lib/python3.7/site-packages/airflow/example_dags/example_nested_branch_dag.py took 0.176 seconds
