[2022-02-05 19:21:02,432] {processor.py:163} INFO - Started process (PID=48) to work on /home/airflow/.local/lib/python3.7/site-packages/airflow/example_dags/tutorial_etl_dag.py
[2022-02-05 19:21:02,433] {processor.py:642} INFO - Processing file /home/airflow/.local/lib/python3.7/site-packages/airflow/example_dags/tutorial_etl_dag.py for tasks to queue
[2022-02-05 19:21:02,434] {logging_mixin.py:109} INFO - [2022-02-05 19:21:02,434] {dagbag.py:500} INFO - Filling up the DagBag from /home/airflow/.local/lib/python3.7/site-packages/airflow/example_dags/tutorial_etl_dag.py
[2022-02-05 19:21:02,471] {processor.py:654} INFO - DAG(s) dict_keys(['tutorial_etl_dag']) retrieved from /home/airflow/.local/lib/python3.7/site-packages/airflow/example_dags/tutorial_etl_dag.py
[2022-02-05 19:21:02,490] {logging_mixin.py:109} INFO - [2022-02-05 19:21:02,489] {dag.py:2396} INFO - Sync 1 DAGs
[2022-02-05 19:21:02,521] {logging_mixin.py:109} INFO - [2022-02-05 19:21:02,521] {dag.py:2935} INFO - Setting next_dagrun for tutorial_etl_dag to None
[2022-02-05 19:21:02,548] {processor.py:171} INFO - Processing /home/airflow/.local/lib/python3.7/site-packages/airflow/example_dags/tutorial_etl_dag.py took 0.121 seconds
[2022-02-05 19:21:33,606] {processor.py:163} INFO - Started process (PID=108) to work on /home/airflow/.local/lib/python3.7/site-packages/airflow/example_dags/tutorial_etl_dag.py
[2022-02-05 19:21:33,610] {processor.py:642} INFO - Processing file /home/airflow/.local/lib/python3.7/site-packages/airflow/example_dags/tutorial_etl_dag.py for tasks to queue
[2022-02-05 19:21:33,611] {logging_mixin.py:109} INFO - [2022-02-05 19:21:33,610] {dagbag.py:500} INFO - Filling up the DagBag from /home/airflow/.local/lib/python3.7/site-packages/airflow/example_dags/tutorial_etl_dag.py
[2022-02-05 19:21:33,663] {processor.py:654} INFO - DAG(s) dict_keys(['tutorial_etl_dag']) retrieved from /home/airflow/.local/lib/python3.7/site-packages/airflow/example_dags/tutorial_etl_dag.py
[2022-02-05 19:21:33,694] {logging_mixin.py:109} INFO - [2022-02-05 19:21:33,694] {dag.py:2396} INFO - Sync 1 DAGs
[2022-02-05 19:21:33,716] {logging_mixin.py:109} INFO - [2022-02-05 19:21:33,716] {dag.py:2935} INFO - Setting next_dagrun for tutorial_etl_dag to None
[2022-02-05 19:21:33,729] {processor.py:171} INFO - Processing /home/airflow/.local/lib/python3.7/site-packages/airflow/example_dags/tutorial_etl_dag.py took 0.128 seconds
[2022-02-05 19:22:05,905] {processor.py:163} INFO - Started process (PID=161) to work on /home/airflow/.local/lib/python3.7/site-packages/airflow/example_dags/tutorial_etl_dag.py
[2022-02-05 19:22:05,913] {processor.py:642} INFO - Processing file /home/airflow/.local/lib/python3.7/site-packages/airflow/example_dags/tutorial_etl_dag.py for tasks to queue
[2022-02-05 19:22:05,918] {logging_mixin.py:109} INFO - [2022-02-05 19:22:05,918] {dagbag.py:500} INFO - Filling up the DagBag from /home/airflow/.local/lib/python3.7/site-packages/airflow/example_dags/tutorial_etl_dag.py
[2022-02-05 19:22:06,019] {processor.py:654} INFO - DAG(s) dict_keys(['tutorial_etl_dag']) retrieved from /home/airflow/.local/lib/python3.7/site-packages/airflow/example_dags/tutorial_etl_dag.py
[2022-02-05 19:22:06,066] {logging_mixin.py:109} INFO - [2022-02-05 19:22:06,065] {dag.py:2396} INFO - Sync 1 DAGs
[2022-02-05 19:22:06,123] {logging_mixin.py:109} INFO - [2022-02-05 19:22:06,123] {dag.py:2935} INFO - Setting next_dagrun for tutorial_etl_dag to None
[2022-02-05 19:22:06,169] {processor.py:171} INFO - Processing /home/airflow/.local/lib/python3.7/site-packages/airflow/example_dags/tutorial_etl_dag.py took 0.275 seconds
[2022-02-05 19:22:36,627] {processor.py:163} INFO - Started process (PID=218) to work on /home/airflow/.local/lib/python3.7/site-packages/airflow/example_dags/tutorial_etl_dag.py
[2022-02-05 19:22:36,629] {processor.py:642} INFO - Processing file /home/airflow/.local/lib/python3.7/site-packages/airflow/example_dags/tutorial_etl_dag.py for tasks to queue
[2022-02-05 19:22:36,630] {logging_mixin.py:109} INFO - [2022-02-05 19:22:36,630] {dagbag.py:500} INFO - Filling up the DagBag from /home/airflow/.local/lib/python3.7/site-packages/airflow/example_dags/tutorial_etl_dag.py
[2022-02-05 19:22:36,660] {processor.py:654} INFO - DAG(s) dict_keys(['tutorial_etl_dag']) retrieved from /home/airflow/.local/lib/python3.7/site-packages/airflow/example_dags/tutorial_etl_dag.py
[2022-02-05 19:22:36,672] {logging_mixin.py:109} INFO - [2022-02-05 19:22:36,671] {dag.py:2396} INFO - Sync 1 DAGs
[2022-02-05 19:22:36,689] {logging_mixin.py:109} INFO - [2022-02-05 19:22:36,689] {dag.py:2935} INFO - Setting next_dagrun for tutorial_etl_dag to None
[2022-02-05 19:22:36,700] {processor.py:171} INFO - Processing /home/airflow/.local/lib/python3.7/site-packages/airflow/example_dags/tutorial_etl_dag.py took 0.077 seconds
[2022-02-05 19:23:07,267] {processor.py:163} INFO - Started process (PID=280) to work on /home/airflow/.local/lib/python3.7/site-packages/airflow/example_dags/tutorial_etl_dag.py
[2022-02-05 19:23:07,269] {processor.py:642} INFO - Processing file /home/airflow/.local/lib/python3.7/site-packages/airflow/example_dags/tutorial_etl_dag.py for tasks to queue
[2022-02-05 19:23:07,270] {logging_mixin.py:109} INFO - [2022-02-05 19:23:07,270] {dagbag.py:500} INFO - Filling up the DagBag from /home/airflow/.local/lib/python3.7/site-packages/airflow/example_dags/tutorial_etl_dag.py
[2022-02-05 19:23:07,305] {processor.py:654} INFO - DAG(s) dict_keys(['tutorial_etl_dag']) retrieved from /home/airflow/.local/lib/python3.7/site-packages/airflow/example_dags/tutorial_etl_dag.py
[2022-02-05 19:23:07,318] {logging_mixin.py:109} INFO - [2022-02-05 19:23:07,318] {dag.py:2396} INFO - Sync 1 DAGs
[2022-02-05 19:23:07,338] {logging_mixin.py:109} INFO - [2022-02-05 19:23:07,338] {dag.py:2935} INFO - Setting next_dagrun for tutorial_etl_dag to None
[2022-02-05 19:23:07,351] {processor.py:171} INFO - Processing /home/airflow/.local/lib/python3.7/site-packages/airflow/example_dags/tutorial_etl_dag.py took 0.088 seconds
[2022-02-05 19:23:38,134] {processor.py:163} INFO - Started process (PID=333) to work on /home/airflow/.local/lib/python3.7/site-packages/airflow/example_dags/tutorial_etl_dag.py
[2022-02-05 19:23:38,136] {processor.py:642} INFO - Processing file /home/airflow/.local/lib/python3.7/site-packages/airflow/example_dags/tutorial_etl_dag.py for tasks to queue
[2022-02-05 19:23:38,137] {logging_mixin.py:109} INFO - [2022-02-05 19:23:38,137] {dagbag.py:500} INFO - Filling up the DagBag from /home/airflow/.local/lib/python3.7/site-packages/airflow/example_dags/tutorial_etl_dag.py
[2022-02-05 19:23:38,166] {processor.py:654} INFO - DAG(s) dict_keys(['tutorial_etl_dag']) retrieved from /home/airflow/.local/lib/python3.7/site-packages/airflow/example_dags/tutorial_etl_dag.py
[2022-02-05 19:23:38,176] {logging_mixin.py:109} INFO - [2022-02-05 19:23:38,176] {dag.py:2396} INFO - Sync 1 DAGs
[2022-02-05 19:23:38,193] {logging_mixin.py:109} INFO - [2022-02-05 19:23:38,193] {dag.py:2935} INFO - Setting next_dagrun for tutorial_etl_dag to None
[2022-02-05 19:23:38,203] {processor.py:171} INFO - Processing /home/airflow/.local/lib/python3.7/site-packages/airflow/example_dags/tutorial_etl_dag.py took 0.073 seconds
[2022-02-05 19:24:08,819] {processor.py:163} INFO - Started process (PID=396) to work on /home/airflow/.local/lib/python3.7/site-packages/airflow/example_dags/tutorial_etl_dag.py
[2022-02-05 19:24:08,820] {processor.py:642} INFO - Processing file /home/airflow/.local/lib/python3.7/site-packages/airflow/example_dags/tutorial_etl_dag.py for tasks to queue
[2022-02-05 19:24:08,821] {logging_mixin.py:109} INFO - [2022-02-05 19:24:08,821] {dagbag.py:500} INFO - Filling up the DagBag from /home/airflow/.local/lib/python3.7/site-packages/airflow/example_dags/tutorial_etl_dag.py
[2022-02-05 19:24:08,858] {processor.py:654} INFO - DAG(s) dict_keys(['tutorial_etl_dag']) retrieved from /home/airflow/.local/lib/python3.7/site-packages/airflow/example_dags/tutorial_etl_dag.py
[2022-02-05 19:24:08,871] {logging_mixin.py:109} INFO - [2022-02-05 19:24:08,871] {dag.py:2396} INFO - Sync 1 DAGs
[2022-02-05 19:24:08,892] {logging_mixin.py:109} INFO - [2022-02-05 19:24:08,892] {dag.py:2935} INFO - Setting next_dagrun for tutorial_etl_dag to None
[2022-02-05 19:24:08,906] {processor.py:171} INFO - Processing /home/airflow/.local/lib/python3.7/site-packages/airflow/example_dags/tutorial_etl_dag.py took 0.092 seconds
[2022-02-05 19:24:39,255] {processor.py:163} INFO - Started process (PID=448) to work on /home/airflow/.local/lib/python3.7/site-packages/airflow/example_dags/tutorial_etl_dag.py
[2022-02-05 19:24:39,256] {processor.py:642} INFO - Processing file /home/airflow/.local/lib/python3.7/site-packages/airflow/example_dags/tutorial_etl_dag.py for tasks to queue
[2022-02-05 19:24:39,257] {logging_mixin.py:109} INFO - [2022-02-05 19:24:39,257] {dagbag.py:500} INFO - Filling up the DagBag from /home/airflow/.local/lib/python3.7/site-packages/airflow/example_dags/tutorial_etl_dag.py
[2022-02-05 19:24:39,283] {processor.py:654} INFO - DAG(s) dict_keys(['tutorial_etl_dag']) retrieved from /home/airflow/.local/lib/python3.7/site-packages/airflow/example_dags/tutorial_etl_dag.py
[2022-02-05 19:24:39,293] {logging_mixin.py:109} INFO - [2022-02-05 19:24:39,293] {dag.py:2396} INFO - Sync 1 DAGs
[2022-02-05 19:24:39,310] {logging_mixin.py:109} INFO - [2022-02-05 19:24:39,310] {dag.py:2935} INFO - Setting next_dagrun for tutorial_etl_dag to None
[2022-02-05 19:24:39,319] {processor.py:171} INFO - Processing /home/airflow/.local/lib/python3.7/site-packages/airflow/example_dags/tutorial_etl_dag.py took 0.068 seconds
[2022-02-05 19:25:10,250] {processor.py:163} INFO - Started process (PID=510) to work on /home/airflow/.local/lib/python3.7/site-packages/airflow/example_dags/tutorial_etl_dag.py
[2022-02-05 19:25:10,252] {processor.py:642} INFO - Processing file /home/airflow/.local/lib/python3.7/site-packages/airflow/example_dags/tutorial_etl_dag.py for tasks to queue
[2022-02-05 19:25:10,253] {logging_mixin.py:109} INFO - [2022-02-05 19:25:10,253] {dagbag.py:500} INFO - Filling up the DagBag from /home/airflow/.local/lib/python3.7/site-packages/airflow/example_dags/tutorial_etl_dag.py
[2022-02-05 19:25:10,292] {processor.py:654} INFO - DAG(s) dict_keys(['tutorial_etl_dag']) retrieved from /home/airflow/.local/lib/python3.7/site-packages/airflow/example_dags/tutorial_etl_dag.py
[2022-02-05 19:25:10,308] {logging_mixin.py:109} INFO - [2022-02-05 19:25:10,308] {dag.py:2396} INFO - Sync 1 DAGs
[2022-02-05 19:25:10,337] {logging_mixin.py:109} INFO - [2022-02-05 19:25:10,337] {dag.py:2935} INFO - Setting next_dagrun for tutorial_etl_dag to None
[2022-02-05 19:25:10,353] {processor.py:171} INFO - Processing /home/airflow/.local/lib/python3.7/site-packages/airflow/example_dags/tutorial_etl_dag.py took 0.109 seconds
[2022-02-05 19:25:41,788] {processor.py:163} INFO - Started process (PID=564) to work on /home/airflow/.local/lib/python3.7/site-packages/airflow/example_dags/tutorial_etl_dag.py
[2022-02-05 19:25:41,790] {processor.py:642} INFO - Processing file /home/airflow/.local/lib/python3.7/site-packages/airflow/example_dags/tutorial_etl_dag.py for tasks to queue
[2022-02-05 19:25:41,791] {logging_mixin.py:109} INFO - [2022-02-05 19:25:41,790] {dagbag.py:500} INFO - Filling up the DagBag from /home/airflow/.local/lib/python3.7/site-packages/airflow/example_dags/tutorial_etl_dag.py
[2022-02-05 19:25:41,827] {processor.py:654} INFO - DAG(s) dict_keys(['tutorial_etl_dag']) retrieved from /home/airflow/.local/lib/python3.7/site-packages/airflow/example_dags/tutorial_etl_dag.py
[2022-02-05 19:25:41,840] {logging_mixin.py:109} INFO - [2022-02-05 19:25:41,840] {dag.py:2396} INFO - Sync 1 DAGs
[2022-02-05 19:25:41,863] {logging_mixin.py:109} INFO - [2022-02-05 19:25:41,863] {dag.py:2935} INFO - Setting next_dagrun for tutorial_etl_dag to None
[2022-02-05 19:25:41,876] {processor.py:171} INFO - Processing /home/airflow/.local/lib/python3.7/site-packages/airflow/example_dags/tutorial_etl_dag.py took 0.093 seconds
[2022-02-05 19:26:13,074] {processor.py:163} INFO - Started process (PID=624) to work on /home/airflow/.local/lib/python3.7/site-packages/airflow/example_dags/tutorial_etl_dag.py
[2022-02-05 19:26:13,077] {processor.py:642} INFO - Processing file /home/airflow/.local/lib/python3.7/site-packages/airflow/example_dags/tutorial_etl_dag.py for tasks to queue
[2022-02-05 19:26:13,078] {logging_mixin.py:109} INFO - [2022-02-05 19:26:13,078] {dagbag.py:500} INFO - Filling up the DagBag from /home/airflow/.local/lib/python3.7/site-packages/airflow/example_dags/tutorial_etl_dag.py
[2022-02-05 19:26:13,169] {processor.py:654} INFO - DAG(s) dict_keys(['tutorial_etl_dag']) retrieved from /home/airflow/.local/lib/python3.7/site-packages/airflow/example_dags/tutorial_etl_dag.py
[2022-02-05 19:26:13,209] {logging_mixin.py:109} INFO - [2022-02-05 19:26:13,209] {dag.py:2396} INFO - Sync 1 DAGs
[2022-02-05 19:26:13,244] {logging_mixin.py:109} INFO - [2022-02-05 19:26:13,244] {dag.py:2935} INFO - Setting next_dagrun for tutorial_etl_dag to None
[2022-02-05 19:26:13,286] {processor.py:171} INFO - Processing /home/airflow/.local/lib/python3.7/site-packages/airflow/example_dags/tutorial_etl_dag.py took 0.216 seconds
[2022-02-05 19:26:43,718] {processor.py:163} INFO - Started process (PID=681) to work on /home/airflow/.local/lib/python3.7/site-packages/airflow/example_dags/tutorial_etl_dag.py
[2022-02-05 19:26:43,720] {processor.py:642} INFO - Processing file /home/airflow/.local/lib/python3.7/site-packages/airflow/example_dags/tutorial_etl_dag.py for tasks to queue
[2022-02-05 19:26:43,720] {logging_mixin.py:109} INFO - [2022-02-05 19:26:43,720] {dagbag.py:500} INFO - Filling up the DagBag from /home/airflow/.local/lib/python3.7/site-packages/airflow/example_dags/tutorial_etl_dag.py
[2022-02-05 19:26:43,750] {processor.py:654} INFO - DAG(s) dict_keys(['tutorial_etl_dag']) retrieved from /home/airflow/.local/lib/python3.7/site-packages/airflow/example_dags/tutorial_etl_dag.py
[2022-02-05 19:26:43,761] {logging_mixin.py:109} INFO - [2022-02-05 19:26:43,760] {dag.py:2396} INFO - Sync 1 DAGs
[2022-02-05 19:26:43,778] {logging_mixin.py:109} INFO - [2022-02-05 19:26:43,778] {dag.py:2935} INFO - Setting next_dagrun for tutorial_etl_dag to None
[2022-02-05 19:26:43,817] {processor.py:171} INFO - Processing /home/airflow/.local/lib/python3.7/site-packages/airflow/example_dags/tutorial_etl_dag.py took 0.102 seconds
[2022-02-05 19:27:14,005] {processor.py:163} INFO - Started process (PID=733) to work on /home/airflow/.local/lib/python3.7/site-packages/airflow/example_dags/tutorial_etl_dag.py
[2022-02-05 19:27:14,006] {processor.py:642} INFO - Processing file /home/airflow/.local/lib/python3.7/site-packages/airflow/example_dags/tutorial_etl_dag.py for tasks to queue
[2022-02-05 19:27:14,007] {logging_mixin.py:109} INFO - [2022-02-05 19:27:14,007] {dagbag.py:500} INFO - Filling up the DagBag from /home/airflow/.local/lib/python3.7/site-packages/airflow/example_dags/tutorial_etl_dag.py
[2022-02-05 19:27:14,032] {processor.py:654} INFO - DAG(s) dict_keys(['tutorial_etl_dag']) retrieved from /home/airflow/.local/lib/python3.7/site-packages/airflow/example_dags/tutorial_etl_dag.py
[2022-02-05 19:27:14,040] {logging_mixin.py:109} INFO - [2022-02-05 19:27:14,040] {dag.py:2396} INFO - Sync 1 DAGs
[2022-02-05 19:27:14,053] {logging_mixin.py:109} INFO - [2022-02-05 19:27:14,052] {dag.py:2935} INFO - Setting next_dagrun for tutorial_etl_dag to None
[2022-02-05 19:27:14,061] {processor.py:171} INFO - Processing /home/airflow/.local/lib/python3.7/site-packages/airflow/example_dags/tutorial_etl_dag.py took 0.059 seconds
[2022-02-05 19:27:44,385] {processor.py:163} INFO - Started process (PID=795) to work on /home/airflow/.local/lib/python3.7/site-packages/airflow/example_dags/tutorial_etl_dag.py
[2022-02-05 19:27:44,386] {processor.py:642} INFO - Processing file /home/airflow/.local/lib/python3.7/site-packages/airflow/example_dags/tutorial_etl_dag.py for tasks to queue
[2022-02-05 19:27:44,386] {logging_mixin.py:109} INFO - [2022-02-05 19:27:44,386] {dagbag.py:500} INFO - Filling up the DagBag from /home/airflow/.local/lib/python3.7/site-packages/airflow/example_dags/tutorial_etl_dag.py
[2022-02-05 19:27:44,409] {processor.py:654} INFO - DAG(s) dict_keys(['tutorial_etl_dag']) retrieved from /home/airflow/.local/lib/python3.7/site-packages/airflow/example_dags/tutorial_etl_dag.py
[2022-02-05 19:27:44,417] {logging_mixin.py:109} INFO - [2022-02-05 19:27:44,417] {dag.py:2396} INFO - Sync 1 DAGs
[2022-02-05 19:27:44,430] {logging_mixin.py:109} INFO - [2022-02-05 19:27:44,430] {dag.py:2935} INFO - Setting next_dagrun for tutorial_etl_dag to None
[2022-02-05 19:27:44,439] {processor.py:171} INFO - Processing /home/airflow/.local/lib/python3.7/site-packages/airflow/example_dags/tutorial_etl_dag.py took 0.057 seconds
[2022-02-05 19:28:14,936] {processor.py:163} INFO - Started process (PID=849) to work on /home/airflow/.local/lib/python3.7/site-packages/airflow/example_dags/tutorial_etl_dag.py
[2022-02-05 19:28:14,938] {processor.py:642} INFO - Processing file /home/airflow/.local/lib/python3.7/site-packages/airflow/example_dags/tutorial_etl_dag.py for tasks to queue
[2022-02-05 19:28:14,939] {logging_mixin.py:109} INFO - [2022-02-05 19:28:14,939] {dagbag.py:500} INFO - Filling up the DagBag from /home/airflow/.local/lib/python3.7/site-packages/airflow/example_dags/tutorial_etl_dag.py
[2022-02-05 19:28:14,973] {processor.py:654} INFO - DAG(s) dict_keys(['tutorial_etl_dag']) retrieved from /home/airflow/.local/lib/python3.7/site-packages/airflow/example_dags/tutorial_etl_dag.py
[2022-02-05 19:28:14,987] {logging_mixin.py:109} INFO - [2022-02-05 19:28:14,986] {dag.py:2396} INFO - Sync 1 DAGs
[2022-02-05 19:28:15,006] {logging_mixin.py:109} INFO - [2022-02-05 19:28:15,006] {dag.py:2935} INFO - Setting next_dagrun for tutorial_etl_dag to None
[2022-02-05 19:28:15,033] {processor.py:171} INFO - Processing /home/airflow/.local/lib/python3.7/site-packages/airflow/example_dags/tutorial_etl_dag.py took 0.103 seconds
[2022-02-05 19:28:45,705] {processor.py:163} INFO - Started process (PID=912) to work on /home/airflow/.local/lib/python3.7/site-packages/airflow/example_dags/tutorial_etl_dag.py
[2022-02-05 19:28:45,706] {processor.py:642} INFO - Processing file /home/airflow/.local/lib/python3.7/site-packages/airflow/example_dags/tutorial_etl_dag.py for tasks to queue
[2022-02-05 19:28:45,707] {logging_mixin.py:109} INFO - [2022-02-05 19:28:45,706] {dagbag.py:500} INFO - Filling up the DagBag from /home/airflow/.local/lib/python3.7/site-packages/airflow/example_dags/tutorial_etl_dag.py
[2022-02-05 19:28:45,737] {processor.py:654} INFO - DAG(s) dict_keys(['tutorial_etl_dag']) retrieved from /home/airflow/.local/lib/python3.7/site-packages/airflow/example_dags/tutorial_etl_dag.py
[2022-02-05 19:28:45,748] {logging_mixin.py:109} INFO - [2022-02-05 19:28:45,748] {dag.py:2396} INFO - Sync 1 DAGs
[2022-02-05 19:28:45,765] {logging_mixin.py:109} INFO - [2022-02-05 19:28:45,764] {dag.py:2935} INFO - Setting next_dagrun for tutorial_etl_dag to None
[2022-02-05 19:28:45,778] {processor.py:171} INFO - Processing /home/airflow/.local/lib/python3.7/site-packages/airflow/example_dags/tutorial_etl_dag.py took 0.077 seconds
[2022-02-05 19:29:16,395] {processor.py:163} INFO - Started process (PID=965) to work on /home/airflow/.local/lib/python3.7/site-packages/airflow/example_dags/tutorial_etl_dag.py
[2022-02-05 19:29:16,397] {processor.py:642} INFO - Processing file /home/airflow/.local/lib/python3.7/site-packages/airflow/example_dags/tutorial_etl_dag.py for tasks to queue
[2022-02-05 19:29:16,398] {logging_mixin.py:109} INFO - [2022-02-05 19:29:16,397] {dagbag.py:500} INFO - Filling up the DagBag from /home/airflow/.local/lib/python3.7/site-packages/airflow/example_dags/tutorial_etl_dag.py
[2022-02-05 19:29:16,433] {processor.py:654} INFO - DAG(s) dict_keys(['tutorial_etl_dag']) retrieved from /home/airflow/.local/lib/python3.7/site-packages/airflow/example_dags/tutorial_etl_dag.py
[2022-02-05 19:29:16,445] {logging_mixin.py:109} INFO - [2022-02-05 19:29:16,445] {dag.py:2396} INFO - Sync 1 DAGs
[2022-02-05 19:29:16,467] {logging_mixin.py:109} INFO - [2022-02-05 19:29:16,467] {dag.py:2935} INFO - Setting next_dagrun for tutorial_etl_dag to None
[2022-02-05 19:29:16,481] {processor.py:171} INFO - Processing /home/airflow/.local/lib/python3.7/site-packages/airflow/example_dags/tutorial_etl_dag.py took 0.089 seconds
[2022-02-05 19:29:47,459] {processor.py:163} INFO - Started process (PID=1028) to work on /home/airflow/.local/lib/python3.7/site-packages/airflow/example_dags/tutorial_etl_dag.py
[2022-02-05 19:29:47,466] {processor.py:642} INFO - Processing file /home/airflow/.local/lib/python3.7/site-packages/airflow/example_dags/tutorial_etl_dag.py for tasks to queue
[2022-02-05 19:29:47,467] {logging_mixin.py:109} INFO - [2022-02-05 19:29:47,467] {dagbag.py:500} INFO - Filling up the DagBag from /home/airflow/.local/lib/python3.7/site-packages/airflow/example_dags/tutorial_etl_dag.py
[2022-02-05 19:29:47,513] {processor.py:654} INFO - DAG(s) dict_keys(['tutorial_etl_dag']) retrieved from /home/airflow/.local/lib/python3.7/site-packages/airflow/example_dags/tutorial_etl_dag.py
[2022-02-05 19:29:47,528] {logging_mixin.py:109} INFO - [2022-02-05 19:29:47,528] {dag.py:2396} INFO - Sync 1 DAGs
[2022-02-05 19:29:47,554] {logging_mixin.py:109} INFO - [2022-02-05 19:29:47,554] {dag.py:2935} INFO - Setting next_dagrun for tutorial_etl_dag to None
[2022-02-05 19:29:47,569] {processor.py:171} INFO - Processing /home/airflow/.local/lib/python3.7/site-packages/airflow/example_dags/tutorial_etl_dag.py took 0.115 seconds
[2022-02-05 19:30:17,995] {processor.py:163} INFO - Started process (PID=1080) to work on /home/airflow/.local/lib/python3.7/site-packages/airflow/example_dags/tutorial_etl_dag.py
[2022-02-05 19:30:17,998] {processor.py:642} INFO - Processing file /home/airflow/.local/lib/python3.7/site-packages/airflow/example_dags/tutorial_etl_dag.py for tasks to queue
[2022-02-05 19:30:17,999] {logging_mixin.py:109} INFO - [2022-02-05 19:30:17,999] {dagbag.py:500} INFO - Filling up the DagBag from /home/airflow/.local/lib/python3.7/site-packages/airflow/example_dags/tutorial_etl_dag.py
[2022-02-05 19:30:18,069] {processor.py:654} INFO - DAG(s) dict_keys(['tutorial_etl_dag']) retrieved from /home/airflow/.local/lib/python3.7/site-packages/airflow/example_dags/tutorial_etl_dag.py
[2022-02-05 19:30:18,088] {logging_mixin.py:109} INFO - [2022-02-05 19:30:18,088] {dag.py:2396} INFO - Sync 1 DAGs
[2022-02-05 19:30:18,125] {logging_mixin.py:109} INFO - [2022-02-05 19:30:18,124] {dag.py:2935} INFO - Setting next_dagrun for tutorial_etl_dag to None
[2022-02-05 19:30:18,146] {processor.py:171} INFO - Processing /home/airflow/.local/lib/python3.7/site-packages/airflow/example_dags/tutorial_etl_dag.py took 0.157 seconds
[2022-02-05 19:30:48,658] {processor.py:163} INFO - Started process (PID=1142) to work on /home/airflow/.local/lib/python3.7/site-packages/airflow/example_dags/tutorial_etl_dag.py
[2022-02-05 19:30:48,659] {processor.py:642} INFO - Processing file /home/airflow/.local/lib/python3.7/site-packages/airflow/example_dags/tutorial_etl_dag.py for tasks to queue
[2022-02-05 19:30:48,660] {logging_mixin.py:109} INFO - [2022-02-05 19:30:48,660] {dagbag.py:500} INFO - Filling up the DagBag from /home/airflow/.local/lib/python3.7/site-packages/airflow/example_dags/tutorial_etl_dag.py
[2022-02-05 19:30:48,691] {processor.py:654} INFO - DAG(s) dict_keys(['tutorial_etl_dag']) retrieved from /home/airflow/.local/lib/python3.7/site-packages/airflow/example_dags/tutorial_etl_dag.py
[2022-02-05 19:30:48,702] {logging_mixin.py:109} INFO - [2022-02-05 19:30:48,702] {dag.py:2396} INFO - Sync 1 DAGs
[2022-02-05 19:30:48,721] {logging_mixin.py:109} INFO - [2022-02-05 19:30:48,721] {dag.py:2935} INFO - Setting next_dagrun for tutorial_etl_dag to None
[2022-02-05 19:30:48,733] {processor.py:171} INFO - Processing /home/airflow/.local/lib/python3.7/site-packages/airflow/example_dags/tutorial_etl_dag.py took 0.080 seconds
[2022-02-05 19:31:19,183] {processor.py:163} INFO - Started process (PID=1194) to work on /home/airflow/.local/lib/python3.7/site-packages/airflow/example_dags/tutorial_etl_dag.py
[2022-02-05 19:31:19,185] {processor.py:642} INFO - Processing file /home/airflow/.local/lib/python3.7/site-packages/airflow/example_dags/tutorial_etl_dag.py for tasks to queue
[2022-02-05 19:31:19,186] {logging_mixin.py:109} INFO - [2022-02-05 19:31:19,186] {dagbag.py:500} INFO - Filling up the DagBag from /home/airflow/.local/lib/python3.7/site-packages/airflow/example_dags/tutorial_etl_dag.py
[2022-02-05 19:31:19,237] {processor.py:654} INFO - DAG(s) dict_keys(['tutorial_etl_dag']) retrieved from /home/airflow/.local/lib/python3.7/site-packages/airflow/example_dags/tutorial_etl_dag.py
[2022-02-05 19:31:19,256] {logging_mixin.py:109} INFO - [2022-02-05 19:31:19,256] {dag.py:2396} INFO - Sync 1 DAGs
[2022-02-05 19:31:19,282] {logging_mixin.py:109} INFO - [2022-02-05 19:31:19,282] {dag.py:2935} INFO - Setting next_dagrun for tutorial_etl_dag to None
[2022-02-05 19:31:19,297] {processor.py:171} INFO - Processing /home/airflow/.local/lib/python3.7/site-packages/airflow/example_dags/tutorial_etl_dag.py took 0.119 seconds
[2022-02-05 19:31:49,551] {processor.py:163} INFO - Started process (PID=1257) to work on /home/airflow/.local/lib/python3.7/site-packages/airflow/example_dags/tutorial_etl_dag.py
[2022-02-05 19:31:49,553] {processor.py:642} INFO - Processing file /home/airflow/.local/lib/python3.7/site-packages/airflow/example_dags/tutorial_etl_dag.py for tasks to queue
[2022-02-05 19:31:49,554] {logging_mixin.py:109} INFO - [2022-02-05 19:31:49,554] {dagbag.py:500} INFO - Filling up the DagBag from /home/airflow/.local/lib/python3.7/site-packages/airflow/example_dags/tutorial_etl_dag.py
[2022-02-05 19:31:49,593] {processor.py:654} INFO - DAG(s) dict_keys(['tutorial_etl_dag']) retrieved from /home/airflow/.local/lib/python3.7/site-packages/airflow/example_dags/tutorial_etl_dag.py
[2022-02-05 19:31:49,606] {logging_mixin.py:109} INFO - [2022-02-05 19:31:49,606] {dag.py:2396} INFO - Sync 1 DAGs
[2022-02-05 19:31:49,625] {logging_mixin.py:109} INFO - [2022-02-05 19:31:49,625] {dag.py:2935} INFO - Setting next_dagrun for tutorial_etl_dag to None
[2022-02-05 19:31:49,637] {processor.py:171} INFO - Processing /home/airflow/.local/lib/python3.7/site-packages/airflow/example_dags/tutorial_etl_dag.py took 0.090 seconds
[2022-02-05 19:32:20,399] {processor.py:163} INFO - Started process (PID=1316) to work on /home/airflow/.local/lib/python3.7/site-packages/airflow/example_dags/tutorial_etl_dag.py
[2022-02-05 19:32:20,401] {processor.py:642} INFO - Processing file /home/airflow/.local/lib/python3.7/site-packages/airflow/example_dags/tutorial_etl_dag.py for tasks to queue
[2022-02-05 19:32:20,401] {logging_mixin.py:109} INFO - [2022-02-05 19:32:20,401] {dagbag.py:500} INFO - Filling up the DagBag from /home/airflow/.local/lib/python3.7/site-packages/airflow/example_dags/tutorial_etl_dag.py
[2022-02-05 19:32:20,428] {processor.py:654} INFO - DAG(s) dict_keys(['tutorial_etl_dag']) retrieved from /home/airflow/.local/lib/python3.7/site-packages/airflow/example_dags/tutorial_etl_dag.py
[2022-02-05 19:32:20,436] {logging_mixin.py:109} INFO - [2022-02-05 19:32:20,436] {dag.py:2396} INFO - Sync 1 DAGs
[2022-02-05 19:32:20,450] {logging_mixin.py:109} INFO - [2022-02-05 19:32:20,450] {dag.py:2935} INFO - Setting next_dagrun for tutorial_etl_dag to None
[2022-02-05 19:32:20,459] {processor.py:171} INFO - Processing /home/airflow/.local/lib/python3.7/site-packages/airflow/example_dags/tutorial_etl_dag.py took 0.063 seconds
[2022-02-05 19:32:51,073] {processor.py:163} INFO - Started process (PID=1368) to work on /home/airflow/.local/lib/python3.7/site-packages/airflow/example_dags/tutorial_etl_dag.py
[2022-02-05 19:32:51,075] {processor.py:642} INFO - Processing file /home/airflow/.local/lib/python3.7/site-packages/airflow/example_dags/tutorial_etl_dag.py for tasks to queue
[2022-02-05 19:32:51,076] {logging_mixin.py:109} INFO - [2022-02-05 19:32:51,076] {dagbag.py:500} INFO - Filling up the DagBag from /home/airflow/.local/lib/python3.7/site-packages/airflow/example_dags/tutorial_etl_dag.py
[2022-02-05 19:32:51,104] {processor.py:654} INFO - DAG(s) dict_keys(['tutorial_etl_dag']) retrieved from /home/airflow/.local/lib/python3.7/site-packages/airflow/example_dags/tutorial_etl_dag.py
[2022-02-05 19:32:51,114] {logging_mixin.py:109} INFO - [2022-02-05 19:32:51,114] {dag.py:2396} INFO - Sync 1 DAGs
[2022-02-05 19:32:51,134] {logging_mixin.py:109} INFO - [2022-02-05 19:32:51,134] {dag.py:2935} INFO - Setting next_dagrun for tutorial_etl_dag to None
[2022-02-05 19:32:51,146] {processor.py:171} INFO - Processing /home/airflow/.local/lib/python3.7/site-packages/airflow/example_dags/tutorial_etl_dag.py took 0.076 seconds
[2022-02-05 19:33:21,483] {processor.py:163} INFO - Started process (PID=1430) to work on /home/airflow/.local/lib/python3.7/site-packages/airflow/example_dags/tutorial_etl_dag.py
[2022-02-05 19:33:21,484] {processor.py:642} INFO - Processing file /home/airflow/.local/lib/python3.7/site-packages/airflow/example_dags/tutorial_etl_dag.py for tasks to queue
[2022-02-05 19:33:21,484] {logging_mixin.py:109} INFO - [2022-02-05 19:33:21,484] {dagbag.py:500} INFO - Filling up the DagBag from /home/airflow/.local/lib/python3.7/site-packages/airflow/example_dags/tutorial_etl_dag.py
[2022-02-05 19:33:21,506] {processor.py:654} INFO - DAG(s) dict_keys(['tutorial_etl_dag']) retrieved from /home/airflow/.local/lib/python3.7/site-packages/airflow/example_dags/tutorial_etl_dag.py
[2022-02-05 19:33:21,514] {logging_mixin.py:109} INFO - [2022-02-05 19:33:21,514] {dag.py:2396} INFO - Sync 1 DAGs
[2022-02-05 19:33:21,526] {logging_mixin.py:109} INFO - [2022-02-05 19:33:21,526] {dag.py:2935} INFO - Setting next_dagrun for tutorial_etl_dag to None
[2022-02-05 19:33:21,535] {processor.py:171} INFO - Processing /home/airflow/.local/lib/python3.7/site-packages/airflow/example_dags/tutorial_etl_dag.py took 0.055 seconds
[2022-02-05 19:33:51,805] {processor.py:163} INFO - Started process (PID=1494) to work on /home/airflow/.local/lib/python3.7/site-packages/airflow/example_dags/tutorial_etl_dag.py
[2022-02-05 19:33:51,806] {processor.py:642} INFO - Processing file /home/airflow/.local/lib/python3.7/site-packages/airflow/example_dags/tutorial_etl_dag.py for tasks to queue
[2022-02-05 19:33:51,806] {logging_mixin.py:109} INFO - [2022-02-05 19:33:51,806] {dagbag.py:500} INFO - Filling up the DagBag from /home/airflow/.local/lib/python3.7/site-packages/airflow/example_dags/tutorial_etl_dag.py
[2022-02-05 19:33:51,829] {processor.py:654} INFO - DAG(s) dict_keys(['tutorial_etl_dag']) retrieved from /home/airflow/.local/lib/python3.7/site-packages/airflow/example_dags/tutorial_etl_dag.py
[2022-02-05 19:33:51,837] {logging_mixin.py:109} INFO - [2022-02-05 19:33:51,836] {dag.py:2396} INFO - Sync 1 DAGs
[2022-02-05 19:33:51,850] {logging_mixin.py:109} INFO - [2022-02-05 19:33:51,850] {dag.py:2935} INFO - Setting next_dagrun for tutorial_etl_dag to None
[2022-02-05 19:33:51,857] {processor.py:171} INFO - Processing /home/airflow/.local/lib/python3.7/site-packages/airflow/example_dags/tutorial_etl_dag.py took 0.055 seconds
[2022-02-05 19:34:23,026] {processor.py:163} INFO - Started process (PID=1547) to work on /home/airflow/.local/lib/python3.7/site-packages/airflow/example_dags/tutorial_etl_dag.py
[2022-02-05 19:34:23,028] {processor.py:642} INFO - Processing file /home/airflow/.local/lib/python3.7/site-packages/airflow/example_dags/tutorial_etl_dag.py for tasks to queue
[2022-02-05 19:34:23,029] {logging_mixin.py:109} INFO - [2022-02-05 19:34:23,029] {dagbag.py:500} INFO - Filling up the DagBag from /home/airflow/.local/lib/python3.7/site-packages/airflow/example_dags/tutorial_etl_dag.py
[2022-02-05 19:34:23,055] {processor.py:654} INFO - DAG(s) dict_keys(['tutorial_etl_dag']) retrieved from /home/airflow/.local/lib/python3.7/site-packages/airflow/example_dags/tutorial_etl_dag.py
[2022-02-05 19:34:23,063] {logging_mixin.py:109} INFO - [2022-02-05 19:34:23,063] {dag.py:2396} INFO - Sync 1 DAGs
[2022-02-05 19:34:23,076] {logging_mixin.py:109} INFO - [2022-02-05 19:34:23,076] {dag.py:2935} INFO - Setting next_dagrun for tutorial_etl_dag to None
[2022-02-05 19:34:23,084] {processor.py:171} INFO - Processing /home/airflow/.local/lib/python3.7/site-packages/airflow/example_dags/tutorial_etl_dag.py took 0.060 seconds
[2022-02-05 19:34:53,902] {processor.py:163} INFO - Started process (PID=1608) to work on /home/airflow/.local/lib/python3.7/site-packages/airflow/example_dags/tutorial_etl_dag.py
[2022-02-05 19:34:53,904] {processor.py:642} INFO - Processing file /home/airflow/.local/lib/python3.7/site-packages/airflow/example_dags/tutorial_etl_dag.py for tasks to queue
[2022-02-05 19:34:53,904] {logging_mixin.py:109} INFO - [2022-02-05 19:34:53,904] {dagbag.py:500} INFO - Filling up the DagBag from /home/airflow/.local/lib/python3.7/site-packages/airflow/example_dags/tutorial_etl_dag.py
[2022-02-05 19:34:53,925] {processor.py:654} INFO - DAG(s) dict_keys(['tutorial_etl_dag']) retrieved from /home/airflow/.local/lib/python3.7/site-packages/airflow/example_dags/tutorial_etl_dag.py
[2022-02-05 19:34:53,933] {logging_mixin.py:109} INFO - [2022-02-05 19:34:53,933] {dag.py:2396} INFO - Sync 1 DAGs
[2022-02-05 19:34:53,945] {logging_mixin.py:109} INFO - [2022-02-05 19:34:53,945] {dag.py:2935} INFO - Setting next_dagrun for tutorial_etl_dag to None
[2022-02-05 19:34:53,954] {processor.py:171} INFO - Processing /home/airflow/.local/lib/python3.7/site-packages/airflow/example_dags/tutorial_etl_dag.py took 0.054 seconds
[2022-02-05 19:35:24,212] {processor.py:163} INFO - Started process (PID=1660) to work on /home/airflow/.local/lib/python3.7/site-packages/airflow/example_dags/tutorial_etl_dag.py
[2022-02-05 19:35:24,213] {processor.py:642} INFO - Processing file /home/airflow/.local/lib/python3.7/site-packages/airflow/example_dags/tutorial_etl_dag.py for tasks to queue
[2022-02-05 19:35:24,213] {logging_mixin.py:109} INFO - [2022-02-05 19:35:24,213] {dagbag.py:500} INFO - Filling up the DagBag from /home/airflow/.local/lib/python3.7/site-packages/airflow/example_dags/tutorial_etl_dag.py
[2022-02-05 19:35:24,234] {processor.py:654} INFO - DAG(s) dict_keys(['tutorial_etl_dag']) retrieved from /home/airflow/.local/lib/python3.7/site-packages/airflow/example_dags/tutorial_etl_dag.py
[2022-02-05 19:35:24,242] {logging_mixin.py:109} INFO - [2022-02-05 19:35:24,242] {dag.py:2396} INFO - Sync 1 DAGs
[2022-02-05 19:35:24,255] {logging_mixin.py:109} INFO - [2022-02-05 19:35:24,255] {dag.py:2935} INFO - Setting next_dagrun for tutorial_etl_dag to None
[2022-02-05 19:35:24,264] {processor.py:171} INFO - Processing /home/airflow/.local/lib/python3.7/site-packages/airflow/example_dags/tutorial_etl_dag.py took 0.055 seconds
[2022-02-05 19:35:55,514] {processor.py:163} INFO - Started process (PID=1722) to work on /home/airflow/.local/lib/python3.7/site-packages/airflow/example_dags/tutorial_etl_dag.py
[2022-02-05 19:35:55,517] {processor.py:642} INFO - Processing file /home/airflow/.local/lib/python3.7/site-packages/airflow/example_dags/tutorial_etl_dag.py for tasks to queue
[2022-02-05 19:35:55,518] {logging_mixin.py:109} INFO - [2022-02-05 19:35:55,518] {dagbag.py:500} INFO - Filling up the DagBag from /home/airflow/.local/lib/python3.7/site-packages/airflow/example_dags/tutorial_etl_dag.py
[2022-02-05 19:35:55,566] {processor.py:654} INFO - DAG(s) dict_keys(['tutorial_etl_dag']) retrieved from /home/airflow/.local/lib/python3.7/site-packages/airflow/example_dags/tutorial_etl_dag.py
[2022-02-05 19:35:55,580] {logging_mixin.py:109} INFO - [2022-02-05 19:35:55,580] {dag.py:2396} INFO - Sync 1 DAGs
[2022-02-05 19:35:55,605] {logging_mixin.py:109} INFO - [2022-02-05 19:35:55,605] {dag.py:2935} INFO - Setting next_dagrun for tutorial_etl_dag to None
[2022-02-05 19:35:55,621] {processor.py:171} INFO - Processing /home/airflow/.local/lib/python3.7/site-packages/airflow/example_dags/tutorial_etl_dag.py took 0.114 seconds
[2022-02-05 19:36:26,454] {processor.py:163} INFO - Started process (PID=1784) to work on /home/airflow/.local/lib/python3.7/site-packages/airflow/example_dags/tutorial_etl_dag.py
[2022-02-05 19:36:26,455] {processor.py:642} INFO - Processing file /home/airflow/.local/lib/python3.7/site-packages/airflow/example_dags/tutorial_etl_dag.py for tasks to queue
[2022-02-05 19:36:26,456] {logging_mixin.py:109} INFO - [2022-02-05 19:36:26,456] {dagbag.py:500} INFO - Filling up the DagBag from /home/airflow/.local/lib/python3.7/site-packages/airflow/example_dags/tutorial_etl_dag.py
[2022-02-05 19:36:26,487] {processor.py:654} INFO - DAG(s) dict_keys(['tutorial_etl_dag']) retrieved from /home/airflow/.local/lib/python3.7/site-packages/airflow/example_dags/tutorial_etl_dag.py
[2022-02-05 19:36:26,497] {logging_mixin.py:109} INFO - [2022-02-05 19:36:26,496] {dag.py:2396} INFO - Sync 1 DAGs
[2022-02-05 19:36:26,512] {logging_mixin.py:109} INFO - [2022-02-05 19:36:26,512] {dag.py:2935} INFO - Setting next_dagrun for tutorial_etl_dag to None
[2022-02-05 19:36:26,523] {processor.py:171} INFO - Processing /home/airflow/.local/lib/python3.7/site-packages/airflow/example_dags/tutorial_etl_dag.py took 0.073 seconds
[2022-02-05 19:36:57,635] {processor.py:163} INFO - Started process (PID=1835) to work on /home/airflow/.local/lib/python3.7/site-packages/airflow/example_dags/tutorial_etl_dag.py
[2022-02-05 19:36:57,636] {processor.py:642} INFO - Processing file /home/airflow/.local/lib/python3.7/site-packages/airflow/example_dags/tutorial_etl_dag.py for tasks to queue
[2022-02-05 19:36:57,637] {logging_mixin.py:109} INFO - [2022-02-05 19:36:57,637] {dagbag.py:500} INFO - Filling up the DagBag from /home/airflow/.local/lib/python3.7/site-packages/airflow/example_dags/tutorial_etl_dag.py
[2022-02-05 19:36:57,663] {processor.py:654} INFO - DAG(s) dict_keys(['tutorial_etl_dag']) retrieved from /home/airflow/.local/lib/python3.7/site-packages/airflow/example_dags/tutorial_etl_dag.py
[2022-02-05 19:36:57,673] {logging_mixin.py:109} INFO - [2022-02-05 19:36:57,673] {dag.py:2396} INFO - Sync 1 DAGs
[2022-02-05 19:36:57,687] {logging_mixin.py:109} INFO - [2022-02-05 19:36:57,686] {dag.py:2935} INFO - Setting next_dagrun for tutorial_etl_dag to None
[2022-02-05 19:36:57,695] {processor.py:171} INFO - Processing /home/airflow/.local/lib/python3.7/site-packages/airflow/example_dags/tutorial_etl_dag.py took 0.063 seconds
[2022-02-05 19:37:28,002] {processor.py:163} INFO - Started process (PID=1898) to work on /home/airflow/.local/lib/python3.7/site-packages/airflow/example_dags/tutorial_etl_dag.py
[2022-02-05 19:37:28,003] {processor.py:642} INFO - Processing file /home/airflow/.local/lib/python3.7/site-packages/airflow/example_dags/tutorial_etl_dag.py for tasks to queue
[2022-02-05 19:37:28,004] {logging_mixin.py:109} INFO - [2022-02-05 19:37:28,004] {dagbag.py:500} INFO - Filling up the DagBag from /home/airflow/.local/lib/python3.7/site-packages/airflow/example_dags/tutorial_etl_dag.py
[2022-02-05 19:37:28,031] {processor.py:654} INFO - DAG(s) dict_keys(['tutorial_etl_dag']) retrieved from /home/airflow/.local/lib/python3.7/site-packages/airflow/example_dags/tutorial_etl_dag.py
[2022-02-05 19:37:28,041] {logging_mixin.py:109} INFO - [2022-02-05 19:37:28,041] {dag.py:2396} INFO - Sync 1 DAGs
[2022-02-05 19:37:28,054] {logging_mixin.py:109} INFO - [2022-02-05 19:37:28,053] {dag.py:2935} INFO - Setting next_dagrun for tutorial_etl_dag to None
[2022-02-05 19:37:28,061] {processor.py:171} INFO - Processing /home/airflow/.local/lib/python3.7/site-packages/airflow/example_dags/tutorial_etl_dag.py took 0.063 seconds
[2022-02-05 19:37:58,649] {processor.py:163} INFO - Started process (PID=1951) to work on /home/airflow/.local/lib/python3.7/site-packages/airflow/example_dags/tutorial_etl_dag.py
[2022-02-05 19:37:58,651] {processor.py:642} INFO - Processing file /home/airflow/.local/lib/python3.7/site-packages/airflow/example_dags/tutorial_etl_dag.py for tasks to queue
[2022-02-05 19:37:58,652] {logging_mixin.py:109} INFO - [2022-02-05 19:37:58,651] {dagbag.py:500} INFO - Filling up the DagBag from /home/airflow/.local/lib/python3.7/site-packages/airflow/example_dags/tutorial_etl_dag.py
[2022-02-05 19:37:58,689] {processor.py:654} INFO - DAG(s) dict_keys(['tutorial_etl_dag']) retrieved from /home/airflow/.local/lib/python3.7/site-packages/airflow/example_dags/tutorial_etl_dag.py
[2022-02-05 19:37:58,702] {logging_mixin.py:109} INFO - [2022-02-05 19:37:58,701] {dag.py:2396} INFO - Sync 1 DAGs
[2022-02-05 19:37:58,721] {logging_mixin.py:109} INFO - [2022-02-05 19:37:58,721] {dag.py:2935} INFO - Setting next_dagrun for tutorial_etl_dag to None
[2022-02-05 19:37:58,734] {processor.py:171} INFO - Processing /home/airflow/.local/lib/python3.7/site-packages/airflow/example_dags/tutorial_etl_dag.py took 0.089 seconds
[2022-02-05 19:38:29,255] {processor.py:163} INFO - Started process (PID=2014) to work on /home/airflow/.local/lib/python3.7/site-packages/airflow/example_dags/tutorial_etl_dag.py
[2022-02-05 19:38:29,256] {processor.py:642} INFO - Processing file /home/airflow/.local/lib/python3.7/site-packages/airflow/example_dags/tutorial_etl_dag.py for tasks to queue
[2022-02-05 19:38:29,257] {logging_mixin.py:109} INFO - [2022-02-05 19:38:29,257] {dagbag.py:500} INFO - Filling up the DagBag from /home/airflow/.local/lib/python3.7/site-packages/airflow/example_dags/tutorial_etl_dag.py
[2022-02-05 19:38:29,288] {processor.py:654} INFO - DAG(s) dict_keys(['tutorial_etl_dag']) retrieved from /home/airflow/.local/lib/python3.7/site-packages/airflow/example_dags/tutorial_etl_dag.py
[2022-02-05 19:38:29,298] {logging_mixin.py:109} INFO - [2022-02-05 19:38:29,298] {dag.py:2396} INFO - Sync 1 DAGs
[2022-02-05 19:38:29,315] {logging_mixin.py:109} INFO - [2022-02-05 19:38:29,315] {dag.py:2935} INFO - Setting next_dagrun for tutorial_etl_dag to None
[2022-02-05 19:38:29,326] {processor.py:171} INFO - Processing /home/airflow/.local/lib/python3.7/site-packages/airflow/example_dags/tutorial_etl_dag.py took 0.075 seconds
[2022-02-05 19:38:59,804] {processor.py:163} INFO - Started process (PID=2068) to work on /home/airflow/.local/lib/python3.7/site-packages/airflow/example_dags/tutorial_etl_dag.py
[2022-02-05 19:38:59,806] {processor.py:642} INFO - Processing file /home/airflow/.local/lib/python3.7/site-packages/airflow/example_dags/tutorial_etl_dag.py for tasks to queue
[2022-02-05 19:38:59,806] {logging_mixin.py:109} INFO - [2022-02-05 19:38:59,806] {dagbag.py:500} INFO - Filling up the DagBag from /home/airflow/.local/lib/python3.7/site-packages/airflow/example_dags/tutorial_etl_dag.py
[2022-02-05 19:38:59,830] {processor.py:654} INFO - DAG(s) dict_keys(['tutorial_etl_dag']) retrieved from /home/airflow/.local/lib/python3.7/site-packages/airflow/example_dags/tutorial_etl_dag.py
[2022-02-05 19:38:59,838] {logging_mixin.py:109} INFO - [2022-02-05 19:38:59,838] {dag.py:2396} INFO - Sync 1 DAGs
[2022-02-05 19:38:59,853] {logging_mixin.py:109} INFO - [2022-02-05 19:38:59,853] {dag.py:2935} INFO - Setting next_dagrun for tutorial_etl_dag to None
[2022-02-05 19:38:59,862] {processor.py:171} INFO - Processing /home/airflow/.local/lib/python3.7/site-packages/airflow/example_dags/tutorial_etl_dag.py took 0.060 seconds
[2022-02-05 19:39:30,760] {processor.py:163} INFO - Started process (PID=2134) to work on /home/airflow/.local/lib/python3.7/site-packages/airflow/example_dags/tutorial_etl_dag.py
[2022-02-05 19:39:30,762] {processor.py:642} INFO - Processing file /home/airflow/.local/lib/python3.7/site-packages/airflow/example_dags/tutorial_etl_dag.py for tasks to queue
[2022-02-05 19:39:30,762] {logging_mixin.py:109} INFO - [2022-02-05 19:39:30,762] {dagbag.py:500} INFO - Filling up the DagBag from /home/airflow/.local/lib/python3.7/site-packages/airflow/example_dags/tutorial_etl_dag.py
[2022-02-05 19:39:30,795] {processor.py:654} INFO - DAG(s) dict_keys(['tutorial_etl_dag']) retrieved from /home/airflow/.local/lib/python3.7/site-packages/airflow/example_dags/tutorial_etl_dag.py
[2022-02-05 19:39:30,810] {logging_mixin.py:109} INFO - [2022-02-05 19:39:30,810] {dag.py:2396} INFO - Sync 1 DAGs
[2022-02-05 19:39:30,832] {logging_mixin.py:109} INFO - [2022-02-05 19:39:30,832] {dag.py:2935} INFO - Setting next_dagrun for tutorial_etl_dag to None
[2022-02-05 19:39:30,845] {processor.py:171} INFO - Processing /home/airflow/.local/lib/python3.7/site-packages/airflow/example_dags/tutorial_etl_dag.py took 0.088 seconds
[2022-02-05 19:40:01,126] {processor.py:163} INFO - Started process (PID=2187) to work on /home/airflow/.local/lib/python3.7/site-packages/airflow/example_dags/tutorial_etl_dag.py
[2022-02-05 19:40:01,127] {processor.py:642} INFO - Processing file /home/airflow/.local/lib/python3.7/site-packages/airflow/example_dags/tutorial_etl_dag.py for tasks to queue
[2022-02-05 19:40:01,128] {logging_mixin.py:109} INFO - [2022-02-05 19:40:01,128] {dagbag.py:500} INFO - Filling up the DagBag from /home/airflow/.local/lib/python3.7/site-packages/airflow/example_dags/tutorial_etl_dag.py
[2022-02-05 19:40:01,165] {processor.py:654} INFO - DAG(s) dict_keys(['tutorial_etl_dag']) retrieved from /home/airflow/.local/lib/python3.7/site-packages/airflow/example_dags/tutorial_etl_dag.py
[2022-02-05 19:40:01,179] {logging_mixin.py:109} INFO - [2022-02-05 19:40:01,178] {dag.py:2396} INFO - Sync 1 DAGs
[2022-02-05 19:40:01,201] {logging_mixin.py:109} INFO - [2022-02-05 19:40:01,201] {dag.py:2935} INFO - Setting next_dagrun for tutorial_etl_dag to None
[2022-02-05 19:40:01,315] {processor.py:171} INFO - Processing /home/airflow/.local/lib/python3.7/site-packages/airflow/example_dags/tutorial_etl_dag.py took 0.194 seconds
[2022-02-05 19:40:31,760] {processor.py:163} INFO - Started process (PID=2244) to work on /home/airflow/.local/lib/python3.7/site-packages/airflow/example_dags/tutorial_etl_dag.py
[2022-02-05 19:40:31,761] {processor.py:642} INFO - Processing file /home/airflow/.local/lib/python3.7/site-packages/airflow/example_dags/tutorial_etl_dag.py for tasks to queue
[2022-02-05 19:40:31,762] {logging_mixin.py:109} INFO - [2022-02-05 19:40:31,762] {dagbag.py:500} INFO - Filling up the DagBag from /home/airflow/.local/lib/python3.7/site-packages/airflow/example_dags/tutorial_etl_dag.py
[2022-02-05 19:40:31,799] {processor.py:654} INFO - DAG(s) dict_keys(['tutorial_etl_dag']) retrieved from /home/airflow/.local/lib/python3.7/site-packages/airflow/example_dags/tutorial_etl_dag.py
[2022-02-05 19:40:31,821] {logging_mixin.py:109} INFO - [2022-02-05 19:40:31,821] {dag.py:2396} INFO - Sync 1 DAGs
[2022-02-05 19:40:31,847] {logging_mixin.py:109} INFO - [2022-02-05 19:40:31,846] {dag.py:2935} INFO - Setting next_dagrun for tutorial_etl_dag to None
[2022-02-05 19:40:31,972] {processor.py:171} INFO - Processing /home/airflow/.local/lib/python3.7/site-packages/airflow/example_dags/tutorial_etl_dag.py took 0.217 seconds
[2022-02-05 19:41:02,792] {processor.py:163} INFO - Started process (PID=2308) to work on /home/airflow/.local/lib/python3.7/site-packages/airflow/example_dags/tutorial_etl_dag.py
[2022-02-05 19:41:02,793] {processor.py:642} INFO - Processing file /home/airflow/.local/lib/python3.7/site-packages/airflow/example_dags/tutorial_etl_dag.py for tasks to queue
[2022-02-05 19:41:02,794] {logging_mixin.py:109} INFO - [2022-02-05 19:41:02,794] {dagbag.py:500} INFO - Filling up the DagBag from /home/airflow/.local/lib/python3.7/site-packages/airflow/example_dags/tutorial_etl_dag.py
[2022-02-05 19:41:02,833] {processor.py:654} INFO - DAG(s) dict_keys(['tutorial_etl_dag']) retrieved from /home/airflow/.local/lib/python3.7/site-packages/airflow/example_dags/tutorial_etl_dag.py
[2022-02-05 19:41:02,842] {logging_mixin.py:109} INFO - [2022-02-05 19:41:02,841] {dag.py:2396} INFO - Sync 1 DAGs
[2022-02-05 19:41:02,933] {logging_mixin.py:109} INFO - [2022-02-05 19:41:02,933] {dag.py:2935} INFO - Setting next_dagrun for tutorial_etl_dag to None
[2022-02-05 19:41:02,976] {processor.py:171} INFO - Processing /home/airflow/.local/lib/python3.7/site-packages/airflow/example_dags/tutorial_etl_dag.py took 0.187 seconds
[2022-02-05 19:41:33,523] {processor.py:163} INFO - Started process (PID=2361) to work on /home/airflow/.local/lib/python3.7/site-packages/airflow/example_dags/tutorial_etl_dag.py
[2022-02-05 19:41:33,526] {processor.py:642} INFO - Processing file /home/airflow/.local/lib/python3.7/site-packages/airflow/example_dags/tutorial_etl_dag.py for tasks to queue
[2022-02-05 19:41:33,526] {logging_mixin.py:109} INFO - [2022-02-05 19:41:33,526] {dagbag.py:500} INFO - Filling up the DagBag from /home/airflow/.local/lib/python3.7/site-packages/airflow/example_dags/tutorial_etl_dag.py
[2022-02-05 19:41:33,578] {processor.py:654} INFO - DAG(s) dict_keys(['tutorial_etl_dag']) retrieved from /home/airflow/.local/lib/python3.7/site-packages/airflow/example_dags/tutorial_etl_dag.py
[2022-02-05 19:41:33,601] {logging_mixin.py:109} INFO - [2022-02-05 19:41:33,601] {dag.py:2396} INFO - Sync 1 DAGs
[2022-02-05 19:41:33,773] {logging_mixin.py:109} INFO - [2022-02-05 19:41:33,773] {dag.py:2935} INFO - Setting next_dagrun for tutorial_etl_dag to None
[2022-02-05 19:41:33,791] {processor.py:171} INFO - Processing /home/airflow/.local/lib/python3.7/site-packages/airflow/example_dags/tutorial_etl_dag.py took 0.273 seconds
[2022-02-05 19:42:04,330] {processor.py:163} INFO - Started process (PID=2422) to work on /home/airflow/.local/lib/python3.7/site-packages/airflow/example_dags/tutorial_etl_dag.py
[2022-02-05 19:42:04,332] {processor.py:642} INFO - Processing file /home/airflow/.local/lib/python3.7/site-packages/airflow/example_dags/tutorial_etl_dag.py for tasks to queue
[2022-02-05 19:42:04,333] {logging_mixin.py:109} INFO - [2022-02-05 19:42:04,333] {dagbag.py:500} INFO - Filling up the DagBag from /home/airflow/.local/lib/python3.7/site-packages/airflow/example_dags/tutorial_etl_dag.py
[2022-02-05 19:42:04,371] {processor.py:654} INFO - DAG(s) dict_keys(['tutorial_etl_dag']) retrieved from /home/airflow/.local/lib/python3.7/site-packages/airflow/example_dags/tutorial_etl_dag.py
[2022-02-05 19:42:04,497] {logging_mixin.py:109} INFO - [2022-02-05 19:42:04,496] {dag.py:2396} INFO - Sync 1 DAGs
[2022-02-05 19:42:04,518] {logging_mixin.py:109} INFO - [2022-02-05 19:42:04,518] {dag.py:2935} INFO - Setting next_dagrun for tutorial_etl_dag to None
[2022-02-05 19:42:04,536] {processor.py:171} INFO - Processing /home/airflow/.local/lib/python3.7/site-packages/airflow/example_dags/tutorial_etl_dag.py took 0.212 seconds
[2022-02-05 19:42:34,845] {processor.py:163} INFO - Started process (PID=2475) to work on /home/airflow/.local/lib/python3.7/site-packages/airflow/example_dags/tutorial_etl_dag.py
[2022-02-05 19:42:34,847] {processor.py:642} INFO - Processing file /home/airflow/.local/lib/python3.7/site-packages/airflow/example_dags/tutorial_etl_dag.py for tasks to queue
[2022-02-05 19:42:34,848] {logging_mixin.py:109} INFO - [2022-02-05 19:42:34,848] {dagbag.py:500} INFO - Filling up the DagBag from /home/airflow/.local/lib/python3.7/site-packages/airflow/example_dags/tutorial_etl_dag.py
[2022-02-05 19:42:34,988] {processor.py:654} INFO - DAG(s) dict_keys(['tutorial_etl_dag']) retrieved from /home/airflow/.local/lib/python3.7/site-packages/airflow/example_dags/tutorial_etl_dag.py
[2022-02-05 19:42:34,999] {logging_mixin.py:109} INFO - [2022-02-05 19:42:34,998] {dag.py:2396} INFO - Sync 1 DAGs
[2022-02-05 19:42:35,017] {logging_mixin.py:109} INFO - [2022-02-05 19:42:35,017] {dag.py:2935} INFO - Setting next_dagrun for tutorial_etl_dag to None
[2022-02-05 19:42:35,041] {processor.py:171} INFO - Processing /home/airflow/.local/lib/python3.7/site-packages/airflow/example_dags/tutorial_etl_dag.py took 0.201 seconds
[2022-02-05 19:43:05,296] {processor.py:163} INFO - Started process (PID=2537) to work on /home/airflow/.local/lib/python3.7/site-packages/airflow/example_dags/tutorial_etl_dag.py
[2022-02-05 19:43:05,297] {processor.py:642} INFO - Processing file /home/airflow/.local/lib/python3.7/site-packages/airflow/example_dags/tutorial_etl_dag.py for tasks to queue
[2022-02-05 19:43:05,298] {logging_mixin.py:109} INFO - [2022-02-05 19:43:05,298] {dagbag.py:500} INFO - Filling up the DagBag from /home/airflow/.local/lib/python3.7/site-packages/airflow/example_dags/tutorial_etl_dag.py
[2022-02-05 19:43:05,448] {processor.py:654} INFO - DAG(s) dict_keys(['tutorial_etl_dag']) retrieved from /home/airflow/.local/lib/python3.7/site-packages/airflow/example_dags/tutorial_etl_dag.py
[2022-02-05 19:43:05,460] {logging_mixin.py:109} INFO - [2022-02-05 19:43:05,460] {dag.py:2396} INFO - Sync 1 DAGs
[2022-02-05 19:43:05,481] {logging_mixin.py:109} INFO - [2022-02-05 19:43:05,480] {dag.py:2935} INFO - Setting next_dagrun for tutorial_etl_dag to None
[2022-02-05 19:43:05,509] {processor.py:171} INFO - Processing /home/airflow/.local/lib/python3.7/site-packages/airflow/example_dags/tutorial_etl_dag.py took 0.217 seconds
[2022-02-05 19:43:36,329] {processor.py:163} INFO - Started process (PID=2591) to work on /home/airflow/.local/lib/python3.7/site-packages/airflow/example_dags/tutorial_etl_dag.py
[2022-02-05 19:43:36,330] {processor.py:642} INFO - Processing file /home/airflow/.local/lib/python3.7/site-packages/airflow/example_dags/tutorial_etl_dag.py for tasks to queue
[2022-02-05 19:43:36,331] {logging_mixin.py:109} INFO - [2022-02-05 19:43:36,331] {dagbag.py:500} INFO - Filling up the DagBag from /home/airflow/.local/lib/python3.7/site-packages/airflow/example_dags/tutorial_etl_dag.py
[2022-02-05 19:43:36,437] {processor.py:654} INFO - DAG(s) dict_keys(['tutorial_etl_dag']) retrieved from /home/airflow/.local/lib/python3.7/site-packages/airflow/example_dags/tutorial_etl_dag.py
[2022-02-05 19:43:36,444] {logging_mixin.py:109} INFO - [2022-02-05 19:43:36,444] {dag.py:2396} INFO - Sync 1 DAGs
[2022-02-05 19:43:36,456] {logging_mixin.py:109} INFO - [2022-02-05 19:43:36,456] {dag.py:2935} INFO - Setting next_dagrun for tutorial_etl_dag to None
[2022-02-05 19:43:36,468] {processor.py:171} INFO - Processing /home/airflow/.local/lib/python3.7/site-packages/airflow/example_dags/tutorial_etl_dag.py took 0.142 seconds
[2022-02-05 19:44:06,523] {processor.py:163} INFO - Started process (PID=2658) to work on /home/airflow/.local/lib/python3.7/site-packages/airflow/example_dags/tutorial_etl_dag.py
[2022-02-05 19:44:06,524] {processor.py:642} INFO - Processing file /home/airflow/.local/lib/python3.7/site-packages/airflow/example_dags/tutorial_etl_dag.py for tasks to queue
[2022-02-05 19:44:06,524] {logging_mixin.py:109} INFO - [2022-02-05 19:44:06,524] {dagbag.py:500} INFO - Filling up the DagBag from /home/airflow/.local/lib/python3.7/site-packages/airflow/example_dags/tutorial_etl_dag.py
[2022-02-05 19:44:06,633] {processor.py:654} INFO - DAG(s) dict_keys(['tutorial_etl_dag']) retrieved from /home/airflow/.local/lib/python3.7/site-packages/airflow/example_dags/tutorial_etl_dag.py
[2022-02-05 19:44:06,640] {logging_mixin.py:109} INFO - [2022-02-05 19:44:06,640] {dag.py:2396} INFO - Sync 1 DAGs
[2022-02-05 19:44:06,650] {logging_mixin.py:109} INFO - [2022-02-05 19:44:06,650] {dag.py:2935} INFO - Setting next_dagrun for tutorial_etl_dag to None
[2022-02-05 19:44:06,657] {processor.py:171} INFO - Processing /home/airflow/.local/lib/python3.7/site-packages/airflow/example_dags/tutorial_etl_dag.py took 0.137 seconds
[2022-02-05 19:44:37,675] {processor.py:163} INFO - Started process (PID=2710) to work on /home/airflow/.local/lib/python3.7/site-packages/airflow/example_dags/tutorial_etl_dag.py
[2022-02-05 19:44:37,676] {processor.py:642} INFO - Processing file /home/airflow/.local/lib/python3.7/site-packages/airflow/example_dags/tutorial_etl_dag.py for tasks to queue
[2022-02-05 19:44:37,677] {logging_mixin.py:109} INFO - [2022-02-05 19:44:37,677] {dagbag.py:500} INFO - Filling up the DagBag from /home/airflow/.local/lib/python3.7/site-packages/airflow/example_dags/tutorial_etl_dag.py
[2022-02-05 19:44:37,701] {processor.py:654} INFO - DAG(s) dict_keys(['tutorial_etl_dag']) retrieved from /home/airflow/.local/lib/python3.7/site-packages/airflow/example_dags/tutorial_etl_dag.py
[2022-02-05 19:44:37,709] {logging_mixin.py:109} INFO - [2022-02-05 19:44:37,709] {dag.py:2396} INFO - Sync 1 DAGs
[2022-02-05 19:44:37,722] {logging_mixin.py:109} INFO - [2022-02-05 19:44:37,722] {dag.py:2935} INFO - Setting next_dagrun for tutorial_etl_dag to None
[2022-02-05 19:44:37,731] {processor.py:171} INFO - Processing /home/airflow/.local/lib/python3.7/site-packages/airflow/example_dags/tutorial_etl_dag.py took 0.058 seconds
[2022-02-05 19:45:08,588] {processor.py:163} INFO - Started process (PID=2772) to work on /home/airflow/.local/lib/python3.7/site-packages/airflow/example_dags/tutorial_etl_dag.py
[2022-02-05 19:45:08,590] {processor.py:642} INFO - Processing file /home/airflow/.local/lib/python3.7/site-packages/airflow/example_dags/tutorial_etl_dag.py for tasks to queue
[2022-02-05 19:45:08,590] {logging_mixin.py:109} INFO - [2022-02-05 19:45:08,590] {dagbag.py:500} INFO - Filling up the DagBag from /home/airflow/.local/lib/python3.7/site-packages/airflow/example_dags/tutorial_etl_dag.py
[2022-02-05 19:45:08,612] {processor.py:654} INFO - DAG(s) dict_keys(['tutorial_etl_dag']) retrieved from /home/airflow/.local/lib/python3.7/site-packages/airflow/example_dags/tutorial_etl_dag.py
[2022-02-05 19:45:08,620] {logging_mixin.py:109} INFO - [2022-02-05 19:45:08,620] {dag.py:2396} INFO - Sync 1 DAGs
[2022-02-05 19:45:08,631] {logging_mixin.py:109} INFO - [2022-02-05 19:45:08,631] {dag.py:2935} INFO - Setting next_dagrun for tutorial_etl_dag to None
[2022-02-05 19:45:08,639] {processor.py:171} INFO - Processing /home/airflow/.local/lib/python3.7/site-packages/airflow/example_dags/tutorial_etl_dag.py took 0.053 seconds
[2022-02-05 19:45:39,447] {processor.py:163} INFO - Started process (PID=2825) to work on /home/airflow/.local/lib/python3.7/site-packages/airflow/example_dags/tutorial_etl_dag.py
[2022-02-05 19:45:39,449] {processor.py:642} INFO - Processing file /home/airflow/.local/lib/python3.7/site-packages/airflow/example_dags/tutorial_etl_dag.py for tasks to queue
[2022-02-05 19:45:39,449] {logging_mixin.py:109} INFO - [2022-02-05 19:45:39,449] {dagbag.py:500} INFO - Filling up the DagBag from /home/airflow/.local/lib/python3.7/site-packages/airflow/example_dags/tutorial_etl_dag.py
[2022-02-05 19:45:39,472] {processor.py:654} INFO - DAG(s) dict_keys(['tutorial_etl_dag']) retrieved from /home/airflow/.local/lib/python3.7/site-packages/airflow/example_dags/tutorial_etl_dag.py
[2022-02-05 19:45:39,480] {logging_mixin.py:109} INFO - [2022-02-05 19:45:39,480] {dag.py:2396} INFO - Sync 1 DAGs
[2022-02-05 19:45:39,493] {logging_mixin.py:109} INFO - [2022-02-05 19:45:39,493] {dag.py:2935} INFO - Setting next_dagrun for tutorial_etl_dag to None
[2022-02-05 19:45:39,502] {processor.py:171} INFO - Processing /home/airflow/.local/lib/python3.7/site-packages/airflow/example_dags/tutorial_etl_dag.py took 0.057 seconds
[2022-02-05 19:46:10,307] {processor.py:163} INFO - Started process (PID=2888) to work on /home/airflow/.local/lib/python3.7/site-packages/airflow/example_dags/tutorial_etl_dag.py
[2022-02-05 19:46:10,308] {processor.py:642} INFO - Processing file /home/airflow/.local/lib/python3.7/site-packages/airflow/example_dags/tutorial_etl_dag.py for tasks to queue
[2022-02-05 19:46:10,308] {logging_mixin.py:109} INFO - [2022-02-05 19:46:10,308] {dagbag.py:500} INFO - Filling up the DagBag from /home/airflow/.local/lib/python3.7/site-packages/airflow/example_dags/tutorial_etl_dag.py
[2022-02-05 19:46:10,331] {processor.py:654} INFO - DAG(s) dict_keys(['tutorial_etl_dag']) retrieved from /home/airflow/.local/lib/python3.7/site-packages/airflow/example_dags/tutorial_etl_dag.py
[2022-02-05 19:46:10,339] {logging_mixin.py:109} INFO - [2022-02-05 19:46:10,338] {dag.py:2396} INFO - Sync 1 DAGs
[2022-02-05 19:46:10,351] {logging_mixin.py:109} INFO - [2022-02-05 19:46:10,351] {dag.py:2935} INFO - Setting next_dagrun for tutorial_etl_dag to None
[2022-02-05 19:46:10,360] {processor.py:171} INFO - Processing /home/airflow/.local/lib/python3.7/site-packages/airflow/example_dags/tutorial_etl_dag.py took 0.056 seconds
[2022-02-05 19:46:41,094] {processor.py:163} INFO - Started process (PID=2949) to work on /home/airflow/.local/lib/python3.7/site-packages/airflow/example_dags/tutorial_etl_dag.py
[2022-02-05 19:46:41,095] {processor.py:642} INFO - Processing file /home/airflow/.local/lib/python3.7/site-packages/airflow/example_dags/tutorial_etl_dag.py for tasks to queue
[2022-02-05 19:46:41,095] {logging_mixin.py:109} INFO - [2022-02-05 19:46:41,095] {dagbag.py:500} INFO - Filling up the DagBag from /home/airflow/.local/lib/python3.7/site-packages/airflow/example_dags/tutorial_etl_dag.py
[2022-02-05 19:46:41,117] {processor.py:654} INFO - DAG(s) dict_keys(['tutorial_etl_dag']) retrieved from /home/airflow/.local/lib/python3.7/site-packages/airflow/example_dags/tutorial_etl_dag.py
[2022-02-05 19:46:41,124] {logging_mixin.py:109} INFO - [2022-02-05 19:46:41,124] {dag.py:2396} INFO - Sync 1 DAGs
[2022-02-05 19:46:41,136] {logging_mixin.py:109} INFO - [2022-02-05 19:46:41,136] {dag.py:2935} INFO - Setting next_dagrun for tutorial_etl_dag to None
[2022-02-05 19:46:41,144] {processor.py:171} INFO - Processing /home/airflow/.local/lib/python3.7/site-packages/airflow/example_dags/tutorial_etl_dag.py took 0.053 seconds
[2022-02-05 19:47:11,908] {processor.py:163} INFO - Started process (PID=3000) to work on /home/airflow/.local/lib/python3.7/site-packages/airflow/example_dags/tutorial_etl_dag.py
[2022-02-05 19:47:11,909] {processor.py:642} INFO - Processing file /home/airflow/.local/lib/python3.7/site-packages/airflow/example_dags/tutorial_etl_dag.py for tasks to queue
[2022-02-05 19:47:11,909] {logging_mixin.py:109} INFO - [2022-02-05 19:47:11,909] {dagbag.py:500} INFO - Filling up the DagBag from /home/airflow/.local/lib/python3.7/site-packages/airflow/example_dags/tutorial_etl_dag.py
[2022-02-05 19:47:11,936] {processor.py:654} INFO - DAG(s) dict_keys(['tutorial_etl_dag']) retrieved from /home/airflow/.local/lib/python3.7/site-packages/airflow/example_dags/tutorial_etl_dag.py
[2022-02-05 19:47:11,945] {logging_mixin.py:109} INFO - [2022-02-05 19:47:11,945] {dag.py:2396} INFO - Sync 1 DAGs
[2022-02-05 19:47:11,960] {logging_mixin.py:109} INFO - [2022-02-05 19:47:11,960] {dag.py:2935} INFO - Setting next_dagrun for tutorial_etl_dag to None
[2022-02-05 19:47:11,971] {processor.py:171} INFO - Processing /home/airflow/.local/lib/python3.7/site-packages/airflow/example_dags/tutorial_etl_dag.py took 0.066 seconds
[2022-02-05 19:47:42,738] {processor.py:163} INFO - Started process (PID=3062) to work on /home/airflow/.local/lib/python3.7/site-packages/airflow/example_dags/tutorial_etl_dag.py
[2022-02-05 19:47:42,739] {processor.py:642} INFO - Processing file /home/airflow/.local/lib/python3.7/site-packages/airflow/example_dags/tutorial_etl_dag.py for tasks to queue
[2022-02-05 19:47:42,740] {logging_mixin.py:109} INFO - [2022-02-05 19:47:42,740] {dagbag.py:500} INFO - Filling up the DagBag from /home/airflow/.local/lib/python3.7/site-packages/airflow/example_dags/tutorial_etl_dag.py
[2022-02-05 19:47:42,763] {processor.py:654} INFO - DAG(s) dict_keys(['tutorial_etl_dag']) retrieved from /home/airflow/.local/lib/python3.7/site-packages/airflow/example_dags/tutorial_etl_dag.py
[2022-02-05 19:47:42,771] {logging_mixin.py:109} INFO - [2022-02-05 19:47:42,771] {dag.py:2396} INFO - Sync 1 DAGs
[2022-02-05 19:47:42,784] {logging_mixin.py:109} INFO - [2022-02-05 19:47:42,784] {dag.py:2935} INFO - Setting next_dagrun for tutorial_etl_dag to None
[2022-02-05 19:47:42,793] {processor.py:171} INFO - Processing /home/airflow/.local/lib/python3.7/site-packages/airflow/example_dags/tutorial_etl_dag.py took 0.058 seconds
[2022-02-05 19:48:13,853] {processor.py:163} INFO - Started process (PID=3115) to work on /home/airflow/.local/lib/python3.7/site-packages/airflow/example_dags/tutorial_etl_dag.py
[2022-02-05 19:48:13,854] {processor.py:642} INFO - Processing file /home/airflow/.local/lib/python3.7/site-packages/airflow/example_dags/tutorial_etl_dag.py for tasks to queue
[2022-02-05 19:48:13,855] {logging_mixin.py:109} INFO - [2022-02-05 19:48:13,855] {dagbag.py:500} INFO - Filling up the DagBag from /home/airflow/.local/lib/python3.7/site-packages/airflow/example_dags/tutorial_etl_dag.py
[2022-02-05 19:48:13,892] {processor.py:654} INFO - DAG(s) dict_keys(['tutorial_etl_dag']) retrieved from /home/airflow/.local/lib/python3.7/site-packages/airflow/example_dags/tutorial_etl_dag.py
[2022-02-05 19:48:13,904] {logging_mixin.py:109} INFO - [2022-02-05 19:48:13,904] {dag.py:2396} INFO - Sync 1 DAGs
[2022-02-05 19:48:13,926] {logging_mixin.py:109} INFO - [2022-02-05 19:48:13,925] {dag.py:2935} INFO - Setting next_dagrun for tutorial_etl_dag to None
[2022-02-05 19:48:13,940] {processor.py:171} INFO - Processing /home/airflow/.local/lib/python3.7/site-packages/airflow/example_dags/tutorial_etl_dag.py took 0.092 seconds
[2022-02-05 19:48:44,281] {processor.py:163} INFO - Started process (PID=3178) to work on /home/airflow/.local/lib/python3.7/site-packages/airflow/example_dags/tutorial_etl_dag.py
[2022-02-05 19:48:44,283] {processor.py:642} INFO - Processing file /home/airflow/.local/lib/python3.7/site-packages/airflow/example_dags/tutorial_etl_dag.py for tasks to queue
[2022-02-05 19:48:44,283] {logging_mixin.py:109} INFO - [2022-02-05 19:48:44,283] {dagbag.py:500} INFO - Filling up the DagBag from /home/airflow/.local/lib/python3.7/site-packages/airflow/example_dags/tutorial_etl_dag.py
[2022-02-05 19:48:44,307] {processor.py:654} INFO - DAG(s) dict_keys(['tutorial_etl_dag']) retrieved from /home/airflow/.local/lib/python3.7/site-packages/airflow/example_dags/tutorial_etl_dag.py
[2022-02-05 19:48:44,317] {logging_mixin.py:109} INFO - [2022-02-05 19:48:44,317] {dag.py:2396} INFO - Sync 1 DAGs
[2022-02-05 19:48:44,330] {logging_mixin.py:109} INFO - [2022-02-05 19:48:44,330] {dag.py:2935} INFO - Setting next_dagrun for tutorial_etl_dag to None
[2022-02-05 19:48:44,338] {processor.py:171} INFO - Processing /home/airflow/.local/lib/python3.7/site-packages/airflow/example_dags/tutorial_etl_dag.py took 0.060 seconds
[2022-02-05 19:49:14,971] {processor.py:163} INFO - Started process (PID=3233) to work on /home/airflow/.local/lib/python3.7/site-packages/airflow/example_dags/tutorial_etl_dag.py
[2022-02-05 19:49:14,973] {processor.py:642} INFO - Processing file /home/airflow/.local/lib/python3.7/site-packages/airflow/example_dags/tutorial_etl_dag.py for tasks to queue
[2022-02-05 19:49:14,974] {logging_mixin.py:109} INFO - [2022-02-05 19:49:14,974] {dagbag.py:500} INFO - Filling up the DagBag from /home/airflow/.local/lib/python3.7/site-packages/airflow/example_dags/tutorial_etl_dag.py
[2022-02-05 19:49:15,006] {processor.py:654} INFO - DAG(s) dict_keys(['tutorial_etl_dag']) retrieved from /home/airflow/.local/lib/python3.7/site-packages/airflow/example_dags/tutorial_etl_dag.py
[2022-02-05 19:49:15,017] {logging_mixin.py:109} INFO - [2022-02-05 19:49:15,017] {dag.py:2396} INFO - Sync 1 DAGs
[2022-02-05 19:49:15,032] {logging_mixin.py:109} INFO - [2022-02-05 19:49:15,032] {dag.py:2935} INFO - Setting next_dagrun for tutorial_etl_dag to None
[2022-02-05 19:49:15,043] {processor.py:171} INFO - Processing /home/airflow/.local/lib/python3.7/site-packages/airflow/example_dags/tutorial_etl_dag.py took 0.078 seconds
[2022-02-05 19:49:45,574] {processor.py:163} INFO - Started process (PID=3296) to work on /home/airflow/.local/lib/python3.7/site-packages/airflow/example_dags/tutorial_etl_dag.py
[2022-02-05 19:49:45,582] {processor.py:642} INFO - Processing file /home/airflow/.local/lib/python3.7/site-packages/airflow/example_dags/tutorial_etl_dag.py for tasks to queue
[2022-02-05 19:49:45,583] {logging_mixin.py:109} INFO - [2022-02-05 19:49:45,583] {dagbag.py:500} INFO - Filling up the DagBag from /home/airflow/.local/lib/python3.7/site-packages/airflow/example_dags/tutorial_etl_dag.py
[2022-02-05 19:49:45,626] {processor.py:654} INFO - DAG(s) dict_keys(['tutorial_etl_dag']) retrieved from /home/airflow/.local/lib/python3.7/site-packages/airflow/example_dags/tutorial_etl_dag.py
[2022-02-05 19:49:45,642] {logging_mixin.py:109} INFO - [2022-02-05 19:49:45,641] {dag.py:2396} INFO - Sync 1 DAGs
[2022-02-05 19:49:45,667] {logging_mixin.py:109} INFO - [2022-02-05 19:49:45,667] {dag.py:2935} INFO - Setting next_dagrun for tutorial_etl_dag to None
[2022-02-05 19:49:45,682] {processor.py:171} INFO - Processing /home/airflow/.local/lib/python3.7/site-packages/airflow/example_dags/tutorial_etl_dag.py took 0.113 seconds
[2022-02-05 19:50:16,687] {processor.py:163} INFO - Started process (PID=3349) to work on /home/airflow/.local/lib/python3.7/site-packages/airflow/example_dags/tutorial_etl_dag.py
[2022-02-05 19:50:16,689] {processor.py:642} INFO - Processing file /home/airflow/.local/lib/python3.7/site-packages/airflow/example_dags/tutorial_etl_dag.py for tasks to queue
[2022-02-05 19:50:16,689] {logging_mixin.py:109} INFO - [2022-02-05 19:50:16,689] {dagbag.py:500} INFO - Filling up the DagBag from /home/airflow/.local/lib/python3.7/site-packages/airflow/example_dags/tutorial_etl_dag.py
[2022-02-05 19:50:16,711] {processor.py:654} INFO - DAG(s) dict_keys(['tutorial_etl_dag']) retrieved from /home/airflow/.local/lib/python3.7/site-packages/airflow/example_dags/tutorial_etl_dag.py
[2022-02-05 19:50:16,719] {logging_mixin.py:109} INFO - [2022-02-05 19:50:16,719] {dag.py:2396} INFO - Sync 1 DAGs
[2022-02-05 19:50:16,732] {logging_mixin.py:109} INFO - [2022-02-05 19:50:16,732] {dag.py:2935} INFO - Setting next_dagrun for tutorial_etl_dag to None
[2022-02-05 19:50:16,741] {processor.py:171} INFO - Processing /home/airflow/.local/lib/python3.7/site-packages/airflow/example_dags/tutorial_etl_dag.py took 0.056 seconds
[2022-02-05 19:50:47,911] {processor.py:163} INFO - Started process (PID=3410) to work on /home/airflow/.local/lib/python3.7/site-packages/airflow/example_dags/tutorial_etl_dag.py
[2022-02-05 19:50:47,913] {processor.py:642} INFO - Processing file /home/airflow/.local/lib/python3.7/site-packages/airflow/example_dags/tutorial_etl_dag.py for tasks to queue
[2022-02-05 19:50:47,914] {logging_mixin.py:109} INFO - [2022-02-05 19:50:47,914] {dagbag.py:500} INFO - Filling up the DagBag from /home/airflow/.local/lib/python3.7/site-packages/airflow/example_dags/tutorial_etl_dag.py
[2022-02-05 19:50:47,974] {processor.py:654} INFO - DAG(s) dict_keys(['tutorial_etl_dag']) retrieved from /home/airflow/.local/lib/python3.7/site-packages/airflow/example_dags/tutorial_etl_dag.py
[2022-02-05 19:50:48,003] {logging_mixin.py:109} INFO - [2022-02-05 19:50:48,003] {dag.py:2396} INFO - Sync 1 DAGs
[2022-02-05 19:50:48,038] {logging_mixin.py:109} INFO - [2022-02-05 19:50:48,038] {dag.py:2935} INFO - Setting next_dagrun for tutorial_etl_dag to None
[2022-02-05 19:50:48,054] {processor.py:171} INFO - Processing /home/airflow/.local/lib/python3.7/site-packages/airflow/example_dags/tutorial_etl_dag.py took 0.147 seconds
[2022-02-05 19:51:18,342] {processor.py:163} INFO - Started process (PID=3462) to work on /home/airflow/.local/lib/python3.7/site-packages/airflow/example_dags/tutorial_etl_dag.py
[2022-02-05 19:51:18,343] {processor.py:642} INFO - Processing file /home/airflow/.local/lib/python3.7/site-packages/airflow/example_dags/tutorial_etl_dag.py for tasks to queue
[2022-02-05 19:51:18,344] {logging_mixin.py:109} INFO - [2022-02-05 19:51:18,344] {dagbag.py:500} INFO - Filling up the DagBag from /home/airflow/.local/lib/python3.7/site-packages/airflow/example_dags/tutorial_etl_dag.py
[2022-02-05 19:51:18,371] {processor.py:654} INFO - DAG(s) dict_keys(['tutorial_etl_dag']) retrieved from /home/airflow/.local/lib/python3.7/site-packages/airflow/example_dags/tutorial_etl_dag.py
[2022-02-05 19:51:18,385] {logging_mixin.py:109} INFO - [2022-02-05 19:51:18,385] {dag.py:2396} INFO - Sync 1 DAGs
[2022-02-05 19:51:18,412] {logging_mixin.py:109} INFO - [2022-02-05 19:51:18,411] {dag.py:2935} INFO - Setting next_dagrun for tutorial_etl_dag to None
[2022-02-05 19:51:18,426] {processor.py:171} INFO - Processing /home/airflow/.local/lib/python3.7/site-packages/airflow/example_dags/tutorial_etl_dag.py took 0.088 seconds
[2022-02-05 19:51:48,594] {processor.py:163} INFO - Started process (PID=3523) to work on /home/airflow/.local/lib/python3.7/site-packages/airflow/example_dags/tutorial_etl_dag.py
[2022-02-05 19:51:48,595] {processor.py:642} INFO - Processing file /home/airflow/.local/lib/python3.7/site-packages/airflow/example_dags/tutorial_etl_dag.py for tasks to queue
[2022-02-05 19:51:48,596] {logging_mixin.py:109} INFO - [2022-02-05 19:51:48,596] {dagbag.py:500} INFO - Filling up the DagBag from /home/airflow/.local/lib/python3.7/site-packages/airflow/example_dags/tutorial_etl_dag.py
[2022-02-05 19:51:48,619] {processor.py:654} INFO - DAG(s) dict_keys(['tutorial_etl_dag']) retrieved from /home/airflow/.local/lib/python3.7/site-packages/airflow/example_dags/tutorial_etl_dag.py
[2022-02-05 19:51:48,631] {logging_mixin.py:109} INFO - [2022-02-05 19:51:48,631] {dag.py:2396} INFO - Sync 1 DAGs
[2022-02-05 19:51:48,644] {logging_mixin.py:109} INFO - [2022-02-05 19:51:48,644] {dag.py:2935} INFO - Setting next_dagrun for tutorial_etl_dag to None
[2022-02-05 19:51:48,653] {processor.py:171} INFO - Processing /home/airflow/.local/lib/python3.7/site-packages/airflow/example_dags/tutorial_etl_dag.py took 0.061 seconds
[2022-02-05 19:52:19,945] {processor.py:163} INFO - Started process (PID=3575) to work on /home/airflow/.local/lib/python3.7/site-packages/airflow/example_dags/tutorial_etl_dag.py
[2022-02-05 19:52:19,947] {processor.py:642} INFO - Processing file /home/airflow/.local/lib/python3.7/site-packages/airflow/example_dags/tutorial_etl_dag.py for tasks to queue
[2022-02-05 19:52:19,948] {logging_mixin.py:109} INFO - [2022-02-05 19:52:19,948] {dagbag.py:500} INFO - Filling up the DagBag from /home/airflow/.local/lib/python3.7/site-packages/airflow/example_dags/tutorial_etl_dag.py
[2022-02-05 19:52:19,985] {processor.py:654} INFO - DAG(s) dict_keys(['tutorial_etl_dag']) retrieved from /home/airflow/.local/lib/python3.7/site-packages/airflow/example_dags/tutorial_etl_dag.py
[2022-02-05 19:52:19,998] {logging_mixin.py:109} INFO - [2022-02-05 19:52:19,998] {dag.py:2396} INFO - Sync 1 DAGs
[2022-02-05 19:52:20,024] {logging_mixin.py:109} INFO - [2022-02-05 19:52:20,024] {dag.py:2935} INFO - Setting next_dagrun for tutorial_etl_dag to None
[2022-02-05 19:52:20,048] {processor.py:171} INFO - Processing /home/airflow/.local/lib/python3.7/site-packages/airflow/example_dags/tutorial_etl_dag.py took 0.108 seconds
[2022-02-05 19:52:50,449] {processor.py:163} INFO - Started process (PID=3638) to work on /home/airflow/.local/lib/python3.7/site-packages/airflow/example_dags/tutorial_etl_dag.py
[2022-02-05 19:52:50,451] {processor.py:642} INFO - Processing file /home/airflow/.local/lib/python3.7/site-packages/airflow/example_dags/tutorial_etl_dag.py for tasks to queue
[2022-02-05 19:52:50,452] {logging_mixin.py:109} INFO - [2022-02-05 19:52:50,452] {dagbag.py:500} INFO - Filling up the DagBag from /home/airflow/.local/lib/python3.7/site-packages/airflow/example_dags/tutorial_etl_dag.py
[2022-02-05 19:52:50,491] {processor.py:654} INFO - DAG(s) dict_keys(['tutorial_etl_dag']) retrieved from /home/airflow/.local/lib/python3.7/site-packages/airflow/example_dags/tutorial_etl_dag.py
[2022-02-05 19:52:50,504] {logging_mixin.py:109} INFO - [2022-02-05 19:52:50,503] {dag.py:2396} INFO - Sync 1 DAGs
[2022-02-05 19:52:50,525] {logging_mixin.py:109} INFO - [2022-02-05 19:52:50,525] {dag.py:2935} INFO - Setting next_dagrun for tutorial_etl_dag to None
[2022-02-05 19:52:50,543] {processor.py:171} INFO - Processing /home/airflow/.local/lib/python3.7/site-packages/airflow/example_dags/tutorial_etl_dag.py took 0.098 seconds
[2022-02-05 19:53:21,621] {processor.py:163} INFO - Started process (PID=3691) to work on /home/airflow/.local/lib/python3.7/site-packages/airflow/example_dags/tutorial_etl_dag.py
[2022-02-05 19:53:21,622] {processor.py:642} INFO - Processing file /home/airflow/.local/lib/python3.7/site-packages/airflow/example_dags/tutorial_etl_dag.py for tasks to queue
[2022-02-05 19:53:21,623] {logging_mixin.py:109} INFO - [2022-02-05 19:53:21,623] {dagbag.py:500} INFO - Filling up the DagBag from /home/airflow/.local/lib/python3.7/site-packages/airflow/example_dags/tutorial_etl_dag.py
[2022-02-05 19:53:21,660] {processor.py:654} INFO - DAG(s) dict_keys(['tutorial_etl_dag']) retrieved from /home/airflow/.local/lib/python3.7/site-packages/airflow/example_dags/tutorial_etl_dag.py
[2022-02-05 19:53:21,676] {logging_mixin.py:109} INFO - [2022-02-05 19:53:21,675] {dag.py:2396} INFO - Sync 1 DAGs
[2022-02-05 19:53:21,704] {logging_mixin.py:109} INFO - [2022-02-05 19:53:21,704] {dag.py:2935} INFO - Setting next_dagrun for tutorial_etl_dag to None
[2022-02-05 19:53:21,719] {processor.py:171} INFO - Processing /home/airflow/.local/lib/python3.7/site-packages/airflow/example_dags/tutorial_etl_dag.py took 0.103 seconds
[2022-02-05 19:53:52,047] {processor.py:163} INFO - Started process (PID=3753) to work on /home/airflow/.local/lib/python3.7/site-packages/airflow/example_dags/tutorial_etl_dag.py
[2022-02-05 19:53:52,049] {processor.py:642} INFO - Processing file /home/airflow/.local/lib/python3.7/site-packages/airflow/example_dags/tutorial_etl_dag.py for tasks to queue
[2022-02-05 19:53:52,050] {logging_mixin.py:109} INFO - [2022-02-05 19:53:52,050] {dagbag.py:500} INFO - Filling up the DagBag from /home/airflow/.local/lib/python3.7/site-packages/airflow/example_dags/tutorial_etl_dag.py
[2022-02-05 19:53:52,082] {processor.py:654} INFO - DAG(s) dict_keys(['tutorial_etl_dag']) retrieved from /home/airflow/.local/lib/python3.7/site-packages/airflow/example_dags/tutorial_etl_dag.py
[2022-02-05 19:53:52,094] {logging_mixin.py:109} INFO - [2022-02-05 19:53:52,093] {dag.py:2396} INFO - Sync 1 DAGs
[2022-02-05 19:53:52,115] {logging_mixin.py:109} INFO - [2022-02-05 19:53:52,115] {dag.py:2935} INFO - Setting next_dagrun for tutorial_etl_dag to None
[2022-02-05 19:53:52,131] {processor.py:171} INFO - Processing /home/airflow/.local/lib/python3.7/site-packages/airflow/example_dags/tutorial_etl_dag.py took 0.087 seconds
[2022-02-05 19:54:22,182] {processor.py:163} INFO - Started process (PID=3805) to work on /home/airflow/.local/lib/python3.7/site-packages/airflow/example_dags/tutorial_etl_dag.py
[2022-02-05 19:54:22,183] {processor.py:642} INFO - Processing file /home/airflow/.local/lib/python3.7/site-packages/airflow/example_dags/tutorial_etl_dag.py for tasks to queue
[2022-02-05 19:54:22,184] {logging_mixin.py:109} INFO - [2022-02-05 19:54:22,184] {dagbag.py:500} INFO - Filling up the DagBag from /home/airflow/.local/lib/python3.7/site-packages/airflow/example_dags/tutorial_etl_dag.py
[2022-02-05 19:54:22,207] {processor.py:654} INFO - DAG(s) dict_keys(['tutorial_etl_dag']) retrieved from /home/airflow/.local/lib/python3.7/site-packages/airflow/example_dags/tutorial_etl_dag.py
[2022-02-05 19:54:22,215] {logging_mixin.py:109} INFO - [2022-02-05 19:54:22,215] {dag.py:2396} INFO - Sync 1 DAGs
[2022-02-05 19:54:22,229] {logging_mixin.py:109} INFO - [2022-02-05 19:54:22,229] {dag.py:2935} INFO - Setting next_dagrun for tutorial_etl_dag to None
[2022-02-05 19:54:22,239] {processor.py:171} INFO - Processing /home/airflow/.local/lib/python3.7/site-packages/airflow/example_dags/tutorial_etl_dag.py took 0.059 seconds
[2022-02-05 19:54:52,940] {processor.py:163} INFO - Started process (PID=3867) to work on /home/airflow/.local/lib/python3.7/site-packages/airflow/example_dags/tutorial_etl_dag.py
[2022-02-05 19:54:52,942] {processor.py:642} INFO - Processing file /home/airflow/.local/lib/python3.7/site-packages/airflow/example_dags/tutorial_etl_dag.py for tasks to queue
[2022-02-05 19:54:52,943] {logging_mixin.py:109} INFO - [2022-02-05 19:54:52,943] {dagbag.py:500} INFO - Filling up the DagBag from /home/airflow/.local/lib/python3.7/site-packages/airflow/example_dags/tutorial_etl_dag.py
[2022-02-05 19:54:52,979] {processor.py:654} INFO - DAG(s) dict_keys(['tutorial_etl_dag']) retrieved from /home/airflow/.local/lib/python3.7/site-packages/airflow/example_dags/tutorial_etl_dag.py
[2022-02-05 19:54:52,991] {logging_mixin.py:109} INFO - [2022-02-05 19:54:52,991] {dag.py:2396} INFO - Sync 1 DAGs
[2022-02-05 19:54:53,011] {logging_mixin.py:109} INFO - [2022-02-05 19:54:53,011] {dag.py:2935} INFO - Setting next_dagrun for tutorial_etl_dag to None
[2022-02-05 19:54:53,022] {processor.py:171} INFO - Processing /home/airflow/.local/lib/python3.7/site-packages/airflow/example_dags/tutorial_etl_dag.py took 0.086 seconds
[2022-02-05 19:55:23,057] {processor.py:163} INFO - Started process (PID=3920) to work on /home/airflow/.local/lib/python3.7/site-packages/airflow/example_dags/tutorial_etl_dag.py
[2022-02-05 19:55:23,058] {processor.py:642} INFO - Processing file /home/airflow/.local/lib/python3.7/site-packages/airflow/example_dags/tutorial_etl_dag.py for tasks to queue
[2022-02-05 19:55:23,058] {logging_mixin.py:109} INFO - [2022-02-05 19:55:23,058] {dagbag.py:500} INFO - Filling up the DagBag from /home/airflow/.local/lib/python3.7/site-packages/airflow/example_dags/tutorial_etl_dag.py
[2022-02-05 19:55:23,080] {processor.py:654} INFO - DAG(s) dict_keys(['tutorial_etl_dag']) retrieved from /home/airflow/.local/lib/python3.7/site-packages/airflow/example_dags/tutorial_etl_dag.py
[2022-02-05 19:55:23,089] {logging_mixin.py:109} INFO - [2022-02-05 19:55:23,088] {dag.py:2396} INFO - Sync 1 DAGs
[2022-02-05 19:55:23,100] {logging_mixin.py:109} INFO - [2022-02-05 19:55:23,100] {dag.py:2935} INFO - Setting next_dagrun for tutorial_etl_dag to None
[2022-02-05 19:55:23,109] {processor.py:171} INFO - Processing /home/airflow/.local/lib/python3.7/site-packages/airflow/example_dags/tutorial_etl_dag.py took 0.056 seconds
[2022-02-05 19:55:53,147] {processor.py:163} INFO - Started process (PID=3983) to work on /home/airflow/.local/lib/python3.7/site-packages/airflow/example_dags/tutorial_etl_dag.py
[2022-02-05 19:55:53,148] {processor.py:642} INFO - Processing file /home/airflow/.local/lib/python3.7/site-packages/airflow/example_dags/tutorial_etl_dag.py for tasks to queue
[2022-02-05 19:55:53,149] {logging_mixin.py:109} INFO - [2022-02-05 19:55:53,149] {dagbag.py:500} INFO - Filling up the DagBag from /home/airflow/.local/lib/python3.7/site-packages/airflow/example_dags/tutorial_etl_dag.py
[2022-02-05 19:55:53,173] {processor.py:654} INFO - DAG(s) dict_keys(['tutorial_etl_dag']) retrieved from /home/airflow/.local/lib/python3.7/site-packages/airflow/example_dags/tutorial_etl_dag.py
[2022-02-05 19:55:53,181] {logging_mixin.py:109} INFO - [2022-02-05 19:55:53,181] {dag.py:2396} INFO - Sync 1 DAGs
[2022-02-05 19:55:53,194] {logging_mixin.py:109} INFO - [2022-02-05 19:55:53,194] {dag.py:2935} INFO - Setting next_dagrun for tutorial_etl_dag to None
[2022-02-05 19:55:53,203] {processor.py:171} INFO - Processing /home/airflow/.local/lib/python3.7/site-packages/airflow/example_dags/tutorial_etl_dag.py took 0.059 seconds
[2022-02-05 19:56:23,309] {processor.py:163} INFO - Started process (PID=4035) to work on /home/airflow/.local/lib/python3.7/site-packages/airflow/example_dags/tutorial_etl_dag.py
[2022-02-05 19:56:23,311] {processor.py:642} INFO - Processing file /home/airflow/.local/lib/python3.7/site-packages/airflow/example_dags/tutorial_etl_dag.py for tasks to queue
[2022-02-05 19:56:23,312] {logging_mixin.py:109} INFO - [2022-02-05 19:56:23,312] {dagbag.py:500} INFO - Filling up the DagBag from /home/airflow/.local/lib/python3.7/site-packages/airflow/example_dags/tutorial_etl_dag.py
[2022-02-05 19:56:23,340] {processor.py:654} INFO - DAG(s) dict_keys(['tutorial_etl_dag']) retrieved from /home/airflow/.local/lib/python3.7/site-packages/airflow/example_dags/tutorial_etl_dag.py
[2022-02-05 19:56:23,350] {logging_mixin.py:109} INFO - [2022-02-05 19:56:23,349] {dag.py:2396} INFO - Sync 1 DAGs
[2022-02-05 19:56:23,366] {logging_mixin.py:109} INFO - [2022-02-05 19:56:23,366] {dag.py:2935} INFO - Setting next_dagrun for tutorial_etl_dag to None
[2022-02-05 19:56:23,376] {processor.py:171} INFO - Processing /home/airflow/.local/lib/python3.7/site-packages/airflow/example_dags/tutorial_etl_dag.py took 0.069 seconds
