[2022-02-05 19:21:02,577] {processor.py:163} INFO - Started process (PID=50) to work on /home/airflow/.local/lib/python3.7/site-packages/airflow/example_dags/tutorial_taskflow_api_etl.py
[2022-02-05 19:21:02,579] {processor.py:642} INFO - Processing file /home/airflow/.local/lib/python3.7/site-packages/airflow/example_dags/tutorial_taskflow_api_etl.py for tasks to queue
[2022-02-05 19:21:02,580] {logging_mixin.py:109} INFO - [2022-02-05 19:21:02,580] {dagbag.py:500} INFO - Filling up the DagBag from /home/airflow/.local/lib/python3.7/site-packages/airflow/example_dags/tutorial_taskflow_api_etl.py
[2022-02-05 19:21:02,640] {processor.py:654} INFO - DAG(s) dict_keys(['tutorial_taskflow_api_etl']) retrieved from /home/airflow/.local/lib/python3.7/site-packages/airflow/example_dags/tutorial_taskflow_api_etl.py
[2022-02-05 19:21:03,152] {logging_mixin.py:109} INFO - [2022-02-05 19:21:03,152] {dag.py:2396} INFO - Sync 1 DAGs
[2022-02-05 19:21:03,172] {logging_mixin.py:109} INFO - [2022-02-05 19:21:03,171] {dag.py:2935} INFO - Setting next_dagrun for tutorial_taskflow_api_etl to None
[2022-02-05 19:21:03,189] {processor.py:171} INFO - Processing /home/airflow/.local/lib/python3.7/site-packages/airflow/example_dags/tutorial_taskflow_api_etl.py took 0.617 seconds
[2022-02-05 19:21:33,868] {processor.py:163} INFO - Started process (PID=111) to work on /home/airflow/.local/lib/python3.7/site-packages/airflow/example_dags/tutorial_taskflow_api_etl.py
[2022-02-05 19:21:33,878] {processor.py:642} INFO - Processing file /home/airflow/.local/lib/python3.7/site-packages/airflow/example_dags/tutorial_taskflow_api_etl.py for tasks to queue
[2022-02-05 19:21:33,881] {logging_mixin.py:109} INFO - [2022-02-05 19:21:33,881] {dagbag.py:500} INFO - Filling up the DagBag from /home/airflow/.local/lib/python3.7/site-packages/airflow/example_dags/tutorial_taskflow_api_etl.py
[2022-02-05 19:21:33,947] {processor.py:654} INFO - DAG(s) dict_keys(['tutorial_taskflow_api_etl']) retrieved from /home/airflow/.local/lib/python3.7/site-packages/airflow/example_dags/tutorial_taskflow_api_etl.py
[2022-02-05 19:21:34,491] {logging_mixin.py:109} INFO - [2022-02-05 19:21:34,491] {dag.py:2396} INFO - Sync 1 DAGs
[2022-02-05 19:21:34,526] {logging_mixin.py:109} INFO - [2022-02-05 19:21:34,526] {dag.py:2935} INFO - Setting next_dagrun for tutorial_taskflow_api_etl to None
[2022-02-05 19:21:34,553] {processor.py:171} INFO - Processing /home/airflow/.local/lib/python3.7/site-packages/airflow/example_dags/tutorial_taskflow_api_etl.py took 0.691 seconds
[2022-02-05 19:22:06,169] {processor.py:163} INFO - Started process (PID=163) to work on /home/airflow/.local/lib/python3.7/site-packages/airflow/example_dags/tutorial_taskflow_api_etl.py
[2022-02-05 19:22:06,173] {processor.py:642} INFO - Processing file /home/airflow/.local/lib/python3.7/site-packages/airflow/example_dags/tutorial_taskflow_api_etl.py for tasks to queue
[2022-02-05 19:22:06,175] {logging_mixin.py:109} INFO - [2022-02-05 19:22:06,175] {dagbag.py:500} INFO - Filling up the DagBag from /home/airflow/.local/lib/python3.7/site-packages/airflow/example_dags/tutorial_taskflow_api_etl.py
[2022-02-05 19:22:06,266] {processor.py:654} INFO - DAG(s) dict_keys(['tutorial_taskflow_api_etl']) retrieved from /home/airflow/.local/lib/python3.7/site-packages/airflow/example_dags/tutorial_taskflow_api_etl.py
[2022-02-05 19:22:06,895] {logging_mixin.py:109} INFO - [2022-02-05 19:22:06,894] {dag.py:2396} INFO - Sync 1 DAGs
[2022-02-05 19:22:06,916] {logging_mixin.py:109} INFO - [2022-02-05 19:22:06,916] {dag.py:2935} INFO - Setting next_dagrun for tutorial_taskflow_api_etl to None
[2022-02-05 19:22:06,930] {processor.py:171} INFO - Processing /home/airflow/.local/lib/python3.7/site-packages/airflow/example_dags/tutorial_taskflow_api_etl.py took 0.779 seconds
[2022-02-05 19:22:37,735] {processor.py:163} INFO - Started process (PID=221) to work on /home/airflow/.local/lib/python3.7/site-packages/airflow/example_dags/tutorial_taskflow_api_etl.py
[2022-02-05 19:22:37,737] {processor.py:642} INFO - Processing file /home/airflow/.local/lib/python3.7/site-packages/airflow/example_dags/tutorial_taskflow_api_etl.py for tasks to queue
[2022-02-05 19:22:37,738] {logging_mixin.py:109} INFO - [2022-02-05 19:22:37,737] {dagbag.py:500} INFO - Filling up the DagBag from /home/airflow/.local/lib/python3.7/site-packages/airflow/example_dags/tutorial_taskflow_api_etl.py
[2022-02-05 19:22:37,780] {processor.py:654} INFO - DAG(s) dict_keys(['tutorial_taskflow_api_etl']) retrieved from /home/airflow/.local/lib/python3.7/site-packages/airflow/example_dags/tutorial_taskflow_api_etl.py
[2022-02-05 19:22:38,188] {logging_mixin.py:109} INFO - [2022-02-05 19:22:38,188] {dag.py:2396} INFO - Sync 1 DAGs
[2022-02-05 19:22:38,210] {logging_mixin.py:109} INFO - [2022-02-05 19:22:38,210] {dag.py:2935} INFO - Setting next_dagrun for tutorial_taskflow_api_etl to None
[2022-02-05 19:22:38,247] {processor.py:171} INFO - Processing /home/airflow/.local/lib/python3.7/site-packages/airflow/example_dags/tutorial_taskflow_api_etl.py took 0.517 seconds
[2022-02-05 19:23:08,471] {processor.py:163} INFO - Started process (PID=283) to work on /home/airflow/.local/lib/python3.7/site-packages/airflow/example_dags/tutorial_taskflow_api_etl.py
[2022-02-05 19:23:08,477] {processor.py:642} INFO - Processing file /home/airflow/.local/lib/python3.7/site-packages/airflow/example_dags/tutorial_taskflow_api_etl.py for tasks to queue
[2022-02-05 19:23:08,478] {logging_mixin.py:109} INFO - [2022-02-05 19:23:08,478] {dagbag.py:500} INFO - Filling up the DagBag from /home/airflow/.local/lib/python3.7/site-packages/airflow/example_dags/tutorial_taskflow_api_etl.py
[2022-02-05 19:23:08,506] {processor.py:654} INFO - DAG(s) dict_keys(['tutorial_taskflow_api_etl']) retrieved from /home/airflow/.local/lib/python3.7/site-packages/airflow/example_dags/tutorial_taskflow_api_etl.py
[2022-02-05 19:23:08,787] {logging_mixin.py:109} INFO - [2022-02-05 19:23:08,787] {dag.py:2396} INFO - Sync 1 DAGs
[2022-02-05 19:23:08,805] {logging_mixin.py:109} INFO - [2022-02-05 19:23:08,805] {dag.py:2935} INFO - Setting next_dagrun for tutorial_taskflow_api_etl to None
[2022-02-05 19:23:08,823] {processor.py:171} INFO - Processing /home/airflow/.local/lib/python3.7/site-packages/airflow/example_dags/tutorial_taskflow_api_etl.py took 0.355 seconds
[2022-02-05 19:23:39,228] {processor.py:163} INFO - Started process (PID=336) to work on /home/airflow/.local/lib/python3.7/site-packages/airflow/example_dags/tutorial_taskflow_api_etl.py
[2022-02-05 19:23:39,229] {processor.py:642} INFO - Processing file /home/airflow/.local/lib/python3.7/site-packages/airflow/example_dags/tutorial_taskflow_api_etl.py for tasks to queue
[2022-02-05 19:23:39,230] {logging_mixin.py:109} INFO - [2022-02-05 19:23:39,230] {dagbag.py:500} INFO - Filling up the DagBag from /home/airflow/.local/lib/python3.7/site-packages/airflow/example_dags/tutorial_taskflow_api_etl.py
[2022-02-05 19:23:39,268] {processor.py:654} INFO - DAG(s) dict_keys(['tutorial_taskflow_api_etl']) retrieved from /home/airflow/.local/lib/python3.7/site-packages/airflow/example_dags/tutorial_taskflow_api_etl.py
[2022-02-05 19:23:39,282] {logging_mixin.py:109} INFO - [2022-02-05 19:23:39,282] {dag.py:2396} INFO - Sync 1 DAGs
[2022-02-05 19:23:39,303] {logging_mixin.py:109} INFO - [2022-02-05 19:23:39,303] {dag.py:2935} INFO - Setting next_dagrun for tutorial_taskflow_api_etl to None
[2022-02-05 19:23:39,320] {processor.py:171} INFO - Processing /home/airflow/.local/lib/python3.7/site-packages/airflow/example_dags/tutorial_taskflow_api_etl.py took 0.098 seconds
[2022-02-05 19:24:09,997] {processor.py:163} INFO - Started process (PID=399) to work on /home/airflow/.local/lib/python3.7/site-packages/airflow/example_dags/tutorial_taskflow_api_etl.py
[2022-02-05 19:24:09,998] {processor.py:642} INFO - Processing file /home/airflow/.local/lib/python3.7/site-packages/airflow/example_dags/tutorial_taskflow_api_etl.py for tasks to queue
[2022-02-05 19:24:09,999] {logging_mixin.py:109} INFO - [2022-02-05 19:24:09,999] {dagbag.py:500} INFO - Filling up the DagBag from /home/airflow/.local/lib/python3.7/site-packages/airflow/example_dags/tutorial_taskflow_api_etl.py
[2022-02-05 19:24:10,029] {processor.py:654} INFO - DAG(s) dict_keys(['tutorial_taskflow_api_etl']) retrieved from /home/airflow/.local/lib/python3.7/site-packages/airflow/example_dags/tutorial_taskflow_api_etl.py
[2022-02-05 19:24:10,303] {logging_mixin.py:109} INFO - [2022-02-05 19:24:10,303] {dag.py:2396} INFO - Sync 1 DAGs
[2022-02-05 19:24:10,316] {logging_mixin.py:109} INFO - [2022-02-05 19:24:10,316] {dag.py:2935} INFO - Setting next_dagrun for tutorial_taskflow_api_etl to None
[2022-02-05 19:24:10,327] {processor.py:171} INFO - Processing /home/airflow/.local/lib/python3.7/site-packages/airflow/example_dags/tutorial_taskflow_api_etl.py took 0.332 seconds
[2022-02-05 19:24:40,360] {processor.py:163} INFO - Started process (PID=451) to work on /home/airflow/.local/lib/python3.7/site-packages/airflow/example_dags/tutorial_taskflow_api_etl.py
[2022-02-05 19:24:40,363] {processor.py:642} INFO - Processing file /home/airflow/.local/lib/python3.7/site-packages/airflow/example_dags/tutorial_taskflow_api_etl.py for tasks to queue
[2022-02-05 19:24:40,363] {logging_mixin.py:109} INFO - [2022-02-05 19:24:40,363] {dagbag.py:500} INFO - Filling up the DagBag from /home/airflow/.local/lib/python3.7/site-packages/airflow/example_dags/tutorial_taskflow_api_etl.py
[2022-02-05 19:24:40,388] {processor.py:654} INFO - DAG(s) dict_keys(['tutorial_taskflow_api_etl']) retrieved from /home/airflow/.local/lib/python3.7/site-packages/airflow/example_dags/tutorial_taskflow_api_etl.py
[2022-02-05 19:24:40,629] {logging_mixin.py:109} INFO - [2022-02-05 19:24:40,629] {dag.py:2396} INFO - Sync 1 DAGs
[2022-02-05 19:24:40,641] {logging_mixin.py:109} INFO - [2022-02-05 19:24:40,641] {dag.py:2935} INFO - Setting next_dagrun for tutorial_taskflow_api_etl to None
[2022-02-05 19:24:40,653] {processor.py:171} INFO - Processing /home/airflow/.local/lib/python3.7/site-packages/airflow/example_dags/tutorial_taskflow_api_etl.py took 0.296 seconds
[2022-02-05 19:25:10,732] {processor.py:163} INFO - Started process (PID=516) to work on /home/airflow/.local/lib/python3.7/site-packages/airflow/example_dags/tutorial_taskflow_api_etl.py
[2022-02-05 19:25:10,734] {processor.py:642} INFO - Processing file /home/airflow/.local/lib/python3.7/site-packages/airflow/example_dags/tutorial_taskflow_api_etl.py for tasks to queue
[2022-02-05 19:25:10,736] {logging_mixin.py:109} INFO - [2022-02-05 19:25:10,736] {dagbag.py:500} INFO - Filling up the DagBag from /home/airflow/.local/lib/python3.7/site-packages/airflow/example_dags/tutorial_taskflow_api_etl.py
[2022-02-05 19:25:10,788] {processor.py:654} INFO - DAG(s) dict_keys(['tutorial_taskflow_api_etl']) retrieved from /home/airflow/.local/lib/python3.7/site-packages/airflow/example_dags/tutorial_taskflow_api_etl.py
[2022-02-05 19:25:11,180] {logging_mixin.py:109} INFO - [2022-02-05 19:25:11,180] {dag.py:2396} INFO - Sync 1 DAGs
[2022-02-05 19:25:11,198] {logging_mixin.py:109} INFO - [2022-02-05 19:25:11,198] {dag.py:2935} INFO - Setting next_dagrun for tutorial_taskflow_api_etl to None
[2022-02-05 19:25:11,211] {processor.py:171} INFO - Processing /home/airflow/.local/lib/python3.7/site-packages/airflow/example_dags/tutorial_taskflow_api_etl.py took 0.484 seconds
[2022-02-05 19:25:42,199] {processor.py:163} INFO - Started process (PID=571) to work on /home/airflow/.local/lib/python3.7/site-packages/airflow/example_dags/tutorial_taskflow_api_etl.py
[2022-02-05 19:25:42,201] {processor.py:642} INFO - Processing file /home/airflow/.local/lib/python3.7/site-packages/airflow/example_dags/tutorial_taskflow_api_etl.py for tasks to queue
[2022-02-05 19:25:42,202] {logging_mixin.py:109} INFO - [2022-02-05 19:25:42,202] {dagbag.py:500} INFO - Filling up the DagBag from /home/airflow/.local/lib/python3.7/site-packages/airflow/example_dags/tutorial_taskflow_api_etl.py
[2022-02-05 19:25:42,290] {processor.py:654} INFO - DAG(s) dict_keys(['tutorial_taskflow_api_etl']) retrieved from /home/airflow/.local/lib/python3.7/site-packages/airflow/example_dags/tutorial_taskflow_api_etl.py
[2022-02-05 19:25:42,584] {logging_mixin.py:109} INFO - [2022-02-05 19:25:42,584] {dag.py:2396} INFO - Sync 1 DAGs
[2022-02-05 19:25:42,597] {logging_mixin.py:109} INFO - [2022-02-05 19:25:42,597] {dag.py:2935} INFO - Setting next_dagrun for tutorial_taskflow_api_etl to None
[2022-02-05 19:25:42,612] {processor.py:171} INFO - Processing /home/airflow/.local/lib/python3.7/site-packages/airflow/example_dags/tutorial_taskflow_api_etl.py took 0.417 seconds
[2022-02-05 19:26:13,678] {processor.py:163} INFO - Started process (PID=633) to work on /home/airflow/.local/lib/python3.7/site-packages/airflow/example_dags/tutorial_taskflow_api_etl.py
[2022-02-05 19:26:13,681] {processor.py:642} INFO - Processing file /home/airflow/.local/lib/python3.7/site-packages/airflow/example_dags/tutorial_taskflow_api_etl.py for tasks to queue
[2022-02-05 19:26:13,683] {logging_mixin.py:109} INFO - [2022-02-05 19:26:13,682] {dagbag.py:500} INFO - Filling up the DagBag from /home/airflow/.local/lib/python3.7/site-packages/airflow/example_dags/tutorial_taskflow_api_etl.py
[2022-02-05 19:26:13,738] {processor.py:654} INFO - DAG(s) dict_keys(['tutorial_taskflow_api_etl']) retrieved from /home/airflow/.local/lib/python3.7/site-packages/airflow/example_dags/tutorial_taskflow_api_etl.py
[2022-02-05 19:26:14,260] {logging_mixin.py:109} INFO - [2022-02-05 19:26:14,259] {dag.py:2396} INFO - Sync 1 DAGs
[2022-02-05 19:26:14,297] {logging_mixin.py:109} INFO - [2022-02-05 19:26:14,296] {dag.py:2935} INFO - Setting next_dagrun for tutorial_taskflow_api_etl to None
[2022-02-05 19:26:14,319] {processor.py:171} INFO - Processing /home/airflow/.local/lib/python3.7/site-packages/airflow/example_dags/tutorial_taskflow_api_etl.py took 0.646 seconds
[2022-02-05 19:26:45,114] {processor.py:163} INFO - Started process (PID=688) to work on /home/airflow/.local/lib/python3.7/site-packages/airflow/example_dags/tutorial_taskflow_api_etl.py
[2022-02-05 19:26:45,115] {processor.py:642} INFO - Processing file /home/airflow/.local/lib/python3.7/site-packages/airflow/example_dags/tutorial_taskflow_api_etl.py for tasks to queue
[2022-02-05 19:26:45,115] {logging_mixin.py:109} INFO - [2022-02-05 19:26:45,115] {dagbag.py:500} INFO - Filling up the DagBag from /home/airflow/.local/lib/python3.7/site-packages/airflow/example_dags/tutorial_taskflow_api_etl.py
[2022-02-05 19:26:45,141] {processor.py:654} INFO - DAG(s) dict_keys(['tutorial_taskflow_api_etl']) retrieved from /home/airflow/.local/lib/python3.7/site-packages/airflow/example_dags/tutorial_taskflow_api_etl.py
[2022-02-05 19:26:45,385] {logging_mixin.py:109} INFO - [2022-02-05 19:26:45,385] {dag.py:2396} INFO - Sync 1 DAGs
[2022-02-05 19:26:45,396] {logging_mixin.py:109} INFO - [2022-02-05 19:26:45,396] {dag.py:2935} INFO - Setting next_dagrun for tutorial_taskflow_api_etl to None
[2022-02-05 19:26:45,407] {processor.py:171} INFO - Processing /home/airflow/.local/lib/python3.7/site-packages/airflow/example_dags/tutorial_taskflow_api_etl.py took 0.296 seconds
[2022-02-05 19:27:16,306] {processor.py:163} INFO - Started process (PID=750) to work on /home/airflow/.local/lib/python3.7/site-packages/airflow/example_dags/tutorial_taskflow_api_etl.py
[2022-02-05 19:27:16,313] {processor.py:642} INFO - Processing file /home/airflow/.local/lib/python3.7/site-packages/airflow/example_dags/tutorial_taskflow_api_etl.py for tasks to queue
[2022-02-05 19:27:16,314] {logging_mixin.py:109} INFO - [2022-02-05 19:27:16,314] {dagbag.py:500} INFO - Filling up the DagBag from /home/airflow/.local/lib/python3.7/site-packages/airflow/example_dags/tutorial_taskflow_api_etl.py
[2022-02-05 19:27:16,348] {processor.py:654} INFO - DAG(s) dict_keys(['tutorial_taskflow_api_etl']) retrieved from /home/airflow/.local/lib/python3.7/site-packages/airflow/example_dags/tutorial_taskflow_api_etl.py
[2022-02-05 19:27:16,680] {logging_mixin.py:109} INFO - [2022-02-05 19:27:16,679] {dag.py:2396} INFO - Sync 1 DAGs
[2022-02-05 19:27:16,697] {logging_mixin.py:109} INFO - [2022-02-05 19:27:16,697] {dag.py:2935} INFO - Setting next_dagrun for tutorial_taskflow_api_etl to None
[2022-02-05 19:27:16,708] {processor.py:171} INFO - Processing /home/airflow/.local/lib/python3.7/site-packages/airflow/example_dags/tutorial_taskflow_api_etl.py took 0.405 seconds
[2022-02-05 19:27:47,689] {processor.py:163} INFO - Started process (PID=802) to work on /home/airflow/.local/lib/python3.7/site-packages/airflow/example_dags/tutorial_taskflow_api_etl.py
[2022-02-05 19:27:47,692] {processor.py:642} INFO - Processing file /home/airflow/.local/lib/python3.7/site-packages/airflow/example_dags/tutorial_taskflow_api_etl.py for tasks to queue
[2022-02-05 19:27:47,693] {logging_mixin.py:109} INFO - [2022-02-05 19:27:47,693] {dagbag.py:500} INFO - Filling up the DagBag from /home/airflow/.local/lib/python3.7/site-packages/airflow/example_dags/tutorial_taskflow_api_etl.py
[2022-02-05 19:27:47,719] {processor.py:654} INFO - DAG(s) dict_keys(['tutorial_taskflow_api_etl']) retrieved from /home/airflow/.local/lib/python3.7/site-packages/airflow/example_dags/tutorial_taskflow_api_etl.py
[2022-02-05 19:27:47,962] {logging_mixin.py:109} INFO - [2022-02-05 19:27:47,962] {dag.py:2396} INFO - Sync 1 DAGs
[2022-02-05 19:27:47,975] {logging_mixin.py:109} INFO - [2022-02-05 19:27:47,974] {dag.py:2935} INFO - Setting next_dagrun for tutorial_taskflow_api_etl to None
[2022-02-05 19:27:47,985] {processor.py:171} INFO - Processing /home/airflow/.local/lib/python3.7/site-packages/airflow/example_dags/tutorial_taskflow_api_etl.py took 0.299 seconds
[2022-02-05 19:28:18,443] {processor.py:163} INFO - Started process (PID=866) to work on /home/airflow/.local/lib/python3.7/site-packages/airflow/example_dags/tutorial_taskflow_api_etl.py
[2022-02-05 19:28:18,447] {processor.py:642} INFO - Processing file /home/airflow/.local/lib/python3.7/site-packages/airflow/example_dags/tutorial_taskflow_api_etl.py for tasks to queue
[2022-02-05 19:28:18,447] {logging_mixin.py:109} INFO - [2022-02-05 19:28:18,447] {dagbag.py:500} INFO - Filling up the DagBag from /home/airflow/.local/lib/python3.7/site-packages/airflow/example_dags/tutorial_taskflow_api_etl.py
[2022-02-05 19:28:18,474] {processor.py:654} INFO - DAG(s) dict_keys(['tutorial_taskflow_api_etl']) retrieved from /home/airflow/.local/lib/python3.7/site-packages/airflow/example_dags/tutorial_taskflow_api_etl.py
[2022-02-05 19:28:18,772] {logging_mixin.py:109} INFO - [2022-02-05 19:28:18,772] {dag.py:2396} INFO - Sync 1 DAGs
[2022-02-05 19:28:18,787] {logging_mixin.py:109} INFO - [2022-02-05 19:28:18,787] {dag.py:2935} INFO - Setting next_dagrun for tutorial_taskflow_api_etl to None
[2022-02-05 19:28:18,799] {processor.py:171} INFO - Processing /home/airflow/.local/lib/python3.7/site-packages/airflow/example_dags/tutorial_taskflow_api_etl.py took 0.358 seconds
[2022-02-05 19:28:49,116] {processor.py:163} INFO - Started process (PID=919) to work on /home/airflow/.local/lib/python3.7/site-packages/airflow/example_dags/tutorial_taskflow_api_etl.py
[2022-02-05 19:28:49,117] {processor.py:642} INFO - Processing file /home/airflow/.local/lib/python3.7/site-packages/airflow/example_dags/tutorial_taskflow_api_etl.py for tasks to queue
[2022-02-05 19:28:49,118] {logging_mixin.py:109} INFO - [2022-02-05 19:28:49,118] {dagbag.py:500} INFO - Filling up the DagBag from /home/airflow/.local/lib/python3.7/site-packages/airflow/example_dags/tutorial_taskflow_api_etl.py
[2022-02-05 19:28:49,146] {processor.py:654} INFO - DAG(s) dict_keys(['tutorial_taskflow_api_etl']) retrieved from /home/airflow/.local/lib/python3.7/site-packages/airflow/example_dags/tutorial_taskflow_api_etl.py
[2022-02-05 19:28:49,457] {logging_mixin.py:109} INFO - [2022-02-05 19:28:49,457] {dag.py:2396} INFO - Sync 1 DAGs
[2022-02-05 19:28:49,472] {logging_mixin.py:109} INFO - [2022-02-05 19:28:49,472] {dag.py:2935} INFO - Setting next_dagrun for tutorial_taskflow_api_etl to None
[2022-02-05 19:28:49,484] {processor.py:171} INFO - Processing /home/airflow/.local/lib/python3.7/site-packages/airflow/example_dags/tutorial_taskflow_api_etl.py took 0.371 seconds
[2022-02-05 19:29:19,811] {processor.py:163} INFO - Started process (PID=982) to work on /home/airflow/.local/lib/python3.7/site-packages/airflow/example_dags/tutorial_taskflow_api_etl.py
[2022-02-05 19:29:19,813] {processor.py:642} INFO - Processing file /home/airflow/.local/lib/python3.7/site-packages/airflow/example_dags/tutorial_taskflow_api_etl.py for tasks to queue
[2022-02-05 19:29:19,814] {logging_mixin.py:109} INFO - [2022-02-05 19:29:19,814] {dagbag.py:500} INFO - Filling up the DagBag from /home/airflow/.local/lib/python3.7/site-packages/airflow/example_dags/tutorial_taskflow_api_etl.py
[2022-02-05 19:29:19,841] {processor.py:654} INFO - DAG(s) dict_keys(['tutorial_taskflow_api_etl']) retrieved from /home/airflow/.local/lib/python3.7/site-packages/airflow/example_dags/tutorial_taskflow_api_etl.py
[2022-02-05 19:29:20,092] {logging_mixin.py:109} INFO - [2022-02-05 19:29:20,092] {dag.py:2396} INFO - Sync 1 DAGs
[2022-02-05 19:29:20,105] {logging_mixin.py:109} INFO - [2022-02-05 19:29:20,105] {dag.py:2935} INFO - Setting next_dagrun for tutorial_taskflow_api_etl to None
[2022-02-05 19:29:20,118] {processor.py:171} INFO - Processing /home/airflow/.local/lib/python3.7/site-packages/airflow/example_dags/tutorial_taskflow_api_etl.py took 0.310 seconds
[2022-02-05 19:29:51,008] {processor.py:163} INFO - Started process (PID=1035) to work on /home/airflow/.local/lib/python3.7/site-packages/airflow/example_dags/tutorial_taskflow_api_etl.py
[2022-02-05 19:29:51,011] {processor.py:642} INFO - Processing file /home/airflow/.local/lib/python3.7/site-packages/airflow/example_dags/tutorial_taskflow_api_etl.py for tasks to queue
[2022-02-05 19:29:51,012] {logging_mixin.py:109} INFO - [2022-02-05 19:29:51,011] {dagbag.py:500} INFO - Filling up the DagBag from /home/airflow/.local/lib/python3.7/site-packages/airflow/example_dags/tutorial_taskflow_api_etl.py
[2022-02-05 19:29:51,047] {processor.py:654} INFO - DAG(s) dict_keys(['tutorial_taskflow_api_etl']) retrieved from /home/airflow/.local/lib/python3.7/site-packages/airflow/example_dags/tutorial_taskflow_api_etl.py
[2022-02-05 19:29:51,357] {logging_mixin.py:109} INFO - [2022-02-05 19:29:51,356] {dag.py:2396} INFO - Sync 1 DAGs
[2022-02-05 19:29:51,372] {logging_mixin.py:109} INFO - [2022-02-05 19:29:51,372] {dag.py:2935} INFO - Setting next_dagrun for tutorial_taskflow_api_etl to None
[2022-02-05 19:29:51,384] {processor.py:171} INFO - Processing /home/airflow/.local/lib/python3.7/site-packages/airflow/example_dags/tutorial_taskflow_api_etl.py took 0.379 seconds
[2022-02-05 19:30:21,713] {processor.py:163} INFO - Started process (PID=1097) to work on /home/airflow/.local/lib/python3.7/site-packages/airflow/example_dags/tutorial_taskflow_api_etl.py
[2022-02-05 19:30:21,714] {processor.py:642} INFO - Processing file /home/airflow/.local/lib/python3.7/site-packages/airflow/example_dags/tutorial_taskflow_api_etl.py for tasks to queue
[2022-02-05 19:30:21,715] {logging_mixin.py:109} INFO - [2022-02-05 19:30:21,715] {dagbag.py:500} INFO - Filling up the DagBag from /home/airflow/.local/lib/python3.7/site-packages/airflow/example_dags/tutorial_taskflow_api_etl.py
[2022-02-05 19:30:21,743] {processor.py:654} INFO - DAG(s) dict_keys(['tutorial_taskflow_api_etl']) retrieved from /home/airflow/.local/lib/python3.7/site-packages/airflow/example_dags/tutorial_taskflow_api_etl.py
[2022-02-05 19:30:22,002] {logging_mixin.py:109} INFO - [2022-02-05 19:30:22,002] {dag.py:2396} INFO - Sync 1 DAGs
[2022-02-05 19:30:22,015] {logging_mixin.py:109} INFO - [2022-02-05 19:30:22,015] {dag.py:2935} INFO - Setting next_dagrun for tutorial_taskflow_api_etl to None
[2022-02-05 19:30:22,027] {processor.py:171} INFO - Processing /home/airflow/.local/lib/python3.7/site-packages/airflow/example_dags/tutorial_taskflow_api_etl.py took 0.317 seconds
[2022-02-05 19:30:52,661] {processor.py:163} INFO - Started process (PID=1150) to work on /home/airflow/.local/lib/python3.7/site-packages/airflow/example_dags/tutorial_taskflow_api_etl.py
[2022-02-05 19:30:52,664] {processor.py:642} INFO - Processing file /home/airflow/.local/lib/python3.7/site-packages/airflow/example_dags/tutorial_taskflow_api_etl.py for tasks to queue
[2022-02-05 19:30:52,665] {logging_mixin.py:109} INFO - [2022-02-05 19:30:52,665] {dagbag.py:500} INFO - Filling up the DagBag from /home/airflow/.local/lib/python3.7/site-packages/airflow/example_dags/tutorial_taskflow_api_etl.py
[2022-02-05 19:30:52,708] {processor.py:654} INFO - DAG(s) dict_keys(['tutorial_taskflow_api_etl']) retrieved from /home/airflow/.local/lib/python3.7/site-packages/airflow/example_dags/tutorial_taskflow_api_etl.py
[2022-02-05 19:30:53,166] {logging_mixin.py:109} INFO - [2022-02-05 19:30:53,166] {dag.py:2396} INFO - Sync 1 DAGs
[2022-02-05 19:30:53,242] {logging_mixin.py:109} INFO - [2022-02-05 19:30:53,239] {dag.py:2935} INFO - Setting next_dagrun for tutorial_taskflow_api_etl to None
[2022-02-05 19:30:53,324] {processor.py:171} INFO - Processing /home/airflow/.local/lib/python3.7/site-packages/airflow/example_dags/tutorial_taskflow_api_etl.py took 0.666 seconds
[2022-02-05 19:31:24,063] {processor.py:163} INFO - Started process (PID=1213) to work on /home/airflow/.local/lib/python3.7/site-packages/airflow/example_dags/tutorial_taskflow_api_etl.py
[2022-02-05 19:31:24,064] {processor.py:642} INFO - Processing file /home/airflow/.local/lib/python3.7/site-packages/airflow/example_dags/tutorial_taskflow_api_etl.py for tasks to queue
[2022-02-05 19:31:24,065] {logging_mixin.py:109} INFO - [2022-02-05 19:31:24,065] {dagbag.py:500} INFO - Filling up the DagBag from /home/airflow/.local/lib/python3.7/site-packages/airflow/example_dags/tutorial_taskflow_api_etl.py
[2022-02-05 19:31:24,098] {processor.py:654} INFO - DAG(s) dict_keys(['tutorial_taskflow_api_etl']) retrieved from /home/airflow/.local/lib/python3.7/site-packages/airflow/example_dags/tutorial_taskflow_api_etl.py
[2022-02-05 19:31:24,473] {logging_mixin.py:109} INFO - [2022-02-05 19:31:24,473] {dag.py:2396} INFO - Sync 1 DAGs
[2022-02-05 19:31:24,491] {logging_mixin.py:109} INFO - [2022-02-05 19:31:24,491] {dag.py:2935} INFO - Setting next_dagrun for tutorial_taskflow_api_etl to None
[2022-02-05 19:31:24,511] {processor.py:171} INFO - Processing /home/airflow/.local/lib/python3.7/site-packages/airflow/example_dags/tutorial_taskflow_api_etl.py took 0.451 seconds
[2022-02-05 19:31:55,540] {processor.py:163} INFO - Started process (PID=1266) to work on /home/airflow/.local/lib/python3.7/site-packages/airflow/example_dags/tutorial_taskflow_api_etl.py
[2022-02-05 19:31:55,542] {processor.py:642} INFO - Processing file /home/airflow/.local/lib/python3.7/site-packages/airflow/example_dags/tutorial_taskflow_api_etl.py for tasks to queue
[2022-02-05 19:31:55,543] {logging_mixin.py:109} INFO - [2022-02-05 19:31:55,542] {dagbag.py:500} INFO - Filling up the DagBag from /home/airflow/.local/lib/python3.7/site-packages/airflow/example_dags/tutorial_taskflow_api_etl.py
[2022-02-05 19:31:55,568] {processor.py:654} INFO - DAG(s) dict_keys(['tutorial_taskflow_api_etl']) retrieved from /home/airflow/.local/lib/python3.7/site-packages/airflow/example_dags/tutorial_taskflow_api_etl.py
[2022-02-05 19:31:55,793] {logging_mixin.py:109} INFO - [2022-02-05 19:31:55,792] {dag.py:2396} INFO - Sync 1 DAGs
[2022-02-05 19:31:55,804] {logging_mixin.py:109} INFO - [2022-02-05 19:31:55,804] {dag.py:2935} INFO - Setting next_dagrun for tutorial_taskflow_api_etl to None
[2022-02-05 19:31:55,827] {processor.py:171} INFO - Processing /home/airflow/.local/lib/python3.7/site-packages/airflow/example_dags/tutorial_taskflow_api_etl.py took 0.291 seconds
[2022-02-05 19:32:25,968] {processor.py:163} INFO - Started process (PID=1324) to work on /home/airflow/.local/lib/python3.7/site-packages/airflow/example_dags/tutorial_taskflow_api_etl.py
[2022-02-05 19:32:25,981] {processor.py:642} INFO - Processing file /home/airflow/.local/lib/python3.7/site-packages/airflow/example_dags/tutorial_taskflow_api_etl.py for tasks to queue
[2022-02-05 19:32:25,981] {logging_mixin.py:109} INFO - [2022-02-05 19:32:25,981] {dagbag.py:500} INFO - Filling up the DagBag from /home/airflow/.local/lib/python3.7/site-packages/airflow/example_dags/tutorial_taskflow_api_etl.py
[2022-02-05 19:32:26,012] {processor.py:654} INFO - DAG(s) dict_keys(['tutorial_taskflow_api_etl']) retrieved from /home/airflow/.local/lib/python3.7/site-packages/airflow/example_dags/tutorial_taskflow_api_etl.py
[2022-02-05 19:32:26,029] {logging_mixin.py:109} INFO - [2022-02-05 19:32:26,029] {dag.py:2396} INFO - Sync 1 DAGs
[2022-02-05 19:32:26,045] {logging_mixin.py:109} INFO - [2022-02-05 19:32:26,045] {dag.py:2935} INFO - Setting next_dagrun for tutorial_taskflow_api_etl to None
[2022-02-05 19:32:26,055] {processor.py:171} INFO - Processing /home/airflow/.local/lib/python3.7/site-packages/airflow/example_dags/tutorial_taskflow_api_etl.py took 0.090 seconds
[2022-02-05 19:32:56,640] {processor.py:163} INFO - Started process (PID=1385) to work on /home/airflow/.local/lib/python3.7/site-packages/airflow/example_dags/tutorial_taskflow_api_etl.py
[2022-02-05 19:32:56,641] {processor.py:642} INFO - Processing file /home/airflow/.local/lib/python3.7/site-packages/airflow/example_dags/tutorial_taskflow_api_etl.py for tasks to queue
[2022-02-05 19:32:56,642] {logging_mixin.py:109} INFO - [2022-02-05 19:32:56,642] {dagbag.py:500} INFO - Filling up the DagBag from /home/airflow/.local/lib/python3.7/site-packages/airflow/example_dags/tutorial_taskflow_api_etl.py
[2022-02-05 19:32:56,666] {processor.py:654} INFO - DAG(s) dict_keys(['tutorial_taskflow_api_etl']) retrieved from /home/airflow/.local/lib/python3.7/site-packages/airflow/example_dags/tutorial_taskflow_api_etl.py
[2022-02-05 19:32:56,894] {logging_mixin.py:109} INFO - [2022-02-05 19:32:56,894] {dag.py:2396} INFO - Sync 1 DAGs
[2022-02-05 19:32:56,905] {logging_mixin.py:109} INFO - [2022-02-05 19:32:56,905] {dag.py:2935} INFO - Setting next_dagrun for tutorial_taskflow_api_etl to None
[2022-02-05 19:32:56,917] {processor.py:171} INFO - Processing /home/airflow/.local/lib/python3.7/site-packages/airflow/example_dags/tutorial_taskflow_api_etl.py took 0.280 seconds
[2022-02-05 19:33:27,000] {processor.py:163} INFO - Started process (PID=1445) to work on /home/airflow/.local/lib/python3.7/site-packages/airflow/example_dags/tutorial_taskflow_api_etl.py
[2022-02-05 19:33:27,005] {processor.py:642} INFO - Processing file /home/airflow/.local/lib/python3.7/site-packages/airflow/example_dags/tutorial_taskflow_api_etl.py for tasks to queue
[2022-02-05 19:33:27,005] {logging_mixin.py:109} INFO - [2022-02-05 19:33:27,005] {dagbag.py:500} INFO - Filling up the DagBag from /home/airflow/.local/lib/python3.7/site-packages/airflow/example_dags/tutorial_taskflow_api_etl.py
[2022-02-05 19:33:27,035] {processor.py:654} INFO - DAG(s) dict_keys(['tutorial_taskflow_api_etl']) retrieved from /home/airflow/.local/lib/python3.7/site-packages/airflow/example_dags/tutorial_taskflow_api_etl.py
[2022-02-05 19:33:27,286] {logging_mixin.py:109} INFO - [2022-02-05 19:33:27,286] {dag.py:2396} INFO - Sync 1 DAGs
[2022-02-05 19:33:27,301] {logging_mixin.py:109} INFO - [2022-02-05 19:33:27,301] {dag.py:2935} INFO - Setting next_dagrun for tutorial_taskflow_api_etl to None
[2022-02-05 19:33:27,313] {processor.py:171} INFO - Processing /home/airflow/.local/lib/python3.7/site-packages/airflow/example_dags/tutorial_taskflow_api_etl.py took 0.316 seconds
[2022-02-05 19:33:57,412] {processor.py:163} INFO - Started process (PID=1502) to work on /home/airflow/.local/lib/python3.7/site-packages/airflow/example_dags/tutorial_taskflow_api_etl.py
[2022-02-05 19:33:57,413] {processor.py:642} INFO - Processing file /home/airflow/.local/lib/python3.7/site-packages/airflow/example_dags/tutorial_taskflow_api_etl.py for tasks to queue
[2022-02-05 19:33:57,413] {logging_mixin.py:109} INFO - [2022-02-05 19:33:57,413] {dagbag.py:500} INFO - Filling up the DagBag from /home/airflow/.local/lib/python3.7/site-packages/airflow/example_dags/tutorial_taskflow_api_etl.py
[2022-02-05 19:33:57,440] {processor.py:654} INFO - DAG(s) dict_keys(['tutorial_taskflow_api_etl']) retrieved from /home/airflow/.local/lib/python3.7/site-packages/airflow/example_dags/tutorial_taskflow_api_etl.py
[2022-02-05 19:33:57,448] {logging_mixin.py:109} INFO - [2022-02-05 19:33:57,448] {dag.py:2396} INFO - Sync 1 DAGs
[2022-02-05 19:33:57,461] {logging_mixin.py:109} INFO - [2022-02-05 19:33:57,461] {dag.py:2935} INFO - Setting next_dagrun for tutorial_taskflow_api_etl to None
[2022-02-05 19:33:57,470] {processor.py:171} INFO - Processing /home/airflow/.local/lib/python3.7/site-packages/airflow/example_dags/tutorial_taskflow_api_etl.py took 0.061 seconds
[2022-02-05 19:34:28,309] {processor.py:163} INFO - Started process (PID=1563) to work on /home/airflow/.local/lib/python3.7/site-packages/airflow/example_dags/tutorial_taskflow_api_etl.py
[2022-02-05 19:34:28,311] {processor.py:642} INFO - Processing file /home/airflow/.local/lib/python3.7/site-packages/airflow/example_dags/tutorial_taskflow_api_etl.py for tasks to queue
[2022-02-05 19:34:28,311] {logging_mixin.py:109} INFO - [2022-02-05 19:34:28,311] {dagbag.py:500} INFO - Filling up the DagBag from /home/airflow/.local/lib/python3.7/site-packages/airflow/example_dags/tutorial_taskflow_api_etl.py
[2022-02-05 19:34:28,337] {processor.py:654} INFO - DAG(s) dict_keys(['tutorial_taskflow_api_etl']) retrieved from /home/airflow/.local/lib/python3.7/site-packages/airflow/example_dags/tutorial_taskflow_api_etl.py
[2022-02-05 19:34:28,565] {logging_mixin.py:109} INFO - [2022-02-05 19:34:28,565] {dag.py:2396} INFO - Sync 1 DAGs
[2022-02-05 19:34:28,575] {logging_mixin.py:109} INFO - [2022-02-05 19:34:28,575] {dag.py:2935} INFO - Setting next_dagrun for tutorial_taskflow_api_etl to None
[2022-02-05 19:34:28,588] {processor.py:171} INFO - Processing /home/airflow/.local/lib/python3.7/site-packages/airflow/example_dags/tutorial_taskflow_api_etl.py took 0.281 seconds
[2022-02-05 19:34:59,191] {processor.py:163} INFO - Started process (PID=1615) to work on /home/airflow/.local/lib/python3.7/site-packages/airflow/example_dags/tutorial_taskflow_api_etl.py
[2022-02-05 19:34:59,197] {processor.py:642} INFO - Processing file /home/airflow/.local/lib/python3.7/site-packages/airflow/example_dags/tutorial_taskflow_api_etl.py for tasks to queue
[2022-02-05 19:34:59,197] {logging_mixin.py:109} INFO - [2022-02-05 19:34:59,197] {dagbag.py:500} INFO - Filling up the DagBag from /home/airflow/.local/lib/python3.7/site-packages/airflow/example_dags/tutorial_taskflow_api_etl.py
[2022-02-05 19:34:59,223] {processor.py:654} INFO - DAG(s) dict_keys(['tutorial_taskflow_api_etl']) retrieved from /home/airflow/.local/lib/python3.7/site-packages/airflow/example_dags/tutorial_taskflow_api_etl.py
[2022-02-05 19:34:59,462] {logging_mixin.py:109} INFO - [2022-02-05 19:34:59,462] {dag.py:2396} INFO - Sync 1 DAGs
[2022-02-05 19:34:59,478] {logging_mixin.py:109} INFO - [2022-02-05 19:34:59,478] {dag.py:2935} INFO - Setting next_dagrun for tutorial_taskflow_api_etl to None
[2022-02-05 19:34:59,486] {processor.py:171} INFO - Processing /home/airflow/.local/lib/python3.7/site-packages/airflow/example_dags/tutorial_taskflow_api_etl.py took 0.298 seconds
[2022-02-05 19:35:29,562] {processor.py:163} INFO - Started process (PID=1676) to work on /home/airflow/.local/lib/python3.7/site-packages/airflow/example_dags/tutorial_taskflow_api_etl.py
[2022-02-05 19:35:29,563] {processor.py:642} INFO - Processing file /home/airflow/.local/lib/python3.7/site-packages/airflow/example_dags/tutorial_taskflow_api_etl.py for tasks to queue
[2022-02-05 19:35:29,563] {logging_mixin.py:109} INFO - [2022-02-05 19:35:29,563] {dagbag.py:500} INFO - Filling up the DagBag from /home/airflow/.local/lib/python3.7/site-packages/airflow/example_dags/tutorial_taskflow_api_etl.py
[2022-02-05 19:35:29,589] {processor.py:654} INFO - DAG(s) dict_keys(['tutorial_taskflow_api_etl']) retrieved from /home/airflow/.local/lib/python3.7/site-packages/airflow/example_dags/tutorial_taskflow_api_etl.py
[2022-02-05 19:35:29,812] {logging_mixin.py:109} INFO - [2022-02-05 19:35:29,812] {dag.py:2396} INFO - Sync 1 DAGs
[2022-02-05 19:35:29,824] {logging_mixin.py:109} INFO - [2022-02-05 19:35:29,823] {dag.py:2935} INFO - Setting next_dagrun for tutorial_taskflow_api_etl to None
[2022-02-05 19:35:29,833] {processor.py:171} INFO - Processing /home/airflow/.local/lib/python3.7/site-packages/airflow/example_dags/tutorial_taskflow_api_etl.py took 0.273 seconds
[2022-02-05 19:36:00,098] {processor.py:163} INFO - Started process (PID=1729) to work on /home/airflow/.local/lib/python3.7/site-packages/airflow/example_dags/tutorial_taskflow_api_etl.py
[2022-02-05 19:36:00,106] {processor.py:642} INFO - Processing file /home/airflow/.local/lib/python3.7/site-packages/airflow/example_dags/tutorial_taskflow_api_etl.py for tasks to queue
[2022-02-05 19:36:00,107] {logging_mixin.py:109} INFO - [2022-02-05 19:36:00,107] {dagbag.py:500} INFO - Filling up the DagBag from /home/airflow/.local/lib/python3.7/site-packages/airflow/example_dags/tutorial_taskflow_api_etl.py
[2022-02-05 19:36:00,142] {processor.py:654} INFO - DAG(s) dict_keys(['tutorial_taskflow_api_etl']) retrieved from /home/airflow/.local/lib/python3.7/site-packages/airflow/example_dags/tutorial_taskflow_api_etl.py
[2022-02-05 19:36:00,460] {logging_mixin.py:109} INFO - [2022-02-05 19:36:00,460] {dag.py:2396} INFO - Sync 1 DAGs
[2022-02-05 19:36:00,475] {logging_mixin.py:109} INFO - [2022-02-05 19:36:00,475] {dag.py:2935} INFO - Setting next_dagrun for tutorial_taskflow_api_etl to None
[2022-02-05 19:36:00,492] {processor.py:171} INFO - Processing /home/airflow/.local/lib/python3.7/site-packages/airflow/example_dags/tutorial_taskflow_api_etl.py took 0.397 seconds
[2022-02-05 19:36:30,899] {processor.py:163} INFO - Started process (PID=1791) to work on /home/airflow/.local/lib/python3.7/site-packages/airflow/example_dags/tutorial_taskflow_api_etl.py
[2022-02-05 19:36:30,901] {processor.py:642} INFO - Processing file /home/airflow/.local/lib/python3.7/site-packages/airflow/example_dags/tutorial_taskflow_api_etl.py for tasks to queue
[2022-02-05 19:36:30,901] {logging_mixin.py:109} INFO - [2022-02-05 19:36:30,901] {dagbag.py:500} INFO - Filling up the DagBag from /home/airflow/.local/lib/python3.7/site-packages/airflow/example_dags/tutorial_taskflow_api_etl.py
[2022-02-05 19:36:30,928] {processor.py:654} INFO - DAG(s) dict_keys(['tutorial_taskflow_api_etl']) retrieved from /home/airflow/.local/lib/python3.7/site-packages/airflow/example_dags/tutorial_taskflow_api_etl.py
[2022-02-05 19:36:31,156] {logging_mixin.py:109} INFO - [2022-02-05 19:36:31,156] {dag.py:2396} INFO - Sync 1 DAGs
[2022-02-05 19:36:31,166] {logging_mixin.py:109} INFO - [2022-02-05 19:36:31,166] {dag.py:2935} INFO - Setting next_dagrun for tutorial_taskflow_api_etl to None
[2022-02-05 19:36:31,178] {processor.py:171} INFO - Processing /home/airflow/.local/lib/python3.7/site-packages/airflow/example_dags/tutorial_taskflow_api_etl.py took 0.282 seconds
[2022-02-05 19:37:01,907] {processor.py:163} INFO - Started process (PID=1842) to work on /home/airflow/.local/lib/python3.7/site-packages/airflow/example_dags/tutorial_taskflow_api_etl.py
[2022-02-05 19:37:01,910] {processor.py:642} INFO - Processing file /home/airflow/.local/lib/python3.7/site-packages/airflow/example_dags/tutorial_taskflow_api_etl.py for tasks to queue
[2022-02-05 19:37:01,911] {logging_mixin.py:109} INFO - [2022-02-05 19:37:01,911] {dagbag.py:500} INFO - Filling up the DagBag from /home/airflow/.local/lib/python3.7/site-packages/airflow/example_dags/tutorial_taskflow_api_etl.py
[2022-02-05 19:37:02,023] {processor.py:654} INFO - DAG(s) dict_keys(['tutorial_taskflow_api_etl']) retrieved from /home/airflow/.local/lib/python3.7/site-packages/airflow/example_dags/tutorial_taskflow_api_etl.py
[2022-02-05 19:37:02,263] {logging_mixin.py:109} INFO - [2022-02-05 19:37:02,262] {dag.py:2396} INFO - Sync 1 DAGs
[2022-02-05 19:37:02,273] {logging_mixin.py:109} INFO - [2022-02-05 19:37:02,273] {dag.py:2935} INFO - Setting next_dagrun for tutorial_taskflow_api_etl to None
[2022-02-05 19:37:02,285] {processor.py:171} INFO - Processing /home/airflow/.local/lib/python3.7/site-packages/airflow/example_dags/tutorial_taskflow_api_etl.py took 0.381 seconds
[2022-02-05 19:37:32,346] {processor.py:163} INFO - Started process (PID=1905) to work on /home/airflow/.local/lib/python3.7/site-packages/airflow/example_dags/tutorial_taskflow_api_etl.py
[2022-02-05 19:37:32,348] {processor.py:642} INFO - Processing file /home/airflow/.local/lib/python3.7/site-packages/airflow/example_dags/tutorial_taskflow_api_etl.py for tasks to queue
[2022-02-05 19:37:32,349] {logging_mixin.py:109} INFO - [2022-02-05 19:37:32,349] {dagbag.py:500} INFO - Filling up the DagBag from /home/airflow/.local/lib/python3.7/site-packages/airflow/example_dags/tutorial_taskflow_api_etl.py
[2022-02-05 19:37:32,374] {processor.py:654} INFO - DAG(s) dict_keys(['tutorial_taskflow_api_etl']) retrieved from /home/airflow/.local/lib/python3.7/site-packages/airflow/example_dags/tutorial_taskflow_api_etl.py
[2022-02-05 19:37:32,596] {logging_mixin.py:109} INFO - [2022-02-05 19:37:32,596] {dag.py:2396} INFO - Sync 1 DAGs
[2022-02-05 19:37:32,607] {logging_mixin.py:109} INFO - [2022-02-05 19:37:32,607] {dag.py:2935} INFO - Setting next_dagrun for tutorial_taskflow_api_etl to None
[2022-02-05 19:37:32,618] {processor.py:171} INFO - Processing /home/airflow/.local/lib/python3.7/site-packages/airflow/example_dags/tutorial_taskflow_api_etl.py took 0.275 seconds
[2022-02-05 19:38:03,310] {processor.py:163} INFO - Started process (PID=1968) to work on /home/airflow/.local/lib/python3.7/site-packages/airflow/example_dags/tutorial_taskflow_api_etl.py
[2022-02-05 19:38:03,311] {processor.py:642} INFO - Processing file /home/airflow/.local/lib/python3.7/site-packages/airflow/example_dags/tutorial_taskflow_api_etl.py for tasks to queue
[2022-02-05 19:38:03,311] {logging_mixin.py:109} INFO - [2022-02-05 19:38:03,311] {dagbag.py:500} INFO - Filling up the DagBag from /home/airflow/.local/lib/python3.7/site-packages/airflow/example_dags/tutorial_taskflow_api_etl.py
[2022-02-05 19:38:03,342] {processor.py:654} INFO - DAG(s) dict_keys(['tutorial_taskflow_api_etl']) retrieved from /home/airflow/.local/lib/python3.7/site-packages/airflow/example_dags/tutorial_taskflow_api_etl.py
[2022-02-05 19:38:03,353] {logging_mixin.py:109} INFO - [2022-02-05 19:38:03,353] {dag.py:2396} INFO - Sync 1 DAGs
[2022-02-05 19:38:03,371] {logging_mixin.py:109} INFO - [2022-02-05 19:38:03,371] {dag.py:2935} INFO - Setting next_dagrun for tutorial_taskflow_api_etl to None
[2022-02-05 19:38:03,385] {processor.py:171} INFO - Processing /home/airflow/.local/lib/python3.7/site-packages/airflow/example_dags/tutorial_taskflow_api_etl.py took 0.078 seconds
[2022-02-05 19:38:33,752] {processor.py:163} INFO - Started process (PID=2021) to work on /home/airflow/.local/lib/python3.7/site-packages/airflow/example_dags/tutorial_taskflow_api_etl.py
[2022-02-05 19:38:33,754] {processor.py:642} INFO - Processing file /home/airflow/.local/lib/python3.7/site-packages/airflow/example_dags/tutorial_taskflow_api_etl.py for tasks to queue
[2022-02-05 19:38:33,755] {logging_mixin.py:109} INFO - [2022-02-05 19:38:33,755] {dagbag.py:500} INFO - Filling up the DagBag from /home/airflow/.local/lib/python3.7/site-packages/airflow/example_dags/tutorial_taskflow_api_etl.py
[2022-02-05 19:38:33,782] {processor.py:654} INFO - DAG(s) dict_keys(['tutorial_taskflow_api_etl']) retrieved from /home/airflow/.local/lib/python3.7/site-packages/airflow/example_dags/tutorial_taskflow_api_etl.py
[2022-02-05 19:38:34,007] {logging_mixin.py:109} INFO - [2022-02-05 19:38:34,006] {dag.py:2396} INFO - Sync 1 DAGs
[2022-02-05 19:38:34,017] {logging_mixin.py:109} INFO - [2022-02-05 19:38:34,017] {dag.py:2935} INFO - Setting next_dagrun for tutorial_taskflow_api_etl to None
[2022-02-05 19:38:34,029] {processor.py:171} INFO - Processing /home/airflow/.local/lib/python3.7/site-packages/airflow/example_dags/tutorial_taskflow_api_etl.py took 0.279 seconds
[2022-02-05 19:39:04,214] {processor.py:163} INFO - Started process (PID=2075) to work on /home/airflow/.local/lib/python3.7/site-packages/airflow/example_dags/tutorial_taskflow_api_etl.py
[2022-02-05 19:39:04,215] {processor.py:642} INFO - Processing file /home/airflow/.local/lib/python3.7/site-packages/airflow/example_dags/tutorial_taskflow_api_etl.py for tasks to queue
[2022-02-05 19:39:04,216] {logging_mixin.py:109} INFO - [2022-02-05 19:39:04,215] {dagbag.py:500} INFO - Filling up the DagBag from /home/airflow/.local/lib/python3.7/site-packages/airflow/example_dags/tutorial_taskflow_api_etl.py
[2022-02-05 19:39:04,245] {processor.py:654} INFO - DAG(s) dict_keys(['tutorial_taskflow_api_etl']) retrieved from /home/airflow/.local/lib/python3.7/site-packages/airflow/example_dags/tutorial_taskflow_api_etl.py
[2022-02-05 19:39:04,255] {logging_mixin.py:109} INFO - [2022-02-05 19:39:04,255] {dag.py:2396} INFO - Sync 1 DAGs
[2022-02-05 19:39:04,273] {logging_mixin.py:109} INFO - [2022-02-05 19:39:04,273] {dag.py:2935} INFO - Setting next_dagrun for tutorial_taskflow_api_etl to None
[2022-02-05 19:39:04,284] {processor.py:171} INFO - Processing /home/airflow/.local/lib/python3.7/site-packages/airflow/example_dags/tutorial_taskflow_api_etl.py took 0.073 seconds
[2022-02-05 19:39:34,321] {processor.py:163} INFO - Started process (PID=2141) to work on /home/airflow/.local/lib/python3.7/site-packages/airflow/example_dags/tutorial_taskflow_api_etl.py
[2022-02-05 19:39:34,323] {processor.py:642} INFO - Processing file /home/airflow/.local/lib/python3.7/site-packages/airflow/example_dags/tutorial_taskflow_api_etl.py for tasks to queue
[2022-02-05 19:39:34,324] {logging_mixin.py:109} INFO - [2022-02-05 19:39:34,323] {dagbag.py:500} INFO - Filling up the DagBag from /home/airflow/.local/lib/python3.7/site-packages/airflow/example_dags/tutorial_taskflow_api_etl.py
[2022-02-05 19:39:34,364] {processor.py:654} INFO - DAG(s) dict_keys(['tutorial_taskflow_api_etl']) retrieved from /home/airflow/.local/lib/python3.7/site-packages/airflow/example_dags/tutorial_taskflow_api_etl.py
[2022-02-05 19:39:34,767] {logging_mixin.py:109} INFO - [2022-02-05 19:39:34,767] {dag.py:2396} INFO - Sync 1 DAGs
[2022-02-05 19:39:34,787] {logging_mixin.py:109} INFO - [2022-02-05 19:39:34,787] {dag.py:2935} INFO - Setting next_dagrun for tutorial_taskflow_api_etl to None
[2022-02-05 19:39:34,803] {processor.py:171} INFO - Processing /home/airflow/.local/lib/python3.7/site-packages/airflow/example_dags/tutorial_taskflow_api_etl.py took 0.487 seconds
[2022-02-05 19:40:05,192] {processor.py:163} INFO - Started process (PID=2195) to work on /home/airflow/.local/lib/python3.7/site-packages/airflow/example_dags/tutorial_taskflow_api_etl.py
[2022-02-05 19:40:05,206] {processor.py:642} INFO - Processing file /home/airflow/.local/lib/python3.7/site-packages/airflow/example_dags/tutorial_taskflow_api_etl.py for tasks to queue
[2022-02-05 19:40:05,217] {logging_mixin.py:109} INFO - [2022-02-05 19:40:05,216] {dagbag.py:500} INFO - Filling up the DagBag from /home/airflow/.local/lib/python3.7/site-packages/airflow/example_dags/tutorial_taskflow_api_etl.py
[2022-02-05 19:40:05,654] {processor.py:654} INFO - DAG(s) dict_keys(['tutorial_taskflow_api_etl']) retrieved from /home/airflow/.local/lib/python3.7/site-packages/airflow/example_dags/tutorial_taskflow_api_etl.py
[2022-02-05 19:40:07,348] {logging_mixin.py:109} INFO - [2022-02-05 19:40:07,348] {dag.py:2396} INFO - Sync 1 DAGs
[2022-02-05 19:40:07,382] {logging_mixin.py:109} INFO - [2022-02-05 19:40:07,382] {dag.py:2935} INFO - Setting next_dagrun for tutorial_taskflow_api_etl to None
[2022-02-05 19:40:07,406] {processor.py:171} INFO - Processing /home/airflow/.local/lib/python3.7/site-packages/airflow/example_dags/tutorial_taskflow_api_etl.py took 2.256 seconds
[2022-02-05 19:40:37,920] {processor.py:163} INFO - Started process (PID=2263) to work on /home/airflow/.local/lib/python3.7/site-packages/airflow/example_dags/tutorial_taskflow_api_etl.py
[2022-02-05 19:40:37,939] {processor.py:642} INFO - Processing file /home/airflow/.local/lib/python3.7/site-packages/airflow/example_dags/tutorial_taskflow_api_etl.py for tasks to queue
[2022-02-05 19:40:37,940] {logging_mixin.py:109} INFO - [2022-02-05 19:40:37,940] {dagbag.py:500} INFO - Filling up the DagBag from /home/airflow/.local/lib/python3.7/site-packages/airflow/example_dags/tutorial_taskflow_api_etl.py
[2022-02-05 19:40:37,974] {processor.py:654} INFO - DAG(s) dict_keys(['tutorial_taskflow_api_etl']) retrieved from /home/airflow/.local/lib/python3.7/site-packages/airflow/example_dags/tutorial_taskflow_api_etl.py
[2022-02-05 19:40:38,346] {logging_mixin.py:109} INFO - [2022-02-05 19:40:38,346] {dag.py:2396} INFO - Sync 1 DAGs
[2022-02-05 19:40:38,389] {logging_mixin.py:109} INFO - [2022-02-05 19:40:38,389] {dag.py:2935} INFO - Setting next_dagrun for tutorial_taskflow_api_etl to None
[2022-02-05 19:40:38,421] {processor.py:171} INFO - Processing /home/airflow/.local/lib/python3.7/site-packages/airflow/example_dags/tutorial_taskflow_api_etl.py took 0.504 seconds
[2022-02-05 19:41:08,474] {processor.py:163} INFO - Started process (PID=2316) to work on /home/airflow/.local/lib/python3.7/site-packages/airflow/example_dags/tutorial_taskflow_api_etl.py
[2022-02-05 19:41:08,479] {processor.py:642} INFO - Processing file /home/airflow/.local/lib/python3.7/site-packages/airflow/example_dags/tutorial_taskflow_api_etl.py for tasks to queue
[2022-02-05 19:41:08,479] {logging_mixin.py:109} INFO - [2022-02-05 19:41:08,479] {dagbag.py:500} INFO - Filling up the DagBag from /home/airflow/.local/lib/python3.7/site-packages/airflow/example_dags/tutorial_taskflow_api_etl.py
[2022-02-05 19:41:08,504] {processor.py:654} INFO - DAG(s) dict_keys(['tutorial_taskflow_api_etl']) retrieved from /home/airflow/.local/lib/python3.7/site-packages/airflow/example_dags/tutorial_taskflow_api_etl.py
[2022-02-05 19:41:08,739] {logging_mixin.py:109} INFO - [2022-02-05 19:41:08,739] {dag.py:2396} INFO - Sync 1 DAGs
[2022-02-05 19:41:08,751] {logging_mixin.py:109} INFO - [2022-02-05 19:41:08,750] {dag.py:2935} INFO - Setting next_dagrun for tutorial_taskflow_api_etl to None
[2022-02-05 19:41:08,760] {processor.py:171} INFO - Processing /home/airflow/.local/lib/python3.7/site-packages/airflow/example_dags/tutorial_taskflow_api_etl.py took 0.290 seconds
[2022-02-05 19:41:38,873] {processor.py:163} INFO - Started process (PID=2379) to work on /home/airflow/.local/lib/python3.7/site-packages/airflow/example_dags/tutorial_taskflow_api_etl.py
[2022-02-05 19:41:38,877] {processor.py:642} INFO - Processing file /home/airflow/.local/lib/python3.7/site-packages/airflow/example_dags/tutorial_taskflow_api_etl.py for tasks to queue
[2022-02-05 19:41:38,878] {logging_mixin.py:109} INFO - [2022-02-05 19:41:38,878] {dagbag.py:500} INFO - Filling up the DagBag from /home/airflow/.local/lib/python3.7/site-packages/airflow/example_dags/tutorial_taskflow_api_etl.py
[2022-02-05 19:41:38,932] {processor.py:654} INFO - DAG(s) dict_keys(['tutorial_taskflow_api_etl']) retrieved from /home/airflow/.local/lib/python3.7/site-packages/airflow/example_dags/tutorial_taskflow_api_etl.py
[2022-02-05 19:41:39,294] {logging_mixin.py:109} INFO - [2022-02-05 19:41:39,294] {dag.py:2396} INFO - Sync 1 DAGs
[2022-02-05 19:41:39,314] {logging_mixin.py:109} INFO - [2022-02-05 19:41:39,314] {dag.py:2935} INFO - Setting next_dagrun for tutorial_taskflow_api_etl to None
[2022-02-05 19:41:39,331] {processor.py:171} INFO - Processing /home/airflow/.local/lib/python3.7/site-packages/airflow/example_dags/tutorial_taskflow_api_etl.py took 0.463 seconds
[2022-02-05 19:42:09,367] {processor.py:163} INFO - Started process (PID=2431) to work on /home/airflow/.local/lib/python3.7/site-packages/airflow/example_dags/tutorial_taskflow_api_etl.py
[2022-02-05 19:42:09,369] {processor.py:642} INFO - Processing file /home/airflow/.local/lib/python3.7/site-packages/airflow/example_dags/tutorial_taskflow_api_etl.py for tasks to queue
[2022-02-05 19:42:09,369] {logging_mixin.py:109} INFO - [2022-02-05 19:42:09,369] {dagbag.py:500} INFO - Filling up the DagBag from /home/airflow/.local/lib/python3.7/site-packages/airflow/example_dags/tutorial_taskflow_api_etl.py
[2022-02-05 19:42:09,478] {processor.py:654} INFO - DAG(s) dict_keys(['tutorial_taskflow_api_etl']) retrieved from /home/airflow/.local/lib/python3.7/site-packages/airflow/example_dags/tutorial_taskflow_api_etl.py
[2022-02-05 19:42:09,670] {logging_mixin.py:109} INFO - [2022-02-05 19:42:09,670] {dag.py:2396} INFO - Sync 1 DAGs
[2022-02-05 19:42:09,683] {logging_mixin.py:109} INFO - [2022-02-05 19:42:09,683] {dag.py:2935} INFO - Setting next_dagrun for tutorial_taskflow_api_etl to None
[2022-02-05 19:42:09,695] {processor.py:171} INFO - Processing /home/airflow/.local/lib/python3.7/site-packages/airflow/example_dags/tutorial_taskflow_api_etl.py took 0.331 seconds
[2022-02-05 19:42:40,534] {processor.py:163} INFO - Started process (PID=2494) to work on /home/airflow/.local/lib/python3.7/site-packages/airflow/example_dags/tutorial_taskflow_api_etl.py
[2022-02-05 19:42:40,535] {processor.py:642} INFO - Processing file /home/airflow/.local/lib/python3.7/site-packages/airflow/example_dags/tutorial_taskflow_api_etl.py for tasks to queue
[2022-02-05 19:42:40,536] {logging_mixin.py:109} INFO - [2022-02-05 19:42:40,536] {dagbag.py:500} INFO - Filling up the DagBag from /home/airflow/.local/lib/python3.7/site-packages/airflow/example_dags/tutorial_taskflow_api_etl.py
[2022-02-05 19:42:40,656] {processor.py:654} INFO - DAG(s) dict_keys(['tutorial_taskflow_api_etl']) retrieved from /home/airflow/.local/lib/python3.7/site-packages/airflow/example_dags/tutorial_taskflow_api_etl.py
[2022-02-05 19:42:40,854] {logging_mixin.py:109} INFO - [2022-02-05 19:42:40,854] {dag.py:2396} INFO - Sync 1 DAGs
[2022-02-05 19:42:40,867] {logging_mixin.py:109} INFO - [2022-02-05 19:42:40,867] {dag.py:2935} INFO - Setting next_dagrun for tutorial_taskflow_api_etl to None
[2022-02-05 19:42:40,880] {processor.py:171} INFO - Processing /home/airflow/.local/lib/python3.7/site-packages/airflow/example_dags/tutorial_taskflow_api_etl.py took 0.349 seconds
[2022-02-05 19:43:11,228] {processor.py:163} INFO - Started process (PID=2546) to work on /home/airflow/.local/lib/python3.7/site-packages/airflow/example_dags/tutorial_taskflow_api_etl.py
[2022-02-05 19:43:11,230] {processor.py:642} INFO - Processing file /home/airflow/.local/lib/python3.7/site-packages/airflow/example_dags/tutorial_taskflow_api_etl.py for tasks to queue
[2022-02-05 19:43:11,231] {logging_mixin.py:109} INFO - [2022-02-05 19:43:11,231] {dagbag.py:500} INFO - Filling up the DagBag from /home/airflow/.local/lib/python3.7/site-packages/airflow/example_dags/tutorial_taskflow_api_etl.py
[2022-02-05 19:43:11,331] {processor.py:654} INFO - DAG(s) dict_keys(['tutorial_taskflow_api_etl']) retrieved from /home/airflow/.local/lib/python3.7/site-packages/airflow/example_dags/tutorial_taskflow_api_etl.py
[2022-02-05 19:43:11,482] {logging_mixin.py:109} INFO - [2022-02-05 19:43:11,482] {dag.py:2396} INFO - Sync 1 DAGs
[2022-02-05 19:43:11,494] {logging_mixin.py:109} INFO - [2022-02-05 19:43:11,493] {dag.py:2935} INFO - Setting next_dagrun for tutorial_taskflow_api_etl to None
[2022-02-05 19:43:11,503] {processor.py:171} INFO - Processing /home/airflow/.local/lib/python3.7/site-packages/airflow/example_dags/tutorial_taskflow_api_etl.py took 0.278 seconds
[2022-02-05 19:43:42,063] {processor.py:163} INFO - Started process (PID=2610) to work on /home/airflow/.local/lib/python3.7/site-packages/airflow/example_dags/tutorial_taskflow_api_etl.py
[2022-02-05 19:43:42,068] {processor.py:642} INFO - Processing file /home/airflow/.local/lib/python3.7/site-packages/airflow/example_dags/tutorial_taskflow_api_etl.py for tasks to queue
[2022-02-05 19:43:42,068] {logging_mixin.py:109} INFO - [2022-02-05 19:43:42,068] {dagbag.py:500} INFO - Filling up the DagBag from /home/airflow/.local/lib/python3.7/site-packages/airflow/example_dags/tutorial_taskflow_api_etl.py
[2022-02-05 19:43:42,175] {processor.py:654} INFO - DAG(s) dict_keys(['tutorial_taskflow_api_etl']) retrieved from /home/airflow/.local/lib/python3.7/site-packages/airflow/example_dags/tutorial_taskflow_api_etl.py
[2022-02-05 19:43:42,331] {logging_mixin.py:109} INFO - [2022-02-05 19:43:42,331] {dag.py:2396} INFO - Sync 1 DAGs
[2022-02-05 19:43:42,342] {logging_mixin.py:109} INFO - [2022-02-05 19:43:42,342] {dag.py:2935} INFO - Setting next_dagrun for tutorial_taskflow_api_etl to None
[2022-02-05 19:43:42,351] {processor.py:171} INFO - Processing /home/airflow/.local/lib/python3.7/site-packages/airflow/example_dags/tutorial_taskflow_api_etl.py took 0.290 seconds
[2022-02-05 19:44:12,416] {processor.py:163} INFO - Started process (PID=2667) to work on /home/airflow/.local/lib/python3.7/site-packages/airflow/example_dags/tutorial_taskflow_api_etl.py
[2022-02-05 19:44:12,417] {processor.py:642} INFO - Processing file /home/airflow/.local/lib/python3.7/site-packages/airflow/example_dags/tutorial_taskflow_api_etl.py for tasks to queue
[2022-02-05 19:44:12,418] {logging_mixin.py:109} INFO - [2022-02-05 19:44:12,418] {dagbag.py:500} INFO - Filling up the DagBag from /home/airflow/.local/lib/python3.7/site-packages/airflow/example_dags/tutorial_taskflow_api_etl.py
[2022-02-05 19:44:12,516] {processor.py:654} INFO - DAG(s) dict_keys(['tutorial_taskflow_api_etl']) retrieved from /home/airflow/.local/lib/python3.7/site-packages/airflow/example_dags/tutorial_taskflow_api_etl.py
[2022-02-05 19:44:12,673] {logging_mixin.py:109} INFO - [2022-02-05 19:44:12,673] {dag.py:2396} INFO - Sync 1 DAGs
[2022-02-05 19:44:12,682] {logging_mixin.py:109} INFO - [2022-02-05 19:44:12,682] {dag.py:2935} INFO - Setting next_dagrun for tutorial_taskflow_api_etl to None
[2022-02-05 19:44:12,692] {processor.py:171} INFO - Processing /home/airflow/.local/lib/python3.7/site-packages/airflow/example_dags/tutorial_taskflow_api_etl.py took 0.278 seconds
[2022-02-05 19:44:43,057] {processor.py:163} INFO - Started process (PID=2729) to work on /home/airflow/.local/lib/python3.7/site-packages/airflow/example_dags/tutorial_taskflow_api_etl.py
[2022-02-05 19:44:43,060] {processor.py:642} INFO - Processing file /home/airflow/.local/lib/python3.7/site-packages/airflow/example_dags/tutorial_taskflow_api_etl.py for tasks to queue
[2022-02-05 19:44:43,060] {logging_mixin.py:109} INFO - [2022-02-05 19:44:43,060] {dagbag.py:500} INFO - Filling up the DagBag from /home/airflow/.local/lib/python3.7/site-packages/airflow/example_dags/tutorial_taskflow_api_etl.py
[2022-02-05 19:44:43,085] {processor.py:654} INFO - DAG(s) dict_keys(['tutorial_taskflow_api_etl']) retrieved from /home/airflow/.local/lib/python3.7/site-packages/airflow/example_dags/tutorial_taskflow_api_etl.py
[2022-02-05 19:44:43,241] {logging_mixin.py:109} INFO - [2022-02-05 19:44:43,240] {dag.py:2396} INFO - Sync 1 DAGs
[2022-02-05 19:44:43,252] {logging_mixin.py:109} INFO - [2022-02-05 19:44:43,252] {dag.py:2935} INFO - Setting next_dagrun for tutorial_taskflow_api_etl to None
[2022-02-05 19:44:43,263] {processor.py:171} INFO - Processing /home/airflow/.local/lib/python3.7/site-packages/airflow/example_dags/tutorial_taskflow_api_etl.py took 0.210 seconds
[2022-02-05 19:45:13,958] {processor.py:163} INFO - Started process (PID=2781) to work on /home/airflow/.local/lib/python3.7/site-packages/airflow/example_dags/tutorial_taskflow_api_etl.py
[2022-02-05 19:45:13,964] {processor.py:642} INFO - Processing file /home/airflow/.local/lib/python3.7/site-packages/airflow/example_dags/tutorial_taskflow_api_etl.py for tasks to queue
[2022-02-05 19:45:13,965] {logging_mixin.py:109} INFO - [2022-02-05 19:45:13,965] {dagbag.py:500} INFO - Filling up the DagBag from /home/airflow/.local/lib/python3.7/site-packages/airflow/example_dags/tutorial_taskflow_api_etl.py
[2022-02-05 19:45:13,990] {processor.py:654} INFO - DAG(s) dict_keys(['tutorial_taskflow_api_etl']) retrieved from /home/airflow/.local/lib/python3.7/site-packages/airflow/example_dags/tutorial_taskflow_api_etl.py
[2022-02-05 19:45:14,155] {logging_mixin.py:109} INFO - [2022-02-05 19:45:14,155] {dag.py:2396} INFO - Sync 1 DAGs
[2022-02-05 19:45:14,166] {logging_mixin.py:109} INFO - [2022-02-05 19:45:14,166] {dag.py:2935} INFO - Setting next_dagrun for tutorial_taskflow_api_etl to None
[2022-02-05 19:45:14,176] {processor.py:171} INFO - Processing /home/airflow/.local/lib/python3.7/site-packages/airflow/example_dags/tutorial_taskflow_api_etl.py took 0.221 seconds
[2022-02-05 19:45:44,830] {processor.py:163} INFO - Started process (PID=2844) to work on /home/airflow/.local/lib/python3.7/site-packages/airflow/example_dags/tutorial_taskflow_api_etl.py
[2022-02-05 19:45:44,832] {processor.py:642} INFO - Processing file /home/airflow/.local/lib/python3.7/site-packages/airflow/example_dags/tutorial_taskflow_api_etl.py for tasks to queue
[2022-02-05 19:45:44,833] {logging_mixin.py:109} INFO - [2022-02-05 19:45:44,833] {dagbag.py:500} INFO - Filling up the DagBag from /home/airflow/.local/lib/python3.7/site-packages/airflow/example_dags/tutorial_taskflow_api_etl.py
[2022-02-05 19:45:44,857] {processor.py:654} INFO - DAG(s) dict_keys(['tutorial_taskflow_api_etl']) retrieved from /home/airflow/.local/lib/python3.7/site-packages/airflow/example_dags/tutorial_taskflow_api_etl.py
[2022-02-05 19:45:45,012] {logging_mixin.py:109} INFO - [2022-02-05 19:45:45,012] {dag.py:2396} INFO - Sync 1 DAGs
[2022-02-05 19:45:45,023] {logging_mixin.py:109} INFO - [2022-02-05 19:45:45,023] {dag.py:2935} INFO - Setting next_dagrun for tutorial_taskflow_api_etl to None
[2022-02-05 19:45:45,034] {processor.py:171} INFO - Processing /home/airflow/.local/lib/python3.7/site-packages/airflow/example_dags/tutorial_taskflow_api_etl.py took 0.207 seconds
[2022-02-05 19:46:15,662] {processor.py:163} INFO - Started process (PID=2906) to work on /home/airflow/.local/lib/python3.7/site-packages/airflow/example_dags/tutorial_taskflow_api_etl.py
[2022-02-05 19:46:15,663] {processor.py:642} INFO - Processing file /home/airflow/.local/lib/python3.7/site-packages/airflow/example_dags/tutorial_taskflow_api_etl.py for tasks to queue
[2022-02-05 19:46:15,663] {logging_mixin.py:109} INFO - [2022-02-05 19:46:15,663] {dagbag.py:500} INFO - Filling up the DagBag from /home/airflow/.local/lib/python3.7/site-packages/airflow/example_dags/tutorial_taskflow_api_etl.py
[2022-02-05 19:46:15,689] {processor.py:654} INFO - DAG(s) dict_keys(['tutorial_taskflow_api_etl']) retrieved from /home/airflow/.local/lib/python3.7/site-packages/airflow/example_dags/tutorial_taskflow_api_etl.py
[2022-02-05 19:46:15,853] {logging_mixin.py:109} INFO - [2022-02-05 19:46:15,853] {dag.py:2396} INFO - Sync 1 DAGs
[2022-02-05 19:46:15,865] {logging_mixin.py:109} INFO - [2022-02-05 19:46:15,865] {dag.py:2935} INFO - Setting next_dagrun for tutorial_taskflow_api_etl to None
[2022-02-05 19:46:15,878] {processor.py:171} INFO - Processing /home/airflow/.local/lib/python3.7/site-packages/airflow/example_dags/tutorial_taskflow_api_etl.py took 0.219 seconds
[2022-02-05 19:46:46,454] {processor.py:163} INFO - Started process (PID=2958) to work on /home/airflow/.local/lib/python3.7/site-packages/airflow/example_dags/tutorial_taskflow_api_etl.py
[2022-02-05 19:46:46,457] {processor.py:642} INFO - Processing file /home/airflow/.local/lib/python3.7/site-packages/airflow/example_dags/tutorial_taskflow_api_etl.py for tasks to queue
[2022-02-05 19:46:46,457] {logging_mixin.py:109} INFO - [2022-02-05 19:46:46,457] {dagbag.py:500} INFO - Filling up the DagBag from /home/airflow/.local/lib/python3.7/site-packages/airflow/example_dags/tutorial_taskflow_api_etl.py
[2022-02-05 19:46:46,483] {processor.py:654} INFO - DAG(s) dict_keys(['tutorial_taskflow_api_etl']) retrieved from /home/airflow/.local/lib/python3.7/site-packages/airflow/example_dags/tutorial_taskflow_api_etl.py
[2022-02-05 19:46:46,648] {logging_mixin.py:109} INFO - [2022-02-05 19:46:46,648] {dag.py:2396} INFO - Sync 1 DAGs
[2022-02-05 19:46:46,659] {logging_mixin.py:109} INFO - [2022-02-05 19:46:46,659] {dag.py:2935} INFO - Setting next_dagrun for tutorial_taskflow_api_etl to None
[2022-02-05 19:46:46,672] {processor.py:171} INFO - Processing /home/airflow/.local/lib/python3.7/site-packages/airflow/example_dags/tutorial_taskflow_api_etl.py took 0.220 seconds
[2022-02-05 19:47:17,317] {processor.py:163} INFO - Started process (PID=3019) to work on /home/airflow/.local/lib/python3.7/site-packages/airflow/example_dags/tutorial_taskflow_api_etl.py
[2022-02-05 19:47:17,318] {processor.py:642} INFO - Processing file /home/airflow/.local/lib/python3.7/site-packages/airflow/example_dags/tutorial_taskflow_api_etl.py for tasks to queue
[2022-02-05 19:47:17,319] {logging_mixin.py:109} INFO - [2022-02-05 19:47:17,319] {dagbag.py:500} INFO - Filling up the DagBag from /home/airflow/.local/lib/python3.7/site-packages/airflow/example_dags/tutorial_taskflow_api_etl.py
[2022-02-05 19:47:17,348] {processor.py:654} INFO - DAG(s) dict_keys(['tutorial_taskflow_api_etl']) retrieved from /home/airflow/.local/lib/python3.7/site-packages/airflow/example_dags/tutorial_taskflow_api_etl.py
[2022-02-05 19:47:17,358] {logging_mixin.py:109} INFO - [2022-02-05 19:47:17,358] {dag.py:2396} INFO - Sync 1 DAGs
[2022-02-05 19:47:17,373] {logging_mixin.py:109} INFO - [2022-02-05 19:47:17,373] {dag.py:2935} INFO - Setting next_dagrun for tutorial_taskflow_api_etl to None
[2022-02-05 19:47:17,383] {processor.py:171} INFO - Processing /home/airflow/.local/lib/python3.7/site-packages/airflow/example_dags/tutorial_taskflow_api_etl.py took 0.069 seconds
[2022-02-05 19:47:48,045] {processor.py:163} INFO - Started process (PID=3071) to work on /home/airflow/.local/lib/python3.7/site-packages/airflow/example_dags/tutorial_taskflow_api_etl.py
[2022-02-05 19:47:48,051] {processor.py:642} INFO - Processing file /home/airflow/.local/lib/python3.7/site-packages/airflow/example_dags/tutorial_taskflow_api_etl.py for tasks to queue
[2022-02-05 19:47:48,052] {logging_mixin.py:109} INFO - [2022-02-05 19:47:48,052] {dagbag.py:500} INFO - Filling up the DagBag from /home/airflow/.local/lib/python3.7/site-packages/airflow/example_dags/tutorial_taskflow_api_etl.py
[2022-02-05 19:47:48,077] {processor.py:654} INFO - DAG(s) dict_keys(['tutorial_taskflow_api_etl']) retrieved from /home/airflow/.local/lib/python3.7/site-packages/airflow/example_dags/tutorial_taskflow_api_etl.py
[2022-02-05 19:47:48,244] {logging_mixin.py:109} INFO - [2022-02-05 19:47:48,244] {dag.py:2396} INFO - Sync 1 DAGs
[2022-02-05 19:47:48,256] {logging_mixin.py:109} INFO - [2022-02-05 19:47:48,256] {dag.py:2935} INFO - Setting next_dagrun for tutorial_taskflow_api_etl to None
[2022-02-05 19:47:48,267] {processor.py:171} INFO - Processing /home/airflow/.local/lib/python3.7/site-packages/airflow/example_dags/tutorial_taskflow_api_etl.py took 0.225 seconds
[2022-02-05 19:48:18,425] {processor.py:163} INFO - Started process (PID=3134) to work on /home/airflow/.local/lib/python3.7/site-packages/airflow/example_dags/tutorial_taskflow_api_etl.py
[2022-02-05 19:48:18,426] {processor.py:642} INFO - Processing file /home/airflow/.local/lib/python3.7/site-packages/airflow/example_dags/tutorial_taskflow_api_etl.py for tasks to queue
[2022-02-05 19:48:18,427] {logging_mixin.py:109} INFO - [2022-02-05 19:48:18,427] {dagbag.py:500} INFO - Filling up the DagBag from /home/airflow/.local/lib/python3.7/site-packages/airflow/example_dags/tutorial_taskflow_api_etl.py
[2022-02-05 19:48:18,461] {processor.py:654} INFO - DAG(s) dict_keys(['tutorial_taskflow_api_etl']) retrieved from /home/airflow/.local/lib/python3.7/site-packages/airflow/example_dags/tutorial_taskflow_api_etl.py
[2022-02-05 19:48:18,682] {logging_mixin.py:109} INFO - [2022-02-05 19:48:18,682] {dag.py:2396} INFO - Sync 1 DAGs
[2022-02-05 19:48:18,699] {logging_mixin.py:109} INFO - [2022-02-05 19:48:18,699] {dag.py:2935} INFO - Setting next_dagrun for tutorial_taskflow_api_etl to None
[2022-02-05 19:48:18,719] {processor.py:171} INFO - Processing /home/airflow/.local/lib/python3.7/site-packages/airflow/example_dags/tutorial_taskflow_api_etl.py took 0.297 seconds
[2022-02-05 19:48:48,787] {processor.py:163} INFO - Started process (PID=3187) to work on /home/airflow/.local/lib/python3.7/site-packages/airflow/example_dags/tutorial_taskflow_api_etl.py
[2022-02-05 19:48:48,789] {processor.py:642} INFO - Processing file /home/airflow/.local/lib/python3.7/site-packages/airflow/example_dags/tutorial_taskflow_api_etl.py for tasks to queue
[2022-02-05 19:48:48,790] {logging_mixin.py:109} INFO - [2022-02-05 19:48:48,789] {dagbag.py:500} INFO - Filling up the DagBag from /home/airflow/.local/lib/python3.7/site-packages/airflow/example_dags/tutorial_taskflow_api_etl.py
[2022-02-05 19:48:48,815] {processor.py:654} INFO - DAG(s) dict_keys(['tutorial_taskflow_api_etl']) retrieved from /home/airflow/.local/lib/python3.7/site-packages/airflow/example_dags/tutorial_taskflow_api_etl.py
[2022-02-05 19:48:48,972] {logging_mixin.py:109} INFO - [2022-02-05 19:48:48,972] {dag.py:2396} INFO - Sync 1 DAGs
[2022-02-05 19:48:48,984] {logging_mixin.py:109} INFO - [2022-02-05 19:48:48,984] {dag.py:2935} INFO - Setting next_dagrun for tutorial_taskflow_api_etl to None
[2022-02-05 19:48:48,995] {processor.py:171} INFO - Processing /home/airflow/.local/lib/python3.7/site-packages/airflow/example_dags/tutorial_taskflow_api_etl.py took 0.211 seconds
[2022-02-05 19:49:19,458] {processor.py:163} INFO - Started process (PID=3252) to work on /home/airflow/.local/lib/python3.7/site-packages/airflow/example_dags/tutorial_taskflow_api_etl.py
[2022-02-05 19:49:19,459] {processor.py:642} INFO - Processing file /home/airflow/.local/lib/python3.7/site-packages/airflow/example_dags/tutorial_taskflow_api_etl.py for tasks to queue
[2022-02-05 19:49:19,460] {logging_mixin.py:109} INFO - [2022-02-05 19:49:19,460] {dagbag.py:500} INFO - Filling up the DagBag from /home/airflow/.local/lib/python3.7/site-packages/airflow/example_dags/tutorial_taskflow_api_etl.py
[2022-02-05 19:49:19,509] {processor.py:654} INFO - DAG(s) dict_keys(['tutorial_taskflow_api_etl']) retrieved from /home/airflow/.local/lib/python3.7/site-packages/airflow/example_dags/tutorial_taskflow_api_etl.py
[2022-02-05 19:49:19,807] {logging_mixin.py:109} INFO - [2022-02-05 19:49:19,807] {dag.py:2396} INFO - Sync 1 DAGs
[2022-02-05 19:49:19,835] {logging_mixin.py:109} INFO - [2022-02-05 19:49:19,835] {dag.py:2935} INFO - Setting next_dagrun for tutorial_taskflow_api_etl to None
[2022-02-05 19:49:19,856] {processor.py:171} INFO - Processing /home/airflow/.local/lib/python3.7/site-packages/airflow/example_dags/tutorial_taskflow_api_etl.py took 0.404 seconds
[2022-02-05 19:49:50,221] {processor.py:163} INFO - Started process (PID=3305) to work on /home/airflow/.local/lib/python3.7/site-packages/airflow/example_dags/tutorial_taskflow_api_etl.py
[2022-02-05 19:49:50,222] {processor.py:642} INFO - Processing file /home/airflow/.local/lib/python3.7/site-packages/airflow/example_dags/tutorial_taskflow_api_etl.py for tasks to queue
[2022-02-05 19:49:50,223] {logging_mixin.py:109} INFO - [2022-02-05 19:49:50,222] {dagbag.py:500} INFO - Filling up the DagBag from /home/airflow/.local/lib/python3.7/site-packages/airflow/example_dags/tutorial_taskflow_api_etl.py
[2022-02-05 19:49:50,249] {processor.py:654} INFO - DAG(s) dict_keys(['tutorial_taskflow_api_etl']) retrieved from /home/airflow/.local/lib/python3.7/site-packages/airflow/example_dags/tutorial_taskflow_api_etl.py
[2022-02-05 19:49:50,401] {logging_mixin.py:109} INFO - [2022-02-05 19:49:50,401] {dag.py:2396} INFO - Sync 1 DAGs
[2022-02-05 19:49:50,413] {logging_mixin.py:109} INFO - [2022-02-05 19:49:50,413] {dag.py:2935} INFO - Setting next_dagrun for tutorial_taskflow_api_etl to None
[2022-02-05 19:49:50,424] {processor.py:171} INFO - Processing /home/airflow/.local/lib/python3.7/site-packages/airflow/example_dags/tutorial_taskflow_api_etl.py took 0.206 seconds
[2022-02-05 19:50:21,054] {processor.py:163} INFO - Started process (PID=3358) to work on /home/airflow/.local/lib/python3.7/site-packages/airflow/example_dags/tutorial_taskflow_api_etl.py
[2022-02-05 19:50:21,055] {processor.py:642} INFO - Processing file /home/airflow/.local/lib/python3.7/site-packages/airflow/example_dags/tutorial_taskflow_api_etl.py for tasks to queue
[2022-02-05 19:50:21,055] {logging_mixin.py:109} INFO - [2022-02-05 19:50:21,055] {dagbag.py:500} INFO - Filling up the DagBag from /home/airflow/.local/lib/python3.7/site-packages/airflow/example_dags/tutorial_taskflow_api_etl.py
[2022-02-05 19:50:21,081] {processor.py:654} INFO - DAG(s) dict_keys(['tutorial_taskflow_api_etl']) retrieved from /home/airflow/.local/lib/python3.7/site-packages/airflow/example_dags/tutorial_taskflow_api_etl.py
[2022-02-05 19:50:21,243] {logging_mixin.py:109} INFO - [2022-02-05 19:50:21,242] {dag.py:2396} INFO - Sync 1 DAGs
[2022-02-05 19:50:21,254] {logging_mixin.py:109} INFO - [2022-02-05 19:50:21,254] {dag.py:2935} INFO - Setting next_dagrun for tutorial_taskflow_api_etl to None
[2022-02-05 19:50:21,264] {processor.py:171} INFO - Processing /home/airflow/.local/lib/python3.7/site-packages/airflow/example_dags/tutorial_taskflow_api_etl.py took 0.213 seconds
[2022-02-05 19:50:51,643] {processor.py:163} INFO - Started process (PID=3419) to work on /home/airflow/.local/lib/python3.7/site-packages/airflow/example_dags/tutorial_taskflow_api_etl.py
[2022-02-05 19:50:51,646] {processor.py:642} INFO - Processing file /home/airflow/.local/lib/python3.7/site-packages/airflow/example_dags/tutorial_taskflow_api_etl.py for tasks to queue
[2022-02-05 19:50:51,646] {logging_mixin.py:109} INFO - [2022-02-05 19:50:51,646] {dagbag.py:500} INFO - Filling up the DagBag from /home/airflow/.local/lib/python3.7/site-packages/airflow/example_dags/tutorial_taskflow_api_etl.py
[2022-02-05 19:50:51,680] {processor.py:654} INFO - DAG(s) dict_keys(['tutorial_taskflow_api_etl']) retrieved from /home/airflow/.local/lib/python3.7/site-packages/airflow/example_dags/tutorial_taskflow_api_etl.py
[2022-02-05 19:50:51,932] {logging_mixin.py:109} INFO - [2022-02-05 19:50:51,932] {dag.py:2396} INFO - Sync 1 DAGs
[2022-02-05 19:50:51,948] {logging_mixin.py:109} INFO - [2022-02-05 19:50:51,948] {dag.py:2935} INFO - Setting next_dagrun for tutorial_taskflow_api_etl to None
[2022-02-05 19:50:51,961] {processor.py:171} INFO - Processing /home/airflow/.local/lib/python3.7/site-packages/airflow/example_dags/tutorial_taskflow_api_etl.py took 0.321 seconds
[2022-02-05 19:51:22,045] {processor.py:163} INFO - Started process (PID=3480) to work on /home/airflow/.local/lib/python3.7/site-packages/airflow/example_dags/tutorial_taskflow_api_etl.py
[2022-02-05 19:51:22,046] {processor.py:642} INFO - Processing file /home/airflow/.local/lib/python3.7/site-packages/airflow/example_dags/tutorial_taskflow_api_etl.py for tasks to queue
[2022-02-05 19:51:22,047] {logging_mixin.py:109} INFO - [2022-02-05 19:51:22,047] {dagbag.py:500} INFO - Filling up the DagBag from /home/airflow/.local/lib/python3.7/site-packages/airflow/example_dags/tutorial_taskflow_api_etl.py
[2022-02-05 19:51:22,073] {processor.py:654} INFO - DAG(s) dict_keys(['tutorial_taskflow_api_etl']) retrieved from /home/airflow/.local/lib/python3.7/site-packages/airflow/example_dags/tutorial_taskflow_api_etl.py
[2022-02-05 19:51:22,260] {logging_mixin.py:109} INFO - [2022-02-05 19:51:22,260] {dag.py:2396} INFO - Sync 1 DAGs
[2022-02-05 19:51:22,275] {logging_mixin.py:109} INFO - [2022-02-05 19:51:22,274] {dag.py:2935} INFO - Setting next_dagrun for tutorial_taskflow_api_etl to None
[2022-02-05 19:51:22,286] {processor.py:171} INFO - Processing /home/airflow/.local/lib/python3.7/site-packages/airflow/example_dags/tutorial_taskflow_api_etl.py took 0.243 seconds
[2022-02-05 19:51:52,966] {processor.py:163} INFO - Started process (PID=3532) to work on /home/airflow/.local/lib/python3.7/site-packages/airflow/example_dags/tutorial_taskflow_api_etl.py
[2022-02-05 19:51:52,971] {processor.py:642} INFO - Processing file /home/airflow/.local/lib/python3.7/site-packages/airflow/example_dags/tutorial_taskflow_api_etl.py for tasks to queue
[2022-02-05 19:51:52,971] {logging_mixin.py:109} INFO - [2022-02-05 19:51:52,971] {dagbag.py:500} INFO - Filling up the DagBag from /home/airflow/.local/lib/python3.7/site-packages/airflow/example_dags/tutorial_taskflow_api_etl.py
[2022-02-05 19:51:52,997] {processor.py:654} INFO - DAG(s) dict_keys(['tutorial_taskflow_api_etl']) retrieved from /home/airflow/.local/lib/python3.7/site-packages/airflow/example_dags/tutorial_taskflow_api_etl.py
[2022-02-05 19:51:53,174] {logging_mixin.py:109} INFO - [2022-02-05 19:51:53,174] {dag.py:2396} INFO - Sync 1 DAGs
[2022-02-05 19:51:53,186] {logging_mixin.py:109} INFO - [2022-02-05 19:51:53,186] {dag.py:2935} INFO - Setting next_dagrun for tutorial_taskflow_api_etl to None
[2022-02-05 19:51:53,196] {processor.py:171} INFO - Processing /home/airflow/.local/lib/python3.7/site-packages/airflow/example_dags/tutorial_taskflow_api_etl.py took 0.233 seconds
[2022-02-05 19:52:23,560] {processor.py:163} INFO - Started process (PID=3594) to work on /home/airflow/.local/lib/python3.7/site-packages/airflow/example_dags/tutorial_taskflow_api_etl.py
[2022-02-05 19:52:23,561] {processor.py:642} INFO - Processing file /home/airflow/.local/lib/python3.7/site-packages/airflow/example_dags/tutorial_taskflow_api_etl.py for tasks to queue
[2022-02-05 19:52:23,562] {logging_mixin.py:109} INFO - [2022-02-05 19:52:23,562] {dagbag.py:500} INFO - Filling up the DagBag from /home/airflow/.local/lib/python3.7/site-packages/airflow/example_dags/tutorial_taskflow_api_etl.py
[2022-02-05 19:52:23,591] {processor.py:654} INFO - DAG(s) dict_keys(['tutorial_taskflow_api_etl']) retrieved from /home/airflow/.local/lib/python3.7/site-packages/airflow/example_dags/tutorial_taskflow_api_etl.py
[2022-02-05 19:52:23,820] {logging_mixin.py:109} INFO - [2022-02-05 19:52:23,820] {dag.py:2396} INFO - Sync 1 DAGs
[2022-02-05 19:52:23,838] {logging_mixin.py:109} INFO - [2022-02-05 19:52:23,838] {dag.py:2935} INFO - Setting next_dagrun for tutorial_taskflow_api_etl to None
[2022-02-05 19:52:23,850] {processor.py:171} INFO - Processing /home/airflow/.local/lib/python3.7/site-packages/airflow/example_dags/tutorial_taskflow_api_etl.py took 0.294 seconds
[2022-02-05 19:52:54,125] {processor.py:163} INFO - Started process (PID=3647) to work on /home/airflow/.local/lib/python3.7/site-packages/airflow/example_dags/tutorial_taskflow_api_etl.py
[2022-02-05 19:52:54,127] {processor.py:642} INFO - Processing file /home/airflow/.local/lib/python3.7/site-packages/airflow/example_dags/tutorial_taskflow_api_etl.py for tasks to queue
[2022-02-05 19:52:54,129] {logging_mixin.py:109} INFO - [2022-02-05 19:52:54,129] {dagbag.py:500} INFO - Filling up the DagBag from /home/airflow/.local/lib/python3.7/site-packages/airflow/example_dags/tutorial_taskflow_api_etl.py
[2022-02-05 19:52:54,156] {processor.py:654} INFO - DAG(s) dict_keys(['tutorial_taskflow_api_etl']) retrieved from /home/airflow/.local/lib/python3.7/site-packages/airflow/example_dags/tutorial_taskflow_api_etl.py
[2022-02-05 19:52:54,339] {logging_mixin.py:109} INFO - [2022-02-05 19:52:54,339] {dag.py:2396} INFO - Sync 1 DAGs
[2022-02-05 19:52:54,349] {logging_mixin.py:109} INFO - [2022-02-05 19:52:54,349] {dag.py:2935} INFO - Setting next_dagrun for tutorial_taskflow_api_etl to None
[2022-02-05 19:52:54,361] {processor.py:171} INFO - Processing /home/airflow/.local/lib/python3.7/site-packages/airflow/example_dags/tutorial_taskflow_api_etl.py took 0.240 seconds
[2022-02-05 19:53:25,187] {processor.py:163} INFO - Started process (PID=3709) to work on /home/airflow/.local/lib/python3.7/site-packages/airflow/example_dags/tutorial_taskflow_api_etl.py
[2022-02-05 19:53:25,188] {processor.py:642} INFO - Processing file /home/airflow/.local/lib/python3.7/site-packages/airflow/example_dags/tutorial_taskflow_api_etl.py for tasks to queue
[2022-02-05 19:53:25,189] {logging_mixin.py:109} INFO - [2022-02-05 19:53:25,189] {dagbag.py:500} INFO - Filling up the DagBag from /home/airflow/.local/lib/python3.7/site-packages/airflow/example_dags/tutorial_taskflow_api_etl.py
[2022-02-05 19:53:25,214] {processor.py:654} INFO - DAG(s) dict_keys(['tutorial_taskflow_api_etl']) retrieved from /home/airflow/.local/lib/python3.7/site-packages/airflow/example_dags/tutorial_taskflow_api_etl.py
[2022-02-05 19:53:25,387] {logging_mixin.py:109} INFO - [2022-02-05 19:53:25,387] {dag.py:2396} INFO - Sync 1 DAGs
[2022-02-05 19:53:25,400] {logging_mixin.py:109} INFO - [2022-02-05 19:53:25,400] {dag.py:2935} INFO - Setting next_dagrun for tutorial_taskflow_api_etl to None
[2022-02-05 19:53:25,410] {processor.py:171} INFO - Processing /home/airflow/.local/lib/python3.7/site-packages/airflow/example_dags/tutorial_taskflow_api_etl.py took 0.225 seconds
[2022-02-05 19:53:55,636] {processor.py:163} INFO - Started process (PID=3762) to work on /home/airflow/.local/lib/python3.7/site-packages/airflow/example_dags/tutorial_taskflow_api_etl.py
[2022-02-05 19:53:55,637] {processor.py:642} INFO - Processing file /home/airflow/.local/lib/python3.7/site-packages/airflow/example_dags/tutorial_taskflow_api_etl.py for tasks to queue
[2022-02-05 19:53:55,638] {logging_mixin.py:109} INFO - [2022-02-05 19:53:55,638] {dagbag.py:500} INFO - Filling up the DagBag from /home/airflow/.local/lib/python3.7/site-packages/airflow/example_dags/tutorial_taskflow_api_etl.py
[2022-02-05 19:53:55,664] {processor.py:654} INFO - DAG(s) dict_keys(['tutorial_taskflow_api_etl']) retrieved from /home/airflow/.local/lib/python3.7/site-packages/airflow/example_dags/tutorial_taskflow_api_etl.py
[2022-02-05 19:53:55,821] {logging_mixin.py:109} INFO - [2022-02-05 19:53:55,821] {dag.py:2396} INFO - Sync 1 DAGs
[2022-02-05 19:53:55,832] {logging_mixin.py:109} INFO - [2022-02-05 19:53:55,832] {dag.py:2935} INFO - Setting next_dagrun for tutorial_taskflow_api_etl to None
[2022-02-05 19:53:55,845] {processor.py:171} INFO - Processing /home/airflow/.local/lib/python3.7/site-packages/airflow/example_dags/tutorial_taskflow_api_etl.py took 0.212 seconds
[2022-02-05 19:54:26,627] {processor.py:163} INFO - Started process (PID=3825) to work on /home/airflow/.local/lib/python3.7/site-packages/airflow/example_dags/tutorial_taskflow_api_etl.py
[2022-02-05 19:54:26,628] {processor.py:642} INFO - Processing file /home/airflow/.local/lib/python3.7/site-packages/airflow/example_dags/tutorial_taskflow_api_etl.py for tasks to queue
[2022-02-05 19:54:26,628] {logging_mixin.py:109} INFO - [2022-02-05 19:54:26,628] {dagbag.py:500} INFO - Filling up the DagBag from /home/airflow/.local/lib/python3.7/site-packages/airflow/example_dags/tutorial_taskflow_api_etl.py
[2022-02-05 19:54:26,656] {processor.py:654} INFO - DAG(s) dict_keys(['tutorial_taskflow_api_etl']) retrieved from /home/airflow/.local/lib/python3.7/site-packages/airflow/example_dags/tutorial_taskflow_api_etl.py
[2022-02-05 19:54:26,824] {logging_mixin.py:109} INFO - [2022-02-05 19:54:26,824] {dag.py:2396} INFO - Sync 1 DAGs
[2022-02-05 19:54:26,837] {logging_mixin.py:109} INFO - [2022-02-05 19:54:26,837] {dag.py:2935} INFO - Setting next_dagrun for tutorial_taskflow_api_etl to None
[2022-02-05 19:54:26,846] {processor.py:171} INFO - Processing /home/airflow/.local/lib/python3.7/site-packages/airflow/example_dags/tutorial_taskflow_api_etl.py took 0.222 seconds
[2022-02-05 19:54:56,874] {processor.py:163} INFO - Started process (PID=3877) to work on /home/airflow/.local/lib/python3.7/site-packages/airflow/example_dags/tutorial_taskflow_api_etl.py
[2022-02-05 19:54:56,882] {processor.py:642} INFO - Processing file /home/airflow/.local/lib/python3.7/site-packages/airflow/example_dags/tutorial_taskflow_api_etl.py for tasks to queue
[2022-02-05 19:54:56,882] {logging_mixin.py:109} INFO - [2022-02-05 19:54:56,882] {dagbag.py:500} INFO - Filling up the DagBag from /home/airflow/.local/lib/python3.7/site-packages/airflow/example_dags/tutorial_taskflow_api_etl.py
[2022-02-05 19:54:56,920] {processor.py:654} INFO - DAG(s) dict_keys(['tutorial_taskflow_api_etl']) retrieved from /home/airflow/.local/lib/python3.7/site-packages/airflow/example_dags/tutorial_taskflow_api_etl.py
[2022-02-05 19:54:57,213] {logging_mixin.py:109} INFO - [2022-02-05 19:54:57,213] {dag.py:2396} INFO - Sync 1 DAGs
[2022-02-05 19:54:57,240] {logging_mixin.py:109} INFO - [2022-02-05 19:54:57,240] {dag.py:2935} INFO - Setting next_dagrun for tutorial_taskflow_api_etl to None
[2022-02-05 19:54:57,263] {processor.py:171} INFO - Processing /home/airflow/.local/lib/python3.7/site-packages/airflow/example_dags/tutorial_taskflow_api_etl.py took 0.393 seconds
[2022-02-05 19:55:27,614] {processor.py:163} INFO - Started process (PID=3941) to work on /home/airflow/.local/lib/python3.7/site-packages/airflow/example_dags/tutorial_taskflow_api_etl.py
[2022-02-05 19:55:27,616] {processor.py:642} INFO - Processing file /home/airflow/.local/lib/python3.7/site-packages/airflow/example_dags/tutorial_taskflow_api_etl.py for tasks to queue
[2022-02-05 19:55:27,616] {logging_mixin.py:109} INFO - [2022-02-05 19:55:27,616] {dagbag.py:500} INFO - Filling up the DagBag from /home/airflow/.local/lib/python3.7/site-packages/airflow/example_dags/tutorial_taskflow_api_etl.py
[2022-02-05 19:55:27,652] {processor.py:654} INFO - DAG(s) dict_keys(['tutorial_taskflow_api_etl']) retrieved from /home/airflow/.local/lib/python3.7/site-packages/airflow/example_dags/tutorial_taskflow_api_etl.py
[2022-02-05 19:55:27,901] {logging_mixin.py:109} INFO - [2022-02-05 19:55:27,901] {dag.py:2396} INFO - Sync 1 DAGs
[2022-02-05 19:55:27,919] {logging_mixin.py:109} INFO - [2022-02-05 19:55:27,919] {dag.py:2935} INFO - Setting next_dagrun for tutorial_taskflow_api_etl to None
[2022-02-05 19:55:27,933] {processor.py:171} INFO - Processing /home/airflow/.local/lib/python3.7/site-packages/airflow/example_dags/tutorial_taskflow_api_etl.py took 0.322 seconds
[2022-02-05 19:55:58,800] {processor.py:163} INFO - Started process (PID=3994) to work on /home/airflow/.local/lib/python3.7/site-packages/airflow/example_dags/tutorial_taskflow_api_etl.py
[2022-02-05 19:55:58,801] {processor.py:642} INFO - Processing file /home/airflow/.local/lib/python3.7/site-packages/airflow/example_dags/tutorial_taskflow_api_etl.py for tasks to queue
[2022-02-05 19:55:58,801] {logging_mixin.py:109} INFO - [2022-02-05 19:55:58,801] {dagbag.py:500} INFO - Filling up the DagBag from /home/airflow/.local/lib/python3.7/site-packages/airflow/example_dags/tutorial_taskflow_api_etl.py
[2022-02-05 19:55:58,830] {processor.py:654} INFO - DAG(s) dict_keys(['tutorial_taskflow_api_etl']) retrieved from /home/airflow/.local/lib/python3.7/site-packages/airflow/example_dags/tutorial_taskflow_api_etl.py
[2022-02-05 19:55:59,058] {logging_mixin.py:109} INFO - [2022-02-05 19:55:59,058] {dag.py:2396} INFO - Sync 1 DAGs
[2022-02-05 19:55:59,074] {logging_mixin.py:109} INFO - [2022-02-05 19:55:59,074] {dag.py:2935} INFO - Setting next_dagrun for tutorial_taskflow_api_etl to None
[2022-02-05 19:55:59,084] {processor.py:171} INFO - Processing /home/airflow/.local/lib/python3.7/site-packages/airflow/example_dags/tutorial_taskflow_api_etl.py took 0.287 seconds
