[2022-02-05 19:22:01,533] {taskinstance.py:1032} INFO - Dependencies all met for <TaskInstance: beginner_batch_processing.extract_online_retail_data manual__2022-02-05T19:21:58.633432+00:00 [queued]>
[2022-02-05 19:22:01,543] {taskinstance.py:1032} INFO - Dependencies all met for <TaskInstance: beginner_batch_processing.extract_online_retail_data manual__2022-02-05T19:21:58.633432+00:00 [queued]>
[2022-02-05 19:22:01,543] {taskinstance.py:1238} INFO - 
--------------------------------------------------------------------------------
[2022-02-05 19:22:01,543] {taskinstance.py:1239} INFO - Starting attempt 1 of 3
[2022-02-05 19:22:01,543] {taskinstance.py:1240} INFO - 
--------------------------------------------------------------------------------
[2022-02-05 19:22:01,555] {taskinstance.py:1259} INFO - Executing <Task(PythonOperator): extract_online_retail_data> on 2022-02-05 19:21:58.633432+00:00
[2022-02-05 19:22:01,560] {standard_task_runner.py:52} INFO - Started process 106 to run task
[2022-02-05 19:22:01,564] {standard_task_runner.py:76} INFO - Running: ['***', 'tasks', 'run', 'beginner_batch_processing', 'extract_online_retail_data', 'manual__2022-02-05T19:21:58.633432+00:00', '--job-id', '8', '--raw', '--subdir', 'DAGS_FOLDER/beginner_batch_processing.py', '--cfg-path', '/tmp/tmpbjbxq68o', '--error-file', '/tmp/tmp1joa67nk']
[2022-02-05 19:22:01,564] {standard_task_runner.py:77} INFO - Job 8: Subtask extract_online_retail_data
[2022-02-05 19:22:01,636] {logging_mixin.py:109} INFO - Running <TaskInstance: beginner_batch_processing.extract_online_retail_data manual__2022-02-05T19:21:58.633432+00:00 [running]> on host 3479a57d1d64
[2022-02-05 19:22:01,687] {taskinstance.py:1426} INFO - Exporting the following env vars:
AIRFLOW_CTX_DAG_OWNER=***
AIRFLOW_CTX_DAG_ID=beginner_batch_processing
AIRFLOW_CTX_TASK_ID=extract_online_retail_data
AIRFLOW_CTX_EXECUTION_DATE=2022-02-05T19:21:58.633432+00:00
AIRFLOW_CTX_DAG_RUN_ID=manual__2022-02-05T19:21:58.633432+00:00
[2022-02-05 19:22:03,267] {base.py:79} INFO - Using connection to: id: mysql_default. Host: host.docker.internal, Port: 3306, Schema: project, Login: root, Password: ***, extra: {'local_infile': True}
[2022-02-05 19:22:11,051] {python.py:175} INFO - Done. Returned value was: None
[2022-02-05 19:22:11,063] {taskinstance.py:1277} INFO - Marking task as SUCCESS. dag_id=beginner_batch_processing, task_id=extract_online_retail_data, execution_date=20220205T192158, start_date=20220205T192201, end_date=20220205T192211
[2022-02-05 19:22:11,118] {local_task_job.py:154} INFO - Task exited with return code 0
[2022-02-05 19:22:11,165] {local_task_job.py:264} INFO - 2 downstream tasks scheduled from follow-on schedule check
