[2022-02-05 19:37:49,314] {taskinstance.py:1032} INFO - Dependencies all met for <TaskInstance: beginner_batch_processing.create_emr_cluster manual__2022-02-05T19:31:57.468572+00:00 [failed]>
[2022-02-05 19:37:49,328] {taskinstance.py:1032} INFO - Dependencies all met for <TaskInstance: beginner_batch_processing.create_emr_cluster manual__2022-02-05T19:31:57.468572+00:00 [failed]>
[2022-02-05 19:37:49,329] {taskinstance.py:1238} INFO - 
--------------------------------------------------------------------------------
[2022-02-05 19:37:49,329] {taskinstance.py:1239} INFO - Starting attempt 5 of 3
[2022-02-05 19:37:49,329] {taskinstance.py:1240} INFO - 
--------------------------------------------------------------------------------
[2022-02-05 19:37:49,340] {taskinstance.py:1259} INFO - Executing <Task(EmrCreateJobFlowOperator): create_emr_cluster> on 2022-02-05 19:31:57.468572+00:00
[2022-02-05 19:37:49,346] {standard_task_runner.py:52} INFO - Started process 908 to run task
[2022-02-05 19:37:49,350] {standard_task_runner.py:76} INFO - Running: ['***', 'tasks', 'run', 'beginner_batch_processing', 'create_emr_cluster', 'manual__2022-02-05T19:31:57.468572+00:00', '--job-id', '20', '--pool', 'default_pool', '--raw', '--subdir', 'DAGS_FOLDER/beginner_batch_processing.py', '--cfg-path', '/tmp/tmpw9gxu0vb', '--error-file', '/tmp/tmp__o1dl08']
[2022-02-05 19:37:49,351] {standard_task_runner.py:77} INFO - Job 20: Subtask create_emr_cluster
[2022-02-05 19:37:49,411] {logging_mixin.py:109} INFO - Running <TaskInstance: beginner_batch_processing.create_emr_cluster manual__2022-02-05T19:31:57.468572+00:00 [running]> on host 3479a57d1d64
[2022-02-05 19:37:49,470] {taskinstance.py:1426} INFO - Exporting the following env vars:
AIRFLOW_CTX_DAG_OWNER=***
AIRFLOW_CTX_DAG_ID=beginner_batch_processing
AIRFLOW_CTX_TASK_ID=create_emr_cluster
AIRFLOW_CTX_EXECUTION_DATE=2022-02-05T19:31:57.468572+00:00
AIRFLOW_CTX_DAG_RUN_ID=manual__2022-02-05T19:31:57.468572+00:00
[2022-02-05 19:37:49,470] {emr_create_job_flow.py:95} INFO - Creating JobFlow using aws-conn-id: aws_default, emr-conn-id: emr_default
[2022-02-05 19:37:49,480] {base_aws.py:401} INFO - Airflow Connection: aws_conn_id=aws_default
[2022-02-05 19:37:49,486] {base_aws.py:177} INFO - Credentials retrieved from login
[2022-02-05 19:37:49,486] {base_aws.py:88} INFO - Retrieving region_name from Connection.extra_config['region_name']
[2022-02-05 19:37:49,487] {base_aws.py:93} INFO - Creating session with aws_access_key_id=AKIA53YL7CVELHKGVOP4 region_name=us-east-1
[2022-02-05 19:37:49,499] {base_aws.py:168} INFO - role_arn is None
[2022-02-05 19:37:49,500] {warnings.py:110} WARNING - /home/***/.local/lib/python3.7/site-packages/***/providers/amazon/aws/hooks/base_aws.py:494: DeprecationWarning: client_type is deprecated. Set client_type from class attribute.
  return self.get_client_type(self.client_type, region_name=self.region_name)

[2022-02-05 19:37:50,109] {emr_create_job_flow.py:108} INFO - JobFlow with id j-3497PYWM1UAWF created
[2022-02-05 19:37:50,130] {taskinstance.py:1277} INFO - Marking task as SUCCESS. dag_id=beginner_batch_processing, task_id=create_emr_cluster, execution_date=20220205T193157, start_date=20220205T193749, end_date=20220205T193750
[2022-02-05 19:37:50,164] {local_task_job.py:154} INFO - Task exited with return code 0
[2022-02-05 19:37:50,192] {local_task_job.py:264} INFO - 0 downstream tasks scheduled from follow-on schedule check
