[2022-02-05 19:38:41,830] {taskinstance.py:1032} INFO - Dependencies all met for <TaskInstance: beginner_batch_processing.create_emr_cluster manual__2022-02-05T19:31:57.468572+00:00 [queued]>
[2022-02-05 19:38:41,843] {taskinstance.py:1032} INFO - Dependencies all met for <TaskInstance: beginner_batch_processing.create_emr_cluster manual__2022-02-05T19:31:57.468572+00:00 [queued]>
[2022-02-05 19:38:41,843] {taskinstance.py:1238} INFO - 
--------------------------------------------------------------------------------
[2022-02-05 19:38:41,844] {taskinstance.py:1239} INFO - Starting attempt 6 of 8
[2022-02-05 19:38:41,844] {taskinstance.py:1240} INFO - 
--------------------------------------------------------------------------------
[2022-02-05 19:38:41,859] {taskinstance.py:1259} INFO - Executing <Task(EmrCreateJobFlowOperator): create_emr_cluster> on 2022-02-05 19:31:57.468572+00:00
[2022-02-05 19:38:41,883] {standard_task_runner.py:52} INFO - Started process 952 to run task
[2022-02-05 19:38:41,889] {standard_task_runner.py:76} INFO - Running: ['***', 'tasks', 'run', 'beginner_batch_processing', 'create_emr_cluster', 'manual__2022-02-05T19:31:57.468572+00:00', '--job-id', '21', '--raw', '--subdir', 'DAGS_FOLDER/beginner_batch_processing.py', '--cfg-path', '/tmp/tmp9us6mcf3', '--error-file', '/tmp/tmppy3pa0vf']
[2022-02-05 19:38:41,889] {standard_task_runner.py:77} INFO - Job 21: Subtask create_emr_cluster
[2022-02-05 19:38:41,955] {logging_mixin.py:109} INFO - Running <TaskInstance: beginner_batch_processing.create_emr_cluster manual__2022-02-05T19:31:57.468572+00:00 [running]> on host 3479a57d1d64
[2022-02-05 19:38:42,020] {taskinstance.py:1426} INFO - Exporting the following env vars:
AIRFLOW_CTX_DAG_OWNER=***
AIRFLOW_CTX_DAG_ID=beginner_batch_processing
AIRFLOW_CTX_TASK_ID=create_emr_cluster
AIRFLOW_CTX_EXECUTION_DATE=2022-02-05T19:31:57.468572+00:00
AIRFLOW_CTX_DAG_RUN_ID=manual__2022-02-05T19:31:57.468572+00:00
[2022-02-05 19:38:42,021] {emr_create_job_flow.py:95} INFO - Creating JobFlow using aws-conn-id: aws_default, emr-conn-id: emr_default
[2022-02-05 19:38:42,032] {base_aws.py:401} INFO - Airflow Connection: aws_conn_id=aws_default
[2022-02-05 19:38:42,039] {base_aws.py:177} INFO - Credentials retrieved from login
[2022-02-05 19:38:42,039] {base_aws.py:88} INFO - Retrieving region_name from Connection.extra_config['region_name']
[2022-02-05 19:38:42,039] {base_aws.py:93} INFO - Creating session with aws_access_key_id=AKIA53YL7CVELHKGVOP4 region_name=us-east-1
[2022-02-05 19:38:42,055] {base_aws.py:168} INFO - role_arn is None
[2022-02-05 19:38:42,056] {warnings.py:110} WARNING - /home/***/.local/lib/python3.7/site-packages/***/providers/amazon/aws/hooks/base_aws.py:494: DeprecationWarning: client_type is deprecated. Set client_type from class attribute.
  return self.get_client_type(self.client_type, region_name=self.region_name)

[2022-02-05 19:38:42,706] {emr_create_job_flow.py:108} INFO - JobFlow with id j-2NBHFPWZ1PHQI created
[2022-02-05 19:38:42,726] {taskinstance.py:1277} INFO - Marking task as SUCCESS. dag_id=beginner_batch_processing, task_id=create_emr_cluster, execution_date=20220205T193157, start_date=20220205T193841, end_date=20220205T193842
[2022-02-05 19:38:42,744] {local_task_job.py:154} INFO - Task exited with return code 0
[2022-02-05 19:38:42,778] {local_task_job.py:264} INFO - 1 downstream tasks scheduled from follow-on schedule check
