[2022-02-05 19:40:42,423] {taskinstance.py:1032} INFO - Dependencies all met for <TaskInstance: beginner_batch_processing.create_emr_cluster manual__2022-02-05T19:40:00.731743+00:00 [queued]>
[2022-02-05 19:40:42,434] {taskinstance.py:1032} INFO - Dependencies all met for <TaskInstance: beginner_batch_processing.create_emr_cluster manual__2022-02-05T19:40:00.731743+00:00 [queued]>
[2022-02-05 19:40:42,434] {taskinstance.py:1238} INFO - 
--------------------------------------------------------------------------------
[2022-02-05 19:40:42,434] {taskinstance.py:1239} INFO - Starting attempt 1 of 3
[2022-02-05 19:40:42,434] {taskinstance.py:1240} INFO - 
--------------------------------------------------------------------------------
[2022-02-05 19:40:42,448] {taskinstance.py:1259} INFO - Executing <Task(EmrCreateJobFlowOperator): create_emr_cluster> on 2022-02-05 19:40:00.731743+00:00
[2022-02-05 19:40:42,453] {standard_task_runner.py:52} INFO - Started process 1064 to run task
[2022-02-05 19:40:42,457] {standard_task_runner.py:76} INFO - Running: ['***', 'tasks', 'run', 'beginner_batch_processing', 'create_emr_cluster', 'manual__2022-02-05T19:40:00.731743+00:00', '--job-id', '27', '--raw', '--subdir', 'DAGS_FOLDER/beginner_batch_processing.py', '--cfg-path', '/tmp/tmphulstuw2', '--error-file', '/tmp/tmpu1njjsas']
[2022-02-05 19:40:42,458] {standard_task_runner.py:77} INFO - Job 27: Subtask create_emr_cluster
[2022-02-05 19:40:42,516] {logging_mixin.py:109} INFO - Running <TaskInstance: beginner_batch_processing.create_emr_cluster manual__2022-02-05T19:40:00.731743+00:00 [running]> on host 3479a57d1d64
[2022-02-05 19:40:42,581] {taskinstance.py:1426} INFO - Exporting the following env vars:
AIRFLOW_CTX_DAG_OWNER=***
AIRFLOW_CTX_DAG_ID=beginner_batch_processing
AIRFLOW_CTX_TASK_ID=create_emr_cluster
AIRFLOW_CTX_EXECUTION_DATE=2022-02-05T19:40:00.731743+00:00
AIRFLOW_CTX_DAG_RUN_ID=manual__2022-02-05T19:40:00.731743+00:00
[2022-02-05 19:40:42,582] {emr_create_job_flow.py:95} INFO - Creating JobFlow using aws-conn-id: aws_default, emr-conn-id: emr_default
[2022-02-05 19:40:42,592] {base_aws.py:401} INFO - Airflow Connection: aws_conn_id=aws_default
[2022-02-05 19:40:42,599] {base_aws.py:177} INFO - Credentials retrieved from login
[2022-02-05 19:40:42,599] {base_aws.py:88} INFO - Retrieving region_name from Connection.extra_config['region_name']
[2022-02-05 19:40:42,599] {base_aws.py:93} INFO - Creating session with aws_access_key_id=AKIA53YL7CVELHKGVOP4 region_name=us-east-1
[2022-02-05 19:40:42,614] {base_aws.py:168} INFO - role_arn is None
[2022-02-05 19:40:42,616] {warnings.py:110} WARNING - /home/***/.local/lib/python3.7/site-packages/***/providers/amazon/aws/hooks/base_aws.py:494: DeprecationWarning: client_type is deprecated. Set client_type from class attribute.
  return self.get_client_type(self.client_type, region_name=self.region_name)

[2022-02-05 19:40:43,258] {emr_create_job_flow.py:108} INFO - JobFlow with id j-24BL60JV7BKFD created
[2022-02-05 19:40:43,310] {taskinstance.py:1277} INFO - Marking task as SUCCESS. dag_id=beginner_batch_processing, task_id=create_emr_cluster, execution_date=20220205T194000, start_date=20220205T194042, end_date=20220205T194043
[2022-02-05 19:40:43,365] {local_task_job.py:154} INFO - Task exited with return code 0
[2022-02-05 19:40:43,498] {local_task_job.py:264} INFO - 1 downstream tasks scheduled from follow-on schedule check
